      0: board.processor.cores.core: A0 T0 : 0x10528 @_start    : jal ra, 46                 : IntAlu :  D=0x000000000001052c  flags=(IsInteger|IsControl|IsDirectControl|IsUncondControl|IsCall)
    666: board.processor.cores.core: A0 T0 : 0x10556 @load_gp    : auipc gp, 97               : IntAlu :  D=0x0000000000071556  flags=(IsInteger)
   1332: board.processor.cores.core: A0 T0 : 0x1055a @load_gp+4    : addi gp, gp, -1166         : IntAlu :  D=0x00000000000710c8  flags=(IsInteger)
   1665: board.processor.cores.core: A0 T0 : 0x1055e @load_gp+8    : c_jr ra                    : IntAlu :   flags=(IsInteger|IsControl|IsIndirectControl|IsUncondControl|IsReturn)
   1998: board.processor.cores.core: A0 T0 : 0x1052c @_start+4    : c_mv a5, a0                : IntAlu :  D=0x0000000000000000  flags=(IsInteger)
   2664: board.processor.cores.core: A0 T0 : 0x1052e @_start+6    : auipc a0, 0                : IntAlu :  D=0x000000000001052e  flags=(IsInteger)
   3330: board.processor.cores.core: A0 T0 : 0x10532 @_start+10    : addi a0, a0, 220           : IntAlu :  D=0x000000000001060a  flags=(IsInteger)
   3663: board.processor.cores.core: A0 T0 : 0x10536 @_start+14    : c_ldsp a1, 0(sp)           : MemRead :  D=0x0000000000000001 A=0x7fffffffffffff00  flags=(IsInteger|IsLoad)
   3996: board.processor.cores.core: A0 T0 : 0x10538 @_start+16    : c_addi4spn a2, sp, 8       : IntAlu :  D=0x7fffffffffffff08  flags=(IsInteger)
   4662: board.processor.cores.core: A0 T0 : 0x1053a @_start+18    : andi sp, sp, 18446744073709551600 : IntAlu :  D=0x7fffffffffffff00  flags=(IsInteger)
   5328: board.processor.cores.core: A0 T0 : 0x1053e @_start+22    : auipc a3, 0                : IntAlu :  D=0x000000000001053e  flags=(IsInteger)
   5994: board.processor.cores.core: A0 T0 : 0x10542 @_start+26    : addi a3, a3, 1582          : IntAlu :  D=0x0000000000010b6c  flags=(IsInteger)
   6660: board.processor.cores.core: A0 T0 : 0x10546 @_start+30    : auipc a4, 0                : IntAlu :  D=0x0000000000010546  flags=(IsInteger)
   7326: board.processor.cores.core: A0 T0 : 0x1054a @_start+34    : addi a4, a4, 1718          : IntAlu :  D=0x0000000000010bfc  flags=(IsInteger)
   7659: board.processor.cores.core: A0 T0 : 0x1054e @_start+38    : c_mv a6, sp                : IntAlu :  D=0x7fffffffffffff00  flags=(IsInteger)
   7992: board.processor.cores.core: A0 T0 : 0x10550 @_start+40    : jal ra, 294                : IntAlu :  D=0x0000000000010554  flags=(IsInteger|IsControl|IsDirectControl|IsUncondControl|IsCall)
   8325: board.processor.cores.core: A0 T0 : 0x10676 @__libc_start_main    : c_addi16sp sp, -368        : IntAlu :  D=0x7ffffffffffffd90  flags=(IsInteger)
   8658: board.processor.cores.core: A0 T0 : 0x10678 @__libc_start_main+2    : c_sdsp a1, 8(sp)           : MemWrite :  D=0x0000000000000001 A=0x7ffffffffffffd98  flags=(IsInteger|IsStore)
   8991: board.processor.cores.core: A0 T0 : 0x1067a @__libc_start_main+4    : c_addi a1, 1               : IntAlu :  D=0x0000000000000002  flags=(IsInteger)
   9324: board.processor.cores.core: A0 T0 : 0x1067c @__libc_start_main+6    : c_sdsp s0, 352(sp)         : MemWrite :  D=0x0000000000000000 A=0x7ffffffffffffef0  flags=(IsInteger|IsStore)
   9657: board.processor.cores.core: A0 T0 : 0x1067e @__libc_start_main+8    : c_sdsp a2, 16(sp)          : MemWrite :  D=0x7fffffffffffff08 A=0x7ffffffffffffda0  flags=(IsInteger|IsStore)
   9990: board.processor.cores.core: A0 T0 : 0x10680 @__libc_start_main+10    : c_mv s0, a2                : IntAlu :  D=0x7fffffffffffff08  flags=(IsInteger)
  10656: board.processor.cores.core: A0 T0 : 0x10682 @__libc_start_main+12    : slli a2, a1, 3             : IntAlu :  D=0x0000000000000010  flags=(IsInteger)
  10989: board.processor.cores.core: A0 T0 : 0x10686 @__libc_start_main+16    : c_add a2, s0               : IntAlu :  D=0x7fffffffffffff18  flags=(IsInteger)
  11322: board.processor.cores.core: A0 T0 : 0x10688 @__libc_start_main+18    : c_sdsp s1, 344(sp)         : MemWrite :  D=0x0000000000000000 A=0x7ffffffffffffee8  flags=(IsInteger|IsStore)
  11655: board.processor.cores.core: A0 T0 : 0x1068a @__libc_start_main+20    : c_mv s1, a4                : IntAlu :  D=0x0000000000010bfc  flags=(IsInteger)
  11988: board.processor.cores.core: A0 T0 : 0x1068c @__libc_start_main+22    : sd a2, -1232(gp)           : MemWrite :  D=0x7fffffffffffff18 A=0x70bf8  flags=(IsInteger|IsStore)
  12321: board.processor.cores.core: A0 T0 : 0x10690 @__libc_start_main+26    : lui a4, 111                : IntAlu :  D=0x000000000006f000  flags=(IsInteger)
  12654: board.processor.cores.core: A0 T0 : 0x10694 @__libc_start_main+30    : c_sdsp s3, 328(sp)         : MemWrite :  D=0x0000000000000000 A=0x7ffffffffffffed8  flags=(IsInteger|IsStore)
  12987: board.processor.cores.core: A0 T0 : 0x10696 @__libc_start_main+32    : c_sdsp ra, 360(sp)         : MemWrite :  D=0x0000000000010554 A=0x7ffffffffffffef8  flags=(IsInteger|IsStore)
  13320: board.processor.cores.core: A0 T0 : 0x10698 @__libc_start_main+34    : c_sdsp s2, 336(sp)         : MemWrite :  D=0x0000000000000000 A=0x7ffffffffffffee0  flags=(IsInteger|IsStore)
  13653: board.processor.cores.core: A0 T0 : 0x1069a @__libc_start_main+36    : c_sdsp s4, 320(sp)         : MemWrite :  D=0x0000000000000000 A=0x7ffffffffffffed0  flags=(IsInteger|IsStore)
  13986: board.processor.cores.core: A0 T0 : 0x1069c @__libc_start_main+38    : c_sdsp s5, 312(sp)         : MemWrite :  D=0x0000000000000000 A=0x7ffffffffffffec8  flags=(IsInteger|IsStore)
  14319: board.processor.cores.core: A0 T0 : 0x1069e @__libc_start_main+40    : c_sdsp s6, 304(sp)         : MemWrite :  D=0x0000000000000000 A=0x7ffffffffffffec0  flags=(IsInteger|IsStore)
  14652: board.processor.cores.core: A0 T0 : 0x106a0 @__libc_start_main+42    : c_sdsp s7, 296(sp)         : MemWrite :  D=0x0000000000000000 A=0x7ffffffffffffeb8  flags=(IsInteger|IsStore)
  14985: board.processor.cores.core: A0 T0 : 0x106a2 @__libc_start_main+44    : c_sdsp s8, 288(sp)         : MemWrite :  D=0x0000000000000000 A=0x7ffffffffffffeb0  flags=(IsInteger|IsStore)
  15318: board.processor.cores.core: A0 T0 : 0x106a4 @__libc_start_main+46    : c_sdsp a0, 24(sp)          : MemWrite :  D=0x000000000001060a A=0x7ffffffffffffda8  flags=(IsInteger|IsStore)
  15651: board.processor.cores.core: A0 T0 : 0x106a6 @__libc_start_main+48    : c_mv s0, a3                : IntAlu :  D=0x0000000000010b6c  flags=(IsInteger)
  15984: board.processor.cores.core: A0 T0 : 0x106a8 @__libc_start_main+50    : c_mv s3, a5                : IntAlu :  D=0x0000000000000000  flags=(IsInteger)
  16650: board.processor.cores.core: A0 T0 : 0x106aa @__libc_start_main+52    : sd a6, -56(a4)             : MemWrite :  D=0x7fffffffffffff00 A=0x6efc8  flags=(IsInteger|IsStore)
  16983: board.processor.cores.core: A0 T0 : 0x106ae @__libc_start_main+56    : c_ld a1, 0(a2)             : MemRead :  D=0x0000000000000000 A=0x7fffffffffffff18  flags=(IsInteger|IsLoad)
  17316: board.processor.cores.core: A0 T0 : 0x106b0 @__libc_start_main+58    : c_addi a2, 8               : IntAlu :  D=0x7fffffffffffff20  flags=(IsInteger)
  17649: board.processor.cores.core: A0 T0 : 0x106b2 @__libc_start_main+60    : c_bnez a1, -4              : IntAlu :   flags=(IsInteger|IsControl|IsDirectControl|IsCondControl)
  17982: board.processor.cores.core: A0 T0 : 0x106b4 @__libc_start_main+62    : c_mv a0, a2                : IntAlu :  D=0x7fffffffffffff20  flags=(IsInteger)
  18648: board.processor.cores.core: A0 T0 : 0x106b6 @__libc_start_main+64    : jal ra, 94130              : IntAlu :  D=0x00000000000106ba  flags=(IsInteger|IsControl|IsDirectControl|IsUncondControl|IsCall)
  18981: board.processor.cores.core: A0 T0 : 0x27668 @_dl_aux_init    : c_ld a5, 0(a0)             : MemRead :  D=0x0000000000000009 A=0x7fffffffffffff20  flags=(IsInteger|IsLoad)
  19647: board.processor.cores.core: A0 T0 : 0x2766a @_dl_aux_init+2    : sd a0, -1144(gp)           : MemWrite :  D=0x7fffffffffffff20 A=0x70c50  flags=(IsInteger|IsStore)
  20313: board.processor.cores.core: A0 T0 : 0x2766e @_dl_aux_init+6    : beq a5, ft0, 504           : IntAlu :   flags=(IsInteger|IsControl|IsDirectControl|IsCondControl)
  20646: board.processor.cores.core: A0 T0 : 0x27672 @_dl_aux_init+10    : c_addi16sp sp, -112        : IntAlu :  D=0x7ffffffffffffd20  flags=(IsInteger)
  20979: board.processor.cores.core: A0 T0 : 0x27674 @_dl_aux_init+12    : lui a3, 80                 : IntAlu :  D=0x0000000000050000  flags=(IsInteger)
  21312: board.processor.cores.core: A0 T0 : 0x27678 @_dl_aux_init+16    : c_sdsp s0, 104(sp)         : MemWrite :  D=0x0000000000010b6c A=0x7ffffffffffffd88  flags=(IsInteger|IsStore)
  21645: board.processor.cores.core: A0 T0 : 0x2767a @_dl_aux_init+18    : c_sdsp s1, 96(sp)          : MemWrite :  D=0x0000000000010bfc A=0x7ffffffffffffd80  flags=(IsInteger|IsStore)
  21978: board.processor.cores.core: A0 T0 : 0x2767c @_dl_aux_init+20    : c_sdsp s2, 88(sp)          : MemWrite :  D=0x0000000000000000 A=0x7ffffffffffffd78  flags=(IsInteger|IsStore)
  22311: board.processor.cores.core: A0 T0 : 0x2767e @_dl_aux_init+22    : c_sdsp s3, 80(sp)          : MemWrite :  D=0x0000000000000000 A=0x7ffffffffffffd70  flags=(IsInteger|IsStore)
  22644: board.processor.cores.core: A0 T0 : 0x27680 @_dl_aux_init+24    : c_sdsp s4, 72(sp)          : MemWrite :  D=0x0000000000000000 A=0x7ffffffffffffd68  flags=(IsInteger|IsStore)
  22977: board.processor.cores.core: A0 T0 : 0x27682 @_dl_aux_init+26    : c_sdsp s11, 16(sp)         : MemWrite :  D=0x0000000000000000 A=0x7ffffffffffffd30  flags=(IsInteger|IsStore)
  23310: board.processor.cores.core: A0 T0 : 0x27684 @_dl_aux_init+28    : c_sdsp s5, 64(sp)          : MemWrite :  D=0x0000000000000000 A=0x7ffffffffffffd60  flags=(IsInteger|IsStore)
  23643: board.processor.cores.core: A0 T0 : 0x27686 @_dl_aux_init+30    : c_sdsp s6, 56(sp)          : MemWrite :  D=0x0000000000000000 A=0x7ffffffffffffd58  flags=(IsInteger|IsStore)
  23976: board.processor.cores.core: A0 T0 : 0x27688 @_dl_aux_init+32    : c_sdsp s7, 48(sp)          : MemWrite :  D=0x0000000000000000 A=0x7ffffffffffffd50  flags=(IsInteger|IsStore)
  24309: board.processor.cores.core: A0 T0 : 0x2768a @_dl_aux_init+34    : c_sdsp s8, 40(sp)          : MemWrite :  D=0x0000000000000000 A=0x7ffffffffffffd48  flags=(IsInteger|IsStore)
  24642: board.processor.cores.core: A0 T0 : 0x2768c @_dl_aux_init+36    : c_sdsp s9, 32(sp)          : MemWrite :  D=0x0000000000000000 A=0x7ffffffffffffd40  flags=(IsInteger|IsStore)
  24975: board.processor.cores.core: A0 T0 : 0x2768e @_dl_aux_init+38    : c_sdsp s10, 24(sp)         : MemWrite :  D=0x0000000000000000 A=0x7ffffffffffffd38  flags=(IsInteger|IsStore)
  25308: board.processor.cores.core: A0 T0 : 0x27690 @_dl_aux_init+40    : c_li t6, 0                 : IntAlu :  D=0x0000000000000000  flags=(IsInteger)
  25641: board.processor.cores.core: A0 T0 : 0x27692 @_dl_aux_init+42    : c_li t4, 0                 : IntAlu :  D=0x0000000000000000  flags=(IsInteger)
  25974: board.processor.cores.core: A0 T0 : 0x27694 @_dl_aux_init+44    : c_li t3, 0                 : IntAlu :  D=0x0000000000000000  flags=(IsInteger)
  26307: board.processor.cores.core: A0 T0 : 0x27696 @_dl_aux_init+46    : c_li a7, 0                 : IntAlu :  D=0x0000000000000000  flags=(IsInteger)
  26640: board.processor.cores.core: A0 T0 : 0x27698 @_dl_aux_init+48    : c_li t1, 0                 : IntAlu :  D=0x0000000000000000  flags=(IsInteger)
  26973: board.processor.cores.core: A0 T0 : 0x2769a @_dl_aux_init+50    : c_li t5, 0                 : IntAlu :  D=0x0000000000000000  flags=(IsInteger)
  27306: board.processor.cores.core: A0 T0 : 0x2769c @_dl_aux_init+52    : c_li t0, 0                 : IntAlu :  D=0x0000000000000000  flags=(IsInteger)
  27639: board.processor.cores.core: A0 T0 : 0x2769e @_dl_aux_init+54    : c_li t2, 0                 : IntAlu :  D=0x0000000000000000  flags=(IsInteger)
  27972: board.processor.cores.core: A0 T0 : 0x276a0 @_dl_aux_init+56    : c_li s0, 0                 : IntAlu :  D=0x0000000000000000  flags=(IsInteger)
  28305: board.processor.cores.core: A0 T0 : 0x276a2 @_dl_aux_init+58    : c_li s4, 0                 : IntAlu :  D=0x0000000000000000  flags=(IsInteger)
  28638: board.processor.cores.core: A0 T0 : 0x276a4 @_dl_aux_init+60    : c_li s3, 0                 : IntAlu :  D=0x0000000000000000  flags=(IsInteger)
  28971: board.processor.cores.core: A0 T0 : 0x276a6 @_dl_aux_init+62    : c_li s2, 0                 : IntAlu :  D=0x0000000000000000  flags=(IsInteger)
  29304: board.processor.cores.core: A0 T0 : 0x276a8 @_dl_aux_init+64    : c_li s1, 0                 : IntAlu :  D=0x0000000000000000  flags=(IsInteger)
  29637: board.processor.cores.core: A0 T0 : 0x276aa @_dl_aux_init+66    : c_li s11, 0                : IntAlu :  D=0x0000000000000000  flags=(IsInteger)
  29970: board.processor.cores.core: A0 T0 : 0x276ac @_dl_aux_init+68    : c_li a6, 0                 : IntAlu :  D=0x0000000000000000  flags=(IsInteger)
  30303: board.processor.cores.core: A0 T0 : 0x276ae @_dl_aux_init+70    : c_li a1, 0                 : IntAlu :  D=0x0000000000000000  flags=(IsInteger)
  30636: board.processor.cores.core: A0 T0 : 0x276b0 @_dl_aux_init+72    : c_li a2, 0                 : IntAlu :  D=0x0000000000000000  flags=(IsInteger)
  30969: board.processor.cores.core: A0 T0 : 0x276b2 @_dl_aux_init+74    : c_li a4, 30                : IntAlu :  D=0x000000000000001e  flags=(IsInteger)
  31302: board.processor.cores.core: A0 T0 : 0x276b4 @_dl_aux_init+76    : addi a3, a3, -1896         : IntAlu :  D=0x000000000004f898  flags=(IsInteger)
  31635: board.processor.cores.core: A0 T0 : 0x276b8 @_dl_aux_init+80    : c_addi a5, -3              : IntAlu :  D=0x0000000000000006  flags=(IsInteger)
  32301: board.processor.cores.core: A0 T0 : 0x276ba @_dl_aux_init+82    : bltu a4, a5, 18            : IntAlu :   flags=(IsInteger|IsControl|IsDirectControl|IsCondControl)
  32634: board.processor.cores.core: A0 T0 : 0x276be @_dl_aux_init+86    : c_slli a5, 2               : IntAlu :  D=0x0000000000000018  flags=(IsInteger)
  32967: board.processor.cores.core: A0 T0 : 0x276c0 @_dl_aux_init+88    : c_add a5, a3               : IntAlu :  D=0x000000000004f8b0  flags=(IsInteger)
  33300: board.processor.cores.core: A0 T0 : 0x276c2 @_dl_aux_init+90    : c_lw a5, 0(a5)             : MemRead :  D=0x00000000000276cc A=0x4f8b0  flags=(IsInteger|IsLoad)
  33633: board.processor.cores.core: A0 T0 : 0x276c4 @_dl_aux_init+92    : c_jr a5                    : IntAlu :   flags=(IsInteger|IsControl|IsIndirectControl|IsUncondControl)
  33966: board.processor.cores.core: A0 T0 : 0x276cc @_dl_aux_init+100    : c_ld a5, 16(a0)            : MemRead :  D=0x0000000000000005 A=0x7fffffffffffff30  flags=(IsInteger|IsLoad)
  34299: board.processor.cores.core: A0 T0 : 0x276ce @_dl_aux_init+102    : c_addi a0, 16              : IntAlu :  D=0x7fffffffffffff30  flags=(IsInteger)
  34632: board.processor.cores.core: A0 T0 : 0x276d0 @_dl_aux_init+104    : c_bnez a5, -24             : IntAlu :   flags=(IsInteger|IsControl|IsDirectControl|IsCondControl)
  34965: board.processor.cores.core: A0 T0 : 0x276b8 @_dl_aux_init+80    : c_addi a5, -3              : IntAlu :  D=0x0000000000000002  flags=(IsInteger)
  35631: board.processor.cores.core: A0 T0 : 0x276ba @_dl_aux_init+82    : bltu a4, a5, 18            : IntAlu :   flags=(IsInteger|IsControl|IsDirectControl|IsCondControl)
  35964: board.processor.cores.core: A0 T0 : 0x276be @_dl_aux_init+86    : c_slli a5, 2               : IntAlu :  D=0x0000000000000008  flags=(IsInteger)
  36297: board.processor.cores.core: A0 T0 : 0x276c0 @_dl_aux_init+88    : c_add a5, a3               : IntAlu :  D=0x000000000004f8a0  flags=(IsInteger)
  36630: board.processor.cores.core: A0 T0 : 0x276c2 @_dl_aux_init+90    : c_lw a5, 0(a5)             : MemRead :  D=0x0000000000027846 A=0x4f8a0  flags=(IsInteger|IsLoad)
  36963: board.processor.cores.core: A0 T0 : 0x276c4 @_dl_aux_init+92    : c_jr a5                    : IntAlu :   flags=(IsInteger|IsControl|IsIndirectControl|IsUncondControl)
  37296: board.processor.cores.core: A0 T0 : 0x27846 @_dl_aux_init+478    : c_ld a5, 16(a0)            : MemRead :  D=0x0000000000000004 A=0x7fffffffffffff40  flags=(IsInteger|IsLoad)
  37629: board.processor.cores.core: A0 T0 : 0x27848 @_dl_aux_init+480    : ld s8, 8(a0)               : MemRead :  D=0x0000000000000007 A=0x7fffffffffffff38  flags=(IsInteger|IsLoad)
  37962: board.processor.cores.core: A0 T0 : 0x2784c @_dl_aux_init+484    : c_li s3, 1                 : IntAlu :  D=0x0000000000000001  flags=(IsInteger)
  38295: board.processor.cores.core: A0 T0 : 0x2784e @_dl_aux_init+486    : c_addi a0, 16              : IntAlu :  D=0x7fffffffffffff40  flags=(IsInteger)
  38628: board.processor.cores.core: A0 T0 : 0x27850 @_dl_aux_init+488    : bne a5, ft0, -408          : IntAlu :   flags=(IsInteger|IsControl|IsDirectControl|IsCondControl)
  38961: board.processor.cores.core: A0 T0 : 0x276b8 @_dl_aux_init+80    : c_addi a5, -3              : IntAlu :  D=0x0000000000000001  flags=(IsInteger)
  39627: board.processor.cores.core: A0 T0 : 0x276ba @_dl_aux_init+82    : bltu a4, a5, 18            : IntAlu :   flags=(IsInteger|IsControl|IsDirectControl|IsCondControl)
  39960: board.processor.cores.core: A0 T0 : 0x276be @_dl_aux_init+86    : c_slli a5, 2               : IntAlu :  D=0x0000000000000004  flags=(IsInteger)
  40293: board.processor.cores.core: A0 T0 : 0x276c0 @_dl_aux_init+88    : c_add a5, a3               : IntAlu :  D=0x000000000004f89c  flags=(IsInteger)
  40626: board.processor.cores.core: A0 T0 : 0x276c2 @_dl_aux_init+90    : c_lw a5, 0(a5)             : MemRead :  D=0x00000000000276cc A=0x4f89c  flags=(IsInteger|IsLoad)
  40959: board.processor.cores.core: A0 T0 : 0x276c4 @_dl_aux_init+92    : c_jr a5                    : IntAlu :   flags=(IsInteger|IsControl|IsIndirectControl|IsUncondControl)
  41292: board.processor.cores.core: A0 T0 : 0x276cc @_dl_aux_init+100    : c_ld a5, 16(a0)            : MemRead :  D=0x0000000000000003 A=0x7fffffffffffff50  flags=(IsInteger|IsLoad)
  41625: board.processor.cores.core: A0 T0 : 0x276ce @_dl_aux_init+102    : c_addi a0, 16              : IntAlu :  D=0x7fffffffffffff50  flags=(IsInteger)
  41958: board.processor.cores.core: A0 T0 : 0x276d0 @_dl_aux_init+104    : c_bnez a5, -24             : IntAlu :   flags=(IsInteger|IsControl|IsDirectControl|IsCondControl)
  42291: board.processor.cores.core: A0 T0 : 0x276b8 @_dl_aux_init+80    : c_addi a5, -3              : IntAlu :  D=0x0000000000000000  flags=(IsInteger)
  42957: board.processor.cores.core: A0 T0 : 0x276ba @_dl_aux_init+82    : bltu a4, a5, 18            : IntAlu :   flags=(IsInteger|IsControl|IsDirectControl|IsCondControl)
  43290: board.processor.cores.core: A0 T0 : 0x276be @_dl_aux_init+86    : c_slli a5, 2               : IntAlu :  D=0x0000000000000000  flags=(IsInteger)
  43623: board.processor.cores.core: A0 T0 : 0x276c0 @_dl_aux_init+88    : c_add a5, a3               : IntAlu :  D=0x000000000004f898  flags=(IsInteger)
  43956: board.processor.cores.core: A0 T0 : 0x276c2 @_dl_aux_init+90    : c_lw a5, 0(a5)             : MemRead :  D=0x0000000000027856 A=0x4f898  flags=(IsInteger|IsLoad)
  44289: board.processor.cores.core: A0 T0 : 0x276c4 @_dl_aux_init+92    : c_jr a5                    : IntAlu :   flags=(IsInteger|IsControl|IsIndirectControl|IsUncondControl)
  44622: board.processor.cores.core: A0 T0 : 0x27856 @_dl_aux_init+494    : c_ld a5, 8(a0)             : MemRead :  D=0x0000000000010040 A=0x7fffffffffffff58  flags=(IsInteger|IsLoad)
  44955: board.processor.cores.core: A0 T0 : 0x27858 @_dl_aux_init+496    : c_li s2, 1                 : IntAlu :  D=0x0000000000000001  flags=(IsInteger)
  45288: board.processor.cores.core: A0 T0 : 0x2785a @_dl_aux_init+498    : c_addi a0, 16              : IntAlu :  D=0x7fffffffffffff60  flags=(IsInteger)
  45621: board.processor.cores.core: A0 T0 : 0x2785c @_dl_aux_init+500    : c_sdsp a5, 0(sp)           : MemWrite :  D=0x0000000000010040 A=0x7ffffffffffffd20  flags=(IsInteger|IsStore)
  45954: board.processor.cores.core: A0 T0 : 0x2785e @_dl_aux_init+502    : c_ld a5, 0(a0)             : MemRead :  D=0x0000000000000006 A=0x7fffffffffffff60  flags=(IsInteger|IsLoad)
  46287: board.processor.cores.core: A0 T0 : 0x27860 @_dl_aux_init+504    : bne a5, ft0, -424          : IntAlu :   flags=(IsInteger|IsControl|IsDirectControl|IsCondControl)
  46620: board.processor.cores.core: A0 T0 : 0x276b8 @_dl_aux_init+80    : c_addi a5, -3              : IntAlu :  D=0x0000000000000003  flags=(IsInteger)
  47286: board.processor.cores.core: A0 T0 : 0x276ba @_dl_aux_init+82    : bltu a4, a5, 18            : IntAlu :   flags=(IsInteger|IsControl|IsDirectControl|IsCondControl)
  47619: board.processor.cores.core: A0 T0 : 0x276be @_dl_aux_init+86    : c_slli a5, 2               : IntAlu :  D=0x000000000000000c  flags=(IsInteger)
  47952: board.processor.cores.core: A0 T0 : 0x276c0 @_dl_aux_init+88    : c_add a5, a3               : IntAlu :  D=0x000000000004f8a4  flags=(IsInteger)
  48285: board.processor.cores.core: A0 T0 : 0x276c2 @_dl_aux_init+90    : c_lw a5, 0(a5)             : MemRead :  D=0x0000000000027832 A=0x4f8a4  flags=(IsInteger|IsLoad)
  48618: board.processor.cores.core: A0 T0 : 0x276c4 @_dl_aux_init+92    : c_jr a5                    : IntAlu :   flags=(IsInteger|IsControl|IsIndirectControl|IsUncondControl)
  48951: board.processor.cores.core: A0 T0 : 0x27832 @_dl_aux_init+458    : c_ld a5, 8(a0)             : MemRead :  D=0x0000000000001000 A=0x7fffffffffffff68  flags=(IsInteger|IsLoad)
  49284: board.processor.cores.core: A0 T0 : 0x27834 @_dl_aux_init+460    : beq a5, ft0, -360          : IntAlu :   flags=(IsInteger|IsControl|IsDirectControl|IsCondControl)
  49617: board.processor.cores.core: A0 T0 : 0x27838 @_dl_aux_init+464    : c_sdsp a5, 8(sp)           : MemWrite :  D=0x0000000000001000 A=0x7ffffffffffffd28  flags=(IsInteger|IsStore)
  49950: board.processor.cores.core: A0 T0 : 0x2783a @_dl_aux_init+466    : c_ld a5, 16(a0)            : MemRead :  D=0x0000000000000017 A=0x7fffffffffffff70  flags=(IsInteger|IsLoad)
  50283: board.processor.cores.core: A0 T0 : 0x2783c @_dl_aux_init+468    : c_li s11, 1                : IntAlu :  D=0x0000000000000001  flags=(IsInteger)
  50616: board.processor.cores.core: A0 T0 : 0x2783e @_dl_aux_init+470    : c_addi a0, 16              : IntAlu :  D=0x7fffffffffffff70  flags=(IsInteger)
  50949: board.processor.cores.core: A0 T0 : 0x27840 @_dl_aux_init+472    : bne a5, ft0, -392          : IntAlu :   flags=(IsInteger|IsControl|IsDirectControl|IsCondControl)
  51282: board.processor.cores.core: A0 T0 : 0x276b8 @_dl_aux_init+80    : c_addi a5, -3              : IntAlu :  D=0x0000000000000014  flags=(IsInteger)
  51948: board.processor.cores.core: A0 T0 : 0x276ba @_dl_aux_init+82    : bltu a4, a5, 18            : IntAlu :   flags=(IsInteger|IsControl|IsDirectControl|IsCondControl)
  52281: board.processor.cores.core: A0 T0 : 0x276be @_dl_aux_init+86    : c_slli a5, 2               : IntAlu :  D=0x0000000000000050  flags=(IsInteger)
  52614: board.processor.cores.core: A0 T0 : 0x276c0 @_dl_aux_init+88    : c_add a5, a3               : IntAlu :  D=0x000000000004f8e8  flags=(IsInteger)
  52947: board.processor.cores.core: A0 T0 : 0x276c2 @_dl_aux_init+90    : c_lw a5, 0(a5)             : MemRead :  D=0x0000000000027794 A=0x4f8e8  flags=(IsInteger|IsLoad)
  53280: board.processor.cores.core: A0 T0 : 0x276c4 @_dl_aux_init+92    : c_jr a5                    : IntAlu :   flags=(IsInteger|IsControl|IsIndirectControl|IsUncondControl)
  53613: board.processor.cores.core: A0 T0 : 0x27794 @_dl_aux_init+300    : c_ld a5, 16(a0)            : MemRead :  D=0x0000000000000019 A=0x7fffffffffffff80  flags=(IsInteger|IsLoad)
  54279: board.processor.cores.core: A0 T0 : 0x27796 @_dl_aux_init+302    : lw t3, 8(a0)               : MemRead :  D=0x0000000000000000 A=0x7fffffffffffff78  flags=(IsInteger|IsLoad)
  54612: board.processor.cores.core: A0 T0 : 0x2779a @_dl_aux_init+306    : c_li t1, 1                 : IntAlu :  D=0x0000000000000001  flags=(IsInteger)
  54945: board.processor.cores.core: A0 T0 : 0x2779c @_dl_aux_init+308    : c_li a2, -1                : IntAlu :  D=0xffffffffffffffff  flags=(IsInteger)
  55278: board.processor.cores.core: A0 T0 : 0x2779e @_dl_aux_init+310    : c_addi a0, 16              : IntAlu :  D=0x7fffffffffffff80  flags=(IsInteger)
  55611: board.processor.cores.core: A0 T0 : 0x277a0 @_dl_aux_init+312    : bne a5, ft0, -232          : IntAlu :   flags=(IsInteger|IsControl|IsDirectControl|IsCondControl)
  55944: board.processor.cores.core: A0 T0 : 0x276b8 @_dl_aux_init+80    : c_addi a5, -3              : IntAlu :  D=0x0000000000000016  flags=(IsInteger)
  56610: board.processor.cores.core: A0 T0 : 0x276ba @_dl_aux_init+82    : bltu a4, a5, 18            : IntAlu :   flags=(IsInteger|IsControl|IsDirectControl|IsCondControl)
  56943: board.processor.cores.core: A0 T0 : 0x276be @_dl_aux_init+86    : c_slli a5, 2               : IntAlu :  D=0x0000000000000058  flags=(IsInteger)
  57276: board.processor.cores.core: A0 T0 : 0x276c0 @_dl_aux_init+88    : c_add a5, a3               : IntAlu :  D=0x000000000004f8f0  flags=(IsInteger)
  57609: board.processor.cores.core: A0 T0 : 0x276c2 @_dl_aux_init+90    : c_lw a5, 0(a5)             : MemRead :  D=0x0000000000027786 A=0x4f8f0  flags=(IsInteger|IsLoad)
  57942: board.processor.cores.core: A0 T0 : 0x276c4 @_dl_aux_init+92    : c_jr a5                    : IntAlu :   flags=(IsInteger|IsControl|IsIndirectControl|IsUncondControl)
  58275: board.processor.cores.core: A0 T0 : 0x27786 @_dl_aux_init+286    : c_ld a5, 16(a0)            : MemRead :  D=0x0000000000000000 A=0x7fffffffffffff90  flags=(IsInteger|IsLoad)
  58608: board.processor.cores.core: A0 T0 : 0x27788 @_dl_aux_init+288    : ld s5, 8(a0)               : MemRead :  D=0x7fffffffffffffa8 A=0x7fffffffffffff88  flags=(IsInteger|IsLoad)
  58941: board.processor.cores.core: A0 T0 : 0x2778c @_dl_aux_init+292    : c_li a7, 1                 : IntAlu :  D=0x0000000000000001  flags=(IsInteger)
  59274: board.processor.cores.core: A0 T0 : 0x2778e @_dl_aux_init+294    : c_addi a0, 16              : IntAlu :  D=0x7fffffffffffff90  flags=(IsInteger)
  59607: board.processor.cores.core: A0 T0 : 0x27790 @_dl_aux_init+296    : c_bnez a5, -216            : IntAlu :   flags=(IsInteger|IsControl|IsDirectControl|IsCondControl)
  59940: board.processor.cores.core: A0 T0 : 0x27792 @_dl_aux_init+298    : c_j -192                   : IntAlu :   flags=(IsControl|IsDirectControl|IsUncondControl)
  60606: board.processor.cores.core: A0 T0 : 0x276d2 @_dl_aux_init+106    : beq a7, ft0, 12            : IntAlu :   flags=(IsInteger|IsControl|IsDirectControl|IsCondControl)
  61272: board.processor.cores.core: A0 T0 : 0x276d6 @_dl_aux_init+110    : lui a5, 111                : IntAlu :  D=0x000000000006f000  flags=(IsInteger)
  61938: board.processor.cores.core: A0 T0 : 0x276da @_dl_aux_init+114    : sd s5, -104(a5)            : MemWrite :  D=0x7fffffffffffffa8 A=0x6ef98  flags=(IsInteger|IsStore)
  62604: board.processor.cores.core: A0 T0 : 0x276de @_dl_aux_init+118    : beq t1, ft0, 18            : IntAlu :   flags=(IsInteger|IsControl|IsDirectControl|IsCondControl)
  62937: board.processor.cores.core: A0 T0 : 0x276e2 @_dl_aux_init+122    : c_li a4, 1                 : IntAlu :  D=0x0000000000000001  flags=(IsInteger)
  63270: board.processor.cores.core: A0 T0 : 0x276e4 @_dl_aux_init+124    : sw a4, -1016(gp)           : MemWrite :  D=0x0000000000000001 A=0x70cd0  flags=(IsInteger|IsStore)
  63603: board.processor.cores.core: A0 T0 : 0x276e8 @_dl_aux_init+128    : lui a5, 111                : IntAlu :  D=0x000000000006f000  flags=(IsInteger)
  63936: board.processor.cores.core: A0 T0 : 0x276ec @_dl_aux_init+132    : sw t3, -48(a5)             : MemWrite :  D=0x0000000000000000 A=0x6efd0  flags=(IsInteger|IsStore)
  64269: board.processor.cores.core: A0 T0 : 0x276f0 @_dl_aux_init+136    : beq t5, ft0, 8             : IntAlu :   flags=(IsInteger|IsControl|IsDirectControl|IsCondControl)
  64602: board.processor.cores.core: A0 T0 : 0x276f8 @_dl_aux_init+144    : beq t0, ft0, 8             : IntAlu :   flags=(IsInteger|IsControl|IsDirectControl|IsCondControl)
  64935: board.processor.cores.core: A0 T0 : 0x27700 @_dl_aux_init+152    : beq t2, ft0, 8             : IntAlu :   flags=(IsInteger|IsControl|IsDirectControl|IsCondControl)
  65268: board.processor.cores.core: A0 T0 : 0x27708 @_dl_aux_init+160    : c_beqz s0, 6               : IntAlu :   flags=(IsInteger|IsControl|IsDirectControl|IsCondControl)
  65934: board.processor.cores.core: A0 T0 : 0x2770e @_dl_aux_init+166    : beq s4, ft0, 8             : IntAlu :   flags=(IsInteger|IsControl|IsDirectControl|IsCondControl)
  66600: board.processor.cores.core: A0 T0 : 0x27716 @_dl_aux_init+174    : beq s3, ft0, 8             : IntAlu :   flags=(IsInteger|IsControl|IsDirectControl|IsCondControl)
  67266: board.processor.cores.core: A0 T0 : 0x2771a @_dl_aux_init+178    : sd s8, -1160(gp)           : MemWrite :  D=0x0000000000000007 A=0x70c40  flags=(IsInteger|IsStore)
  67932: board.processor.cores.core: A0 T0 : 0x2771e @_dl_aux_init+182    : beq s2, ft0, 10            : IntAlu :   flags=(IsInteger|IsControl|IsDirectControl|IsCondControl)
  68265: board.processor.cores.core: A0 T0 : 0x27722 @_dl_aux_init+186    : c_ldsp a4, 0(sp)           : MemRead :  D=0x0000000000010040 A=0x7ffffffffffffd20  flags=(IsInteger|IsLoad)
  68598: board.processor.cores.core: A0 T0 : 0x27724 @_dl_aux_init+188    : sd a4, -1152(gp)           : MemWrite :  D=0x0000000000010040 A=0x70c48  flags=(IsInteger|IsStore)
  68931: board.processor.cores.core: A0 T0 : 0x27728 @_dl_aux_init+192    : c_beqz s1, 6               : IntAlu :   flags=(IsInteger|IsControl|IsDirectControl|IsCondControl)
  69597: board.processor.cores.core: A0 T0 : 0x2772e @_dl_aux_init+198    : bne s11, ft0, 314          : IntAlu :   flags=(IsInteger|IsControl|IsDirectControl|IsCondControl)
  69930: board.processor.cores.core: A0 T0 : 0x27868 @_dl_aux_init+512    : c_ldsp a4, 8(sp)           : MemRead :  D=0x0000000000001000 A=0x7ffffffffffffd28  flags=(IsInteger|IsLoad)
  70596: board.processor.cores.core: A0 T0 : 0x2786a @_dl_aux_init+514    : sd a4, -1760(gp)           : MemWrite :  D=0x0000000000001000 A=0x709e8  flags=(IsInteger|IsStore)
  70929: board.processor.cores.core: A0 T0 : 0x2786e @_dl_aux_init+518    : c_j -316                   : IntAlu :   flags=(IsControl|IsDirectControl|IsUncondControl)
  71262: board.processor.cores.core: A0 T0 : 0x27732 @_dl_aux_init+202    : c_li a5, 15                : IntAlu :  D=0x000000000000000f  flags=(IsInteger)
  71595: board.processor.cores.core: A0 T0 : 0x27734 @_dl_aux_init+204    : bne a2, a5, 26             : IntAlu :   flags=(IsInteger|IsControl|IsDirectControl|IsCondControl)
  71928: board.processor.cores.core: A0 T0 : 0x2774e @_dl_aux_init+230    : c_ldsp s0, 104(sp)         : MemRead :  D=0x0000000000010b6c A=0x7ffffffffffffd88  flags=(IsInteger|IsLoad)
  72261: board.processor.cores.core: A0 T0 : 0x27750 @_dl_aux_init+232    : c_ldsp s1, 96(sp)          : MemRead :  D=0x0000000000010bfc A=0x7ffffffffffffd80  flags=(IsInteger|IsLoad)
  72594: board.processor.cores.core: A0 T0 : 0x27752 @_dl_aux_init+234    : c_ldsp s2, 88(sp)          : MemRead :  D=0x0000000000000000 A=0x7ffffffffffffd78  flags=(IsInteger|IsLoad)
  72927: board.processor.cores.core: A0 T0 : 0x27754 @_dl_aux_init+236    : c_ldsp s3, 80(sp)          : MemRead :  D=0x0000000000000000 A=0x7ffffffffffffd70  flags=(IsInteger|IsLoad)
  73260: board.processor.cores.core: A0 T0 : 0x27756 @_dl_aux_init+238    : c_ldsp s4, 72(sp)          : MemRead :  D=0x0000000000000000 A=0x7ffffffffffffd68  flags=(IsInteger|IsLoad)
  73593: board.processor.cores.core: A0 T0 : 0x27758 @_dl_aux_init+240    : c_ldsp s5, 64(sp)          : MemRead :  D=0x0000000000000000 A=0x7ffffffffffffd60  flags=(IsInteger|IsLoad)
  73926: board.processor.cores.core: A0 T0 : 0x2775a @_dl_aux_init+242    : c_ldsp s6, 56(sp)          : MemRead :  D=0x0000000000000000 A=0x7ffffffffffffd58  flags=(IsInteger|IsLoad)
  74259: board.processor.cores.core: A0 T0 : 0x2775c @_dl_aux_init+244    : c_ldsp s7, 48(sp)          : MemRead :  D=0x0000000000000000 A=0x7ffffffffffffd50  flags=(IsInteger|IsLoad)
  74592: board.processor.cores.core: A0 T0 : 0x2775e @_dl_aux_init+246    : c_ldsp s8, 40(sp)          : MemRead :  D=0x0000000000000000 A=0x7ffffffffffffd48  flags=(IsInteger|IsLoad)
  74925: board.processor.cores.core: A0 T0 : 0x27760 @_dl_aux_init+248    : c_ldsp s9, 32(sp)          : MemRead :  D=0x0000000000000000 A=0x7ffffffffffffd40  flags=(IsInteger|IsLoad)
  75258: board.processor.cores.core: A0 T0 : 0x27762 @_dl_aux_init+250    : c_ldsp s10, 24(sp)         : MemRead :  D=0x0000000000000000 A=0x7ffffffffffffd38  flags=(IsInteger|IsLoad)
  75591: board.processor.cores.core: A0 T0 : 0x27764 @_dl_aux_init+252    : c_ldsp s11, 16(sp)         : MemRead :  D=0x0000000000000000 A=0x7ffffffffffffd30  flags=(IsInteger|IsLoad)
  75924: board.processor.cores.core: A0 T0 : 0x27766 @_dl_aux_init+254    : c_addi16sp sp, 112         : IntAlu :  D=0x7ffffffffffffd90  flags=(IsInteger)
  76257: board.processor.cores.core: A0 T0 : 0x27768 @_dl_aux_init+256    : c_jr ra                    : IntAlu :   flags=(IsInteger|IsControl|IsIndirectControl|IsUncondControl|IsReturn)
  76923: board.processor.cores.core: A0 T0 : 0x106ba @__libc_start_main+68    : ld a3, -1152(gp)           : MemRead :  D=0x0000000000010040 A=0x70c48  flags=(IsInteger|IsLoad)
  77256: board.processor.cores.core: A0 T0 : 0x106be @__libc_start_main+72    : c_beqz a3, 76              : IntAlu :   flags=(IsInteger|IsControl|IsDirectControl|IsCondControl)
  77589: board.processor.cores.core: A0 T0 : 0x106c0 @__libc_start_main+74    : jal ra, 96504              : IntAlu :  D=0x00000000000106c4  flags=(IsInteger|IsControl|IsDirectControl|IsUncondControl|IsCall)
  77922: board.processor.cores.core: A0 T0 : 0x27fb8 @__libc_init_secure    : lw a5, -1016(gp)           : MemRead :  D=0x0000000000000001 A=0x70cd0  flags=(IsInteger|IsLoad)
  78255: board.processor.cores.core: A0 T0 : 0x27fbc @__libc_init_secure+4    : c_beqz a5, 4               : IntAlu :   flags=(IsInteger|IsControl|IsDirectControl|IsCondControl)
  78588: board.processor.cores.core: A0 T0 : 0x27fbe @__libc_init_secure+6    : c_jr ra                    : IntAlu :   flags=(IsInteger|IsControl|IsIndirectControl|IsUncondControl|IsReturn)
  78921: board.processor.cores.core: A0 T0 : 0x106c4 @__libc_start_main+78    : ld a0, -1232(gp)           : MemRead :  D=0x7fffffffffffff18 A=0x70bf8  flags=(IsInteger|IsLoad)
  79254: board.processor.cores.core: A0 T0 : 0x106c8 @__libc_start_main+82    : c_lui s2, 16               : IntAlu :  D=0x0000000000010000  flags=(IsInteger)
  79920: board.processor.cores.core: A0 T0 : 0x106ca @__libc_start_main+84    : addi s6, ft0, 58           : IntAlu :  D=0x000000000000003a  flags=(IsInteger)
  80586: board.processor.cores.core: A0 T0 : 0x106ce @__libc_start_main+88    : jal ra, 92904              : IntAlu :  D=0x00000000000106d2  flags=(IsInteger|IsControl|IsDirectControl|IsUncondControl|IsCall)
  80919: board.processor.cores.core: A0 T0 : 0x271b6 @__tunables_init    : c_addi16sp sp, -128        : IntAlu :  D=0x7ffffffffffffd10  flags=(IsInteger)
  81252: board.processor.cores.core: A0 T0 : 0x271b8 @__tunables_init+2    : c_sdsp s4, 80(sp)          : MemWrite :  D=0x0000000000000000 A=0x7ffffffffffffd60  flags=(IsInteger|IsStore)
  81918: board.processor.cores.core: A0 T0 : 0x271ba @__tunables_init+4    : lui s4, 111                : IntAlu :  D=0x000000000006f000  flags=(IsInteger)
  82584: board.processor.cores.core: A0 T0 : 0x271be @__tunables_init+8    : lw a5, -48(s4)             : MemRead :  D=0x0000000000000000 A=0x6efd0  flags=(IsInteger|IsLoad)
  82917: board.processor.cores.core: A0 T0 : 0x271c2 @__tunables_init+12    : c_sdsp s7, 56(sp)          : MemWrite :  D=0x0000000000000000 A=0x7ffffffffffffd48  flags=(IsInteger|IsStore)
  83250: board.processor.cores.core: A0 T0 : 0x271c4 @__tunables_init+14    : c_sdsp ra, 120(sp)         : MemWrite :  D=0x00000000000106d2 A=0x7ffffffffffffd88  flags=(IsInteger|IsStore)
  83583: board.processor.cores.core: A0 T0 : 0x271c6 @__tunables_init+16    : c_sdsp s0, 112(sp)         : MemWrite :  D=0x0000000000010b6c A=0x7ffffffffffffd80  flags=(IsInteger|IsStore)
  83916: board.processor.cores.core: A0 T0 : 0x271c8 @__tunables_init+18    : c_sdsp s1, 104(sp)         : MemWrite :  D=0x0000000000010bfc A=0x7ffffffffffffd78  flags=(IsInteger|IsStore)
  84249: board.processor.cores.core: A0 T0 : 0x271ca @__tunables_init+20    : c_sdsp s2, 96(sp)          : MemWrite :  D=0x0000000000010000 A=0x7ffffffffffffd70  flags=(IsInteger|IsStore)
  84582: board.processor.cores.core: A0 T0 : 0x271cc @__tunables_init+22    : c_sdsp s3, 88(sp)          : MemWrite :  D=0x0000000000000000 A=0x7ffffffffffffd68  flags=(IsInteger|IsStore)
  84915: board.processor.cores.core: A0 T0 : 0x271ce @__tunables_init+24    : c_sdsp s5, 72(sp)          : MemWrite :  D=0x0000000000000000 A=0x7ffffffffffffd58  flags=(IsInteger|IsStore)
  85248: board.processor.cores.core: A0 T0 : 0x271d0 @__tunables_init+26    : c_sdsp s6, 64(sp)          : MemWrite :  D=0x000000000000003a A=0x7ffffffffffffd50  flags=(IsInteger|IsStore)
  85581: board.processor.cores.core: A0 T0 : 0x271d2 @__tunables_init+28    : c_sdsp s8, 48(sp)          : MemWrite :  D=0x0000000000000000 A=0x7ffffffffffffd40  flags=(IsInteger|IsStore)
  85914: board.processor.cores.core: A0 T0 : 0x271d4 @__tunables_init+30    : c_sdsp s9, 40(sp)          : MemWrite :  D=0x0000000000000000 A=0x7ffffffffffffd38  flags=(IsInteger|IsStore)
  86247: board.processor.cores.core: A0 T0 : 0x271d6 @__tunables_init+32    : c_sdsp s10, 32(sp)         : MemWrite :  D=0x0000000000000000 A=0x7ffffffffffffd30  flags=(IsInteger|IsStore)
  86580: board.processor.cores.core: A0 T0 : 0x271d8 @__tunables_init+34    : c_sdsp s11, 24(sp)         : MemWrite :  D=0x0000000000000000 A=0x7ffffffffffffd28  flags=(IsInteger|IsStore)
  86913: board.processor.cores.core: A0 T0 : 0x271da @__tunables_init+36    : c_mv s7, a0                : IntAlu :  D=0x7fffffffffffff18  flags=(IsInteger)
  87246: board.processor.cores.core: A0 T0 : 0x271dc @__tunables_init+38    : bne a5, ft0, 782           : IntAlu :   flags=(IsInteger|IsControl|IsDirectControl|IsCondControl)
  87579: board.processor.cores.core: A0 T0 : 0x271e0 @__tunables_init+42    : c_lui a5, 1                : IntAlu :  D=0x0000000000001000  flags=(IsInteger)
  88245: board.processor.cores.core: A0 T0 : 0x271e2 @__tunables_init+44    : lui s0, 110                : IntAlu :  D=0x000000000006e000  flags=(IsInteger)
  88911: board.processor.cores.core: A0 T0 : 0x271e6 @__tunables_init+48    : addi s6, s0, 1416          : IntAlu :  D=0x000000000006e588  flags=(IsInteger)
  89577: board.processor.cores.core: A0 T0 : 0x271ea @__tunables_init+52    : addi s2, a5, -1432         : IntAlu :  D=0x0000000000000a68  flags=(IsInteger)
  90243: board.processor.cores.core: A0 T0 : 0x271ee @__tunables_init+56    : addi a5, a5, -1520         : IntAlu :  D=0x0000000000000a10  flags=(IsInteger)
  90576: board.processor.cores.core: A0 T0 : 0x271f2 @__tunables_init+60    : c_add s2, s6               : IntAlu :  D=0x000000000006eff0  flags=(IsInteger)
  90909: board.processor.cores.core: A0 T0 : 0x271f4 @__tunables_init+62    : add s3, s6, a5             : IntAlu :  D=0x000000000006ef98  flags=(IsInteger)
  91242: board.processor.cores.core: A0 T0 : 0x271f8 @__tunables_init+66    : beq s7, ft0, 212           : IntAlu :   flags=(IsInteger|IsControl|IsDirectControl|IsCondControl)
  91575: board.processor.cores.core: A0 T0 : 0x271fc @__tunables_init+70    : c_mv a2, s7                : IntAlu :  D=0x7fffffffffffff18  flags=(IsInteger)
  92241: board.processor.cores.core: A0 T0 : 0x271fe @__tunables_init+72    : addi a3, ft0, 61           : IntAlu :  D=0x000000000000003d  flags=(IsInteger)
  92907: board.processor.cores.core: A0 T0 : 0x27202 @__tunables_init+76    : ld s9, 0(a2)               : MemRead :  D=0x0000000000000000 A=0x7fffffffffffff18  flags=(IsInteger|IsLoad)
  93240: board.processor.cores.core: A0 T0 : 0x27206 @__tunables_init+80    : c_mv s5, a2                : IntAlu :  D=0x7fffffffffffff18  flags=(IsInteger)
  93573: board.processor.cores.core: A0 T0 : 0x27208 @__tunables_init+82    : beq s9, ft0, 196           : IntAlu :   flags=(IsInteger|IsControl|IsDirectControl|IsCondControl)
  93906: board.processor.cores.core: A0 T0 : 0x272cc @__tunables_init+278    : c_ldsp ra, 120(sp)         : MemRead :  D=0x00000000000106d2 A=0x7ffffffffffffd88  flags=(IsInteger|IsLoad)
  94239: board.processor.cores.core: A0 T0 : 0x272ce @__tunables_init+280    : c_ldsp s0, 112(sp)         : MemRead :  D=0x0000000000010b6c A=0x7ffffffffffffd80  flags=(IsInteger|IsLoad)
  94572: board.processor.cores.core: A0 T0 : 0x272d0 @__tunables_init+282    : c_ldsp s1, 104(sp)         : MemRead :  D=0x0000000000010bfc A=0x7ffffffffffffd78  flags=(IsInteger|IsLoad)
  94905: board.processor.cores.core: A0 T0 : 0x272d2 @__tunables_init+284    : c_ldsp s2, 96(sp)          : MemRead :  D=0x0000000000010000 A=0x7ffffffffffffd70  flags=(IsInteger|IsLoad)
  95238: board.processor.cores.core: A0 T0 : 0x272d4 @__tunables_init+286    : c_ldsp s3, 88(sp)          : MemRead :  D=0x0000000000000000 A=0x7ffffffffffffd68  flags=(IsInteger|IsLoad)
  95571: board.processor.cores.core: A0 T0 : 0x272d6 @__tunables_init+288    : c_ldsp s4, 80(sp)          : MemRead :  D=0x0000000000000000 A=0x7ffffffffffffd60  flags=(IsInteger|IsLoad)
  95904: board.processor.cores.core: A0 T0 : 0x272d8 @__tunables_init+290    : c_ldsp s5, 72(sp)          : MemRead :  D=0x0000000000000000 A=0x7ffffffffffffd58  flags=(IsInteger|IsLoad)
  96237: board.processor.cores.core: A0 T0 : 0x272da @__tunables_init+292    : c_ldsp s6, 64(sp)          : MemRead :  D=0x000000000000003a A=0x7ffffffffffffd50  flags=(IsInteger|IsLoad)
  96570: board.processor.cores.core: A0 T0 : 0x272dc @__tunables_init+294    : c_ldsp s7, 56(sp)          : MemRead :  D=0x0000000000000000 A=0x7ffffffffffffd48  flags=(IsInteger|IsLoad)
  96903: board.processor.cores.core: A0 T0 : 0x272de @__tunables_init+296    : c_ldsp s8, 48(sp)          : MemRead :  D=0x0000000000000000 A=0x7ffffffffffffd40  flags=(IsInteger|IsLoad)
  97236: board.processor.cores.core: A0 T0 : 0x272e0 @__tunables_init+298    : c_ldsp s9, 40(sp)          : MemRead :  D=0x0000000000000000 A=0x7ffffffffffffd38  flags=(IsInteger|IsLoad)
  97569: board.processor.cores.core: A0 T0 : 0x272e2 @__tunables_init+300    : c_ldsp s10, 32(sp)         : MemRead :  D=0x0000000000000000 A=0x7ffffffffffffd30  flags=(IsInteger|IsLoad)
  97902: board.processor.cores.core: A0 T0 : 0x272e4 @__tunables_init+302    : c_ldsp s11, 24(sp)         : MemRead :  D=0x0000000000000000 A=0x7ffffffffffffd28  flags=(IsInteger|IsLoad)
  98235: board.processor.cores.core: A0 T0 : 0x272e6 @__tunables_init+304    : c_addi16sp sp, 128         : IntAlu :  D=0x7ffffffffffffd90  flags=(IsInteger)
  98568: board.processor.cores.core: A0 T0 : 0x272e8 @__tunables_init+306    : c_jr ra                    : IntAlu :   flags=(IsInteger|IsControl|IsIndirectControl|IsUncondControl|IsReturn)
  98901: board.processor.cores.core: A0 T0 : 0x106d2 @__libc_start_main+92    : c_lui a5, 16               : IntAlu :  D=0x0000000000010000  flags=(IsInteger)
  99234: board.processor.cores.core: A0 T0 : 0x106d4 @__libc_start_main+94    : addi s4, a5, 944           : IntAlu :  D=0x00000000000103b0  flags=(IsInteger)
  99567: board.processor.cores.core: A0 T0 : 0x106d8 @__libc_start_main+98    : c_li a5, -1                : IntAlu :  D=0xffffffffffffffff  flags=(IsInteger)
 100233: board.processor.cores.core: A0 T0 : 0x106da @__libc_start_main+100    : addi s2, s2, 944           : IntAlu :  D=0x00000000000103b0  flags=(IsInteger)
 100899: board.processor.cores.core: A0 T0 : 0x106de @__libc_start_main+104    : srli s5, a5, 32            : IntAlu :  D=0x00000000ffffffff  flags=(IsInteger)
 101565: board.processor.cores.core: A0 T0 : 0x106e2 @__libc_start_main+108    : bgeu s2, s4, 120           : IntAlu :   flags=(IsInteger|IsControl|IsDirectControl|IsCondControl)
 102231: board.processor.cores.core: A0 T0 : 0x1075a @__libc_start_main+228    : jal ra, 584                : IntAlu :  D=0x000000000001075e  flags=(IsInteger|IsControl|IsDirectControl|IsUncondControl|IsCall)
 102897: board.processor.cores.core: A0 T0 : 0x109a2 @__libc_setup_tls    : ld a5, -1152(gp)           : MemRead :  D=0x0000000000010040 A=0x70c48  flags=(IsInteger|IsLoad)
 103230: board.processor.cores.core: A0 T0 : 0x109a6 @__libc_setup_tls+4    : c_addi16sp sp, -128        : IntAlu :  D=0x7ffffffffffffd10  flags=(IsInteger)
 103563: board.processor.cores.core: A0 T0 : 0x109a8 @__libc_setup_tls+6    : c_sdsp s3, 88(sp)          : MemWrite :  D=0x0000000000000000 A=0x7ffffffffffffd68  flags=(IsInteger|IsStore)
 104229: board.processor.cores.core: A0 T0 : 0x109aa @__libc_setup_tls+8    : lui a4, 112                : IntAlu :  D=0x0000000000070000  flags=(IsInteger)
 104562: board.processor.cores.core: A0 T0 : 0x109ae @__libc_setup_tls+12    : c_sdsp ra, 120(sp)         : MemWrite :  D=0x000000000001075e A=0x7ffffffffffffd88  flags=(IsInteger|IsStore)
 104895: board.processor.cores.core: A0 T0 : 0x109b0 @__libc_setup_tls+14    : c_sdsp s0, 112(sp)         : MemWrite :  D=0x0000000000010b6c A=0x7ffffffffffffd80  flags=(IsInteger|IsStore)
 105228: board.processor.cores.core: A0 T0 : 0x109b2 @__libc_setup_tls+16    : c_sdsp s1, 104(sp)         : MemWrite :  D=0x0000000000010bfc A=0x7ffffffffffffd78  flags=(IsInteger|IsStore)
 105561: board.processor.cores.core: A0 T0 : 0x109b4 @__libc_setup_tls+18    : c_sdsp s2, 96(sp)          : MemWrite :  D=0x00000000000103b0 A=0x7ffffffffffffd70  flags=(IsInteger|IsStore)
 105894: board.processor.cores.core: A0 T0 : 0x109b6 @__libc_setup_tls+20    : c_sdsp s4, 80(sp)          : MemWrite :  D=0x00000000000103b0 A=0x7ffffffffffffd60  flags=(IsInteger|IsStore)
 106227: board.processor.cores.core: A0 T0 : 0x109b8 @__libc_setup_tls+22    : c_sdsp s5, 72(sp)          : MemWrite :  D=0x00000000ffffffff A=0x7ffffffffffffd58  flags=(IsInteger|IsStore)
 106560: board.processor.cores.core: A0 T0 : 0x109ba @__libc_setup_tls+24    : c_sdsp s6, 64(sp)          : MemWrite :  D=0x000000000000003a A=0x7ffffffffffffd50  flags=(IsInteger|IsStore)
 106893: board.processor.cores.core: A0 T0 : 0x109bc @__libc_setup_tls+26    : c_sdsp s7, 56(sp)          : MemWrite :  D=0x0000000000000000 A=0x7ffffffffffffd48  flags=(IsInteger|IsStore)
 107226: board.processor.cores.core: A0 T0 : 0x109be @__libc_setup_tls+28    : c_sdsp s8, 48(sp)          : MemWrite :  D=0x0000000000000000 A=0x7ffffffffffffd40  flags=(IsInteger|IsStore)
 107559: board.processor.cores.core: A0 T0 : 0x109c0 @__libc_setup_tls+30    : c_sdsp s9, 40(sp)          : MemWrite :  D=0x0000000000000000 A=0x7ffffffffffffd38  flags=(IsInteger|IsStore)
 107892: board.processor.cores.core: A0 T0 : 0x109c2 @__libc_setup_tls+32    : c_sdsp s10, 32(sp)         : MemWrite :  D=0x0000000000000000 A=0x7ffffffffffffd30  flags=(IsInteger|IsStore)
 108225: board.processor.cores.core: A0 T0 : 0x109c4 @__libc_setup_tls+34    : c_sdsp s11, 24(sp)         : MemWrite :  D=0x0000000000000000 A=0x7ffffffffffffd28  flags=(IsInteger|IsStore)
 108891: board.processor.cores.core: A0 T0 : 0x109c6 @__libc_setup_tls+36    : ld s3, 816(a4)             : MemRead :  D=0x000000000006fe60 A=0x70330  flags=(IsInteger|IsLoad)
 109557: board.processor.cores.core: A0 T0 : 0x109ca @__libc_setup_tls+40    : beq a5, ft0, 360           : IntAlu :   flags=(IsInteger|IsControl|IsDirectControl|IsCondControl)
 110223: board.processor.cores.core: A0 T0 : 0x109ce @__libc_setup_tls+44    : ld a4, -1160(gp)           : MemRead :  D=0x0000000000000007 A=0x70c40  flags=(IsInteger|IsLoad)
 110556: board.processor.cores.core: A0 T0 : 0x109d2 @__libc_setup_tls+48    : c_li a2, 7                 : IntAlu :  D=0x0000000000000007  flags=(IsInteger)
 110889: board.processor.cores.core: A0 T0 : 0x109d4 @__libc_setup_tls+50    : slli a3, a4, 3             : IntAlu :  D=0x0000000000000038  flags=(IsInteger)
 111222: board.processor.cores.core: A0 T0 : 0x109d8 @__libc_setup_tls+54    : c_sub a3, a4               : IntAlu :  D=0x0000000000000031  flags=(IsInteger)
 111555: board.processor.cores.core: A0 T0 : 0x109da @__libc_setup_tls+56    : c_slli a3, 3               : IntAlu :  D=0x0000000000000188  flags=(IsInteger)
 111888: board.processor.cores.core: A0 T0 : 0x109dc @__libc_setup_tls+58    : c_add a3, a5               : IntAlu :  D=0x00000000000101c8  flags=(IsInteger)
 112554: board.processor.cores.core: A0 T0 : 0x109de @__libc_setup_tls+60    : bltu a5, a3, 14            : IntAlu :   flags=(IsInteger|IsControl|IsDirectControl|IsCondControl)
 112887: board.processor.cores.core: A0 T0 : 0x109ec @__libc_setup_tls+74    : c_lw a4, 0(a5)             : MemRead :  D=0x0000000070000003 A=0x10040  flags=(IsInteger|IsLoad)
 113553: board.processor.cores.core: A0 T0 : 0x109ee @__libc_setup_tls+76    : bne a4, a2, -10            : IntAlu :   flags=(IsInteger|IsControl|IsDirectControl|IsCondControl)
 113886: board.processor.cores.core: A0 T0 : 0x109e4 @__libc_setup_tls+66    : addi a5, a5, 56            : IntAlu :  D=0x0000000000010078  flags=(IsInteger)
 114219: board.processor.cores.core: A0 T0 : 0x109e8 @__libc_setup_tls+70    : bgeu a5, a3, 330           : IntAlu :   flags=(IsInteger|IsControl|IsDirectControl|IsCondControl)
 114552: board.processor.cores.core: A0 T0 : 0x109ec @__libc_setup_tls+74    : c_lw a4, 0(a5)             : MemRead :  D=0x0000000000000001 A=0x10078  flags=(IsInteger|IsLoad)
 115218: board.processor.cores.core: A0 T0 : 0x109ee @__libc_setup_tls+76    : bne a4, a2, -10            : IntAlu :   flags=(IsInteger|IsControl|IsDirectControl|IsCondControl)
 115551: board.processor.cores.core: A0 T0 : 0x109e4 @__libc_setup_tls+66    : addi a5, a5, 56            : IntAlu :  D=0x00000000000100b0  flags=(IsInteger)
 115884: board.processor.cores.core: A0 T0 : 0x109e8 @__libc_setup_tls+70    : bgeu a5, a3, 330           : IntAlu :   flags=(IsInteger|IsControl|IsDirectControl|IsCondControl)
 116217: board.processor.cores.core: A0 T0 : 0x109ec @__libc_setup_tls+74    : c_lw a4, 0(a5)             : MemRead :  D=0x0000000000000001 A=0x100b0  flags=(IsInteger|IsLoad)
 116883: board.processor.cores.core: A0 T0 : 0x109ee @__libc_setup_tls+76    : bne a4, a2, -10            : IntAlu :   flags=(IsInteger|IsControl|IsDirectControl|IsCondControl)
 117216: board.processor.cores.core: A0 T0 : 0x109e4 @__libc_setup_tls+66    : addi a5, a5, 56            : IntAlu :  D=0x00000000000100e8  flags=(IsInteger)
 117549: board.processor.cores.core: A0 T0 : 0x109e8 @__libc_setup_tls+70    : bgeu a5, a3, 330           : IntAlu :   flags=(IsInteger|IsControl|IsDirectControl|IsCondControl)
 117882: board.processor.cores.core: A0 T0 : 0x109ec @__libc_setup_tls+74    : c_lw a4, 0(a5)             : MemRead :  D=0x0000000000000004 A=0x100e8  flags=(IsInteger|IsLoad)
 118548: board.processor.cores.core: A0 T0 : 0x109ee @__libc_setup_tls+76    : bne a4, a2, -10            : IntAlu :   flags=(IsInteger|IsControl|IsDirectControl|IsCondControl)
 118881: board.processor.cores.core: A0 T0 : 0x109e4 @__libc_setup_tls+66    : addi a5, a5, 56            : IntAlu :  D=0x0000000000010120  flags=(IsInteger)
 119214: board.processor.cores.core: A0 T0 : 0x109e8 @__libc_setup_tls+70    : bgeu a5, a3, 330           : IntAlu :   flags=(IsInteger|IsControl|IsDirectControl|IsCondControl)
 119547: board.processor.cores.core: A0 T0 : 0x109ec @__libc_setup_tls+74    : c_lw a4, 0(a5)             : MemRead :  D=0x0000000000000007 A=0x10120  flags=(IsInteger|IsLoad)
 120213: board.processor.cores.core: A0 T0 : 0x109ee @__libc_setup_tls+76    : bne a4, a2, -10            : IntAlu :   flags=(IsInteger|IsControl|IsDirectControl|IsCondControl)
 120879: board.processor.cores.core: A0 T0 : 0x109f2 @__libc_setup_tls+80    : ld s4, 0(s3)               : MemRead :  D=0x0000000000000000 A=0x6fe60  flags=(IsInteger|IsLoad)
 121212: board.processor.cores.core: A0 T0 : 0x109f6 @__libc_setup_tls+84    : c_ld a3, 16(a5)            : MemRead :  D=0x000000000006e538 A=0x10130  flags=(IsInteger|IsLoad)
 121545: board.processor.cores.core: A0 T0 : 0x109f8 @__libc_setup_tls+86    : ld s7, 48(a5)              : MemRead :  D=0x0000000000000008 A=0x10150  flags=(IsInteger|IsLoad)
 121878: board.processor.cores.core: A0 T0 : 0x109fc @__libc_setup_tls+90    : c_li a4, 16                : IntAlu :  D=0x0000000000000010  flags=(IsInteger)
 122544: board.processor.cores.core: A0 T0 : 0x109fe @__libc_setup_tls+92    : ld s10, 40(a5)             : MemRead :  D=0x0000000000000060 A=0x10148  flags=(IsInteger|IsLoad)
 123210: board.processor.cores.core: A0 T0 : 0x10a02 @__libc_setup_tls+96    : ld s5, 32(a5)              : MemRead :  D=0x0000000000000020 A=0x10140  flags=(IsInteger|IsLoad)
 123543: board.processor.cores.core: A0 T0 : 0x10a06 @__libc_setup_tls+100    : c_add s4, a3               : IntAlu :  D=0x000000000006e538  flags=(IsInteger)
 123876: board.processor.cores.core: A0 T0 : 0x10a08 @__libc_setup_tls+102    : c_mv s9, s7                : IntAlu :  D=0x0000000000000008  flags=(IsInteger)
 124542: board.processor.cores.core: A0 T0 : 0x10a0a @__libc_setup_tls+104    : bltu s7, a4, 280           : IntAlu :   flags=(IsInteger|IsControl|IsDirectControl|IsCondControl)
 124875: board.processor.cores.core: A0 T0 : 0x10b22 @__libc_setup_tls+384    : c_li a0, 0                 : IntAlu :  D=0x0000000000000000  flags=(IsInteger)
 125208: board.processor.cores.core: A0 T0 : 0x10b24 @__libc_setup_tls+386    : c_li s9, 16                : IntAlu :  D=0x0000000000000010  flags=(IsInteger)
 125874: board.processor.cores.core: A0 T0 : 0x10b26 @__libc_setup_tls+388    : jal ra, 89982              : IntAlu :  D=0x0000000000010b2a  flags=(IsInteger|IsControl|IsDirectControl|IsUncondControl|IsCall)
 126207: board.processor.cores.core: A0 T0 : 0x26aa4 @_dl_tls_static_surplus_init    : c_addi16sp sp, -48         : IntAlu :  D=0x7ffffffffffffce0  flags=(IsInteger)
 126540: board.processor.cores.core: A0 T0 : 0x26aa6 @_dl_tls_static_surplus_init+2    : c_sdsp s1, 24(sp)          : MemWrite :  D=0x0000000000010bfc A=0x7ffffffffffffcf8  flags=(IsInteger|IsStore)
 126873: board.processor.cores.core: A0 T0 : 0x26aa8 @_dl_tls_static_surplus_init+4    : c_li a2, 0                 : IntAlu :  D=0x0000000000000000  flags=(IsInteger)
 127206: board.processor.cores.core: A0 T0 : 0x26aaa @_dl_tls_static_surplus_init+6    : c_addi4spn a1, sp, 8       : IntAlu :  D=0x7ffffffffffffce8  flags=(IsInteger)
 127539: board.processor.cores.core: A0 T0 : 0x26aac @_dl_tls_static_surplus_init+8    : c_mv s1, a0                : IntAlu :  D=0x0000000000000000  flags=(IsInteger)
 127872: board.processor.cores.core: A0 T0 : 0x26aae @_dl_tls_static_surplus_init+10    : c_li a0, 0                 : IntAlu :  D=0x0000000000000000  flags=(IsInteger)
 128205: board.processor.cores.core: A0 T0 : 0x26ab0 @_dl_tls_static_surplus_init+12    : c_sdsp ra, 40(sp)          : MemWrite :  D=0x0000000000010b2a A=0x7ffffffffffffd08  flags=(IsInteger|IsStore)
 128538: board.processor.cores.core: A0 T0 : 0x26ab2 @_dl_tls_static_surplus_init+14    : c_sdsp s0, 32(sp)          : MemWrite :  D=0x0000000000010b6c A=0x7ffffffffffffd00  flags=(IsInteger|IsStore)
 128871: board.processor.cores.core: A0 T0 : 0x26ab4 @_dl_tls_static_surplus_init+16    : jal ra, 2896               : IntAlu :  D=0x0000000000026ab8  flags=(IsInteger|IsControl|IsDirectControl|IsUncondControl|IsCall)
 129204: board.processor.cores.core: A0 T0 : 0x27604 @__tunable_get_val    : slli a4, a0, 32            : IntAlu :  D=0x0000000000000000  flags=(IsInteger)
 129537: board.processor.cores.core: A0 T0 : 0x27608 @__tunable_get_val+4    : c_srli a4, 32              : IntAlu :  D=0x0000000000000000  flags=(IsInteger)
 130203: board.processor.cores.core: A0 T0 : 0x2760a @__tunable_get_val+6    : slli a5, a4, 3             : IntAlu :  D=0x0000000000000000  flags=(IsInteger)
 130536: board.processor.cores.core: A0 T0 : 0x2760e @__tunable_get_val+10    : c_sub a5, a4               : IntAlu :  D=0x0000000000000000  flags=(IsInteger)
 130869: board.processor.cores.core: A0 T0 : 0x27610 @__tunable_get_val+12    : lui a0, 110                : IntAlu :  D=0x000000000006e000  flags=(IsInteger)
 131202: board.processor.cores.core: A0 T0 : 0x27614 @__tunable_get_val+16    : addi a0, a0, 1416          : IntAlu :  D=0x000000000006e588  flags=(IsInteger)
 131535: board.processor.cores.core: A0 T0 : 0x27618 @__tunable_get_val+20    : c_slli a5, 4               : IntAlu :  D=0x0000000000000000  flags=(IsInteger)
 131868: board.processor.cores.core: A0 T0 : 0x2761a @__tunable_get_val+22    : c_add a5, a0               : IntAlu :  D=0x000000000006e588  flags=(IsInteger)
 132201: board.processor.cores.core: A0 T0 : 0x2761c @__tunable_get_val+24    : c_lw a3, 48(a5)            : MemRead :  D=0x0000000000000002 A=0x6e5b8  flags=(IsInteger|IsLoad)
 132534: board.processor.cores.core: A0 T0 : 0x2761e @__tunable_get_val+26    : c_li a6, 2                 : IntAlu :  D=0x0000000000000002  flags=(IsInteger)
 132867: board.processor.cores.core: A0 T0 : 0x27620 @__tunable_get_val+28    : c_ld a5, 72(a5)            : MemRead :  D=0x0000000000000004 A=0x6e5d0  flags=(IsInteger|IsLoad)
 133533: board.processor.cores.core: A0 T0 : 0x27622 @__tunable_get_val+30    : bltu a6, a3, 38            : IntAlu :   flags=(IsInteger|IsControl|IsDirectControl|IsCondControl)
 133866: board.processor.cores.core: A0 T0 : 0x27626 @__tunable_get_val+34    : c_bnez a3, 34              : IntAlu :   flags=(IsInteger|IsControl|IsDirectControl|IsCondControl)
 134199: board.processor.cores.core: A0 T0 : 0x27648 @__tunable_get_val+68    : c_sd a5, 0(a1)             : MemWrite :  D=0x0000000000000004 A=0x7ffffffffffffce8  flags=(IsInteger|IsStore)
 134532: board.processor.cores.core: A0 T0 : 0x2764a @__tunable_get_val+70    : c_j -32                    : IntAlu :   flags=(IsControl|IsDirectControl|IsUncondControl)
 135198: board.processor.cores.core: A0 T0 : 0x2762a @__tunable_get_val+38    : slli a5, a4, 3             : IntAlu :  D=0x0000000000000000  flags=(IsInteger)
 135531: board.processor.cores.core: A0 T0 : 0x2762e @__tunable_get_val+42    : c_sub a5, a4               : IntAlu :  D=0x0000000000000000  flags=(IsInteger)
 135864: board.processor.cores.core: A0 T0 : 0x27630 @__tunable_get_val+44    : c_slli a5, 4               : IntAlu :  D=0x0000000000000000  flags=(IsInteger)
 136530: board.processor.cores.core: A0 T0 : 0x27632 @__tunable_get_val+46    : add a4, a0, a5             : IntAlu :  D=0x000000000006e588  flags=(IsInteger)
 137196: board.processor.cores.core: A0 T0 : 0x27636 @__tunable_get_val+50    : lbu a4, 80(a4)             : MemRead :  D=0x0000000000000000 A=0x6e5d8  flags=(IsInteger|IsLoad)
 137529: board.processor.cores.core: A0 T0 : 0x2763a @__tunable_get_val+54    : c_beqz a4, 12              : IntAlu :   flags=(IsInteger|IsControl|IsDirectControl|IsCondControl)
 137862: board.processor.cores.core: A0 T0 : 0x27646 @__tunable_get_val+66    : c_jr ra                    : IntAlu :   flags=(IsInteger|IsControl|IsIndirectControl|IsUncondControl|IsReturn)
 138195: board.processor.cores.core: A0 T0 : 0x26ab8 @_dl_tls_static_surplus_init+20    : c_ldsp s0, 8(sp)           : MemRead :  D=0x0000000000000004 A=0x7ffffffffffffce8  flags=(IsInteger|IsLoad)
 138528: board.processor.cores.core: A0 T0 : 0x26aba @_dl_tls_static_surplus_init+22    : c_li a2, 0                 : IntAlu :  D=0x0000000000000000  flags=(IsInteger)
 138861: board.processor.cores.core: A0 T0 : 0x26abc @_dl_tls_static_surplus_init+24    : c_addi4spn a1, sp, 8       : IntAlu :  D=0x7ffffffffffffce8  flags=(IsInteger)
 139194: board.processor.cores.core: A0 T0 : 0x26abe @_dl_tls_static_surplus_init+26    : c_li a0, 20                : IntAlu :  D=0x0000000000000014  flags=(IsInteger)
 139527: board.processor.cores.core: A0 T0 : 0x26ac0 @_dl_tls_static_surplus_init+28    : jal ra, 2884               : IntAlu :  D=0x0000000000026ac4  flags=(IsInteger|IsControl|IsDirectControl|IsUncondControl|IsCall)
 139860: board.processor.cores.core: A0 T0 : 0x27604 @__tunable_get_val    : slli a4, a0, 32            : IntAlu :  D=0x0000001400000000  flags=(IsInteger)
 140193: board.processor.cores.core: A0 T0 : 0x27608 @__tunable_get_val+4    : c_srli a4, 32              : IntAlu :  D=0x0000000000000014  flags=(IsInteger)
 140859: board.processor.cores.core: A0 T0 : 0x2760a @__tunable_get_val+6    : slli a5, a4, 3             : IntAlu :  D=0x00000000000000a0  flags=(IsInteger)
 141192: board.processor.cores.core: A0 T0 : 0x2760e @__tunable_get_val+10    : c_sub a5, a4               : IntAlu :  D=0x000000000000008c  flags=(IsInteger)
 141525: board.processor.cores.core: A0 T0 : 0x27610 @__tunable_get_val+12    : lui a0, 110                : IntAlu :  D=0x000000000006e000  flags=(IsInteger)
 141858: board.processor.cores.core: A0 T0 : 0x27614 @__tunable_get_val+16    : addi a0, a0, 1416          : IntAlu :  D=0x000000000006e588  flags=(IsInteger)
 142191: board.processor.cores.core: A0 T0 : 0x27618 @__tunable_get_val+20    : c_slli a5, 4               : IntAlu :  D=0x00000000000008c0  flags=(IsInteger)
 142524: board.processor.cores.core: A0 T0 : 0x2761a @__tunable_get_val+22    : c_add a5, a0               : IntAlu :  D=0x000000000006ee48  flags=(IsInteger)
 142857: board.processor.cores.core: A0 T0 : 0x2761c @__tunable_get_val+24    : c_lw a3, 48(a5)            : MemRead :  D=0x0000000000000002 A=0x6ee78  flags=(IsInteger|IsLoad)
 143190: board.processor.cores.core: A0 T0 : 0x2761e @__tunable_get_val+26    : c_li a6, 2                 : IntAlu :  D=0x0000000000000002  flags=(IsInteger)
 143523: board.processor.cores.core: A0 T0 : 0x27620 @__tunable_get_val+28    : c_ld a5, 72(a5)            : MemRead :  D=0x0000000000000200 A=0x6ee90  flags=(IsInteger|IsLoad)
 144189: board.processor.cores.core: A0 T0 : 0x27622 @__tunable_get_val+30    : bltu a6, a3, 38            : IntAlu :   flags=(IsInteger|IsControl|IsDirectControl|IsCondControl)
 144522: board.processor.cores.core: A0 T0 : 0x27626 @__tunable_get_val+34    : c_bnez a3, 34              : IntAlu :   flags=(IsInteger|IsControl|IsDirectControl|IsCondControl)
 144855: board.processor.cores.core: A0 T0 : 0x27648 @__tunable_get_val+68    : c_sd a5, 0(a1)             : MemWrite :  D=0x0000000000000200 A=0x7ffffffffffffce8  flags=(IsInteger|IsStore)
 145188: board.processor.cores.core: A0 T0 : 0x2764a @__tunable_get_val+70    : c_j -32                    : IntAlu :   flags=(IsControl|IsDirectControl|IsUncondControl)
 145854: board.processor.cores.core: A0 T0 : 0x2762a @__tunable_get_val+38    : slli a5, a4, 3             : IntAlu :  D=0x00000000000000a0  flags=(IsInteger)
 146187: board.processor.cores.core: A0 T0 : 0x2762e @__tunable_get_val+42    : c_sub a5, a4               : IntAlu :  D=0x000000000000008c  flags=(IsInteger)
 146520: board.processor.cores.core: A0 T0 : 0x27630 @__tunable_get_val+44    : c_slli a5, 4               : IntAlu :  D=0x00000000000008c0  flags=(IsInteger)
 147186: board.processor.cores.core: A0 T0 : 0x27632 @__tunable_get_val+46    : add a4, a0, a5             : IntAlu :  D=0x000000000006ee48  flags=(IsInteger)
 147852: board.processor.cores.core: A0 T0 : 0x27636 @__tunable_get_val+50    : lbu a4, 80(a4)             : MemRead :  D=0x0000000000000000 A=0x6ee98  flags=(IsInteger|IsLoad)
 148185: board.processor.cores.core: A0 T0 : 0x2763a @__tunable_get_val+54    : c_beqz a4, 12              : IntAlu :   flags=(IsInteger|IsControl|IsDirectControl|IsCondControl)
 148518: board.processor.cores.core: A0 T0 : 0x27646 @__tunable_get_val+66    : c_jr ra                    : IntAlu :   flags=(IsInteger|IsControl|IsIndirectControl|IsUncondControl|IsReturn)
 148851: board.processor.cores.core: A0 T0 : 0x26ac4 @_dl_tls_static_surplus_init+32    : c_ldsp a3, 8(sp)           : MemRead :  D=0x0000000000000200 A=0x7ffffffffffffce8  flags=(IsInteger|IsLoad)
 149184: board.processor.cores.core: A0 T0 : 0x26ac6 @_dl_tls_static_surplus_init+34    : c_li a5, 1                 : IntAlu :  D=0x0000000000000001  flags=(IsInteger)
 149517: board.processor.cores.core: A0 T0 : 0x26ac8 @_dl_tls_static_surplus_init+36    : c_bnez s0, 4               : IntAlu :   flags=(IsInteger|IsControl|IsDirectControl|IsCondControl)
 149850: board.processor.cores.core: A0 T0 : 0x26acc @_dl_tls_static_surplus_init+40    : c_li a2, 1                 : IntAlu :  D=0x0000000000000001  flags=(IsInteger)
 150183: board.processor.cores.core: A0 T0 : 0x26ace @_dl_tls_static_surplus_init+42    : c_sub a2, a5               : IntAlu :  D=0x0000000000000000  flags=(IsInteger)
 150516: board.processor.cores.core: A0 T0 : 0x26ad0 @_dl_tls_static_surplus_init+44    : bltu a2, s1, 46            : IntAlu :   flags=(IsInteger|IsControl|IsDirectControl|IsCondControl)
 150849: board.processor.cores.core: A0 T0 : 0x26ad4 @_dl_tls_static_surplus_init+48    : c_addw a5, s1              : IntAlu :  D=0x0000000000000001  flags=(IsInteger)
 151515: board.processor.cores.core: A0 T0 : 0x26ad6 @_dl_tls_static_surplus_init+50    : addiw a4, a5, -1           : IntAlu :  D=0x0000000000000000  flags=(IsInteger)
 151848: board.processor.cores.core: A0 T0 : 0x26ada @_dl_tls_static_surplus_init+54    : c_addw a4, a5              : IntAlu :  D=0x0000000000000001  flags=(IsInteger)
 152181: board.processor.cores.core: A0 T0 : 0x26adc @_dl_tls_static_surplus_init+56    : slliw a5, a4, 3            : IntAlu :  D=0x0000000000000008  flags=(IsInteger)
 152514: board.processor.cores.core: A0 T0 : 0x26ae0 @_dl_tls_static_surplus_init+60    : c_addw a5, a4              : IntAlu :  D=0x0000000000000009  flags=(IsInteger)
 153180: board.processor.cores.core: A0 T0 : 0x26ae2 @_dl_tls_static_surplus_init+62    : slliw a5, a5, 4            : IntAlu :  D=0x0000000000000090  flags=(IsInteger)
 153513: board.processor.cores.core: A0 T0 : 0x26ae6 @_dl_tls_static_surplus_init+66    : c_ldsp ra, 40(sp)          : MemRead :  D=0x0000000000010b2a A=0x7ffffffffffffd08  flags=(IsInteger|IsLoad)
 153846: board.processor.cores.core: A0 T0 : 0x26ae8 @_dl_tls_static_surplus_init+68    : c_ldsp s0, 32(sp)          : MemRead :  D=0x0000000000010b6c A=0x7ffffffffffffd00  flags=(IsInteger|IsLoad)
 154179: board.processor.cores.core: A0 T0 : 0x26aea @_dl_tls_static_surplus_init+70    : c_addw a5, a3              : IntAlu :  D=0x0000000000000290  flags=(IsInteger)
 154512: board.processor.cores.core: A0 T0 : 0x26aec @_dl_tls_static_surplus_init+72    : sd a3, -1608(gp)           : MemWrite :  D=0x0000000000000200 A=0x70a80  flags=(IsInteger|IsStore)
 154845: board.processor.cores.core: A0 T0 : 0x26af0 @_dl_tls_static_surplus_init+76    : addiw a5, a5, 144          : IntAlu :  D=0x0000000000000320  flags=(IsInteger)
 155178: board.processor.cores.core: A0 T0 : 0x26af4 @_dl_tls_static_surplus_init+80    : sd a5, -1600(gp)           : MemWrite :  D=0x0000000000000320 A=0x70a88  flags=(IsInteger|IsStore)
 155511: board.processor.cores.core: A0 T0 : 0x26af8 @_dl_tls_static_surplus_init+84    : c_ldsp s1, 24(sp)          : MemRead :  D=0x0000000000010bfc A=0x7ffffffffffffcf8  flags=(IsInteger|IsLoad)
 155844: board.processor.cores.core: A0 T0 : 0x26afa @_dl_tls_static_surplus_init+86    : c_addi16sp sp, 48          : IntAlu :  D=0x7ffffffffffffd10  flags=(IsInteger)
 156177: board.processor.cores.core: A0 T0 : 0x26afc @_dl_tls_static_surplus_init+88    : c_jr ra                    : IntAlu :   flags=(IsInteger|IsControl|IsIndirectControl|IsUncondControl|IsReturn)
 156510: board.processor.cores.core: A0 T0 : 0x10b2a @__libc_setup_tls+392    : c_mv s11, s7               : IntAlu :  D=0x0000000000000008  flags=(IsInteger)
 156843: board.processor.cores.core: A0 T0 : 0x10b2c @__libc_setup_tls+394    : bne s7, ft0, -274          : IntAlu :   flags=(IsInteger|IsControl|IsDirectControl|IsCondControl)
 157509: board.processor.cores.core: A0 T0 : 0x10a1a @__libc_setup_tls+120    : addi s6, s9, -1            : IntAlu :  D=0x000000000000000f  flags=(IsInteger)
 158175: board.processor.cores.core: A0 T0 : 0x10a1e @__libc_setup_tls+124    : sub s1, ft0, s9            : IntAlu :  D=0xfffffffffffffff0  flags=(IsInteger)
 158841: board.processor.cores.core: A0 T0 : 0x10a22 @__libc_setup_tls+128    : beq s7, ft0, 302           : IntAlu :   flags=(IsInteger|IsControl|IsDirectControl|IsCondControl)
 159507: board.processor.cores.core: A0 T0 : 0x10a26 @__libc_setup_tls+132    : addi a4, s7, -1            : IntAlu :  D=0x0000000000000007  flags=(IsInteger)
 160173: board.processor.cores.core: A0 T0 : 0x10a2a @__libc_setup_tls+136    : divu s8, a4, s11           : IntDiv :  D=0x0000000000000000  flags=(IsInteger)
 160839: board.processor.cores.core: A0 T0 : 0x10a2e @__libc_setup_tls+140    : add a5, s10, a4            : IntAlu :  D=0x0000000000000067  flags=(IsInteger)
 161172: board.processor.cores.core: A0 T0 : 0x10a32 @__libc_setup_tls+144    : c_sdsp a5, 8(sp)           : MemWrite :  D=0x0000000000000067 A=0x7ffffffffffffd18  flags=(IsInteger|IsStore)
 161505: board.processor.cores.core: A0 T0 : 0x10a34 @__libc_setup_tls+146    : mul s8, s8, s11            : IntMult :  D=0x0000000000000000  flags=(IsInteger)
 161838: board.processor.cores.core: A0 T0 : 0x10a38 @__libc_setup_tls+150    : c_sdsp s8, 0(sp)           : MemWrite :  D=0x0000000000000000 A=0x7ffffffffffffd10  flags=(IsInteger|IsStore)
 162504: board.processor.cores.core: A0 T0 : 0x10a3a @__libc_setup_tls+152    : ld a0, -1600(gp)           : MemRead :  D=0x0000000000000320 A=0x70a88  flags=(IsInteger|IsLoad)
 163170: board.processor.cores.core: A0 T0 : 0x10a3e @__libc_setup_tls+156    : addi a0, a0, 1952          : IntAlu :  D=0x0000000000000ac0  flags=(IsInteger)
 163503: board.processor.cores.core: A0 T0 : 0x10a42 @__libc_setup_tls+160    : c_add a0, s10              : IntAlu :  D=0x0000000000000b20  flags=(IsInteger)
 163836: board.processor.cores.core: A0 T0 : 0x10a44 @__libc_setup_tls+162    : c_add a0, s9               : IntAlu :  D=0x0000000000000b30  flags=(IsInteger)
 164169: board.processor.cores.core: A0 T0 : 0x10a46 @__libc_setup_tls+164    : c_add a0, s8               : IntAlu :  D=0x0000000000000b30  flags=(IsInteger)
 164502: board.processor.cores.core: A0 T0 : 0x10a48 @__libc_setup_tls+166    : jal ra, 85960              : IntAlu :  D=0x0000000000010a4c  flags=(IsInteger|IsControl|IsDirectControl|IsUncondControl|IsCall)
 164835: board.processor.cores.core: A0 T0 : 0x25a10 @__sbrk    : c_addi sp, -32             : IntAlu :  D=0x7ffffffffffffcf0  flags=(IsInteger)
 165168: board.processor.cores.core: A0 T0 : 0x25a12 @__sbrk+2    : c_sdsp s2, 0(sp)           : MemWrite :  D=0x00000000000103b0 A=0x7ffffffffffffcf0  flags=(IsInteger|IsStore)
 165501: board.processor.cores.core: A0 T0 : 0x25a14 @__sbrk+4    : c_sdsp s1, 8(sp)           : MemWrite :  D=0xfffffffffffffff0 A=0x7ffffffffffffcf8  flags=(IsInteger|IsStore)
 166167: board.processor.cores.core: A0 T0 : 0x25a16 @__sbrk+6    : ld s1, -816(gp)            : MemRead :  D=0x0000000000000000 A=0x70d98  flags=(IsInteger|IsLoad)
 166500: board.processor.cores.core: A0 T0 : 0x25a1a @__sbrk+10    : c_sdsp s0, 16(sp)          : MemWrite :  D=0x0000000000010b6c A=0x7ffffffffffffd00  flags=(IsInteger|IsStore)
 166833: board.processor.cores.core: A0 T0 : 0x25a1c @__sbrk+12    : c_sdsp ra, 24(sp)          : MemWrite :  D=0x0000000000010a4c A=0x7ffffffffffffd08  flags=(IsInteger|IsStore)
 167166: board.processor.cores.core: A0 T0 : 0x25a1e @__sbrk+14    : c_mv s0, a0                : IntAlu :  D=0x0000000000000b30  flags=(IsInteger)
 167499: board.processor.cores.core: A0 T0 : 0x25a20 @__sbrk+16    : c_beqz s1, 82              : IntAlu :   flags=(IsInteger|IsControl|IsDirectControl|IsCondControl)
 167832: board.processor.cores.core: A0 T0 : 0x25a72 @__sbrk+98    : c_li a0, 0                 : IntAlu :  D=0x0000000000000000  flags=(IsInteger)
 168165: board.processor.cores.core: A0 T0 : 0x25a74 @__sbrk+100    : jal ra, 89336              : IntAlu :  D=0x0000000000025a78  flags=(IsInteger|IsControl|IsDirectControl|IsUncondControl|IsCall)
 168498: board.processor.cores.core: A0 T0 : 0x3b76c @brk    : c_mv a5, a0                : IntAlu :  D=0x0000000000000000  flags=(IsInteger)
 169164: board.processor.cores.core: A0 T0 : 0x3b76e @brk+2    : addi a7, ft0, 214          : IntAlu :  D=0x00000000000000d6  flags=(IsInteger)
 169830: board.processor.cores.core: A0 T0 : 0x3b772 @brk+6    : ecall                      : No_OpClass :   flags=(IsSerializeAfter|IsNonSpeculative|IsSyscall)
 170496: board.processor.cores.core: A0 T0 : 0x3b776 @brk+10    : sd a0, -816(gp)            : MemWrite :  D=0x0000000000073000 A=0x70d98  flags=(IsInteger|IsStore)
 171162: board.processor.cores.core: A0 T0 : 0x3b77a @brk+14    : bltu a0, a5, 8             : IntAlu :   flags=(IsInteger|IsControl|IsDirectControl|IsCondControl)
 171495: board.processor.cores.core: A0 T0 : 0x3b77e @brk+18    : c_li a0, 0                 : IntAlu :  D=0x0000000000000000  flags=(IsInteger)
 171828: board.processor.cores.core: A0 T0 : 0x3b780 @brk+20    : c_jr ra                    : IntAlu :   flags=(IsInteger|IsControl|IsIndirectControl|IsUncondControl|IsReturn)
 172161: board.processor.cores.core: A0 T0 : 0x25a78 @__sbrk+104    : blt a0, ft0, -22           : IntAlu :   flags=(IsInteger|IsControl|IsDirectControl|IsCondControl)
 172494: board.processor.cores.core: A0 T0 : 0x25a7c @__sbrk+108    : ld s1, -816(gp)            : MemRead :  D=0x0000000000073000 A=0x70d98  flags=(IsInteger|IsLoad)
 172827: board.processor.cores.core: A0 T0 : 0x25a80 @__sbrk+112    : c_j -94                    : IntAlu :   flags=(IsControl|IsDirectControl|IsUncondControl)
 173160: board.processor.cores.core: A0 T0 : 0x25a22 @__sbrk+18    : c_beqz s0, 30              : IntAlu :   flags=(IsInteger|IsControl|IsDirectControl|IsCondControl)
 173493: board.processor.cores.core: A0 T0 : 0x25a24 @__sbrk+20    : bge ft0, s0, 42            : IntAlu :   flags=(IsInteger|IsControl|IsDirectControl|IsCondControl)
 173826: board.processor.cores.core: A0 T0 : 0x25a28 @__sbrk+24    : add a0, s1, s0             : IntAlu :  D=0x0000000000073b30  flags=(IsInteger)
 174159: board.processor.cores.core: A0 T0 : 0x25a2c @__sbrk+28    : bgeu a0, s1, 46            : IntAlu :   flags=(IsInteger|IsControl|IsDirectControl|IsCondControl)
 174825: board.processor.cores.core: A0 T0 : 0x25a5a @__sbrk+74    : jal ra, 89362              : IntAlu :  D=0x0000000000025a5e  flags=(IsInteger|IsControl|IsDirectControl|IsUncondControl|IsCall)
 175158: board.processor.cores.core: A0 T0 : 0x3b76c @brk    : c_mv a5, a0                : IntAlu :  D=0x0000000000073b30  flags=(IsInteger)
 175824: board.processor.cores.core: A0 T0 : 0x3b76e @brk+2    : addi a7, ft0, 214          : IntAlu :  D=0x00000000000000d6  flags=(IsInteger)
 176490: board.processor.cores.core: A0 T0 : 0x3b772 @brk+6    : ecall                      : No_OpClass :   flags=(IsSerializeAfter|IsNonSpeculative|IsSyscall)
 177156: board.processor.cores.core: A0 T0 : 0x3b776 @brk+10    : sd a0, -816(gp)            : MemWrite :  D=0x0000000000073b30 A=0x70d98  flags=(IsInteger|IsStore)
 177822: board.processor.cores.core: A0 T0 : 0x3b77a @brk+14    : bltu a0, a5, 8             : IntAlu :   flags=(IsInteger|IsControl|IsDirectControl|IsCondControl)
 178155: board.processor.cores.core: A0 T0 : 0x3b77e @brk+18    : c_li a0, 0                 : IntAlu :  D=0x0000000000000000  flags=(IsInteger)
 178488: board.processor.cores.core: A0 T0 : 0x3b780 @brk+20    : c_jr ra                    : IntAlu :   flags=(IsInteger|IsControl|IsIndirectControl|IsUncondControl|IsReturn)
 179154: board.processor.cores.core: A0 T0 : 0x25a5e @__sbrk+78    : bge a0, ft0, -30           : IntAlu :   flags=(IsInteger|IsControl|IsDirectControl|IsCondControl)
 179487: board.processor.cores.core: A0 T0 : 0x25a40 @__sbrk+48    : c_ldsp ra, 24(sp)          : MemRead :  D=0x0000000000010a4c A=0x7ffffffffffffd08  flags=(IsInteger|IsLoad)
 179820: board.processor.cores.core: A0 T0 : 0x25a42 @__sbrk+50    : c_ldsp s0, 16(sp)          : MemRead :  D=0x0000000000010b6c A=0x7ffffffffffffd00  flags=(IsInteger|IsLoad)
 180153: board.processor.cores.core: A0 T0 : 0x25a44 @__sbrk+52    : c_ldsp s2, 0(sp)           : MemRead :  D=0x00000000000103b0 A=0x7ffffffffffffcf0  flags=(IsInteger|IsLoad)
 180486: board.processor.cores.core: A0 T0 : 0x25a46 @__sbrk+54    : c_mv a0, s1                : IntAlu :  D=0x0000000000073000  flags=(IsInteger)
 180819: board.processor.cores.core: A0 T0 : 0x25a48 @__sbrk+56    : c_ldsp s1, 8(sp)           : MemRead :  D=0xfffffffffffffff0 A=0x7ffffffffffffcf8  flags=(IsInteger|IsLoad)
 181152: board.processor.cores.core: A0 T0 : 0x25a4a @__sbrk+58    : c_addi16sp sp, 32          : IntAlu :  D=0x7ffffffffffffd10  flags=(IsInteger)
 181485: board.processor.cores.core: A0 T0 : 0x25a4c @__sbrk+60    : c_jr ra                    : IntAlu :   flags=(IsInteger|IsControl|IsIndirectControl|IsUncondControl|IsReturn)
 181818: board.processor.cores.core: A0 T0 : 0x10a4c @__libc_setup_tls+170    : c_ldsp a5, 0(sp)           : MemRead :  D=0x0000000000000000 A=0x7ffffffffffffd10  flags=(IsInteger|IsLoad)
 182484: board.processor.cores.core: A0 T0 : 0x10a4e @__libc_setup_tls+172    : addi s0, a0, 1952          : IntAlu :  D=0x00000000000737a0  flags=(IsInteger)
 182817: board.processor.cores.core: A0 T0 : 0x10a52 @__libc_setup_tls+176    : c_add s0, s6               : IntAlu :  D=0x00000000000737af  flags=(IsInteger)
 183150: board.processor.cores.core: A0 T0 : 0x10a54 @__libc_setup_tls+178    : c_and s0, s1               : IntAlu :  D=0x00000000000737a0  flags=(IsInteger)
 183816: board.processor.cores.core: A0 T0 : 0x10a56 @__libc_setup_tls+180    : addi s1, gp, -592          : IntAlu :  D=0x0000000000070e78  flags=(IsInteger)
 184482: board.processor.cores.core: A0 T0 : 0x10a5a @__libc_setup_tls+184    : add a0, s0, s8             : IntAlu :  D=0x00000000000737a0  flags=(IsInteger)
 185148: board.processor.cores.core: A0 T0 : 0x10a5e @__libc_setup_tls+188    : sd a5, 1088(s3)            : MemWrite :  D=0x0000000000000000 A=0x702a0  flags=(IsInteger|IsStore)
 185814: board.processor.cores.core: A0 T0 : 0x10a62 @__libc_setup_tls+192    : addi a5, ft0, 62           : IntAlu :  D=0x000000000000003e  flags=(IsInteger)
 186147: board.processor.cores.core: A0 T0 : 0x10a66 @__libc_setup_tls+196    : c_mv a1, s4                : IntAlu :  D=0x000000000006e538  flags=(IsInteger)
 186480: board.processor.cores.core: A0 T0 : 0x10a68 @__libc_setup_tls+198    : c_sd a5, 0(s1)             : MemWrite :  D=0x000000000000003e A=0x70e78  flags=(IsInteger|IsStore)
 186813: board.processor.cores.core: A0 T0 : 0x10a6a @__libc_setup_tls+200    : c_mv a2, s5                : IntAlu :  D=0x0000000000000020  flags=(IsInteger)
 187146: board.processor.cores.core: A0 T0 : 0x10a6c @__libc_setup_tls+202    : c_sd a0, 32(s1)            : MemWrite :  D=0x00000000000737a0 A=0x70e98  flags=(IsInteger|IsStore)
 187812: board.processor.cores.core: A0 T0 : 0x10a6e @__libc_setup_tls+204    : sd ft0, 40(s1)             : MemWrite :  D=0x0000000000000000 A=0x70ea0  flags=(IsInteger|IsStore)
 188478: board.processor.cores.core: A0 T0 : 0x10a72 @__libc_setup_tls+208    : jal ra, 78928              : IntAlu :  D=0x0000000000010a76  flags=(IsInteger|IsControl|IsDirectControl|IsUncondControl|IsCall)
 188811: board.processor.cores.core: A0 T0 : 0x23ec2 @memcpy    : c_addi16sp sp, -48         : IntAlu :  D=0x7ffffffffffffce0  flags=(IsInteger)
 189144: board.processor.cores.core: A0 T0 : 0x23ec4 @memcpy+2    : c_sdsp s0, 32(sp)          : MemWrite :  D=0x00000000000737a0 A=0x7ffffffffffffd00  flags=(IsInteger|IsStore)
 189477: board.processor.cores.core: A0 T0 : 0x23ec6 @memcpy+4    : c_sdsp s2, 16(sp)          : MemWrite :  D=0x00000000000103b0 A=0x7ffffffffffffcf0  flags=(IsInteger|IsStore)
 189810: board.processor.cores.core: A0 T0 : 0x23ec8 @memcpy+6    : c_sdsp ra, 40(sp)          : MemWrite :  D=0x0000000000010a76 A=0x7ffffffffffffd08  flags=(IsInteger|IsStore)
 190143: board.processor.cores.core: A0 T0 : 0x23eca @memcpy+8    : c_sdsp s1, 24(sp)          : MemWrite :  D=0x0000000000070e78 A=0x7ffffffffffffcf8  flags=(IsInteger|IsStore)
 190476: board.processor.cores.core: A0 T0 : 0x23ecc @memcpy+10    : c_sdsp s3, 8(sp)           : MemWrite :  D=0x000000000006fe60 A=0x7ffffffffffffce8  flags=(IsInteger|IsStore)
 190809: board.processor.cores.core: A0 T0 : 0x23ece @memcpy+12    : c_li a5, 15                : IntAlu :  D=0x000000000000000f  flags=(IsInteger)
 191142: board.processor.cores.core: A0 T0 : 0x23ed0 @memcpy+14    : c_mv s2, a0                : IntAlu :  D=0x00000000000737a0  flags=(IsInteger)
 191475: board.processor.cores.core: A0 T0 : 0x23ed2 @memcpy+16    : c_mv a4, a0                : IntAlu :  D=0x00000000000737a0  flags=(IsInteger)
 191808: board.processor.cores.core: A0 T0 : 0x23ed4 @memcpy+18    : c_mv s0, a1                : IntAlu :  D=0x000000000006e538  flags=(IsInteger)
 192474: board.processor.cores.core: A0 T0 : 0x23ed6 @memcpy+20    : bgeu a5, a2, 72            : IntAlu :   flags=(IsInteger|IsControl|IsDirectControl|IsCondControl)
 193140: board.processor.cores.core: A0 T0 : 0x23eda @memcpy+24    : sub a0, ft0, a0            : IntAlu :  D=0xfffffffffff8c860  flags=(IsInteger)
 193473: board.processor.cores.core: A0 T0 : 0x23ede @memcpy+28    : c_andi a0, 7               : IntAlu :  D=0x0000000000000000  flags=(IsInteger)
 193806: board.processor.cores.core: A0 T0 : 0x23ee0 @memcpy+30    : sub s1, a2, a0             : IntAlu :  D=0x0000000000000020  flags=(IsInteger)
 194139: board.processor.cores.core: A0 T0 : 0x23ee4 @memcpy+34    : c_beqz a0, 110             : IntAlu :   flags=(IsInteger|IsControl|IsDirectControl|IsCondControl)
 194472: board.processor.cores.core: A0 T0 : 0x23f52 @memcpy+144    : c_mv s3, s2                : IntAlu :  D=0x00000000000737a0  flags=(IsInteger)
 194805: board.processor.cores.core: A0 T0 : 0x23f54 @memcpy+146    : c_j -84                    : IntAlu :   flags=(IsControl|IsDirectControl|IsUncondControl)
 195138: board.processor.cores.core: A0 T0 : 0x23f00 @memcpy+62    : andi a5, s0, 7             : IntAlu :  D=0x0000000000000000  flags=(IsInteger)
 195471: board.processor.cores.core: A0 T0 : 0x23f04 @memcpy+66    : srli a2, s1, 3             : IntAlu :  D=0x0000000000000004  flags=(IsInteger)
 195804: board.processor.cores.core: A0 T0 : 0x23f08 @memcpy+70    : c_mv a1, s0                : IntAlu :  D=0x000000000006e538  flags=(IsInteger)
 196137: board.processor.cores.core: A0 T0 : 0x23f0a @memcpy+72    : c_mv a0, s3                : IntAlu :  D=0x00000000000737a0  flags=(IsInteger)
 196470: board.processor.cores.core: A0 T0 : 0x23f0c @memcpy+74    : c_bnez a5, 64              : IntAlu :   flags=(IsInteger|IsControl|IsDirectControl|IsCondControl)
 197136: board.processor.cores.core: A0 T0 : 0x23f0e @memcpy+76    : jal ra, 72                 : IntAlu :  D=0x0000000000023f12  flags=(IsInteger|IsControl|IsDirectControl|IsUncondControl|IsCall)
 197802: board.processor.cores.core: A0 T0 : 0x23f56 @_wordcopy_fwd_aligned    : andi a5, a2, 7             : IntAlu :  D=0x0000000000000004  flags=(IsInteger)
 198468: board.processor.cores.core: A0 T0 : 0x23f5a @_wordcopy_fwd_aligned+4    : lui a4, 79                 : IntAlu :  D=0x000000000004f000  flags=(IsInteger)
 198801: board.processor.cores.core: A0 T0 : 0x23f5e @_wordcopy_fwd_aligned+8    : c_slli a5, 2               : IntAlu :  D=0x0000000000000010  flags=(IsInteger)
 199134: board.processor.cores.core: A0 T0 : 0x23f60 @_wordcopy_fwd_aligned+10    : addi a4, a4, -448          : IntAlu :  D=0x000000000004ee40  flags=(IsInteger)
 199467: board.processor.cores.core: A0 T0 : 0x23f64 @_wordcopy_fwd_aligned+14    : c_add a5, a4               : IntAlu :  D=0x000000000004ee50  flags=(IsInteger)
 199800: board.processor.cores.core: A0 T0 : 0x23f66 @_wordcopy_fwd_aligned+16    : c_lw a5, 0(a5)             : MemRead :  D=0x0000000000024000 A=0x4ee50  flags=(IsInteger|IsLoad)
 200133: board.processor.cores.core: A0 T0 : 0x23f68 @_wordcopy_fwd_aligned+18    : c_jr a5                    : IntAlu :   flags=(IsInteger|IsControl|IsIndirectControl|IsUncondControl)
 200466: board.processor.cores.core: A0 T0 : 0x24000 @_wordcopy_fwd_aligned+170    : ld a6, 0(a1)               : MemRead :  D=0x0000000000070680 A=0x6e538  flags=(IsInteger|IsLoad)
 200799: board.processor.cores.core: A0 T0 : 0x24004 @_wordcopy_fwd_aligned+174    : c_mv a3, a0                : IntAlu :  D=0x00000000000737a0  flags=(IsInteger)
 201132: board.processor.cores.core: A0 T0 : 0x24006 @_wordcopy_fwd_aligned+176    : c_addi a1, -32             : IntAlu :  D=0x000000000006e518  flags=(IsInteger)
 201465: board.processor.cores.core: A0 T0 : 0x24008 @_wordcopy_fwd_aligned+178    : addi a5, a0, -40           : IntAlu :  D=0x0000000000073778  flags=(IsInteger)
 201798: board.processor.cores.core: A0 T0 : 0x2400c @_wordcopy_fwd_aligned+182    : c_addi a2, 4               : IntAlu :  D=0x0000000000000008  flags=(IsInteger)
 202131: board.processor.cores.core: A0 T0 : 0x2400e @_wordcopy_fwd_aligned+184    : c_j -124                   : IntAlu :   flags=(IsControl|IsDirectControl|IsUncondControl)
 202464: board.processor.cores.core: A0 T0 : 0x23f92 @_wordcopy_fwd_aligned+60    : c_ld a4, 40(a1)            : MemRead :  D=0x0000000000070688 A=0x6e540  flags=(IsInteger|IsLoad)
 202797: board.processor.cores.core: A0 T0 : 0x23f94 @_wordcopy_fwd_aligned+62    : addi a0, a5, 48            : IntAlu :  D=0x00000000000737a8  flags=(IsInteger)
 203130: board.processor.cores.core: A0 T0 : 0x23f98 @_wordcopy_fwd_aligned+66    : sd a6, 0(a3)               : MemWrite :  D=0x0000000000070680 A=0x737a0  flags=(IsInteger|IsStore)
 203463: board.processor.cores.core: A0 T0 : 0x23f98 @_wordcopy_fwd_aligned+66    : sd a6, 0(a3)               : MemWrite :  D=0x0000000000070680 A=0x737a0  flags=(IsInteger|IsStore)
 203796: board.processor.cores.core: A0 T0 : 0x23f9c @_wordcopy_fwd_aligned+70    : ld a6, 48(a1)              : MemRead :  D=0x0000000000070680 A=0x6e548  flags=(IsInteger|IsLoad)
 204129: board.processor.cores.core: A0 T0 : 0x23fa0 @_wordcopy_fwd_aligned+74    : addi a3, a5, 56            : IntAlu :  D=0x00000000000737b0  flags=(IsInteger)
 204462: board.processor.cores.core: A0 T0 : 0x23fa4 @_wordcopy_fwd_aligned+78    : c_sd a4, 0(a0)             : MemWrite :  D=0x0000000000070688 A=0x737a8  flags=(IsInteger|IsStore)
 204795: board.processor.cores.core: A0 T0 : 0x23fa6 @_wordcopy_fwd_aligned+80    : c_ld a4, 56(a1)            : MemRead :  D=0x00000000000706a0 A=0x6e550  flags=(IsInteger|IsLoad)
 205128: board.processor.cores.core: A0 T0 : 0x23fa8 @_wordcopy_fwd_aligned+82    : addi a5, a5, 64            : IntAlu :  D=0x00000000000737b8  flags=(IsInteger)
 205461: board.processor.cores.core: A0 T0 : 0x23fac @_wordcopy_fwd_aligned+86    : sd a6, 0(a3)               : MemWrite :  D=0x0000000000070680 A=0x737b0  flags=(IsInteger|IsStore)
 205794: board.processor.cores.core: A0 T0 : 0x23fb0 @_wordcopy_fwd_aligned+90    : c_addi a2, -8              : IntAlu :  D=0x0000000000000000  flags=(IsInteger)
 206127: board.processor.cores.core: A0 T0 : 0x23fb2 @_wordcopy_fwd_aligned+92    : c_mv a0, a5                : IntAlu :  D=0x00000000000737b8  flags=(IsInteger)
 206460: board.processor.cores.core: A0 T0 : 0x23fb4 @_wordcopy_fwd_aligned+94    : addi a1, a1, 64            : IntAlu :  D=0x000000000006e558  flags=(IsInteger)
 206793: board.processor.cores.core: A0 T0 : 0x23fb8 @_wordcopy_fwd_aligned+98    : c_beqz a2, 24              : IntAlu :   flags=(IsInteger|IsControl|IsDirectControl|IsCondControl)
 207126: board.processor.cores.core: A0 T0 : 0x23fd0 @_wordcopy_fwd_aligned+122    : c_sd a4, 0(a0)             : MemWrite :  D=0x00000000000706a0 A=0x737b8  flags=(IsInteger|IsStore)
 207459: board.processor.cores.core: A0 T0 : 0x23fd2 @_wordcopy_fwd_aligned+124    : c_jr ra                    : IntAlu :   flags=(IsInteger|IsControl|IsIndirectControl|IsUncondControl|IsReturn)
 208125: board.processor.cores.core: A0 T0 : 0x23f12 @memcpy+80    : andi a4, s1, 18446744073709551608 : IntAlu :  D=0x0000000000000020  flags=(IsInteger)
 208458: board.processor.cores.core: A0 T0 : 0x23f16 @memcpy+84    : c_add s0, a4               : IntAlu :  D=0x000000000006e558  flags=(IsInteger)
 208791: board.processor.cores.core: A0 T0 : 0x23f18 @memcpy+86    : andi a2, s1, 7             : IntAlu :  D=0x0000000000000000  flags=(IsInteger)
 209124: board.processor.cores.core: A0 T0 : 0x23f1c @memcpy+90    : c_add a4, s3               : IntAlu :  D=0x00000000000737c0  flags=(IsInteger)
 209457: board.processor.cores.core: A0 T0 : 0x23f1e @memcpy+92    : c_addi a4, -1              : IntAlu :  D=0x00000000000737bf  flags=(IsInteger)
 209790: board.processor.cores.core: A0 T0 : 0x23f20 @memcpy+94    : c_mv a5, s0                : IntAlu :  D=0x000000000006e558  flags=(IsInteger)
 210456: board.processor.cores.core: A0 T0 : 0x23f22 @memcpy+96    : add a1, a2, s0             : IntAlu :  D=0x000000000006e558  flags=(IsInteger)
 210789: board.processor.cores.core: A0 T0 : 0x23f26 @memcpy+100    : c_sub a4, s0               : IntAlu :  D=0x0000000000005267  flags=(IsInteger)
 211122: board.processor.cores.core: A0 T0 : 0x23f28 @memcpy+102    : c_beqz a2, 20              : IntAlu :   flags=(IsInteger|IsControl|IsDirectControl|IsCondControl)
 211455: board.processor.cores.core: A0 T0 : 0x23f3c @memcpy+122    : c_ldsp ra, 40(sp)          : MemRead :  D=0x0000000000010a76 A=0x7ffffffffffffd08  flags=(IsInteger|IsLoad)
 211788: board.processor.cores.core: A0 T0 : 0x23f3e @memcpy+124    : c_ldsp s0, 32(sp)          : MemRead :  D=0x00000000000737a0 A=0x7ffffffffffffd00  flags=(IsInteger|IsLoad)
 212121: board.processor.cores.core: A0 T0 : 0x23f40 @memcpy+126    : c_ldsp s1, 24(sp)          : MemRead :  D=0x0000000000070e78 A=0x7ffffffffffffcf8  flags=(IsInteger|IsLoad)
 212454: board.processor.cores.core: A0 T0 : 0x23f42 @memcpy+128    : c_ldsp s3, 8(sp)           : MemRead :  D=0x000000000006fe60 A=0x7ffffffffffffce8  flags=(IsInteger|IsLoad)
 212787: board.processor.cores.core: A0 T0 : 0x23f44 @memcpy+130    : c_mv a0, s2                : IntAlu :  D=0x00000000000737a0  flags=(IsInteger)
 213120: board.processor.cores.core: A0 T0 : 0x23f46 @memcpy+132    : c_ldsp s2, 16(sp)          : MemRead :  D=0x00000000000103b0 A=0x7ffffffffffffcf0  flags=(IsInteger|IsLoad)
 213453: board.processor.cores.core: A0 T0 : 0x23f48 @memcpy+134    : c_addi16sp sp, 48          : IntAlu :  D=0x7ffffffffffffd10  flags=(IsInteger)
 213786: board.processor.cores.core: A0 T0 : 0x23f4a @memcpy+136    : c_jr ra                    : IntAlu :   flags=(IsInteger|IsControl|IsIndirectControl|IsUncondControl|IsReturn)
 214452: board.processor.cores.core: A0 T0 : 0x10a76 @__libc_setup_tls+212    : addi a5, s1, 16            : IntAlu :  D=0x0000000000070e88  flags=(IsInteger)
 215118: board.processor.cores.core: A0 T0 : 0x10a7a @__libc_setup_tls+216    : sd a5, -16(s0)             : MemWrite :  D=0x0000000000070e88 A=0x73790  flags=(IsInteger|IsStore)
 215784: board.processor.cores.core: A0 T0 : 0x10a7e @__libc_setup_tls+220    : lui a4, 114                : IntAlu :  D=0x0000000000072000  flags=(IsInteger)
 216450: board.processor.cores.core: A0 T0 : 0x10a82 @__libc_setup_tls+224    : lui a5, 114                : IntAlu :  D=0x0000000000072000  flags=(IsInteger)
 217116: board.processor.cores.core: A0 T0 : 0x10a86 @__libc_setup_tls+228    : addi a5, a5, -1080         : IntAlu :  D=0x0000000000071bc8  flags=(IsInteger)
 217782: board.processor.cores.core: A0 T0 : 0x10a8a @__libc_setup_tls+232    : addi a4, a4, -1064         : IntAlu :  D=0x0000000000071bd8  flags=(IsInteger)
 218115: board.processor.cores.core: A0 T0 : 0x10a8e @__libc_setup_tls+236    : c_sd a4, 8(a4)             : MemWrite :  D=0x0000000000071bd8 A=0x71be0  flags=(IsInteger|IsStore)
 218448: board.processor.cores.core: A0 T0 : 0x10a90 @__libc_setup_tls+238    : c_sd a4, 0(a4)             : MemWrite :  D=0x0000000000071bd8 A=0x71bd8  flags=(IsInteger|IsStore)
 218781: board.processor.cores.core: A0 T0 : 0x10a92 @__libc_setup_tls+240    : c_sd a5, 0(a5)             : MemWrite :  D=0x0000000000071bc8 A=0x71bc8  flags=(IsInteger|IsStore)
 219114: board.processor.cores.core: A0 T0 : 0x10a94 @__libc_setup_tls+242    : sd a5, -1760(s0)           : MemWrite :  D=0x0000000000071bc8 A=0x730c0  flags=(IsInteger|IsStore)
 219447: board.processor.cores.core: A0 T0 : 0x10a98 @__libc_setup_tls+246    : sd a5, -1752(s0)           : MemWrite :  D=0x0000000000071bc8 A=0x730c8  flags=(IsInteger|IsStore)
 219780: board.processor.cores.core: A0 T0 : 0x10a9c @__libc_setup_tls+250    : addi a1, s0, -1760         : IntAlu :  D=0x00000000000730c0  flags=(IsInteger)
 220113: board.processor.cores.core: A0 T0 : 0x10aa0 @__libc_setup_tls+254    : c_sd a1, 8(a5)             : MemWrite :  D=0x00000000000730c0 A=0x71bd0  flags=(IsInteger|IsStore)
 220446: board.processor.cores.core: A0 T0 : 0x10aa2 @__libc_setup_tls+256    : c_mv tp, s0                : IntAlu :  D=0x00000000000737a0  flags=(IsInteger)
 220779: board.processor.cores.core: A0 T0 : 0x10aa4 @__libc_setup_tls+258    : fence iorw, iorw           : No_OpClass :   flags=(IsWriteBarrier|IsReadBarrier)
 221112: board.processor.cores.core: A0 T0 : 0x10aa8 @__libc_setup_tls+262    : c_ldsp a4, 8(sp)           : MemRead :  D=0x0000000000000067 A=0x7ffffffffffffd18  flags=(IsInteger|IsLoad)
 221445: board.processor.cores.core: A0 T0 : 0x10aaa @__libc_setup_tls+264    : c_sd a1, 0(a5)             : MemWrite :  D=0x00000000000730c0 A=0x71bc8  flags=(IsInteger|IsStore)
 221778: board.processor.cores.core: A0 T0 : 0x10aac @__libc_setup_tls+266    : addi a5, ft0, 64           : IntAlu :  D=0x0000000000000040  flags=(IsInteger)
 222111: board.processor.cores.core: A0 T0 : 0x10ab0 @__libc_setup_tls+270    : divu a4, a4, s11           : IntDiv :  D=0x000000000000000c  flags=(IsInteger)
 222444: board.processor.cores.core: A0 T0 : 0x10ab4 @__libc_setup_tls+274    : c_li a2, 1                 : IntAlu :  D=0x0000000000000001  flags=(IsInteger)
 223110: board.processor.cores.core: A0 T0 : 0x10ab6 @__libc_setup_tls+276    : sd a5, 1024(s1)            : MemWrite :  D=0x0000000000000040 A=0x71278  flags=(IsInteger|IsStore)
 223776: board.processor.cores.core: A0 T0 : 0x10aba @__libc_setup_tls+280    : addi a0, s1, 1024          : IntAlu :  D=0x0000000000071278  flags=(IsInteger)
 224442: board.processor.cores.core: A0 T0 : 0x10abe @__libc_setup_tls+284    : sd a2, -1544(gp)           : MemWrite :  D=0x0000000000000001 A=0x70ac0  flags=(IsInteger|IsStore)
 225108: board.processor.cores.core: A0 T0 : 0x10ac2 @__libc_setup_tls+288    : sd a0, -1560(gp)           : MemWrite :  D=0x0000000000071278 A=0x70ab0  flags=(IsInteger|IsStore)
 225774: board.processor.cores.core: A0 T0 : 0x10ac6 @__libc_setup_tls+292    : sd s9, -1592(gp)           : MemWrite :  D=0x0000000000000010 A=0x70a90  flags=(IsInteger|IsStore)
 226440: board.processor.cores.core: A0 T0 : 0x10aca @__libc_setup_tls+296    : sd a2, -1568(gp)           : MemWrite :  D=0x0000000000000001 A=0x70aa8  flags=(IsInteger|IsStore)
 227106: board.processor.cores.core: A0 T0 : 0x10ace @__libc_setup_tls+300    : ld a3, -1600(gp)           : MemRead :  D=0x0000000000000320 A=0x70a88  flags=(IsInteger|IsLoad)
 227439: board.processor.cores.core: A0 T0 : 0x10ad2 @__libc_setup_tls+304    : c_ldsp ra, 120(sp)         : MemRead :  D=0x000000000001075e A=0x7ffffffffffffd88  flags=(IsInteger|IsLoad)
 227772: board.processor.cores.core: A0 T0 : 0x10ad4 @__libc_setup_tls+306    : c_ldsp s0, 112(sp)         : MemRead :  D=0x0000000000010b6c A=0x7ffffffffffffd80  flags=(IsInteger|IsLoad)
 228105: board.processor.cores.core: A0 T0 : 0x10ad6 @__libc_setup_tls+308    : c_addi a3, 15              : IntAlu :  D=0x000000000000032f  flags=(IsInteger)
 228438: board.processor.cores.core: A0 T0 : 0x10ad8 @__libc_setup_tls+310    : sd s7, 1072(s3)            : MemWrite :  D=0x0000000000000008 A=0x70290  flags=(IsInteger|IsStore)
 228771: board.processor.cores.core: A0 T0 : 0x10adc @__libc_setup_tls+314    : sd s10, 1064(s3)           : MemWrite :  D=0x0000000000000060 A=0x70288  flags=(IsInteger|IsStore)
 229104: board.processor.cores.core: A0 T0 : 0x10ae0 @__libc_setup_tls+318    : sd s4, 1048(s3)            : MemWrite :  D=0x000000000006e538 A=0x70278  flags=(IsInteger|IsStore)
 229437: board.processor.cores.core: A0 T0 : 0x10ae4 @__libc_setup_tls+322    : sd s5, 1056(s3)            : MemWrite :  D=0x0000000000000020 A=0x70280  flags=(IsInteger|IsStore)
 229770: board.processor.cores.core: A0 T0 : 0x10ae8 @__libc_setup_tls+326    : sd s3, 1064(s1)            : MemWrite :  D=0x000000000006fe60 A=0x712a0  flags=(IsInteger|IsStore)
 230103: board.processor.cores.core: A0 T0 : 0x10aec @__libc_setup_tls+330    : sd a2, 1096(s3)            : MemWrite :  D=0x0000000000000001 A=0x702a8  flags=(IsInteger|IsStore)
 230436: board.processor.cores.core: A0 T0 : 0x10af0 @__libc_setup_tls+334    : c_ldsp s1, 104(sp)         : MemRead :  D=0x0000000000010bfc A=0x7ffffffffffffd78  flags=(IsInteger|IsLoad)
 230769: board.processor.cores.core: A0 T0 : 0x10af2 @__libc_setup_tls+336    : c_ldsp s2, 96(sp)          : MemRead :  D=0x00000000000103b0 A=0x7ffffffffffffd70  flags=(IsInteger|IsLoad)
 231102: board.processor.cores.core: A0 T0 : 0x10af4 @__libc_setup_tls+338    : c_ldsp s3, 88(sp)          : MemRead :  D=0x0000000000000000 A=0x7ffffffffffffd68  flags=(IsInteger|IsLoad)
 231435: board.processor.cores.core: A0 T0 : 0x10af6 @__libc_setup_tls+340    : c_ldsp s4, 80(sp)          : MemRead :  D=0x00000000000103b0 A=0x7ffffffffffffd60  flags=(IsInteger|IsLoad)
 231768: board.processor.cores.core: A0 T0 : 0x10af8 @__libc_setup_tls+342    : c_ldsp s5, 72(sp)          : MemRead :  D=0x00000000ffffffff A=0x7ffffffffffffd58  flags=(IsInteger|IsLoad)
 232101: board.processor.cores.core: A0 T0 : 0x10afa @__libc_setup_tls+344    : c_ldsp s6, 64(sp)          : MemRead :  D=0x000000000000003a A=0x7ffffffffffffd50  flags=(IsInteger|IsLoad)
 232434: board.processor.cores.core: A0 T0 : 0x10afc @__libc_setup_tls+346    : c_ldsp s7, 56(sp)          : MemRead :  D=0x0000000000000000 A=0x7ffffffffffffd48  flags=(IsInteger|IsLoad)
 232767: board.processor.cores.core: A0 T0 : 0x10afe @__libc_setup_tls+348    : c_ldsp s9, 40(sp)          : MemRead :  D=0x0000000000000000 A=0x7ffffffffffffd38  flags=(IsInteger|IsLoad)
 233100: board.processor.cores.core: A0 T0 : 0x10b00 @__libc_setup_tls+350    : c_ldsp s10, 32(sp)         : MemRead :  D=0x0000000000000000 A=0x7ffffffffffffd30  flags=(IsInteger|IsLoad)
 233766: board.processor.cores.core: A0 T0 : 0x10b02 @__libc_setup_tls+352    : mul a5, a4, s11            : IntMult :  D=0x0000000000000060  flags=(IsInteger)
 234099: board.processor.cores.core: A0 T0 : 0x10b06 @__libc_setup_tls+356    : c_ldsp s11, 24(sp)         : MemRead :  D=0x0000000000000000 A=0x7ffffffffffffd28  flags=(IsInteger|IsLoad)
 234432: board.processor.cores.core: A0 T0 : 0x10b08 @__libc_setup_tls+358    : c_add a5, s8               : IntAlu :  D=0x0000000000000060  flags=(IsInteger)
 235098: board.processor.cores.core: A0 T0 : 0x10b0a @__libc_setup_tls+360    : add a4, a3, a5             : IntAlu :  D=0x000000000000038f  flags=(IsInteger)
 235431: board.processor.cores.core: A0 T0 : 0x10b0e @__libc_setup_tls+364    : c_andi a4, 18446744073709551600 : IntAlu :  D=0x0000000000000380  flags=(IsInteger)
 235764: board.processor.cores.core: A0 T0 : 0x10b10 @__libc_setup_tls+366    : sd a4, -1576(gp)           : MemWrite :  D=0x0000000000000380 A=0x70aa0  flags=(IsInteger|IsStore)
 236097: board.processor.cores.core: A0 T0 : 0x10b14 @__libc_setup_tls+370    : sd a5, -1584(gp)           : MemWrite :  D=0x0000000000000060 A=0x70a98  flags=(IsInteger|IsStore)
 236430: board.processor.cores.core: A0 T0 : 0x10b18 @__libc_setup_tls+374    : c_ldsp s8, 48(sp)          : MemRead :  D=0x0000000000000000 A=0x7ffffffffffffd40  flags=(IsInteger|IsLoad)
 236763: board.processor.cores.core: A0 T0 : 0x10b1a @__libc_setup_tls+376    : c_addi16sp sp, 128         : IntAlu :  D=0x7ffffffffffffd90  flags=(IsInteger)
 237096: board.processor.cores.core: A0 T0 : 0x10b1c @__libc_setup_tls+378    : c_jr ra                    : IntAlu :   flags=(IsInteger|IsControl|IsIndirectControl|IsUncondControl|IsReturn)
 237762: board.processor.cores.core: A0 T0 : 0x1075e @__libc_start_main+232    : lui a5, 111                : IntAlu :  D=0x000000000006f000  flags=(IsInteger)
 238428: board.processor.cores.core: A0 T0 : 0x10762 @__libc_start_main+236    : ld a5, -104(a5)            : MemRead :  D=0x7fffffffffffffa8 A=0x6ef98  flags=(IsInteger|IsLoad)
 239094: board.processor.cores.core: A0 T0 : 0x10766 @__libc_start_main+240    : lbu a6, 1(a5)              : MemRead :  D=0x0000000000000000 A=0x7fffffffffffffa9  flags=(IsInteger|IsLoad)
 239760: board.processor.cores.core: A0 T0 : 0x1076a @__libc_start_main+244    : lbu a4, 0(a5)              : MemRead :  D=0x0000000000000000 A=0x7fffffffffffffa8  flags=(IsInteger|IsLoad)
 240426: board.processor.cores.core: A0 T0 : 0x1076e @__libc_start_main+248    : lbu a0, 2(a5)              : MemRead :  D=0x0000000000000000 A=0x7fffffffffffffaa  flags=(IsInteger|IsLoad)
 241092: board.processor.cores.core: A0 T0 : 0x10772 @__libc_start_main+252    : lbu a1, 3(a5)              : MemRead :  D=0x0000000000000000 A=0x7fffffffffffffab  flags=(IsInteger|IsLoad)
 241758: board.processor.cores.core: A0 T0 : 0x10776 @__libc_start_main+256    : lbu a2, 4(a5)              : MemRead :  D=0x000000000000006d A=0x7fffffffffffffac  flags=(IsInteger|IsLoad)
 242091: board.processor.cores.core: A0 T0 : 0x1077a @__libc_start_main+260    : c_slli a6, 8               : IntAlu :  D=0x0000000000000000  flags=(IsInteger)
 242424: board.processor.cores.core: A0 T0 : 0x1077c @__libc_start_main+262    : lbu a3, 5(a5)              : MemRead :  D=0x0000000000000061 A=0x7fffffffffffffad  flags=(IsInteger|IsLoad)
 242757: board.processor.cores.core: A0 T0 : 0x10780 @__libc_start_main+266    : or a6, a6, a4              : IntAlu :  D=0x0000000000000000  flags=(IsInteger)
 243090: board.processor.cores.core: A0 T0 : 0x10784 @__libc_start_main+270    : c_slli a0, 16              : IntAlu :  D=0x0000000000000000  flags=(IsInteger)
 243756: board.processor.cores.core: A0 T0 : 0x10786 @__libc_start_main+272    : lbu a4, 6(a5)              : MemRead :  D=0x0000000000000074 A=0x7fffffffffffffae  flags=(IsInteger|IsLoad)
 244422: board.processor.cores.core: A0 T0 : 0x1078a @__libc_start_main+276    : or a0, a0, a6              : IntAlu :  D=0x0000000000000000  flags=(IsInteger)
 244755: board.processor.cores.core: A0 T0 : 0x1078e @__libc_start_main+280    : c_slli a1, 24              : IntAlu :  D=0x0000000000000000  flags=(IsInteger)
 245088: board.processor.cores.core: A0 T0 : 0x10790 @__libc_start_main+282    : lbu a5, 7(a5)              : MemRead :  D=0x0000000000000065 A=0x7fffffffffffffaf  flags=(IsInteger|IsLoad)
 245421: board.processor.cores.core: A0 T0 : 0x10794 @__libc_start_main+286    : c_or a1, a0                : IntAlu :  D=0x0000000000000000  flags=(IsInteger)
 245754: board.processor.cores.core: A0 T0 : 0x10796 @__libc_start_main+288    : c_slli a2, 32              : IntAlu :  D=0x0000006d00000000  flags=(IsInteger)
 246087: board.processor.cores.core: A0 T0 : 0x10798 @__libc_start_main+290    : c_or a2, a1                : IntAlu :  D=0x0000006d00000000  flags=(IsInteger)
 246420: board.processor.cores.core: A0 T0 : 0x1079a @__libc_start_main+292    : c_slli a3, 40              : IntAlu :  D=0x0000610000000000  flags=(IsInteger)
 246753: board.processor.cores.core: A0 T0 : 0x1079c @__libc_start_main+294    : c_or a3, a2                : IntAlu :  D=0x0000616d00000000  flags=(IsInteger)
 247086: board.processor.cores.core: A0 T0 : 0x1079e @__libc_start_main+296    : c_slli a4, 48              : IntAlu :  D=0x0074000000000000  flags=(IsInteger)
 247419: board.processor.cores.core: A0 T0 : 0x107a0 @__libc_start_main+298    : c_or a4, a3                : IntAlu :  D=0x0074616d00000000  flags=(IsInteger)
 247752: board.processor.cores.core: A0 T0 : 0x107a2 @__libc_start_main+300    : c_slli a5, 56              : IntAlu :  D=0x6500000000000000  flags=(IsInteger)
 248085: board.processor.cores.core: A0 T0 : 0x107a4 @__libc_start_main+302    : c_or a5, a4                : IntAlu :  D=0x6574616d00000000  flags=(IsInteger)
 248751: board.processor.cores.core: A0 T0 : 0x107a6 @__libc_start_main+304    : andi a5, a5, 18446744073709551360 : IntAlu :  D=0x6574616d00000000  flags=(IsInteger)
 249417: board.processor.cores.core: A0 T0 : 0x107aa @__libc_start_main+308    : lui a4, 110                : IntAlu :  D=0x000000000006e000  flags=(IsInteger)
 250083: board.processor.cores.core: A0 T0 : 0x107ae @__libc_start_main+312    : sd a5, 1400(a4)            : MemWrite :  D=0x6574616d00000000 A=0x6e578  flags=(IsInteger|IsStore)
 250749: board.processor.cores.core: A0 T0 : 0x107b2 @__libc_start_main+316    : jal ra, 96380              : IntAlu :  D=0x00000000000107b6  flags=(IsInteger|IsControl|IsDirectControl|IsUncondControl|IsCall)
 251082: board.processor.cores.core: A0 T0 : 0x2802e @_dl_discover_osversion    : c_addi16sp sp, -496        : IntAlu :  D=0x7ffffffffffffba0  flags=(IsInteger)
 251415: board.processor.cores.core: A0 T0 : 0x28030 @_dl_discover_osversion+2    : c_addi4spn a0, sp, 72      : IntAlu :  D=0x7ffffffffffffbe8  flags=(IsInteger)
 251748: board.processor.cores.core: A0 T0 : 0x28032 @_dl_discover_osversion+4    : c_sdsp ra, 488(sp)         : MemWrite :  D=0x00000000000107b6 A=0x7ffffffffffffd88  flags=(IsInteger|IsStore)
 252081: board.processor.cores.core: A0 T0 : 0x28034 @_dl_discover_osversion+6    : c_sdsp s0, 480(sp)         : MemWrite :  D=0x0000000000010b6c A=0x7ffffffffffffd80  flags=(IsInteger|IsStore)
 252414: board.processor.cores.core: A0 T0 : 0x28036 @_dl_discover_osversion+8    : c_sdsp s1, 472(sp)         : MemWrite :  D=0x0000000000010bfc A=0x7ffffffffffffd78  flags=(IsInteger|IsStore)
 252747: board.processor.cores.core: A0 T0 : 0x28038 @_dl_discover_osversion+10    : jal ra, 79104              : IntAlu :  D=0x000000000002803c  flags=(IsInteger|IsControl|IsDirectControl|IsUncondControl|IsCall)
 253080: board.processor.cores.core: A0 T0 : 0x3b538 @__uname    : addi a7, ft0, 160          : IntAlu :  D=0x00000000000000a0  flags=(IsInteger)
 253413: board.processor.cores.core: A0 T0 : 0x3b53c @__uname+4    : ecall                      : No_OpClass :   flags=(IsSerializeAfter|IsNonSpeculative|IsSyscall)
 253746: board.processor.cores.core: A0 T0 : 0x3b540 @__uname+8    : c_lui a7, 1048575          : IntAlu :  D=0xfffffffffffff000  flags=(IsInteger)
 254412: board.processor.cores.core: A0 T0 : 0x3b542 @__uname+10    : bltu a7, a0, 6             : IntAlu :   flags=(IsInteger|IsControl|IsDirectControl|IsCondControl)
 254745: board.processor.cores.core: A0 T0 : 0x3b546 @__uname+14    : c_jr ra                    : IntAlu :   flags=(IsInteger|IsControl|IsIndirectControl|IsUncondControl|IsReturn)
 255078: board.processor.cores.core: A0 T0 : 0x2803c @_dl_discover_osversion+14    : addi a3, sp, 202           : IntAlu :  D=0x7ffffffffffffc6a  flags=(IsInteger)
 255411: board.processor.cores.core: A0 T0 : 0x28040 @_dl_discover_osversion+18    : c_bnez a0, 136             : IntAlu :   flags=(IsInteger|IsControl|IsDirectControl|IsCondControl)
 255744: board.processor.cores.core: A0 T0 : 0x28042 @_dl_discover_osversion+20    : c_li a7, 0                 : IntAlu :  D=0x0000000000000000  flags=(IsInteger)
 256077: board.processor.cores.core: A0 T0 : 0x28044 @_dl_discover_osversion+22    : c_li a0, 0                 : IntAlu :  D=0x0000000000000000  flags=(IsInteger)
 256410: board.processor.cores.core: A0 T0 : 0x28046 @_dl_discover_osversion+24    : c_li a6, 9                 : IntAlu :  D=0x0000000000000009  flags=(IsInteger)
 256743: board.processor.cores.core: A0 T0 : 0x28048 @_dl_discover_osversion+26    : addi t1, ft0, 46           : IntAlu :  D=0x000000000000002e  flags=(IsInteger)
 257076: board.processor.cores.core: A0 T0 : 0x2804c @_dl_discover_osversion+30    : c_li t3, 3                 : IntAlu :  D=0x0000000000000003  flags=(IsInteger)
 257742: board.processor.cores.core: A0 T0 : 0x2804e @_dl_discover_osversion+32    : lbu a4, 0(a3)              : MemRead :  D=0x0000000000000035 A=0x7ffffffffffffc6a  flags=(IsInteger|IsLoad)
 258408: board.processor.cores.core: A0 T0 : 0x28052 @_dl_discover_osversion+36    : addiw a4, a4, -48          : IntAlu :  D=0x0000000000000005  flags=(IsInteger)
 259074: board.processor.cores.core: A0 T0 : 0x28056 @_dl_discover_osversion+40    : andi a5, a4, 255           : IntAlu :  D=0x0000000000000005  flags=(IsInteger)
 259740: board.processor.cores.core: A0 T0 : 0x2805a @_dl_discover_osversion+44    : bltu a6, a5, 94            : IntAlu :   flags=(IsInteger|IsControl|IsDirectControl|IsCondControl)
 260406: board.processor.cores.core: A0 T0 : 0x2805e @_dl_discover_osversion+48    : lbu a1, 1(a3)              : MemRead :  D=0x000000000000002e A=0x7ffffffffffffc6b  flags=(IsInteger|IsLoad)
 260739: board.processor.cores.core: A0 T0 : 0x28062 @_dl_discover_osversion+52    : c_addi a3, 1               : IntAlu :  D=0x7ffffffffffffc6b  flags=(IsInteger)
 261072: board.processor.cores.core: A0 T0 : 0x28064 @_dl_discover_osversion+54    : addiw a2, a1, -48          : IntAlu :  D=0xfffffffffffffffe  flags=(IsInteger)
 261405: board.processor.cores.core: A0 T0 : 0x28068 @_dl_discover_osversion+58    : andi a5, a2, 255           : IntAlu :  D=0x00000000000000fe  flags=(IsInteger)
 261738: board.processor.cores.core: A0 T0 : 0x2806c @_dl_discover_osversion+62    : bltu a6, a5, 36            : IntAlu :   flags=(IsInteger|IsControl|IsDirectControl|IsCondControl)
 262071: board.processor.cores.core: A0 T0 : 0x28090 @_dl_discover_osversion+98    : slliw a0, a0, 8            : IntAlu :  D=0x0000000000000000  flags=(IsInteger)
 262404: board.processor.cores.core: A0 T0 : 0x28094 @_dl_discover_osversion+102    : c_or a4, a0                : IntAlu :  D=0x0000000000000005  flags=(IsInteger)
 262737: board.processor.cores.core: A0 T0 : 0x28096 @_dl_discover_osversion+104    : c_addiw a7, 1              : IntAlu :  D=0x0000000000000001  flags=(IsInteger)
 263070: board.processor.cores.core: A0 T0 : 0x28098 @_dl_discover_osversion+106    : addiw a0, a4, 0            : IntAlu :  D=0x0000000000000005  flags=(IsInteger)
 263403: board.processor.cores.core: A0 T0 : 0x2809c @_dl_discover_osversion+110    : c_addi a3, 1               : IntAlu :  D=0x7ffffffffffffc6c  flags=(IsInteger)
 264069: board.processor.cores.core: A0 T0 : 0x2809e @_dl_discover_osversion+112    : bne a1, t1, 20             : IntAlu :   flags=(IsInteger|IsControl|IsDirectControl|IsCondControl)
 264735: board.processor.cores.core: A0 T0 : 0x280a2 @_dl_discover_osversion+116    : bne a7, t3, -84            : IntAlu :   flags=(IsInteger|IsControl|IsDirectControl|IsCondControl)
 265401: board.processor.cores.core: A0 T0 : 0x2804e @_dl_discover_osversion+32    : lbu a4, 0(a3)              : MemRead :  D=0x0000000000000031 A=0x7ffffffffffffc6c  flags=(IsInteger|IsLoad)
 266067: board.processor.cores.core: A0 T0 : 0x28052 @_dl_discover_osversion+36    : addiw a4, a4, -48          : IntAlu :  D=0x0000000000000001  flags=(IsInteger)
 266733: board.processor.cores.core: A0 T0 : 0x28056 @_dl_discover_osversion+40    : andi a5, a4, 255           : IntAlu :  D=0x0000000000000001  flags=(IsInteger)
 267399: board.processor.cores.core: A0 T0 : 0x2805a @_dl_discover_osversion+44    : bltu a6, a5, 94            : IntAlu :   flags=(IsInteger|IsControl|IsDirectControl|IsCondControl)
 268065: board.processor.cores.core: A0 T0 : 0x2805e @_dl_discover_osversion+48    : lbu a1, 1(a3)              : MemRead :  D=0x000000000000002e A=0x7ffffffffffffc6d  flags=(IsInteger|IsLoad)
 268398: board.processor.cores.core: A0 T0 : 0x28062 @_dl_discover_osversion+52    : c_addi a3, 1               : IntAlu :  D=0x7ffffffffffffc6d  flags=(IsInteger)
 268731: board.processor.cores.core: A0 T0 : 0x28064 @_dl_discover_osversion+54    : addiw a2, a1, -48          : IntAlu :  D=0xfffffffffffffffe  flags=(IsInteger)
 269064: board.processor.cores.core: A0 T0 : 0x28068 @_dl_discover_osversion+58    : andi a5, a2, 255           : IntAlu :  D=0x00000000000000fe  flags=(IsInteger)
 269397: board.processor.cores.core: A0 T0 : 0x2806c @_dl_discover_osversion+62    : bltu a6, a5, 36            : IntAlu :   flags=(IsInteger|IsControl|IsDirectControl|IsCondControl)
 269730: board.processor.cores.core: A0 T0 : 0x28090 @_dl_discover_osversion+98    : slliw a0, a0, 8            : IntAlu :  D=0x0000000000000500  flags=(IsInteger)
 270063: board.processor.cores.core: A0 T0 : 0x28094 @_dl_discover_osversion+102    : c_or a4, a0                : IntAlu :  D=0x0000000000000501  flags=(IsInteger)
 270396: board.processor.cores.core: A0 T0 : 0x28096 @_dl_discover_osversion+104    : c_addiw a7, 1              : IntAlu :  D=0x0000000000000002  flags=(IsInteger)
 270729: board.processor.cores.core: A0 T0 : 0x28098 @_dl_discover_osversion+106    : addiw a0, a4, 0            : IntAlu :  D=0x0000000000000501  flags=(IsInteger)
 271062: board.processor.cores.core: A0 T0 : 0x2809c @_dl_discover_osversion+110    : c_addi a3, 1               : IntAlu :  D=0x7ffffffffffffc6e  flags=(IsInteger)
 271728: board.processor.cores.core: A0 T0 : 0x2809e @_dl_discover_osversion+112    : bne a1, t1, 20             : IntAlu :   flags=(IsInteger|IsControl|IsDirectControl|IsCondControl)
 272394: board.processor.cores.core: A0 T0 : 0x280a2 @_dl_discover_osversion+116    : bne a7, t3, -84            : IntAlu :   flags=(IsInteger|IsControl|IsDirectControl|IsCondControl)
 273060: board.processor.cores.core: A0 T0 : 0x2804e @_dl_discover_osversion+32    : lbu a4, 0(a3)              : MemRead :  D=0x0000000000000030 A=0x7ffffffffffffc6e  flags=(IsInteger|IsLoad)
 273726: board.processor.cores.core: A0 T0 : 0x28052 @_dl_discover_osversion+36    : addiw a4, a4, -48          : IntAlu :  D=0x0000000000000000  flags=(IsInteger)
 274392: board.processor.cores.core: A0 T0 : 0x28056 @_dl_discover_osversion+40    : andi a5, a4, 255           : IntAlu :  D=0x0000000000000000  flags=(IsInteger)
 275058: board.processor.cores.core: A0 T0 : 0x2805a @_dl_discover_osversion+44    : bltu a6, a5, 94            : IntAlu :   flags=(IsInteger|IsControl|IsDirectControl|IsCondControl)
 275724: board.processor.cores.core: A0 T0 : 0x2805e @_dl_discover_osversion+48    : lbu a1, 1(a3)              : MemRead :  D=0x0000000000000000 A=0x7ffffffffffffc6f  flags=(IsInteger|IsLoad)
 276057: board.processor.cores.core: A0 T0 : 0x28062 @_dl_discover_osversion+52    : c_addi a3, 1               : IntAlu :  D=0x7ffffffffffffc6f  flags=(IsInteger)
 276390: board.processor.cores.core: A0 T0 : 0x28064 @_dl_discover_osversion+54    : addiw a2, a1, -48          : IntAlu :  D=0xffffffffffffffd0  flags=(IsInteger)
 276723: board.processor.cores.core: A0 T0 : 0x28068 @_dl_discover_osversion+58    : andi a5, a2, 255           : IntAlu :  D=0x00000000000000d0  flags=(IsInteger)
 277056: board.processor.cores.core: A0 T0 : 0x2806c @_dl_discover_osversion+62    : bltu a6, a5, 36            : IntAlu :   flags=(IsInteger|IsControl|IsDirectControl|IsCondControl)
 277389: board.processor.cores.core: A0 T0 : 0x28090 @_dl_discover_osversion+98    : slliw a0, a0, 8            : IntAlu :  D=0x0000000000050100  flags=(IsInteger)
 277722: board.processor.cores.core: A0 T0 : 0x28094 @_dl_discover_osversion+102    : c_or a4, a0                : IntAlu :  D=0x0000000000050100  flags=(IsInteger)
 278055: board.processor.cores.core: A0 T0 : 0x28096 @_dl_discover_osversion+104    : c_addiw a7, 1              : IntAlu :  D=0x0000000000000003  flags=(IsInteger)
 278388: board.processor.cores.core: A0 T0 : 0x28098 @_dl_discover_osversion+106    : addiw a0, a4, 0            : IntAlu :  D=0x0000000000050100  flags=(IsInteger)
 278721: board.processor.cores.core: A0 T0 : 0x2809c @_dl_discover_osversion+110    : c_addi a3, 1               : IntAlu :  D=0x7ffffffffffffc70  flags=(IsInteger)
 279387: board.processor.cores.core: A0 T0 : 0x2809e @_dl_discover_osversion+112    : bne a1, t1, 20             : IntAlu :   flags=(IsInteger|IsControl|IsDirectControl|IsCondControl)
 279720: board.processor.cores.core: A0 T0 : 0x280b2 @_dl_discover_osversion+132    : c_li a5, 3                 : IntAlu :  D=0x0000000000000003  flags=(IsInteger)
 280053: board.processor.cores.core: A0 T0 : 0x280b4 @_dl_discover_osversion+134    : beq a7, a5, -14            : IntAlu :   flags=(IsInteger|IsControl|IsDirectControl|IsCondControl)
 280386: board.processor.cores.core: A0 T0 : 0x280a6 @_dl_discover_osversion+120    : c_addiw a0, 0              : IntAlu :  D=0x0000000000050100  flags=(IsInteger)
 280719: board.processor.cores.core: A0 T0 : 0x280a8 @_dl_discover_osversion+122    : c_ldsp ra, 488(sp)         : MemRead :  D=0x00000000000107b6 A=0x7ffffffffffffd88  flags=(IsInteger|IsLoad)
 281052: board.processor.cores.core: A0 T0 : 0x280aa @_dl_discover_osversion+124    : c_ldsp s0, 480(sp)         : MemRead :  D=0x0000000000010b6c A=0x7ffffffffffffd80  flags=(IsInteger|IsLoad)
 281385: board.processor.cores.core: A0 T0 : 0x280ac @_dl_discover_osversion+126    : c_ldsp s1, 472(sp)         : MemRead :  D=0x0000000000010bfc A=0x7ffffffffffffd78  flags=(IsInteger|IsLoad)
 281718: board.processor.cores.core: A0 T0 : 0x280ae @_dl_discover_osversion+128    : c_addi16sp sp, 496         : IntAlu :  D=0x7ffffffffffffd90  flags=(IsInteger)
 282051: board.processor.cores.core: A0 T0 : 0x280b0 @_dl_discover_osversion+130    : c_jr ra                    : IntAlu :   flags=(IsInteger|IsControl|IsIndirectControl|IsUncondControl|IsReturn)
 282384: board.processor.cores.core: A0 T0 : 0x107b6 @__libc_start_main+320    : c_mv a5, a0                : IntAlu :  D=0x0000000000050100  flags=(IsInteger)
 282717: board.processor.cores.core: A0 T0 : 0x107b8 @__libc_start_main+322    : blt a0, ft0, 310           : IntAlu :   flags=(IsInteger|IsControl|IsDirectControl|IsCondControl)
 283050: board.processor.cores.core: A0 T0 : 0x107bc @__libc_start_main+326    : lw a3, -1112(gp)           : MemRead :  D=0x0000000000000000 A=0x70c70  flags=(IsInteger|IsLoad)
 283383: board.processor.cores.core: A0 T0 : 0x107c0 @__libc_start_main+330    : addiw a4, a0, 0            : IntAlu :  D=0x0000000000050100  flags=(IsInteger)
 283716: board.processor.cores.core: A0 T0 : 0x107c4 @__libc_start_main+334    : bne a3, ft0, 292           : IntAlu :   flags=(IsInteger|IsControl|IsDirectControl|IsCondControl)
 284049: board.processor.cores.core: A0 T0 : 0x107c8 @__libc_start_main+338    : sw a4, -1112(gp)           : MemWrite :  D=0x0000000000050100 A=0x70c70  flags=(IsInteger|IsStore)
 284382: board.processor.cores.core: A0 T0 : 0x107cc @__libc_start_main+342    : lui a4, 65                 : IntAlu :  D=0x0000000000041000  flags=(IsInteger)
 284715: board.processor.cores.core: A0 T0 : 0x107d0 @__libc_start_main+346    : addi a4, a4, -257          : IntAlu :  D=0x0000000000040eff  flags=(IsInteger)
 285048: board.processor.cores.core: A0 T0 : 0x107d4 @__libc_start_main+350    : bge a4, a5, 216            : IntAlu :   flags=(IsInteger|IsControl|IsDirectControl|IsCondControl)
 285381: board.processor.cores.core: A0 T0 : 0x107d8 @__libc_start_main+354    : addi a5, ft0, 0            : IntAlu :  D=0x0000000000000000  flags=(IsInteger)
 285714: board.processor.cores.core: A0 T0 : 0x107dc @__libc_start_main+358    : c_beqz a5, 10              : IntAlu :   flags=(IsInteger|IsControl|IsDirectControl|IsCondControl)
 286380: board.processor.cores.core: A0 T0 : 0x107e6 @__libc_start_main+368    : lui a5, 111                : IntAlu :  D=0x000000000006f000  flags=(IsInteger)
 287046: board.processor.cores.core: A0 T0 : 0x107ea @__libc_start_main+372    : ld a5, -104(a5)            : MemRead :  D=0x7fffffffffffffa8 A=0x6ef98  flags=(IsInteger|IsLoad)
 287712: board.processor.cores.core: A0 T0 : 0x107ee @__libc_start_main+376    : lbu a4, 14(a5)             : MemRead :  D=0x0000000000000064 A=0x7fffffffffffffb6  flags=(IsInteger|IsLoad)
 288378: board.processor.cores.core: A0 T0 : 0x107f2 @__libc_start_main+380    : lbu a7, 8(a5)              : MemRead :  D=0x0000000000000072 A=0x7fffffffffffffb0  flags=(IsInteger|IsLoad)
 289044: board.processor.cores.core: A0 T0 : 0x107f6 @__libc_start_main+384    : lbu a6, 9(a5)              : MemRead :  D=0x0000000000000069 A=0x7fffffffffffffb1  flags=(IsInteger|IsLoad)
 289710: board.processor.cores.core: A0 T0 : 0x107fa @__libc_start_main+388    : lbu a0, 10(a5)             : MemRead :  D=0x0000000000000061 A=0x7fffffffffffffb2  flags=(IsInteger|IsLoad)
 290376: board.processor.cores.core: A0 T0 : 0x107fe @__libc_start_main+392    : lbu a1, 11(a5)             : MemRead :  D=0x000000000000006c A=0x7fffffffffffffb3  flags=(IsInteger|IsLoad)
 291042: board.processor.cores.core: A0 T0 : 0x10802 @__libc_start_main+396    : lbu a2, 12(a5)             : MemRead :  D=0x0000000000000073 A=0x7fffffffffffffb4  flags=(IsInteger|IsLoad)
 291708: board.processor.cores.core: A0 T0 : 0x10806 @__libc_start_main+400    : lbu a3, 13(a5)             : MemRead :  D=0x000000000000002f A=0x7fffffffffffffb5  flags=(IsInteger|IsLoad)
 292374: board.processor.cores.core: A0 T0 : 0x1080a @__libc_start_main+404    : lbu a5, 15(a5)             : MemRead :  D=0x0000000000000065 A=0x7fffffffffffffb7  flags=(IsInteger|IsLoad)
 293040: board.processor.cores.core: A0 T0 : 0x1080e @__libc_start_main+408    : sb a7, 40(sp)              : MemWrite :  D=0x0000000000000072 A=0x7ffffffffffffdb8  flags=(IsInteger|IsStore)
 293706: board.processor.cores.core: A0 T0 : 0x10812 @__libc_start_main+412    : sb a6, 41(sp)              : MemWrite :  D=0x0000000000000069 A=0x7ffffffffffffdb9  flags=(IsInteger|IsStore)
 294372: board.processor.cores.core: A0 T0 : 0x10816 @__libc_start_main+416    : sb a5, 47(sp)              : MemWrite :  D=0x0000000000000065 A=0x7ffffffffffffdbf  flags=(IsInteger|IsStore)
 295038: board.processor.cores.core: A0 T0 : 0x1081a @__libc_start_main+420    : sb a0, 42(sp)              : MemWrite :  D=0x0000000000000061 A=0x7ffffffffffffdba  flags=(IsInteger|IsStore)
 295704: board.processor.cores.core: A0 T0 : 0x1081e @__libc_start_main+424    : sb a1, 43(sp)              : MemWrite :  D=0x000000000000006c A=0x7ffffffffffffdbb  flags=(IsInteger|IsStore)
 296370: board.processor.cores.core: A0 T0 : 0x10822 @__libc_start_main+428    : sb a2, 44(sp)              : MemWrite :  D=0x0000000000000073 A=0x7ffffffffffffdbc  flags=(IsInteger|IsStore)
 297036: board.processor.cores.core: A0 T0 : 0x10826 @__libc_start_main+432    : sb a3, 45(sp)              : MemWrite :  D=0x000000000000002f A=0x7ffffffffffffdbd  flags=(IsInteger|IsStore)
 297702: board.processor.cores.core: A0 T0 : 0x1082a @__libc_start_main+436    : sb a4, 46(sp)              : MemWrite :  D=0x0000000000000064 A=0x7ffffffffffffdbe  flags=(IsInteger|IsStore)
 298035: board.processor.cores.core: A0 T0 : 0x1082e @__libc_start_main+440    : c_ldsp a4, 40(sp)          : MemRead :  D=0x65642f736c616972 A=0x7ffffffffffffdb8  flags=(IsInteger|IsLoad)
 298368: board.processor.cores.core: A0 T0 : 0x10830 @__libc_start_main+442    : lui a5, 110                : IntAlu :  D=0x000000000006e000  flags=(IsInteger)
 298701: board.processor.cores.core: A0 T0 : 0x10834 @__libc_start_main+446    : sd a4, 1408(a5)            : MemWrite :  D=0x65642f736c616972 A=0x6e580  flags=(IsInteger|IsStore)
 299034: board.processor.cores.core: A0 T0 : 0x10838 @__libc_start_main+450    : beq s3, ft0, 14            : IntAlu :   flags=(IsInteger|IsControl|IsDirectControl|IsCondControl)
 299367: board.processor.cores.core: A0 T0 : 0x10846 @__libc_start_main+464    : c_li a0, 1                 : IntAlu :  D=0x0000000000000001  flags=(IsInteger)
 299700: board.processor.cores.core: A0 T0 : 0x10848 @__libc_start_main+466    : jal ra, 96964              : IntAlu :  D=0x000000000001084c  flags=(IsInteger|IsControl|IsDirectControl|IsUncondControl|IsCall)
 300033: board.processor.cores.core: A0 T0 : 0x2830c @__libc_early_init    : c_addi sp, -16             : IntAlu :  D=0x7ffffffffffffd80  flags=(IsInteger)
 300366: board.processor.cores.core: A0 T0 : 0x2830e @__libc_early_init+2    : c_sdsp s0, 0(sp)           : MemWrite :  D=0x0000000000010b6c A=0x7ffffffffffffd80  flags=(IsInteger|IsStore)
 300699: board.processor.cores.core: A0 T0 : 0x28310 @__libc_early_init+4    : c_sdsp ra, 8(sp)           : MemWrite :  D=0x000000000001084c A=0x7ffffffffffffd88  flags=(IsInteger|IsStore)
 301032: board.processor.cores.core: A0 T0 : 0x28312 @__libc_early_init+6    : c_mv s0, a0                : IntAlu :  D=0x0000000000000001  flags=(IsInteger)
 301365: board.processor.cores.core: A0 T0 : 0x28314 @__libc_early_init+8    : jal ra, 35758              : IntAlu :  D=0x0000000000028318  flags=(IsInteger|IsControl|IsDirectControl|IsUncondControl|IsCall)
 302031: board.processor.cores.core: A0 T0 : 0x30ec2 @__ctype_init    : auipc a5, 64               : IntAlu :  D=0x0000000000070ec2  flags=(IsInteger)
 302697: board.processor.cores.core: A0 T0 : 0x30ec6 @__ctype_init+4    : ld a5, -1634(a5)           : MemRead :  D=0x0000000000000000 A=0x70860  flags=(IsInteger|IsLoad)
 303363: board.processor.cores.core: A0 T0 : 0x30eca @__ctype_init+8    : auipc a1, 64               : IntAlu :  D=0x0000000000070eca  flags=(IsInteger)
 304029: board.processor.cores.core: A0 T0 : 0x30ece @__ctype_init+12    : ld a1, -1602(a1)           : MemRead :  D=0x0000000000000058 A=0x70888  flags=(IsInteger|IsLoad)
 304695: board.processor.cores.core: A0 T0 : 0x30ed2 @__ctype_init+16    : auipc a3, 64               : IntAlu :  D=0x0000000000070ed2  flags=(IsInteger)
 305361: board.processor.cores.core: A0 T0 : 0x30ed6 @__ctype_init+20    : ld a3, -1570(a3)           : MemRead :  D=0x0000000000000050 A=0x708b0  flags=(IsInteger|IsLoad)
 305694: board.processor.cores.core: A0 T0 : 0x30eda @__ctype_init+24    : c_add a5, tp               : IntAlu :  D=0x00000000000737a0  flags=(IsInteger)
 306027: board.processor.cores.core: A0 T0 : 0x30edc @__ctype_init+26    : c_ld a5, 0(a5)             : MemRead :  D=0x0000000000070680 A=0x737a0  flags=(IsInteger|IsLoad)
 306360: board.processor.cores.core: A0 T0 : 0x30ede @__ctype_init+28    : c_add a1, tp               : IntAlu :  D=0x00000000000737f8  flags=(IsInteger)
 306693: board.processor.cores.core: A0 T0 : 0x30ee0 @__ctype_init+30    : c_add a3, tp               : IntAlu :  D=0x00000000000737f0  flags=(IsInteger)
 307026: board.processor.cores.core: A0 T0 : 0x30ee2 @__ctype_init+32    : c_ld a4, 0(a5)             : MemRead :  D=0x0000000000051638 A=0x70680  flags=(IsInteger|IsLoad)
 307359: board.processor.cores.core: A0 T0 : 0x30ee4 @__ctype_init+34    : auipc a5, 64               : IntAlu :  D=0x0000000000070ee4  flags=(IsInteger)
 307692: board.processor.cores.core: A0 T0 : 0x30ee8 @__ctype_init+38    : ld a5, -1684(a5)           : MemRead :  D=0x0000000000000048 A=0x70850  flags=(IsInteger|IsLoad)
 308025: board.processor.cores.core: A0 T0 : 0x30eec @__ctype_init+42    : c_ld a0, 64(a4)            : MemRead :  D=0x0000000000052e68 A=0x51678  flags=(IsInteger|IsLoad)
 308358: board.processor.cores.core: A0 T0 : 0x30eee @__ctype_init+44    : c_ld a2, 72(a4)            : MemRead :  D=0x0000000000052468 A=0x51680  flags=(IsInteger|IsLoad)
 308691: board.processor.cores.core: A0 T0 : 0x30ef0 @__ctype_init+46    : c_ld a4, 88(a4)            : MemRead :  D=0x0000000000051e68 A=0x51690  flags=(IsInteger|IsLoad)
 309024: board.processor.cores.core: A0 T0 : 0x30ef2 @__ctype_init+48    : c_add a5, tp               : IntAlu :  D=0x00000000000737e8  flags=(IsInteger)
 309357: board.processor.cores.core: A0 T0 : 0x30ef4 @__ctype_init+50    : addi a0, a0, 256           : IntAlu :  D=0x0000000000052f68  flags=(IsInteger)
 309690: board.processor.cores.core: A0 T0 : 0x30ef8 @__ctype_init+54    : addi a2, a2, 512           : IntAlu :  D=0x0000000000052668  flags=(IsInteger)
 310023: board.processor.cores.core: A0 T0 : 0x30efc @__ctype_init+58    : addi a4, a4, 512           : IntAlu :  D=0x0000000000052068  flags=(IsInteger)
 310356: board.processor.cores.core: A0 T0 : 0x30f00 @__ctype_init+62    : c_sd a0, 0(a1)             : MemWrite :  D=0x0000000000052f68 A=0x737f8  flags=(IsInteger|IsStore)
 310689: board.processor.cores.core: A0 T0 : 0x30f02 @__ctype_init+64    : c_sd a2, 0(a3)             : MemWrite :  D=0x0000000000052668 A=0x737f0  flags=(IsInteger|IsStore)
 311022: board.processor.cores.core: A0 T0 : 0x30f04 @__ctype_init+66    : c_sd a4, 0(a5)             : MemWrite :  D=0x0000000000052068 A=0x737e8  flags=(IsInteger|IsStore)
 311355: board.processor.cores.core: A0 T0 : 0x30f06 @__ctype_init+68    : c_jr ra                    : IntAlu :   flags=(IsInteger|IsControl|IsIndirectControl|IsUncondControl|IsReturn)
 311688: board.processor.cores.core: A0 T0 : 0x28318 @__libc_early_init+12    : c_ldsp ra, 8(sp)           : MemRead :  D=0x000000000001084c A=0x7ffffffffffffd88  flags=(IsInteger|IsLoad)
 312354: board.processor.cores.core: A0 T0 : 0x2831a @__libc_early_init+14    : sb s0, -1640(gp)           : MemWrite :  D=0x0000000000000001 A=0x70a60  flags=(IsInteger|IsStore)
 312687: board.processor.cores.core: A0 T0 : 0x2831e @__libc_early_init+18    : c_ldsp s0, 0(sp)           : MemRead :  D=0x0000000000010b6c A=0x7ffffffffffffd80  flags=(IsInteger|IsLoad)
 313020: board.processor.cores.core: A0 T0 : 0x28320 @__libc_early_init+20    : c_addi sp, 16              : IntAlu :  D=0x7ffffffffffffd90  flags=(IsInteger)
 313353: board.processor.cores.core: A0 T0 : 0x28322 @__libc_early_init+22    : c_jr ra                    : IntAlu :   flags=(IsInteger|IsControl|IsIndirectControl|IsUncondControl|IsReturn)
 313686: board.processor.cores.core: A0 T0 : 0x1084c @__libc_start_main+470    : ld a2, -1232(gp)           : MemRead :  D=0x7fffffffffffff18 A=0x70bf8  flags=(IsInteger|IsLoad)
 314019: board.processor.cores.core: A0 T0 : 0x10850 @__libc_start_main+474    : c_ldsp a1, 16(sp)          : MemRead :  D=0x7fffffffffffff08 A=0x7ffffffffffffda0  flags=(IsInteger|IsLoad)
 314352: board.processor.cores.core: A0 T0 : 0x10852 @__libc_start_main+476    : c_ldsp a0, 8(sp)           : MemRead :  D=0x0000000000000001 A=0x7ffffffffffffd98  flags=(IsInteger|IsLoad)
 314685: board.processor.cores.core: A0 T0 : 0x10854 @__libc_start_main+478    : jal ra, 96976              : IntAlu :  D=0x0000000000010858  flags=(IsInteger|IsControl|IsDirectControl|IsUncondControl|IsCall)
 315018: board.processor.cores.core: A0 T0 : 0x28324 @__libc_init_first    : sw a0, -1000(gp)           : MemWrite :  D=0x0000000000000001 A=0x70ce0  flags=(IsInteger|IsStore)
 315351: board.processor.cores.core: A0 T0 : 0x28328 @__libc_init_first+4    : c_addi sp, -32             : IntAlu :  D=0x7ffffffffffffd70  flags=(IsInteger)
 316017: board.processor.cores.core: A0 T0 : 0x2832a @__libc_init_first+6    : sd a1, -1008(gp)           : MemWrite :  D=0x7fffffffffffff08 A=0x70cd8  flags=(IsInteger|IsStore)
 316350: board.processor.cores.core: A0 T0 : 0x2832e @__libc_init_first+10    : c_sdsp s0, 16(sp)          : MemWrite :  D=0x0000000000010b6c A=0x7ffffffffffffd80  flags=(IsInteger|IsStore)
 316683: board.processor.cores.core: A0 T0 : 0x28330 @__libc_init_first+12    : c_sdsp s1, 8(sp)           : MemWrite :  D=0x0000000000010bfc A=0x7ffffffffffffd78  flags=(IsInteger|IsStore)
 317016: board.processor.cores.core: A0 T0 : 0x28332 @__libc_init_first+14    : c_sdsp s2, 0(sp)           : MemWrite :  D=0x00000000000103b0 A=0x7ffffffffffffd70  flags=(IsInteger|IsStore)
 317349: board.processor.cores.core: A0 T0 : 0x28334 @__libc_init_first+16    : c_sdsp ra, 24(sp)          : MemWrite :  D=0x0000000000010858 A=0x7ffffffffffffd88  flags=(IsInteger|IsStore)
 317682: board.processor.cores.core: A0 T0 : 0x28336 @__libc_init_first+18    : c_mv s0, a0                : IntAlu :  D=0x0000000000000001  flags=(IsInteger)
 318015: board.processor.cores.core: A0 T0 : 0x28338 @__libc_init_first+20    : c_mv s1, a1                : IntAlu :  D=0x7fffffffffffff08  flags=(IsInteger)
 318348: board.processor.cores.core: A0 T0 : 0x2833a @__libc_init_first+22    : c_mv s2, a2                : IntAlu :  D=0x7fffffffffffff18  flags=(IsInteger)
 318681: board.processor.cores.core: A0 T0 : 0x2833c @__libc_init_first+24    : sd a2, -1232(gp)           : MemWrite :  D=0x7fffffffffffff18 A=0x70bf8  flags=(IsInteger|IsStore)
 319014: board.processor.cores.core: A0 T0 : 0x28340 @__libc_init_first+28    : jal ra, -2768              : IntAlu :  D=0x0000000000028344  flags=(IsInteger|IsControl|IsDirectControl|IsUncondControl|IsCall)
 319347: board.processor.cores.core: A0 T0 : 0x27870 @_dl_non_dynamic_init    : c_addi16sp sp, -192        : IntAlu :  D=0x7ffffffffffffcb0  flags=(IsInteger)
 319680: board.processor.cores.core: A0 T0 : 0x27872 @_dl_non_dynamic_init+2    : c_sdsp ra, 184(sp)         : MemWrite :  D=0x0000000000028344 A=0x7ffffffffffffd68  flags=(IsInteger|IsStore)
 320013: board.processor.cores.core: A0 T0 : 0x27874 @_dl_non_dynamic_init+4    : c_sdsp s0, 176(sp)         : MemWrite :  D=0x0000000000000001 A=0x7ffffffffffffd60  flags=(IsInteger|IsStore)
 320346: board.processor.cores.core: A0 T0 : 0x27876 @_dl_non_dynamic_init+6    : c_sdsp s1, 168(sp)         : MemWrite :  D=0x7fffffffffffff08 A=0x7ffffffffffffd58  flags=(IsInteger|IsStore)
 320679: board.processor.cores.core: A0 T0 : 0x27878 @_dl_non_dynamic_init+8    : c_sdsp s2, 160(sp)         : MemWrite :  D=0x7fffffffffffff18 A=0x7ffffffffffffd50  flags=(IsInteger|IsStore)
 321012: board.processor.cores.core: A0 T0 : 0x2787a @_dl_non_dynamic_init+10    : c_sdsp s3, 152(sp)         : MemWrite :  D=0x0000000000000000 A=0x7ffffffffffffd48  flags=(IsInteger|IsStore)
 321345: board.processor.cores.core: A0 T0 : 0x2787c @_dl_non_dynamic_init+12    : c_sdsp s4, 144(sp)         : MemWrite :  D=0x00000000000103b0 A=0x7ffffffffffffd40  flags=(IsInteger|IsStore)
 321678: board.processor.cores.core: A0 T0 : 0x2787e @_dl_non_dynamic_init+14    : c_sdsp s5, 136(sp)         : MemWrite :  D=0x00000000ffffffff A=0x7ffffffffffffd38  flags=(IsInteger|IsStore)
 322011: board.processor.cores.core: A0 T0 : 0x27880 @_dl_non_dynamic_init+16    : c_sdsp s6, 128(sp)         : MemWrite :  D=0x000000000000003a A=0x7ffffffffffffd30  flags=(IsInteger|IsStore)
 322344: board.processor.cores.core: A0 T0 : 0x27882 @_dl_non_dynamic_init+18    : c_sdsp s7, 120(sp)         : MemWrite :  D=0x0000000000000000 A=0x7ffffffffffffd28  flags=(IsInteger|IsStore)
 322677: board.processor.cores.core: A0 T0 : 0x27884 @_dl_non_dynamic_init+20    : c_sdsp s8, 112(sp)         : MemWrite :  D=0x0000000000000000 A=0x7ffffffffffffd20  flags=(IsInteger|IsStore)
 323010: board.processor.cores.core: A0 T0 : 0x27886 @_dl_non_dynamic_init+22    : c_sdsp s9, 104(sp)         : MemWrite :  D=0x0000000000000000 A=0x7ffffffffffffd18  flags=(IsInteger|IsStore)
 323343: board.processor.cores.core: A0 T0 : 0x27888 @_dl_non_dynamic_init+24    : c_sdsp s10, 96(sp)         : MemWrite :  D=0x0000000000000000 A=0x7ffffffffffffd10  flags=(IsInteger|IsStore)
 323676: board.processor.cores.core: A0 T0 : 0x2788a @_dl_non_dynamic_init+26    : c_sdsp s11, 88(sp)         : MemWrite :  D=0x0000000000000000 A=0x7ffffffffffffd08  flags=(IsInteger|IsStore)
 324009: board.processor.cores.core: A0 T0 : 0x2788c @_dl_non_dynamic_init+28    : jal ra, 103054             : IntAlu :  D=0x0000000000027890  flags=(IsInteger|IsControl|IsDirectControl|IsUncondControl|IsCall)
 324342: board.processor.cores.core: A0 T0 : 0x40b1a @_dl_get_origin    : c_lui t0, 1048575          : IntAlu :  D=0xfffffffffffff000  flags=(IsInteger)
 324675: board.processor.cores.core: A0 T0 : 0x40b1c @_dl_get_origin+2    : c_addi16sp sp, -48         : IntAlu :  D=0x7ffffffffffffc80  flags=(IsInteger)
 325008: board.processor.cores.core: A0 T0 : 0x40b1e @_dl_get_origin+4    : c_addi t0, 16              : IntAlu :  D=0xfffffffffffff010  flags=(IsInteger)
 325341: board.processor.cores.core: A0 T0 : 0x40b20 @_dl_get_origin+6    : c_sdsp ra, 40(sp)          : MemWrite :  D=0x0000000000027890 A=0x7ffffffffffffca8  flags=(IsInteger|IsStore)
 325674: board.processor.cores.core: A0 T0 : 0x40b22 @_dl_get_origin+8    : c_sdsp s0, 32(sp)          : MemWrite :  D=0x0000000000000001 A=0x7ffffffffffffca0  flags=(IsInteger|IsStore)
 326007: board.processor.cores.core: A0 T0 : 0x40b24 @_dl_get_origin+10    : c_sdsp s1, 24(sp)          : MemWrite :  D=0x7fffffffffffff08 A=0x7ffffffffffffc98  flags=(IsInteger|IsStore)
 326340: board.processor.cores.core: A0 T0 : 0x40b26 @_dl_get_origin+12    : c_sdsp s2, 16(sp)          : MemWrite :  D=0x7fffffffffffff18 A=0x7ffffffffffffc90  flags=(IsInteger|IsStore)
 326673: board.processor.cores.core: A0 T0 : 0x40b28 @_dl_get_origin+14    : lui a1, 99                 : IntAlu :  D=0x0000000000063000  flags=(IsInteger)
 327006: board.processor.cores.core: A0 T0 : 0x40b2c @_dl_get_origin+18    : c_add sp, t0               : IntAlu :  D=0x7fffffffffffec90  flags=(IsInteger)
 327339: board.processor.cores.core: A0 T0 : 0x40b2e @_dl_get_origin+20    : c_lui a5, 1048575          : IntAlu :  D=0xfffffffffffff000  flags=(IsInteger)
 327672: board.processor.cores.core: A0 T0 : 0x40b30 @_dl_get_origin+22    : addi a7, ft0, 78           : IntAlu :  D=0x000000000000004e  flags=(IsInteger)
 328005: board.processor.cores.core: A0 T0 : 0x40b34 @_dl_get_origin+26    : addi a0, ft0, -100         : IntAlu :  D=0xffffffffffffff9c  flags=(IsInteger)
 328338: board.processor.cores.core: A0 T0 : 0x40b38 @_dl_get_origin+30    : addi a1, a1, 720           : IntAlu :  D=0x00000000000632d0  flags=(IsInteger)
 328671: board.processor.cores.core: A0 T0 : 0x40b3c @_dl_get_origin+34    : c_mv a2, sp                : IntAlu :  D=0x7fffffffffffec90  flags=(IsInteger)
 329004: board.processor.cores.core: A0 T0 : 0x40b3e @_dl_get_origin+36    : c_lui a3, 1                : IntAlu :  D=0x0000000000001000  flags=(IsInteger)
 329337: board.processor.cores.core: A0 T0 : 0x40b40 @_dl_get_origin+38    : ecall                      : No_OpClass :   flags=(IsSerializeAfter|IsNonSpeculative|IsSyscall)
 329670: board.processor.cores.core: A0 T0 : 0x40b44 @_dl_get_origin+42    : c_addiw a0, 0              : IntAlu :  D=0x0000000000000072  flags=(IsInteger)
 330336: board.processor.cores.core: A0 T0 : 0x40b46 @_dl_get_origin+44    : bltu a5, a0, 84            : IntAlu :   flags=(IsInteger|IsControl|IsDirectControl|IsCondControl)
 330669: board.processor.cores.core: A0 T0 : 0x40b4a @_dl_get_origin+48    : c_mv a4, a0                : IntAlu :  D=0x0000000000000072  flags=(IsInteger)
 331002: board.processor.cores.core: A0 T0 : 0x40b4c @_dl_get_origin+50    : bge ft0, a0, 78            : IntAlu :   flags=(IsInteger|IsControl|IsDirectControl|IsCondControl)
 331335: board.processor.cores.core: A0 T0 : 0x40b50 @_dl_get_origin+54    : lbu a3, 0(sp)              : MemRead :  D=0x000000000000002f A=0x7fffffffffffec90  flags=(IsInteger|IsLoad)
 331668: board.processor.cores.core: A0 T0 : 0x40b54 @_dl_get_origin+58    : addi a5, ft0, 91           : IntAlu :  D=0x000000000000005b  flags=(IsInteger)
 332001: board.processor.cores.core: A0 T0 : 0x40b58 @_dl_get_origin+62    : beq a3, a5, 66             : IntAlu :   flags=(IsInteger|IsControl|IsDirectControl|IsCondControl)
 332334: board.processor.cores.core: A0 T0 : 0x40b5c @_dl_get_origin+66    : addi a6, ft0, 47           : IntAlu :  D=0x000000000000002f  flags=(IsInteger)
 332667: board.processor.cores.core: A0 T0 : 0x40b60 @_dl_get_origin+70    : add a5, sp, a0             : IntAlu :  D=0x7fffffffffffed02  flags=(IsInteger)
 333000: board.processor.cores.core: A0 T0 : 0x40b64 @_dl_get_origin+74    : c_li a2, 1                 : IntAlu :  D=0x0000000000000001  flags=(IsInteger)
 333666: board.processor.cores.core: A0 T0 : 0x40b66 @_dl_get_origin+76    : addi a1, ft0, 47           : IntAlu :  D=0x000000000000002f  flags=(IsInteger)
 334332: board.processor.cores.core: A0 T0 : 0x40b6a @_dl_get_origin+80    : bne a3, a6, 178            : IntAlu :   flags=(IsInteger|IsControl|IsDirectControl|IsCondControl)
 334998: board.processor.cores.core: A0 T0 : 0x40b6e @_dl_get_origin+84    : beq a4, a2, 24             : IntAlu :   flags=(IsInteger|IsControl|IsDirectControl|IsCondControl)
 335664: board.processor.cores.core: A0 T0 : 0x40b72 @_dl_get_origin+88    : lbu a3, -1(a5)             : MemRead :  D=0x0000000000000074 A=0x7fffffffffffed01  flags=(IsInteger|IsLoad)
 336330: board.processor.cores.core: A0 T0 : 0x40b76 @_dl_get_origin+92    : addiw s1, a4, -1           : IntAlu :  D=0x0000000000000071  flags=(IsInteger)
 336663: board.processor.cores.core: A0 T0 : 0x40b7a @_dl_get_origin+96    : c_addi a5, -1              : IntAlu :  D=0x7fffffffffffed01  flags=(IsInteger)
 336996: board.processor.cores.core: A0 T0 : 0x40b7c @_dl_get_origin+98    : beq a3, a1, 124            : IntAlu :   flags=(IsInteger|IsControl|IsDirectControl|IsCondControl)
 337329: board.processor.cores.core: A0 T0 : 0x40b80 @_dl_get_origin+102    : c_mv a4, s1                : IntAlu :  D=0x0000000000000071  flags=(IsInteger)
 337995: board.processor.cores.core: A0 T0 : 0x40b82 @_dl_get_origin+104    : bne a4, a2, -16            : IntAlu :   flags=(IsInteger|IsControl|IsDirectControl|IsCondControl)
 338661: board.processor.cores.core: A0 T0 : 0x40b72 @_dl_get_origin+88    : lbu a3, -1(a5)             : MemRead :  D=0x0000000000000073 A=0x7fffffffffffed00  flags=(IsInteger|IsLoad)
 339327: board.processor.cores.core: A0 T0 : 0x40b76 @_dl_get_origin+92    : addiw s1, a4, -1           : IntAlu :  D=0x0000000000000070  flags=(IsInteger)
 339660: board.processor.cores.core: A0 T0 : 0x40b7a @_dl_get_origin+96    : c_addi a5, -1              : IntAlu :  D=0x7fffffffffffed00  flags=(IsInteger)
 339993: board.processor.cores.core: A0 T0 : 0x40b7c @_dl_get_origin+98    : beq a3, a1, 124            : IntAlu :   flags=(IsInteger|IsControl|IsDirectControl|IsCondControl)
 340326: board.processor.cores.core: A0 T0 : 0x40b80 @_dl_get_origin+102    : c_mv a4, s1                : IntAlu :  D=0x0000000000000070  flags=(IsInteger)
 340992: board.processor.cores.core: A0 T0 : 0x40b82 @_dl_get_origin+104    : bne a4, a2, -16            : IntAlu :   flags=(IsInteger|IsControl|IsDirectControl|IsCondControl)
 341658: board.processor.cores.core: A0 T0 : 0x40b72 @_dl_get_origin+88    : lbu a3, -1(a5)             : MemRead :  D=0x0000000000000065 A=0x7fffffffffffecff  flags=(IsInteger|IsLoad)
 342324: board.processor.cores.core: A0 T0 : 0x40b76 @_dl_get_origin+92    : addiw s1, a4, -1           : IntAlu :  D=0x000000000000006f  flags=(IsInteger)
 342657: board.processor.cores.core: A0 T0 : 0x40b7a @_dl_get_origin+96    : c_addi a5, -1              : IntAlu :  D=0x7fffffffffffecff  flags=(IsInteger)
 342990: board.processor.cores.core: A0 T0 : 0x40b7c @_dl_get_origin+98    : beq a3, a1, 124            : IntAlu :   flags=(IsInteger|IsControl|IsDirectControl|IsCondControl)
 343323: board.processor.cores.core: A0 T0 : 0x40b80 @_dl_get_origin+102    : c_mv a4, s1                : IntAlu :  D=0x000000000000006f  flags=(IsInteger)
 343989: board.processor.cores.core: A0 T0 : 0x40b82 @_dl_get_origin+104    : bne a4, a2, -16            : IntAlu :   flags=(IsInteger|IsControl|IsDirectControl|IsCondControl)
 344655: board.processor.cores.core: A0 T0 : 0x40b72 @_dl_get_origin+88    : lbu a3, -1(a5)             : MemRead :  D=0x0000000000000074 A=0x7fffffffffffecfe  flags=(IsInteger|IsLoad)
 345321: board.processor.cores.core: A0 T0 : 0x40b76 @_dl_get_origin+92    : addiw s1, a4, -1           : IntAlu :  D=0x000000000000006e  flags=(IsInteger)
 345654: board.processor.cores.core: A0 T0 : 0x40b7a @_dl_get_origin+96    : c_addi a5, -1              : IntAlu :  D=0x7fffffffffffecfe  flags=(IsInteger)
 345987: board.processor.cores.core: A0 T0 : 0x40b7c @_dl_get_origin+98    : beq a3, a1, 124            : IntAlu :   flags=(IsInteger|IsControl|IsDirectControl|IsCondControl)
 346320: board.processor.cores.core: A0 T0 : 0x40b80 @_dl_get_origin+102    : c_mv a4, s1                : IntAlu :  D=0x000000000000006e  flags=(IsInteger)
 346986: board.processor.cores.core: A0 T0 : 0x40b82 @_dl_get_origin+104    : bne a4, a2, -16            : IntAlu :   flags=(IsInteger|IsControl|IsDirectControl|IsCondControl)
 347652: board.processor.cores.core: A0 T0 : 0x40b72 @_dl_get_origin+88    : lbu a3, -1(a5)             : MemRead :  D=0x000000000000005f A=0x7fffffffffffecfd  flags=(IsInteger|IsLoad)
 348318: board.processor.cores.core: A0 T0 : 0x40b76 @_dl_get_origin+92    : addiw s1, a4, -1           : IntAlu :  D=0x000000000000006d  flags=(IsInteger)
 348651: board.processor.cores.core: A0 T0 : 0x40b7a @_dl_get_origin+96    : c_addi a5, -1              : IntAlu :  D=0x7fffffffffffecfd  flags=(IsInteger)
 348984: board.processor.cores.core: A0 T0 : 0x40b7c @_dl_get_origin+98    : beq a3, a1, 124            : IntAlu :   flags=(IsInteger|IsControl|IsDirectControl|IsCondControl)
 349317: board.processor.cores.core: A0 T0 : 0x40b80 @_dl_get_origin+102    : c_mv a4, s1                : IntAlu :  D=0x000000000000006d  flags=(IsInteger)
 349983: board.processor.cores.core: A0 T0 : 0x40b82 @_dl_get_origin+104    : bne a4, a2, -16            : IntAlu :   flags=(IsInteger|IsControl|IsDirectControl|IsCondControl)
 350649: board.processor.cores.core: A0 T0 : 0x40b72 @_dl_get_origin+88    : lbu a3, -1(a5)             : MemRead :  D=0x0000000000000036 A=0x7fffffffffffecfc  flags=(IsInteger|IsLoad)
 351315: board.processor.cores.core: A0 T0 : 0x40b76 @_dl_get_origin+92    : addiw s1, a4, -1           : IntAlu :  D=0x000000000000006c  flags=(IsInteger)
 351648: board.processor.cores.core: A0 T0 : 0x40b7a @_dl_get_origin+96    : c_addi a5, -1              : IntAlu :  D=0x7fffffffffffecfc  flags=(IsInteger)
 351981: board.processor.cores.core: A0 T0 : 0x40b7c @_dl_get_origin+98    : beq a3, a1, 124            : IntAlu :   flags=(IsInteger|IsControl|IsDirectControl|IsCondControl)
 352314: board.processor.cores.core: A0 T0 : 0x40b80 @_dl_get_origin+102    : c_mv a4, s1                : IntAlu :  D=0x000000000000006c  flags=(IsInteger)
 352980: board.processor.cores.core: A0 T0 : 0x40b82 @_dl_get_origin+104    : bne a4, a2, -16            : IntAlu :   flags=(IsInteger|IsControl|IsDirectControl|IsCondControl)
 353646: board.processor.cores.core: A0 T0 : 0x40b72 @_dl_get_origin+88    : lbu a3, -1(a5)             : MemRead :  D=0x0000000000000031 A=0x7fffffffffffecfb  flags=(IsInteger|IsLoad)
 354312: board.processor.cores.core: A0 T0 : 0x40b76 @_dl_get_origin+92    : addiw s1, a4, -1           : IntAlu :  D=0x000000000000006b  flags=(IsInteger)
 354645: board.processor.cores.core: A0 T0 : 0x40b7a @_dl_get_origin+96    : c_addi a5, -1              : IntAlu :  D=0x7fffffffffffecfb  flags=(IsInteger)
 354978: board.processor.cores.core: A0 T0 : 0x40b7c @_dl_get_origin+98    : beq a3, a1, 124            : IntAlu :   flags=(IsInteger|IsControl|IsDirectControl|IsCondControl)
 355311: board.processor.cores.core: A0 T0 : 0x40b80 @_dl_get_origin+102    : c_mv a4, s1                : IntAlu :  D=0x000000000000006b  flags=(IsInteger)
 355977: board.processor.cores.core: A0 T0 : 0x40b82 @_dl_get_origin+104    : bne a4, a2, -16            : IntAlu :   flags=(IsInteger|IsControl|IsDirectControl|IsCondControl)
 356643: board.processor.cores.core: A0 T0 : 0x40b72 @_dl_get_origin+88    : lbu a3, -1(a5)             : MemRead :  D=0x0000000000000061 A=0x7fffffffffffecfa  flags=(IsInteger|IsLoad)
 357309: board.processor.cores.core: A0 T0 : 0x40b76 @_dl_get_origin+92    : addiw s1, a4, -1           : IntAlu :  D=0x000000000000006a  flags=(IsInteger)
 357642: board.processor.cores.core: A0 T0 : 0x40b7a @_dl_get_origin+96    : c_addi a5, -1              : IntAlu :  D=0x7fffffffffffecfa  flags=(IsInteger)
 357975: board.processor.cores.core: A0 T0 : 0x40b7c @_dl_get_origin+98    : beq a3, a1, 124            : IntAlu :   flags=(IsInteger|IsControl|IsDirectControl|IsCondControl)
 358308: board.processor.cores.core: A0 T0 : 0x40b80 @_dl_get_origin+102    : c_mv a4, s1                : IntAlu :  D=0x000000000000006a  flags=(IsInteger)
 358974: board.processor.cores.core: A0 T0 : 0x40b82 @_dl_get_origin+104    : bne a4, a2, -16            : IntAlu :   flags=(IsInteger|IsControl|IsDirectControl|IsCondControl)
 359640: board.processor.cores.core: A0 T0 : 0x40b72 @_dl_get_origin+88    : lbu a3, -1(a5)             : MemRead :  D=0x0000000000000072 A=0x7fffffffffffecf9  flags=(IsInteger|IsLoad)
 360306: board.processor.cores.core: A0 T0 : 0x40b76 @_dl_get_origin+92    : addiw s1, a4, -1           : IntAlu :  D=0x0000000000000069  flags=(IsInteger)
 360639: board.processor.cores.core: A0 T0 : 0x40b7a @_dl_get_origin+96    : c_addi a5, -1              : IntAlu :  D=0x7fffffffffffecf9  flags=(IsInteger)
 360972: board.processor.cores.core: A0 T0 : 0x40b7c @_dl_get_origin+98    : beq a3, a1, 124            : IntAlu :   flags=(IsInteger|IsControl|IsDirectControl|IsCondControl)
 361305: board.processor.cores.core: A0 T0 : 0x40b80 @_dl_get_origin+102    : c_mv a4, s1                : IntAlu :  D=0x0000000000000069  flags=(IsInteger)
 361971: board.processor.cores.core: A0 T0 : 0x40b82 @_dl_get_origin+104    : bne a4, a2, -16            : IntAlu :   flags=(IsInteger|IsControl|IsDirectControl|IsCondControl)
 362637: board.processor.cores.core: A0 T0 : 0x40b72 @_dl_get_origin+88    : lbu a3, -1(a5)             : MemRead :  D=0x0000000000000073 A=0x7fffffffffffecf8  flags=(IsInteger|IsLoad)
 363303: board.processor.cores.core: A0 T0 : 0x40b76 @_dl_get_origin+92    : addiw s1, a4, -1           : IntAlu :  D=0x0000000000000068  flags=(IsInteger)
 363636: board.processor.cores.core: A0 T0 : 0x40b7a @_dl_get_origin+96    : c_addi a5, -1              : IntAlu :  D=0x7fffffffffffecf8  flags=(IsInteger)
 363969: board.processor.cores.core: A0 T0 : 0x40b7c @_dl_get_origin+98    : beq a3, a1, 124            : IntAlu :   flags=(IsInteger|IsControl|IsDirectControl|IsCondControl)
 364302: board.processor.cores.core: A0 T0 : 0x40b80 @_dl_get_origin+102    : c_mv a4, s1                : IntAlu :  D=0x0000000000000068  flags=(IsInteger)
 364968: board.processor.cores.core: A0 T0 : 0x40b82 @_dl_get_origin+104    : bne a4, a2, -16            : IntAlu :   flags=(IsInteger|IsControl|IsDirectControl|IsCondControl)
 365634: board.processor.cores.core: A0 T0 : 0x40b72 @_dl_get_origin+88    : lbu a3, -1(a5)             : MemRead :  D=0x000000000000002f A=0x7fffffffffffecf7  flags=(IsInteger|IsLoad)
 366300: board.processor.cores.core: A0 T0 : 0x40b76 @_dl_get_origin+92    : addiw s1, a4, -1           : IntAlu :  D=0x0000000000000067  flags=(IsInteger)
 366633: board.processor.cores.core: A0 T0 : 0x40b7a @_dl_get_origin+96    : c_addi a5, -1              : IntAlu :  D=0x7fffffffffffecf7  flags=(IsInteger)
 366966: board.processor.cores.core: A0 T0 : 0x40b7c @_dl_get_origin+98    : beq a3, a1, 124            : IntAlu :   flags=(IsInteger|IsControl|IsDirectControl|IsCondControl)
 367299: board.processor.cores.core: A0 T0 : 0x40bf8 @_dl_get_origin+222    : addiw a0, a4, 1            : IntAlu :  D=0x0000000000000069  flags=(IsInteger)
 367632: board.processor.cores.core: A0 T0 : 0x40bfc @_dl_get_origin+226    : jal ra, -127126            : IntAlu :  D=0x0000000000040c00  flags=(IsInteger|IsControl|IsDirectControl|IsUncondControl|IsCall)
 368298: board.processor.cores.core: A0 T0 : 0x21b66 @__libc_malloc    : ld a5, -1824(gp)           : MemRead :  D=0x0000000000021d98 A=0x709a8  flags=(IsInteger|IsLoad)
 368964: board.processor.cores.core: A0 T0 : 0x21b6a @__libc_malloc+4    : bne a5, ft0, 336           : IntAlu :   flags=(IsInteger|IsControl|IsDirectControl|IsCondControl)
 369297: board.processor.cores.core: A0 T0 : 0x21cba @__libc_malloc+340    : c_mv a1, ra                : IntAlu :  D=0x0000000000040c00  flags=(IsInteger)
 369630: board.processor.cores.core: A0 T0 : 0x21cbc @__libc_malloc+342    : c_jr a5                    : IntAlu :   flags=(IsInteger|IsControl|IsIndirectControl|IsUncondControl)
 369963: board.processor.cores.core: A0 T0 : 0x21d98 @malloc_hook_ini    : lw a5, -1852(gp)           : MemRead :  D=0xffffffffffffffff A=0x7098c  flags=(IsInteger|IsLoad)
 370296: board.processor.cores.core: A0 T0 : 0x21d9c @malloc_hook_ini+4    : sd ft0, -1824(gp)          : MemWrite :  D=0x0000000000000000 A=0x709a8  flags=(IsInteger|IsStore)
 370629: board.processor.cores.core: A0 T0 : 0x21da0 @malloc_hook_ini+8    : blt a5, ft0, 6             : IntAlu :   flags=(IsInteger|IsControl|IsDirectControl|IsCondControl)
 370962: board.processor.cores.core: A0 T0 : 0x21da6 @malloc_hook_ini+14    : c_addi sp, -32             : IntAlu :  D=0x7fffffffffffec70  flags=(IsInteger)
 371295: board.processor.cores.core: A0 T0 : 0x21da8 @malloc_hook_ini+16    : c_sdsp ra, 24(sp)          : MemWrite :  D=0x0000000000040c00 A=0x7fffffffffffec88  flags=(IsInteger|IsStore)
 371628: board.processor.cores.core: A0 T0 : 0x21daa @malloc_hook_ini+18    : c_sdsp a0, 8(sp)           : MemWrite :  D=0x0000000000000069 A=0x7fffffffffffec78  flags=(IsInteger|IsStore)
 371961: board.processor.cores.core: A0 T0 : 0x21dac @malloc_hook_ini+20    : jal ra, -6054              : IntAlu :  D=0x0000000000021db0  flags=(IsInteger|IsControl|IsDirectControl|IsUncondControl|IsCall)
 372627: board.processor.cores.core: A0 T0 : 0x20606 @ptmalloc_init.part.0    : auipc a4, 80               : IntAlu :  D=0x0000000000070606  flags=(IsInteger)
 373293: board.processor.cores.core: A0 T0 : 0x2060a @ptmalloc_init.part.0+4    : ld a4, 522(a4)             : MemRead :  D=0x0000000000000038 A=0x70810  flags=(IsInteger|IsLoad)
 373626: board.processor.cores.core: A0 T0 : 0x2060e @ptmalloc_init.part.0+8    : c_addi sp, -32             : IntAlu :  D=0x7fffffffffffec50  flags=(IsInteger)
 373959: board.processor.cores.core: A0 T0 : 0x20610 @ptmalloc_init.part.0+10    : lui a3, 111                : IntAlu :  D=0x000000000006f000  flags=(IsInteger)
 374292: board.processor.cores.core: A0 T0 : 0x20614 @ptmalloc_init.part.0+14    : c_sdsp s0, 16(sp)          : MemWrite :  D=0x0000000000000001 A=0x7fffffffffffec60  flags=(IsInteger|IsStore)
 374958: board.processor.cores.core: A0 T0 : 0x20616 @ptmalloc_init.part.0+16    : addi a3, a3, 1480          : IntAlu :  D=0x000000000006f5c8  flags=(IsInteger)
 375291: board.processor.cores.core: A0 T0 : 0x2061a @ptmalloc_init.part.0+20    : c_add a4, tp               : IntAlu :  D=0x00000000000737d8  flags=(IsInteger)
 375624: board.processor.cores.core: A0 T0 : 0x2061c @ptmalloc_init.part.0+22    : c_sdsp ra, 24(sp)          : MemWrite :  D=0x0000000000021db0 A=0x7fffffffffffec68  flags=(IsInteger|IsStore)
 375957: board.processor.cores.core: A0 T0 : 0x2061e @ptmalloc_init.part.0+24    : c_sd a3, 0(a4)             : MemWrite :  D=0x000000000006f5c8 A=0x737d8  flags=(IsInteger|IsStore)
 376290: board.processor.cores.core: A0 T0 : 0x20620 @ptmalloc_init.part.0+26    : c_lui a4, 1                : IntAlu :  D=0x0000000000001000  flags=(IsInteger)
 376956: board.processor.cores.core: A0 T0 : 0x20622 @ptmalloc_init.part.0+28    : lui a5, 111                : IntAlu :  D=0x000000000006f000  flags=(IsInteger)
 377622: board.processor.cores.core: A0 T0 : 0x20626 @ptmalloc_init.part.0+32    : addi a4, a4, -1968         : IntAlu :  D=0x0000000000000850  flags=(IsInteger)
 378288: board.processor.cores.core: A0 T0 : 0x2062a @ptmalloc_init.part.0+36    : addi a6, a5, 1576          : IntAlu :  D=0x000000000006f628  flags=(IsInteger)
 378954: board.processor.cores.core: A0 T0 : 0x2062e @ptmalloc_init.part.0+40    : sw ft0, -1852(gp)          : MemWrite :  D=0x0000000000000000 A=0x7098c  flags=(IsInteger|IsStore)
 379620: board.processor.cores.core: A0 T0 : 0x20632 @ptmalloc_init.part.0+44    : addi a5, a5, 1576          : IntAlu :  D=0x000000000006f628  flags=(IsInteger)
 379953: board.processor.cores.core: A0 T0 : 0x20636 @ptmalloc_init.part.0+48    : c_add a4, a3               : IntAlu :  D=0x000000000006fe18  flags=(IsInteger)
 380286: board.processor.cores.core: A0 T0 : 0x20638 @ptmalloc_init.part.0+50    : c_sd a5, 24(a5)            : MemWrite :  D=0x000000000006f628 A=0x6f640  flags=(IsInteger|IsStore)
 380619: board.processor.cores.core: A0 T0 : 0x2063a @ptmalloc_init.part.0+52    : c_sd a5, 16(a5)            : MemWrite :  D=0x000000000006f628 A=0x6f638  flags=(IsInteger|IsStore)
 380952: board.processor.cores.core: A0 T0 : 0x2063c @ptmalloc_init.part.0+54    : c_addi a5, 16              : IntAlu :  D=0x000000000006f638  flags=(IsInteger)
 381618: board.processor.cores.core: A0 T0 : 0x2063e @ptmalloc_init.part.0+56    : bne a5, a4, -6             : IntAlu :   flags=(IsInteger|IsControl|IsDirectControl|IsCondControl)
 381951: board.processor.cores.core: A0 T0 : 0x20638 @ptmalloc_init.part.0+50    : c_sd a5, 24(a5)            : MemWrite :  D=0x000000000006f638 A=0x6f650  flags=(IsInteger|IsStore)
 382284: board.processor.cores.core: A0 T0 : 0x2063a @ptmalloc_init.part.0+52    : c_sd a5, 16(a5)            : MemWrite :  D=0x000000000006f638 A=0x6f648  flags=(IsInteger|IsStore)
 382617: board.processor.cores.core: A0 T0 : 0x2063c @ptmalloc_init.part.0+54    : c_addi a5, 16              : IntAlu :  D=0x000000000006f648  flags=(IsInteger)
 383283: board.processor.cores.core: A0 T0 : 0x2063e @ptmalloc_init.part.0+56    : bne a5, a4, -6             : IntAlu :   flags=(IsInteger|IsControl|IsDirectControl|IsCondControl)
 383616: board.processor.cores.core: A0 T0 : 0x20638 @ptmalloc_init.part.0+50    : c_sd a5, 24(a5)            : MemWrite :  D=0x000000000006f648 A=0x6f660  flags=(IsInteger|IsStore)
 383949: board.processor.cores.core: A0 T0 : 0x2063a @ptmalloc_init.part.0+52    : c_sd a5, 16(a5)            : MemWrite :  D=0x000000000006f648 A=0x6f658  flags=(IsInteger|IsStore)
 384282: board.processor.cores.core: A0 T0 : 0x2063c @ptmalloc_init.part.0+54    : c_addi a5, 16              : IntAlu :  D=0x000000000006f658  flags=(IsInteger)
 384948: board.processor.cores.core: A0 T0 : 0x2063e @ptmalloc_init.part.0+56    : bne a5, a4, -6             : IntAlu :   flags=(IsInteger|IsControl|IsDirectControl|IsCondControl)
 385281: board.processor.cores.core: A0 T0 : 0x20638 @ptmalloc_init.part.0+50    : c_sd a5, 24(a5)            : MemWrite :  D=0x000000000006f658 A=0x6f670  flags=(IsInteger|IsStore)
 385614: board.processor.cores.core: A0 T0 : 0x2063a @ptmalloc_init.part.0+52    : c_sd a5, 16(a5)            : MemWrite :  D=0x000000000006f658 A=0x6f668  flags=(IsInteger|IsStore)
 385947: board.processor.cores.core: A0 T0 : 0x2063c @ptmalloc_init.part.0+54    : c_addi a5, 16              : IntAlu :  D=0x000000000006f668  flags=(IsInteger)
 386613: board.processor.cores.core: A0 T0 : 0x2063e @ptmalloc_init.part.0+56    : bne a5, a4, -6             : IntAlu :   flags=(IsInteger|IsControl|IsDirectControl|IsCondControl)
 386946: board.processor.cores.core: A0 T0 : 0x20638 @ptmalloc_init.part.0+50    : c_sd a5, 24(a5)            : MemWrite :  D=0x000000000006f668 A=0x6f680  flags=(IsInteger|IsStore)
 387279: board.processor.cores.core: A0 T0 : 0x2063a @ptmalloc_init.part.0+52    : c_sd a5, 16(a5)            : MemWrite :  D=0x000000000006f668 A=0x6f678  flags=(IsInteger|IsStore)
 387612: board.processor.cores.core: A0 T0 : 0x2063c @ptmalloc_init.part.0+54    : c_addi a5, 16              : IntAlu :  D=0x000000000006f678  flags=(IsInteger)
 388278: board.processor.cores.core: A0 T0 : 0x2063e @ptmalloc_init.part.0+56    : bne a5, a4, -6             : IntAlu :   flags=(IsInteger|IsControl|IsDirectControl|IsCondControl)
 388611: board.processor.cores.core: A0 T0 : 0x20638 @ptmalloc_init.part.0+50    : c_sd a5, 24(a5)            : MemWrite :  D=0x000000000006f678 A=0x6f690  flags=(IsInteger|IsStore)
 388944: board.processor.cores.core: A0 T0 : 0x2063a @ptmalloc_init.part.0+52    : c_sd a5, 16(a5)            : MemWrite :  D=0x000000000006f678 A=0x6f688  flags=(IsInteger|IsStore)
 389277: board.processor.cores.core: A0 T0 : 0x2063c @ptmalloc_init.part.0+54    : c_addi a5, 16              : IntAlu :  D=0x000000000006f688  flags=(IsInteger)
 389943: board.processor.cores.core: A0 T0 : 0x2063e @ptmalloc_init.part.0+56    : bne a5, a4, -6             : IntAlu :   flags=(IsInteger|IsControl|IsDirectControl|IsCondControl)
 390276: board.processor.cores.core: A0 T0 : 0x20638 @ptmalloc_init.part.0+50    : c_sd a5, 24(a5)            : MemWrite :  D=0x000000000006f688 A=0x6f6a0  flags=(IsInteger|IsStore)
 390609: board.processor.cores.core: A0 T0 : 0x2063a @ptmalloc_init.part.0+52    : c_sd a5, 16(a5)            : MemWrite :  D=0x000000000006f688 A=0x6f698  flags=(IsInteger|IsStore)
 390942: board.processor.cores.core: A0 T0 : 0x2063c @ptmalloc_init.part.0+54    : c_addi a5, 16              : IntAlu :  D=0x000000000006f698  flags=(IsInteger)
 391608: board.processor.cores.core: A0 T0 : 0x2063e @ptmalloc_init.part.0+56    : bne a5, a4, -6             : IntAlu :   flags=(IsInteger|IsControl|IsDirectControl|IsCondControl)
 391941: board.processor.cores.core: A0 T0 : 0x20638 @ptmalloc_init.part.0+50    : c_sd a5, 24(a5)            : MemWrite :  D=0x000000000006f698 A=0x6f6b0  flags=(IsInteger|IsStore)
 392274: board.processor.cores.core: A0 T0 : 0x2063a @ptmalloc_init.part.0+52    : c_sd a5, 16(a5)            : MemWrite :  D=0x000000000006f698 A=0x6f6a8  flags=(IsInteger|IsStore)
 392607: board.processor.cores.core: A0 T0 : 0x2063c @ptmalloc_init.part.0+54    : c_addi a5, 16              : IntAlu :  D=0x000000000006f6a8  flags=(IsInteger)
 393273: board.processor.cores.core: A0 T0 : 0x2063e @ptmalloc_init.part.0+56    : bne a5, a4, -6             : IntAlu :   flags=(IsInteger|IsControl|IsDirectControl|IsCondControl)
 393606: board.processor.cores.core: A0 T0 : 0x20638 @ptmalloc_init.part.0+50    : c_sd a5, 24(a5)            : MemWrite :  D=0x000000000006f6a8 A=0x6f6c0  flags=(IsInteger|IsStore)
 393939: board.processor.cores.core: A0 T0 : 0x2063a @ptmalloc_init.part.0+52    : c_sd a5, 16(a5)            : MemWrite :  D=0x000000000006f6a8 A=0x6f6b8  flags=(IsInteger|IsStore)
 394272: board.processor.cores.core: A0 T0 : 0x2063c @ptmalloc_init.part.0+54    : c_addi a5, 16              : IntAlu :  D=0x000000000006f6b8  flags=(IsInteger)
 394938: board.processor.cores.core: A0 T0 : 0x2063e @ptmalloc_init.part.0+56    : bne a5, a4, -6             : IntAlu :   flags=(IsInteger|IsControl|IsDirectControl|IsCondControl)
 395271: board.processor.cores.core: A0 T0 : 0x20638 @ptmalloc_init.part.0+50    : c_sd a5, 24(a5)            : MemWrite :  D=0x000000000006f6b8 A=0x6f6d0  flags=(IsInteger|IsStore)
 395604: board.processor.cores.core: A0 T0 : 0x2063a @ptmalloc_init.part.0+52    : c_sd a5, 16(a5)            : MemWrite :  D=0x000000000006f6b8 A=0x6f6c8  flags=(IsInteger|IsStore)
 395937: board.processor.cores.core: A0 T0 : 0x2063c @ptmalloc_init.part.0+54    : c_addi a5, 16              : IntAlu :  D=0x000000000006f6c8  flags=(IsInteger)
 396603: board.processor.cores.core: A0 T0 : 0x2063e @ptmalloc_init.part.0+56    : bne a5, a4, -6             : IntAlu :   flags=(IsInteger|IsControl|IsDirectControl|IsCondControl)
 396936: board.processor.cores.core: A0 T0 : 0x20638 @ptmalloc_init.part.0+50    : c_sd a5, 24(a5)            : MemWrite :  D=0x000000000006f6c8 A=0x6f6e0  flags=(IsInteger|IsStore)
 397269: board.processor.cores.core: A0 T0 : 0x2063a @ptmalloc_init.part.0+52    : c_sd a5, 16(a5)            : MemWrite :  D=0x000000000006f6c8 A=0x6f6d8  flags=(IsInteger|IsStore)
 397602: board.processor.cores.core: A0 T0 : 0x2063c @ptmalloc_init.part.0+54    : c_addi a5, 16              : IntAlu :  D=0x000000000006f6d8  flags=(IsInteger)
 398268: board.processor.cores.core: A0 T0 : 0x2063e @ptmalloc_init.part.0+56    : bne a5, a4, -6             : IntAlu :   flags=(IsInteger|IsControl|IsDirectControl|IsCondControl)
 398601: board.processor.cores.core: A0 T0 : 0x20638 @ptmalloc_init.part.0+50    : c_sd a5, 24(a5)            : MemWrite :  D=0x000000000006f6d8 A=0x6f6f0  flags=(IsInteger|IsStore)
 398934: board.processor.cores.core: A0 T0 : 0x2063a @ptmalloc_init.part.0+52    : c_sd a5, 16(a5)            : MemWrite :  D=0x000000000006f6d8 A=0x6f6e8  flags=(IsInteger|IsStore)
 399267: board.processor.cores.core: A0 T0 : 0x2063c @ptmalloc_init.part.0+54    : c_addi a5, 16              : IntAlu :  D=0x000000000006f6e8  flags=(IsInteger)
 399933: board.processor.cores.core: A0 T0 : 0x2063e @ptmalloc_init.part.0+56    : bne a5, a4, -6             : IntAlu :   flags=(IsInteger|IsControl|IsDirectControl|IsCondControl)
 400266: board.processor.cores.core: A0 T0 : 0x20638 @ptmalloc_init.part.0+50    : c_sd a5, 24(a5)            : MemWrite :  D=0x000000000006f6e8 A=0x6f700  flags=(IsInteger|IsStore)
 400599: board.processor.cores.core: A0 T0 : 0x2063a @ptmalloc_init.part.0+52    : c_sd a5, 16(a5)            : MemWrite :  D=0x000000000006f6e8 A=0x6f6f8  flags=(IsInteger|IsStore)
 400932: board.processor.cores.core: A0 T0 : 0x2063c @ptmalloc_init.part.0+54    : c_addi a5, 16              : IntAlu :  D=0x000000000006f6f8  flags=(IsInteger)
 401598: board.processor.cores.core: A0 T0 : 0x2063e @ptmalloc_init.part.0+56    : bne a5, a4, -6             : IntAlu :   flags=(IsInteger|IsControl|IsDirectControl|IsCondControl)
 401931: board.processor.cores.core: A0 T0 : 0x20638 @ptmalloc_init.part.0+50    : c_sd a5, 24(a5)            : MemWrite :  D=0x000000000006f6f8 A=0x6f710  flags=(IsInteger|IsStore)
 402264: board.processor.cores.core: A0 T0 : 0x2063a @ptmalloc_init.part.0+52    : c_sd a5, 16(a5)            : MemWrite :  D=0x000000000006f6f8 A=0x6f708  flags=(IsInteger|IsStore)
 402597: board.processor.cores.core: A0 T0 : 0x2063c @ptmalloc_init.part.0+54    : c_addi a5, 16              : IntAlu :  D=0x000000000006f708  flags=(IsInteger)
 403263: board.processor.cores.core: A0 T0 : 0x2063e @ptmalloc_init.part.0+56    : bne a5, a4, -6             : IntAlu :   flags=(IsInteger|IsControl|IsDirectControl|IsCondControl)
 403596: board.processor.cores.core: A0 T0 : 0x20638 @ptmalloc_init.part.0+50    : c_sd a5, 24(a5)            : MemWrite :  D=0x000000000006f708 A=0x6f720  flags=(IsInteger|IsStore)
 403929: board.processor.cores.core: A0 T0 : 0x2063a @ptmalloc_init.part.0+52    : c_sd a5, 16(a5)            : MemWrite :  D=0x000000000006f708 A=0x6f718  flags=(IsInteger|IsStore)
 404262: board.processor.cores.core: A0 T0 : 0x2063c @ptmalloc_init.part.0+54    : c_addi a5, 16              : IntAlu :  D=0x000000000006f718  flags=(IsInteger)
 404928: board.processor.cores.core: A0 T0 : 0x2063e @ptmalloc_init.part.0+56    : bne a5, a4, -6             : IntAlu :   flags=(IsInteger|IsControl|IsDirectControl|IsCondControl)
 405261: board.processor.cores.core: A0 T0 : 0x20638 @ptmalloc_init.part.0+50    : c_sd a5, 24(a5)            : MemWrite :  D=0x000000000006f718 A=0x6f730  flags=(IsInteger|IsStore)
 405594: board.processor.cores.core: A0 T0 : 0x2063a @ptmalloc_init.part.0+52    : c_sd a5, 16(a5)            : MemWrite :  D=0x000000000006f718 A=0x6f728  flags=(IsInteger|IsStore)
 405927: board.processor.cores.core: A0 T0 : 0x2063c @ptmalloc_init.part.0+54    : c_addi a5, 16              : IntAlu :  D=0x000000000006f728  flags=(IsInteger)
 406593: board.processor.cores.core: A0 T0 : 0x2063e @ptmalloc_init.part.0+56    : bne a5, a4, -6             : IntAlu :   flags=(IsInteger|IsControl|IsDirectControl|IsCondControl)
 406926: board.processor.cores.core: A0 T0 : 0x20638 @ptmalloc_init.part.0+50    : c_sd a5, 24(a5)            : MemWrite :  D=0x000000000006f728 A=0x6f740  flags=(IsInteger|IsStore)
 407259: board.processor.cores.core: A0 T0 : 0x2063a @ptmalloc_init.part.0+52    : c_sd a5, 16(a5)            : MemWrite :  D=0x000000000006f728 A=0x6f738  flags=(IsInteger|IsStore)
 407592: board.processor.cores.core: A0 T0 : 0x2063c @ptmalloc_init.part.0+54    : c_addi a5, 16              : IntAlu :  D=0x000000000006f738  flags=(IsInteger)
 408258: board.processor.cores.core: A0 T0 : 0x2063e @ptmalloc_init.part.0+56    : bne a5, a4, -6             : IntAlu :   flags=(IsInteger|IsControl|IsDirectControl|IsCondControl)
 408591: board.processor.cores.core: A0 T0 : 0x20638 @ptmalloc_init.part.0+50    : c_sd a5, 24(a5)            : MemWrite :  D=0x000000000006f738 A=0x6f750  flags=(IsInteger|IsStore)
 408924: board.processor.cores.core: A0 T0 : 0x2063a @ptmalloc_init.part.0+52    : c_sd a5, 16(a5)            : MemWrite :  D=0x000000000006f738 A=0x6f748  flags=(IsInteger|IsStore)
 409257: board.processor.cores.core: A0 T0 : 0x2063c @ptmalloc_init.part.0+54    : c_addi a5, 16              : IntAlu :  D=0x000000000006f748  flags=(IsInteger)
 409923: board.processor.cores.core: A0 T0 : 0x2063e @ptmalloc_init.part.0+56    : bne a5, a4, -6             : IntAlu :   flags=(IsInteger|IsControl|IsDirectControl|IsCondControl)
 410256: board.processor.cores.core: A0 T0 : 0x20638 @ptmalloc_init.part.0+50    : c_sd a5, 24(a5)            : MemWrite :  D=0x000000000006f748 A=0x6f760  flags=(IsInteger|IsStore)
 410589: board.processor.cores.core: A0 T0 : 0x2063a @ptmalloc_init.part.0+52    : c_sd a5, 16(a5)            : MemWrite :  D=0x000000000006f748 A=0x6f758  flags=(IsInteger|IsStore)
 410922: board.processor.cores.core: A0 T0 : 0x2063c @ptmalloc_init.part.0+54    : c_addi a5, 16              : IntAlu :  D=0x000000000006f758  flags=(IsInteger)
 411588: board.processor.cores.core: A0 T0 : 0x2063e @ptmalloc_init.part.0+56    : bne a5, a4, -6             : IntAlu :   flags=(IsInteger|IsControl|IsDirectControl|IsCondControl)
 411921: board.processor.cores.core: A0 T0 : 0x20638 @ptmalloc_init.part.0+50    : c_sd a5, 24(a5)            : MemWrite :  D=0x000000000006f758 A=0x6f770  flags=(IsInteger|IsStore)
 412254: board.processor.cores.core: A0 T0 : 0x2063a @ptmalloc_init.part.0+52    : c_sd a5, 16(a5)            : MemWrite :  D=0x000000000006f758 A=0x6f768  flags=(IsInteger|IsStore)
 412587: board.processor.cores.core: A0 T0 : 0x2063c @ptmalloc_init.part.0+54    : c_addi a5, 16              : IntAlu :  D=0x000000000006f768  flags=(IsInteger)
 413253: board.processor.cores.core: A0 T0 : 0x2063e @ptmalloc_init.part.0+56    : bne a5, a4, -6             : IntAlu :   flags=(IsInteger|IsControl|IsDirectControl|IsCondControl)
 413586: board.processor.cores.core: A0 T0 : 0x20638 @ptmalloc_init.part.0+50    : c_sd a5, 24(a5)            : MemWrite :  D=0x000000000006f768 A=0x6f780  flags=(IsInteger|IsStore)
 413919: board.processor.cores.core: A0 T0 : 0x2063a @ptmalloc_init.part.0+52    : c_sd a5, 16(a5)            : MemWrite :  D=0x000000000006f768 A=0x6f778  flags=(IsInteger|IsStore)
 414252: board.processor.cores.core: A0 T0 : 0x2063c @ptmalloc_init.part.0+54    : c_addi a5, 16              : IntAlu :  D=0x000000000006f778  flags=(IsInteger)
 414918: board.processor.cores.core: A0 T0 : 0x2063e @ptmalloc_init.part.0+56    : bne a5, a4, -6             : IntAlu :   flags=(IsInteger|IsControl|IsDirectControl|IsCondControl)
 415251: board.processor.cores.core: A0 T0 : 0x20638 @ptmalloc_init.part.0+50    : c_sd a5, 24(a5)            : MemWrite :  D=0x000000000006f778 A=0x6f790  flags=(IsInteger|IsStore)
 415584: board.processor.cores.core: A0 T0 : 0x2063a @ptmalloc_init.part.0+52    : c_sd a5, 16(a5)            : MemWrite :  D=0x000000000006f778 A=0x6f788  flags=(IsInteger|IsStore)
 415917: board.processor.cores.core: A0 T0 : 0x2063c @ptmalloc_init.part.0+54    : c_addi a5, 16              : IntAlu :  D=0x000000000006f788  flags=(IsInteger)
 416583: board.processor.cores.core: A0 T0 : 0x2063e @ptmalloc_init.part.0+56    : bne a5, a4, -6             : IntAlu :   flags=(IsInteger|IsControl|IsDirectControl|IsCondControl)
 416916: board.processor.cores.core: A0 T0 : 0x20638 @ptmalloc_init.part.0+50    : c_sd a5, 24(a5)            : MemWrite :  D=0x000000000006f788 A=0x6f7a0  flags=(IsInteger|IsStore)
 417249: board.processor.cores.core: A0 T0 : 0x2063a @ptmalloc_init.part.0+52    : c_sd a5, 16(a5)            : MemWrite :  D=0x000000000006f788 A=0x6f798  flags=(IsInteger|IsStore)
 417582: board.processor.cores.core: A0 T0 : 0x2063c @ptmalloc_init.part.0+54    : c_addi a5, 16              : IntAlu :  D=0x000000000006f798  flags=(IsInteger)
 418248: board.processor.cores.core: A0 T0 : 0x2063e @ptmalloc_init.part.0+56    : bne a5, a4, -6             : IntAlu :   flags=(IsInteger|IsControl|IsDirectControl|IsCondControl)
 418581: board.processor.cores.core: A0 T0 : 0x20638 @ptmalloc_init.part.0+50    : c_sd a5, 24(a5)            : MemWrite :  D=0x000000000006f798 A=0x6f7b0  flags=(IsInteger|IsStore)
 418914: board.processor.cores.core: A0 T0 : 0x2063a @ptmalloc_init.part.0+52    : c_sd a5, 16(a5)            : MemWrite :  D=0x000000000006f798 A=0x6f7a8  flags=(IsInteger|IsStore)
 419247: board.processor.cores.core: A0 T0 : 0x2063c @ptmalloc_init.part.0+54    : c_addi a5, 16              : IntAlu :  D=0x000000000006f7a8  flags=(IsInteger)
 419913: board.processor.cores.core: A0 T0 : 0x2063e @ptmalloc_init.part.0+56    : bne a5, a4, -6             : IntAlu :   flags=(IsInteger|IsControl|IsDirectControl|IsCondControl)
 420246: board.processor.cores.core: A0 T0 : 0x20638 @ptmalloc_init.part.0+50    : c_sd a5, 24(a5)            : MemWrite :  D=0x000000000006f7a8 A=0x6f7c0  flags=(IsInteger|IsStore)
 420579: board.processor.cores.core: A0 T0 : 0x2063a @ptmalloc_init.part.0+52    : c_sd a5, 16(a5)            : MemWrite :  D=0x000000000006f7a8 A=0x6f7b8  flags=(IsInteger|IsStore)
 420912: board.processor.cores.core: A0 T0 : 0x2063c @ptmalloc_init.part.0+54    : c_addi a5, 16              : IntAlu :  D=0x000000000006f7b8  flags=(IsInteger)
 421578: board.processor.cores.core: A0 T0 : 0x2063e @ptmalloc_init.part.0+56    : bne a5, a4, -6             : IntAlu :   flags=(IsInteger|IsControl|IsDirectControl|IsCondControl)
 421911: board.processor.cores.core: A0 T0 : 0x20638 @ptmalloc_init.part.0+50    : c_sd a5, 24(a5)            : MemWrite :  D=0x000000000006f7b8 A=0x6f7d0  flags=(IsInteger|IsStore)
 422244: board.processor.cores.core: A0 T0 : 0x2063a @ptmalloc_init.part.0+52    : c_sd a5, 16(a5)            : MemWrite :  D=0x000000000006f7b8 A=0x6f7c8  flags=(IsInteger|IsStore)
 422577: board.processor.cores.core: A0 T0 : 0x2063c @ptmalloc_init.part.0+54    : c_addi a5, 16              : IntAlu :  D=0x000000000006f7c8  flags=(IsInteger)
 423243: board.processor.cores.core: A0 T0 : 0x2063e @ptmalloc_init.part.0+56    : bne a5, a4, -6             : IntAlu :   flags=(IsInteger|IsControl|IsDirectControl|IsCondControl)
 423576: board.processor.cores.core: A0 T0 : 0x20638 @ptmalloc_init.part.0+50    : c_sd a5, 24(a5)            : MemWrite :  D=0x000000000006f7c8 A=0x6f7e0  flags=(IsInteger|IsStore)
 423909: board.processor.cores.core: A0 T0 : 0x2063a @ptmalloc_init.part.0+52    : c_sd a5, 16(a5)            : MemWrite :  D=0x000000000006f7c8 A=0x6f7d8  flags=(IsInteger|IsStore)
 424242: board.processor.cores.core: A0 T0 : 0x2063c @ptmalloc_init.part.0+54    : c_addi a5, 16              : IntAlu :  D=0x000000000006f7d8  flags=(IsInteger)
 424908: board.processor.cores.core: A0 T0 : 0x2063e @ptmalloc_init.part.0+56    : bne a5, a4, -6             : IntAlu :   flags=(IsInteger|IsControl|IsDirectControl|IsCondControl)
 425241: board.processor.cores.core: A0 T0 : 0x20638 @ptmalloc_init.part.0+50    : c_sd a5, 24(a5)            : MemWrite :  D=0x000000000006f7d8 A=0x6f7f0  flags=(IsInteger|IsStore)
 425574: board.processor.cores.core: A0 T0 : 0x2063a @ptmalloc_init.part.0+52    : c_sd a5, 16(a5)            : MemWrite :  D=0x000000000006f7d8 A=0x6f7e8  flags=(IsInteger|IsStore)
 425907: board.processor.cores.core: A0 T0 : 0x2063c @ptmalloc_init.part.0+54    : c_addi a5, 16              : IntAlu :  D=0x000000000006f7e8  flags=(IsInteger)
 426573: board.processor.cores.core: A0 T0 : 0x2063e @ptmalloc_init.part.0+56    : bne a5, a4, -6             : IntAlu :   flags=(IsInteger|IsControl|IsDirectControl|IsCondControl)
 426906: board.processor.cores.core: A0 T0 : 0x20638 @ptmalloc_init.part.0+50    : c_sd a5, 24(a5)            : MemWrite :  D=0x000000000006f7e8 A=0x6f800  flags=(IsInteger|IsStore)
 427239: board.processor.cores.core: A0 T0 : 0x2063a @ptmalloc_init.part.0+52    : c_sd a5, 16(a5)            : MemWrite :  D=0x000000000006f7e8 A=0x6f7f8  flags=(IsInteger|IsStore)
 427572: board.processor.cores.core: A0 T0 : 0x2063c @ptmalloc_init.part.0+54    : c_addi a5, 16              : IntAlu :  D=0x000000000006f7f8  flags=(IsInteger)
 428238: board.processor.cores.core: A0 T0 : 0x2063e @ptmalloc_init.part.0+56    : bne a5, a4, -6             : IntAlu :   flags=(IsInteger|IsControl|IsDirectControl|IsCondControl)
 428571: board.processor.cores.core: A0 T0 : 0x20638 @ptmalloc_init.part.0+50    : c_sd a5, 24(a5)            : MemWrite :  D=0x000000000006f7f8 A=0x6f810  flags=(IsInteger|IsStore)
 428904: board.processor.cores.core: A0 T0 : 0x2063a @ptmalloc_init.part.0+52    : c_sd a5, 16(a5)            : MemWrite :  D=0x000000000006f7f8 A=0x6f808  flags=(IsInteger|IsStore)
 429237: board.processor.cores.core: A0 T0 : 0x2063c @ptmalloc_init.part.0+54    : c_addi a5, 16              : IntAlu :  D=0x000000000006f808  flags=(IsInteger)
 429903: board.processor.cores.core: A0 T0 : 0x2063e @ptmalloc_init.part.0+56    : bne a5, a4, -6             : IntAlu :   flags=(IsInteger|IsControl|IsDirectControl|IsCondControl)
 430236: board.processor.cores.core: A0 T0 : 0x20638 @ptmalloc_init.part.0+50    : c_sd a5, 24(a5)            : MemWrite :  D=0x000000000006f808 A=0x6f820  flags=(IsInteger|IsStore)
 430569: board.processor.cores.core: A0 T0 : 0x2063a @ptmalloc_init.part.0+52    : c_sd a5, 16(a5)            : MemWrite :  D=0x000000000006f808 A=0x6f818  flags=(IsInteger|IsStore)
 430902: board.processor.cores.core: A0 T0 : 0x2063c @ptmalloc_init.part.0+54    : c_addi a5, 16              : IntAlu :  D=0x000000000006f818  flags=(IsInteger)
 431568: board.processor.cores.core: A0 T0 : 0x2063e @ptmalloc_init.part.0+56    : bne a5, a4, -6             : IntAlu :   flags=(IsInteger|IsControl|IsDirectControl|IsCondControl)
 431901: board.processor.cores.core: A0 T0 : 0x20638 @ptmalloc_init.part.0+50    : c_sd a5, 24(a5)            : MemWrite :  D=0x000000000006f818 A=0x6f830  flags=(IsInteger|IsStore)
 432234: board.processor.cores.core: A0 T0 : 0x2063a @ptmalloc_init.part.0+52    : c_sd a5, 16(a5)            : MemWrite :  D=0x000000000006f818 A=0x6f828  flags=(IsInteger|IsStore)
 432567: board.processor.cores.core: A0 T0 : 0x2063c @ptmalloc_init.part.0+54    : c_addi a5, 16              : IntAlu :  D=0x000000000006f828  flags=(IsInteger)
 433233: board.processor.cores.core: A0 T0 : 0x2063e @ptmalloc_init.part.0+56    : bne a5, a4, -6             : IntAlu :   flags=(IsInteger|IsControl|IsDirectControl|IsCondControl)
 433566: board.processor.cores.core: A0 T0 : 0x20638 @ptmalloc_init.part.0+50    : c_sd a5, 24(a5)            : MemWrite :  D=0x000000000006f828 A=0x6f840  flags=(IsInteger|IsStore)
 433899: board.processor.cores.core: A0 T0 : 0x2063a @ptmalloc_init.part.0+52    : c_sd a5, 16(a5)            : MemWrite :  D=0x000000000006f828 A=0x6f838  flags=(IsInteger|IsStore)
 434232: board.processor.cores.core: A0 T0 : 0x2063c @ptmalloc_init.part.0+54    : c_addi a5, 16              : IntAlu :  D=0x000000000006f838  flags=(IsInteger)
 434898: board.processor.cores.core: A0 T0 : 0x2063e @ptmalloc_init.part.0+56    : bne a5, a4, -6             : IntAlu :   flags=(IsInteger|IsControl|IsDirectControl|IsCondControl)
 435231: board.processor.cores.core: A0 T0 : 0x20638 @ptmalloc_init.part.0+50    : c_sd a5, 24(a5)            : MemWrite :  D=0x000000000006f838 A=0x6f850  flags=(IsInteger|IsStore)
 435564: board.processor.cores.core: A0 T0 : 0x2063a @ptmalloc_init.part.0+52    : c_sd a5, 16(a5)            : MemWrite :  D=0x000000000006f838 A=0x6f848  flags=(IsInteger|IsStore)
 435897: board.processor.cores.core: A0 T0 : 0x2063c @ptmalloc_init.part.0+54    : c_addi a5, 16              : IntAlu :  D=0x000000000006f848  flags=(IsInteger)
 436563: board.processor.cores.core: A0 T0 : 0x2063e @ptmalloc_init.part.0+56    : bne a5, a4, -6             : IntAlu :   flags=(IsInteger|IsControl|IsDirectControl|IsCondControl)
 436896: board.processor.cores.core: A0 T0 : 0x20638 @ptmalloc_init.part.0+50    : c_sd a5, 24(a5)            : MemWrite :  D=0x000000000006f848 A=0x6f860  flags=(IsInteger|IsStore)
 437229: board.processor.cores.core: A0 T0 : 0x2063a @ptmalloc_init.part.0+52    : c_sd a5, 16(a5)            : MemWrite :  D=0x000000000006f848 A=0x6f858  flags=(IsInteger|IsStore)
 437562: board.processor.cores.core: A0 T0 : 0x2063c @ptmalloc_init.part.0+54    : c_addi a5, 16              : IntAlu :  D=0x000000000006f858  flags=(IsInteger)
 438228: board.processor.cores.core: A0 T0 : 0x2063e @ptmalloc_init.part.0+56    : bne a5, a4, -6             : IntAlu :   flags=(IsInteger|IsControl|IsDirectControl|IsCondControl)
 438561: board.processor.cores.core: A0 T0 : 0x20638 @ptmalloc_init.part.0+50    : c_sd a5, 24(a5)            : MemWrite :  D=0x000000000006f858 A=0x6f870  flags=(IsInteger|IsStore)
 438894: board.processor.cores.core: A0 T0 : 0x2063a @ptmalloc_init.part.0+52    : c_sd a5, 16(a5)            : MemWrite :  D=0x000000000006f858 A=0x6f868  flags=(IsInteger|IsStore)
 439227: board.processor.cores.core: A0 T0 : 0x2063c @ptmalloc_init.part.0+54    : c_addi a5, 16              : IntAlu :  D=0x000000000006f868  flags=(IsInteger)
 439893: board.processor.cores.core: A0 T0 : 0x2063e @ptmalloc_init.part.0+56    : bne a5, a4, -6             : IntAlu :   flags=(IsInteger|IsControl|IsDirectControl|IsCondControl)
 440226: board.processor.cores.core: A0 T0 : 0x20638 @ptmalloc_init.part.0+50    : c_sd a5, 24(a5)            : MemWrite :  D=0x000000000006f868 A=0x6f880  flags=(IsInteger|IsStore)
 440559: board.processor.cores.core: A0 T0 : 0x2063a @ptmalloc_init.part.0+52    : c_sd a5, 16(a5)            : MemWrite :  D=0x000000000006f868 A=0x6f878  flags=(IsInteger|IsStore)
 440892: board.processor.cores.core: A0 T0 : 0x2063c @ptmalloc_init.part.0+54    : c_addi a5, 16              : IntAlu :  D=0x000000000006f878  flags=(IsInteger)
 441558: board.processor.cores.core: A0 T0 : 0x2063e @ptmalloc_init.part.0+56    : bne a5, a4, -6             : IntAlu :   flags=(IsInteger|IsControl|IsDirectControl|IsCondControl)
 441891: board.processor.cores.core: A0 T0 : 0x20638 @ptmalloc_init.part.0+50    : c_sd a5, 24(a5)            : MemWrite :  D=0x000000000006f878 A=0x6f890  flags=(IsInteger|IsStore)
 442224: board.processor.cores.core: A0 T0 : 0x2063a @ptmalloc_init.part.0+52    : c_sd a5, 16(a5)            : MemWrite :  D=0x000000000006f878 A=0x6f888  flags=(IsInteger|IsStore)
 442557: board.processor.cores.core: A0 T0 : 0x2063c @ptmalloc_init.part.0+54    : c_addi a5, 16              : IntAlu :  D=0x000000000006f888  flags=(IsInteger)
 443223: board.processor.cores.core: A0 T0 : 0x2063e @ptmalloc_init.part.0+56    : bne a5, a4, -6             : IntAlu :   flags=(IsInteger|IsControl|IsDirectControl|IsCondControl)
 443556: board.processor.cores.core: A0 T0 : 0x20638 @ptmalloc_init.part.0+50    : c_sd a5, 24(a5)            : MemWrite :  D=0x000000000006f888 A=0x6f8a0  flags=(IsInteger|IsStore)
 443889: board.processor.cores.core: A0 T0 : 0x2063a @ptmalloc_init.part.0+52    : c_sd a5, 16(a5)            : MemWrite :  D=0x000000000006f888 A=0x6f898  flags=(IsInteger|IsStore)
 444222: board.processor.cores.core: A0 T0 : 0x2063c @ptmalloc_init.part.0+54    : c_addi a5, 16              : IntAlu :  D=0x000000000006f898  flags=(IsInteger)
 444888: board.processor.cores.core: A0 T0 : 0x2063e @ptmalloc_init.part.0+56    : bne a5, a4, -6             : IntAlu :   flags=(IsInteger|IsControl|IsDirectControl|IsCondControl)
 445221: board.processor.cores.core: A0 T0 : 0x20638 @ptmalloc_init.part.0+50    : c_sd a5, 24(a5)            : MemWrite :  D=0x000000000006f898 A=0x6f8b0  flags=(IsInteger|IsStore)
 445554: board.processor.cores.core: A0 T0 : 0x2063a @ptmalloc_init.part.0+52    : c_sd a5, 16(a5)            : MemWrite :  D=0x000000000006f898 A=0x6f8a8  flags=(IsInteger|IsStore)
 445887: board.processor.cores.core: A0 T0 : 0x2063c @ptmalloc_init.part.0+54    : c_addi a5, 16              : IntAlu :  D=0x000000000006f8a8  flags=(IsInteger)
 446553: board.processor.cores.core: A0 T0 : 0x2063e @ptmalloc_init.part.0+56    : bne a5, a4, -6             : IntAlu :   flags=(IsInteger|IsControl|IsDirectControl|IsCondControl)
 446886: board.processor.cores.core: A0 T0 : 0x20638 @ptmalloc_init.part.0+50    : c_sd a5, 24(a5)            : MemWrite :  D=0x000000000006f8a8 A=0x6f8c0  flags=(IsInteger|IsStore)
 447219: board.processor.cores.core: A0 T0 : 0x2063a @ptmalloc_init.part.0+52    : c_sd a5, 16(a5)            : MemWrite :  D=0x000000000006f8a8 A=0x6f8b8  flags=(IsInteger|IsStore)
 447552: board.processor.cores.core: A0 T0 : 0x2063c @ptmalloc_init.part.0+54    : c_addi a5, 16              : IntAlu :  D=0x000000000006f8b8  flags=(IsInteger)
 448218: board.processor.cores.core: A0 T0 : 0x2063e @ptmalloc_init.part.0+56    : bne a5, a4, -6             : IntAlu :   flags=(IsInteger|IsControl|IsDirectControl|IsCondControl)
 448551: board.processor.cores.core: A0 T0 : 0x20638 @ptmalloc_init.part.0+50    : c_sd a5, 24(a5)            : MemWrite :  D=0x000000000006f8b8 A=0x6f8d0  flags=(IsInteger|IsStore)
 448884: board.processor.cores.core: A0 T0 : 0x2063a @ptmalloc_init.part.0+52    : c_sd a5, 16(a5)            : MemWrite :  D=0x000000000006f8b8 A=0x6f8c8  flags=(IsInteger|IsStore)
 449217: board.processor.cores.core: A0 T0 : 0x2063c @ptmalloc_init.part.0+54    : c_addi a5, 16              : IntAlu :  D=0x000000000006f8c8  flags=(IsInteger)
 449883: board.processor.cores.core: A0 T0 : 0x2063e @ptmalloc_init.part.0+56    : bne a5, a4, -6             : IntAlu :   flags=(IsInteger|IsControl|IsDirectControl|IsCondControl)
 450216: board.processor.cores.core: A0 T0 : 0x20638 @ptmalloc_init.part.0+50    : c_sd a5, 24(a5)            : MemWrite :  D=0x000000000006f8c8 A=0x6f8e0  flags=(IsInteger|IsStore)
 450549: board.processor.cores.core: A0 T0 : 0x2063a @ptmalloc_init.part.0+52    : c_sd a5, 16(a5)            : MemWrite :  D=0x000000000006f8c8 A=0x6f8d8  flags=(IsInteger|IsStore)
 450882: board.processor.cores.core: A0 T0 : 0x2063c @ptmalloc_init.part.0+54    : c_addi a5, 16              : IntAlu :  D=0x000000000006f8d8  flags=(IsInteger)
 451548: board.processor.cores.core: A0 T0 : 0x2063e @ptmalloc_init.part.0+56    : bne a5, a4, -6             : IntAlu :   flags=(IsInteger|IsControl|IsDirectControl|IsCondControl)
 451881: board.processor.cores.core: A0 T0 : 0x20638 @ptmalloc_init.part.0+50    : c_sd a5, 24(a5)            : MemWrite :  D=0x000000000006f8d8 A=0x6f8f0  flags=(IsInteger|IsStore)
 452214: board.processor.cores.core: A0 T0 : 0x2063a @ptmalloc_init.part.0+52    : c_sd a5, 16(a5)            : MemWrite :  D=0x000000000006f8d8 A=0x6f8e8  flags=(IsInteger|IsStore)
 452547: board.processor.cores.core: A0 T0 : 0x2063c @ptmalloc_init.part.0+54    : c_addi a5, 16              : IntAlu :  D=0x000000000006f8e8  flags=(IsInteger)
 453213: board.processor.cores.core: A0 T0 : 0x2063e @ptmalloc_init.part.0+56    : bne a5, a4, -6             : IntAlu :   flags=(IsInteger|IsControl|IsDirectControl|IsCondControl)
 453546: board.processor.cores.core: A0 T0 : 0x20638 @ptmalloc_init.part.0+50    : c_sd a5, 24(a5)            : MemWrite :  D=0x000000000006f8e8 A=0x6f900  flags=(IsInteger|IsStore)
 453879: board.processor.cores.core: A0 T0 : 0x2063a @ptmalloc_init.part.0+52    : c_sd a5, 16(a5)            : MemWrite :  D=0x000000000006f8e8 A=0x6f8f8  flags=(IsInteger|IsStore)
 454212: board.processor.cores.core: A0 T0 : 0x2063c @ptmalloc_init.part.0+54    : c_addi a5, 16              : IntAlu :  D=0x000000000006f8f8  flags=(IsInteger)
 454878: board.processor.cores.core: A0 T0 : 0x2063e @ptmalloc_init.part.0+56    : bne a5, a4, -6             : IntAlu :   flags=(IsInteger|IsControl|IsDirectControl|IsCondControl)
 455211: board.processor.cores.core: A0 T0 : 0x20638 @ptmalloc_init.part.0+50    : c_sd a5, 24(a5)            : MemWrite :  D=0x000000000006f8f8 A=0x6f910  flags=(IsInteger|IsStore)
 455544: board.processor.cores.core: A0 T0 : 0x2063a @ptmalloc_init.part.0+52    : c_sd a5, 16(a5)            : MemWrite :  D=0x000000000006f8f8 A=0x6f908  flags=(IsInteger|IsStore)
 455877: board.processor.cores.core: A0 T0 : 0x2063c @ptmalloc_init.part.0+54    : c_addi a5, 16              : IntAlu :  D=0x000000000006f908  flags=(IsInteger)
 456543: board.processor.cores.core: A0 T0 : 0x2063e @ptmalloc_init.part.0+56    : bne a5, a4, -6             : IntAlu :   flags=(IsInteger|IsControl|IsDirectControl|IsCondControl)
 456876: board.processor.cores.core: A0 T0 : 0x20638 @ptmalloc_init.part.0+50    : c_sd a5, 24(a5)            : MemWrite :  D=0x000000000006f908 A=0x6f920  flags=(IsInteger|IsStore)
 457209: board.processor.cores.core: A0 T0 : 0x2063a @ptmalloc_init.part.0+52    : c_sd a5, 16(a5)            : MemWrite :  D=0x000000000006f908 A=0x6f918  flags=(IsInteger|IsStore)
 457542: board.processor.cores.core: A0 T0 : 0x2063c @ptmalloc_init.part.0+54    : c_addi a5, 16              : IntAlu :  D=0x000000000006f918  flags=(IsInteger)
 458208: board.processor.cores.core: A0 T0 : 0x2063e @ptmalloc_init.part.0+56    : bne a5, a4, -6             : IntAlu :   flags=(IsInteger|IsControl|IsDirectControl|IsCondControl)
 458541: board.processor.cores.core: A0 T0 : 0x20638 @ptmalloc_init.part.0+50    : c_sd a5, 24(a5)            : MemWrite :  D=0x000000000006f918 A=0x6f930  flags=(IsInteger|IsStore)
 458874: board.processor.cores.core: A0 T0 : 0x2063a @ptmalloc_init.part.0+52    : c_sd a5, 16(a5)            : MemWrite :  D=0x000000000006f918 A=0x6f928  flags=(IsInteger|IsStore)
 459207: board.processor.cores.core: A0 T0 : 0x2063c @ptmalloc_init.part.0+54    : c_addi a5, 16              : IntAlu :  D=0x000000000006f928  flags=(IsInteger)
 459873: board.processor.cores.core: A0 T0 : 0x2063e @ptmalloc_init.part.0+56    : bne a5, a4, -6             : IntAlu :   flags=(IsInteger|IsControl|IsDirectControl|IsCondControl)
 460206: board.processor.cores.core: A0 T0 : 0x20638 @ptmalloc_init.part.0+50    : c_sd a5, 24(a5)            : MemWrite :  D=0x000000000006f928 A=0x6f940  flags=(IsInteger|IsStore)
 460539: board.processor.cores.core: A0 T0 : 0x2063a @ptmalloc_init.part.0+52    : c_sd a5, 16(a5)            : MemWrite :  D=0x000000000006f928 A=0x6f938  flags=(IsInteger|IsStore)
 460872: board.processor.cores.core: A0 T0 : 0x2063c @ptmalloc_init.part.0+54    : c_addi a5, 16              : IntAlu :  D=0x000000000006f938  flags=(IsInteger)
 461538: board.processor.cores.core: A0 T0 : 0x2063e @ptmalloc_init.part.0+56    : bne a5, a4, -6             : IntAlu :   flags=(IsInteger|IsControl|IsDirectControl|IsCondControl)
 461871: board.processor.cores.core: A0 T0 : 0x20638 @ptmalloc_init.part.0+50    : c_sd a5, 24(a5)            : MemWrite :  D=0x000000000006f938 A=0x6f950  flags=(IsInteger|IsStore)
 462204: board.processor.cores.core: A0 T0 : 0x2063a @ptmalloc_init.part.0+52    : c_sd a5, 16(a5)            : MemWrite :  D=0x000000000006f938 A=0x6f948  flags=(IsInteger|IsStore)
 462537: board.processor.cores.core: A0 T0 : 0x2063c @ptmalloc_init.part.0+54    : c_addi a5, 16              : IntAlu :  D=0x000000000006f948  flags=(IsInteger)
 463203: board.processor.cores.core: A0 T0 : 0x2063e @ptmalloc_init.part.0+56    : bne a5, a4, -6             : IntAlu :   flags=(IsInteger|IsControl|IsDirectControl|IsCondControl)
 463536: board.processor.cores.core: A0 T0 : 0x20638 @ptmalloc_init.part.0+50    : c_sd a5, 24(a5)            : MemWrite :  D=0x000000000006f948 A=0x6f960  flags=(IsInteger|IsStore)
 463869: board.processor.cores.core: A0 T0 : 0x2063a @ptmalloc_init.part.0+52    : c_sd a5, 16(a5)            : MemWrite :  D=0x000000000006f948 A=0x6f958  flags=(IsInteger|IsStore)
 464202: board.processor.cores.core: A0 T0 : 0x2063c @ptmalloc_init.part.0+54    : c_addi a5, 16              : IntAlu :  D=0x000000000006f958  flags=(IsInteger)
 464868: board.processor.cores.core: A0 T0 : 0x2063e @ptmalloc_init.part.0+56    : bne a5, a4, -6             : IntAlu :   flags=(IsInteger|IsControl|IsDirectControl|IsCondControl)
 465201: board.processor.cores.core: A0 T0 : 0x20638 @ptmalloc_init.part.0+50    : c_sd a5, 24(a5)            : MemWrite :  D=0x000000000006f958 A=0x6f970  flags=(IsInteger|IsStore)
 465534: board.processor.cores.core: A0 T0 : 0x2063a @ptmalloc_init.part.0+52    : c_sd a5, 16(a5)            : MemWrite :  D=0x000000000006f958 A=0x6f968  flags=(IsInteger|IsStore)
 465867: board.processor.cores.core: A0 T0 : 0x2063c @ptmalloc_init.part.0+54    : c_addi a5, 16              : IntAlu :  D=0x000000000006f968  flags=(IsInteger)
 466533: board.processor.cores.core: A0 T0 : 0x2063e @ptmalloc_init.part.0+56    : bne a5, a4, -6             : IntAlu :   flags=(IsInteger|IsControl|IsDirectControl|IsCondControl)
 466866: board.processor.cores.core: A0 T0 : 0x20638 @ptmalloc_init.part.0+50    : c_sd a5, 24(a5)            : MemWrite :  D=0x000000000006f968 A=0x6f980  flags=(IsInteger|IsStore)
 467199: board.processor.cores.core: A0 T0 : 0x2063a @ptmalloc_init.part.0+52    : c_sd a5, 16(a5)            : MemWrite :  D=0x000000000006f968 A=0x6f978  flags=(IsInteger|IsStore)
 467532: board.processor.cores.core: A0 T0 : 0x2063c @ptmalloc_init.part.0+54    : c_addi a5, 16              : IntAlu :  D=0x000000000006f978  flags=(IsInteger)
 468198: board.processor.cores.core: A0 T0 : 0x2063e @ptmalloc_init.part.0+56    : bne a5, a4, -6             : IntAlu :   flags=(IsInteger|IsControl|IsDirectControl|IsCondControl)
 468531: board.processor.cores.core: A0 T0 : 0x20638 @ptmalloc_init.part.0+50    : c_sd a5, 24(a5)            : MemWrite :  D=0x000000000006f978 A=0x6f990  flags=(IsInteger|IsStore)
 468864: board.processor.cores.core: A0 T0 : 0x2063a @ptmalloc_init.part.0+52    : c_sd a5, 16(a5)            : MemWrite :  D=0x000000000006f978 A=0x6f988  flags=(IsInteger|IsStore)
 469197: board.processor.cores.core: A0 T0 : 0x2063c @ptmalloc_init.part.0+54    : c_addi a5, 16              : IntAlu :  D=0x000000000006f988  flags=(IsInteger)
 469863: board.processor.cores.core: A0 T0 : 0x2063e @ptmalloc_init.part.0+56    : bne a5, a4, -6             : IntAlu :   flags=(IsInteger|IsControl|IsDirectControl|IsCondControl)
 470196: board.processor.cores.core: A0 T0 : 0x20638 @ptmalloc_init.part.0+50    : c_sd a5, 24(a5)            : MemWrite :  D=0x000000000006f988 A=0x6f9a0  flags=(IsInteger|IsStore)
 470529: board.processor.cores.core: A0 T0 : 0x2063a @ptmalloc_init.part.0+52    : c_sd a5, 16(a5)            : MemWrite :  D=0x000000000006f988 A=0x6f998  flags=(IsInteger|IsStore)
 470862: board.processor.cores.core: A0 T0 : 0x2063c @ptmalloc_init.part.0+54    : c_addi a5, 16              : IntAlu :  D=0x000000000006f998  flags=(IsInteger)
 471528: board.processor.cores.core: A0 T0 : 0x2063e @ptmalloc_init.part.0+56    : bne a5, a4, -6             : IntAlu :   flags=(IsInteger|IsControl|IsDirectControl|IsCondControl)
 471861: board.processor.cores.core: A0 T0 : 0x20638 @ptmalloc_init.part.0+50    : c_sd a5, 24(a5)            : MemWrite :  D=0x000000000006f998 A=0x6f9b0  flags=(IsInteger|IsStore)
 472194: board.processor.cores.core: A0 T0 : 0x2063a @ptmalloc_init.part.0+52    : c_sd a5, 16(a5)            : MemWrite :  D=0x000000000006f998 A=0x6f9a8  flags=(IsInteger|IsStore)
 472527: board.processor.cores.core: A0 T0 : 0x2063c @ptmalloc_init.part.0+54    : c_addi a5, 16              : IntAlu :  D=0x000000000006f9a8  flags=(IsInteger)
 473193: board.processor.cores.core: A0 T0 : 0x2063e @ptmalloc_init.part.0+56    : bne a5, a4, -6             : IntAlu :   flags=(IsInteger|IsControl|IsDirectControl|IsCondControl)
 473526: board.processor.cores.core: A0 T0 : 0x20638 @ptmalloc_init.part.0+50    : c_sd a5, 24(a5)            : MemWrite :  D=0x000000000006f9a8 A=0x6f9c0  flags=(IsInteger|IsStore)
 473859: board.processor.cores.core: A0 T0 : 0x2063a @ptmalloc_init.part.0+52    : c_sd a5, 16(a5)            : MemWrite :  D=0x000000000006f9a8 A=0x6f9b8  flags=(IsInteger|IsStore)
 474192: board.processor.cores.core: A0 T0 : 0x2063c @ptmalloc_init.part.0+54    : c_addi a5, 16              : IntAlu :  D=0x000000000006f9b8  flags=(IsInteger)
 474858: board.processor.cores.core: A0 T0 : 0x2063e @ptmalloc_init.part.0+56    : bne a5, a4, -6             : IntAlu :   flags=(IsInteger|IsControl|IsDirectControl|IsCondControl)
 475191: board.processor.cores.core: A0 T0 : 0x20638 @ptmalloc_init.part.0+50    : c_sd a5, 24(a5)            : MemWrite :  D=0x000000000006f9b8 A=0x6f9d0  flags=(IsInteger|IsStore)
 475524: board.processor.cores.core: A0 T0 : 0x2063a @ptmalloc_init.part.0+52    : c_sd a5, 16(a5)            : MemWrite :  D=0x000000000006f9b8 A=0x6f9c8  flags=(IsInteger|IsStore)
 475857: board.processor.cores.core: A0 T0 : 0x2063c @ptmalloc_init.part.0+54    : c_addi a5, 16              : IntAlu :  D=0x000000000006f9c8  flags=(IsInteger)
 476523: board.processor.cores.core: A0 T0 : 0x2063e @ptmalloc_init.part.0+56    : bne a5, a4, -6             : IntAlu :   flags=(IsInteger|IsControl|IsDirectControl|IsCondControl)
 476856: board.processor.cores.core: A0 T0 : 0x20638 @ptmalloc_init.part.0+50    : c_sd a5, 24(a5)            : MemWrite :  D=0x000000000006f9c8 A=0x6f9e0  flags=(IsInteger|IsStore)
 477189: board.processor.cores.core: A0 T0 : 0x2063a @ptmalloc_init.part.0+52    : c_sd a5, 16(a5)            : MemWrite :  D=0x000000000006f9c8 A=0x6f9d8  flags=(IsInteger|IsStore)
 477522: board.processor.cores.core: A0 T0 : 0x2063c @ptmalloc_init.part.0+54    : c_addi a5, 16              : IntAlu :  D=0x000000000006f9d8  flags=(IsInteger)
 478188: board.processor.cores.core: A0 T0 : 0x2063e @ptmalloc_init.part.0+56    : bne a5, a4, -6             : IntAlu :   flags=(IsInteger|IsControl|IsDirectControl|IsCondControl)
 478521: board.processor.cores.core: A0 T0 : 0x20638 @ptmalloc_init.part.0+50    : c_sd a5, 24(a5)            : MemWrite :  D=0x000000000006f9d8 A=0x6f9f0  flags=(IsInteger|IsStore)
 478854: board.processor.cores.core: A0 T0 : 0x2063a @ptmalloc_init.part.0+52    : c_sd a5, 16(a5)            : MemWrite :  D=0x000000000006f9d8 A=0x6f9e8  flags=(IsInteger|IsStore)
 479187: board.processor.cores.core: A0 T0 : 0x2063c @ptmalloc_init.part.0+54    : c_addi a5, 16              : IntAlu :  D=0x000000000006f9e8  flags=(IsInteger)
 479853: board.processor.cores.core: A0 T0 : 0x2063e @ptmalloc_init.part.0+56    : bne a5, a4, -6             : IntAlu :   flags=(IsInteger|IsControl|IsDirectControl|IsCondControl)
 480186: board.processor.cores.core: A0 T0 : 0x20638 @ptmalloc_init.part.0+50    : c_sd a5, 24(a5)            : MemWrite :  D=0x000000000006f9e8 A=0x6fa00  flags=(IsInteger|IsStore)
 480519: board.processor.cores.core: A0 T0 : 0x2063a @ptmalloc_init.part.0+52    : c_sd a5, 16(a5)            : MemWrite :  D=0x000000000006f9e8 A=0x6f9f8  flags=(IsInteger|IsStore)
 480852: board.processor.cores.core: A0 T0 : 0x2063c @ptmalloc_init.part.0+54    : c_addi a5, 16              : IntAlu :  D=0x000000000006f9f8  flags=(IsInteger)
 481518: board.processor.cores.core: A0 T0 : 0x2063e @ptmalloc_init.part.0+56    : bne a5, a4, -6             : IntAlu :   flags=(IsInteger|IsControl|IsDirectControl|IsCondControl)
 481851: board.processor.cores.core: A0 T0 : 0x20638 @ptmalloc_init.part.0+50    : c_sd a5, 24(a5)            : MemWrite :  D=0x000000000006f9f8 A=0x6fa10  flags=(IsInteger|IsStore)
 482184: board.processor.cores.core: A0 T0 : 0x2063a @ptmalloc_init.part.0+52    : c_sd a5, 16(a5)            : MemWrite :  D=0x000000000006f9f8 A=0x6fa08  flags=(IsInteger|IsStore)
 482517: board.processor.cores.core: A0 T0 : 0x2063c @ptmalloc_init.part.0+54    : c_addi a5, 16              : IntAlu :  D=0x000000000006fa08  flags=(IsInteger)
 483183: board.processor.cores.core: A0 T0 : 0x2063e @ptmalloc_init.part.0+56    : bne a5, a4, -6             : IntAlu :   flags=(IsInteger|IsControl|IsDirectControl|IsCondControl)
 483516: board.processor.cores.core: A0 T0 : 0x20638 @ptmalloc_init.part.0+50    : c_sd a5, 24(a5)            : MemWrite :  D=0x000000000006fa08 A=0x6fa20  flags=(IsInteger|IsStore)
 483849: board.processor.cores.core: A0 T0 : 0x2063a @ptmalloc_init.part.0+52    : c_sd a5, 16(a5)            : MemWrite :  D=0x000000000006fa08 A=0x6fa18  flags=(IsInteger|IsStore)
 484182: board.processor.cores.core: A0 T0 : 0x2063c @ptmalloc_init.part.0+54    : c_addi a5, 16              : IntAlu :  D=0x000000000006fa18  flags=(IsInteger)
 484848: board.processor.cores.core: A0 T0 : 0x2063e @ptmalloc_init.part.0+56    : bne a5, a4, -6             : IntAlu :   flags=(IsInteger|IsControl|IsDirectControl|IsCondControl)
 485181: board.processor.cores.core: A0 T0 : 0x20638 @ptmalloc_init.part.0+50    : c_sd a5, 24(a5)            : MemWrite :  D=0x000000000006fa18 A=0x6fa30  flags=(IsInteger|IsStore)
 485514: board.processor.cores.core: A0 T0 : 0x2063a @ptmalloc_init.part.0+52    : c_sd a5, 16(a5)            : MemWrite :  D=0x000000000006fa18 A=0x6fa28  flags=(IsInteger|IsStore)
 485847: board.processor.cores.core: A0 T0 : 0x2063c @ptmalloc_init.part.0+54    : c_addi a5, 16              : IntAlu :  D=0x000000000006fa28  flags=(IsInteger)
 486513: board.processor.cores.core: A0 T0 : 0x2063e @ptmalloc_init.part.0+56    : bne a5, a4, -6             : IntAlu :   flags=(IsInteger|IsControl|IsDirectControl|IsCondControl)
 486846: board.processor.cores.core: A0 T0 : 0x20638 @ptmalloc_init.part.0+50    : c_sd a5, 24(a5)            : MemWrite :  D=0x000000000006fa28 A=0x6fa40  flags=(IsInteger|IsStore)
 487179: board.processor.cores.core: A0 T0 : 0x2063a @ptmalloc_init.part.0+52    : c_sd a5, 16(a5)            : MemWrite :  D=0x000000000006fa28 A=0x6fa38  flags=(IsInteger|IsStore)
 487512: board.processor.cores.core: A0 T0 : 0x2063c @ptmalloc_init.part.0+54    : c_addi a5, 16              : IntAlu :  D=0x000000000006fa38  flags=(IsInteger)
 488178: board.processor.cores.core: A0 T0 : 0x2063e @ptmalloc_init.part.0+56    : bne a5, a4, -6             : IntAlu :   flags=(IsInteger|IsControl|IsDirectControl|IsCondControl)
 488511: board.processor.cores.core: A0 T0 : 0x20638 @ptmalloc_init.part.0+50    : c_sd a5, 24(a5)            : MemWrite :  D=0x000000000006fa38 A=0x6fa50  flags=(IsInteger|IsStore)
 488844: board.processor.cores.core: A0 T0 : 0x2063a @ptmalloc_init.part.0+52    : c_sd a5, 16(a5)            : MemWrite :  D=0x000000000006fa38 A=0x6fa48  flags=(IsInteger|IsStore)
 489177: board.processor.cores.core: A0 T0 : 0x2063c @ptmalloc_init.part.0+54    : c_addi a5, 16              : IntAlu :  D=0x000000000006fa48  flags=(IsInteger)
 489843: board.processor.cores.core: A0 T0 : 0x2063e @ptmalloc_init.part.0+56    : bne a5, a4, -6             : IntAlu :   flags=(IsInteger|IsControl|IsDirectControl|IsCondControl)
 490176: board.processor.cores.core: A0 T0 : 0x20638 @ptmalloc_init.part.0+50    : c_sd a5, 24(a5)            : MemWrite :  D=0x000000000006fa48 A=0x6fa60  flags=(IsInteger|IsStore)
 490509: board.processor.cores.core: A0 T0 : 0x2063a @ptmalloc_init.part.0+52    : c_sd a5, 16(a5)            : MemWrite :  D=0x000000000006fa48 A=0x6fa58  flags=(IsInteger|IsStore)
 490842: board.processor.cores.core: A0 T0 : 0x2063c @ptmalloc_init.part.0+54    : c_addi a5, 16              : IntAlu :  D=0x000000000006fa58  flags=(IsInteger)
 491508: board.processor.cores.core: A0 T0 : 0x2063e @ptmalloc_init.part.0+56    : bne a5, a4, -6             : IntAlu :   flags=(IsInteger|IsControl|IsDirectControl|IsCondControl)
 491841: board.processor.cores.core: A0 T0 : 0x20638 @ptmalloc_init.part.0+50    : c_sd a5, 24(a5)            : MemWrite :  D=0x000000000006fa58 A=0x6fa70  flags=(IsInteger|IsStore)
 492174: board.processor.cores.core: A0 T0 : 0x2063a @ptmalloc_init.part.0+52    : c_sd a5, 16(a5)            : MemWrite :  D=0x000000000006fa58 A=0x6fa68  flags=(IsInteger|IsStore)
 492507: board.processor.cores.core: A0 T0 : 0x2063c @ptmalloc_init.part.0+54    : c_addi a5, 16              : IntAlu :  D=0x000000000006fa68  flags=(IsInteger)
 493173: board.processor.cores.core: A0 T0 : 0x2063e @ptmalloc_init.part.0+56    : bne a5, a4, -6             : IntAlu :   flags=(IsInteger|IsControl|IsDirectControl|IsCondControl)
 493506: board.processor.cores.core: A0 T0 : 0x20638 @ptmalloc_init.part.0+50    : c_sd a5, 24(a5)            : MemWrite :  D=0x000000000006fa68 A=0x6fa80  flags=(IsInteger|IsStore)
 493839: board.processor.cores.core: A0 T0 : 0x2063a @ptmalloc_init.part.0+52    : c_sd a5, 16(a5)            : MemWrite :  D=0x000000000006fa68 A=0x6fa78  flags=(IsInteger|IsStore)
 494172: board.processor.cores.core: A0 T0 : 0x2063c @ptmalloc_init.part.0+54    : c_addi a5, 16              : IntAlu :  D=0x000000000006fa78  flags=(IsInteger)
 494838: board.processor.cores.core: A0 T0 : 0x2063e @ptmalloc_init.part.0+56    : bne a5, a4, -6             : IntAlu :   flags=(IsInteger|IsControl|IsDirectControl|IsCondControl)
 495171: board.processor.cores.core: A0 T0 : 0x20638 @ptmalloc_init.part.0+50    : c_sd a5, 24(a5)            : MemWrite :  D=0x000000000006fa78 A=0x6fa90  flags=(IsInteger|IsStore)
 495504: board.processor.cores.core: A0 T0 : 0x2063a @ptmalloc_init.part.0+52    : c_sd a5, 16(a5)            : MemWrite :  D=0x000000000006fa78 A=0x6fa88  flags=(IsInteger|IsStore)
 495837: board.processor.cores.core: A0 T0 : 0x2063c @ptmalloc_init.part.0+54    : c_addi a5, 16              : IntAlu :  D=0x000000000006fa88  flags=(IsInteger)
 496503: board.processor.cores.core: A0 T0 : 0x2063e @ptmalloc_init.part.0+56    : bne a5, a4, -6             : IntAlu :   flags=(IsInteger|IsControl|IsDirectControl|IsCondControl)
 496836: board.processor.cores.core: A0 T0 : 0x20638 @ptmalloc_init.part.0+50    : c_sd a5, 24(a5)            : MemWrite :  D=0x000000000006fa88 A=0x6faa0  flags=(IsInteger|IsStore)
 497169: board.processor.cores.core: A0 T0 : 0x2063a @ptmalloc_init.part.0+52    : c_sd a5, 16(a5)            : MemWrite :  D=0x000000000006fa88 A=0x6fa98  flags=(IsInteger|IsStore)
 497502: board.processor.cores.core: A0 T0 : 0x2063c @ptmalloc_init.part.0+54    : c_addi a5, 16              : IntAlu :  D=0x000000000006fa98  flags=(IsInteger)
 498168: board.processor.cores.core: A0 T0 : 0x2063e @ptmalloc_init.part.0+56    : bne a5, a4, -6             : IntAlu :   flags=(IsInteger|IsControl|IsDirectControl|IsCondControl)
 498501: board.processor.cores.core: A0 T0 : 0x20638 @ptmalloc_init.part.0+50    : c_sd a5, 24(a5)            : MemWrite :  D=0x000000000006fa98 A=0x6fab0  flags=(IsInteger|IsStore)
 498834: board.processor.cores.core: A0 T0 : 0x2063a @ptmalloc_init.part.0+52    : c_sd a5, 16(a5)            : MemWrite :  D=0x000000000006fa98 A=0x6faa8  flags=(IsInteger|IsStore)
 499167: board.processor.cores.core: A0 T0 : 0x2063c @ptmalloc_init.part.0+54    : c_addi a5, 16              : IntAlu :  D=0x000000000006faa8  flags=(IsInteger)
 499833: board.processor.cores.core: A0 T0 : 0x2063e @ptmalloc_init.part.0+56    : bne a5, a4, -6             : IntAlu :   flags=(IsInteger|IsControl|IsDirectControl|IsCondControl)
 500166: board.processor.cores.core: A0 T0 : 0x20638 @ptmalloc_init.part.0+50    : c_sd a5, 24(a5)            : MemWrite :  D=0x000000000006faa8 A=0x6fac0  flags=(IsInteger|IsStore)
 500499: board.processor.cores.core: A0 T0 : 0x2063a @ptmalloc_init.part.0+52    : c_sd a5, 16(a5)            : MemWrite :  D=0x000000000006faa8 A=0x6fab8  flags=(IsInteger|IsStore)
 500832: board.processor.cores.core: A0 T0 : 0x2063c @ptmalloc_init.part.0+54    : c_addi a5, 16              : IntAlu :  D=0x000000000006fab8  flags=(IsInteger)
 501498: board.processor.cores.core: A0 T0 : 0x2063e @ptmalloc_init.part.0+56    : bne a5, a4, -6             : IntAlu :   flags=(IsInteger|IsControl|IsDirectControl|IsCondControl)
 501831: board.processor.cores.core: A0 T0 : 0x20638 @ptmalloc_init.part.0+50    : c_sd a5, 24(a5)            : MemWrite :  D=0x000000000006fab8 A=0x6fad0  flags=(IsInteger|IsStore)
 502164: board.processor.cores.core: A0 T0 : 0x2063a @ptmalloc_init.part.0+52    : c_sd a5, 16(a5)            : MemWrite :  D=0x000000000006fab8 A=0x6fac8  flags=(IsInteger|IsStore)
 502497: board.processor.cores.core: A0 T0 : 0x2063c @ptmalloc_init.part.0+54    : c_addi a5, 16              : IntAlu :  D=0x000000000006fac8  flags=(IsInteger)
 503163: board.processor.cores.core: A0 T0 : 0x2063e @ptmalloc_init.part.0+56    : bne a5, a4, -6             : IntAlu :   flags=(IsInteger|IsControl|IsDirectControl|IsCondControl)
 503496: board.processor.cores.core: A0 T0 : 0x20638 @ptmalloc_init.part.0+50    : c_sd a5, 24(a5)            : MemWrite :  D=0x000000000006fac8 A=0x6fae0  flags=(IsInteger|IsStore)
 503829: board.processor.cores.core: A0 T0 : 0x2063a @ptmalloc_init.part.0+52    : c_sd a5, 16(a5)            : MemWrite :  D=0x000000000006fac8 A=0x6fad8  flags=(IsInteger|IsStore)
 504162: board.processor.cores.core: A0 T0 : 0x2063c @ptmalloc_init.part.0+54    : c_addi a5, 16              : IntAlu :  D=0x000000000006fad8  flags=(IsInteger)
 504828: board.processor.cores.core: A0 T0 : 0x2063e @ptmalloc_init.part.0+56    : bne a5, a4, -6             : IntAlu :   flags=(IsInteger|IsControl|IsDirectControl|IsCondControl)
 505161: board.processor.cores.core: A0 T0 : 0x20638 @ptmalloc_init.part.0+50    : c_sd a5, 24(a5)            : MemWrite :  D=0x000000000006fad8 A=0x6faf0  flags=(IsInteger|IsStore)
 505494: board.processor.cores.core: A0 T0 : 0x2063a @ptmalloc_init.part.0+52    : c_sd a5, 16(a5)            : MemWrite :  D=0x000000000006fad8 A=0x6fae8  flags=(IsInteger|IsStore)
 505827: board.processor.cores.core: A0 T0 : 0x2063c @ptmalloc_init.part.0+54    : c_addi a5, 16              : IntAlu :  D=0x000000000006fae8  flags=(IsInteger)
 506493: board.processor.cores.core: A0 T0 : 0x2063e @ptmalloc_init.part.0+56    : bne a5, a4, -6             : IntAlu :   flags=(IsInteger|IsControl|IsDirectControl|IsCondControl)
 506826: board.processor.cores.core: A0 T0 : 0x20638 @ptmalloc_init.part.0+50    : c_sd a5, 24(a5)            : MemWrite :  D=0x000000000006fae8 A=0x6fb00  flags=(IsInteger|IsStore)
 507159: board.processor.cores.core: A0 T0 : 0x2063a @ptmalloc_init.part.0+52    : c_sd a5, 16(a5)            : MemWrite :  D=0x000000000006fae8 A=0x6faf8  flags=(IsInteger|IsStore)
 507492: board.processor.cores.core: A0 T0 : 0x2063c @ptmalloc_init.part.0+54    : c_addi a5, 16              : IntAlu :  D=0x000000000006faf8  flags=(IsInteger)
 508158: board.processor.cores.core: A0 T0 : 0x2063e @ptmalloc_init.part.0+56    : bne a5, a4, -6             : IntAlu :   flags=(IsInteger|IsControl|IsDirectControl|IsCondControl)
 508491: board.processor.cores.core: A0 T0 : 0x20638 @ptmalloc_init.part.0+50    : c_sd a5, 24(a5)            : MemWrite :  D=0x000000000006faf8 A=0x6fb10  flags=(IsInteger|IsStore)
 508824: board.processor.cores.core: A0 T0 : 0x2063a @ptmalloc_init.part.0+52    : c_sd a5, 16(a5)            : MemWrite :  D=0x000000000006faf8 A=0x6fb08  flags=(IsInteger|IsStore)
 509157: board.processor.cores.core: A0 T0 : 0x2063c @ptmalloc_init.part.0+54    : c_addi a5, 16              : IntAlu :  D=0x000000000006fb08  flags=(IsInteger)
 509823: board.processor.cores.core: A0 T0 : 0x2063e @ptmalloc_init.part.0+56    : bne a5, a4, -6             : IntAlu :   flags=(IsInteger|IsControl|IsDirectControl|IsCondControl)
 510156: board.processor.cores.core: A0 T0 : 0x20638 @ptmalloc_init.part.0+50    : c_sd a5, 24(a5)            : MemWrite :  D=0x000000000006fb08 A=0x6fb20  flags=(IsInteger|IsStore)
 510489: board.processor.cores.core: A0 T0 : 0x2063a @ptmalloc_init.part.0+52    : c_sd a5, 16(a5)            : MemWrite :  D=0x000000000006fb08 A=0x6fb18  flags=(IsInteger|IsStore)
 510822: board.processor.cores.core: A0 T0 : 0x2063c @ptmalloc_init.part.0+54    : c_addi a5, 16              : IntAlu :  D=0x000000000006fb18  flags=(IsInteger)
 511488: board.processor.cores.core: A0 T0 : 0x2063e @ptmalloc_init.part.0+56    : bne a5, a4, -6             : IntAlu :   flags=(IsInteger|IsControl|IsDirectControl|IsCondControl)
 511821: board.processor.cores.core: A0 T0 : 0x20638 @ptmalloc_init.part.0+50    : c_sd a5, 24(a5)            : MemWrite :  D=0x000000000006fb18 A=0x6fb30  flags=(IsInteger|IsStore)
 512154: board.processor.cores.core: A0 T0 : 0x2063a @ptmalloc_init.part.0+52    : c_sd a5, 16(a5)            : MemWrite :  D=0x000000000006fb18 A=0x6fb28  flags=(IsInteger|IsStore)
 512487: board.processor.cores.core: A0 T0 : 0x2063c @ptmalloc_init.part.0+54    : c_addi a5, 16              : IntAlu :  D=0x000000000006fb28  flags=(IsInteger)
 513153: board.processor.cores.core: A0 T0 : 0x2063e @ptmalloc_init.part.0+56    : bne a5, a4, -6             : IntAlu :   flags=(IsInteger|IsControl|IsDirectControl|IsCondControl)
 513486: board.processor.cores.core: A0 T0 : 0x20638 @ptmalloc_init.part.0+50    : c_sd a5, 24(a5)            : MemWrite :  D=0x000000000006fb28 A=0x6fb40  flags=(IsInteger|IsStore)
 513819: board.processor.cores.core: A0 T0 : 0x2063a @ptmalloc_init.part.0+52    : c_sd a5, 16(a5)            : MemWrite :  D=0x000000000006fb28 A=0x6fb38  flags=(IsInteger|IsStore)
 514152: board.processor.cores.core: A0 T0 : 0x2063c @ptmalloc_init.part.0+54    : c_addi a5, 16              : IntAlu :  D=0x000000000006fb38  flags=(IsInteger)
 514818: board.processor.cores.core: A0 T0 : 0x2063e @ptmalloc_init.part.0+56    : bne a5, a4, -6             : IntAlu :   flags=(IsInteger|IsControl|IsDirectControl|IsCondControl)
 515151: board.processor.cores.core: A0 T0 : 0x20638 @ptmalloc_init.part.0+50    : c_sd a5, 24(a5)            : MemWrite :  D=0x000000000006fb38 A=0x6fb50  flags=(IsInteger|IsStore)
 515484: board.processor.cores.core: A0 T0 : 0x2063a @ptmalloc_init.part.0+52    : c_sd a5, 16(a5)            : MemWrite :  D=0x000000000006fb38 A=0x6fb48  flags=(IsInteger|IsStore)
 515817: board.processor.cores.core: A0 T0 : 0x2063c @ptmalloc_init.part.0+54    : c_addi a5, 16              : IntAlu :  D=0x000000000006fb48  flags=(IsInteger)
 516483: board.processor.cores.core: A0 T0 : 0x2063e @ptmalloc_init.part.0+56    : bne a5, a4, -6             : IntAlu :   flags=(IsInteger|IsControl|IsDirectControl|IsCondControl)
 516816: board.processor.cores.core: A0 T0 : 0x20638 @ptmalloc_init.part.0+50    : c_sd a5, 24(a5)            : MemWrite :  D=0x000000000006fb48 A=0x6fb60  flags=(IsInteger|IsStore)
 517149: board.processor.cores.core: A0 T0 : 0x2063a @ptmalloc_init.part.0+52    : c_sd a5, 16(a5)            : MemWrite :  D=0x000000000006fb48 A=0x6fb58  flags=(IsInteger|IsStore)
 517482: board.processor.cores.core: A0 T0 : 0x2063c @ptmalloc_init.part.0+54    : c_addi a5, 16              : IntAlu :  D=0x000000000006fb58  flags=(IsInteger)
 518148: board.processor.cores.core: A0 T0 : 0x2063e @ptmalloc_init.part.0+56    : bne a5, a4, -6             : IntAlu :   flags=(IsInteger|IsControl|IsDirectControl|IsCondControl)
 518481: board.processor.cores.core: A0 T0 : 0x20638 @ptmalloc_init.part.0+50    : c_sd a5, 24(a5)            : MemWrite :  D=0x000000000006fb58 A=0x6fb70  flags=(IsInteger|IsStore)
 518814: board.processor.cores.core: A0 T0 : 0x2063a @ptmalloc_init.part.0+52    : c_sd a5, 16(a5)            : MemWrite :  D=0x000000000006fb58 A=0x6fb68  flags=(IsInteger|IsStore)
 519147: board.processor.cores.core: A0 T0 : 0x2063c @ptmalloc_init.part.0+54    : c_addi a5, 16              : IntAlu :  D=0x000000000006fb68  flags=(IsInteger)
 519813: board.processor.cores.core: A0 T0 : 0x2063e @ptmalloc_init.part.0+56    : bne a5, a4, -6             : IntAlu :   flags=(IsInteger|IsControl|IsDirectControl|IsCondControl)
 520146: board.processor.cores.core: A0 T0 : 0x20638 @ptmalloc_init.part.0+50    : c_sd a5, 24(a5)            : MemWrite :  D=0x000000000006fb68 A=0x6fb80  flags=(IsInteger|IsStore)
 520479: board.processor.cores.core: A0 T0 : 0x2063a @ptmalloc_init.part.0+52    : c_sd a5, 16(a5)            : MemWrite :  D=0x000000000006fb68 A=0x6fb78  flags=(IsInteger|IsStore)
 520812: board.processor.cores.core: A0 T0 : 0x2063c @ptmalloc_init.part.0+54    : c_addi a5, 16              : IntAlu :  D=0x000000000006fb78  flags=(IsInteger)
 521478: board.processor.cores.core: A0 T0 : 0x2063e @ptmalloc_init.part.0+56    : bne a5, a4, -6             : IntAlu :   flags=(IsInteger|IsControl|IsDirectControl|IsCondControl)
 521811: board.processor.cores.core: A0 T0 : 0x20638 @ptmalloc_init.part.0+50    : c_sd a5, 24(a5)            : MemWrite :  D=0x000000000006fb78 A=0x6fb90  flags=(IsInteger|IsStore)
 522144: board.processor.cores.core: A0 T0 : 0x2063a @ptmalloc_init.part.0+52    : c_sd a5, 16(a5)            : MemWrite :  D=0x000000000006fb78 A=0x6fb88  flags=(IsInteger|IsStore)
 522477: board.processor.cores.core: A0 T0 : 0x2063c @ptmalloc_init.part.0+54    : c_addi a5, 16              : IntAlu :  D=0x000000000006fb88  flags=(IsInteger)
 523143: board.processor.cores.core: A0 T0 : 0x2063e @ptmalloc_init.part.0+56    : bne a5, a4, -6             : IntAlu :   flags=(IsInteger|IsControl|IsDirectControl|IsCondControl)
 523476: board.processor.cores.core: A0 T0 : 0x20638 @ptmalloc_init.part.0+50    : c_sd a5, 24(a5)            : MemWrite :  D=0x000000000006fb88 A=0x6fba0  flags=(IsInteger|IsStore)
 523809: board.processor.cores.core: A0 T0 : 0x2063a @ptmalloc_init.part.0+52    : c_sd a5, 16(a5)            : MemWrite :  D=0x000000000006fb88 A=0x6fb98  flags=(IsInteger|IsStore)
 524142: board.processor.cores.core: A0 T0 : 0x2063c @ptmalloc_init.part.0+54    : c_addi a5, 16              : IntAlu :  D=0x000000000006fb98  flags=(IsInteger)
 524808: board.processor.cores.core: A0 T0 : 0x2063e @ptmalloc_init.part.0+56    : bne a5, a4, -6             : IntAlu :   flags=(IsInteger|IsControl|IsDirectControl|IsCondControl)
 525141: board.processor.cores.core: A0 T0 : 0x20638 @ptmalloc_init.part.0+50    : c_sd a5, 24(a5)            : MemWrite :  D=0x000000000006fb98 A=0x6fbb0  flags=(IsInteger|IsStore)
 525474: board.processor.cores.core: A0 T0 : 0x2063a @ptmalloc_init.part.0+52    : c_sd a5, 16(a5)            : MemWrite :  D=0x000000000006fb98 A=0x6fba8  flags=(IsInteger|IsStore)
 525807: board.processor.cores.core: A0 T0 : 0x2063c @ptmalloc_init.part.0+54    : c_addi a5, 16              : IntAlu :  D=0x000000000006fba8  flags=(IsInteger)
 526473: board.processor.cores.core: A0 T0 : 0x2063e @ptmalloc_init.part.0+56    : bne a5, a4, -6             : IntAlu :   flags=(IsInteger|IsControl|IsDirectControl|IsCondControl)
 526806: board.processor.cores.core: A0 T0 : 0x20638 @ptmalloc_init.part.0+50    : c_sd a5, 24(a5)            : MemWrite :  D=0x000000000006fba8 A=0x6fbc0  flags=(IsInteger|IsStore)
 527139: board.processor.cores.core: A0 T0 : 0x2063a @ptmalloc_init.part.0+52    : c_sd a5, 16(a5)            : MemWrite :  D=0x000000000006fba8 A=0x6fbb8  flags=(IsInteger|IsStore)
 527472: board.processor.cores.core: A0 T0 : 0x2063c @ptmalloc_init.part.0+54    : c_addi a5, 16              : IntAlu :  D=0x000000000006fbb8  flags=(IsInteger)
 528138: board.processor.cores.core: A0 T0 : 0x2063e @ptmalloc_init.part.0+56    : bne a5, a4, -6             : IntAlu :   flags=(IsInteger|IsControl|IsDirectControl|IsCondControl)
 528471: board.processor.cores.core: A0 T0 : 0x20638 @ptmalloc_init.part.0+50    : c_sd a5, 24(a5)            : MemWrite :  D=0x000000000006fbb8 A=0x6fbd0  flags=(IsInteger|IsStore)
 528804: board.processor.cores.core: A0 T0 : 0x2063a @ptmalloc_init.part.0+52    : c_sd a5, 16(a5)            : MemWrite :  D=0x000000000006fbb8 A=0x6fbc8  flags=(IsInteger|IsStore)
 529137: board.processor.cores.core: A0 T0 : 0x2063c @ptmalloc_init.part.0+54    : c_addi a5, 16              : IntAlu :  D=0x000000000006fbc8  flags=(IsInteger)
 529803: board.processor.cores.core: A0 T0 : 0x2063e @ptmalloc_init.part.0+56    : bne a5, a4, -6             : IntAlu :   flags=(IsInteger|IsControl|IsDirectControl|IsCondControl)
 530136: board.processor.cores.core: A0 T0 : 0x20638 @ptmalloc_init.part.0+50    : c_sd a5, 24(a5)            : MemWrite :  D=0x000000000006fbc8 A=0x6fbe0  flags=(IsInteger|IsStore)
 530469: board.processor.cores.core: A0 T0 : 0x2063a @ptmalloc_init.part.0+52    : c_sd a5, 16(a5)            : MemWrite :  D=0x000000000006fbc8 A=0x6fbd8  flags=(IsInteger|IsStore)
 530802: board.processor.cores.core: A0 T0 : 0x2063c @ptmalloc_init.part.0+54    : c_addi a5, 16              : IntAlu :  D=0x000000000006fbd8  flags=(IsInteger)
 531468: board.processor.cores.core: A0 T0 : 0x2063e @ptmalloc_init.part.0+56    : bne a5, a4, -6             : IntAlu :   flags=(IsInteger|IsControl|IsDirectControl|IsCondControl)
 531801: board.processor.cores.core: A0 T0 : 0x20638 @ptmalloc_init.part.0+50    : c_sd a5, 24(a5)            : MemWrite :  D=0x000000000006fbd8 A=0x6fbf0  flags=(IsInteger|IsStore)
 532134: board.processor.cores.core: A0 T0 : 0x2063a @ptmalloc_init.part.0+52    : c_sd a5, 16(a5)            : MemWrite :  D=0x000000000006fbd8 A=0x6fbe8  flags=(IsInteger|IsStore)
 532467: board.processor.cores.core: A0 T0 : 0x2063c @ptmalloc_init.part.0+54    : c_addi a5, 16              : IntAlu :  D=0x000000000006fbe8  flags=(IsInteger)
 533133: board.processor.cores.core: A0 T0 : 0x2063e @ptmalloc_init.part.0+56    : bne a5, a4, -6             : IntAlu :   flags=(IsInteger|IsControl|IsDirectControl|IsCondControl)
 533466: board.processor.cores.core: A0 T0 : 0x20638 @ptmalloc_init.part.0+50    : c_sd a5, 24(a5)            : MemWrite :  D=0x000000000006fbe8 A=0x6fc00  flags=(IsInteger|IsStore)
 533799: board.processor.cores.core: A0 T0 : 0x2063a @ptmalloc_init.part.0+52    : c_sd a5, 16(a5)            : MemWrite :  D=0x000000000006fbe8 A=0x6fbf8  flags=(IsInteger|IsStore)
 534132: board.processor.cores.core: A0 T0 : 0x2063c @ptmalloc_init.part.0+54    : c_addi a5, 16              : IntAlu :  D=0x000000000006fbf8  flags=(IsInteger)
 534798: board.processor.cores.core: A0 T0 : 0x2063e @ptmalloc_init.part.0+56    : bne a5, a4, -6             : IntAlu :   flags=(IsInteger|IsControl|IsDirectControl|IsCondControl)
 535131: board.processor.cores.core: A0 T0 : 0x20638 @ptmalloc_init.part.0+50    : c_sd a5, 24(a5)            : MemWrite :  D=0x000000000006fbf8 A=0x6fc10  flags=(IsInteger|IsStore)
 535464: board.processor.cores.core: A0 T0 : 0x2063a @ptmalloc_init.part.0+52    : c_sd a5, 16(a5)            : MemWrite :  D=0x000000000006fbf8 A=0x6fc08  flags=(IsInteger|IsStore)
 535797: board.processor.cores.core: A0 T0 : 0x2063c @ptmalloc_init.part.0+54    : c_addi a5, 16              : IntAlu :  D=0x000000000006fc08  flags=(IsInteger)
 536463: board.processor.cores.core: A0 T0 : 0x2063e @ptmalloc_init.part.0+56    : bne a5, a4, -6             : IntAlu :   flags=(IsInteger|IsControl|IsDirectControl|IsCondControl)
 536796: board.processor.cores.core: A0 T0 : 0x20638 @ptmalloc_init.part.0+50    : c_sd a5, 24(a5)            : MemWrite :  D=0x000000000006fc08 A=0x6fc20  flags=(IsInteger|IsStore)
 537129: board.processor.cores.core: A0 T0 : 0x2063a @ptmalloc_init.part.0+52    : c_sd a5, 16(a5)            : MemWrite :  D=0x000000000006fc08 A=0x6fc18  flags=(IsInteger|IsStore)
 537462: board.processor.cores.core: A0 T0 : 0x2063c @ptmalloc_init.part.0+54    : c_addi a5, 16              : IntAlu :  D=0x000000000006fc18  flags=(IsInteger)
 538128: board.processor.cores.core: A0 T0 : 0x2063e @ptmalloc_init.part.0+56    : bne a5, a4, -6             : IntAlu :   flags=(IsInteger|IsControl|IsDirectControl|IsCondControl)
 538461: board.processor.cores.core: A0 T0 : 0x20638 @ptmalloc_init.part.0+50    : c_sd a5, 24(a5)            : MemWrite :  D=0x000000000006fc18 A=0x6fc30  flags=(IsInteger|IsStore)
 538794: board.processor.cores.core: A0 T0 : 0x2063a @ptmalloc_init.part.0+52    : c_sd a5, 16(a5)            : MemWrite :  D=0x000000000006fc18 A=0x6fc28  flags=(IsInteger|IsStore)
 539127: board.processor.cores.core: A0 T0 : 0x2063c @ptmalloc_init.part.0+54    : c_addi a5, 16              : IntAlu :  D=0x000000000006fc28  flags=(IsInteger)
 539793: board.processor.cores.core: A0 T0 : 0x2063e @ptmalloc_init.part.0+56    : bne a5, a4, -6             : IntAlu :   flags=(IsInteger|IsControl|IsDirectControl|IsCondControl)
 540126: board.processor.cores.core: A0 T0 : 0x20638 @ptmalloc_init.part.0+50    : c_sd a5, 24(a5)            : MemWrite :  D=0x000000000006fc28 A=0x6fc40  flags=(IsInteger|IsStore)
 540459: board.processor.cores.core: A0 T0 : 0x2063a @ptmalloc_init.part.0+52    : c_sd a5, 16(a5)            : MemWrite :  D=0x000000000006fc28 A=0x6fc38  flags=(IsInteger|IsStore)
 540792: board.processor.cores.core: A0 T0 : 0x2063c @ptmalloc_init.part.0+54    : c_addi a5, 16              : IntAlu :  D=0x000000000006fc38  flags=(IsInteger)
 541458: board.processor.cores.core: A0 T0 : 0x2063e @ptmalloc_init.part.0+56    : bne a5, a4, -6             : IntAlu :   flags=(IsInteger|IsControl|IsDirectControl|IsCondControl)
 541791: board.processor.cores.core: A0 T0 : 0x20638 @ptmalloc_init.part.0+50    : c_sd a5, 24(a5)            : MemWrite :  D=0x000000000006fc38 A=0x6fc50  flags=(IsInteger|IsStore)
 542124: board.processor.cores.core: A0 T0 : 0x2063a @ptmalloc_init.part.0+52    : c_sd a5, 16(a5)            : MemWrite :  D=0x000000000006fc38 A=0x6fc48  flags=(IsInteger|IsStore)
 542457: board.processor.cores.core: A0 T0 : 0x2063c @ptmalloc_init.part.0+54    : c_addi a5, 16              : IntAlu :  D=0x000000000006fc48  flags=(IsInteger)
 543123: board.processor.cores.core: A0 T0 : 0x2063e @ptmalloc_init.part.0+56    : bne a5, a4, -6             : IntAlu :   flags=(IsInteger|IsControl|IsDirectControl|IsCondControl)
 543456: board.processor.cores.core: A0 T0 : 0x20638 @ptmalloc_init.part.0+50    : c_sd a5, 24(a5)            : MemWrite :  D=0x000000000006fc48 A=0x6fc60  flags=(IsInteger|IsStore)
 543789: board.processor.cores.core: A0 T0 : 0x2063a @ptmalloc_init.part.0+52    : c_sd a5, 16(a5)            : MemWrite :  D=0x000000000006fc48 A=0x6fc58  flags=(IsInteger|IsStore)
 544122: board.processor.cores.core: A0 T0 : 0x2063c @ptmalloc_init.part.0+54    : c_addi a5, 16              : IntAlu :  D=0x000000000006fc58  flags=(IsInteger)
 544788: board.processor.cores.core: A0 T0 : 0x2063e @ptmalloc_init.part.0+56    : bne a5, a4, -6             : IntAlu :   flags=(IsInteger|IsControl|IsDirectControl|IsCondControl)
 545121: board.processor.cores.core: A0 T0 : 0x20638 @ptmalloc_init.part.0+50    : c_sd a5, 24(a5)            : MemWrite :  D=0x000000000006fc58 A=0x6fc70  flags=(IsInteger|IsStore)
 545454: board.processor.cores.core: A0 T0 : 0x2063a @ptmalloc_init.part.0+52    : c_sd a5, 16(a5)            : MemWrite :  D=0x000000000006fc58 A=0x6fc68  flags=(IsInteger|IsStore)
 545787: board.processor.cores.core: A0 T0 : 0x2063c @ptmalloc_init.part.0+54    : c_addi a5, 16              : IntAlu :  D=0x000000000006fc68  flags=(IsInteger)
 546453: board.processor.cores.core: A0 T0 : 0x2063e @ptmalloc_init.part.0+56    : bne a5, a4, -6             : IntAlu :   flags=(IsInteger|IsControl|IsDirectControl|IsCondControl)
 546786: board.processor.cores.core: A0 T0 : 0x20638 @ptmalloc_init.part.0+50    : c_sd a5, 24(a5)            : MemWrite :  D=0x000000000006fc68 A=0x6fc80  flags=(IsInteger|IsStore)
 547119: board.processor.cores.core: A0 T0 : 0x2063a @ptmalloc_init.part.0+52    : c_sd a5, 16(a5)            : MemWrite :  D=0x000000000006fc68 A=0x6fc78  flags=(IsInteger|IsStore)
 547452: board.processor.cores.core: A0 T0 : 0x2063c @ptmalloc_init.part.0+54    : c_addi a5, 16              : IntAlu :  D=0x000000000006fc78  flags=(IsInteger)
 548118: board.processor.cores.core: A0 T0 : 0x2063e @ptmalloc_init.part.0+56    : bne a5, a4, -6             : IntAlu :   flags=(IsInteger|IsControl|IsDirectControl|IsCondControl)
 548451: board.processor.cores.core: A0 T0 : 0x20638 @ptmalloc_init.part.0+50    : c_sd a5, 24(a5)            : MemWrite :  D=0x000000000006fc78 A=0x6fc90  flags=(IsInteger|IsStore)
 548784: board.processor.cores.core: A0 T0 : 0x2063a @ptmalloc_init.part.0+52    : c_sd a5, 16(a5)            : MemWrite :  D=0x000000000006fc78 A=0x6fc88  flags=(IsInteger|IsStore)
 549117: board.processor.cores.core: A0 T0 : 0x2063c @ptmalloc_init.part.0+54    : c_addi a5, 16              : IntAlu :  D=0x000000000006fc88  flags=(IsInteger)
 549783: board.processor.cores.core: A0 T0 : 0x2063e @ptmalloc_init.part.0+56    : bne a5, a4, -6             : IntAlu :   flags=(IsInteger|IsControl|IsDirectControl|IsCondControl)
 550116: board.processor.cores.core: A0 T0 : 0x20638 @ptmalloc_init.part.0+50    : c_sd a5, 24(a5)            : MemWrite :  D=0x000000000006fc88 A=0x6fca0  flags=(IsInteger|IsStore)
 550449: board.processor.cores.core: A0 T0 : 0x2063a @ptmalloc_init.part.0+52    : c_sd a5, 16(a5)            : MemWrite :  D=0x000000000006fc88 A=0x6fc98  flags=(IsInteger|IsStore)
 550782: board.processor.cores.core: A0 T0 : 0x2063c @ptmalloc_init.part.0+54    : c_addi a5, 16              : IntAlu :  D=0x000000000006fc98  flags=(IsInteger)
 551448: board.processor.cores.core: A0 T0 : 0x2063e @ptmalloc_init.part.0+56    : bne a5, a4, -6             : IntAlu :   flags=(IsInteger|IsControl|IsDirectControl|IsCondControl)
 551781: board.processor.cores.core: A0 T0 : 0x20638 @ptmalloc_init.part.0+50    : c_sd a5, 24(a5)            : MemWrite :  D=0x000000000006fc98 A=0x6fcb0  flags=(IsInteger|IsStore)
 552114: board.processor.cores.core: A0 T0 : 0x2063a @ptmalloc_init.part.0+52    : c_sd a5, 16(a5)            : MemWrite :  D=0x000000000006fc98 A=0x6fca8  flags=(IsInteger|IsStore)
 552447: board.processor.cores.core: A0 T0 : 0x2063c @ptmalloc_init.part.0+54    : c_addi a5, 16              : IntAlu :  D=0x000000000006fca8  flags=(IsInteger)
 553113: board.processor.cores.core: A0 T0 : 0x2063e @ptmalloc_init.part.0+56    : bne a5, a4, -6             : IntAlu :   flags=(IsInteger|IsControl|IsDirectControl|IsCondControl)
 553446: board.processor.cores.core: A0 T0 : 0x20638 @ptmalloc_init.part.0+50    : c_sd a5, 24(a5)            : MemWrite :  D=0x000000000006fca8 A=0x6fcc0  flags=(IsInteger|IsStore)
 553779: board.processor.cores.core: A0 T0 : 0x2063a @ptmalloc_init.part.0+52    : c_sd a5, 16(a5)            : MemWrite :  D=0x000000000006fca8 A=0x6fcb8  flags=(IsInteger|IsStore)
 554112: board.processor.cores.core: A0 T0 : 0x2063c @ptmalloc_init.part.0+54    : c_addi a5, 16              : IntAlu :  D=0x000000000006fcb8  flags=(IsInteger)
 554778: board.processor.cores.core: A0 T0 : 0x2063e @ptmalloc_init.part.0+56    : bne a5, a4, -6             : IntAlu :   flags=(IsInteger|IsControl|IsDirectControl|IsCondControl)
 555111: board.processor.cores.core: A0 T0 : 0x20638 @ptmalloc_init.part.0+50    : c_sd a5, 24(a5)            : MemWrite :  D=0x000000000006fcb8 A=0x6fcd0  flags=(IsInteger|IsStore)
 555444: board.processor.cores.core: A0 T0 : 0x2063a @ptmalloc_init.part.0+52    : c_sd a5, 16(a5)            : MemWrite :  D=0x000000000006fcb8 A=0x6fcc8  flags=(IsInteger|IsStore)
 555777: board.processor.cores.core: A0 T0 : 0x2063c @ptmalloc_init.part.0+54    : c_addi a5, 16              : IntAlu :  D=0x000000000006fcc8  flags=(IsInteger)
 556443: board.processor.cores.core: A0 T0 : 0x2063e @ptmalloc_init.part.0+56    : bne a5, a4, -6             : IntAlu :   flags=(IsInteger|IsControl|IsDirectControl|IsCondControl)
 556776: board.processor.cores.core: A0 T0 : 0x20638 @ptmalloc_init.part.0+50    : c_sd a5, 24(a5)            : MemWrite :  D=0x000000000006fcc8 A=0x6fce0  flags=(IsInteger|IsStore)
 557109: board.processor.cores.core: A0 T0 : 0x2063a @ptmalloc_init.part.0+52    : c_sd a5, 16(a5)            : MemWrite :  D=0x000000000006fcc8 A=0x6fcd8  flags=(IsInteger|IsStore)
 557442: board.processor.cores.core: A0 T0 : 0x2063c @ptmalloc_init.part.0+54    : c_addi a5, 16              : IntAlu :  D=0x000000000006fcd8  flags=(IsInteger)
 558108: board.processor.cores.core: A0 T0 : 0x2063e @ptmalloc_init.part.0+56    : bne a5, a4, -6             : IntAlu :   flags=(IsInteger|IsControl|IsDirectControl|IsCondControl)
 558441: board.processor.cores.core: A0 T0 : 0x20638 @ptmalloc_init.part.0+50    : c_sd a5, 24(a5)            : MemWrite :  D=0x000000000006fcd8 A=0x6fcf0  flags=(IsInteger|IsStore)
 558774: board.processor.cores.core: A0 T0 : 0x2063a @ptmalloc_init.part.0+52    : c_sd a5, 16(a5)            : MemWrite :  D=0x000000000006fcd8 A=0x6fce8  flags=(IsInteger|IsStore)
 559107: board.processor.cores.core: A0 T0 : 0x2063c @ptmalloc_init.part.0+54    : c_addi a5, 16              : IntAlu :  D=0x000000000006fce8  flags=(IsInteger)
 559773: board.processor.cores.core: A0 T0 : 0x2063e @ptmalloc_init.part.0+56    : bne a5, a4, -6             : IntAlu :   flags=(IsInteger|IsControl|IsDirectControl|IsCondControl)
 560106: board.processor.cores.core: A0 T0 : 0x20638 @ptmalloc_init.part.0+50    : c_sd a5, 24(a5)            : MemWrite :  D=0x000000000006fce8 A=0x6fd00  flags=(IsInteger|IsStore)
 560439: board.processor.cores.core: A0 T0 : 0x2063a @ptmalloc_init.part.0+52    : c_sd a5, 16(a5)            : MemWrite :  D=0x000000000006fce8 A=0x6fcf8  flags=(IsInteger|IsStore)
 560772: board.processor.cores.core: A0 T0 : 0x2063c @ptmalloc_init.part.0+54    : c_addi a5, 16              : IntAlu :  D=0x000000000006fcf8  flags=(IsInteger)
 561438: board.processor.cores.core: A0 T0 : 0x2063e @ptmalloc_init.part.0+56    : bne a5, a4, -6             : IntAlu :   flags=(IsInteger|IsControl|IsDirectControl|IsCondControl)
 561771: board.processor.cores.core: A0 T0 : 0x20638 @ptmalloc_init.part.0+50    : c_sd a5, 24(a5)            : MemWrite :  D=0x000000000006fcf8 A=0x6fd10  flags=(IsInteger|IsStore)
 562104: board.processor.cores.core: A0 T0 : 0x2063a @ptmalloc_init.part.0+52    : c_sd a5, 16(a5)            : MemWrite :  D=0x000000000006fcf8 A=0x6fd08  flags=(IsInteger|IsStore)
 562437: board.processor.cores.core: A0 T0 : 0x2063c @ptmalloc_init.part.0+54    : c_addi a5, 16              : IntAlu :  D=0x000000000006fd08  flags=(IsInteger)
 563103: board.processor.cores.core: A0 T0 : 0x2063e @ptmalloc_init.part.0+56    : bne a5, a4, -6             : IntAlu :   flags=(IsInteger|IsControl|IsDirectControl|IsCondControl)
 563436: board.processor.cores.core: A0 T0 : 0x20638 @ptmalloc_init.part.0+50    : c_sd a5, 24(a5)            : MemWrite :  D=0x000000000006fd08 A=0x6fd20  flags=(IsInteger|IsStore)
 563769: board.processor.cores.core: A0 T0 : 0x2063a @ptmalloc_init.part.0+52    : c_sd a5, 16(a5)            : MemWrite :  D=0x000000000006fd08 A=0x6fd18  flags=(IsInteger|IsStore)
 564102: board.processor.cores.core: A0 T0 : 0x2063c @ptmalloc_init.part.0+54    : c_addi a5, 16              : IntAlu :  D=0x000000000006fd18  flags=(IsInteger)
 564768: board.processor.cores.core: A0 T0 : 0x2063e @ptmalloc_init.part.0+56    : bne a5, a4, -6             : IntAlu :   flags=(IsInteger|IsControl|IsDirectControl|IsCondControl)
 565101: board.processor.cores.core: A0 T0 : 0x20638 @ptmalloc_init.part.0+50    : c_sd a5, 24(a5)            : MemWrite :  D=0x000000000006fd18 A=0x6fd30  flags=(IsInteger|IsStore)
 565434: board.processor.cores.core: A0 T0 : 0x2063a @ptmalloc_init.part.0+52    : c_sd a5, 16(a5)            : MemWrite :  D=0x000000000006fd18 A=0x6fd28  flags=(IsInteger|IsStore)
 565767: board.processor.cores.core: A0 T0 : 0x2063c @ptmalloc_init.part.0+54    : c_addi a5, 16              : IntAlu :  D=0x000000000006fd28  flags=(IsInteger)
 566433: board.processor.cores.core: A0 T0 : 0x2063e @ptmalloc_init.part.0+56    : bne a5, a4, -6             : IntAlu :   flags=(IsInteger|IsControl|IsDirectControl|IsCondControl)
 566766: board.processor.cores.core: A0 T0 : 0x20638 @ptmalloc_init.part.0+50    : c_sd a5, 24(a5)            : MemWrite :  D=0x000000000006fd28 A=0x6fd40  flags=(IsInteger|IsStore)
 567099: board.processor.cores.core: A0 T0 : 0x2063a @ptmalloc_init.part.0+52    : c_sd a5, 16(a5)            : MemWrite :  D=0x000000000006fd28 A=0x6fd38  flags=(IsInteger|IsStore)
 567432: board.processor.cores.core: A0 T0 : 0x2063c @ptmalloc_init.part.0+54    : c_addi a5, 16              : IntAlu :  D=0x000000000006fd38  flags=(IsInteger)
 568098: board.processor.cores.core: A0 T0 : 0x2063e @ptmalloc_init.part.0+56    : bne a5, a4, -6             : IntAlu :   flags=(IsInteger|IsControl|IsDirectControl|IsCondControl)
 568431: board.processor.cores.core: A0 T0 : 0x20638 @ptmalloc_init.part.0+50    : c_sd a5, 24(a5)            : MemWrite :  D=0x000000000006fd38 A=0x6fd50  flags=(IsInteger|IsStore)
 568764: board.processor.cores.core: A0 T0 : 0x2063a @ptmalloc_init.part.0+52    : c_sd a5, 16(a5)            : MemWrite :  D=0x000000000006fd38 A=0x6fd48  flags=(IsInteger|IsStore)
 569097: board.processor.cores.core: A0 T0 : 0x2063c @ptmalloc_init.part.0+54    : c_addi a5, 16              : IntAlu :  D=0x000000000006fd48  flags=(IsInteger)
 569763: board.processor.cores.core: A0 T0 : 0x2063e @ptmalloc_init.part.0+56    : bne a5, a4, -6             : IntAlu :   flags=(IsInteger|IsControl|IsDirectControl|IsCondControl)
 570096: board.processor.cores.core: A0 T0 : 0x20638 @ptmalloc_init.part.0+50    : c_sd a5, 24(a5)            : MemWrite :  D=0x000000000006fd48 A=0x6fd60  flags=(IsInteger|IsStore)
 570429: board.processor.cores.core: A0 T0 : 0x2063a @ptmalloc_init.part.0+52    : c_sd a5, 16(a5)            : MemWrite :  D=0x000000000006fd48 A=0x6fd58  flags=(IsInteger|IsStore)
 570762: board.processor.cores.core: A0 T0 : 0x2063c @ptmalloc_init.part.0+54    : c_addi a5, 16              : IntAlu :  D=0x000000000006fd58  flags=(IsInteger)
 571428: board.processor.cores.core: A0 T0 : 0x2063e @ptmalloc_init.part.0+56    : bne a5, a4, -6             : IntAlu :   flags=(IsInteger|IsControl|IsDirectControl|IsCondControl)
 571761: board.processor.cores.core: A0 T0 : 0x20638 @ptmalloc_init.part.0+50    : c_sd a5, 24(a5)            : MemWrite :  D=0x000000000006fd58 A=0x6fd70  flags=(IsInteger|IsStore)
 572094: board.processor.cores.core: A0 T0 : 0x2063a @ptmalloc_init.part.0+52    : c_sd a5, 16(a5)            : MemWrite :  D=0x000000000006fd58 A=0x6fd68  flags=(IsInteger|IsStore)
 572427: board.processor.cores.core: A0 T0 : 0x2063c @ptmalloc_init.part.0+54    : c_addi a5, 16              : IntAlu :  D=0x000000000006fd68  flags=(IsInteger)
 573093: board.processor.cores.core: A0 T0 : 0x2063e @ptmalloc_init.part.0+56    : bne a5, a4, -6             : IntAlu :   flags=(IsInteger|IsControl|IsDirectControl|IsCondControl)
 573426: board.processor.cores.core: A0 T0 : 0x20638 @ptmalloc_init.part.0+50    : c_sd a5, 24(a5)            : MemWrite :  D=0x000000000006fd68 A=0x6fd80  flags=(IsInteger|IsStore)
 573759: board.processor.cores.core: A0 T0 : 0x2063a @ptmalloc_init.part.0+52    : c_sd a5, 16(a5)            : MemWrite :  D=0x000000000006fd68 A=0x6fd78  flags=(IsInteger|IsStore)
 574092: board.processor.cores.core: A0 T0 : 0x2063c @ptmalloc_init.part.0+54    : c_addi a5, 16              : IntAlu :  D=0x000000000006fd78  flags=(IsInteger)
 574758: board.processor.cores.core: A0 T0 : 0x2063e @ptmalloc_init.part.0+56    : bne a5, a4, -6             : IntAlu :   flags=(IsInteger|IsControl|IsDirectControl|IsCondControl)
 575091: board.processor.cores.core: A0 T0 : 0x20638 @ptmalloc_init.part.0+50    : c_sd a5, 24(a5)            : MemWrite :  D=0x000000000006fd78 A=0x6fd90  flags=(IsInteger|IsStore)
 575424: board.processor.cores.core: A0 T0 : 0x2063a @ptmalloc_init.part.0+52    : c_sd a5, 16(a5)            : MemWrite :  D=0x000000000006fd78 A=0x6fd88  flags=(IsInteger|IsStore)
 575757: board.processor.cores.core: A0 T0 : 0x2063c @ptmalloc_init.part.0+54    : c_addi a5, 16              : IntAlu :  D=0x000000000006fd88  flags=(IsInteger)
 576423: board.processor.cores.core: A0 T0 : 0x2063e @ptmalloc_init.part.0+56    : bne a5, a4, -6             : IntAlu :   flags=(IsInteger|IsControl|IsDirectControl|IsCondControl)
 576756: board.processor.cores.core: A0 T0 : 0x20638 @ptmalloc_init.part.0+50    : c_sd a5, 24(a5)            : MemWrite :  D=0x000000000006fd88 A=0x6fda0  flags=(IsInteger|IsStore)
 577089: board.processor.cores.core: A0 T0 : 0x2063a @ptmalloc_init.part.0+52    : c_sd a5, 16(a5)            : MemWrite :  D=0x000000000006fd88 A=0x6fd98  flags=(IsInteger|IsStore)
 577422: board.processor.cores.core: A0 T0 : 0x2063c @ptmalloc_init.part.0+54    : c_addi a5, 16              : IntAlu :  D=0x000000000006fd98  flags=(IsInteger)
 578088: board.processor.cores.core: A0 T0 : 0x2063e @ptmalloc_init.part.0+56    : bne a5, a4, -6             : IntAlu :   flags=(IsInteger|IsControl|IsDirectControl|IsCondControl)
 578421: board.processor.cores.core: A0 T0 : 0x20638 @ptmalloc_init.part.0+50    : c_sd a5, 24(a5)            : MemWrite :  D=0x000000000006fd98 A=0x6fdb0  flags=(IsInteger|IsStore)
 578754: board.processor.cores.core: A0 T0 : 0x2063a @ptmalloc_init.part.0+52    : c_sd a5, 16(a5)            : MemWrite :  D=0x000000000006fd98 A=0x6fda8  flags=(IsInteger|IsStore)
 579087: board.processor.cores.core: A0 T0 : 0x2063c @ptmalloc_init.part.0+54    : c_addi a5, 16              : IntAlu :  D=0x000000000006fda8  flags=(IsInteger)
 579753: board.processor.cores.core: A0 T0 : 0x2063e @ptmalloc_init.part.0+56    : bne a5, a4, -6             : IntAlu :   flags=(IsInteger|IsControl|IsDirectControl|IsCondControl)
 580086: board.processor.cores.core: A0 T0 : 0x20638 @ptmalloc_init.part.0+50    : c_sd a5, 24(a5)            : MemWrite :  D=0x000000000006fda8 A=0x6fdc0  flags=(IsInteger|IsStore)
 580419: board.processor.cores.core: A0 T0 : 0x2063a @ptmalloc_init.part.0+52    : c_sd a5, 16(a5)            : MemWrite :  D=0x000000000006fda8 A=0x6fdb8  flags=(IsInteger|IsStore)
 580752: board.processor.cores.core: A0 T0 : 0x2063c @ptmalloc_init.part.0+54    : c_addi a5, 16              : IntAlu :  D=0x000000000006fdb8  flags=(IsInteger)
 581418: board.processor.cores.core: A0 T0 : 0x2063e @ptmalloc_init.part.0+56    : bne a5, a4, -6             : IntAlu :   flags=(IsInteger|IsControl|IsDirectControl|IsCondControl)
 581751: board.processor.cores.core: A0 T0 : 0x20638 @ptmalloc_init.part.0+50    : c_sd a5, 24(a5)            : MemWrite :  D=0x000000000006fdb8 A=0x6fdd0  flags=(IsInteger|IsStore)
 582084: board.processor.cores.core: A0 T0 : 0x2063a @ptmalloc_init.part.0+52    : c_sd a5, 16(a5)            : MemWrite :  D=0x000000000006fdb8 A=0x6fdc8  flags=(IsInteger|IsStore)
 582417: board.processor.cores.core: A0 T0 : 0x2063c @ptmalloc_init.part.0+54    : c_addi a5, 16              : IntAlu :  D=0x000000000006fdc8  flags=(IsInteger)
 583083: board.processor.cores.core: A0 T0 : 0x2063e @ptmalloc_init.part.0+56    : bne a5, a4, -6             : IntAlu :   flags=(IsInteger|IsControl|IsDirectControl|IsCondControl)
 583416: board.processor.cores.core: A0 T0 : 0x20638 @ptmalloc_init.part.0+50    : c_sd a5, 24(a5)            : MemWrite :  D=0x000000000006fdc8 A=0x6fde0  flags=(IsInteger|IsStore)
 583749: board.processor.cores.core: A0 T0 : 0x2063a @ptmalloc_init.part.0+52    : c_sd a5, 16(a5)            : MemWrite :  D=0x000000000006fdc8 A=0x6fdd8  flags=(IsInteger|IsStore)
 584082: board.processor.cores.core: A0 T0 : 0x2063c @ptmalloc_init.part.0+54    : c_addi a5, 16              : IntAlu :  D=0x000000000006fdd8  flags=(IsInteger)
 584748: board.processor.cores.core: A0 T0 : 0x2063e @ptmalloc_init.part.0+56    : bne a5, a4, -6             : IntAlu :   flags=(IsInteger|IsControl|IsDirectControl|IsCondControl)
 585081: board.processor.cores.core: A0 T0 : 0x20638 @ptmalloc_init.part.0+50    : c_sd a5, 24(a5)            : MemWrite :  D=0x000000000006fdd8 A=0x6fdf0  flags=(IsInteger|IsStore)
 585414: board.processor.cores.core: A0 T0 : 0x2063a @ptmalloc_init.part.0+52    : c_sd a5, 16(a5)            : MemWrite :  D=0x000000000006fdd8 A=0x6fde8  flags=(IsInteger|IsStore)
 585747: board.processor.cores.core: A0 T0 : 0x2063c @ptmalloc_init.part.0+54    : c_addi a5, 16              : IntAlu :  D=0x000000000006fde8  flags=(IsInteger)
 586413: board.processor.cores.core: A0 T0 : 0x2063e @ptmalloc_init.part.0+56    : bne a5, a4, -6             : IntAlu :   flags=(IsInteger|IsControl|IsDirectControl|IsCondControl)
 586746: board.processor.cores.core: A0 T0 : 0x20638 @ptmalloc_init.part.0+50    : c_sd a5, 24(a5)            : MemWrite :  D=0x000000000006fde8 A=0x6fe00  flags=(IsInteger|IsStore)
 587079: board.processor.cores.core: A0 T0 : 0x2063a @ptmalloc_init.part.0+52    : c_sd a5, 16(a5)            : MemWrite :  D=0x000000000006fde8 A=0x6fdf8  flags=(IsInteger|IsStore)
 587412: board.processor.cores.core: A0 T0 : 0x2063c @ptmalloc_init.part.0+54    : c_addi a5, 16              : IntAlu :  D=0x000000000006fdf8  flags=(IsInteger)
 588078: board.processor.cores.core: A0 T0 : 0x2063e @ptmalloc_init.part.0+56    : bne a5, a4, -6             : IntAlu :   flags=(IsInteger|IsControl|IsDirectControl|IsCondControl)
 588411: board.processor.cores.core: A0 T0 : 0x20638 @ptmalloc_init.part.0+50    : c_sd a5, 24(a5)            : MemWrite :  D=0x000000000006fdf8 A=0x6fe10  flags=(IsInteger|IsStore)
 588744: board.processor.cores.core: A0 T0 : 0x2063a @ptmalloc_init.part.0+52    : c_sd a5, 16(a5)            : MemWrite :  D=0x000000000006fdf8 A=0x6fe08  flags=(IsInteger|IsStore)
 589077: board.processor.cores.core: A0 T0 : 0x2063c @ptmalloc_init.part.0+54    : c_addi a5, 16              : IntAlu :  D=0x000000000006fe08  flags=(IsInteger)
 589743: board.processor.cores.core: A0 T0 : 0x2063e @ptmalloc_init.part.0+56    : bne a5, a4, -6             : IntAlu :   flags=(IsInteger|IsControl|IsDirectControl|IsCondControl)
 590076: board.processor.cores.core: A0 T0 : 0x20638 @ptmalloc_init.part.0+50    : c_sd a5, 24(a5)            : MemWrite :  D=0x000000000006fe08 A=0x6fe20  flags=(IsInteger|IsStore)
 590409: board.processor.cores.core: A0 T0 : 0x2063a @ptmalloc_init.part.0+52    : c_sd a5, 16(a5)            : MemWrite :  D=0x000000000006fe08 A=0x6fe18  flags=(IsInteger|IsStore)
 590742: board.processor.cores.core: A0 T0 : 0x2063c @ptmalloc_init.part.0+54    : c_addi a5, 16              : IntAlu :  D=0x000000000006fe18  flags=(IsInteger)
 591408: board.processor.cores.core: A0 T0 : 0x2063e @ptmalloc_init.part.0+56    : bne a5, a4, -6             : IntAlu :   flags=(IsInteger|IsControl|IsDirectControl|IsCondControl)
 592074: board.processor.cores.core: A0 T0 : 0x20642 @ptmalloc_init.part.0+60    : addi a4, ft0, 128          : IntAlu :  D=0x0000000000000080  flags=(IsInteger)
 592740: board.processor.cores.core: A0 T0 : 0x20646 @ptmalloc_init.part.0+64    : sd a4, -1264(gp)           : MemWrite :  D=0x0000000000000080 A=0x70bd8  flags=(IsInteger|IsStore)
 593406: board.processor.cores.core: A0 T0 : 0x2064a @ptmalloc_init.part.0+68    : lui a5, 111                : IntAlu :  D=0x000000000006f000  flags=(IsInteger)
 594072: board.processor.cores.core: A0 T0 : 0x2064e @ptmalloc_init.part.0+72    : addi a5, a5, 1488          : IntAlu :  D=0x000000000006f5d0  flags=(IsInteger)
 594738: board.processor.cores.core: A0 T0 : 0x20652 @ptmalloc_init.part.0+76    : amoswap_w zero, zero, (a5)
 594738: board.processor.cores.core: A0 T0 : 0x20652 @ptmalloc_init.part.0+76. 0 : amoswap_w[l] ft0, ft0, (a5) : MemRead :  D=0x0000000000000000 A=0x6f5d0  flags=(IsInteger|IsAtomic|IsMicroop|IsLastMicroop|IsFirstMicroop)
 595404: board.processor.cores.core: A0 T0 : 0x20656 @ptmalloc_init.part.0+80    : lui a2, 31                 : IntAlu :  D=0x000000000001f000  flags=(IsInteger)
 595737: board.processor.cores.core: A0 T0 : 0x2065a @ptmalloc_init.part.0+84    : c_addi4spn a1, sp, 8       : IntAlu :  D=0x7fffffffffffec58  flags=(IsInteger)
 596070: board.processor.cores.core: A0 T0 : 0x2065c @ptmalloc_init.part.0+86    : addi a2, a2, -790          : IntAlu :  D=0x000000000001ecea  flags=(IsInteger)
 596403: board.processor.cores.core: A0 T0 : 0x20660 @ptmalloc_init.part.0+90    : c_li a0, 22                : IntAlu :  D=0x0000000000000016  flags=(IsInteger)
 597069: board.processor.cores.core: A0 T0 : 0x20662 @ptmalloc_init.part.0+92    : sd a6, 96(a3)              : MemWrite :  D=0x000000000006f628 A=0x6f628  flags=(IsInteger|IsStore)
 597735: board.processor.cores.core: A0 T0 : 0x20666 @ptmalloc_init.part.0+96    : jal ra, 28574              : IntAlu :  D=0x000000000002066a  flags=(IsInteger|IsControl|IsDirectControl|IsUncondControl|IsCall)
 598068: board.processor.cores.core: A0 T0 : 0x27604 @__tunable_get_val    : slli a4, a0, 32            : IntAlu :  D=0x0000001600000000  flags=(IsInteger)
 598401: board.processor.cores.core: A0 T0 : 0x27608 @__tunable_get_val+4    : c_srli a4, 32              : IntAlu :  D=0x0000000000000016  flags=(IsInteger)
 599067: board.processor.cores.core: A0 T0 : 0x2760a @__tunable_get_val+6    : slli a5, a4, 3             : IntAlu :  D=0x00000000000000b0  flags=(IsInteger)
 599400: board.processor.cores.core: A0 T0 : 0x2760e @__tunable_get_val+10    : c_sub a5, a4               : IntAlu :  D=0x000000000000009a  flags=(IsInteger)
 599733: board.processor.cores.core: A0 T0 : 0x27610 @__tunable_get_val+12    : lui a0, 110                : IntAlu :  D=0x000000000006e000  flags=(IsInteger)
 600066: board.processor.cores.core: A0 T0 : 0x27614 @__tunable_get_val+16    : addi a0, a0, 1416          : IntAlu :  D=0x000000000006e588  flags=(IsInteger)
 600399: board.processor.cores.core: A0 T0 : 0x27618 @__tunable_get_val+20    : c_slli a5, 4               : IntAlu :  D=0x00000000000009a0  flags=(IsInteger)
 600732: board.processor.cores.core: A0 T0 : 0x2761a @__tunable_get_val+22    : c_add a5, a0               : IntAlu :  D=0x000000000006ef28  flags=(IsInteger)
 601065: board.processor.cores.core: A0 T0 : 0x2761c @__tunable_get_val+24    : c_lw a3, 48(a5)            : MemRead :  D=0x0000000000000000 A=0x6ef58  flags=(IsInteger|IsLoad)
 601398: board.processor.cores.core: A0 T0 : 0x2761e @__tunable_get_val+26    : c_li a6, 2                 : IntAlu :  D=0x0000000000000002  flags=(IsInteger)
 601731: board.processor.cores.core: A0 T0 : 0x27620 @__tunable_get_val+28    : c_ld a5, 72(a5)            : MemRead :  D=0x0000000000000000 A=0x6ef70  flags=(IsInteger|IsLoad)
 602397: board.processor.cores.core: A0 T0 : 0x27622 @__tunable_get_val+30    : bltu a6, a3, 38            : IntAlu :   flags=(IsInteger|IsControl|IsDirectControl|IsCondControl)
 602730: board.processor.cores.core: A0 T0 : 0x27626 @__tunable_get_val+34    : c_bnez a3, 34              : IntAlu :   flags=(IsInteger|IsControl|IsDirectControl|IsCondControl)
 603063: board.processor.cores.core: A0 T0 : 0x27628 @__tunable_get_val+36    : c_sw a5, 0(a1)             : MemWrite :  D=0x0000000000000000 A=0x7fffffffffffec58  flags=(IsInteger|IsStore)
 603729: board.processor.cores.core: A0 T0 : 0x2762a @__tunable_get_val+38    : slli a5, a4, 3             : IntAlu :  D=0x00000000000000b0  flags=(IsInteger)
 604062: board.processor.cores.core: A0 T0 : 0x2762e @__tunable_get_val+42    : c_sub a5, a4               : IntAlu :  D=0x000000000000009a  flags=(IsInteger)
 604395: board.processor.cores.core: A0 T0 : 0x27630 @__tunable_get_val+44    : c_slli a5, 4               : IntAlu :  D=0x00000000000009a0  flags=(IsInteger)
 605061: board.processor.cores.core: A0 T0 : 0x27632 @__tunable_get_val+46    : add a4, a0, a5             : IntAlu :  D=0x000000000006ef28  flags=(IsInteger)
 605727: board.processor.cores.core: A0 T0 : 0x27636 @__tunable_get_val+50    : lbu a4, 80(a4)             : MemRead :  D=0x0000000000000000 A=0x6ef78  flags=(IsInteger|IsLoad)
 606060: board.processor.cores.core: A0 T0 : 0x2763a @__tunable_get_val+54    : c_beqz a4, 12              : IntAlu :   flags=(IsInteger|IsControl|IsDirectControl|IsCondControl)
 606393: board.processor.cores.core: A0 T0 : 0x27646 @__tunable_get_val+66    : c_jr ra                    : IntAlu :   flags=(IsInteger|IsControl|IsIndirectControl|IsUncondControl|IsReturn)
 607059: board.processor.cores.core: A0 T0 : 0x2066a @ptmalloc_init.part.0+100    : lui a2, 30                 : IntAlu :  D=0x000000000001e000  flags=(IsInteger)
 607392: board.processor.cores.core: A0 T0 : 0x2066e @ptmalloc_init.part.0+104    : c_addi4spn a1, sp, 8       : IntAlu :  D=0x7fffffffffffec58  flags=(IsInteger)
 607725: board.processor.cores.core: A0 T0 : 0x20670 @ptmalloc_init.part.0+106    : addi a2, a2, 1462          : IntAlu :  D=0x000000000001e5b6  flags=(IsInteger)
 608058: board.processor.cores.core: A0 T0 : 0x20674 @ptmalloc_init.part.0+110    : c_li a0, 9                 : IntAlu :  D=0x0000000000000009  flags=(IsInteger)
 608724: board.processor.cores.core: A0 T0 : 0x20676 @ptmalloc_init.part.0+112    : jal ra, 28558              : IntAlu :  D=0x000000000002067a  flags=(IsInteger|IsControl|IsDirectControl|IsUncondControl|IsCall)
 609057: board.processor.cores.core: A0 T0 : 0x27604 @__tunable_get_val    : slli a4, a0, 32            : IntAlu :  D=0x0000000900000000  flags=(IsInteger)
 609390: board.processor.cores.core: A0 T0 : 0x27608 @__tunable_get_val+4    : c_srli a4, 32              : IntAlu :  D=0x0000000000000009  flags=(IsInteger)
 610056: board.processor.cores.core: A0 T0 : 0x2760a @__tunable_get_val+6    : slli a5, a4, 3             : IntAlu :  D=0x0000000000000048  flags=(IsInteger)
 610389: board.processor.cores.core: A0 T0 : 0x2760e @__tunable_get_val+10    : c_sub a5, a4               : IntAlu :  D=0x000000000000003f  flags=(IsInteger)
 610722: board.processor.cores.core: A0 T0 : 0x27610 @__tunable_get_val+12    : lui a0, 110                : IntAlu :  D=0x000000000006e000  flags=(IsInteger)
 611055: board.processor.cores.core: A0 T0 : 0x27614 @__tunable_get_val+16    : addi a0, a0, 1416          : IntAlu :  D=0x000000000006e588  flags=(IsInteger)
 611388: board.processor.cores.core: A0 T0 : 0x27618 @__tunable_get_val+20    : c_slli a5, 4               : IntAlu :  D=0x00000000000003f0  flags=(IsInteger)
 611721: board.processor.cores.core: A0 T0 : 0x2761a @__tunable_get_val+22    : c_add a5, a0               : IntAlu :  D=0x000000000006e978  flags=(IsInteger)
 612054: board.processor.cores.core: A0 T0 : 0x2761c @__tunable_get_val+24    : c_lw a3, 48(a5)            : MemRead :  D=0x0000000000000002 A=0x6e9a8  flags=(IsInteger|IsLoad)
 612387: board.processor.cores.core: A0 T0 : 0x2761e @__tunable_get_val+26    : c_li a6, 2                 : IntAlu :  D=0x0000000000000002  flags=(IsInteger)
 612720: board.processor.cores.core: A0 T0 : 0x27620 @__tunable_get_val+28    : c_ld a5, 72(a5)            : MemRead :  D=0x0000000000000000 A=0x6e9c0  flags=(IsInteger|IsLoad)
 613386: board.processor.cores.core: A0 T0 : 0x27622 @__tunable_get_val+30    : bltu a6, a3, 38            : IntAlu :   flags=(IsInteger|IsControl|IsDirectControl|IsCondControl)
 613719: board.processor.cores.core: A0 T0 : 0x27626 @__tunable_get_val+34    : c_bnez a3, 34              : IntAlu :   flags=(IsInteger|IsControl|IsDirectControl|IsCondControl)
 614052: board.processor.cores.core: A0 T0 : 0x27648 @__tunable_get_val+68    : c_sd a5, 0(a1)             : MemWrite :  D=0x0000000000000000 A=0x7fffffffffffec58  flags=(IsInteger|IsStore)
 614385: board.processor.cores.core: A0 T0 : 0x2764a @__tunable_get_val+70    : c_j -32                    : IntAlu :   flags=(IsControl|IsDirectControl|IsUncondControl)
 615051: board.processor.cores.core: A0 T0 : 0x2762a @__tunable_get_val+38    : slli a5, a4, 3             : IntAlu :  D=0x0000000000000048  flags=(IsInteger)
 615384: board.processor.cores.core: A0 T0 : 0x2762e @__tunable_get_val+42    : c_sub a5, a4               : IntAlu :  D=0x000000000000003f  flags=(IsInteger)
 615717: board.processor.cores.core: A0 T0 : 0x27630 @__tunable_get_val+44    : c_slli a5, 4               : IntAlu :  D=0x00000000000003f0  flags=(IsInteger)
 616383: board.processor.cores.core: A0 T0 : 0x27632 @__tunable_get_val+46    : add a4, a0, a5             : IntAlu :  D=0x000000000006e978  flags=(IsInteger)
 617049: board.processor.cores.core: A0 T0 : 0x27636 @__tunable_get_val+50    : lbu a4, 80(a4)             : MemRead :  D=0x0000000000000000 A=0x6e9c8  flags=(IsInteger|IsLoad)
 617382: board.processor.cores.core: A0 T0 : 0x2763a @__tunable_get_val+54    : c_beqz a4, 12              : IntAlu :   flags=(IsInteger|IsControl|IsDirectControl|IsCondControl)
 617715: board.processor.cores.core: A0 T0 : 0x27646 @__tunable_get_val+66    : c_jr ra                    : IntAlu :   flags=(IsInteger|IsControl|IsIndirectControl|IsUncondControl|IsReturn)
 618381: board.processor.cores.core: A0 T0 : 0x2067a @ptmalloc_init.part.0+116    : lui a2, 30                 : IntAlu :  D=0x000000000001e000  flags=(IsInteger)
 618714: board.processor.cores.core: A0 T0 : 0x2067e @ptmalloc_init.part.0+120    : c_addi4spn a1, sp, 8       : IntAlu :  D=0x7fffffffffffec58  flags=(IsInteger)
 619047: board.processor.cores.core: A0 T0 : 0x20680 @ptmalloc_init.part.0+122    : addi a2, a2, 1480          : IntAlu :  D=0x000000000001e5c8  flags=(IsInteger)
 619380: board.processor.cores.core: A0 T0 : 0x20684 @ptmalloc_init.part.0+126    : c_li a0, 3                 : IntAlu :  D=0x0000000000000003  flags=(IsInteger)
 620046: board.processor.cores.core: A0 T0 : 0x20686 @ptmalloc_init.part.0+128    : jal ra, 28542              : IntAlu :  D=0x000000000002068a  flags=(IsInteger|IsControl|IsDirectControl|IsUncondControl|IsCall)
 620379: board.processor.cores.core: A0 T0 : 0x27604 @__tunable_get_val    : slli a4, a0, 32            : IntAlu :  D=0x0000000300000000  flags=(IsInteger)
 620712: board.processor.cores.core: A0 T0 : 0x27608 @__tunable_get_val+4    : c_srli a4, 32              : IntAlu :  D=0x0000000000000003  flags=(IsInteger)
 621378: board.processor.cores.core: A0 T0 : 0x2760a @__tunable_get_val+6    : slli a5, a4, 3             : IntAlu :  D=0x0000000000000018  flags=(IsInteger)
 621711: board.processor.cores.core: A0 T0 : 0x2760e @__tunable_get_val+10    : c_sub a5, a4               : IntAlu :  D=0x0000000000000015  flags=(IsInteger)
 622044: board.processor.cores.core: A0 T0 : 0x27610 @__tunable_get_val+12    : lui a0, 110                : IntAlu :  D=0x000000000006e000  flags=(IsInteger)
 622377: board.processor.cores.core: A0 T0 : 0x27614 @__tunable_get_val+16    : addi a0, a0, 1416          : IntAlu :  D=0x000000000006e588  flags=(IsInteger)
 622710: board.processor.cores.core: A0 T0 : 0x27618 @__tunable_get_val+20    : c_slli a5, 4               : IntAlu :  D=0x0000000000000150  flags=(IsInteger)
 623043: board.processor.cores.core: A0 T0 : 0x2761a @__tunable_get_val+22    : c_add a5, a0               : IntAlu :  D=0x000000000006e6d8  flags=(IsInteger)
 623376: board.processor.cores.core: A0 T0 : 0x2761c @__tunable_get_val+24    : c_lw a3, 48(a5)            : MemRead :  D=0x0000000000000000 A=0x6e708  flags=(IsInteger|IsLoad)
 623709: board.processor.cores.core: A0 T0 : 0x2761e @__tunable_get_val+26    : c_li a6, 2                 : IntAlu :  D=0x0000000000000002  flags=(IsInteger)
 624042: board.processor.cores.core: A0 T0 : 0x27620 @__tunable_get_val+28    : c_ld a5, 72(a5)            : MemRead :  D=0x0000000000000000 A=0x6e720  flags=(IsInteger|IsLoad)
 624708: board.processor.cores.core: A0 T0 : 0x27622 @__tunable_get_val+30    : bltu a6, a3, 38            : IntAlu :   flags=(IsInteger|IsControl|IsDirectControl|IsCondControl)
 625041: board.processor.cores.core: A0 T0 : 0x27626 @__tunable_get_val+34    : c_bnez a3, 34              : IntAlu :   flags=(IsInteger|IsControl|IsDirectControl|IsCondControl)
 625374: board.processor.cores.core: A0 T0 : 0x27628 @__tunable_get_val+36    : c_sw a5, 0(a1)             : MemWrite :  D=0x0000000000000000 A=0x7fffffffffffec58  flags=(IsInteger|IsStore)
 626040: board.processor.cores.core: A0 T0 : 0x2762a @__tunable_get_val+38    : slli a5, a4, 3             : IntAlu :  D=0x0000000000000018  flags=(IsInteger)
 626373: board.processor.cores.core: A0 T0 : 0x2762e @__tunable_get_val+42    : c_sub a5, a4               : IntAlu :  D=0x0000000000000015  flags=(IsInteger)
 626706: board.processor.cores.core: A0 T0 : 0x27630 @__tunable_get_val+44    : c_slli a5, 4               : IntAlu :  D=0x0000000000000150  flags=(IsInteger)
 627372: board.processor.cores.core: A0 T0 : 0x27632 @__tunable_get_val+46    : add a4, a0, a5             : IntAlu :  D=0x000000000006e6d8  flags=(IsInteger)
 628038: board.processor.cores.core: A0 T0 : 0x27636 @__tunable_get_val+50    : lbu a4, 80(a4)             : MemRead :  D=0x0000000000000000 A=0x6e728  flags=(IsInteger|IsLoad)
 628371: board.processor.cores.core: A0 T0 : 0x2763a @__tunable_get_val+54    : c_beqz a4, 12              : IntAlu :   flags=(IsInteger|IsControl|IsDirectControl|IsCondControl)
 628704: board.processor.cores.core: A0 T0 : 0x27646 @__tunable_get_val+66    : c_jr ra                    : IntAlu :   flags=(IsInteger|IsControl|IsIndirectControl|IsUncondControl|IsReturn)
 629370: board.processor.cores.core: A0 T0 : 0x2068a @ptmalloc_init.part.0+132    : lui a2, 30                 : IntAlu :  D=0x000000000001e000  flags=(IsInteger)
 629703: board.processor.cores.core: A0 T0 : 0x2068e @ptmalloc_init.part.0+136    : c_addi4spn a1, sp, 8       : IntAlu :  D=0x7fffffffffffec58  flags=(IsInteger)
 630036: board.processor.cores.core: A0 T0 : 0x20690 @ptmalloc_init.part.0+138    : addi a2, a2, 1416          : IntAlu :  D=0x000000000001e588  flags=(IsInteger)
 630369: board.processor.cores.core: A0 T0 : 0x20694 @ptmalloc_init.part.0+142    : c_li a0, 16                : IntAlu :  D=0x0000000000000010  flags=(IsInteger)
 631035: board.processor.cores.core: A0 T0 : 0x20696 @ptmalloc_init.part.0+144    : jal ra, 28526              : IntAlu :  D=0x000000000002069a  flags=(IsInteger|IsControl|IsDirectControl|IsUncondControl|IsCall)
 631368: board.processor.cores.core: A0 T0 : 0x27604 @__tunable_get_val    : slli a4, a0, 32            : IntAlu :  D=0x0000001000000000  flags=(IsInteger)
 631701: board.processor.cores.core: A0 T0 : 0x27608 @__tunable_get_val+4    : c_srli a4, 32              : IntAlu :  D=0x0000000000000010  flags=(IsInteger)
 632367: board.processor.cores.core: A0 T0 : 0x2760a @__tunable_get_val+6    : slli a5, a4, 3             : IntAlu :  D=0x0000000000000080  flags=(IsInteger)
 632700: board.processor.cores.core: A0 T0 : 0x2760e @__tunable_get_val+10    : c_sub a5, a4               : IntAlu :  D=0x0000000000000070  flags=(IsInteger)
 633033: board.processor.cores.core: A0 T0 : 0x27610 @__tunable_get_val+12    : lui a0, 110                : IntAlu :  D=0x000000000006e000  flags=(IsInteger)
 633366: board.processor.cores.core: A0 T0 : 0x27614 @__tunable_get_val+16    : addi a0, a0, 1416          : IntAlu :  D=0x000000000006e588  flags=(IsInteger)
 633699: board.processor.cores.core: A0 T0 : 0x27618 @__tunable_get_val+20    : c_slli a5, 4               : IntAlu :  D=0x0000000000000700  flags=(IsInteger)
 634032: board.processor.cores.core: A0 T0 : 0x2761a @__tunable_get_val+22    : c_add a5, a0               : IntAlu :  D=0x000000000006ec88  flags=(IsInteger)
 634365: board.processor.cores.core: A0 T0 : 0x2761c @__tunable_get_val+24    : c_lw a3, 48(a5)            : MemRead :  D=0x0000000000000002 A=0x6ecb8  flags=(IsInteger|IsLoad)
 634698: board.processor.cores.core: A0 T0 : 0x2761e @__tunable_get_val+26    : c_li a6, 2                 : IntAlu :  D=0x0000000000000002  flags=(IsInteger)
 635031: board.processor.cores.core: A0 T0 : 0x27620 @__tunable_get_val+28    : c_ld a5, 72(a5)            : MemRead :  D=0x0000000000000000 A=0x6ecd0  flags=(IsInteger|IsLoad)
 635697: board.processor.cores.core: A0 T0 : 0x27622 @__tunable_get_val+30    : bltu a6, a3, 38            : IntAlu :   flags=(IsInteger|IsControl|IsDirectControl|IsCondControl)
 636030: board.processor.cores.core: A0 T0 : 0x27626 @__tunable_get_val+34    : c_bnez a3, 34              : IntAlu :   flags=(IsInteger|IsControl|IsDirectControl|IsCondControl)
 636363: board.processor.cores.core: A0 T0 : 0x27648 @__tunable_get_val+68    : c_sd a5, 0(a1)             : MemWrite :  D=0x0000000000000000 A=0x7fffffffffffec58  flags=(IsInteger|IsStore)
 636696: board.processor.cores.core: A0 T0 : 0x2764a @__tunable_get_val+70    : c_j -32                    : IntAlu :   flags=(IsControl|IsDirectControl|IsUncondControl)
 637362: board.processor.cores.core: A0 T0 : 0x2762a @__tunable_get_val+38    : slli a5, a4, 3             : IntAlu :  D=0x0000000000000080  flags=(IsInteger)
 637695: board.processor.cores.core: A0 T0 : 0x2762e @__tunable_get_val+42    : c_sub a5, a4               : IntAlu :  D=0x0000000000000070  flags=(IsInteger)
 638028: board.processor.cores.core: A0 T0 : 0x27630 @__tunable_get_val+44    : c_slli a5, 4               : IntAlu :  D=0x0000000000000700  flags=(IsInteger)
 638694: board.processor.cores.core: A0 T0 : 0x27632 @__tunable_get_val+46    : add a4, a0, a5             : IntAlu :  D=0x000000000006ec88  flags=(IsInteger)
 639360: board.processor.cores.core: A0 T0 : 0x27636 @__tunable_get_val+50    : lbu a4, 80(a4)             : MemRead :  D=0x0000000000000000 A=0x6ecd8  flags=(IsInteger|IsLoad)
 639693: board.processor.cores.core: A0 T0 : 0x2763a @__tunable_get_val+54    : c_beqz a4, 12              : IntAlu :   flags=(IsInteger|IsControl|IsDirectControl|IsCondControl)
 640026: board.processor.cores.core: A0 T0 : 0x27646 @__tunable_get_val+66    : c_jr ra                    : IntAlu :   flags=(IsInteger|IsControl|IsIndirectControl|IsUncondControl|IsReturn)
 640692: board.processor.cores.core: A0 T0 : 0x2069a @ptmalloc_init.part.0+148    : lui a2, 30                 : IntAlu :  D=0x000000000001e000  flags=(IsInteger)
 641025: board.processor.cores.core: A0 T0 : 0x2069e @ptmalloc_init.part.0+152    : c_addi4spn a1, sp, 8       : IntAlu :  D=0x7fffffffffffec58  flags=(IsInteger)
 641358: board.processor.cores.core: A0 T0 : 0x206a0 @ptmalloc_init.part.0+154    : addi a2, a2, 1488          : IntAlu :  D=0x000000000001e5d0  flags=(IsInteger)
 641691: board.processor.cores.core: A0 T0 : 0x206a4 @ptmalloc_init.part.0+158    : c_li a0, 2                 : IntAlu :  D=0x0000000000000002  flags=(IsInteger)
 642357: board.processor.cores.core: A0 T0 : 0x206a6 @ptmalloc_init.part.0+160    : jal ra, 28510              : IntAlu :  D=0x00000000000206aa  flags=(IsInteger|IsControl|IsDirectControl|IsUncondControl|IsCall)
 642690: board.processor.cores.core: A0 T0 : 0x27604 @__tunable_get_val    : slli a4, a0, 32            : IntAlu :  D=0x0000000200000000  flags=(IsInteger)
 643023: board.processor.cores.core: A0 T0 : 0x27608 @__tunable_get_val+4    : c_srli a4, 32              : IntAlu :  D=0x0000000000000002  flags=(IsInteger)
 643689: board.processor.cores.core: A0 T0 : 0x2760a @__tunable_get_val+6    : slli a5, a4, 3             : IntAlu :  D=0x0000000000000010  flags=(IsInteger)
 644022: board.processor.cores.core: A0 T0 : 0x2760e @__tunable_get_val+10    : c_sub a5, a4               : IntAlu :  D=0x000000000000000e  flags=(IsInteger)
 644355: board.processor.cores.core: A0 T0 : 0x27610 @__tunable_get_val+12    : lui a0, 110                : IntAlu :  D=0x000000000006e000  flags=(IsInteger)
 644688: board.processor.cores.core: A0 T0 : 0x27614 @__tunable_get_val+16    : addi a0, a0, 1416          : IntAlu :  D=0x000000000006e588  flags=(IsInteger)
 645021: board.processor.cores.core: A0 T0 : 0x27618 @__tunable_get_val+20    : c_slli a5, 4               : IntAlu :  D=0x00000000000000e0  flags=(IsInteger)
 645354: board.processor.cores.core: A0 T0 : 0x2761a @__tunable_get_val+22    : c_add a5, a0               : IntAlu :  D=0x000000000006e668  flags=(IsInteger)
 645687: board.processor.cores.core: A0 T0 : 0x2761c @__tunable_get_val+24    : c_lw a3, 48(a5)            : MemRead :  D=0x0000000000000002 A=0x6e698  flags=(IsInteger|IsLoad)
 646020: board.processor.cores.core: A0 T0 : 0x2761e @__tunable_get_val+26    : c_li a6, 2                 : IntAlu :  D=0x0000000000000002  flags=(IsInteger)
 646353: board.processor.cores.core: A0 T0 : 0x27620 @__tunable_get_val+28    : c_ld a5, 72(a5)            : MemRead :  D=0x0000000000000000 A=0x6e6b0  flags=(IsInteger|IsLoad)
 647019: board.processor.cores.core: A0 T0 : 0x27622 @__tunable_get_val+30    : bltu a6, a3, 38            : IntAlu :   flags=(IsInteger|IsControl|IsDirectControl|IsCondControl)
 647352: board.processor.cores.core: A0 T0 : 0x27626 @__tunable_get_val+34    : c_bnez a3, 34              : IntAlu :   flags=(IsInteger|IsControl|IsDirectControl|IsCondControl)
 647685: board.processor.cores.core: A0 T0 : 0x27648 @__tunable_get_val+68    : c_sd a5, 0(a1)             : MemWrite :  D=0x0000000000000000 A=0x7fffffffffffec58  flags=(IsInteger|IsStore)
 648018: board.processor.cores.core: A0 T0 : 0x2764a @__tunable_get_val+70    : c_j -32                    : IntAlu :   flags=(IsControl|IsDirectControl|IsUncondControl)
 648684: board.processor.cores.core: A0 T0 : 0x2762a @__tunable_get_val+38    : slli a5, a4, 3             : IntAlu :  D=0x0000000000000010  flags=(IsInteger)
 649017: board.processor.cores.core: A0 T0 : 0x2762e @__tunable_get_val+42    : c_sub a5, a4               : IntAlu :  D=0x000000000000000e  flags=(IsInteger)
 649350: board.processor.cores.core: A0 T0 : 0x27630 @__tunable_get_val+44    : c_slli a5, 4               : IntAlu :  D=0x00000000000000e0  flags=(IsInteger)
 650016: board.processor.cores.core: A0 T0 : 0x27632 @__tunable_get_val+46    : add a4, a0, a5             : IntAlu :  D=0x000000000006e668  flags=(IsInteger)
 650682: board.processor.cores.core: A0 T0 : 0x27636 @__tunable_get_val+50    : lbu a4, 80(a4)             : MemRead :  D=0x0000000000000000 A=0x6e6b8  flags=(IsInteger|IsLoad)
 651015: board.processor.cores.core: A0 T0 : 0x2763a @__tunable_get_val+54    : c_beqz a4, 12              : IntAlu :   flags=(IsInteger|IsControl|IsDirectControl|IsCondControl)
 651348: board.processor.cores.core: A0 T0 : 0x27646 @__tunable_get_val+66    : c_jr ra                    : IntAlu :   flags=(IsInteger|IsControl|IsIndirectControl|IsUncondControl|IsReturn)
 652014: board.processor.cores.core: A0 T0 : 0x206aa @ptmalloc_init.part.0+164    : lui a2, 30                 : IntAlu :  D=0x000000000001e000  flags=(IsInteger)
 652347: board.processor.cores.core: A0 T0 : 0x206ae @ptmalloc_init.part.0+168    : c_addi4spn a1, sp, 8       : IntAlu :  D=0x7fffffffffffec58  flags=(IsInteger)
 652680: board.processor.cores.core: A0 T0 : 0x206b0 @ptmalloc_init.part.0+170    : addi a2, a2, 1444          : IntAlu :  D=0x000000000001e5a4  flags=(IsInteger)
 653013: board.processor.cores.core: A0 T0 : 0x206b4 @ptmalloc_init.part.0+174    : c_li a0, 11                : IntAlu :  D=0x000000000000000b  flags=(IsInteger)
 653679: board.processor.cores.core: A0 T0 : 0x206b6 @ptmalloc_init.part.0+176    : jal ra, 28494              : IntAlu :  D=0x00000000000206ba  flags=(IsInteger|IsControl|IsDirectControl|IsUncondControl|IsCall)
 654012: board.processor.cores.core: A0 T0 : 0x27604 @__tunable_get_val    : slli a4, a0, 32            : IntAlu :  D=0x0000000b00000000  flags=(IsInteger)
 654345: board.processor.cores.core: A0 T0 : 0x27608 @__tunable_get_val+4    : c_srli a4, 32              : IntAlu :  D=0x000000000000000b  flags=(IsInteger)
 655011: board.processor.cores.core: A0 T0 : 0x2760a @__tunable_get_val+6    : slli a5, a4, 3             : IntAlu :  D=0x0000000000000058  flags=(IsInteger)
 655344: board.processor.cores.core: A0 T0 : 0x2760e @__tunable_get_val+10    : c_sub a5, a4               : IntAlu :  D=0x000000000000004d  flags=(IsInteger)
 655677: board.processor.cores.core: A0 T0 : 0x27610 @__tunable_get_val+12    : lui a0, 110                : IntAlu :  D=0x000000000006e000  flags=(IsInteger)
 656010: board.processor.cores.core: A0 T0 : 0x27614 @__tunable_get_val+16    : addi a0, a0, 1416          : IntAlu :  D=0x000000000006e588  flags=(IsInteger)
 656343: board.processor.cores.core: A0 T0 : 0x27618 @__tunable_get_val+20    : c_slli a5, 4               : IntAlu :  D=0x00000000000004d0  flags=(IsInteger)
 656676: board.processor.cores.core: A0 T0 : 0x2761a @__tunable_get_val+22    : c_add a5, a0               : IntAlu :  D=0x000000000006ea58  flags=(IsInteger)
 657009: board.processor.cores.core: A0 T0 : 0x2761c @__tunable_get_val+24    : c_lw a3, 48(a5)            : MemRead :  D=0x0000000000000000 A=0x6ea88  flags=(IsInteger|IsLoad)
 657342: board.processor.cores.core: A0 T0 : 0x2761e @__tunable_get_val+26    : c_li a6, 2                 : IntAlu :  D=0x0000000000000002  flags=(IsInteger)
 657675: board.processor.cores.core: A0 T0 : 0x27620 @__tunable_get_val+28    : c_ld a5, 72(a5)            : MemRead :  D=0x0000000000000000 A=0x6eaa0  flags=(IsInteger|IsLoad)
 658341: board.processor.cores.core: A0 T0 : 0x27622 @__tunable_get_val+30    : bltu a6, a3, 38            : IntAlu :   flags=(IsInteger|IsControl|IsDirectControl|IsCondControl)
 658674: board.processor.cores.core: A0 T0 : 0x27626 @__tunable_get_val+34    : c_bnez a3, 34              : IntAlu :   flags=(IsInteger|IsControl|IsDirectControl|IsCondControl)
 659007: board.processor.cores.core: A0 T0 : 0x27628 @__tunable_get_val+36    : c_sw a5, 0(a1)             : MemWrite :  D=0x0000000000000000 A=0x7fffffffffffec58  flags=(IsInteger|IsStore)
 659673: board.processor.cores.core: A0 T0 : 0x2762a @__tunable_get_val+38    : slli a5, a4, 3             : IntAlu :  D=0x0000000000000058  flags=(IsInteger)
 660006: board.processor.cores.core: A0 T0 : 0x2762e @__tunable_get_val+42    : c_sub a5, a4               : IntAlu :  D=0x000000000000004d  flags=(IsInteger)
 660339: board.processor.cores.core: A0 T0 : 0x27630 @__tunable_get_val+44    : c_slli a5, 4               : IntAlu :  D=0x00000000000004d0  flags=(IsInteger)
 661005: board.processor.cores.core: A0 T0 : 0x27632 @__tunable_get_val+46    : add a4, a0, a5             : IntAlu :  D=0x000000000006ea58  flags=(IsInteger)
 661671: board.processor.cores.core: A0 T0 : 0x27636 @__tunable_get_val+50    : lbu a4, 80(a4)             : MemRead :  D=0x0000000000000000 A=0x6eaa8  flags=(IsInteger|IsLoad)
 662004: board.processor.cores.core: A0 T0 : 0x2763a @__tunable_get_val+54    : c_beqz a4, 12              : IntAlu :   flags=(IsInteger|IsControl|IsDirectControl|IsCondControl)
 662337: board.processor.cores.core: A0 T0 : 0x27646 @__tunable_get_val+66    : c_jr ra                    : IntAlu :   flags=(IsInteger|IsControl|IsIndirectControl|IsUncondControl|IsReturn)
 663003: board.processor.cores.core: A0 T0 : 0x206ba @ptmalloc_init.part.0+180    : lui a2, 30                 : IntAlu :  D=0x000000000001e000  flags=(IsInteger)
 663336: board.processor.cores.core: A0 T0 : 0x206be @ptmalloc_init.part.0+184    : c_addi4spn a1, sp, 8       : IntAlu :  D=0x7fffffffffffec58  flags=(IsInteger)
 663669: board.processor.cores.core: A0 T0 : 0x206c0 @ptmalloc_init.part.0+186    : addi a2, a2, 1506          : IntAlu :  D=0x000000000001e5e2  flags=(IsInteger)
 664002: board.processor.cores.core: A0 T0 : 0x206c4 @ptmalloc_init.part.0+190    : c_li a0, 15                : IntAlu :  D=0x000000000000000f  flags=(IsInteger)
 664668: board.processor.cores.core: A0 T0 : 0x206c6 @ptmalloc_init.part.0+192    : jal ra, 28478              : IntAlu :  D=0x00000000000206ca  flags=(IsInteger|IsControl|IsDirectControl|IsUncondControl|IsCall)
 665001: board.processor.cores.core: A0 T0 : 0x27604 @__tunable_get_val    : slli a4, a0, 32            : IntAlu :  D=0x0000000f00000000  flags=(IsInteger)
 665334: board.processor.cores.core: A0 T0 : 0x27608 @__tunable_get_val+4    : c_srli a4, 32              : IntAlu :  D=0x000000000000000f  flags=(IsInteger)
 666000: board.processor.cores.core: A0 T0 : 0x2760a @__tunable_get_val+6    : slli a5, a4, 3             : IntAlu :  D=0x0000000000000078  flags=(IsInteger)
 666333: board.processor.cores.core: A0 T0 : 0x2760e @__tunable_get_val+10    : c_sub a5, a4               : IntAlu :  D=0x0000000000000069  flags=(IsInteger)
 666666: board.processor.cores.core: A0 T0 : 0x27610 @__tunable_get_val+12    : lui a0, 110                : IntAlu :  D=0x000000000006e000  flags=(IsInteger)
 666999: board.processor.cores.core: A0 T0 : 0x27614 @__tunable_get_val+16    : addi a0, a0, 1416          : IntAlu :  D=0x000000000006e588  flags=(IsInteger)
 667332: board.processor.cores.core: A0 T0 : 0x27618 @__tunable_get_val+20    : c_slli a5, 4               : IntAlu :  D=0x0000000000000690  flags=(IsInteger)
 667665: board.processor.cores.core: A0 T0 : 0x2761a @__tunable_get_val+22    : c_add a5, a0               : IntAlu :  D=0x000000000006ec18  flags=(IsInteger)
 667998: board.processor.cores.core: A0 T0 : 0x2761c @__tunable_get_val+24    : c_lw a3, 48(a5)            : MemRead :  D=0x0000000000000002 A=0x6ec48  flags=(IsInteger|IsLoad)
 668331: board.processor.cores.core: A0 T0 : 0x2761e @__tunable_get_val+26    : c_li a6, 2                 : IntAlu :  D=0x0000000000000002  flags=(IsInteger)
 668664: board.processor.cores.core: A0 T0 : 0x27620 @__tunable_get_val+28    : c_ld a5, 72(a5)            : MemRead :  D=0x0000000000000000 A=0x6ec60  flags=(IsInteger|IsLoad)
 669330: board.processor.cores.core: A0 T0 : 0x27622 @__tunable_get_val+30    : bltu a6, a3, 38            : IntAlu :   flags=(IsInteger|IsControl|IsDirectControl|IsCondControl)
 669663: board.processor.cores.core: A0 T0 : 0x27626 @__tunable_get_val+34    : c_bnez a3, 34              : IntAlu :   flags=(IsInteger|IsControl|IsDirectControl|IsCondControl)
 669996: board.processor.cores.core: A0 T0 : 0x27648 @__tunable_get_val+68    : c_sd a5, 0(a1)             : MemWrite :  D=0x0000000000000000 A=0x7fffffffffffec58  flags=(IsInteger|IsStore)
 670329: board.processor.cores.core: A0 T0 : 0x2764a @__tunable_get_val+70    : c_j -32                    : IntAlu :   flags=(IsControl|IsDirectControl|IsUncondControl)
 670995: board.processor.cores.core: A0 T0 : 0x2762a @__tunable_get_val+38    : slli a5, a4, 3             : IntAlu :  D=0x0000000000000078  flags=(IsInteger)
 671328: board.processor.cores.core: A0 T0 : 0x2762e @__tunable_get_val+42    : c_sub a5, a4               : IntAlu :  D=0x0000000000000069  flags=(IsInteger)
 671661: board.processor.cores.core: A0 T0 : 0x27630 @__tunable_get_val+44    : c_slli a5, 4               : IntAlu :  D=0x0000000000000690  flags=(IsInteger)
 672327: board.processor.cores.core: A0 T0 : 0x27632 @__tunable_get_val+46    : add a4, a0, a5             : IntAlu :  D=0x000000000006ec18  flags=(IsInteger)
 672993: board.processor.cores.core: A0 T0 : 0x27636 @__tunable_get_val+50    : lbu a4, 80(a4)             : MemRead :  D=0x0000000000000000 A=0x6ec68  flags=(IsInteger|IsLoad)
 673326: board.processor.cores.core: A0 T0 : 0x2763a @__tunable_get_val+54    : c_beqz a4, 12              : IntAlu :   flags=(IsInteger|IsControl|IsDirectControl|IsCondControl)
 673659: board.processor.cores.core: A0 T0 : 0x27646 @__tunable_get_val+66    : c_jr ra                    : IntAlu :   flags=(IsInteger|IsControl|IsIndirectControl|IsUncondControl|IsReturn)
 674325: board.processor.cores.core: A0 T0 : 0x206ca @ptmalloc_init.part.0+196    : lui a2, 30                 : IntAlu :  D=0x000000000001e000  flags=(IsInteger)
 674658: board.processor.cores.core: A0 T0 : 0x206ce @ptmalloc_init.part.0+200    : c_addi4spn a1, sp, 8       : IntAlu :  D=0x7fffffffffffec58  flags=(IsInteger)
 674991: board.processor.cores.core: A0 T0 : 0x206d0 @ptmalloc_init.part.0+202    : addi a2, a2, 1518          : IntAlu :  D=0x000000000001e5ee  flags=(IsInteger)
 675324: board.processor.cores.core: A0 T0 : 0x206d4 @ptmalloc_init.part.0+206    : c_li a0, 18                : IntAlu :  D=0x0000000000000012  flags=(IsInteger)
 675990: board.processor.cores.core: A0 T0 : 0x206d6 @ptmalloc_init.part.0+208    : jal ra, 28462              : IntAlu :  D=0x00000000000206da  flags=(IsInteger|IsControl|IsDirectControl|IsUncondControl|IsCall)
 676323: board.processor.cores.core: A0 T0 : 0x27604 @__tunable_get_val    : slli a4, a0, 32            : IntAlu :  D=0x0000001200000000  flags=(IsInteger)
 676656: board.processor.cores.core: A0 T0 : 0x27608 @__tunable_get_val+4    : c_srli a4, 32              : IntAlu :  D=0x0000000000000012  flags=(IsInteger)
 677322: board.processor.cores.core: A0 T0 : 0x2760a @__tunable_get_val+6    : slli a5, a4, 3             : IntAlu :  D=0x0000000000000090  flags=(IsInteger)
 677655: board.processor.cores.core: A0 T0 : 0x2760e @__tunable_get_val+10    : c_sub a5, a4               : IntAlu :  D=0x000000000000007e  flags=(IsInteger)
 677988: board.processor.cores.core: A0 T0 : 0x27610 @__tunable_get_val+12    : lui a0, 110                : IntAlu :  D=0x000000000006e000  flags=(IsInteger)
 678321: board.processor.cores.core: A0 T0 : 0x27614 @__tunable_get_val+16    : addi a0, a0, 1416          : IntAlu :  D=0x000000000006e588  flags=(IsInteger)
 678654: board.processor.cores.core: A0 T0 : 0x27618 @__tunable_get_val+20    : c_slli a5, 4               : IntAlu :  D=0x00000000000007e0  flags=(IsInteger)
 678987: board.processor.cores.core: A0 T0 : 0x2761a @__tunable_get_val+22    : c_add a5, a0               : IntAlu :  D=0x000000000006ed68  flags=(IsInteger)
 679320: board.processor.cores.core: A0 T0 : 0x2761c @__tunable_get_val+24    : c_lw a3, 48(a5)            : MemRead :  D=0x0000000000000002 A=0x6ed98  flags=(IsInteger|IsLoad)
 679653: board.processor.cores.core: A0 T0 : 0x2761e @__tunable_get_val+26    : c_li a6, 2                 : IntAlu :  D=0x0000000000000002  flags=(IsInteger)
 679986: board.processor.cores.core: A0 T0 : 0x27620 @__tunable_get_val+28    : c_ld a5, 72(a5)            : MemRead :  D=0x0000000000000000 A=0x6edb0  flags=(IsInteger|IsLoad)
 680652: board.processor.cores.core: A0 T0 : 0x27622 @__tunable_get_val+30    : bltu a6, a3, 38            : IntAlu :   flags=(IsInteger|IsControl|IsDirectControl|IsCondControl)
 680985: board.processor.cores.core: A0 T0 : 0x27626 @__tunable_get_val+34    : c_bnez a3, 34              : IntAlu :   flags=(IsInteger|IsControl|IsDirectControl|IsCondControl)
 681318: board.processor.cores.core: A0 T0 : 0x27648 @__tunable_get_val+68    : c_sd a5, 0(a1)             : MemWrite :  D=0x0000000000000000 A=0x7fffffffffffec58  flags=(IsInteger|IsStore)
 681651: board.processor.cores.core: A0 T0 : 0x2764a @__tunable_get_val+70    : c_j -32                    : IntAlu :   flags=(IsControl|IsDirectControl|IsUncondControl)
 682317: board.processor.cores.core: A0 T0 : 0x2762a @__tunable_get_val+38    : slli a5, a4, 3             : IntAlu :  D=0x0000000000000090  flags=(IsInteger)
 682650: board.processor.cores.core: A0 T0 : 0x2762e @__tunable_get_val+42    : c_sub a5, a4               : IntAlu :  D=0x000000000000007e  flags=(IsInteger)
 682983: board.processor.cores.core: A0 T0 : 0x27630 @__tunable_get_val+44    : c_slli a5, 4               : IntAlu :  D=0x00000000000007e0  flags=(IsInteger)
 683649: board.processor.cores.core: A0 T0 : 0x27632 @__tunable_get_val+46    : add a4, a0, a5             : IntAlu :  D=0x000000000006ed68  flags=(IsInteger)
 684315: board.processor.cores.core: A0 T0 : 0x27636 @__tunable_get_val+50    : lbu a4, 80(a4)             : MemRead :  D=0x0000000000000000 A=0x6edb8  flags=(IsInteger|IsLoad)
 684648: board.processor.cores.core: A0 T0 : 0x2763a @__tunable_get_val+54    : c_beqz a4, 12              : IntAlu :   flags=(IsInteger|IsControl|IsDirectControl|IsCondControl)
 684981: board.processor.cores.core: A0 T0 : 0x27646 @__tunable_get_val+66    : c_jr ra                    : IntAlu :   flags=(IsInteger|IsControl|IsIndirectControl|IsUncondControl|IsReturn)
 685647: board.processor.cores.core: A0 T0 : 0x206da @ptmalloc_init.part.0+212    : lui a2, 30                 : IntAlu :  D=0x000000000001e000  flags=(IsInteger)
 685980: board.processor.cores.core: A0 T0 : 0x206de @ptmalloc_init.part.0+216    : c_addi4spn a1, sp, 8       : IntAlu :  D=0x7fffffffffffec58  flags=(IsInteger)
 686313: board.processor.cores.core: A0 T0 : 0x206e0 @ptmalloc_init.part.0+218    : addi a2, a2, 1530          : IntAlu :  D=0x000000000001e5fa  flags=(IsInteger)
 686646: board.processor.cores.core: A0 T0 : 0x206e4 @ptmalloc_init.part.0+222    : c_li a0, 21                : IntAlu :  D=0x0000000000000015  flags=(IsInteger)
 687312: board.processor.cores.core: A0 T0 : 0x206e6 @ptmalloc_init.part.0+224    : jal ra, 28446              : IntAlu :  D=0x00000000000206ea  flags=(IsInteger|IsControl|IsDirectControl|IsUncondControl|IsCall)
 687645: board.processor.cores.core: A0 T0 : 0x27604 @__tunable_get_val    : slli a4, a0, 32            : IntAlu :  D=0x0000001500000000  flags=(IsInteger)
 687978: board.processor.cores.core: A0 T0 : 0x27608 @__tunable_get_val+4    : c_srli a4, 32              : IntAlu :  D=0x0000000000000015  flags=(IsInteger)
 688644: board.processor.cores.core: A0 T0 : 0x2760a @__tunable_get_val+6    : slli a5, a4, 3             : IntAlu :  D=0x00000000000000a8  flags=(IsInteger)
 688977: board.processor.cores.core: A0 T0 : 0x2760e @__tunable_get_val+10    : c_sub a5, a4               : IntAlu :  D=0x0000000000000093  flags=(IsInteger)
 689310: board.processor.cores.core: A0 T0 : 0x27610 @__tunable_get_val+12    : lui a0, 110                : IntAlu :  D=0x000000000006e000  flags=(IsInteger)
 689643: board.processor.cores.core: A0 T0 : 0x27614 @__tunable_get_val+16    : addi a0, a0, 1416          : IntAlu :  D=0x000000000006e588  flags=(IsInteger)
 689976: board.processor.cores.core: A0 T0 : 0x27618 @__tunable_get_val+20    : c_slli a5, 4               : IntAlu :  D=0x0000000000000930  flags=(IsInteger)
 690309: board.processor.cores.core: A0 T0 : 0x2761a @__tunable_get_val+22    : c_add a5, a0               : IntAlu :  D=0x000000000006eeb8  flags=(IsInteger)
 690642: board.processor.cores.core: A0 T0 : 0x2761c @__tunable_get_val+24    : c_lw a3, 48(a5)            : MemRead :  D=0x0000000000000002 A=0x6eee8  flags=(IsInteger|IsLoad)
 690975: board.processor.cores.core: A0 T0 : 0x2761e @__tunable_get_val+26    : c_li a6, 2                 : IntAlu :  D=0x0000000000000002  flags=(IsInteger)
 691308: board.processor.cores.core: A0 T0 : 0x27620 @__tunable_get_val+28    : c_ld a5, 72(a5)            : MemRead :  D=0x0000000000000000 A=0x6ef00  flags=(IsInteger|IsLoad)
 691974: board.processor.cores.core: A0 T0 : 0x27622 @__tunable_get_val+30    : bltu a6, a3, 38            : IntAlu :   flags=(IsInteger|IsControl|IsDirectControl|IsCondControl)
 692307: board.processor.cores.core: A0 T0 : 0x27626 @__tunable_get_val+34    : c_bnez a3, 34              : IntAlu :   flags=(IsInteger|IsControl|IsDirectControl|IsCondControl)
 692640: board.processor.cores.core: A0 T0 : 0x27648 @__tunable_get_val+68    : c_sd a5, 0(a1)             : MemWrite :  D=0x0000000000000000 A=0x7fffffffffffec58  flags=(IsInteger|IsStore)
 692973: board.processor.cores.core: A0 T0 : 0x2764a @__tunable_get_val+70    : c_j -32                    : IntAlu :   flags=(IsControl|IsDirectControl|IsUncondControl)
 693639: board.processor.cores.core: A0 T0 : 0x2762a @__tunable_get_val+38    : slli a5, a4, 3             : IntAlu :  D=0x00000000000000a8  flags=(IsInteger)
 693972: board.processor.cores.core: A0 T0 : 0x2762e @__tunable_get_val+42    : c_sub a5, a4               : IntAlu :  D=0x0000000000000093  flags=(IsInteger)
 694305: board.processor.cores.core: A0 T0 : 0x27630 @__tunable_get_val+44    : c_slli a5, 4               : IntAlu :  D=0x0000000000000930  flags=(IsInteger)
 694971: board.processor.cores.core: A0 T0 : 0x27632 @__tunable_get_val+46    : add a4, a0, a5             : IntAlu :  D=0x000000000006eeb8  flags=(IsInteger)
 695637: board.processor.cores.core: A0 T0 : 0x27636 @__tunable_get_val+50    : lbu a4, 80(a4)             : MemRead :  D=0x0000000000000000 A=0x6ef08  flags=(IsInteger|IsLoad)
 695970: board.processor.cores.core: A0 T0 : 0x2763a @__tunable_get_val+54    : c_beqz a4, 12              : IntAlu :   flags=(IsInteger|IsControl|IsDirectControl|IsCondControl)
 696303: board.processor.cores.core: A0 T0 : 0x27646 @__tunable_get_val+66    : c_jr ra                    : IntAlu :   flags=(IsInteger|IsControl|IsIndirectControl|IsUncondControl|IsReturn)
 696969: board.processor.cores.core: A0 T0 : 0x206ea @ptmalloc_init.part.0+228    : lui a2, 30                 : IntAlu :  D=0x000000000001e000  flags=(IsInteger)
 697302: board.processor.cores.core: A0 T0 : 0x206ee @ptmalloc_init.part.0+232    : c_addi4spn a1, sp, 8       : IntAlu :  D=0x7fffffffffffec58  flags=(IsInteger)
 697635: board.processor.cores.core: A0 T0 : 0x206f0 @ptmalloc_init.part.0+234    : addi a2, a2, 1576          : IntAlu :  D=0x000000000001e628  flags=(IsInteger)
 697968: board.processor.cores.core: A0 T0 : 0x206f4 @ptmalloc_init.part.0+238    : c_li a0, 17                : IntAlu :  D=0x0000000000000011  flags=(IsInteger)
 698634: board.processor.cores.core: A0 T0 : 0x206f6 @ptmalloc_init.part.0+240    : jal ra, 28430              : IntAlu :  D=0x00000000000206fa  flags=(IsInteger|IsControl|IsDirectControl|IsUncondControl|IsCall)
 698967: board.processor.cores.core: A0 T0 : 0x27604 @__tunable_get_val    : slli a4, a0, 32            : IntAlu :  D=0x0000001100000000  flags=(IsInteger)
 699300: board.processor.cores.core: A0 T0 : 0x27608 @__tunable_get_val+4    : c_srli a4, 32              : IntAlu :  D=0x0000000000000011  flags=(IsInteger)
 699966: board.processor.cores.core: A0 T0 : 0x2760a @__tunable_get_val+6    : slli a5, a4, 3             : IntAlu :  D=0x0000000000000088  flags=(IsInteger)
 700299: board.processor.cores.core: A0 T0 : 0x2760e @__tunable_get_val+10    : c_sub a5, a4               : IntAlu :  D=0x0000000000000077  flags=(IsInteger)
 700632: board.processor.cores.core: A0 T0 : 0x27610 @__tunable_get_val+12    : lui a0, 110                : IntAlu :  D=0x000000000006e000  flags=(IsInteger)
 700965: board.processor.cores.core: A0 T0 : 0x27614 @__tunable_get_val+16    : addi a0, a0, 1416          : IntAlu :  D=0x000000000006e588  flags=(IsInteger)
 701298: board.processor.cores.core: A0 T0 : 0x27618 @__tunable_get_val+20    : c_slli a5, 4               : IntAlu :  D=0x0000000000000770  flags=(IsInteger)
 701631: board.processor.cores.core: A0 T0 : 0x2761a @__tunable_get_val+22    : c_add a5, a0               : IntAlu :  D=0x000000000006ecf8  flags=(IsInteger)
 701964: board.processor.cores.core: A0 T0 : 0x2761c @__tunable_get_val+24    : c_lw a3, 48(a5)            : MemRead :  D=0x0000000000000002 A=0x6ed28  flags=(IsInteger|IsLoad)
 702297: board.processor.cores.core: A0 T0 : 0x2761e @__tunable_get_val+26    : c_li a6, 2                 : IntAlu :  D=0x0000000000000002  flags=(IsInteger)
 702630: board.processor.cores.core: A0 T0 : 0x27620 @__tunable_get_val+28    : c_ld a5, 72(a5)            : MemRead :  D=0x0000000000000000 A=0x6ed40  flags=(IsInteger|IsLoad)
 703296: board.processor.cores.core: A0 T0 : 0x27622 @__tunable_get_val+30    : bltu a6, a3, 38            : IntAlu :   flags=(IsInteger|IsControl|IsDirectControl|IsCondControl)
 703629: board.processor.cores.core: A0 T0 : 0x27626 @__tunable_get_val+34    : c_bnez a3, 34              : IntAlu :   flags=(IsInteger|IsControl|IsDirectControl|IsCondControl)
 703962: board.processor.cores.core: A0 T0 : 0x27648 @__tunable_get_val+68    : c_sd a5, 0(a1)             : MemWrite :  D=0x0000000000000000 A=0x7fffffffffffec58  flags=(IsInteger|IsStore)
 704295: board.processor.cores.core: A0 T0 : 0x2764a @__tunable_get_val+70    : c_j -32                    : IntAlu :   flags=(IsControl|IsDirectControl|IsUncondControl)
 704961: board.processor.cores.core: A0 T0 : 0x2762a @__tunable_get_val+38    : slli a5, a4, 3             : IntAlu :  D=0x0000000000000088  flags=(IsInteger)
 705294: board.processor.cores.core: A0 T0 : 0x2762e @__tunable_get_val+42    : c_sub a5, a4               : IntAlu :  D=0x0000000000000077  flags=(IsInteger)
 705627: board.processor.cores.core: A0 T0 : 0x27630 @__tunable_get_val+44    : c_slli a5, 4               : IntAlu :  D=0x0000000000000770  flags=(IsInteger)
 706293: board.processor.cores.core: A0 T0 : 0x27632 @__tunable_get_val+46    : add a4, a0, a5             : IntAlu :  D=0x000000000006ecf8  flags=(IsInteger)
 706959: board.processor.cores.core: A0 T0 : 0x27636 @__tunable_get_val+50    : lbu a4, 80(a4)             : MemRead :  D=0x0000000000000000 A=0x6ed48  flags=(IsInteger|IsLoad)
 707292: board.processor.cores.core: A0 T0 : 0x2763a @__tunable_get_val+54    : c_beqz a4, 12              : IntAlu :   flags=(IsInteger|IsControl|IsDirectControl|IsCondControl)
 707625: board.processor.cores.core: A0 T0 : 0x27646 @__tunable_get_val+66    : c_jr ra                    : IntAlu :   flags=(IsInteger|IsControl|IsIndirectControl|IsUncondControl|IsReturn)
 708291: board.processor.cores.core: A0 T0 : 0x206fa @ptmalloc_init.part.0+244    : lui a2, 30                 : IntAlu :  D=0x000000000001e000  flags=(IsInteger)
 708624: board.processor.cores.core: A0 T0 : 0x206fe @ptmalloc_init.part.0+248    : c_addi4spn a1, sp, 8       : IntAlu :  D=0x7fffffffffffec58  flags=(IsInteger)
 708957: board.processor.cores.core: A0 T0 : 0x20700 @ptmalloc_init.part.0+250    : addi a2, a2, 1596          : IntAlu :  D=0x000000000001e63c  flags=(IsInteger)
 709290: board.processor.cores.core: A0 T0 : 0x20704 @ptmalloc_init.part.0+254    : c_li a0, 13                : IntAlu :  D=0x000000000000000d  flags=(IsInteger)
 709956: board.processor.cores.core: A0 T0 : 0x20706 @ptmalloc_init.part.0+256    : jal ra, 28414              : IntAlu :  D=0x000000000002070a  flags=(IsInteger|IsControl|IsDirectControl|IsUncondControl|IsCall)
 710289: board.processor.cores.core: A0 T0 : 0x27604 @__tunable_get_val    : slli a4, a0, 32            : IntAlu :  D=0x0000000d00000000  flags=(IsInteger)
 710622: board.processor.cores.core: A0 T0 : 0x27608 @__tunable_get_val+4    : c_srli a4, 32              : IntAlu :  D=0x000000000000000d  flags=(IsInteger)
 711288: board.processor.cores.core: A0 T0 : 0x2760a @__tunable_get_val+6    : slli a5, a4, 3             : IntAlu :  D=0x0000000000000068  flags=(IsInteger)
 711621: board.processor.cores.core: A0 T0 : 0x2760e @__tunable_get_val+10    : c_sub a5, a4               : IntAlu :  D=0x000000000000005b  flags=(IsInteger)
 711954: board.processor.cores.core: A0 T0 : 0x27610 @__tunable_get_val+12    : lui a0, 110                : IntAlu :  D=0x000000000006e000  flags=(IsInteger)
 712287: board.processor.cores.core: A0 T0 : 0x27614 @__tunable_get_val+16    : addi a0, a0, 1416          : IntAlu :  D=0x000000000006e588  flags=(IsInteger)
 712620: board.processor.cores.core: A0 T0 : 0x27618 @__tunable_get_val+20    : c_slli a5, 4               : IntAlu :  D=0x00000000000005b0  flags=(IsInteger)
 712953: board.processor.cores.core: A0 T0 : 0x2761a @__tunable_get_val+22    : c_add a5, a0               : IntAlu :  D=0x000000000006eb38  flags=(IsInteger)
 713286: board.processor.cores.core: A0 T0 : 0x2761c @__tunable_get_val+24    : c_lw a3, 48(a5)            : MemRead :  D=0x0000000000000002 A=0x6eb68  flags=(IsInteger|IsLoad)
 713619: board.processor.cores.core: A0 T0 : 0x2761e @__tunable_get_val+26    : c_li a6, 2                 : IntAlu :  D=0x0000000000000002  flags=(IsInteger)
 713952: board.processor.cores.core: A0 T0 : 0x27620 @__tunable_get_val+28    : c_ld a5, 72(a5)            : MemRead :  D=0x0000000000000000 A=0x6eb80  flags=(IsInteger|IsLoad)
 714618: board.processor.cores.core: A0 T0 : 0x27622 @__tunable_get_val+30    : bltu a6, a3, 38            : IntAlu :   flags=(IsInteger|IsControl|IsDirectControl|IsCondControl)
 714951: board.processor.cores.core: A0 T0 : 0x27626 @__tunable_get_val+34    : c_bnez a3, 34              : IntAlu :   flags=(IsInteger|IsControl|IsDirectControl|IsCondControl)
 715284: board.processor.cores.core: A0 T0 : 0x27648 @__tunable_get_val+68    : c_sd a5, 0(a1)             : MemWrite :  D=0x0000000000000000 A=0x7fffffffffffec58  flags=(IsInteger|IsStore)
 715617: board.processor.cores.core: A0 T0 : 0x2764a @__tunable_get_val+70    : c_j -32                    : IntAlu :   flags=(IsControl|IsDirectControl|IsUncondControl)
 716283: board.processor.cores.core: A0 T0 : 0x2762a @__tunable_get_val+38    : slli a5, a4, 3             : IntAlu :  D=0x0000000000000068  flags=(IsInteger)
 716616: board.processor.cores.core: A0 T0 : 0x2762e @__tunable_get_val+42    : c_sub a5, a4               : IntAlu :  D=0x000000000000005b  flags=(IsInteger)
 716949: board.processor.cores.core: A0 T0 : 0x27630 @__tunable_get_val+44    : c_slli a5, 4               : IntAlu :  D=0x00000000000005b0  flags=(IsInteger)
 717615: board.processor.cores.core: A0 T0 : 0x27632 @__tunable_get_val+46    : add a4, a0, a5             : IntAlu :  D=0x000000000006eb38  flags=(IsInteger)
 718281: board.processor.cores.core: A0 T0 : 0x27636 @__tunable_get_val+50    : lbu a4, 80(a4)             : MemRead :  D=0x0000000000000000 A=0x6eb88  flags=(IsInteger|IsLoad)
 718614: board.processor.cores.core: A0 T0 : 0x2763a @__tunable_get_val+54    : c_beqz a4, 12              : IntAlu :   flags=(IsInteger|IsControl|IsDirectControl|IsCondControl)
 718947: board.processor.cores.core: A0 T0 : 0x27646 @__tunable_get_val+66    : c_jr ra                    : IntAlu :   flags=(IsInteger|IsControl|IsIndirectControl|IsUncondControl|IsReturn)
 719613: board.processor.cores.core: A0 T0 : 0x2070a @ptmalloc_init.part.0+260    : lui a2, 30                 : IntAlu :  D=0x000000000001e000  flags=(IsInteger)
 719946: board.processor.cores.core: A0 T0 : 0x2070e @ptmalloc_init.part.0+264    : c_addi4spn a1, sp, 8       : IntAlu :  D=0x7fffffffffffec58  flags=(IsInteger)
 720279: board.processor.cores.core: A0 T0 : 0x20710 @ptmalloc_init.part.0+266    : addi a2, a2, 1608          : IntAlu :  D=0x000000000001e648  flags=(IsInteger)
 720612: board.processor.cores.core: A0 T0 : 0x20714 @ptmalloc_init.part.0+270    : c_li a0, 7                 : IntAlu :  D=0x0000000000000007  flags=(IsInteger)
 721278: board.processor.cores.core: A0 T0 : 0x20716 @ptmalloc_init.part.0+272    : jal ra, 28398              : IntAlu :  D=0x000000000002071a  flags=(IsInteger|IsControl|IsDirectControl|IsUncondControl|IsCall)
 721611: board.processor.cores.core: A0 T0 : 0x27604 @__tunable_get_val    : slli a4, a0, 32            : IntAlu :  D=0x0000000700000000  flags=(IsInteger)
 721944: board.processor.cores.core: A0 T0 : 0x27608 @__tunable_get_val+4    : c_srli a4, 32              : IntAlu :  D=0x0000000000000007  flags=(IsInteger)
 722610: board.processor.cores.core: A0 T0 : 0x2760a @__tunable_get_val+6    : slli a5, a4, 3             : IntAlu :  D=0x0000000000000038  flags=(IsInteger)
 722943: board.processor.cores.core: A0 T0 : 0x2760e @__tunable_get_val+10    : c_sub a5, a4               : IntAlu :  D=0x0000000000000031  flags=(IsInteger)
 723276: board.processor.cores.core: A0 T0 : 0x27610 @__tunable_get_val+12    : lui a0, 110                : IntAlu :  D=0x000000000006e000  flags=(IsInteger)
 723609: board.processor.cores.core: A0 T0 : 0x27614 @__tunable_get_val+16    : addi a0, a0, 1416          : IntAlu :  D=0x000000000006e588  flags=(IsInteger)
 723942: board.processor.cores.core: A0 T0 : 0x27618 @__tunable_get_val+20    : c_slli a5, 4               : IntAlu :  D=0x0000000000000310  flags=(IsInteger)
 724275: board.processor.cores.core: A0 T0 : 0x2761a @__tunable_get_val+22    : c_add a5, a0               : IntAlu :  D=0x000000000006e898  flags=(IsInteger)
 724608: board.processor.cores.core: A0 T0 : 0x2761c @__tunable_get_val+24    : c_lw a3, 48(a5)            : MemRead :  D=0x0000000000000002 A=0x6e8c8  flags=(IsInteger|IsLoad)
 724941: board.processor.cores.core: A0 T0 : 0x2761e @__tunable_get_val+26    : c_li a6, 2                 : IntAlu :  D=0x0000000000000002  flags=(IsInteger)
 725274: board.processor.cores.core: A0 T0 : 0x27620 @__tunable_get_val+28    : c_ld a5, 72(a5)            : MemRead :  D=0x0000000000000000 A=0x6e8e0  flags=(IsInteger|IsLoad)
 725940: board.processor.cores.core: A0 T0 : 0x27622 @__tunable_get_val+30    : bltu a6, a3, 38            : IntAlu :   flags=(IsInteger|IsControl|IsDirectControl|IsCondControl)
 726273: board.processor.cores.core: A0 T0 : 0x27626 @__tunable_get_val+34    : c_bnez a3, 34              : IntAlu :   flags=(IsInteger|IsControl|IsDirectControl|IsCondControl)
 726606: board.processor.cores.core: A0 T0 : 0x27648 @__tunable_get_val+68    : c_sd a5, 0(a1)             : MemWrite :  D=0x0000000000000000 A=0x7fffffffffffec58  flags=(IsInteger|IsStore)
 726939: board.processor.cores.core: A0 T0 : 0x2764a @__tunable_get_val+70    : c_j -32                    : IntAlu :   flags=(IsControl|IsDirectControl|IsUncondControl)
 727605: board.processor.cores.core: A0 T0 : 0x2762a @__tunable_get_val+38    : slli a5, a4, 3             : IntAlu :  D=0x0000000000000038  flags=(IsInteger)
 727938: board.processor.cores.core: A0 T0 : 0x2762e @__tunable_get_val+42    : c_sub a5, a4               : IntAlu :  D=0x0000000000000031  flags=(IsInteger)
 728271: board.processor.cores.core: A0 T0 : 0x27630 @__tunable_get_val+44    : c_slli a5, 4               : IntAlu :  D=0x0000000000000310  flags=(IsInteger)
 728937: board.processor.cores.core: A0 T0 : 0x27632 @__tunable_get_val+46    : add a4, a0, a5             : IntAlu :  D=0x000000000006e898  flags=(IsInteger)
 729603: board.processor.cores.core: A0 T0 : 0x27636 @__tunable_get_val+50    : lbu a4, 80(a4)             : MemRead :  D=0x0000000000000000 A=0x6e8e8  flags=(IsInteger|IsLoad)
 729936: board.processor.cores.core: A0 T0 : 0x2763a @__tunable_get_val+54    : c_beqz a4, 12              : IntAlu :   flags=(IsInteger|IsControl|IsDirectControl|IsCondControl)
 730269: board.processor.cores.core: A0 T0 : 0x27646 @__tunable_get_val+66    : c_jr ra                    : IntAlu :   flags=(IsInteger|IsControl|IsIndirectControl|IsUncondControl|IsReturn)
 730602: board.processor.cores.core: A0 T0 : 0x2071a @ptmalloc_init.part.0+276    : c_li a5, 1                 : IntAlu :  D=0x0000000000000001  flags=(IsInteger)
 730935: board.processor.cores.core: A0 T0 : 0x2071c @ptmalloc_init.part.0+278    : c_ldsp ra, 24(sp)          : MemRead :  D=0x0000000000021db0 A=0x7fffffffffffec68  flags=(IsInteger|IsLoad)
 731601: board.processor.cores.core: A0 T0 : 0x2071e @ptmalloc_init.part.0+280    : sw a5, -1852(gp)           : MemWrite :  D=0x0000000000000001 A=0x7098c  flags=(IsInteger|IsStore)
 731934: board.processor.cores.core: A0 T0 : 0x20722 @ptmalloc_init.part.0+284    : c_ldsp s0, 16(sp)          : MemRead :  D=0x0000000000000001 A=0x7fffffffffffec60  flags=(IsInteger|IsLoad)
 732267: board.processor.cores.core: A0 T0 : 0x20724 @ptmalloc_init.part.0+286    : c_addi16sp sp, 32          : IntAlu :  D=0x7fffffffffffec70  flags=(IsInteger)
 732600: board.processor.cores.core: A0 T0 : 0x20726 @ptmalloc_init.part.0+288    : c_jr ra                    : IntAlu :   flags=(IsInteger|IsControl|IsIndirectControl|IsUncondControl|IsReturn)
 732933: board.processor.cores.core: A0 T0 : 0x21db0 @malloc_hook_ini+24    : c_ldsp a0, 8(sp)           : MemRead :  D=0x0000000000000069 A=0x7fffffffffffec78  flags=(IsInteger|IsLoad)
 733266: board.processor.cores.core: A0 T0 : 0x21db2 @malloc_hook_ini+26    : c_ldsp ra, 24(sp)          : MemRead :  D=0x0000000000040c00 A=0x7fffffffffffec88  flags=(IsInteger|IsLoad)
 733599: board.processor.cores.core: A0 T0 : 0x21db4 @malloc_hook_ini+28    : c_addi16sp sp, 32          : IntAlu :  D=0x7fffffffffffec90  flags=(IsInteger)
 733932: board.processor.cores.core: A0 T0 : 0x21db6 @malloc_hook_ini+30    : c_j -592                   : IntAlu :   flags=(IsControl|IsDirectControl|IsUncondControl)
 734598: board.processor.cores.core: A0 T0 : 0x21b66 @__libc_malloc    : ld a5, -1824(gp)           : MemRead :  D=0x0000000000000000 A=0x709a8  flags=(IsInteger|IsLoad)
 735264: board.processor.cores.core: A0 T0 : 0x21b6a @__libc_malloc+4    : bne a5, ft0, 336           : IntAlu :   flags=(IsInteger|IsControl|IsDirectControl|IsCondControl)
 735597: board.processor.cores.core: A0 T0 : 0x21b6e @__libc_malloc+8    : c_addi sp, -32             : IntAlu :  D=0x7fffffffffffec70  flags=(IsInteger)
 735930: board.processor.cores.core: A0 T0 : 0x21b70 @__libc_malloc+10    : c_sdsp s0, 16(sp)          : MemWrite :  D=0x0000000000000001 A=0x7fffffffffffec80  flags=(IsInteger|IsStore)
 736263: board.processor.cores.core: A0 T0 : 0x21b72 @__libc_malloc+12    : c_sdsp ra, 24(sp)          : MemWrite :  D=0x0000000000040c00 A=0x7fffffffffffec88  flags=(IsInteger|IsStore)
 736596: board.processor.cores.core: A0 T0 : 0x21b74 @__libc_malloc+14    : c_sdsp s1, 8(sp)           : MemWrite :  D=0x0000000000000067 A=0x7fffffffffffec78  flags=(IsInteger|IsStore)
 736929: board.processor.cores.core: A0 T0 : 0x21b76 @__libc_malloc+16    : c_sdsp s2, 0(sp)           : MemWrite :  D=0x7fffffffffffff18 A=0x7fffffffffffec70  flags=(IsInteger|IsStore)
 737262: board.processor.cores.core: A0 T0 : 0x21b78 @__libc_malloc+18    : c_mv s0, a0                : IntAlu :  D=0x0000000000000069  flags=(IsInteger)
 737928: board.processor.cores.core: A0 T0 : 0x21b7a @__libc_malloc+20    : blt a0, ft0, 290           : IntAlu :   flags=(IsInteger|IsControl|IsDirectControl|IsCondControl)
 738594: board.processor.cores.core: A0 T0 : 0x21b7e @__libc_malloc+24    : addi a5, a0, 23            : IntAlu :  D=0x0000000000000080  flags=(IsInteger)
 738927: board.processor.cores.core: A0 T0 : 0x21b82 @__libc_malloc+28    : c_li a4, 31                : IntAlu :  D=0x000000000000001f  flags=(IsInteger)
 739260: board.processor.cores.core: A0 T0 : 0x21b84 @__libc_malloc+30    : c_li s1, 0                 : IntAlu :  D=0x0000000000000000  flags=(IsInteger)
 739926: board.processor.cores.core: A0 T0 : 0x21b86 @__libc_malloc+32    : bltu a4, a5, 94            : IntAlu :   flags=(IsInteger|IsControl|IsDirectControl|IsCondControl)
 740259: board.processor.cores.core: A0 T0 : 0x21be4 @__libc_malloc+126    : c_andi a5, 18446744073709551600 : IntAlu :  D=0x0000000000000080  flags=(IsInteger)
 740592: board.processor.cores.core: A0 T0 : 0x21be6 @__libc_malloc+128    : c_addi a5, -17             : IntAlu :  D=0x000000000000006f  flags=(IsInteger)
 740925: board.processor.cores.core: A0 T0 : 0x21be8 @__libc_malloc+130    : srli s1, a5, 4             : IntAlu :  D=0x0000000000000006  flags=(IsInteger)
 741258: board.processor.cores.core: A0 T0 : 0x21bec @__libc_malloc+134    : c_j -98                    : IntAlu :   flags=(IsControl|IsDirectControl|IsUncondControl)
 741924: board.processor.cores.core: A0 T0 : 0x21b8a @__libc_malloc+36    : ld a5, 40(tp)              : MemRead :  D=0x0000000000000000 A=0x737c8  flags=(IsInteger|IsLoad)
 742257: board.processor.cores.core: A0 T0 : 0x21b8e @__libc_malloc+40    : c_beqz a5, 96              : IntAlu :   flags=(IsInteger|IsControl|IsDirectControl|IsCondControl)
 742923: board.processor.cores.core: A0 T0 : 0x21bee @__libc_malloc+136    : lbu a5, 48(tp)             : MemRead :  D=0x0000000000000000 A=0x737d0  flags=(IsInteger|IsLoad)
 743256: board.processor.cores.core: A0 T0 : 0x21bf2 @__libc_malloc+140    : c_bnez a5, -86             : IntAlu :   flags=(IsInteger|IsControl|IsDirectControl|IsCondControl)
 743589: board.processor.cores.core: A0 T0 : 0x21bf4 @__libc_malloc+142    : jal ra, -744               : IntAlu :  D=0x0000000000021bf8  flags=(IsInteger|IsControl|IsDirectControl|IsUncondControl|IsCall)
 743922: board.processor.cores.core: A0 T0 : 0x2190c @tcache_init.part.0    : auipc a5, 79               : IntAlu :  D=0x000000000007090c  flags=(IsInteger)
 744255: board.processor.cores.core: A0 T0 : 0x21910 @tcache_init.part.0+4    : ld a5, -252(a5)            : MemRead :  D=0x0000000000000038 A=0x70810  flags=(IsInteger|IsLoad)
 744588: board.processor.cores.core: A0 T0 : 0x21914 @tcache_init.part.0+8    : c_addi sp, -32             : IntAlu :  D=0x7fffffffffffec50  flags=(IsInteger)
 744921: board.processor.cores.core: A0 T0 : 0x21916 @tcache_init.part.0+10    : c_sdsp s0, 16(sp)          : MemWrite :  D=0x0000000000000069 A=0x7fffffffffffec60  flags=(IsInteger|IsStore)
 745254: board.processor.cores.core: A0 T0 : 0x21918 @tcache_init.part.0+12    : c_add a5, tp               : IntAlu :  D=0x00000000000737d8  flags=(IsInteger)
 745587: board.processor.cores.core: A0 T0 : 0x2191a @tcache_init.part.0+14    : c_ld s0, 0(a5)             : MemRead :  D=0x000000000006f5c8 A=0x737d8  flags=(IsInteger|IsLoad)
 745920: board.processor.cores.core: A0 T0 : 0x2191c @tcache_init.part.0+16    : c_sdsp ra, 24(sp)          : MemWrite :  D=0x0000000000021bf8 A=0x7fffffffffffec68  flags=(IsInteger|IsStore)
 746253: board.processor.cores.core: A0 T0 : 0x2191e @tcache_init.part.0+18    : c_sdsp s1, 8(sp)           : MemWrite :  D=0x0000000000000006 A=0x7fffffffffffec58  flags=(IsInteger|IsStore)
 746586: board.processor.cores.core: A0 T0 : 0x21920 @tcache_init.part.0+20    : c_beqz s0, 78              : IntAlu :   flags=(IsInteger|IsControl|IsDirectControl|IsCondControl)
 746919: board.processor.cores.core: A0 T0 : 0x21922 @tcache_init.part.0+22    : c_mv s1, s0                : IntAlu :  D=0x000000000006f5c8  flags=(IsInteger)
 747252: board.processor.cores.core: A0 T0 : 0x21924 @tcache_init.part.0+24    : c_li a4, 1                 : IntAlu :  D=0x0000000000000001  flags=(IsInteger)
 747918: board.processor.cores.core: A0 T0 : 0x21926 @tcache_init.part.0+26    : lr_w a5, (s0)             
 747918: board.processor.cores.core: A0 T0 : 0x21926 @tcache_init.part.0+26. 0 : lr_w a5, (s0)              : MemRead :  D=0x0000000000000000 A=0x6f5c8  flags=(IsInteger|IsLoad|IsMicroop|IsLastMicroop|IsFirstMicroop)
 748251: board.processor.cores.core: A0 T0 : 0x2192a @tcache_init.part.0+30    : c_bnez a5, 8               : IntAlu :   flags=(IsInteger|IsControl|IsDirectControl|IsCondControl)
 748584: board.processor.cores.core: A0 T0 : 0x2192c @tcache_init.part.0+32    : sc_w_aq a3, a4, (s0)      
 748584: board.processor.cores.core: A0 T0 : 0x2192c @tcache_init.part.0+32. 0 : sc_w a3, a4, (s0)          : MemWrite :  D=0x0000000000000000 A=0x6f5c8  flags=(IsInteger|IsStore|IsStoreConditional|IsMicroop|IsDelayedCommit|IsFirstMicroop)
 748917: board.processor.cores.core: A0 T0 : 0x2192c @tcache_init.part.0+32. 1 : 0x1ce426af fence           : No_OpClass :   flags=(IsWriteBarrier|IsReadBarrier|IsMicroop|IsLastMicroop)
 749250: board.processor.cores.core: A0 T0 : 0x21930 @tcache_init.part.0+36    : c_bnez a3, -10             : IntAlu :   flags=(IsInteger|IsControl|IsDirectControl|IsCondControl)
 749583: board.processor.cores.core: A0 T0 : 0x21932 @tcache_init.part.0+38    : c_addiw a5, 0              : IntAlu :  D=0x0000000000000000  flags=(IsInteger)
 749916: board.processor.cores.core: A0 T0 : 0x21934 @tcache_init.part.0+40    : c_bnez a5, 162             : IntAlu :   flags=(IsInteger|IsControl|IsDirectControl|IsCondControl)
 750582: board.processor.cores.core: A0 T0 : 0x21936 @tcache_init.part.0+42    : addi a1, ft0, 640          : IntAlu :  D=0x0000000000000280  flags=(IsInteger)
 750915: board.processor.cores.core: A0 T0 : 0x2193a @tcache_init.part.0+46    : c_mv a0, s0                : IntAlu :  D=0x000000000006f5c8  flags=(IsInteger)
 751248: board.processor.cores.core: A0 T0 : 0x2193c @tcache_init.part.0+48    : jal ra, -4628              : IntAlu :  D=0x0000000000021940  flags=(IsInteger|IsControl|IsDirectControl|IsUncondControl|IsCall)
 751581: board.processor.cores.core: A0 T0 : 0x20728 @_int_malloc    : c_addi16sp sp, -256        : IntAlu :  D=0x7fffffffffffeb50  flags=(IsInteger)
 751914: board.processor.cores.core: A0 T0 : 0x2072a @_int_malloc+2    : c_sdsp ra, 248(sp)         : MemWrite :  D=0x0000000000021940 A=0x7fffffffffffec48  flags=(IsInteger|IsStore)
 752247: board.processor.cores.core: A0 T0 : 0x2072c @_int_malloc+4    : c_sdsp s0, 240(sp)         : MemWrite :  D=0x000000000006f5c8 A=0x7fffffffffffec40  flags=(IsInteger|IsStore)
 752580: board.processor.cores.core: A0 T0 : 0x2072e @_int_malloc+6    : c_sdsp s1, 232(sp)         : MemWrite :  D=0x000000000006f5c8 A=0x7fffffffffffec38  flags=(IsInteger|IsStore)
 752913: board.processor.cores.core: A0 T0 : 0x20730 @_int_malloc+8    : c_sdsp s2, 224(sp)         : MemWrite :  D=0x7fffffffffffff18 A=0x7fffffffffffec30  flags=(IsInteger|IsStore)
 753246: board.processor.cores.core: A0 T0 : 0x20732 @_int_malloc+10    : c_sdsp s3, 216(sp)         : MemWrite :  D=0x0000000000000000 A=0x7fffffffffffec28  flags=(IsInteger|IsStore)
 753579: board.processor.cores.core: A0 T0 : 0x20734 @_int_malloc+12    : c_sdsp s4, 208(sp)         : MemWrite :  D=0x00000000000103b0 A=0x7fffffffffffec20  flags=(IsInteger|IsStore)
 753912: board.processor.cores.core: A0 T0 : 0x20736 @_int_malloc+14    : c_sdsp s5, 200(sp)         : MemWrite :  D=0x00000000ffffffff A=0x7fffffffffffec18  flags=(IsInteger|IsStore)
 754245: board.processor.cores.core: A0 T0 : 0x20738 @_int_malloc+16    : c_sdsp s6, 192(sp)         : MemWrite :  D=0x000000000000003a A=0x7fffffffffffec10  flags=(IsInteger|IsStore)
 754578: board.processor.cores.core: A0 T0 : 0x2073a @_int_malloc+18    : c_sdsp s7, 184(sp)         : MemWrite :  D=0x0000000000000000 A=0x7fffffffffffec08  flags=(IsInteger|IsStore)
 754911: board.processor.cores.core: A0 T0 : 0x2073c @_int_malloc+20    : c_sdsp s8, 176(sp)         : MemWrite :  D=0x0000000000000000 A=0x7fffffffffffec00  flags=(IsInteger|IsStore)
 755244: board.processor.cores.core: A0 T0 : 0x2073e @_int_malloc+22    : c_sdsp s9, 168(sp)         : MemWrite :  D=0x0000000000000000 A=0x7fffffffffffebf8  flags=(IsInteger|IsStore)
 755577: board.processor.cores.core: A0 T0 : 0x20740 @_int_malloc+24    : c_sdsp s10, 160(sp)        : MemWrite :  D=0x0000000000000000 A=0x7fffffffffffebf0  flags=(IsInteger|IsStore)
 755910: board.processor.cores.core: A0 T0 : 0x20742 @_int_malloc+26    : c_sdsp s11, 152(sp)        : MemWrite :  D=0x0000000000000000 A=0x7fffffffffffebe8  flags=(IsInteger|IsStore)
 756243: board.processor.cores.core: A0 T0 : 0x20744 @_int_malloc+28    : blt a1, ft0, 1160          : IntAlu :   flags=(IsInteger|IsControl|IsDirectControl|IsCondControl)
 756576: board.processor.cores.core: A0 T0 : 0x20748 @_int_malloc+32    : addi s0, a1, 23            : IntAlu :  D=0x0000000000000297  flags=(IsInteger)
 756909: board.processor.cores.core: A0 T0 : 0x2074c @_int_malloc+36    : c_li a5, 31                : IntAlu :  D=0x000000000000001f  flags=(IsInteger)
 757242: board.processor.cores.core: A0 T0 : 0x2074e @_int_malloc+38    : c_mv s2, a1                : IntAlu :  D=0x0000000000000280  flags=(IsInteger)
 757575: board.processor.cores.core: A0 T0 : 0x20750 @_int_malloc+40    : c_mv s1, a0                : IntAlu :  D=0x000000000006f5c8  flags=(IsInteger)
 758241: board.processor.cores.core: A0 T0 : 0x20752 @_int_malloc+42    : bltu a5, s0, 232           : IntAlu :   flags=(IsInteger|IsControl|IsDirectControl|IsCondControl)
 758574: board.processor.cores.core: A0 T0 : 0x2083a @_int_malloc+274    : c_andi s0, 18446744073709551600 : IntAlu :  D=0x0000000000000290  flags=(IsInteger)
 758907: board.processor.cores.core: A0 T0 : 0x2083c @_int_malloc+276    : beq a0, ft0, 1046          : IntAlu :   flags=(IsInteger|IsControl|IsDirectControl|IsCondControl)
 759240: board.processor.cores.core: A0 T0 : 0x20840 @_int_malloc+280    : ld a5, -1264(gp)           : MemRead :  D=0x0000000000000080 A=0x70bd8  flags=(IsInteger|IsLoad)
 759573: board.processor.cores.core: A0 T0 : 0x20844 @_int_malloc+284    : srliw a4, s0, 4            : IntAlu :  D=0x0000000000000029  flags=(IsInteger)
 759906: board.processor.cores.core: A0 T0 : 0x20848 @_int_malloc+288    : srliw s9, s0, 4            : IntAlu :  D=0x0000000000000029  flags=(IsInteger)
 760239: board.processor.cores.core: A0 T0 : 0x2084c @_int_malloc+292    : bgeu a5, s0, 446           : IntAlu :   flags=(IsInteger|IsControl|IsDirectControl|IsCondControl)
 760572: board.processor.cores.core: A0 T0 : 0x20850 @_int_malloc+296    : addi a5, ft0, 1023         : IntAlu :  D=0x00000000000003ff  flags=(IsInteger)
 760905: board.processor.cores.core: A0 T0 : 0x20854 @_int_malloc+300    : bgeu a5, s0, 1710          : IntAlu :   flags=(IsInteger|IsControl|IsDirectControl|IsCondControl)
 761571: board.processor.cores.core: A0 T0 : 0x20f02 @_int_malloc+2010    : addiw a5, a4, -1           : IntAlu :  D=0x0000000000000028  flags=(IsInteger)
 762237: board.processor.cores.core: A0 T0 : 0x20f06 @_int_malloc+2014    : slliw a5, a5, 1            : IntAlu :  D=0x0000000000000050  flags=(IsInteger)
 762570: board.processor.cores.core: A0 T0 : 0x20f0a @_int_malloc+2018    : c_slli a5, 32              : IntAlu :  D=0x0000005000000000  flags=(IsInteger)
 762903: board.processor.cores.core: A0 T0 : 0x20f0c @_int_malloc+2020    : c_srli a5, 32              : IntAlu :  D=0x0000000000000050  flags=(IsInteger)
 763236: board.processor.cores.core: A0 T0 : 0x20f0e @_int_malloc+2022    : c_addi a5, 14              : IntAlu :  D=0x000000000000005e  flags=(IsInteger)
 763569: board.processor.cores.core: A0 T0 : 0x20f10 @_int_malloc+2024    : c_slli a5, 3               : IntAlu :  D=0x00000000000002f0  flags=(IsInteger)
 764235: board.processor.cores.core: A0 T0 : 0x20f12 @_int_malloc+2026    : jal ft0, -1958             : IntAlu :  D=0x0000000000020f16  flags=(IsInteger|IsControl|IsDirectControl|IsUncondControl)
 764568: board.processor.cores.core: A0 T0 : 0x2076c @_int_malloc+68    : c_add a5, s1               : IntAlu :  D=0x000000000006f8b8  flags=(IsInteger)
 765234: board.processor.cores.core: A0 T0 : 0x2076e @_int_malloc+70    : ld s3, 8(a5)               : MemRead :  D=0x000000000006f8a8 A=0x6f8c0  flags=(IsInteger|IsLoad)
 765900: board.processor.cores.core: A0 T0 : 0x20772 @_int_malloc+74    : addi a3, a5, -16           : IntAlu :  D=0x000000000006f8a8  flags=(IsInteger)
 766566: board.processor.cores.core: A0 T0 : 0x20776 @_int_malloc+78    : beq a3, s3, 698            : IntAlu :   flags=(IsInteger|IsControl|IsDirectControl|IsCondControl)
 766899: board.processor.cores.core: A0 T0 : 0x20a30 @_int_malloc+776    : srli t1, s0, 9             : IntAlu :  D=0x0000000000000001  flags=(IsInteger)
 767232: board.processor.cores.core: A0 T0 : 0x20a34 @_int_malloc+780    : addiw a5, t1, 91           : IntAlu :  D=0x000000000000005c  flags=(IsInteger)
 767565: board.processor.cores.core: A0 T0 : 0x20a38 @_int_malloc+784    : srli s10, s0, 6            : IntAlu :  D=0x000000000000000a  flags=(IsInteger)
 767898: board.processor.cores.core: A0 T0 : 0x20a3c @_int_malloc+788    : c_sdsp a5, 96(sp)          : MemWrite :  D=0x000000000000005c A=0x7fffffffffffebb0  flags=(IsInteger|IsStore)
 768564: board.processor.cores.core: A0 T0 : 0x20a3e @_int_malloc+790    : addiw a5, s10, 48          : IntAlu :  D=0x000000000000003a  flags=(IsInteger)
 768897: board.processor.cores.core: A0 T0 : 0x20a42 @_int_malloc+794    : c_sdsp a5, 88(sp)          : MemWrite :  D=0x000000000000003a A=0x7fffffffffffeba8  flags=(IsInteger|IsStore)
 769230: board.processor.cores.core: A0 T0 : 0x20a44 @_int_malloc+796    : addi a5, ft0, 110          : IntAlu :  D=0x000000000000006e  flags=(IsInteger)
 769563: board.processor.cores.core: A0 T0 : 0x20a48 @_int_malloc+800    : c_sdsp a5, 136(sp)         : MemWrite :  D=0x000000000000006e A=0x7fffffffffffebd8  flags=(IsInteger|IsStore)
 770229: board.processor.cores.core: A0 T0 : 0x20a4a @_int_malloc+802    : addi a5, ft0, 119          : IntAlu :  D=0x0000000000000077  flags=(IsInteger)
 770562: board.processor.cores.core: A0 T0 : 0x20a4e @_int_malloc+806    : c_sdsp a5, 112(sp)         : MemWrite :  D=0x0000000000000077 A=0x7fffffffffffebc0  flags=(IsInteger|IsStore)
 770895: board.processor.cores.core: A0 T0 : 0x20a50 @_int_malloc+808    : addi a5, ft0, 124          : IntAlu :  D=0x000000000000007c  flags=(IsInteger)
 771228: board.processor.cores.core: A0 T0 : 0x20a54 @_int_malloc+812    : c_sdsp s9, 8(sp)           : MemWrite :  D=0x0000000000000029 A=0x7fffffffffffeb58  flags=(IsInteger|IsStore)
 771561: board.processor.cores.core: A0 T0 : 0x20a56 @_int_malloc+814    : c_sdsp a5, 120(sp)         : MemWrite :  D=0x000000000000007c A=0x7fffffffffffebc8  flags=(IsInteger|IsStore)
 771894: board.processor.cores.core: A0 T0 : 0x20a58 @_int_malloc+816    : c_sdsp ft0, 104(sp)        : MemWrite :  D=0x0000000000000000 A=0x7fffffffffffebb8  flags=(IsInteger|IsStore)
 772227: board.processor.cores.core: A0 T0 : 0x20a5a @_int_malloc+818    : c_sdsp ft0, 128(sp)        : MemWrite :  D=0x0000000000000000 A=0x7fffffffffffebd0  flags=(IsInteger|IsStore)
 772560: board.processor.cores.core: A0 T0 : 0x20a5c @_int_malloc+820    : ld a5, 40(tp)              : MemRead :  D=0x0000000000000000 A=0x737c8  flags=(IsInteger|IsLoad)
 772893: board.processor.cores.core: A0 T0 : 0x20a60 @_int_malloc+824    : addi s6, s0, -17           : IntAlu :  D=0x000000000000027f  flags=(IsInteger)
 773226: board.processor.cores.core: A0 T0 : 0x20a64 @_int_malloc+828    : srli s6, s6, 4             : IntAlu :  D=0x0000000000000027  flags=(IsInteger)
 773559: board.processor.cores.core: A0 T0 : 0x20a68 @_int_malloc+832    : c_li s5, 0                 : IntAlu :  D=0x0000000000000000  flags=(IsInteger)
 773892: board.processor.cores.core: A0 T0 : 0x20a6a @_int_malloc+834    : c_beqz a5, 22              : IntAlu :   flags=(IsInteger|IsControl|IsDirectControl|IsCondControl)
 774225: board.processor.cores.core: A0 T0 : 0x20a80 @_int_malloc+856    : lui a5, 111                : IntAlu :  D=0x000000000006f000  flags=(IsInteger)
 774558: board.processor.cores.core: A0 T0 : 0x20a84 @_int_malloc+860    : c_lui s11, 1               : IntAlu :  D=0x0000000000001000  flags=(IsInteger)
 775224: board.processor.cores.core: A0 T0 : 0x20a86 @_int_malloc+862    : lui s7, 111                : IntAlu :  D=0x000000000006f000  flags=(IsInteger)
 775890: board.processor.cores.core: A0 T0 : 0x20a8a @_int_malloc+866    : addi a5, a5, 1480          : IntAlu :  D=0x000000000006f5c8  flags=(IsInteger)
 776556: board.processor.cores.core: A0 T0 : 0x20a8e @_int_malloc+870    : addi s8, s1, 96            : IntAlu :  D=0x000000000006f628  flags=(IsInteger)
 776889: board.processor.cores.core: A0 T0 : 0x20a92 @_int_malloc+874    : c_li t5, 0                 : IntAlu :  D=0x0000000000000000  flags=(IsInteger)
 777222: board.processor.cores.core: A0 T0 : 0x20a94 @_int_malloc+876    : addi s7, s7, 1368          : IntAlu :  D=0x000000000006f558  flags=(IsInteger)
 777555: board.processor.cores.core: A0 T0 : 0x20a98 @_int_malloc+880    : add a7, s1, s11            : IntAlu :  D=0x00000000000705c8  flags=(IsInteger)
 777888: board.processor.cores.core: A0 T0 : 0x20a9c @_int_malloc+884    : c_sdsp a5, 64(sp)          : MemWrite :  D=0x000000000006f5c8 A=0x7fffffffffffeb90  flags=(IsInteger|IsStore)
 778221: board.processor.cores.core: A0 T0 : 0x20a9e @_int_malloc+886    : c_ld a5, 120(s1)           : MemRead :  D=0x000000000006f628 A=0x6f640  flags=(IsInteger|IsLoad)
 778554: board.processor.cores.core: A0 T0 : 0x20aa0 @_int_malloc+888    : beq a5, s8, 582            : IntAlu :   flags=(IsInteger|IsControl|IsDirectControl|IsCondControl)
 779220: board.processor.cores.core: A0 T0 : 0x20ce6 @_int_malloc+1470    : addi a5, ft0, 1023         : IntAlu :  D=0x00000000000003ff  flags=(IsInteger)
 779886: board.processor.cores.core: A0 T0 : 0x20cea @_int_malloc+1474    : bgeu a5, s0, 34            : IntAlu :   flags=(IsInteger|IsControl|IsDirectControl|IsCondControl)
 780219: board.processor.cores.core: A0 T0 : 0x20d0c @_int_malloc+1508    : c_ldsp a3, 8(sp)           : MemRead :  D=0x0000000000000029 A=0x7fffffffffffeb58  flags=(IsInteger|IsLoad)
 780552: board.processor.cores.core: A0 T0 : 0x20d0e @_int_malloc+1510    : c_li a0, 4                 : IntAlu :  D=0x0000000000000004  flags=(IsInteger)
 780885: board.processor.cores.core: A0 T0 : 0x20d10 @_int_malloc+1512    : addiw a4, a3, 1            : IntAlu :  D=0x000000000000002a  flags=(IsInteger)
 781218: board.processor.cores.core: A0 T0 : 0x20d14 @_int_malloc+1516    : slliw a3, a3, 1            : IntAlu :  D=0x0000000000000052  flags=(IsInteger)
 781551: board.processor.cores.core: A0 T0 : 0x20d18 @_int_malloc+1520    : srliw a5, a4, 5            : IntAlu :  D=0x0000000000000001  flags=(IsInteger)
 781884: board.processor.cores.core: A0 T0 : 0x20d1c @_int_malloc+1524    : c_addiw a3, 14             : IntAlu :  D=0x0000000000000060  flags=(IsInteger)
 782550: board.processor.cores.core: A0 T0 : 0x20d1e @_int_malloc+1526    : addi a5, a5, 536           : IntAlu :  D=0x0000000000000219  flags=(IsInteger)
 782883: board.processor.cores.core: A0 T0 : 0x20d22 @_int_malloc+1530    : c_slli a3, 32              : IntAlu :  D=0x0000006000000000  flags=(IsInteger)
 783216: board.processor.cores.core: A0 T0 : 0x20d24 @_int_malloc+1532    : c_slli a5, 2               : IntAlu :  D=0x0000000000000864  flags=(IsInteger)
 783549: board.processor.cores.core: A0 T0 : 0x20d26 @_int_malloc+1534    : c_srli a3, 32              : IntAlu :  D=0x0000000000000060  flags=(IsInteger)
 783882: board.processor.cores.core: A0 T0 : 0x20d28 @_int_malloc+1536    : c_add a5, s1               : IntAlu :  D=0x000000000006fe2c  flags=(IsInteger)
 784215: board.processor.cores.core: A0 T0 : 0x20d2a @_int_malloc+1538    : c_slli a3, 3               : IntAlu :  D=0x0000000000000300  flags=(IsInteger)
 784548: board.processor.cores.core: A0 T0 : 0x20d2c @_int_malloc+1540    : c_lw a2, 0(a5)             : MemRead :  D=0x0000000000000000 A=0x6fe2c  flags=(IsInteger|IsLoad)
 784881: board.processor.cores.core: A0 T0 : 0x20d2e @_int_malloc+1542    : c_addi a3, -16             : IntAlu :  D=0x00000000000002f0  flags=(IsInteger)
 785214: board.processor.cores.core: A0 T0 : 0x20d30 @_int_malloc+1544    : c_li a5, 1                 : IntAlu :  D=0x0000000000000001  flags=(IsInteger)
 785547: board.processor.cores.core: A0 T0 : 0x20d32 @_int_malloc+1546    : c_add a3, s1               : IntAlu :  D=0x000000000006f8b8  flags=(IsInteger)
 785880: board.processor.cores.core: A0 T0 : 0x20d34 @_int_malloc+1548    : srliw s3, a4, 5            : IntAlu :  D=0x0000000000000001  flags=(IsInteger)
 786213: board.processor.cores.core: A0 T0 : 0x20d38 @_int_malloc+1552    : sllw a5, a5, a4            : IntAlu :  D=0x0000000000000400  flags=(IsInteger)
 786546: board.processor.cores.core: A0 T0 : 0x20d3c @_int_malloc+1556    : bltu a2, a5, 162           : IntAlu :   flags=(IsInteger|IsControl|IsDirectControl|IsCondControl)
 787212: board.processor.cores.core: A0 T0 : 0x20dde @_int_malloc+1718    : addiw a5, s3, 1            : IntAlu :  D=0x0000000000000002  flags=(IsInteger)
 787878: board.processor.cores.core: A0 T0 : 0x20de2 @_int_malloc+1722    : addiw s3, a5, 0            : IntAlu :  D=0x0000000000000002  flags=(IsInteger)
 788544: board.processor.cores.core: A0 T0 : 0x20de6 @_int_malloc+1726    : bne s3, a0, -26            : IntAlu :   flags=(IsInteger|IsControl|IsDirectControl|IsCondControl)
 788877: board.processor.cores.core: A0 T0 : 0x20dcc @_int_malloc+1700    : c_slli a5, 32              : IntAlu :  D=0x0000000200000000  flags=(IsInteger)
 789210: board.processor.cores.core: A0 T0 : 0x20dce @_int_malloc+1702    : c_srli a5, 32              : IntAlu :  D=0x0000000000000002  flags=(IsInteger)
 789543: board.processor.cores.core: A0 T0 : 0x20dd0 @_int_malloc+1704    : addi a5, a5, 536           : IntAlu :  D=0x000000000000021a  flags=(IsInteger)
 789876: board.processor.cores.core: A0 T0 : 0x20dd4 @_int_malloc+1708    : c_slli a5, 2               : IntAlu :  D=0x0000000000000868  flags=(IsInteger)
 790209: board.processor.cores.core: A0 T0 : 0x20dd6 @_int_malloc+1710    : c_add a5, s1               : IntAlu :  D=0x000000000006fe30  flags=(IsInteger)
 790542: board.processor.cores.core: A0 T0 : 0x20dd8 @_int_malloc+1712    : c_lw a2, 0(a5)             : MemRead :  D=0x0000000000000000 A=0x6fe30  flags=(IsInteger|IsLoad)
 791208: board.processor.cores.core: A0 T0 : 0x20dda @_int_malloc+1714    : bne a2, ft0, 386           : IntAlu :   flags=(IsInteger|IsControl|IsDirectControl|IsCondControl)
 791874: board.processor.cores.core: A0 T0 : 0x20dde @_int_malloc+1718    : addiw a5, s3, 1            : IntAlu :  D=0x0000000000000003  flags=(IsInteger)
 792540: board.processor.cores.core: A0 T0 : 0x20de2 @_int_malloc+1722    : addiw s3, a5, 0            : IntAlu :  D=0x0000000000000003  flags=(IsInteger)
 793206: board.processor.cores.core: A0 T0 : 0x20de6 @_int_malloc+1726    : bne s3, a0, -26            : IntAlu :   flags=(IsInteger|IsControl|IsDirectControl|IsCondControl)
 793539: board.processor.cores.core: A0 T0 : 0x20dcc @_int_malloc+1700    : c_slli a5, 32              : IntAlu :  D=0x0000000300000000  flags=(IsInteger)
 793872: board.processor.cores.core: A0 T0 : 0x20dce @_int_malloc+1702    : c_srli a5, 32              : IntAlu :  D=0x0000000000000003  flags=(IsInteger)
 794205: board.processor.cores.core: A0 T0 : 0x20dd0 @_int_malloc+1704    : addi a5, a5, 536           : IntAlu :  D=0x000000000000021b  flags=(IsInteger)
 794538: board.processor.cores.core: A0 T0 : 0x20dd4 @_int_malloc+1708    : c_slli a5, 2               : IntAlu :  D=0x000000000000086c  flags=(IsInteger)
 794871: board.processor.cores.core: A0 T0 : 0x20dd6 @_int_malloc+1710    : c_add a5, s1               : IntAlu :  D=0x000000000006fe34  flags=(IsInteger)
 795204: board.processor.cores.core: A0 T0 : 0x20dd8 @_int_malloc+1712    : c_lw a2, 0(a5)             : MemRead :  D=0x0000000000000000 A=0x6fe34  flags=(IsInteger|IsLoad)
 795870: board.processor.cores.core: A0 T0 : 0x20dda @_int_malloc+1714    : bne a2, ft0, 386           : IntAlu :   flags=(IsInteger|IsControl|IsDirectControl|IsCondControl)
 796536: board.processor.cores.core: A0 T0 : 0x20dde @_int_malloc+1718    : addiw a5, s3, 1            : IntAlu :  D=0x0000000000000004  flags=(IsInteger)
 797202: board.processor.cores.core: A0 T0 : 0x20de2 @_int_malloc+1722    : addiw s3, a5, 0            : IntAlu :  D=0x0000000000000004  flags=(IsInteger)
 797868: board.processor.cores.core: A0 T0 : 0x20de6 @_int_malloc+1726    : bne s3, a0, -26            : IntAlu :   flags=(IsInteger|IsControl|IsDirectControl|IsCondControl)
 798201: board.processor.cores.core: A0 T0 : 0x20dea @_int_malloc+1730    : c_ld a4, 96(s1)            : MemRead :  D=0x000000000006f628 A=0x6f628  flags=(IsInteger|IsLoad)
 798534: board.processor.cores.core: A0 T0 : 0x20dec @_int_malloc+1732    : ld a3, -1912(a7)           : MemRead :  D=0x0000000000000000 A=0x6fe50  flags=(IsInteger|IsLoad)
 798867: board.processor.cores.core: A0 T0 : 0x20df0 @_int_malloc+1736    : c_ld a5, 8(a4)             : MemRead :  D=0x0000000000000000 A=0x6f630  flags=(IsInteger|IsLoad)
 799200: board.processor.cores.core: A0 T0 : 0x20df2 @_int_malloc+1738    : c_andi a5, 18446744073709551608 : IntAlu :  D=0x0000000000000000  flags=(IsInteger)
 799533: board.processor.cores.core: A0 T0 : 0x20df4 @_int_malloc+1740    : bltu a3, a5, 552           : IntAlu :   flags=(IsInteger|IsControl|IsDirectControl|IsCondControl)
 799866: board.processor.cores.core: A0 T0 : 0x20df8 @_int_malloc+1744    : addi a3, s0, 32            : IntAlu :  D=0x00000000000002b0  flags=(IsInteger)
 800199: board.processor.cores.core: A0 T0 : 0x20dfc @_int_malloc+1748    : bgeu a5, a3, 692           : IntAlu :   flags=(IsInteger|IsControl|IsDirectControl|IsCondControl)
 800532: board.processor.cores.core: A0 T0 : 0x20e00 @_int_malloc+1752    : c_sdsp a7, 32(sp)          : MemWrite :  D=0x00000000000705c8 A=0x7fffffffffffeb70  flags=(IsInteger|IsStore)
 800865: board.processor.cores.core: A0 T0 : 0x20e02 @_int_malloc+1754    : c_sdsp t1, 24(sp)          : MemWrite :  D=0x0000000000000001 A=0x7fffffffffffeb68  flags=(IsInteger|IsStore)
 801198: board.processor.cores.core: A0 T0 : 0x20e04 @_int_malloc+1756    : c_sdsp t5, 16(sp)          : MemWrite :  D=0x0000000000000000 A=0x7fffffffffffeb60  flags=(IsInteger|IsStore)
 801531: board.processor.cores.core: A0 T0 : 0x20e06 @_int_malloc+1758    : c_lw a5, 8(s1)             : MemRead :  D=0x0000000000000000 A=0x6f5d0  flags=(IsInteger|IsLoad)
 801864: board.processor.cores.core: A0 T0 : 0x20e08 @_int_malloc+1760    : beq a5, ft0, 734           : IntAlu :   flags=(IsInteger|IsControl|IsDirectControl|IsCondControl)
 802197: board.processor.cores.core: A0 T0 : 0x210e6 @_int_malloc+2494    : c_mv a1, s1                : IntAlu :  D=0x000000000006f5c8  flags=(IsInteger)
 802530: board.processor.cores.core: A0 T0 : 0x210e8 @_int_malloc+2496    : c_mv a0, s0                : IntAlu :  D=0x0000000000000290  flags=(IsInteger)
 803196: board.processor.cores.core: A0 T0 : 0x210ea @_int_malloc+2498    : jal ra, -5840              : IntAlu :  D=0x00000000000210ee  flags=(IsInteger|IsControl|IsDirectControl|IsUncondControl|IsCall)
 803529: board.processor.cores.core: A0 T0 : 0x1fa1a @sysmalloc    : c_addi16sp sp, -144        : IntAlu :  D=0x7fffffffffffeac0  flags=(IsInteger)
 803862: board.processor.cores.core: A0 T0 : 0x1fa1c @sysmalloc+2    : c_sdsp s1, 120(sp)         : MemWrite :  D=0x000000000006f5c8 A=0x7fffffffffffeb38  flags=(IsInteger|IsStore)
 804195: board.processor.cores.core: A0 T0 : 0x1fa1e @sysmalloc+4    : c_sdsp s3, 104(sp)         : MemWrite :  D=0x0000000000000004 A=0x7fffffffffffeb28  flags=(IsInteger|IsStore)
 804528: board.processor.cores.core: A0 T0 : 0x1fa20 @sysmalloc+6    : c_sdsp s11, 40(sp)         : MemWrite :  D=0x0000000000001000 A=0x7fffffffffffeae8  flags=(IsInteger|IsStore)
 804861: board.processor.cores.core: A0 T0 : 0x1fa22 @sysmalloc+8    : c_sdsp ra, 136(sp)         : MemWrite :  D=0x00000000000210ee A=0x7fffffffffffeb48  flags=(IsInteger|IsStore)
 805194: board.processor.cores.core: A0 T0 : 0x1fa24 @sysmalloc+10    : c_sdsp s0, 128(sp)         : MemWrite :  D=0x0000000000000290 A=0x7fffffffffffeb40  flags=(IsInteger|IsStore)
 805527: board.processor.cores.core: A0 T0 : 0x1fa26 @sysmalloc+12    : c_sdsp s2, 112(sp)         : MemWrite :  D=0x0000000000000280 A=0x7fffffffffffeb30  flags=(IsInteger|IsStore)
 805860: board.processor.cores.core: A0 T0 : 0x1fa28 @sysmalloc+14    : c_sdsp s4, 96(sp)          : MemWrite :  D=0x00000000000103b0 A=0x7fffffffffffeb20  flags=(IsInteger|IsStore)
 806193: board.processor.cores.core: A0 T0 : 0x1fa2a @sysmalloc+16    : c_sdsp s5, 88(sp)          : MemWrite :  D=0x0000000000000000 A=0x7fffffffffffeb18  flags=(IsInteger|IsStore)
 806526: board.processor.cores.core: A0 T0 : 0x1fa2c @sysmalloc+18    : c_sdsp s6, 80(sp)          : MemWrite :  D=0x0000000000000027 A=0x7fffffffffffeb10  flags=(IsInteger|IsStore)
 806859: board.processor.cores.core: A0 T0 : 0x1fa2e @sysmalloc+20    : c_sdsp s7, 72(sp)          : MemWrite :  D=0x000000000006f558 A=0x7fffffffffffeb08  flags=(IsInteger|IsStore)
 807192: board.processor.cores.core: A0 T0 : 0x1fa30 @sysmalloc+22    : c_sdsp s8, 64(sp)          : MemWrite :  D=0x000000000006f628 A=0x7fffffffffffeb00  flags=(IsInteger|IsStore)
 807525: board.processor.cores.core: A0 T0 : 0x1fa32 @sysmalloc+24    : c_sdsp s9, 56(sp)          : MemWrite :  D=0x0000000000000029 A=0x7fffffffffffeaf8  flags=(IsInteger|IsStore)
 807858: board.processor.cores.core: A0 T0 : 0x1fa34 @sysmalloc+26    : c_sdsp s10, 48(sp)         : MemWrite :  D=0x000000000000000a A=0x7fffffffffffeaf0  flags=(IsInteger|IsStore)
 808524: board.processor.cores.core: A0 T0 : 0x1fa36 @sysmalloc+28    : ld s3, -1760(gp)           : MemRead :  D=0x0000000000001000 A=0x709e8  flags=(IsInteger|IsLoad)
 808857: board.processor.cores.core: A0 T0 : 0x1fa3a @sysmalloc+32    : c_mv s1, a0                : IntAlu :  D=0x0000000000000290  flags=(IsInteger)
 809190: board.processor.cores.core: A0 T0 : 0x1fa3c @sysmalloc+34    : beq a1, ft0, 558           : IntAlu :   flags=(IsInteger|IsControl|IsDirectControl|IsCondControl)
 809523: board.processor.cores.core: A0 T0 : 0x1fa40 @sysmalloc+38    : lui a6, 111                : IntAlu :  D=0x000000000006f000  flags=(IsInteger)
 809856: board.processor.cores.core: A0 T0 : 0x1fa44 @sysmalloc+42    : addi a6, a6, 1368          : IntAlu :  D=0x000000000006f558  flags=(IsInteger)
 810189: board.processor.cores.core: A0 T0 : 0x1fa48 @sysmalloc+46    : ld a5, 16(a6)              : MemRead :  D=0x0000000000020000 A=0x6f568  flags=(IsInteger|IsLoad)
 810522: board.processor.cores.core: A0 T0 : 0x1fa4c @sysmalloc+50    : c_mv s0, a1                : IntAlu :  D=0x000000000006f5c8  flags=(IsInteger)
 811188: board.processor.cores.core: A0 T0 : 0x1fa4e @sysmalloc+52    : bgeu a0, a5, 278           : IntAlu :   flags=(IsInteger|IsControl|IsDirectControl|IsCondControl)
 811521: board.processor.cores.core: A0 T0 : 0x1fa52 @sysmalloc+56    : c_sdsp ft0, 0(sp)          : MemWrite :  D=0x0000000000000000 A=0x7fffffffffffeac0  flags=(IsInteger|IsStore)
 811854: board.processor.cores.core: A0 T0 : 0x1fa54 @sysmalloc+58    : addi s5, s3, 7             : IntAlu :  D=0x0000000000001007  flags=(IsInteger)
 812187: board.processor.cores.core: A0 T0 : 0x1fa58 @sysmalloc+62    : lui s8, 111                : IntAlu :  D=0x000000000006f000  flags=(IsInteger)
 812520: board.processor.cores.core: A0 T0 : 0x1fa5c @sysmalloc+66    : c_add s5, s1               : IntAlu :  D=0x0000000000001297  flags=(IsInteger)
 813186: board.processor.cores.core: A0 T0 : 0x1fa5e @sysmalloc+68    : sub a5, ft0, s3            : IntAlu :  D=0xfffffffffffff000  flags=(IsInteger)
 813852: board.processor.cores.core: A0 T0 : 0x1fa62 @sysmalloc+72    : addi a7, s0, 96            : IntAlu :  D=0x000000000006f628  flags=(IsInteger)
 814518: board.processor.cores.core: A0 T0 : 0x1fa66 @sysmalloc+76    : addi t1, s3, -1            : IntAlu :  D=0x0000000000000fff  flags=(IsInteger)
 815184: board.processor.cores.core: A0 T0 : 0x1fa6a @sysmalloc+80    : addi s9, s1, 32            : IntAlu :  D=0x00000000000002b0  flags=(IsInteger)
 815850: board.processor.cores.core: A0 T0 : 0x1fa6e @sysmalloc+84    : addi s2, s8, 1480          : IntAlu :  D=0x000000000006f5c8  flags=(IsInteger)
 816516: board.processor.cores.core: A0 T0 : 0x1fa72 @sysmalloc+88    : and s5, s5, a5             : IntAlu :  D=0x0000000000001000  flags=(IsInteger)
 817182: board.processor.cores.core: A0 T0 : 0x1fa76 @sysmalloc+92    : ld s6, 96(s0)              : MemRead :  D=0x000000000006f628 A=0x6f628  flags=(IsInteger|IsLoad)
 817848: board.processor.cores.core: A0 T0 : 0x1fa7a @sysmalloc+96    : ld a5, 8(s6)               : MemRead :  D=0x0000000000000000 A=0x6f630  flags=(IsInteger|IsLoad)
 818514: board.processor.cores.core: A0 T0 : 0x1fa7e @sysmalloc+100    : andi s4, a5, 18446744073709551608 : IntAlu :  D=0x0000000000000000  flags=(IsInteger)
 819180: board.processor.cores.core: A0 T0 : 0x1fa82 @sysmalloc+104    : add s10, s6, s4            : IntAlu :  D=0x000000000006f628  flags=(IsInteger)
 819846: board.processor.cores.core: A0 T0 : 0x1fa86 @sysmalloc+108    : beq s6, a7, 532            : IntAlu :   flags=(IsInteger|IsControl|IsDirectControl|IsCondControl)
 820512: board.processor.cores.core: A0 T0 : 0x1fc9a @sysmalloc+640    : beq s4, ft0, -508          : IntAlu :   flags=(IsInteger|IsControl|IsDirectControl|IsCondControl)
 821178: board.processor.cores.core: A0 T0 : 0x1fa9e @sysmalloc+132    : bgeu s4, s9, 1188          : IntAlu :   flags=(IsInteger|IsControl|IsDirectControl|IsCondControl)
 821844: board.processor.cores.core: A0 T0 : 0x1faa2 @sysmalloc+136    : beq s0, s2, 510            : IntAlu :   flags=(IsInteger|IsControl|IsDirectControl|IsCondControl)
 822177: board.processor.cores.core: A0 T0 : 0x1fca0 @sysmalloc+646    : ld s7, 8(a6)               : MemRead :  D=0x0000000000020000 A=0x6f560  flags=(IsInteger|IsLoad)
 822510: board.processor.cores.core: A0 T0 : 0x1fca4 @sysmalloc+650    : c_lw a5, 4(s0)             : MemRead :  D=0x0000000000000000 A=0x6f5cc  flags=(IsInteger|IsLoad)
 823176: board.processor.cores.core: A0 T0 : 0x1fca6 @sysmalloc+652    : addi s11, s3, -1           : IntAlu :  D=0x0000000000000fff  flags=(IsInteger)
 823842: board.processor.cores.core: A0 T0 : 0x1fcaa @sysmalloc+656    : addi s7, s7, 32            : IntAlu :  D=0x0000000000020020  flags=(IsInteger)
 824175: board.processor.cores.core: A0 T0 : 0x1fcae @sysmalloc+660    : c_add s7, s11              : IntAlu :  D=0x000000000002101f  flags=(IsInteger)
 824508: board.processor.cores.core: A0 T0 : 0x1fcb0 @sysmalloc+662    : c_andi a5, 2               : IntAlu :  D=0x0000000000000000  flags=(IsInteger)
 825174: board.processor.cores.core: A0 T0 : 0x1fcb2 @sysmalloc+664    : sub s5, ft0, s3            : IntAlu :  D=0xfffffffffffff000  flags=(IsInteger)
 825507: board.processor.cores.core: A0 T0 : 0x1fcb6 @sysmalloc+668    : c_add s7, s1               : IntAlu :  D=0x00000000000212af  flags=(IsInteger)
 825840: board.processor.cores.core: A0 T0 : 0x1fcb8 @sysmalloc+670    : c_bnez a5, 170             : IntAlu :   flags=(IsInteger|IsControl|IsDirectControl|IsCondControl)
 826506: board.processor.cores.core: A0 T0 : 0x1fcba @sysmalloc+672    : sub s7, s7, s4             : IntAlu :  D=0x00000000000212af  flags=(IsInteger)
 827172: board.processor.cores.core: A0 T0 : 0x1fcbe @sysmalloc+676    : and s7, s7, s5             : IntAlu :  D=0x0000000000021000  flags=(IsInteger)
 827838: board.processor.cores.core: A0 T0 : 0x1fcc2 @sysmalloc+680    : bge ft0, s7, 410           : IntAlu :   flags=(IsInteger|IsControl|IsDirectControl|IsCondControl)
 828504: board.processor.cores.core: A0 T0 : 0x1fcc6 @sysmalloc+684    : ld a5, -1816(gp)           : MemRead :  D=0x0000000000022e30 A=0x709b0  flags=(IsInteger|IsLoad)
 828837: board.processor.cores.core: A0 T0 : 0x1fcca @sysmalloc+688    : c_mv a0, s7                : IntAlu :  D=0x0000000000021000  flags=(IsInteger)
 829170: board.processor.cores.core: A0 T0 : 0x1fccc @sysmalloc+690    : c_jalr a5                  : IntAlu :  D=0x000000000001fcce  flags=(IsInteger|IsControl|IsIndirectControl|IsUncondControl|IsCall)
 829503: board.processor.cores.core: A0 T0 : 0x22e30 @__default_morecore    : c_addi sp, -16             : IntAlu :  D=0x7fffffffffffeab0  flags=(IsInteger)
 829836: board.processor.cores.core: A0 T0 : 0x22e32 @__default_morecore+2    : c_sdsp ra, 8(sp)           : MemWrite :  D=0x000000000001fcce A=0x7fffffffffffeab8  flags=(IsInteger|IsStore)
 830169: board.processor.cores.core: A0 T0 : 0x22e34 @__default_morecore+4    : jal ra, 11228              : IntAlu :  D=0x0000000000022e38  flags=(IsInteger|IsControl|IsDirectControl|IsUncondControl|IsCall)
 830502: board.processor.cores.core: A0 T0 : 0x25a10 @__sbrk    : c_addi sp, -32             : IntAlu :  D=0x7fffffffffffea90  flags=(IsInteger)
 830835: board.processor.cores.core: A0 T0 : 0x25a12 @__sbrk+2    : c_sdsp s2, 0(sp)           : MemWrite :  D=0x000000000006f5c8 A=0x7fffffffffffea90  flags=(IsInteger|IsStore)
 831168: board.processor.cores.core: A0 T0 : 0x25a14 @__sbrk+4    : c_sdsp s1, 8(sp)           : MemWrite :  D=0x0000000000000290 A=0x7fffffffffffea98  flags=(IsInteger|IsStore)
 831834: board.processor.cores.core: A0 T0 : 0x25a16 @__sbrk+6    : ld s1, -816(gp)            : MemRead :  D=0x0000000000073b30 A=0x70d98  flags=(IsInteger|IsLoad)
 832167: board.processor.cores.core: A0 T0 : 0x25a1a @__sbrk+10    : c_sdsp s0, 16(sp)          : MemWrite :  D=0x000000000006f5c8 A=0x7fffffffffffeaa0  flags=(IsInteger|IsStore)
 832500: board.processor.cores.core: A0 T0 : 0x25a1c @__sbrk+12    : c_sdsp ra, 24(sp)          : MemWrite :  D=0x0000000000022e38 A=0x7fffffffffffeaa8  flags=(IsInteger|IsStore)
 832833: board.processor.cores.core: A0 T0 : 0x25a1e @__sbrk+14    : c_mv s0, a0                : IntAlu :  D=0x0000000000021000  flags=(IsInteger)
 833166: board.processor.cores.core: A0 T0 : 0x25a20 @__sbrk+16    : c_beqz s1, 82              : IntAlu :   flags=(IsInteger|IsControl|IsDirectControl|IsCondControl)
 833499: board.processor.cores.core: A0 T0 : 0x25a22 @__sbrk+18    : c_beqz s0, 30              : IntAlu :   flags=(IsInteger|IsControl|IsDirectControl|IsCondControl)
 833832: board.processor.cores.core: A0 T0 : 0x25a24 @__sbrk+20    : bge ft0, s0, 42            : IntAlu :   flags=(IsInteger|IsControl|IsDirectControl|IsCondControl)
 834165: board.processor.cores.core: A0 T0 : 0x25a28 @__sbrk+24    : add a0, s1, s0             : IntAlu :  D=0x0000000000094b30  flags=(IsInteger)
 834498: board.processor.cores.core: A0 T0 : 0x25a2c @__sbrk+28    : bgeu a0, s1, 46            : IntAlu :   flags=(IsInteger|IsControl|IsDirectControl|IsCondControl)
 835164: board.processor.cores.core: A0 T0 : 0x25a5a @__sbrk+74    : jal ra, 89362              : IntAlu :  D=0x0000000000025a5e  flags=(IsInteger|IsControl|IsDirectControl|IsUncondControl|IsCall)
 835497: board.processor.cores.core: A0 T0 : 0x3b76c @brk    : c_mv a5, a0                : IntAlu :  D=0x0000000000094b30  flags=(IsInteger)
 836163: board.processor.cores.core: A0 T0 : 0x3b76e @brk+2    : addi a7, ft0, 214          : IntAlu :  D=0x00000000000000d6  flags=(IsInteger)
 836829: board.processor.cores.core: A0 T0 : 0x3b772 @brk+6    : ecall                      : No_OpClass :   flags=(IsSerializeAfter|IsNonSpeculative|IsSyscall)
 837495: board.processor.cores.core: A0 T0 : 0x3b776 @brk+10    : sd a0, -816(gp)            : MemWrite :  D=0x0000000000094b30 A=0x70d98  flags=(IsInteger|IsStore)
 838161: board.processor.cores.core: A0 T0 : 0x3b77a @brk+14    : bltu a0, a5, 8             : IntAlu :   flags=(IsInteger|IsControl|IsDirectControl|IsCondControl)
 838494: board.processor.cores.core: A0 T0 : 0x3b77e @brk+18    : c_li a0, 0                 : IntAlu :  D=0x0000000000000000  flags=(IsInteger)
 838827: board.processor.cores.core: A0 T0 : 0x3b780 @brk+20    : c_jr ra                    : IntAlu :   flags=(IsInteger|IsControl|IsIndirectControl|IsUncondControl|IsReturn)
 839493: board.processor.cores.core: A0 T0 : 0x25a5e @__sbrk+78    : bge a0, ft0, -30           : IntAlu :   flags=(IsInteger|IsControl|IsDirectControl|IsCondControl)
 839826: board.processor.cores.core: A0 T0 : 0x25a40 @__sbrk+48    : c_ldsp ra, 24(sp)          : MemRead :  D=0x0000000000022e38 A=0x7fffffffffffeaa8  flags=(IsInteger|IsLoad)
 840159: board.processor.cores.core: A0 T0 : 0x25a42 @__sbrk+50    : c_ldsp s0, 16(sp)          : MemRead :  D=0x000000000006f5c8 A=0x7fffffffffffeaa0  flags=(IsInteger|IsLoad)
 840492: board.processor.cores.core: A0 T0 : 0x25a44 @__sbrk+52    : c_ldsp s2, 0(sp)           : MemRead :  D=0x000000000006f5c8 A=0x7fffffffffffea90  flags=(IsInteger|IsLoad)
 840825: board.processor.cores.core: A0 T0 : 0x25a46 @__sbrk+54    : c_mv a0, s1                : IntAlu :  D=0x0000000000073b30  flags=(IsInteger)
 841158: board.processor.cores.core: A0 T0 : 0x25a48 @__sbrk+56    : c_ldsp s1, 8(sp)           : MemRead :  D=0x0000000000000290 A=0x7fffffffffffea98  flags=(IsInteger|IsLoad)
 841491: board.processor.cores.core: A0 T0 : 0x25a4a @__sbrk+58    : c_addi16sp sp, 32          : IntAlu :  D=0x7fffffffffffeab0  flags=(IsInteger)
 841824: board.processor.cores.core: A0 T0 : 0x25a4c @__sbrk+60    : c_jr ra                    : IntAlu :   flags=(IsInteger|IsControl|IsIndirectControl|IsUncondControl|IsReturn)
 842157: board.processor.cores.core: A0 T0 : 0x22e38 @__default_morecore+8    : c_li a5, -1                : IntAlu :  D=0xffffffffffffffff  flags=(IsInteger)
 842823: board.processor.cores.core: A0 T0 : 0x22e3a @__default_morecore+10    : beq a0, a5, 10             : IntAlu :   flags=(IsInteger|IsControl|IsDirectControl|IsCondControl)
 843156: board.processor.cores.core: A0 T0 : 0x22e3e @__default_morecore+14    : c_ldsp ra, 8(sp)           : MemRead :  D=0x000000000001fcce A=0x7fffffffffffeab8  flags=(IsInteger|IsLoad)
 843489: board.processor.cores.core: A0 T0 : 0x22e40 @__default_morecore+16    : c_addi sp, 16              : IntAlu :  D=0x7fffffffffffeac0  flags=(IsInteger)
 843822: board.processor.cores.core: A0 T0 : 0x22e42 @__default_morecore+18    : c_jr ra                    : IntAlu :   flags=(IsInteger|IsControl|IsIndirectControl|IsUncondControl|IsReturn)
 844488: board.processor.cores.core: A0 T0 : 0x1fcce @sysmalloc+692    : lui a5, 111                : IntAlu :  D=0x000000000006f000  flags=(IsInteger)
 844821: board.processor.cores.core: A0 T0 : 0x1fcd2 @sysmalloc+696    : c_mv s3, a0                : IntAlu :  D=0x0000000000073b30  flags=(IsInteger)
 845154: board.processor.cores.core: A0 T0 : 0x1fcd4 @sysmalloc+698    : addi a6, a5, 1368          : IntAlu :  D=0x000000000006f558  flags=(IsInteger)
 845487: board.processor.cores.core: A0 T0 : 0x1fcd8 @sysmalloc+702    : beq a0, ft0, 380           : IntAlu :   flags=(IsInteger|IsControl|IsDirectControl|IsCondControl)
 845820: board.processor.cores.core: A0 T0 : 0x1fcdc @sysmalloc+706    : ld a5, -1280(gp)           : MemRead :  D=0x0000000000000000 A=0x70bc8  flags=(IsInteger|IsLoad)
 846153: board.processor.cores.core: A0 T0 : 0x1fce0 @sysmalloc+710    : c_li a4, 0                 : IntAlu :  D=0x0000000000000000  flags=(IsInteger)
 846819: board.processor.cores.core: A0 T0 : 0x1fce2 @sysmalloc+712    : bne a5, ft0, 568           : IntAlu :   flags=(IsInteger|IsControl|IsDirectControl|IsCondControl)
 847485: board.processor.cores.core: A0 T0 : 0x1fce6 @sysmalloc+716    : ld a5, 72(a6)              : MemRead :  D=0x0000000000000000 A=0x6f5a0  flags=(IsInteger|IsLoad)
 848151: board.processor.cores.core: A0 T0 : 0x1fcea @sysmalloc+720    : beq a5, ft0, 382           : IntAlu :   flags=(IsInteger|IsControl|IsDirectControl|IsCondControl)
 848484: board.processor.cores.core: A0 T0 : 0x1fe68 @sysmalloc+1102    : sd s3, 72(a6)              : MemWrite :  D=0x0000000000073b30 A=0x6f5a0  flags=(IsInteger|IsStore)
 848817: board.processor.cores.core: A0 T0 : 0x1fe6c @sysmalloc+1106    : c_j -382                   : IntAlu :   flags=(IsControl|IsDirectControl|IsUncondControl)
 849150: board.processor.cores.core: A0 T0 : 0x1fcee @sysmalloc+724    : c_lui a3, 1                : IntAlu :  D=0x0000000000001000  flags=(IsInteger)
 849483: board.processor.cores.core: A0 T0 : 0x1fcf0 @sysmalloc+726    : c_add a3, s2               : IntAlu :  D=0x00000000000705c8  flags=(IsInteger)
 850149: board.processor.cores.core: A0 T0 : 0x1fcf2 @sysmalloc+728    : ld a5, -1912(a3)           : MemRead :  D=0x0000000000000000 A=0x6fe50  flags=(IsInteger|IsLoad)
 850482: board.processor.cores.core: A0 T0 : 0x1fcf6 @sysmalloc+732    : c_add a5, s7               : IntAlu :  D=0x0000000000021000  flags=(IsInteger)
 850815: board.processor.cores.core: A0 T0 : 0x1fcf8 @sysmalloc+734    : sd a5, -1912(a3)           : MemWrite :  D=0x0000000000021000 A=0x6fe50  flags=(IsInteger|IsStore)
 851148: board.processor.cores.core: A0 T0 : 0x1fcfc @sysmalloc+738    : beq s10, s3, 370           : IntAlu :   flags=(IsInteger|IsControl|IsDirectControl|IsCondControl)
 851481: board.processor.cores.core: A0 T0 : 0x1fd00 @sysmalloc+742    : lw a2, 4(s2)               : MemRead :  D=0x0000000000000000 A=0x6f5cc  flags=(IsInteger|IsLoad)
 851814: board.processor.cores.core: A0 T0 : 0x1fd04 @sysmalloc+746    : c_andi a2, 2               : IntAlu :  D=0x0000000000000000  flags=(IsInteger)
 852147: board.processor.cores.core: A0 T0 : 0x1fd06 @sysmalloc+748    : c_bnez a2, 236             : IntAlu :   flags=(IsInteger|IsControl|IsDirectControl|IsCondControl)
 852480: board.processor.cores.core: A0 T0 : 0x1fd08 @sysmalloc+750    : beq s4, ft0, 18            : IntAlu :   flags=(IsInteger|IsControl|IsDirectControl|IsCondControl)
 853146: board.processor.cores.core: A0 T0 : 0x1fd1a @sysmalloc+768    : andi a4, s3, 15            : IntAlu :  D=0x0000000000000000  flags=(IsInteger)
 853812: board.processor.cores.core: A0 T0 : 0x1fd1e @sysmalloc+772    : bne a4, ft0, 356           : IntAlu :   flags=(IsInteger|IsControl|IsDirectControl|IsCondControl)
 854145: board.processor.cores.core: A0 T0 : 0x1fd22 @sysmalloc+776    : c_mv a5, s4                : IntAlu :  D=0x0000000000000000  flags=(IsInteger)
 854478: board.processor.cores.core: A0 T0 : 0x1fd24 @sysmalloc+778    : c_mv s10, s3               : IntAlu :  D=0x0000000000073b30  flags=(IsInteger)
 854811: board.processor.cores.core: A0 T0 : 0x1fd26 @sysmalloc+780    : c_add s7, a5               : IntAlu :  D=0x0000000000021000  flags=(IsInteger)
 855144: board.processor.cores.core: A0 T0 : 0x1fd28 @sysmalloc+782    : c_add s7, s3               : IntAlu :  D=0x0000000000094b30  flags=(IsInteger)
 855477: board.processor.cores.core: A0 T0 : 0x1fd2a @sysmalloc+784    : c_add s11, s7              : IntAlu :  D=0x0000000000095b2f  flags=(IsInteger)
 855810: board.processor.cores.core: A0 T0 : 0x1fd2c @sysmalloc+786    : and s11, s11, s5           : IntAlu :  D=0x0000000000095000  flags=(IsInteger)
 856143: board.processor.cores.core: A0 T0 : 0x1fd30 @sysmalloc+790    : sub a5, a5, s7             : IntAlu :  D=0xfffffffffff6b4d0  flags=(IsInteger)
 856476: board.processor.cores.core: A0 T0 : 0x1fd34 @sysmalloc+794    : c_add s11, a5              : IntAlu :  D=0x00000000000004d0  flags=(IsInteger)
 857142: board.processor.cores.core: A0 T0 : 0x1fd36 @sysmalloc+796    : blt s11, ft0, 680          : IntAlu :   flags=(IsInteger|IsControl|IsDirectControl|IsCondControl)
 857808: board.processor.cores.core: A0 T0 : 0x1fd3a @sysmalloc+800    : ld a5, -1816(gp)           : MemRead :  D=0x0000000000022e30 A=0x709b0  flags=(IsInteger|IsLoad)
 858141: board.processor.cores.core: A0 T0 : 0x1fd3e @sysmalloc+804    : c_mv a0, s11               : IntAlu :  D=0x00000000000004d0  flags=(IsInteger)
 858474: board.processor.cores.core: A0 T0 : 0x1fd40 @sysmalloc+806    : c_jalr a5                  : IntAlu :  D=0x000000000001fd42  flags=(IsInteger|IsControl|IsIndirectControl|IsUncondControl|IsCall)
 858807: board.processor.cores.core: A0 T0 : 0x22e30 @__default_morecore    : c_addi sp, -16             : IntAlu :  D=0x7fffffffffffeab0  flags=(IsInteger)
 859140: board.processor.cores.core: A0 T0 : 0x22e32 @__default_morecore+2    : c_sdsp ra, 8(sp)           : MemWrite :  D=0x000000000001fd42 A=0x7fffffffffffeab8  flags=(IsInteger|IsStore)
 859473: board.processor.cores.core: A0 T0 : 0x22e34 @__default_morecore+4    : jal ra, 11228              : IntAlu :  D=0x0000000000022e38  flags=(IsInteger|IsControl|IsDirectControl|IsUncondControl|IsCall)
 859806: board.processor.cores.core: A0 T0 : 0x25a10 @__sbrk    : c_addi sp, -32             : IntAlu :  D=0x7fffffffffffea90  flags=(IsInteger)
 860139: board.processor.cores.core: A0 T0 : 0x25a12 @__sbrk+2    : c_sdsp s2, 0(sp)           : MemWrite :  D=0x000000000006f5c8 A=0x7fffffffffffea90  flags=(IsInteger|IsStore)
 860472: board.processor.cores.core: A0 T0 : 0x25a14 @__sbrk+4    : c_sdsp s1, 8(sp)           : MemWrite :  D=0x0000000000000290 A=0x7fffffffffffea98  flags=(IsInteger|IsStore)
 861138: board.processor.cores.core: A0 T0 : 0x25a16 @__sbrk+6    : ld s1, -816(gp)            : MemRead :  D=0x0000000000094b30 A=0x70d98  flags=(IsInteger|IsLoad)
 861471: board.processor.cores.core: A0 T0 : 0x25a1a @__sbrk+10    : c_sdsp s0, 16(sp)          : MemWrite :  D=0x000000000006f5c8 A=0x7fffffffffffeaa0  flags=(IsInteger|IsStore)
 861804: board.processor.cores.core: A0 T0 : 0x25a1c @__sbrk+12    : c_sdsp ra, 24(sp)          : MemWrite :  D=0x0000000000022e38 A=0x7fffffffffffeaa8  flags=(IsInteger|IsStore)
 862137: board.processor.cores.core: A0 T0 : 0x25a1e @__sbrk+14    : c_mv s0, a0                : IntAlu :  D=0x00000000000004d0  flags=(IsInteger)
 862470: board.processor.cores.core: A0 T0 : 0x25a20 @__sbrk+16    : c_beqz s1, 82              : IntAlu :   flags=(IsInteger|IsControl|IsDirectControl|IsCondControl)
 862803: board.processor.cores.core: A0 T0 : 0x25a22 @__sbrk+18    : c_beqz s0, 30              : IntAlu :   flags=(IsInteger|IsControl|IsDirectControl|IsCondControl)
 863136: board.processor.cores.core: A0 T0 : 0x25a24 @__sbrk+20    : bge ft0, s0, 42            : IntAlu :   flags=(IsInteger|IsControl|IsDirectControl|IsCondControl)
 863469: board.processor.cores.core: A0 T0 : 0x25a28 @__sbrk+24    : add a0, s1, s0             : IntAlu :  D=0x0000000000095000  flags=(IsInteger)
 863802: board.processor.cores.core: A0 T0 : 0x25a2c @__sbrk+28    : bgeu a0, s1, 46            : IntAlu :   flags=(IsInteger|IsControl|IsDirectControl|IsCondControl)
 864468: board.processor.cores.core: A0 T0 : 0x25a5a @__sbrk+74    : jal ra, 89362              : IntAlu :  D=0x0000000000025a5e  flags=(IsInteger|IsControl|IsDirectControl|IsUncondControl|IsCall)
 864801: board.processor.cores.core: A0 T0 : 0x3b76c @brk    : c_mv a5, a0                : IntAlu :  D=0x0000000000095000  flags=(IsInteger)
 865467: board.processor.cores.core: A0 T0 : 0x3b76e @brk+2    : addi a7, ft0, 214          : IntAlu :  D=0x00000000000000d6  flags=(IsInteger)
 866133: board.processor.cores.core: A0 T0 : 0x3b772 @brk+6    : ecall                      : No_OpClass :   flags=(IsSerializeAfter|IsNonSpeculative|IsSyscall)
 866799: board.processor.cores.core: A0 T0 : 0x3b776 @brk+10    : sd a0, -816(gp)            : MemWrite :  D=0x0000000000095000 A=0x70d98  flags=(IsInteger|IsStore)
 867465: board.processor.cores.core: A0 T0 : 0x3b77a @brk+14    : bltu a0, a5, 8             : IntAlu :   flags=(IsInteger|IsControl|IsDirectControl|IsCondControl)
 867798: board.processor.cores.core: A0 T0 : 0x3b77e @brk+18    : c_li a0, 0                 : IntAlu :  D=0x0000000000000000  flags=(IsInteger)
 868131: board.processor.cores.core: A0 T0 : 0x3b780 @brk+20    : c_jr ra                    : IntAlu :   flags=(IsInteger|IsControl|IsIndirectControl|IsUncondControl|IsReturn)
 868797: board.processor.cores.core: A0 T0 : 0x25a5e @__sbrk+78    : bge a0, ft0, -30           : IntAlu :   flags=(IsInteger|IsControl|IsDirectControl|IsCondControl)
 869130: board.processor.cores.core: A0 T0 : 0x25a40 @__sbrk+48    : c_ldsp ra, 24(sp)          : MemRead :  D=0x0000000000022e38 A=0x7fffffffffffeaa8  flags=(IsInteger|IsLoad)
 869463: board.processor.cores.core: A0 T0 : 0x25a42 @__sbrk+50    : c_ldsp s0, 16(sp)          : MemRead :  D=0x000000000006f5c8 A=0x7fffffffffffeaa0  flags=(IsInteger|IsLoad)
 869796: board.processor.cores.core: A0 T0 : 0x25a44 @__sbrk+52    : c_ldsp s2, 0(sp)           : MemRead :  D=0x000000000006f5c8 A=0x7fffffffffffea90  flags=(IsInteger|IsLoad)
 870129: board.processor.cores.core: A0 T0 : 0x25a46 @__sbrk+54    : c_mv a0, s1                : IntAlu :  D=0x0000000000094b30  flags=(IsInteger)
 870462: board.processor.cores.core: A0 T0 : 0x25a48 @__sbrk+56    : c_ldsp s1, 8(sp)           : MemRead :  D=0x0000000000000290 A=0x7fffffffffffea98  flags=(IsInteger|IsLoad)
 870795: board.processor.cores.core: A0 T0 : 0x25a4a @__sbrk+58    : c_addi16sp sp, 32          : IntAlu :  D=0x7fffffffffffeab0  flags=(IsInteger)
 871128: board.processor.cores.core: A0 T0 : 0x25a4c @__sbrk+60    : c_jr ra                    : IntAlu :   flags=(IsInteger|IsControl|IsIndirectControl|IsUncondControl|IsReturn)
 871461: board.processor.cores.core: A0 T0 : 0x22e38 @__default_morecore+8    : c_li a5, -1                : IntAlu :  D=0xffffffffffffffff  flags=(IsInteger)
 872127: board.processor.cores.core: A0 T0 : 0x22e3a @__default_morecore+10    : beq a0, a5, 10             : IntAlu :   flags=(IsInteger|IsControl|IsDirectControl|IsCondControl)
 872460: board.processor.cores.core: A0 T0 : 0x22e3e @__default_morecore+14    : c_ldsp ra, 8(sp)           : MemRead :  D=0x000000000001fd42 A=0x7fffffffffffeab8  flags=(IsInteger|IsLoad)
 872793: board.processor.cores.core: A0 T0 : 0x22e40 @__default_morecore+16    : c_addi sp, 16              : IntAlu :  D=0x7fffffffffffeac0  flags=(IsInteger)
 873126: board.processor.cores.core: A0 T0 : 0x22e42 @__default_morecore+18    : c_jr ra                    : IntAlu :   flags=(IsInteger|IsControl|IsIndirectControl|IsUncondControl|IsReturn)
 873792: board.processor.cores.core: A0 T0 : 0x1fd42 @sysmalloc+808    : lui a5, 112                : IntAlu :  D=0x0000000000070000  flags=(IsInteger)
 874125: board.processor.cores.core: A0 T0 : 0x1fd46 @sysmalloc+812    : c_mv a4, a0                : IntAlu :  D=0x0000000000094b30  flags=(IsInteger)
 874458: board.processor.cores.core: A0 T0 : 0x1fd48 @sysmalloc+814    : addi a3, a5, 1480          : IntAlu :  D=0x00000000000705c8  flags=(IsInteger)
 874791: board.processor.cores.core: A0 T0 : 0x1fd4c @sysmalloc+818    : beq a0, ft0, 444           : IntAlu :   flags=(IsInteger|IsControl|IsDirectControl|IsCondControl)
 875124: board.processor.cores.core: A0 T0 : 0x1fd50 @sysmalloc+822    : ld a5, -1280(gp)           : MemRead :  D=0x0000000000000000 A=0x70bc8  flags=(IsInteger|IsLoad)
 875457: board.processor.cores.core: A0 T0 : 0x1fd54 @sysmalloc+826    : bne a5, ft0, 470           : IntAlu :   flags=(IsInteger|IsControl|IsDirectControl|IsCondControl)
 875790: board.processor.cores.core: A0 T0 : 0x1fd58 @sysmalloc+830    : ld a5, -1912(a3)           : MemRead :  D=0x0000000000021000 A=0x6fe50  flags=(IsInteger|IsLoad)
 876123: board.processor.cores.core: A0 T0 : 0x1fd5c @sysmalloc+834    : c_mv s3, s10               : IntAlu :  D=0x0000000000073b30  flags=(IsInteger)
 876456: board.processor.cores.core: A0 T0 : 0x1fd5e @sysmalloc+836    : c_add a5, s11              : IntAlu :  D=0x00000000000214d0  flags=(IsInteger)
 876789: board.processor.cores.core: A0 T0 : 0x1fd60 @sysmalloc+838    : c_j 158                    : IntAlu :   flags=(IsControl|IsDirectControl|IsUncondControl)
 877455: board.processor.cores.core: A0 T0 : 0x1fdfe @sysmalloc+996    : sub a4, a4, s3             : IntAlu :  D=0x0000000000021000  flags=(IsInteger)
 877788: board.processor.cores.core: A0 T0 : 0x1fe02 @sysmalloc+1000    : c_add a4, s11              : IntAlu :  D=0x00000000000214d0  flags=(IsInteger)
 878121: board.processor.cores.core: A0 T0 : 0x1fe04 @sysmalloc+1002    : sd s3, 96(s2)              : MemWrite :  D=0x0000000000073b30 A=0x6f628  flags=(IsInteger|IsStore)
 878454: board.processor.cores.core: A0 T0 : 0x1fe08 @sysmalloc+1006    : ori a4, a4, 1              : IntAlu :  D=0x00000000000214d1  flags=(IsInteger)
 878787: board.processor.cores.core: A0 T0 : 0x1fe0c @sysmalloc+1010    : sd a4, 8(s3)               : MemWrite :  D=0x00000000000214d1 A=0x73b38  flags=(IsInteger|IsStore)
 879120: board.processor.cores.core: A0 T0 : 0x1fe10 @sysmalloc+1014    : sd a5, -1912(a3)           : MemWrite :  D=0x00000000000214d0 A=0x6fe50  flags=(IsInteger|IsStore)
 879453: board.processor.cores.core: A0 T0 : 0x1fe14 @sysmalloc+1018    : beq s4, ft0, -782          : IntAlu :   flags=(IsInteger|IsControl|IsDirectControl|IsCondControl)
 879786: board.processor.cores.core: A0 T0 : 0x1fb06 @sysmalloc+236    : c_lui a4, 1                : IntAlu :  D=0x0000000000001000  flags=(IsInteger)
 880119: board.processor.cores.core: A0 T0 : 0x1fb08 @sysmalloc+238    : c_add a4, s0               : IntAlu :  D=0x00000000000705c8  flags=(IsInteger)
 880785: board.processor.cores.core: A0 T0 : 0x1fb0a @sysmalloc+240    : ld a3, -1904(a4)           : MemRead :  D=0x0000000000000000 A=0x6fe58  flags=(IsInteger|IsLoad)
 881451: board.processor.cores.core: A0 T0 : 0x1fb0e @sysmalloc+244    : bgeu a3, a5, 8             : IntAlu :   flags=(IsInteger|IsControl|IsDirectControl|IsCondControl)
 882117: board.processor.cores.core: A0 T0 : 0x1fb12 @sysmalloc+248    : sd a5, -1904(a4)           : MemWrite :  D=0x00000000000214d0 A=0x6fe58  flags=(IsInteger|IsStore)
 882783: board.processor.cores.core: A0 T0 : 0x1fb16 @sysmalloc+252    : ld a5, 8(s3)               : MemRead :  D=0x00000000000214d1 A=0x73b38  flags=(IsInteger|IsLoad)
 883116: board.processor.cores.core: A0 T0 : 0x1fb1a @sysmalloc+256    : c_andi a5, 18446744073709551608 : IntAlu :  D=0x00000000000214d0  flags=(IsInteger)
 883449: board.processor.cores.core: A0 T0 : 0x1fb1c @sysmalloc+258    : bltu a5, s9, 316           : IntAlu :   flags=(IsInteger|IsControl|IsDirectControl|IsCondControl)
 883782: board.processor.cores.core: A0 T0 : 0x1fb20 @sysmalloc+262    : sub a4, s0, s2             : IntAlu :  D=0x0000000000000000  flags=(IsInteger)
 884115: board.processor.cores.core: A0 T0 : 0x1fb24 @sysmalloc+266    : sltu a4, ft0, a4           : IntAlu :  D=0x0000000000000000  flags=(IsInteger)
 884448: board.processor.cores.core: A0 T0 : 0x1fb28 @sysmalloc+270    : c_slli a4, 2               : IntAlu :  D=0x0000000000000000  flags=(IsInteger)
 885114: board.processor.cores.core: A0 T0 : 0x1fb2a @sysmalloc+272    : add a3, s3, s1             : IntAlu :  D=0x0000000000073dc0  flags=(IsInteger)
 885447: board.processor.cores.core: A0 T0 : 0x1fb2e @sysmalloc+276    : c_or a4, s1                : IntAlu :  D=0x0000000000000290  flags=(IsInteger)
 885780: board.processor.cores.core: A0 T0 : 0x1fb30 @sysmalloc+278    : c_sd a3, 96(s0)            : MemWrite :  D=0x0000000000073dc0 A=0x6f628  flags=(IsInteger|IsStore)
 886446: board.processor.cores.core: A0 T0 : 0x1fb32 @sysmalloc+280    : ori a4, a4, 1              : IntAlu :  D=0x0000000000000291  flags=(IsInteger)
 886779: board.processor.cores.core: A0 T0 : 0x1fb36 @sysmalloc+284    : c_sub a5, s1               : IntAlu :  D=0x0000000000021240  flags=(IsInteger)
 887112: board.processor.cores.core: A0 T0 : 0x1fb38 @sysmalloc+286    : sd a4, 8(s3)               : MemWrite :  D=0x0000000000000291 A=0x73b38  flags=(IsInteger|IsStore)
 887445: board.processor.cores.core: A0 T0 : 0x1fb3c @sysmalloc+290    : ori a5, a5, 1              : IntAlu :  D=0x0000000000021241  flags=(IsInteger)
 887778: board.processor.cores.core: A0 T0 : 0x1fb40 @sysmalloc+294    : c_sd a5, 8(a3)             : MemWrite :  D=0x0000000000021241 A=0x73dc8  flags=(IsInteger|IsStore)
 888444: board.processor.cores.core: A0 T0 : 0x1fb42 @sysmalloc+296    : addi a0, s3, 16            : IntAlu :  D=0x0000000000073b40  flags=(IsInteger)
 888777: board.processor.cores.core: A0 T0 : 0x1fb46 @sysmalloc+300    : c_ldsp ra, 136(sp)         : MemRead :  D=0x00000000000210ee A=0x7fffffffffffeb48  flags=(IsInteger|IsLoad)
 889110: board.processor.cores.core: A0 T0 : 0x1fb48 @sysmalloc+302    : c_ldsp s0, 128(sp)         : MemRead :  D=0x0000000000000290 A=0x7fffffffffffeb40  flags=(IsInteger|IsLoad)
 889443: board.processor.cores.core: A0 T0 : 0x1fb4a @sysmalloc+304    : c_ldsp s1, 120(sp)         : MemRead :  D=0x000000000006f5c8 A=0x7fffffffffffeb38  flags=(IsInteger|IsLoad)
 889776: board.processor.cores.core: A0 T0 : 0x1fb4c @sysmalloc+306    : c_ldsp s2, 112(sp)         : MemRead :  D=0x0000000000000280 A=0x7fffffffffffeb30  flags=(IsInteger|IsLoad)
 890109: board.processor.cores.core: A0 T0 : 0x1fb4e @sysmalloc+308    : c_ldsp s3, 104(sp)         : MemRead :  D=0x0000000000000004 A=0x7fffffffffffeb28  flags=(IsInteger|IsLoad)
 890442: board.processor.cores.core: A0 T0 : 0x1fb50 @sysmalloc+310    : c_ldsp s4, 96(sp)          : MemRead :  D=0x00000000000103b0 A=0x7fffffffffffeb20  flags=(IsInteger|IsLoad)
 890775: board.processor.cores.core: A0 T0 : 0x1fb52 @sysmalloc+312    : c_ldsp s5, 88(sp)          : MemRead :  D=0x0000000000000000 A=0x7fffffffffffeb18  flags=(IsInteger|IsLoad)
 891108: board.processor.cores.core: A0 T0 : 0x1fb54 @sysmalloc+314    : c_ldsp s6, 80(sp)          : MemRead :  D=0x0000000000000027 A=0x7fffffffffffeb10  flags=(IsInteger|IsLoad)
 891441: board.processor.cores.core: A0 T0 : 0x1fb56 @sysmalloc+316    : c_ldsp s7, 72(sp)          : MemRead :  D=0x000000000006f558 A=0x7fffffffffffeb08  flags=(IsInteger|IsLoad)
 891774: board.processor.cores.core: A0 T0 : 0x1fb58 @sysmalloc+318    : c_ldsp s8, 64(sp)          : MemRead :  D=0x000000000006f628 A=0x7fffffffffffeb00  flags=(IsInteger|IsLoad)
 892107: board.processor.cores.core: A0 T0 : 0x1fb5a @sysmalloc+320    : c_ldsp s9, 56(sp)          : MemRead :  D=0x0000000000000029 A=0x7fffffffffffeaf8  flags=(IsInteger|IsLoad)
 892440: board.processor.cores.core: A0 T0 : 0x1fb5c @sysmalloc+322    : c_ldsp s10, 48(sp)         : MemRead :  D=0x000000000000000a A=0x7fffffffffffeaf0  flags=(IsInteger|IsLoad)
 892773: board.processor.cores.core: A0 T0 : 0x1fb5e @sysmalloc+324    : c_ldsp s11, 40(sp)         : MemRead :  D=0x0000000000001000 A=0x7fffffffffffeae8  flags=(IsInteger|IsLoad)
 893106: board.processor.cores.core: A0 T0 : 0x1fb60 @sysmalloc+326    : c_addi16sp sp, 144         : IntAlu :  D=0x7fffffffffffeb50  flags=(IsInteger)
 893439: board.processor.cores.core: A0 T0 : 0x1fb62 @sysmalloc+328    : c_jr ra                    : IntAlu :   flags=(IsInteger|IsControl|IsIndirectControl|IsUncondControl|IsReturn)
 893772: board.processor.cores.core: A0 T0 : 0x210ee @_int_malloc+2502    : c_mv s3, a0                : IntAlu :  D=0x0000000000073b40  flags=(IsInteger)
 894105: board.processor.cores.core: A0 T0 : 0x210f0 @_int_malloc+2504    : beq a0, ft0, -1300         : IntAlu :   flags=(IsInteger|IsControl|IsDirectControl|IsCondControl)
 894438: board.processor.cores.core: A0 T0 : 0x210f4 @_int_malloc+2508    : c_mv a1, s2                : IntAlu :  D=0x0000000000000280  flags=(IsInteger)
 895104: board.processor.cores.core: A0 T0 : 0x210f6 @_int_malloc+2510    : jal ra, -9582              : IntAlu :  D=0x00000000000210fa  flags=(IsInteger|IsControl|IsDirectControl|IsUncondControl|IsCall)
 895437: board.processor.cores.core: A0 T0 : 0x1eb88 @alloc_perturb    : lw a5, -1284(gp)           : MemRead :  D=0x0000000000000000 A=0x70bc4  flags=(IsInteger|IsLoad)
 895770: board.processor.cores.core: A0 T0 : 0x1eb8c @alloc_perturb+4    : c_bnez a5, 4               : IntAlu :   flags=(IsInteger|IsControl|IsDirectControl|IsCondControl)
 896103: board.processor.cores.core: A0 T0 : 0x1eb8e @alloc_perturb+6    : c_jr ra                    : IntAlu :   flags=(IsInteger|IsControl|IsIndirectControl|IsUncondControl|IsReturn)
 896436: board.processor.cores.core: A0 T0 : 0x210fa @_int_malloc+2514    : c_j -1310                  : IntAlu :   flags=(IsControl|IsDirectControl|IsUncondControl)
 896769: board.processor.cores.core: A0 T0 : 0x20bdc @_int_malloc+1204    : c_ldsp ra, 248(sp)         : MemRead :  D=0x0000000000021940 A=0x7fffffffffffec48  flags=(IsInteger|IsLoad)
 897102: board.processor.cores.core: A0 T0 : 0x20bde @_int_malloc+1206    : c_ldsp s0, 240(sp)         : MemRead :  D=0x000000000006f5c8 A=0x7fffffffffffec40  flags=(IsInteger|IsLoad)
 897435: board.processor.cores.core: A0 T0 : 0x20be0 @_int_malloc+1208    : c_ldsp s1, 232(sp)         : MemRead :  D=0x000000000006f5c8 A=0x7fffffffffffec38  flags=(IsInteger|IsLoad)
 897768: board.processor.cores.core: A0 T0 : 0x20be2 @_int_malloc+1210    : c_ldsp s2, 224(sp)         : MemRead :  D=0x7fffffffffffff18 A=0x7fffffffffffec30  flags=(IsInteger|IsLoad)
 898101: board.processor.cores.core: A0 T0 : 0x20be4 @_int_malloc+1212    : c_ldsp s4, 208(sp)         : MemRead :  D=0x00000000000103b0 A=0x7fffffffffffec20  flags=(IsInteger|IsLoad)
 898434: board.processor.cores.core: A0 T0 : 0x20be6 @_int_malloc+1214    : c_ldsp s5, 200(sp)         : MemRead :  D=0x00000000ffffffff A=0x7fffffffffffec18  flags=(IsInteger|IsLoad)
 898767: board.processor.cores.core: A0 T0 : 0x20be8 @_int_malloc+1216    : c_ldsp s6, 192(sp)         : MemRead :  D=0x000000000000003a A=0x7fffffffffffec10  flags=(IsInteger|IsLoad)
 899100: board.processor.cores.core: A0 T0 : 0x20bea @_int_malloc+1218    : c_ldsp s7, 184(sp)         : MemRead :  D=0x0000000000000000 A=0x7fffffffffffec08  flags=(IsInteger|IsLoad)
 899433: board.processor.cores.core: A0 T0 : 0x20bec @_int_malloc+1220    : c_ldsp s8, 176(sp)         : MemRead :  D=0x0000000000000000 A=0x7fffffffffffec00  flags=(IsInteger|IsLoad)
 899766: board.processor.cores.core: A0 T0 : 0x20bee @_int_malloc+1222    : c_ldsp s9, 168(sp)         : MemRead :  D=0x0000000000000000 A=0x7fffffffffffebf8  flags=(IsInteger|IsLoad)
 900099: board.processor.cores.core: A0 T0 : 0x20bf0 @_int_malloc+1224    : c_ldsp s10, 160(sp)        : MemRead :  D=0x0000000000000000 A=0x7fffffffffffebf0  flags=(IsInteger|IsLoad)
 900432: board.processor.cores.core: A0 T0 : 0x20bf2 @_int_malloc+1226    : c_ldsp s11, 152(sp)        : MemRead :  D=0x0000000000000000 A=0x7fffffffffffebe8  flags=(IsInteger|IsLoad)
 900765: board.processor.cores.core: A0 T0 : 0x20bf4 @_int_malloc+1228    : c_mv a0, s3                : IntAlu :  D=0x0000000000073b40  flags=(IsInteger)
 901098: board.processor.cores.core: A0 T0 : 0x20bf6 @_int_malloc+1230    : c_ldsp s3, 216(sp)         : MemRead :  D=0x0000000000000000 A=0x7fffffffffffec28  flags=(IsInteger|IsLoad)
 901431: board.processor.cores.core: A0 T0 : 0x20bf8 @_int_malloc+1232    : c_addi16sp sp, 256         : IntAlu :  D=0x7fffffffffffec50  flags=(IsInteger)
 901764: board.processor.cores.core: A0 T0 : 0x20bfa @_int_malloc+1234    : c_jr ra                    : IntAlu :   flags=(IsInteger|IsControl|IsIndirectControl|IsUncondControl|IsReturn)
 902097: board.processor.cores.core: A0 T0 : 0x21940 @tcache_init.part.0+52    : c_mv a5, a0                : IntAlu :  D=0x0000000000073b40  flags=(IsInteger)
 902430: board.processor.cores.core: A0 T0 : 0x21942 @tcache_init.part.0+54    : c_beqz a0, 70              : IntAlu :   flags=(IsInteger|IsControl|IsDirectControl|IsCondControl)
 902763: board.processor.cores.core: A0 T0 : 0x21944 @tcache_init.part.0+56    : c_li a4, 0                 : IntAlu :  D=0x0000000000000000  flags=(IsInteger)
 903429: board.processor.cores.core: A0 T0 : 0x21946 @tcache_init.part.0+58    : fence iorw, ow             : No_OpClass :   flags=(IsWriteBarrier|IsReadBarrier)
 904095: board.processor.cores.core: A0 T0 : 0x2194a @tcache_init.part.0+62    : amoswap_w a4, a4, (s0)    
 904095: board.processor.cores.core: A0 T0 : 0x2194a @tcache_init.part.0+62. 0 : amoswap_w[l] a4, a4, (s0)  : MemRead :  D=0x0000000000000001 A=0x6f5c8  flags=(IsInteger|IsAtomic|IsMicroop|IsLastMicroop|IsFirstMicroop)
 904428: board.processor.cores.core: A0 T0 : 0x2194e @tcache_init.part.0+66    : c_addiw a4, 0              : IntAlu :  D=0x0000000000000001  flags=(IsInteger)
 904761: board.processor.cores.core: A0 T0 : 0x21950 @tcache_init.part.0+68    : c_li a3, 1                 : IntAlu :  D=0x0000000000000001  flags=(IsInteger)
 905427: board.processor.cores.core: A0 T0 : 0x21952 @tcache_init.part.0+70    : blt a3, a4, 96             : IntAlu :   flags=(IsInteger|IsControl|IsDirectControl|IsCondControl)
 905760: board.processor.cores.core: A0 T0 : 0x21956 @tcache_init.part.0+74    : c_ldsp s0, 16(sp)          : MemRead :  D=0x0000000000000069 A=0x7fffffffffffec60  flags=(IsInteger|IsLoad)
 906093: board.processor.cores.core: A0 T0 : 0x21958 @tcache_init.part.0+76    : c_ldsp ra, 24(sp)          : MemRead :  D=0x0000000000021bf8 A=0x7fffffffffffec68  flags=(IsInteger|IsLoad)
 906426: board.processor.cores.core: A0 T0 : 0x2195a @tcache_init.part.0+78    : c_ldsp s1, 8(sp)           : MemRead :  D=0x0000000000000006 A=0x7fffffffffffec58  flags=(IsInteger|IsLoad)
 906759: board.processor.cores.core: A0 T0 : 0x2195c @tcache_init.part.0+80    : sd a5, 40(tp)              : MemWrite :  D=0x0000000000073b40 A=0x737c8  flags=(IsInteger|IsStore)
 907092: board.processor.cores.core: A0 T0 : 0x21960 @tcache_init.part.0+84    : addi a2, ft0, 640          : IntAlu :  D=0x0000000000000280  flags=(IsInteger)
 907425: board.processor.cores.core: A0 T0 : 0x21964 @tcache_init.part.0+88    : c_li a1, 0                 : IntAlu :  D=0x0000000000000000  flags=(IsInteger)
 907758: board.processor.cores.core: A0 T0 : 0x21966 @tcache_init.part.0+90    : c_mv a0, a5                : IntAlu :  D=0x0000000000073b40  flags=(IsInteger)
 908091: board.processor.cores.core: A0 T0 : 0x21968 @tcache_init.part.0+92    : c_addi16sp sp, 32          : IntAlu :  D=0x7fffffffffffec70  flags=(IsInteger)
 908757: board.processor.cores.core: A0 T0 : 0x2196a @tcache_init.part.0+94    : jal ft0, 9292              : IntAlu :  D=0x000000000002196e  flags=(IsInteger|IsControl|IsDirectControl|IsUncondControl)
 909090: board.processor.cores.core: A0 T0 : 0x23db6 @memset    : c_li a4, 7                 : IntAlu :  D=0x0000000000000007  flags=(IsInteger)
 909423: board.processor.cores.core: A0 T0 : 0x23db8 @memset+2    : c_mv a5, a0                : IntAlu :  D=0x0000000000073b40  flags=(IsInteger)
 910089: board.processor.cores.core: A0 T0 : 0x23dba @memset+4    : bgeu a4, a2, 140           : IntAlu :   flags=(IsInteger|IsControl|IsDirectControl|IsCondControl)
 910755: board.processor.cores.core: A0 T0 : 0x23dbe @memset+8    : andi a6, a1, 255           : IntAlu :  D=0x0000000000000000  flags=(IsInteger)
 911421: board.processor.cores.core: A0 T0 : 0x23dc2 @memset+12    : slli a4, a6, 8             : IntAlu :  D=0x0000000000000000  flags=(IsInteger)
 912087: board.processor.cores.core: A0 T0 : 0x23dc6 @memset+16    : or a4, a4, a6              : IntAlu :  D=0x0000000000000000  flags=(IsInteger)
 912753: board.processor.cores.core: A0 T0 : 0x23dca @memset+20    : slli a3, a4, 16            : IntAlu :  D=0x0000000000000000  flags=(IsInteger)
 913086: board.processor.cores.core: A0 T0 : 0x23dce @memset+24    : c_or a3, a4                : IntAlu :  D=0x0000000000000000  flags=(IsInteger)
 913419: board.processor.cores.core: A0 T0 : 0x23dd0 @memset+26    : slli a4, a3, 32            : IntAlu :  D=0x0000000000000000  flags=(IsInteger)
 913752: board.processor.cores.core: A0 T0 : 0x23dd4 @memset+30    : andi a7, a0, 7             : IntAlu :  D=0x0000000000000000  flags=(IsInteger)
 914085: board.processor.cores.core: A0 T0 : 0x23dd8 @memset+34    : c_or a4, a3                : IntAlu :  D=0x0000000000000000  flags=(IsInteger)
 914751: board.processor.cores.core: A0 T0 : 0x23dda @memset+36    : beq a7, ft0, 130           : IntAlu :   flags=(IsInteger|IsControl|IsDirectControl|IsCondControl)
 915084: board.processor.cores.core: A0 T0 : 0x23e5c @memset+166    : c_mv a3, a2                : IntAlu :  D=0x0000000000000280  flags=(IsInteger)
 915417: board.processor.cores.core: A0 T0 : 0x23e5e @memset+168    : c_j -108                   : IntAlu :   flags=(IsControl|IsDirectControl|IsUncondControl)
 916083: board.processor.cores.core: A0 T0 : 0x23df2 @memset+60    : srli a6, a3, 6             : IntAlu :  D=0x000000000000000a  flags=(IsInteger)
 916749: board.processor.cores.core: A0 T0 : 0x23df6 @memset+64    : beq a6, ft0, 42            : IntAlu :   flags=(IsInteger|IsControl|IsDirectControl|IsCondControl)
 917415: board.processor.cores.core: A0 T0 : 0x23dfa @memset+68    : slli a2, a6, 6             : IntAlu :  D=0x0000000000000280  flags=(IsInteger)
 917748: board.processor.cores.core: A0 T0 : 0x23dfe @memset+72    : c_mv a7, a5                : IntAlu :  D=0x0000000000073b40  flags=(IsInteger)
 918081: board.processor.cores.core: A0 T0 : 0x23e00 @memset+74    : c_add a2, a5               : IntAlu :  D=0x0000000000073dc0  flags=(IsInteger)
 918414: board.processor.cores.core: A0 T0 : 0x23e02 @memset+76    : c_sd a4, 0(a5)             : MemWrite :  D=0x0000000000000000 A=0x73b40  flags=(IsInteger|IsStore)
 918747: board.processor.cores.core: A0 T0 : 0x23e04 @memset+78    : c_sd a4, 8(a5)             : MemWrite :  D=0x0000000000000000 A=0x73b48  flags=(IsInteger|IsStore)
 919080: board.processor.cores.core: A0 T0 : 0x23e06 @memset+80    : c_sd a4, 16(a5)            : MemWrite :  D=0x0000000000000000 A=0x73b50  flags=(IsInteger|IsStore)
 919413: board.processor.cores.core: A0 T0 : 0x23e08 @memset+82    : c_sd a4, 24(a5)            : MemWrite :  D=0x0000000000000000 A=0x73b58  flags=(IsInteger|IsStore)
 919746: board.processor.cores.core: A0 T0 : 0x23e0a @memset+84    : c_sd a4, 32(a5)            : MemWrite :  D=0x0000000000000000 A=0x73b60  flags=(IsInteger|IsStore)
 920079: board.processor.cores.core: A0 T0 : 0x23e0c @memset+86    : c_sd a4, 40(a5)            : MemWrite :  D=0x0000000000000000 A=0x73b68  flags=(IsInteger|IsStore)
 920412: board.processor.cores.core: A0 T0 : 0x23e0e @memset+88    : c_sd a4, 48(a5)            : MemWrite :  D=0x0000000000000000 A=0x73b70  flags=(IsInteger|IsStore)
 920745: board.processor.cores.core: A0 T0 : 0x23e10 @memset+90    : c_sd a4, 56(a5)            : MemWrite :  D=0x0000000000000000 A=0x73b78  flags=(IsInteger|IsStore)
 921411: board.processor.cores.core: A0 T0 : 0x23e12 @memset+92    : addi a5, a5, 64            : IntAlu :  D=0x0000000000073b80  flags=(IsInteger)
 922077: board.processor.cores.core: A0 T0 : 0x23e16 @memset+96    : bne a2, a5, -20            : IntAlu :   flags=(IsInteger|IsControl|IsDirectControl|IsCondControl)
 922410: board.processor.cores.core: A0 T0 : 0x23e02 @memset+76    : c_sd a4, 0(a5)             : MemWrite :  D=0x0000000000000000 A=0x73b80  flags=(IsInteger|IsStore)
 922743: board.processor.cores.core: A0 T0 : 0x23e04 @memset+78    : c_sd a4, 8(a5)             : MemWrite :  D=0x0000000000000000 A=0x73b88  flags=(IsInteger|IsStore)
 923076: board.processor.cores.core: A0 T0 : 0x23e06 @memset+80    : c_sd a4, 16(a5)            : MemWrite :  D=0x0000000000000000 A=0x73b90  flags=(IsInteger|IsStore)
 923409: board.processor.cores.core: A0 T0 : 0x23e08 @memset+82    : c_sd a4, 24(a5)            : MemWrite :  D=0x0000000000000000 A=0x73b98  flags=(IsInteger|IsStore)
 923742: board.processor.cores.core: A0 T0 : 0x23e0a @memset+84    : c_sd a4, 32(a5)            : MemWrite :  D=0x0000000000000000 A=0x73ba0  flags=(IsInteger|IsStore)
 924075: board.processor.cores.core: A0 T0 : 0x23e0c @memset+86    : c_sd a4, 40(a5)            : MemWrite :  D=0x0000000000000000 A=0x73ba8  flags=(IsInteger|IsStore)
 924408: board.processor.cores.core: A0 T0 : 0x23e0e @memset+88    : c_sd a4, 48(a5)            : MemWrite :  D=0x0000000000000000 A=0x73bb0  flags=(IsInteger|IsStore)
 924741: board.processor.cores.core: A0 T0 : 0x23e10 @memset+90    : c_sd a4, 56(a5)            : MemWrite :  D=0x0000000000000000 A=0x73bb8  flags=(IsInteger|IsStore)
 925407: board.processor.cores.core: A0 T0 : 0x23e12 @memset+92    : addi a5, a5, 64            : IntAlu :  D=0x0000000000073bc0  flags=(IsInteger)
 926073: board.processor.cores.core: A0 T0 : 0x23e16 @memset+96    : bne a2, a5, -20            : IntAlu :   flags=(IsInteger|IsControl|IsDirectControl|IsCondControl)
 926406: board.processor.cores.core: A0 T0 : 0x23e02 @memset+76    : c_sd a4, 0(a5)             : MemWrite :  D=0x0000000000000000 A=0x73bc0  flags=(IsInteger|IsStore)
 926739: board.processor.cores.core: A0 T0 : 0x23e04 @memset+78    : c_sd a4, 8(a5)             : MemWrite :  D=0x0000000000000000 A=0x73bc8  flags=(IsInteger|IsStore)
 927072: board.processor.cores.core: A0 T0 : 0x23e06 @memset+80    : c_sd a4, 16(a5)            : MemWrite :  D=0x0000000000000000 A=0x73bd0  flags=(IsInteger|IsStore)
 927405: board.processor.cores.core: A0 T0 : 0x23e08 @memset+82    : c_sd a4, 24(a5)            : MemWrite :  D=0x0000000000000000 A=0x73bd8  flags=(IsInteger|IsStore)
 927738: board.processor.cores.core: A0 T0 : 0x23e0a @memset+84    : c_sd a4, 32(a5)            : MemWrite :  D=0x0000000000000000 A=0x73be0  flags=(IsInteger|IsStore)
 928071: board.processor.cores.core: A0 T0 : 0x23e0c @memset+86    : c_sd a4, 40(a5)            : MemWrite :  D=0x0000000000000000 A=0x73be8  flags=(IsInteger|IsStore)
 928404: board.processor.cores.core: A0 T0 : 0x23e0e @memset+88    : c_sd a4, 48(a5)            : MemWrite :  D=0x0000000000000000 A=0x73bf0  flags=(IsInteger|IsStore)
 928737: board.processor.cores.core: A0 T0 : 0x23e10 @memset+90    : c_sd a4, 56(a5)            : MemWrite :  D=0x0000000000000000 A=0x73bf8  flags=(IsInteger|IsStore)
 929403: board.processor.cores.core: A0 T0 : 0x23e12 @memset+92    : addi a5, a5, 64            : IntAlu :  D=0x0000000000073c00  flags=(IsInteger)
 930069: board.processor.cores.core: A0 T0 : 0x23e16 @memset+96    : bne a2, a5, -20            : IntAlu :   flags=(IsInteger|IsControl|IsDirectControl|IsCondControl)
 930402: board.processor.cores.core: A0 T0 : 0x23e02 @memset+76    : c_sd a4, 0(a5)             : MemWrite :  D=0x0000000000000000 A=0x73c00  flags=(IsInteger|IsStore)
 930735: board.processor.cores.core: A0 T0 : 0x23e04 @memset+78    : c_sd a4, 8(a5)             : MemWrite :  D=0x0000000000000000 A=0x73c08  flags=(IsInteger|IsStore)
 931068: board.processor.cores.core: A0 T0 : 0x23e06 @memset+80    : c_sd a4, 16(a5)            : MemWrite :  D=0x0000000000000000 A=0x73c10  flags=(IsInteger|IsStore)
 931401: board.processor.cores.core: A0 T0 : 0x23e08 @memset+82    : c_sd a4, 24(a5)            : MemWrite :  D=0x0000000000000000 A=0x73c18  flags=(IsInteger|IsStore)
 931734: board.processor.cores.core: A0 T0 : 0x23e0a @memset+84    : c_sd a4, 32(a5)            : MemWrite :  D=0x0000000000000000 A=0x73c20  flags=(IsInteger|IsStore)
 932067: board.processor.cores.core: A0 T0 : 0x23e0c @memset+86    : c_sd a4, 40(a5)            : MemWrite :  D=0x0000000000000000 A=0x73c28  flags=(IsInteger|IsStore)
 932400: board.processor.cores.core: A0 T0 : 0x23e0e @memset+88    : c_sd a4, 48(a5)            : MemWrite :  D=0x0000000000000000 A=0x73c30  flags=(IsInteger|IsStore)
 932733: board.processor.cores.core: A0 T0 : 0x23e10 @memset+90    : c_sd a4, 56(a5)            : MemWrite :  D=0x0000000000000000 A=0x73c38  flags=(IsInteger|IsStore)
 933399: board.processor.cores.core: A0 T0 : 0x23e12 @memset+92    : addi a5, a5, 64            : IntAlu :  D=0x0000000000073c40  flags=(IsInteger)
 934065: board.processor.cores.core: A0 T0 : 0x23e16 @memset+96    : bne a2, a5, -20            : IntAlu :   flags=(IsInteger|IsControl|IsDirectControl|IsCondControl)
 934398: board.processor.cores.core: A0 T0 : 0x23e02 @memset+76    : c_sd a4, 0(a5)             : MemWrite :  D=0x0000000000000000 A=0x73c40  flags=(IsInteger|IsStore)
 934731: board.processor.cores.core: A0 T0 : 0x23e04 @memset+78    : c_sd a4, 8(a5)             : MemWrite :  D=0x0000000000000000 A=0x73c48  flags=(IsInteger|IsStore)
 935064: board.processor.cores.core: A0 T0 : 0x23e06 @memset+80    : c_sd a4, 16(a5)            : MemWrite :  D=0x0000000000000000 A=0x73c50  flags=(IsInteger|IsStore)
 935397: board.processor.cores.core: A0 T0 : 0x23e08 @memset+82    : c_sd a4, 24(a5)            : MemWrite :  D=0x0000000000000000 A=0x73c58  flags=(IsInteger|IsStore)
 935730: board.processor.cores.core: A0 T0 : 0x23e0a @memset+84    : c_sd a4, 32(a5)            : MemWrite :  D=0x0000000000000000 A=0x73c60  flags=(IsInteger|IsStore)
 936063: board.processor.cores.core: A0 T0 : 0x23e0c @memset+86    : c_sd a4, 40(a5)            : MemWrite :  D=0x0000000000000000 A=0x73c68  flags=(IsInteger|IsStore)
 936396: board.processor.cores.core: A0 T0 : 0x23e0e @memset+88    : c_sd a4, 48(a5)            : MemWrite :  D=0x0000000000000000 A=0x73c70  flags=(IsInteger|IsStore)
 936729: board.processor.cores.core: A0 T0 : 0x23e10 @memset+90    : c_sd a4, 56(a5)            : MemWrite :  D=0x0000000000000000 A=0x73c78  flags=(IsInteger|IsStore)
 937395: board.processor.cores.core: A0 T0 : 0x23e12 @memset+92    : addi a5, a5, 64            : IntAlu :  D=0x0000000000073c80  flags=(IsInteger)
 938061: board.processor.cores.core: A0 T0 : 0x23e16 @memset+96    : bne a2, a5, -20            : IntAlu :   flags=(IsInteger|IsControl|IsDirectControl|IsCondControl)
 938394: board.processor.cores.core: A0 T0 : 0x23e02 @memset+76    : c_sd a4, 0(a5)             : MemWrite :  D=0x0000000000000000 A=0x73c80  flags=(IsInteger|IsStore)
 938727: board.processor.cores.core: A0 T0 : 0x23e04 @memset+78    : c_sd a4, 8(a5)             : MemWrite :  D=0x0000000000000000 A=0x73c88  flags=(IsInteger|IsStore)
 939060: board.processor.cores.core: A0 T0 : 0x23e06 @memset+80    : c_sd a4, 16(a5)            : MemWrite :  D=0x0000000000000000 A=0x73c90  flags=(IsInteger|IsStore)
 939393: board.processor.cores.core: A0 T0 : 0x23e08 @memset+82    : c_sd a4, 24(a5)            : MemWrite :  D=0x0000000000000000 A=0x73c98  flags=(IsInteger|IsStore)
 939726: board.processor.cores.core: A0 T0 : 0x23e0a @memset+84    : c_sd a4, 32(a5)            : MemWrite :  D=0x0000000000000000 A=0x73ca0  flags=(IsInteger|IsStore)
 940059: board.processor.cores.core: A0 T0 : 0x23e0c @memset+86    : c_sd a4, 40(a5)            : MemWrite :  D=0x0000000000000000 A=0x73ca8  flags=(IsInteger|IsStore)
 940392: board.processor.cores.core: A0 T0 : 0x23e0e @memset+88    : c_sd a4, 48(a5)            : MemWrite :  D=0x0000000000000000 A=0x73cb0  flags=(IsInteger|IsStore)
 940725: board.processor.cores.core: A0 T0 : 0x23e10 @memset+90    : c_sd a4, 56(a5)            : MemWrite :  D=0x0000000000000000 A=0x73cb8  flags=(IsInteger|IsStore)
 941391: board.processor.cores.core: A0 T0 : 0x23e12 @memset+92    : addi a5, a5, 64            : IntAlu :  D=0x0000000000073cc0  flags=(IsInteger)
 942057: board.processor.cores.core: A0 T0 : 0x23e16 @memset+96    : bne a2, a5, -20            : IntAlu :   flags=(IsInteger|IsControl|IsDirectControl|IsCondControl)
 942390: board.processor.cores.core: A0 T0 : 0x23e02 @memset+76    : c_sd a4, 0(a5)             : MemWrite :  D=0x0000000000000000 A=0x73cc0  flags=(IsInteger|IsStore)
 942723: board.processor.cores.core: A0 T0 : 0x23e04 @memset+78    : c_sd a4, 8(a5)             : MemWrite :  D=0x0000000000000000 A=0x73cc8  flags=(IsInteger|IsStore)
 943056: board.processor.cores.core: A0 T0 : 0x23e06 @memset+80    : c_sd a4, 16(a5)            : MemWrite :  D=0x0000000000000000 A=0x73cd0  flags=(IsInteger|IsStore)
 943389: board.processor.cores.core: A0 T0 : 0x23e08 @memset+82    : c_sd a4, 24(a5)            : MemWrite :  D=0x0000000000000000 A=0x73cd8  flags=(IsInteger|IsStore)
 943722: board.processor.cores.core: A0 T0 : 0x23e0a @memset+84    : c_sd a4, 32(a5)            : MemWrite :  D=0x0000000000000000 A=0x73ce0  flags=(IsInteger|IsStore)
 944055: board.processor.cores.core: A0 T0 : 0x23e0c @memset+86    : c_sd a4, 40(a5)            : MemWrite :  D=0x0000000000000000 A=0x73ce8  flags=(IsInteger|IsStore)
 944388: board.processor.cores.core: A0 T0 : 0x23e0e @memset+88    : c_sd a4, 48(a5)            : MemWrite :  D=0x0000000000000000 A=0x73cf0  flags=(IsInteger|IsStore)
 944721: board.processor.cores.core: A0 T0 : 0x23e10 @memset+90    : c_sd a4, 56(a5)            : MemWrite :  D=0x0000000000000000 A=0x73cf8  flags=(IsInteger|IsStore)
 945387: board.processor.cores.core: A0 T0 : 0x23e12 @memset+92    : addi a5, a5, 64            : IntAlu :  D=0x0000000000073d00  flags=(IsInteger)
 946053: board.processor.cores.core: A0 T0 : 0x23e16 @memset+96    : bne a2, a5, -20            : IntAlu :   flags=(IsInteger|IsControl|IsDirectControl|IsCondControl)
 946386: board.processor.cores.core: A0 T0 : 0x23e02 @memset+76    : c_sd a4, 0(a5)             : MemWrite :  D=0x0000000000000000 A=0x73d00  flags=(IsInteger|IsStore)
 946719: board.processor.cores.core: A0 T0 : 0x23e04 @memset+78    : c_sd a4, 8(a5)             : MemWrite :  D=0x0000000000000000 A=0x73d08  flags=(IsInteger|IsStore)
 947052: board.processor.cores.core: A0 T0 : 0x23e06 @memset+80    : c_sd a4, 16(a5)            : MemWrite :  D=0x0000000000000000 A=0x73d10  flags=(IsInteger|IsStore)
 947385: board.processor.cores.core: A0 T0 : 0x23e08 @memset+82    : c_sd a4, 24(a5)            : MemWrite :  D=0x0000000000000000 A=0x73d18  flags=(IsInteger|IsStore)
 947718: board.processor.cores.core: A0 T0 : 0x23e0a @memset+84    : c_sd a4, 32(a5)            : MemWrite :  D=0x0000000000000000 A=0x73d20  flags=(IsInteger|IsStore)
 948051: board.processor.cores.core: A0 T0 : 0x23e0c @memset+86    : c_sd a4, 40(a5)            : MemWrite :  D=0x0000000000000000 A=0x73d28  flags=(IsInteger|IsStore)
 948384: board.processor.cores.core: A0 T0 : 0x23e0e @memset+88    : c_sd a4, 48(a5)            : MemWrite :  D=0x0000000000000000 A=0x73d30  flags=(IsInteger|IsStore)
 948717: board.processor.cores.core: A0 T0 : 0x23e10 @memset+90    : c_sd a4, 56(a5)            : MemWrite :  D=0x0000000000000000 A=0x73d38  flags=(IsInteger|IsStore)
 949383: board.processor.cores.core: A0 T0 : 0x23e12 @memset+92    : addi a5, a5, 64            : IntAlu :  D=0x0000000000073d40  flags=(IsInteger)
 950049: board.processor.cores.core: A0 T0 : 0x23e16 @memset+96    : bne a2, a5, -20            : IntAlu :   flags=(IsInteger|IsControl|IsDirectControl|IsCondControl)
 950382: board.processor.cores.core: A0 T0 : 0x23e02 @memset+76    : c_sd a4, 0(a5)             : MemWrite :  D=0x0000000000000000 A=0x73d40  flags=(IsInteger|IsStore)
 950715: board.processor.cores.core: A0 T0 : 0x23e04 @memset+78    : c_sd a4, 8(a5)             : MemWrite :  D=0x0000000000000000 A=0x73d48  flags=(IsInteger|IsStore)
 951048: board.processor.cores.core: A0 T0 : 0x23e06 @memset+80    : c_sd a4, 16(a5)            : MemWrite :  D=0x0000000000000000 A=0x73d50  flags=(IsInteger|IsStore)
 951381: board.processor.cores.core: A0 T0 : 0x23e08 @memset+82    : c_sd a4, 24(a5)            : MemWrite :  D=0x0000000000000000 A=0x73d58  flags=(IsInteger|IsStore)
 951714: board.processor.cores.core: A0 T0 : 0x23e0a @memset+84    : c_sd a4, 32(a5)            : MemWrite :  D=0x0000000000000000 A=0x73d60  flags=(IsInteger|IsStore)
 952047: board.processor.cores.core: A0 T0 : 0x23e0c @memset+86    : c_sd a4, 40(a5)            : MemWrite :  D=0x0000000000000000 A=0x73d68  flags=(IsInteger|IsStore)
 952380: board.processor.cores.core: A0 T0 : 0x23e0e @memset+88    : c_sd a4, 48(a5)            : MemWrite :  D=0x0000000000000000 A=0x73d70  flags=(IsInteger|IsStore)
 952713: board.processor.cores.core: A0 T0 : 0x23e10 @memset+90    : c_sd a4, 56(a5)            : MemWrite :  D=0x0000000000000000 A=0x73d78  flags=(IsInteger|IsStore)
 953379: board.processor.cores.core: A0 T0 : 0x23e12 @memset+92    : addi a5, a5, 64            : IntAlu :  D=0x0000000000073d80  flags=(IsInteger)
 954045: board.processor.cores.core: A0 T0 : 0x23e16 @memset+96    : bne a2, a5, -20            : IntAlu :   flags=(IsInteger|IsControl|IsDirectControl|IsCondControl)
 954378: board.processor.cores.core: A0 T0 : 0x23e02 @memset+76    : c_sd a4, 0(a5)             : MemWrite :  D=0x0000000000000000 A=0x73d80  flags=(IsInteger|IsStore)
 954711: board.processor.cores.core: A0 T0 : 0x23e04 @memset+78    : c_sd a4, 8(a5)             : MemWrite :  D=0x0000000000000000 A=0x73d88  flags=(IsInteger|IsStore)
 955044: board.processor.cores.core: A0 T0 : 0x23e06 @memset+80    : c_sd a4, 16(a5)            : MemWrite :  D=0x0000000000000000 A=0x73d90  flags=(IsInteger|IsStore)
 955377: board.processor.cores.core: A0 T0 : 0x23e08 @memset+82    : c_sd a4, 24(a5)            : MemWrite :  D=0x0000000000000000 A=0x73d98  flags=(IsInteger|IsStore)
 955710: board.processor.cores.core: A0 T0 : 0x23e0a @memset+84    : c_sd a4, 32(a5)            : MemWrite :  D=0x0000000000000000 A=0x73da0  flags=(IsInteger|IsStore)
 956043: board.processor.cores.core: A0 T0 : 0x23e0c @memset+86    : c_sd a4, 40(a5)            : MemWrite :  D=0x0000000000000000 A=0x73da8  flags=(IsInteger|IsStore)
 956376: board.processor.cores.core: A0 T0 : 0x23e0e @memset+88    : c_sd a4, 48(a5)            : MemWrite :  D=0x0000000000000000 A=0x73db0  flags=(IsInteger|IsStore)
 956709: board.processor.cores.core: A0 T0 : 0x23e10 @memset+90    : c_sd a4, 56(a5)            : MemWrite :  D=0x0000000000000000 A=0x73db8  flags=(IsInteger|IsStore)
 957375: board.processor.cores.core: A0 T0 : 0x23e12 @memset+92    : addi a5, a5, 64            : IntAlu :  D=0x0000000000073dc0  flags=(IsInteger)
 958041: board.processor.cores.core: A0 T0 : 0x23e16 @memset+96    : bne a2, a5, -20            : IntAlu :   flags=(IsInteger|IsControl|IsDirectControl|IsCondControl)
 958374: board.processor.cores.core: A0 T0 : 0x23e1a @memset+100    : c_slli a6, 6               : IntAlu :  D=0x0000000000000280  flags=(IsInteger)
 958707: board.processor.cores.core: A0 T0 : 0x23e1c @memset+102    : add a5, a6, a7             : IntAlu :  D=0x0000000000073dc0  flags=(IsInteger)
 959040: board.processor.cores.core: A0 T0 : 0x23e20 @memset+106    : srli a6, a3, 3             : IntAlu :  D=0x0000000000000050  flags=(IsInteger)
 959373: board.processor.cores.core: A0 T0 : 0x23e24 @memset+110    : andi a6, a6, 7             : IntAlu :  D=0x0000000000000000  flags=(IsInteger)
 959706: board.processor.cores.core: A0 T0 : 0x23e28 @memset+114    : beq a6, ft0, 26            : IntAlu :   flags=(IsInteger|IsControl|IsDirectControl|IsCondControl)
 960372: board.processor.cores.core: A0 T0 : 0x23e42 @memset+140    : andi a2, a3, 7             : IntAlu :  D=0x0000000000000000  flags=(IsInteger)
 961038: board.processor.cores.core: A0 T0 : 0x23e46 @memset+144    : andi a1, a1, 255           : IntAlu :  D=0x0000000000000000  flags=(IsInteger)
 961704: board.processor.cores.core: A0 T0 : 0x23e4a @memset+148    : add a4, a5, a2             : IntAlu :  D=0x0000000000073dc0  flags=(IsInteger)
 962037: board.processor.cores.core: A0 T0 : 0x23e4e @memset+152    : c_beqz a2, 12              : IntAlu :   flags=(IsInteger|IsControl|IsDirectControl|IsCondControl)
 962370: board.processor.cores.core: A0 T0 : 0x23e5a @memset+164    : c_jr ra                    : IntAlu :   flags=(IsInteger|IsControl|IsIndirectControl|IsUncondControl|IsReturn)
 962703: board.processor.cores.core: A0 T0 : 0x21bf8 @__libc_malloc+146    : lui a5, 111                : IntAlu :  D=0x000000000006f000  flags=(IsInteger)
 963036: board.processor.cores.core: A0 T0 : 0x21bfc @__libc_malloc+150    : ld a5, 1448(a5)            : MemRead :  D=0x0000000000000040 A=0x6f5a8  flags=(IsInteger|IsLoad)
 963369: board.processor.cores.core: A0 T0 : 0x21c00 @__libc_malloc+154    : bgeu s1, a5, -100          : IntAlu :   flags=(IsInteger|IsControl|IsDirectControl|IsCondControl)
 963702: board.processor.cores.core: A0 T0 : 0x21c04 @__libc_malloc+158    : ld a5, 40(tp)              : MemRead :  D=0x0000000000073b40 A=0x737c8  flags=(IsInteger|IsLoad)
 964035: board.processor.cores.core: A0 T0 : 0x21c08 @__libc_malloc+162    : c_beqz a5, -108            : IntAlu :   flags=(IsInteger|IsControl|IsDirectControl|IsCondControl)
 964701: board.processor.cores.core: A0 T0 : 0x21c0a @__libc_malloc+164    : slli a3, s1, 1             : IntAlu :  D=0x000000000000000c  flags=(IsInteger)
 965034: board.processor.cores.core: A0 T0 : 0x21c0e @__libc_malloc+168    : c_add a3, a5               : IntAlu :  D=0x0000000000073b4c  flags=(IsInteger)
 965367: board.processor.cores.core: A0 T0 : 0x21c10 @__libc_malloc+170    : lhu a2, 0(a3)              : MemRead :  D=0x0000000000000000 A=0x73b4c  flags=(IsInteger|IsLoad)
 965700: board.processor.cores.core: A0 T0 : 0x21c14 @__libc_malloc+174    : c_beqz a2, -120            : IntAlu :   flags=(IsInteger|IsControl|IsDirectControl|IsCondControl)
 966033: board.processor.cores.core: A0 T0 : 0x21b9c @__libc_malloc+54    : lw a5, -1952(tp)           : MemRead :  D=0x0000000000000000 A=0x73000  flags=(IsInteger|IsLoad)
 966366: board.processor.cores.core: A0 T0 : 0x21ba0 @__libc_malloc+58    : c_bnez a5, 166             : IntAlu :   flags=(IsInteger|IsControl|IsDirectControl|IsCondControl)
 967032: board.processor.cores.core: A0 T0 : 0x21ba2 @__libc_malloc+60    : lui s1, 111                : IntAlu :  D=0x000000000006f000  flags=(IsInteger)
 967365: board.processor.cores.core: A0 T0 : 0x21ba6 @__libc_malloc+64    : c_mv a1, s0                : IntAlu :  D=0x0000000000000069  flags=(IsInteger)
 967698: board.processor.cores.core: A0 T0 : 0x21ba8 @__libc_malloc+66    : addi a0, s1, 1480          : IntAlu :  D=0x000000000006f5c8  flags=(IsInteger)
 968031: board.processor.cores.core: A0 T0 : 0x21bac @__libc_malloc+70    : jal ra, -5252              : IntAlu :  D=0x0000000000021bb0  flags=(IsInteger|IsControl|IsDirectControl|IsUncondControl|IsCall)
 968364: board.processor.cores.core: A0 T0 : 0x20728 @_int_malloc    : c_addi16sp sp, -256        : IntAlu :  D=0x7fffffffffffeb70  flags=(IsInteger)
 968697: board.processor.cores.core: A0 T0 : 0x2072a @_int_malloc+2    : c_sdsp ra, 248(sp)         : MemWrite :  D=0x0000000000021bb0 A=0x7fffffffffffec68  flags=(IsInteger|IsStore)
 969030: board.processor.cores.core: A0 T0 : 0x2072c @_int_malloc+4    : c_sdsp s0, 240(sp)         : MemWrite :  D=0x0000000000000069 A=0x7fffffffffffec60  flags=(IsInteger|IsStore)
 969363: board.processor.cores.core: A0 T0 : 0x2072e @_int_malloc+6    : c_sdsp s1, 232(sp)         : MemWrite :  D=0x000000000006f000 A=0x7fffffffffffec58  flags=(IsInteger|IsStore)
 969696: board.processor.cores.core: A0 T0 : 0x20730 @_int_malloc+8    : c_sdsp s2, 224(sp)         : MemWrite :  D=0x7fffffffffffff18 A=0x7fffffffffffec50  flags=(IsInteger|IsStore)
 970029: board.processor.cores.core: A0 T0 : 0x20732 @_int_malloc+10    : c_sdsp s3, 216(sp)         : MemWrite :  D=0x0000000000000000 A=0x7fffffffffffec48  flags=(IsInteger|IsStore)
 970362: board.processor.cores.core: A0 T0 : 0x20734 @_int_malloc+12    : c_sdsp s4, 208(sp)         : MemWrite :  D=0x00000000000103b0 A=0x7fffffffffffec40  flags=(IsInteger|IsStore)
 970695: board.processor.cores.core: A0 T0 : 0x20736 @_int_malloc+14    : c_sdsp s5, 200(sp)         : MemWrite :  D=0x00000000ffffffff A=0x7fffffffffffec38  flags=(IsInteger|IsStore)
 971028: board.processor.cores.core: A0 T0 : 0x20738 @_int_malloc+16    : c_sdsp s6, 192(sp)         : MemWrite :  D=0x000000000000003a A=0x7fffffffffffec30  flags=(IsInteger|IsStore)
 971361: board.processor.cores.core: A0 T0 : 0x2073a @_int_malloc+18    : c_sdsp s7, 184(sp)         : MemWrite :  D=0x0000000000000000 A=0x7fffffffffffec28  flags=(IsInteger|IsStore)
 971694: board.processor.cores.core: A0 T0 : 0x2073c @_int_malloc+20    : c_sdsp s8, 176(sp)         : MemWrite :  D=0x0000000000000000 A=0x7fffffffffffec20  flags=(IsInteger|IsStore)
 972027: board.processor.cores.core: A0 T0 : 0x2073e @_int_malloc+22    : c_sdsp s9, 168(sp)         : MemWrite :  D=0x0000000000000000 A=0x7fffffffffffec18  flags=(IsInteger|IsStore)
 972360: board.processor.cores.core: A0 T0 : 0x20740 @_int_malloc+24    : c_sdsp s10, 160(sp)        : MemWrite :  D=0x0000000000000000 A=0x7fffffffffffec10  flags=(IsInteger|IsStore)
 972693: board.processor.cores.core: A0 T0 : 0x20742 @_int_malloc+26    : c_sdsp s11, 152(sp)        : MemWrite :  D=0x0000000000000000 A=0x7fffffffffffec08  flags=(IsInteger|IsStore)
 973026: board.processor.cores.core: A0 T0 : 0x20744 @_int_malloc+28    : blt a1, ft0, 1160          : IntAlu :   flags=(IsInteger|IsControl|IsDirectControl|IsCondControl)
 973359: board.processor.cores.core: A0 T0 : 0x20748 @_int_malloc+32    : addi s0, a1, 23            : IntAlu :  D=0x0000000000000080  flags=(IsInteger)
 973692: board.processor.cores.core: A0 T0 : 0x2074c @_int_malloc+36    : c_li a5, 31                : IntAlu :  D=0x000000000000001f  flags=(IsInteger)
 974025: board.processor.cores.core: A0 T0 : 0x2074e @_int_malloc+38    : c_mv s2, a1                : IntAlu :  D=0x0000000000000069  flags=(IsInteger)
 974358: board.processor.cores.core: A0 T0 : 0x20750 @_int_malloc+40    : c_mv s1, a0                : IntAlu :  D=0x000000000006f5c8  flags=(IsInteger)
 975024: board.processor.cores.core: A0 T0 : 0x20752 @_int_malloc+42    : bltu a5, s0, 232           : IntAlu :   flags=(IsInteger|IsControl|IsDirectControl|IsCondControl)
 975357: board.processor.cores.core: A0 T0 : 0x2083a @_int_malloc+274    : c_andi s0, 18446744073709551600 : IntAlu :  D=0x0000000000000080  flags=(IsInteger)
 975690: board.processor.cores.core: A0 T0 : 0x2083c @_int_malloc+276    : beq a0, ft0, 1046          : IntAlu :   flags=(IsInteger|IsControl|IsDirectControl|IsCondControl)
 976023: board.processor.cores.core: A0 T0 : 0x20840 @_int_malloc+280    : ld a5, -1264(gp)           : MemRead :  D=0x0000000000000080 A=0x70bd8  flags=(IsInteger|IsLoad)
 976356: board.processor.cores.core: A0 T0 : 0x20844 @_int_malloc+284    : srliw a4, s0, 4            : IntAlu :  D=0x0000000000000008  flags=(IsInteger)
 976689: board.processor.cores.core: A0 T0 : 0x20848 @_int_malloc+288    : srliw s9, s0, 4            : IntAlu :  D=0x0000000000000008  flags=(IsInteger)
 977022: board.processor.cores.core: A0 T0 : 0x2084c @_int_malloc+292    : bgeu a5, s0, 446           : IntAlu :   flags=(IsInteger|IsControl|IsDirectControl|IsCondControl)
 977355: board.processor.cores.core: A0 T0 : 0x20a0a @_int_malloc+738    : c_addiw a4, -2             : IntAlu :  D=0x0000000000000006  flags=(IsInteger)
 977688: board.processor.cores.core: A0 T0 : 0x20a0c @_int_malloc+740    : slli a5, a4, 32            : IntAlu :  D=0x0000000600000000  flags=(IsInteger)
 978021: board.processor.cores.core: A0 T0 : 0x20a10 @_int_malloc+744    : srli a0, a5, 29            : IntAlu :  D=0x0000000000000030  flags=(IsInteger)
 978354: board.processor.cores.core: A0 T0 : 0x20a14 @_int_malloc+748    : slli a5, a4, 32            : IntAlu :  D=0x0000000600000000  flags=(IsInteger)
 978687: board.processor.cores.core: A0 T0 : 0x20a18 @_int_malloc+752    : srli a4, a5, 29            : IntAlu :  D=0x0000000000000030  flags=(IsInteger)
 979020: board.processor.cores.core: A0 T0 : 0x20a1c @_int_malloc+756    : c_add a4, s1               : IntAlu :  D=0x000000000006f5f8  flags=(IsInteger)
 979353: board.processor.cores.core: A0 T0 : 0x20a1e @_int_malloc+758    : c_ld a5, 16(a4)            : MemRead :  D=0x0000000000000000 A=0x6f608  flags=(IsInteger|IsLoad)
 979686: board.processor.cores.core: A0 T0 : 0x20a20 @_int_malloc+760    : c_addi a0, 16              : IntAlu :  D=0x0000000000000040  flags=(IsInteger)
 980352: board.processor.cores.core: A0 T0 : 0x20a22 @_int_malloc+762    : bne a5, ft0, -318          : IntAlu :   flags=(IsInteger|IsControl|IsDirectControl|IsCondControl)
 981018: board.processor.cores.core: A0 T0 : 0x20a26 @_int_malloc+766    : slli a5, s9, 4             : IntAlu :  D=0x0000000000000080  flags=(IsInteger)
 981684: board.processor.cores.core: A0 T0 : 0x20a2a @_int_malloc+770    : addi a5, a5, 96            : IntAlu :  D=0x00000000000000e0  flags=(IsInteger)
 982017: board.processor.cores.core: A0 T0 : 0x20a2e @_int_malloc+774    : c_j -706                   : IntAlu :   flags=(IsControl|IsDirectControl|IsUncondControl)
 982350: board.processor.cores.core: A0 T0 : 0x2076c @_int_malloc+68    : c_add a5, s1               : IntAlu :  D=0x000000000006f6a8  flags=(IsInteger)
 983016: board.processor.cores.core: A0 T0 : 0x2076e @_int_malloc+70    : ld s3, 8(a5)               : MemRead :  D=0x000000000006f698 A=0x6f6b0  flags=(IsInteger|IsLoad)
 983682: board.processor.cores.core: A0 T0 : 0x20772 @_int_malloc+74    : addi a3, a5, -16           : IntAlu :  D=0x000000000006f698  flags=(IsInteger)
 984348: board.processor.cores.core: A0 T0 : 0x20776 @_int_malloc+78    : beq a3, s3, 698            : IntAlu :   flags=(IsInteger|IsControl|IsDirectControl|IsCondControl)
 984681: board.processor.cores.core: A0 T0 : 0x20a30 @_int_malloc+776    : srli t1, s0, 9             : IntAlu :  D=0x0000000000000000  flags=(IsInteger)
 985014: board.processor.cores.core: A0 T0 : 0x20a34 @_int_malloc+780    : addiw a5, t1, 91           : IntAlu :  D=0x000000000000005b  flags=(IsInteger)
 985347: board.processor.cores.core: A0 T0 : 0x20a38 @_int_malloc+784    : srli s10, s0, 6            : IntAlu :  D=0x0000000000000002  flags=(IsInteger)
 985680: board.processor.cores.core: A0 T0 : 0x20a3c @_int_malloc+788    : c_sdsp a5, 96(sp)          : MemWrite :  D=0x000000000000005b A=0x7fffffffffffebd0  flags=(IsInteger|IsStore)
 986346: board.processor.cores.core: A0 T0 : 0x20a3e @_int_malloc+790    : addiw a5, s10, 48          : IntAlu :  D=0x0000000000000032  flags=(IsInteger)
 986679: board.processor.cores.core: A0 T0 : 0x20a42 @_int_malloc+794    : c_sdsp a5, 88(sp)          : MemWrite :  D=0x0000000000000032 A=0x7fffffffffffebc8  flags=(IsInteger|IsStore)
 987012: board.processor.cores.core: A0 T0 : 0x20a44 @_int_malloc+796    : addi a5, ft0, 110          : IntAlu :  D=0x000000000000006e  flags=(IsInteger)
 987345: board.processor.cores.core: A0 T0 : 0x20a48 @_int_malloc+800    : c_sdsp a5, 136(sp)         : MemWrite :  D=0x000000000000006e A=0x7fffffffffffebf8  flags=(IsInteger|IsStore)
 988011: board.processor.cores.core: A0 T0 : 0x20a4a @_int_malloc+802    : addi a5, ft0, 119          : IntAlu :  D=0x0000000000000077  flags=(IsInteger)
 988344: board.processor.cores.core: A0 T0 : 0x20a4e @_int_malloc+806    : c_sdsp a5, 112(sp)         : MemWrite :  D=0x0000000000000077 A=0x7fffffffffffebe0  flags=(IsInteger|IsStore)
 988677: board.processor.cores.core: A0 T0 : 0x20a50 @_int_malloc+808    : addi a5, ft0, 124          : IntAlu :  D=0x000000000000007c  flags=(IsInteger)
 989010: board.processor.cores.core: A0 T0 : 0x20a54 @_int_malloc+812    : c_sdsp s9, 8(sp)           : MemWrite :  D=0x0000000000000008 A=0x7fffffffffffeb78  flags=(IsInteger|IsStore)
 989343: board.processor.cores.core: A0 T0 : 0x20a56 @_int_malloc+814    : c_sdsp a5, 120(sp)         : MemWrite :  D=0x000000000000007c A=0x7fffffffffffebe8  flags=(IsInteger|IsStore)
 989676: board.processor.cores.core: A0 T0 : 0x20a58 @_int_malloc+816    : c_sdsp ft0, 104(sp)        : MemWrite :  D=0x0000000000000000 A=0x7fffffffffffebd8  flags=(IsInteger|IsStore)
 990009: board.processor.cores.core: A0 T0 : 0x20a5a @_int_malloc+818    : c_sdsp ft0, 128(sp)        : MemWrite :  D=0x0000000000000000 A=0x7fffffffffffebf0  flags=(IsInteger|IsStore)
 990342: board.processor.cores.core: A0 T0 : 0x20a5c @_int_malloc+820    : ld a5, 40(tp)              : MemRead :  D=0x0000000000073b40 A=0x737c8  flags=(IsInteger|IsLoad)
 990675: board.processor.cores.core: A0 T0 : 0x20a60 @_int_malloc+824    : addi s6, s0, -17           : IntAlu :  D=0x000000000000006f  flags=(IsInteger)
 991008: board.processor.cores.core: A0 T0 : 0x20a64 @_int_malloc+828    : srli s6, s6, 4             : IntAlu :  D=0x0000000000000006  flags=(IsInteger)
 991341: board.processor.cores.core: A0 T0 : 0x20a68 @_int_malloc+832    : c_li s5, 0                 : IntAlu :  D=0x0000000000000000  flags=(IsInteger)
 991674: board.processor.cores.core: A0 T0 : 0x20a6a @_int_malloc+834    : c_beqz a5, 22              : IntAlu :   flags=(IsInteger|IsControl|IsDirectControl|IsCondControl)
 992007: board.processor.cores.core: A0 T0 : 0x20a6c @_int_malloc+836    : lui a5, 111                : IntAlu :  D=0x000000000006f000  flags=(IsInteger)
 992340: board.processor.cores.core: A0 T0 : 0x20a70 @_int_malloc+840    : ld s5, 1448(a5)            : MemRead :  D=0x0000000000000040 A=0x6f5a8  flags=(IsInteger|IsLoad)
 992673: board.processor.cores.core: A0 T0 : 0x20a74 @_int_malloc+844    : sltu s5, s6, s5            : IntAlu :  D=0x0000000000000001  flags=(IsInteger)
 993006: board.processor.cores.core: A0 T0 : 0x20a78 @_int_malloc+848    : sub s5, ft0, s5            : IntAlu :  D=0xffffffffffffffff  flags=(IsInteger)
 993339: board.processor.cores.core: A0 T0 : 0x20a7c @_int_malloc+852    : and s5, s0, s5             : IntAlu :  D=0x0000000000000080  flags=(IsInteger)
 993672: board.processor.cores.core: A0 T0 : 0x20a80 @_int_malloc+856    : lui a5, 111                : IntAlu :  D=0x000000000006f000  flags=(IsInteger)
 994005: board.processor.cores.core: A0 T0 : 0x20a84 @_int_malloc+860    : c_lui s11, 1               : IntAlu :  D=0x0000000000001000  flags=(IsInteger)
 994671: board.processor.cores.core: A0 T0 : 0x20a86 @_int_malloc+862    : lui s7, 111                : IntAlu :  D=0x000000000006f000  flags=(IsInteger)
 995337: board.processor.cores.core: A0 T0 : 0x20a8a @_int_malloc+866    : addi a5, a5, 1480          : IntAlu :  D=0x000000000006f5c8  flags=(IsInteger)
 996003: board.processor.cores.core: A0 T0 : 0x20a8e @_int_malloc+870    : addi s8, s1, 96            : IntAlu :  D=0x000000000006f628  flags=(IsInteger)
 996336: board.processor.cores.core: A0 T0 : 0x20a92 @_int_malloc+874    : c_li t5, 0                 : IntAlu :  D=0x0000000000000000  flags=(IsInteger)
 996669: board.processor.cores.core: A0 T0 : 0x20a94 @_int_malloc+876    : addi s7, s7, 1368          : IntAlu :  D=0x000000000006f558  flags=(IsInteger)
 997002: board.processor.cores.core: A0 T0 : 0x20a98 @_int_malloc+880    : add a7, s1, s11            : IntAlu :  D=0x00000000000705c8  flags=(IsInteger)
 997335: board.processor.cores.core: A0 T0 : 0x20a9c @_int_malloc+884    : c_sdsp a5, 64(sp)          : MemWrite :  D=0x000000000006f5c8 A=0x7fffffffffffebb0  flags=(IsInteger|IsStore)
 997668: board.processor.cores.core: A0 T0 : 0x20a9e @_int_malloc+886    : c_ld a5, 120(s1)           : MemRead :  D=0x000000000006f628 A=0x6f640  flags=(IsInteger|IsLoad)
 998001: board.processor.cores.core: A0 T0 : 0x20aa0 @_int_malloc+888    : beq a5, s8, 582            : IntAlu :   flags=(IsInteger|IsControl|IsDirectControl|IsCondControl)
 998667: board.processor.cores.core: A0 T0 : 0x20ce6 @_int_malloc+1470    : addi a5, ft0, 1023         : IntAlu :  D=0x00000000000003ff  flags=(IsInteger)
 999333: board.processor.cores.core: A0 T0 : 0x20cea @_int_malloc+1474    : bgeu a5, s0, 34            : IntAlu :   flags=(IsInteger|IsControl|IsDirectControl|IsCondControl)
 999666: board.processor.cores.core: A0 T0 : 0x20d0c @_int_malloc+1508    : c_ldsp a3, 8(sp)           : MemRead :  D=0x0000000000000008 A=0x7fffffffffffeb78  flags=(IsInteger|IsLoad)
 999999: board.processor.cores.core: A0 T0 : 0x20d0e @_int_malloc+1510    : c_li a0, 4                 : IntAlu :  D=0x0000000000000004  flags=(IsInteger)
1000332: board.processor.cores.core: A0 T0 : 0x20d10 @_int_malloc+1512    : addiw a4, a3, 1            : IntAlu :  D=0x0000000000000009  flags=(IsInteger)
1000665: board.processor.cores.core: A0 T0 : 0x20d14 @_int_malloc+1516    : slliw a3, a3, 1            : IntAlu :  D=0x0000000000000010  flags=(IsInteger)
1000998: board.processor.cores.core: A0 T0 : 0x20d18 @_int_malloc+1520    : srliw a5, a4, 5            : IntAlu :  D=0x0000000000000000  flags=(IsInteger)
1001331: board.processor.cores.core: A0 T0 : 0x20d1c @_int_malloc+1524    : c_addiw a3, 14             : IntAlu :  D=0x000000000000001e  flags=(IsInteger)
1001997: board.processor.cores.core: A0 T0 : 0x20d1e @_int_malloc+1526    : addi a5, a5, 536           : IntAlu :  D=0x0000000000000218  flags=(IsInteger)
1002330: board.processor.cores.core: A0 T0 : 0x20d22 @_int_malloc+1530    : c_slli a3, 32              : IntAlu :  D=0x0000001e00000000  flags=(IsInteger)
1002663: board.processor.cores.core: A0 T0 : 0x20d24 @_int_malloc+1532    : c_slli a5, 2               : IntAlu :  D=0x0000000000000860  flags=(IsInteger)
1002996: board.processor.cores.core: A0 T0 : 0x20d26 @_int_malloc+1534    : c_srli a3, 32              : IntAlu :  D=0x000000000000001e  flags=(IsInteger)
1003329: board.processor.cores.core: A0 T0 : 0x20d28 @_int_malloc+1536    : c_add a5, s1               : IntAlu :  D=0x000000000006fe28  flags=(IsInteger)
1003662: board.processor.cores.core: A0 T0 : 0x20d2a @_int_malloc+1538    : c_slli a3, 3               : IntAlu :  D=0x00000000000000f0  flags=(IsInteger)
1003995: board.processor.cores.core: A0 T0 : 0x20d2c @_int_malloc+1540    : c_lw a2, 0(a5)             : MemRead :  D=0x0000000000000000 A=0x6fe28  flags=(IsInteger|IsLoad)
1004328: board.processor.cores.core: A0 T0 : 0x20d2e @_int_malloc+1542    : c_addi a3, -16             : IntAlu :  D=0x00000000000000e0  flags=(IsInteger)
1004661: board.processor.cores.core: A0 T0 : 0x20d30 @_int_malloc+1544    : c_li a5, 1                 : IntAlu :  D=0x0000000000000001  flags=(IsInteger)
1004994: board.processor.cores.core: A0 T0 : 0x20d32 @_int_malloc+1546    : c_add a3, s1               : IntAlu :  D=0x000000000006f6a8  flags=(IsInteger)
1005327: board.processor.cores.core: A0 T0 : 0x20d34 @_int_malloc+1548    : srliw s3, a4, 5            : IntAlu :  D=0x0000000000000000  flags=(IsInteger)
1005660: board.processor.cores.core: A0 T0 : 0x20d38 @_int_malloc+1552    : sllw a5, a5, a4            : IntAlu :  D=0x0000000000000200  flags=(IsInteger)
1005993: board.processor.cores.core: A0 T0 : 0x20d3c @_int_malloc+1556    : bltu a2, a5, 162           : IntAlu :   flags=(IsInteger|IsControl|IsDirectControl|IsCondControl)
1006659: board.processor.cores.core: A0 T0 : 0x20dde @_int_malloc+1718    : addiw a5, s3, 1            : IntAlu :  D=0x0000000000000001  flags=(IsInteger)
1007325: board.processor.cores.core: A0 T0 : 0x20de2 @_int_malloc+1722    : addiw s3, a5, 0            : IntAlu :  D=0x0000000000000001  flags=(IsInteger)
1007991: board.processor.cores.core: A0 T0 : 0x20de6 @_int_malloc+1726    : bne s3, a0, -26            : IntAlu :   flags=(IsInteger|IsControl|IsDirectControl|IsCondControl)
1008324: board.processor.cores.core: A0 T0 : 0x20dcc @_int_malloc+1700    : c_slli a5, 32              : IntAlu :  D=0x0000000100000000  flags=(IsInteger)
1008657: board.processor.cores.core: A0 T0 : 0x20dce @_int_malloc+1702    : c_srli a5, 32              : IntAlu :  D=0x0000000000000001  flags=(IsInteger)
1008990: board.processor.cores.core: A0 T0 : 0x20dd0 @_int_malloc+1704    : addi a5, a5, 536           : IntAlu :  D=0x0000000000000219  flags=(IsInteger)
1009323: board.processor.cores.core: A0 T0 : 0x20dd4 @_int_malloc+1708    : c_slli a5, 2               : IntAlu :  D=0x0000000000000864  flags=(IsInteger)
1009656: board.processor.cores.core: A0 T0 : 0x20dd6 @_int_malloc+1710    : c_add a5, s1               : IntAlu :  D=0x000000000006fe2c  flags=(IsInteger)
1009989: board.processor.cores.core: A0 T0 : 0x20dd8 @_int_malloc+1712    : c_lw a2, 0(a5)             : MemRead :  D=0x0000000000000000 A=0x6fe2c  flags=(IsInteger|IsLoad)
1010655: board.processor.cores.core: A0 T0 : 0x20dda @_int_malloc+1714    : bne a2, ft0, 386           : IntAlu :   flags=(IsInteger|IsControl|IsDirectControl|IsCondControl)
1011321: board.processor.cores.core: A0 T0 : 0x20dde @_int_malloc+1718    : addiw a5, s3, 1            : IntAlu :  D=0x0000000000000002  flags=(IsInteger)
1011987: board.processor.cores.core: A0 T0 : 0x20de2 @_int_malloc+1722    : addiw s3, a5, 0            : IntAlu :  D=0x0000000000000002  flags=(IsInteger)
1012653: board.processor.cores.core: A0 T0 : 0x20de6 @_int_malloc+1726    : bne s3, a0, -26            : IntAlu :   flags=(IsInteger|IsControl|IsDirectControl|IsCondControl)
1012986: board.processor.cores.core: A0 T0 : 0x20dcc @_int_malloc+1700    : c_slli a5, 32              : IntAlu :  D=0x0000000200000000  flags=(IsInteger)
1013319: board.processor.cores.core: A0 T0 : 0x20dce @_int_malloc+1702    : c_srli a5, 32              : IntAlu :  D=0x0000000000000002  flags=(IsInteger)
1013652: board.processor.cores.core: A0 T0 : 0x20dd0 @_int_malloc+1704    : addi a5, a5, 536           : IntAlu :  D=0x000000000000021a  flags=(IsInteger)
1013985: board.processor.cores.core: A0 T0 : 0x20dd4 @_int_malloc+1708    : c_slli a5, 2               : IntAlu :  D=0x0000000000000868  flags=(IsInteger)
1014318: board.processor.cores.core: A0 T0 : 0x20dd6 @_int_malloc+1710    : c_add a5, s1               : IntAlu :  D=0x000000000006fe30  flags=(IsInteger)
1014651: board.processor.cores.core: A0 T0 : 0x20dd8 @_int_malloc+1712    : c_lw a2, 0(a5)             : MemRead :  D=0x0000000000000000 A=0x6fe30  flags=(IsInteger|IsLoad)
1015317: board.processor.cores.core: A0 T0 : 0x20dda @_int_malloc+1714    : bne a2, ft0, 386           : IntAlu :   flags=(IsInteger|IsControl|IsDirectControl|IsCondControl)
1015983: board.processor.cores.core: A0 T0 : 0x20dde @_int_malloc+1718    : addiw a5, s3, 1            : IntAlu :  D=0x0000000000000003  flags=(IsInteger)
1016649: board.processor.cores.core: A0 T0 : 0x20de2 @_int_malloc+1722    : addiw s3, a5, 0            : IntAlu :  D=0x0000000000000003  flags=(IsInteger)
1017315: board.processor.cores.core: A0 T0 : 0x20de6 @_int_malloc+1726    : bne s3, a0, -26            : IntAlu :   flags=(IsInteger|IsControl|IsDirectControl|IsCondControl)
1017648: board.processor.cores.core: A0 T0 : 0x20dcc @_int_malloc+1700    : c_slli a5, 32              : IntAlu :  D=0x0000000300000000  flags=(IsInteger)
1017981: board.processor.cores.core: A0 T0 : 0x20dce @_int_malloc+1702    : c_srli a5, 32              : IntAlu :  D=0x0000000000000003  flags=(IsInteger)
1018314: board.processor.cores.core: A0 T0 : 0x20dd0 @_int_malloc+1704    : addi a5, a5, 536           : IntAlu :  D=0x000000000000021b  flags=(IsInteger)
1018647: board.processor.cores.core: A0 T0 : 0x20dd4 @_int_malloc+1708    : c_slli a5, 2               : IntAlu :  D=0x000000000000086c  flags=(IsInteger)
1018980: board.processor.cores.core: A0 T0 : 0x20dd6 @_int_malloc+1710    : c_add a5, s1               : IntAlu :  D=0x000000000006fe34  flags=(IsInteger)
1019313: board.processor.cores.core: A0 T0 : 0x20dd8 @_int_malloc+1712    : c_lw a2, 0(a5)             : MemRead :  D=0x0000000000000000 A=0x6fe34  flags=(IsInteger|IsLoad)
1019979: board.processor.cores.core: A0 T0 : 0x20dda @_int_malloc+1714    : bne a2, ft0, 386           : IntAlu :   flags=(IsInteger|IsControl|IsDirectControl|IsCondControl)
1020645: board.processor.cores.core: A0 T0 : 0x20dde @_int_malloc+1718    : addiw a5, s3, 1            : IntAlu :  D=0x0000000000000004  flags=(IsInteger)
1021311: board.processor.cores.core: A0 T0 : 0x20de2 @_int_malloc+1722    : addiw s3, a5, 0            : IntAlu :  D=0x0000000000000004  flags=(IsInteger)
1021977: board.processor.cores.core: A0 T0 : 0x20de6 @_int_malloc+1726    : bne s3, a0, -26            : IntAlu :   flags=(IsInteger|IsControl|IsDirectControl|IsCondControl)
1022310: board.processor.cores.core: A0 T0 : 0x20dea @_int_malloc+1730    : c_ld a4, 96(s1)            : MemRead :  D=0x0000000000073dc0 A=0x6f628  flags=(IsInteger|IsLoad)
1022643: board.processor.cores.core: A0 T0 : 0x20dec @_int_malloc+1732    : ld a3, -1912(a7)           : MemRead :  D=0x00000000000214d0 A=0x6fe50  flags=(IsInteger|IsLoad)
1022976: board.processor.cores.core: A0 T0 : 0x20df0 @_int_malloc+1736    : c_ld a5, 8(a4)             : MemRead :  D=0x0000000000021241 A=0x73dc8  flags=(IsInteger|IsLoad)
1023309: board.processor.cores.core: A0 T0 : 0x20df2 @_int_malloc+1738    : c_andi a5, 18446744073709551608 : IntAlu :  D=0x0000000000021240  flags=(IsInteger)
1023642: board.processor.cores.core: A0 T0 : 0x20df4 @_int_malloc+1740    : bltu a3, a5, 552           : IntAlu :   flags=(IsInteger|IsControl|IsDirectControl|IsCondControl)
1023975: board.processor.cores.core: A0 T0 : 0x20df8 @_int_malloc+1744    : addi a3, s0, 32            : IntAlu :  D=0x00000000000000a0  flags=(IsInteger)
1024308: board.processor.cores.core: A0 T0 : 0x20dfc @_int_malloc+1748    : bgeu a5, a3, 692           : IntAlu :   flags=(IsInteger|IsControl|IsDirectControl|IsCondControl)
1024641: board.processor.cores.core: A0 T0 : 0x210b0 @_int_malloc+2440    : lui a3, 111                : IntAlu :  D=0x000000000006f000  flags=(IsInteger)
1024974: board.processor.cores.core: A0 T0 : 0x210b4 @_int_malloc+2444    : addi a3, a3, 1480          : IntAlu :  D=0x000000000006f5c8  flags=(IsInteger)
1025307: board.processor.cores.core: A0 T0 : 0x210b8 @_int_malloc+2448    : sub a3, s1, a3             : IntAlu :  D=0x0000000000000000  flags=(IsInteger)
1025640: board.processor.cores.core: A0 T0 : 0x210bc @_int_malloc+2452    : sltu a3, ft0, a3           : IntAlu :  D=0x0000000000000000  flags=(IsInteger)
1025973: board.processor.cores.core: A0 T0 : 0x210c0 @_int_malloc+2456    : c_slli a3, 2               : IntAlu :  D=0x0000000000000000  flags=(IsInteger)
1026639: board.processor.cores.core: A0 T0 : 0x210c2 @_int_malloc+2458    : add a2, a4, s0             : IntAlu :  D=0x0000000000073e40  flags=(IsInteger)
1026972: board.processor.cores.core: A0 T0 : 0x210c6 @_int_malloc+2462    : c_or a3, s0                : IntAlu :  D=0x0000000000000080  flags=(IsInteger)
1027305: board.processor.cores.core: A0 T0 : 0x210c8 @_int_malloc+2464    : c_sd a2, 96(s1)            : MemWrite :  D=0x0000000000073e40 A=0x6f628  flags=(IsInteger|IsStore)
1027971: board.processor.cores.core: A0 T0 : 0x210ca @_int_malloc+2466    : ori a3, a3, 1              : IntAlu :  D=0x0000000000000081  flags=(IsInteger)
1028304: board.processor.cores.core: A0 T0 : 0x210ce @_int_malloc+2470    : c_sub a5, s0               : IntAlu :  D=0x00000000000211c0  flags=(IsInteger)
1028637: board.processor.cores.core: A0 T0 : 0x210d0 @_int_malloc+2472    : c_sd a3, 8(a4)             : MemWrite :  D=0x0000000000000081 A=0x73dc8  flags=(IsInteger|IsStore)
1029303: board.processor.cores.core: A0 T0 : 0x210d2 @_int_malloc+2474    : ori a5, a5, 1              : IntAlu :  D=0x00000000000211c1  flags=(IsInteger)
1029969: board.processor.cores.core: A0 T0 : 0x210d6 @_int_malloc+2478    : addi s3, a4, 16            : IntAlu :  D=0x0000000000073dd0  flags=(IsInteger)
1030302: board.processor.cores.core: A0 T0 : 0x210da @_int_malloc+2482    : c_sd a5, 8(a2)             : MemWrite :  D=0x00000000000211c1 A=0x73e48  flags=(IsInteger|IsStore)
1030635: board.processor.cores.core: A0 T0 : 0x210dc @_int_malloc+2484    : c_mv a1, s2                : IntAlu :  D=0x0000000000000069  flags=(IsInteger)
1030968: board.processor.cores.core: A0 T0 : 0x210de @_int_malloc+2486    : c_mv a0, s3                : IntAlu :  D=0x0000000000073dd0  flags=(IsInteger)
1031301: board.processor.cores.core: A0 T0 : 0x210e0 @_int_malloc+2488    : jal ra, -9560              : IntAlu :  D=0x00000000000210e4  flags=(IsInteger|IsControl|IsDirectControl|IsUncondControl|IsCall)
1031634: board.processor.cores.core: A0 T0 : 0x1eb88 @alloc_perturb    : lw a5, -1284(gp)           : MemRead :  D=0x0000000000000000 A=0x70bc4  flags=(IsInteger|IsLoad)
1031967: board.processor.cores.core: A0 T0 : 0x1eb8c @alloc_perturb+4    : c_bnez a5, 4               : IntAlu :   flags=(IsInteger|IsControl|IsDirectControl|IsCondControl)
1032300: board.processor.cores.core: A0 T0 : 0x1eb8e @alloc_perturb+6    : c_jr ra                    : IntAlu :   flags=(IsInteger|IsControl|IsIndirectControl|IsUncondControl|IsReturn)
1032633: board.processor.cores.core: A0 T0 : 0x210e4 @_int_malloc+2492    : c_j -1288                  : IntAlu :   flags=(IsControl|IsDirectControl|IsUncondControl)
1032966: board.processor.cores.core: A0 T0 : 0x20bdc @_int_malloc+1204    : c_ldsp ra, 248(sp)         : MemRead :  D=0x0000000000021bb0 A=0x7fffffffffffec68  flags=(IsInteger|IsLoad)
1033299: board.processor.cores.core: A0 T0 : 0x20bde @_int_malloc+1206    : c_ldsp s0, 240(sp)         : MemRead :  D=0x0000000000000069 A=0x7fffffffffffec60  flags=(IsInteger|IsLoad)
1033632: board.processor.cores.core: A0 T0 : 0x20be0 @_int_malloc+1208    : c_ldsp s1, 232(sp)         : MemRead :  D=0x000000000006f000 A=0x7fffffffffffec58  flags=(IsInteger|IsLoad)
1033965: board.processor.cores.core: A0 T0 : 0x20be2 @_int_malloc+1210    : c_ldsp s2, 224(sp)         : MemRead :  D=0x7fffffffffffff18 A=0x7fffffffffffec50  flags=(IsInteger|IsLoad)
1034298: board.processor.cores.core: A0 T0 : 0x20be4 @_int_malloc+1212    : c_ldsp s4, 208(sp)         : MemRead :  D=0x00000000000103b0 A=0x7fffffffffffec40  flags=(IsInteger|IsLoad)
1034631: board.processor.cores.core: A0 T0 : 0x20be6 @_int_malloc+1214    : c_ldsp s5, 200(sp)         : MemRead :  D=0x00000000ffffffff A=0x7fffffffffffec38  flags=(IsInteger|IsLoad)
1034964: board.processor.cores.core: A0 T0 : 0x20be8 @_int_malloc+1216    : c_ldsp s6, 192(sp)         : MemRead :  D=0x000000000000003a A=0x7fffffffffffec30  flags=(IsInteger|IsLoad)
1035297: board.processor.cores.core: A0 T0 : 0x20bea @_int_malloc+1218    : c_ldsp s7, 184(sp)         : MemRead :  D=0x0000000000000000 A=0x7fffffffffffec28  flags=(IsInteger|IsLoad)
1035630: board.processor.cores.core: A0 T0 : 0x20bec @_int_malloc+1220    : c_ldsp s8, 176(sp)         : MemRead :  D=0x0000000000000000 A=0x7fffffffffffec20  flags=(IsInteger|IsLoad)
1035963: board.processor.cores.core: A0 T0 : 0x20bee @_int_malloc+1222    : c_ldsp s9, 168(sp)         : MemRead :  D=0x0000000000000000 A=0x7fffffffffffec18  flags=(IsInteger|IsLoad)
1036296: board.processor.cores.core: A0 T0 : 0x20bf0 @_int_malloc+1224    : c_ldsp s10, 160(sp)        : MemRead :  D=0x0000000000000000 A=0x7fffffffffffec10  flags=(IsInteger|IsLoad)
1036629: board.processor.cores.core: A0 T0 : 0x20bf2 @_int_malloc+1226    : c_ldsp s11, 152(sp)        : MemRead :  D=0x0000000000000000 A=0x7fffffffffffec08  flags=(IsInteger|IsLoad)
1036962: board.processor.cores.core: A0 T0 : 0x20bf4 @_int_malloc+1228    : c_mv a0, s3                : IntAlu :  D=0x0000000000073dd0  flags=(IsInteger)
1037295: board.processor.cores.core: A0 T0 : 0x20bf6 @_int_malloc+1230    : c_ldsp s3, 216(sp)         : MemRead :  D=0x0000000000000000 A=0x7fffffffffffec48  flags=(IsInteger|IsLoad)
1037628: board.processor.cores.core: A0 T0 : 0x20bf8 @_int_malloc+1232    : c_addi16sp sp, 256         : IntAlu :  D=0x7fffffffffffec70  flags=(IsInteger)
1037961: board.processor.cores.core: A0 T0 : 0x20bfa @_int_malloc+1234    : c_jr ra                    : IntAlu :   flags=(IsInteger|IsControl|IsIndirectControl|IsUncondControl|IsReturn)
1038294: board.processor.cores.core: A0 T0 : 0x21bb0 @__libc_malloc+74    : c_mv a4, a0                : IntAlu :  D=0x0000000000073dd0  flags=(IsInteger)
1038627: board.processor.cores.core: A0 T0 : 0x21bb2 @__libc_malloc+76    : c_beqz a0, 218             : IntAlu :   flags=(IsInteger|IsControl|IsDirectControl|IsCondControl)
1038960: board.processor.cores.core: A0 T0 : 0x21bb4 @__libc_malloc+78    : ld a5, -8(a0)              : MemRead :  D=0x0000000000000081 A=0x73dc8  flags=(IsInteger|IsLoad)
1039293: board.processor.cores.core: A0 T0 : 0x21bb8 @__libc_malloc+82    : andi a3, a5, 2             : IntAlu :  D=0x0000000000000000  flags=(IsInteger)
1039626: board.processor.cores.core: A0 T0 : 0x21bbc @__libc_malloc+86    : c_bnez a3, 26              : IntAlu :   flags=(IsInteger|IsControl|IsDirectControl|IsCondControl)
1039959: board.processor.cores.core: A0 T0 : 0x21bbe @__libc_malloc+88    : c_andi a5, 4               : IntAlu :  D=0x0000000000000000  flags=(IsInteger)
1040292: board.processor.cores.core: A0 T0 : 0x21bc0 @__libc_malloc+90    : c_beqz a5, 22              : IntAlu :   flags=(IsInteger|IsControl|IsDirectControl|IsCondControl)
1040625: board.processor.cores.core: A0 T0 : 0x21bd6 @__libc_malloc+112    : c_ldsp ra, 24(sp)          : MemRead :  D=0x0000000000040c00 A=0x7fffffffffffec88  flags=(IsInteger|IsLoad)
1040958: board.processor.cores.core: A0 T0 : 0x21bd8 @__libc_malloc+114    : c_ldsp s0, 16(sp)          : MemRead :  D=0x0000000000000001 A=0x7fffffffffffec80  flags=(IsInteger|IsLoad)
1041291: board.processor.cores.core: A0 T0 : 0x21bda @__libc_malloc+116    : c_ldsp s1, 8(sp)           : MemRead :  D=0x0000000000000067 A=0x7fffffffffffec78  flags=(IsInteger|IsLoad)
1041624: board.processor.cores.core: A0 T0 : 0x21bdc @__libc_malloc+118    : c_ldsp s2, 0(sp)           : MemRead :  D=0x7fffffffffffff18 A=0x7fffffffffffec70  flags=(IsInteger|IsLoad)
1041957: board.processor.cores.core: A0 T0 : 0x21bde @__libc_malloc+120    : c_mv a0, a4                : IntAlu :  D=0x0000000000073dd0  flags=(IsInteger)
1042290: board.processor.cores.core: A0 T0 : 0x21be0 @__libc_malloc+122    : c_addi16sp sp, 32          : IntAlu :  D=0x7fffffffffffec90  flags=(IsInteger)
1042623: board.processor.cores.core: A0 T0 : 0x21be2 @__libc_malloc+124    : c_jr ra                    : IntAlu :   flags=(IsInteger|IsControl|IsIndirectControl|IsUncondControl|IsReturn)
1042956: board.processor.cores.core: A0 T0 : 0x40c00 @_dl_get_origin+230    : c_mv s0, a0                : IntAlu :  D=0x0000000000073dd0  flags=(IsInteger)
1043289: board.processor.cores.core: A0 T0 : 0x40c02 @_dl_get_origin+232    : c_beqz a0, -32             : IntAlu :   flags=(IsInteger|IsControl|IsDirectControl|IsCondControl)
1043622: board.processor.cores.core: A0 T0 : 0x40c04 @_dl_get_origin+234    : c_lui a1, 1048575          : IntAlu :  D=0xfffffffffffff000  flags=(IsInteger)
1043955: board.processor.cores.core: A0 T0 : 0x40c06 @_dl_get_origin+236    : c_lui a5, 1                : IntAlu :  D=0x0000000000001000  flags=(IsInteger)
1044288: board.processor.cores.core: A0 T0 : 0x40c08 @_dl_get_origin+238    : c_add a5, a1               : IntAlu :  D=0x0000000000000000  flags=(IsInteger)
1044621: board.processor.cores.core: A0 T0 : 0x40c0a @_dl_get_origin+240    : c_mv a2, s1                : IntAlu :  D=0x0000000000000067  flags=(IsInteger)
1044954: board.processor.cores.core: A0 T0 : 0x40c0c @_dl_get_origin+242    : add a1, a5, sp             : IntAlu :  D=0x7fffffffffffec90  flags=(IsInteger)
1045287: board.processor.cores.core: A0 T0 : 0x40c10 @_dl_get_origin+246    : jal ra, -118094            : IntAlu :  D=0x0000000000040c14  flags=(IsInteger|IsControl|IsDirectControl|IsUncondControl|IsCall)
1045620: board.processor.cores.core: A0 T0 : 0x23ec2 @memcpy    : c_addi16sp sp, -48         : IntAlu :  D=0x7fffffffffffec60  flags=(IsInteger)
1045953: board.processor.cores.core: A0 T0 : 0x23ec4 @memcpy+2    : c_sdsp s0, 32(sp)          : MemWrite :  D=0x0000000000073dd0 A=0x7fffffffffffec80  flags=(IsInteger|IsStore)
1046286: board.processor.cores.core: A0 T0 : 0x23ec6 @memcpy+4    : c_sdsp s2, 16(sp)          : MemWrite :  D=0x7fffffffffffff18 A=0x7fffffffffffec70  flags=(IsInteger|IsStore)
1046619: board.processor.cores.core: A0 T0 : 0x23ec8 @memcpy+6    : c_sdsp ra, 40(sp)          : MemWrite :  D=0x0000000000040c14 A=0x7fffffffffffec88  flags=(IsInteger|IsStore)
1046952: board.processor.cores.core: A0 T0 : 0x23eca @memcpy+8    : c_sdsp s1, 24(sp)          : MemWrite :  D=0x0000000000000067 A=0x7fffffffffffec78  flags=(IsInteger|IsStore)
1047285: board.processor.cores.core: A0 T0 : 0x23ecc @memcpy+10    : c_sdsp s3, 8(sp)           : MemWrite :  D=0x0000000000000000 A=0x7fffffffffffec68  flags=(IsInteger|IsStore)
1047618: board.processor.cores.core: A0 T0 : 0x23ece @memcpy+12    : c_li a5, 15                : IntAlu :  D=0x000000000000000f  flags=(IsInteger)
1047951: board.processor.cores.core: A0 T0 : 0x23ed0 @memcpy+14    : c_mv s2, a0                : IntAlu :  D=0x0000000000073dd0  flags=(IsInteger)
1048284: board.processor.cores.core: A0 T0 : 0x23ed2 @memcpy+16    : c_mv a4, a0                : IntAlu :  D=0x0000000000073dd0  flags=(IsInteger)
1048617: board.processor.cores.core: A0 T0 : 0x23ed4 @memcpy+18    : c_mv s0, a1                : IntAlu :  D=0x7fffffffffffec90  flags=(IsInteger)
1049283: board.processor.cores.core: A0 T0 : 0x23ed6 @memcpy+20    : bgeu a5, a2, 72            : IntAlu :   flags=(IsInteger|IsControl|IsDirectControl|IsCondControl)
1049949: board.processor.cores.core: A0 T0 : 0x23eda @memcpy+24    : sub a0, ft0, a0            : IntAlu :  D=0xfffffffffff8c230  flags=(IsInteger)
1050282: board.processor.cores.core: A0 T0 : 0x23ede @memcpy+28    : c_andi a0, 7               : IntAlu :  D=0x0000000000000000  flags=(IsInteger)
1050615: board.processor.cores.core: A0 T0 : 0x23ee0 @memcpy+30    : sub s1, a2, a0             : IntAlu :  D=0x0000000000000067  flags=(IsInteger)
1050948: board.processor.cores.core: A0 T0 : 0x23ee4 @memcpy+34    : c_beqz a0, 110             : IntAlu :   flags=(IsInteger|IsControl|IsDirectControl|IsCondControl)
1051281: board.processor.cores.core: A0 T0 : 0x23f52 @memcpy+144    : c_mv s3, s2                : IntAlu :  D=0x0000000000073dd0  flags=(IsInteger)
1051614: board.processor.cores.core: A0 T0 : 0x23f54 @memcpy+146    : c_j -84                    : IntAlu :   flags=(IsControl|IsDirectControl|IsUncondControl)
1051947: board.processor.cores.core: A0 T0 : 0x23f00 @memcpy+62    : andi a5, s0, 7             : IntAlu :  D=0x0000000000000000  flags=(IsInteger)
1052280: board.processor.cores.core: A0 T0 : 0x23f04 @memcpy+66    : srli a2, s1, 3             : IntAlu :  D=0x000000000000000c  flags=(IsInteger)
1052613: board.processor.cores.core: A0 T0 : 0x23f08 @memcpy+70    : c_mv a1, s0                : IntAlu :  D=0x7fffffffffffec90  flags=(IsInteger)
1052946: board.processor.cores.core: A0 T0 : 0x23f0a @memcpy+72    : c_mv a0, s3                : IntAlu :  D=0x0000000000073dd0  flags=(IsInteger)
1053279: board.processor.cores.core: A0 T0 : 0x23f0c @memcpy+74    : c_bnez a5, 64              : IntAlu :   flags=(IsInteger|IsControl|IsDirectControl|IsCondControl)
1053945: board.processor.cores.core: A0 T0 : 0x23f0e @memcpy+76    : jal ra, 72                 : IntAlu :  D=0x0000000000023f12  flags=(IsInteger|IsControl|IsDirectControl|IsUncondControl|IsCall)
1054611: board.processor.cores.core: A0 T0 : 0x23f56 @_wordcopy_fwd_aligned    : andi a5, a2, 7             : IntAlu :  D=0x0000000000000004  flags=(IsInteger)
1055277: board.processor.cores.core: A0 T0 : 0x23f5a @_wordcopy_fwd_aligned+4    : lui a4, 79                 : IntAlu :  D=0x000000000004f000  flags=(IsInteger)
1055610: board.processor.cores.core: A0 T0 : 0x23f5e @_wordcopy_fwd_aligned+8    : c_slli a5, 2               : IntAlu :  D=0x0000000000000010  flags=(IsInteger)
1055943: board.processor.cores.core: A0 T0 : 0x23f60 @_wordcopy_fwd_aligned+10    : addi a4, a4, -448          : IntAlu :  D=0x000000000004ee40  flags=(IsInteger)
1056276: board.processor.cores.core: A0 T0 : 0x23f64 @_wordcopy_fwd_aligned+14    : c_add a5, a4               : IntAlu :  D=0x000000000004ee50  flags=(IsInteger)
1056609: board.processor.cores.core: A0 T0 : 0x23f66 @_wordcopy_fwd_aligned+16    : c_lw a5, 0(a5)             : MemRead :  D=0x0000000000024000 A=0x4ee50  flags=(IsInteger|IsLoad)
1056942: board.processor.cores.core: A0 T0 : 0x23f68 @_wordcopy_fwd_aligned+18    : c_jr a5                    : IntAlu :   flags=(IsInteger|IsControl|IsIndirectControl|IsUncondControl)
1057275: board.processor.cores.core: A0 T0 : 0x24000 @_wordcopy_fwd_aligned+170    : ld a6, 0(a1)               : MemRead :  D=0x61612f617461642f A=0x7fffffffffffec90  flags=(IsInteger|IsLoad)
1057608: board.processor.cores.core: A0 T0 : 0x24004 @_wordcopy_fwd_aligned+174    : c_mv a3, a0                : IntAlu :  D=0x0000000000073dd0  flags=(IsInteger)
1057941: board.processor.cores.core: A0 T0 : 0x24006 @_wordcopy_fwd_aligned+176    : c_addi a1, -32             : IntAlu :  D=0x7fffffffffffec70  flags=(IsInteger)
1058274: board.processor.cores.core: A0 T0 : 0x24008 @_wordcopy_fwd_aligned+178    : addi a5, a0, -40           : IntAlu :  D=0x0000000000073da8  flags=(IsInteger)
1058607: board.processor.cores.core: A0 T0 : 0x2400c @_wordcopy_fwd_aligned+182    : c_addi a2, 4               : IntAlu :  D=0x0000000000000010  flags=(IsInteger)
1058940: board.processor.cores.core: A0 T0 : 0x2400e @_wordcopy_fwd_aligned+184    : c_j -124                   : IntAlu :   flags=(IsControl|IsDirectControl|IsUncondControl)
1059273: board.processor.cores.core: A0 T0 : 0x23f92 @_wordcopy_fwd_aligned+60    : c_ld a4, 40(a1)            : MemRead :  D=0x6e2d776f6c68616b A=0x7fffffffffffec98  flags=(IsInteger|IsLoad)
1059606: board.processor.cores.core: A0 T0 : 0x23f94 @_wordcopy_fwd_aligned+62    : addi a0, a5, 48            : IntAlu :  D=0x0000000000073dd8  flags=(IsInteger)
1059939: board.processor.cores.core: A0 T0 : 0x23f98 @_wordcopy_fwd_aligned+66    : sd a6, 0(a3)               : MemWrite :  D=0x61612f617461642f A=0x73dd0  flags=(IsInteger|IsStore)
1060272: board.processor.cores.core: A0 T0 : 0x23f9c @_wordcopy_fwd_aligned+70    : ld a6, 48(a1)              : MemRead :  D=0x76637369722f7765 A=0x7fffffffffffeca0  flags=(IsInteger|IsLoad)
1060605: board.processor.cores.core: A0 T0 : 0x23fa0 @_wordcopy_fwd_aligned+74    : addi a3, a5, 56            : IntAlu :  D=0x0000000000073de0  flags=(IsInteger)
1060938: board.processor.cores.core: A0 T0 : 0x23fa4 @_wordcopy_fwd_aligned+78    : c_sd a4, 0(a0)             : MemWrite :  D=0x6e2d776f6c68616b A=0x73dd8  flags=(IsInteger|IsStore)
1061271: board.processor.cores.core: A0 T0 : 0x23fa6 @_wordcopy_fwd_aligned+80    : c_ld a4, 56(a1)            : MemRead :  D=0x65672f646d69732d A=0x7fffffffffffeca8  flags=(IsInteger|IsLoad)
1061604: board.processor.cores.core: A0 T0 : 0x23fa8 @_wordcopy_fwd_aligned+82    : addi a5, a5, 64            : IntAlu :  D=0x0000000000073de8  flags=(IsInteger)
1061937: board.processor.cores.core: A0 T0 : 0x23fac @_wordcopy_fwd_aligned+86    : sd a6, 0(a3)               : MemWrite :  D=0x76637369722f7765 A=0x73de0  flags=(IsInteger|IsStore)
1062270: board.processor.cores.core: A0 T0 : 0x23fb0 @_wordcopy_fwd_aligned+90    : c_addi a2, -8              : IntAlu :  D=0x0000000000000008  flags=(IsInteger)
1062603: board.processor.cores.core: A0 T0 : 0x23fb2 @_wordcopy_fwd_aligned+92    : c_mv a0, a5                : IntAlu :  D=0x0000000000073de8  flags=(IsInteger)
1062936: board.processor.cores.core: A0 T0 : 0x23fb4 @_wordcopy_fwd_aligned+94    : addi a1, a1, 64            : IntAlu :  D=0x7fffffffffffecb0  flags=(IsInteger)
1063269: board.processor.cores.core: A0 T0 : 0x23fb8 @_wordcopy_fwd_aligned+98    : c_beqz a2, 24              : IntAlu :   flags=(IsInteger|IsControl|IsDirectControl|IsCondControl)
1063935: board.processor.cores.core: A0 T0 : 0x23fba @_wordcopy_fwd_aligned+100    : ld a6, 0(a1)               : MemRead :  D=0x63746f6f622d356d A=0x7fffffffffffecb0  flags=(IsInteger|IsLoad)
1064601: board.processor.cores.core: A0 T0 : 0x23fbe @_wordcopy_fwd_aligned+104    : addi a3, a5, 8             : IntAlu :  D=0x0000000000073df0  flags=(IsInteger)
1064934: board.processor.cores.core: A0 T0 : 0x23fc2 @_wordcopy_fwd_aligned+108    : c_sd a4, 0(a0)             : MemWrite :  D=0x65672f646d69732d A=0x73de8  flags=(IsInteger|IsStore)
1065267: board.processor.cores.core: A0 T0 : 0x23fc4 @_wordcopy_fwd_aligned+110    : c_ld a4, 8(a1)             : MemRead :  D=0x2f766e652d706d61 A=0x7fffffffffffecb8  flags=(IsInteger|IsLoad)
1065933: board.processor.cores.core: A0 T0 : 0x23fc6 @_wordcopy_fwd_aligned+112    : addi a0, a5, 16            : IntAlu :  D=0x0000000000073df8  flags=(IsInteger)
1066599: board.processor.cores.core: A0 T0 : 0x23fca @_wordcopy_fwd_aligned+116    : sd a6, 0(a3)               : MemWrite :  D=0x63746f6f622d356d A=0x73df0  flags=(IsInteger|IsStore)
1066932: board.processor.cores.core: A0 T0 : 0x23fce @_wordcopy_fwd_aligned+120    : c_j -90                    : IntAlu :   flags=(IsControl|IsDirectControl|IsUncondControl)
1067265: board.processor.cores.core: A0 T0 : 0x23f74 @_wordcopy_fwd_aligned+30    : ld a6, 16(a1)              : MemRead :  D=0x6c6169726574616d A=0x7fffffffffffecc0  flags=(IsInteger|IsLoad)
1067598: board.processor.cores.core: A0 T0 : 0x23f78 @_wordcopy_fwd_aligned+34    : addi a3, a5, 24            : IntAlu :  D=0x0000000000073e00  flags=(IsInteger)
1067931: board.processor.cores.core: A0 T0 : 0x23f7c @_wordcopy_fwd_aligned+38    : c_sd a4, 0(a0)             : MemWrite :  D=0x2f766e652d706d61 A=0x73df8  flags=(IsInteger|IsStore)
1068264: board.processor.cores.core: A0 T0 : 0x23f7e @_wordcopy_fwd_aligned+40    : c_ld a4, 24(a1)            : MemRead :  D=0x6f6c657665642f73 A=0x7fffffffffffecc8  flags=(IsInteger|IsLoad)
1068597: board.processor.cores.core: A0 T0 : 0x23f80 @_wordcopy_fwd_aligned+42    : addi a0, a5, 32            : IntAlu :  D=0x0000000000073e08  flags=(IsInteger)
1068930: board.processor.cores.core: A0 T0 : 0x23f84 @_wordcopy_fwd_aligned+46    : sd a6, 0(a3)               : MemWrite :  D=0x6c6169726574616d A=0x73e00  flags=(IsInteger|IsStore)
1069263: board.processor.cores.core: A0 T0 : 0x23f88 @_wordcopy_fwd_aligned+50    : ld a6, 32(a1)              : MemRead :  D=0x6d65672d676e6970 A=0x7fffffffffffecd0  flags=(IsInteger|IsLoad)
1069596: board.processor.cores.core: A0 T0 : 0x23f8c @_wordcopy_fwd_aligned+54    : addi a3, a5, 40            : IntAlu :  D=0x0000000000073e10  flags=(IsInteger)
1069929: board.processor.cores.core: A0 T0 : 0x23f90 @_wordcopy_fwd_aligned+58    : c_sd a4, 0(a0)             : MemWrite :  D=0x6f6c657665642f73 A=0x73e08  flags=(IsInteger|IsStore)
1070262: board.processor.cores.core: A0 T0 : 0x23f92 @_wordcopy_fwd_aligned+60    : c_ld a4, 40(a1)            : MemRead :  D=0x736c65646f6d2d35 A=0x7fffffffffffecd8  flags=(IsInteger|IsLoad)
1070595: board.processor.cores.core: A0 T0 : 0x23f94 @_wordcopy_fwd_aligned+62    : addi a0, a5, 48            : IntAlu :  D=0x0000000000073e18  flags=(IsInteger)
1070928: board.processor.cores.core: A0 T0 : 0x23f98 @_wordcopy_fwd_aligned+66    : sd a6, 0(a3)               : MemWrite :  D=0x6d65672d676e6970 A=0x73e10  flags=(IsInteger|IsStore)
1071261: board.processor.cores.core: A0 T0 : 0x23f9c @_wordcopy_fwd_aligned+70    : ld a6, 48(a1)              : MemRead :  D=0x736e692d7570632f A=0x7fffffffffffece0  flags=(IsInteger|IsLoad)
1071594: board.processor.cores.core: A0 T0 : 0x23fa0 @_wordcopy_fwd_aligned+74    : addi a3, a5, 56            : IntAlu :  D=0x0000000000073e20  flags=(IsInteger)
1071927: board.processor.cores.core: A0 T0 : 0x23fa4 @_wordcopy_fwd_aligned+78    : c_sd a4, 0(a0)             : MemWrite :  D=0x736c65646f6d2d35 A=0x73e18  flags=(IsInteger|IsStore)
1072260: board.processor.cores.core: A0 T0 : 0x23fa6 @_wordcopy_fwd_aligned+80    : c_ld a4, 56(a1)            : MemRead :  D=0x6e6f697463757274 A=0x7fffffffffffece8  flags=(IsInteger|IsLoad)
1072593: board.processor.cores.core: A0 T0 : 0x23fa8 @_wordcopy_fwd_aligned+82    : addi a5, a5, 64            : IntAlu :  D=0x0000000000073e28  flags=(IsInteger)
1072926: board.processor.cores.core: A0 T0 : 0x23fac @_wordcopy_fwd_aligned+86    : sd a6, 0(a3)               : MemWrite :  D=0x736e692d7570632f A=0x73e20  flags=(IsInteger|IsStore)
1073259: board.processor.cores.core: A0 T0 : 0x23fb0 @_wordcopy_fwd_aligned+90    : c_addi a2, -8              : IntAlu :  D=0x0000000000000000  flags=(IsInteger)
1073592: board.processor.cores.core: A0 T0 : 0x23fb2 @_wordcopy_fwd_aligned+92    : c_mv a0, a5                : IntAlu :  D=0x0000000000073e28  flags=(IsInteger)
1073925: board.processor.cores.core: A0 T0 : 0x23fb4 @_wordcopy_fwd_aligned+94    : addi a1, a1, 64            : IntAlu :  D=0x7fffffffffffecf0  flags=(IsInteger)
1074258: board.processor.cores.core: A0 T0 : 0x23fb8 @_wordcopy_fwd_aligned+98    : c_beqz a2, 24              : IntAlu :   flags=(IsInteger|IsControl|IsDirectControl|IsCondControl)
1074591: board.processor.cores.core: A0 T0 : 0x23fd0 @_wordcopy_fwd_aligned+122    : c_sd a4, 0(a0)             : MemWrite :  D=0x6e6f697463757274 A=0x73e28  flags=(IsInteger|IsStore)
1074924: board.processor.cores.core: A0 T0 : 0x23fd2 @_wordcopy_fwd_aligned+124    : c_jr ra                    : IntAlu :   flags=(IsInteger|IsControl|IsIndirectControl|IsUncondControl|IsReturn)
1075590: board.processor.cores.core: A0 T0 : 0x23f12 @memcpy+80    : andi a4, s1, 18446744073709551608 : IntAlu :  D=0x0000000000000060  flags=(IsInteger)
1075923: board.processor.cores.core: A0 T0 : 0x23f16 @memcpy+84    : c_add s0, a4               : IntAlu :  D=0x7fffffffffffecf0  flags=(IsInteger)
1076256: board.processor.cores.core: A0 T0 : 0x23f18 @memcpy+86    : andi a2, s1, 7             : IntAlu :  D=0x0000000000000007  flags=(IsInteger)
1076589: board.processor.cores.core: A0 T0 : 0x23f1c @memcpy+90    : c_add a4, s3               : IntAlu :  D=0x0000000000073e30  flags=(IsInteger)
1076922: board.processor.cores.core: A0 T0 : 0x23f1e @memcpy+92    : c_addi a4, -1              : IntAlu :  D=0x0000000000073e2f  flags=(IsInteger)
1077255: board.processor.cores.core: A0 T0 : 0x23f20 @memcpy+94    : c_mv a5, s0                : IntAlu :  D=0x7fffffffffffecf0  flags=(IsInteger)
1077921: board.processor.cores.core: A0 T0 : 0x23f22 @memcpy+96    : add a1, a2, s0             : IntAlu :  D=0x7fffffffffffecf7  flags=(IsInteger)
1078254: board.processor.cores.core: A0 T0 : 0x23f26 @memcpy+100    : c_sub a4, s0               : IntAlu :  D=0x800000000007513f  flags=(IsInteger)
1078587: board.processor.cores.core: A0 T0 : 0x23f28 @memcpy+102    : c_beqz a2, 20              : IntAlu :   flags=(IsInteger|IsControl|IsDirectControl|IsCondControl)
1079253: board.processor.cores.core: A0 T0 : 0x23f2a @memcpy+104    : lbu a2, 0(a5)              : MemRead :  D=0x0000000000000073 A=0x7fffffffffffecf0  flags=(IsInteger|IsLoad)
1079586: board.processor.cores.core: A0 T0 : 0x23f2e @memcpy+108    : c_addi a5, 1               : IntAlu :  D=0x7fffffffffffecf1  flags=(IsInteger)
1079919: board.processor.cores.core: A0 T0 : 0x23f30 @memcpy+110    : add a3, a4, a5             : IntAlu :  D=0x0000000000073e30  flags=(IsInteger)
1080252: board.processor.cores.core: A0 T0 : 0x23f34 @memcpy+114    : sb a2, 0(a3)               : MemWrite :  D=0x0000000000000073 A=0x73e30  flags=(IsInteger|IsStore)
1080585: board.processor.cores.core: A0 T0 : 0x23f38 @memcpy+118    : bne a1, a5, -14            : IntAlu :   flags=(IsInteger|IsControl|IsDirectControl|IsCondControl)
1081251: board.processor.cores.core: A0 T0 : 0x23f2a @memcpy+104    : lbu a2, 0(a5)              : MemRead :  D=0x000000000000002f A=0x7fffffffffffecf1  flags=(IsInteger|IsLoad)
1081584: board.processor.cores.core: A0 T0 : 0x23f2e @memcpy+108    : c_addi a5, 1               : IntAlu :  D=0x7fffffffffffecf2  flags=(IsInteger)
1081917: board.processor.cores.core: A0 T0 : 0x23f30 @memcpy+110    : add a3, a4, a5             : IntAlu :  D=0x0000000000073e31  flags=(IsInteger)
1082250: board.processor.cores.core: A0 T0 : 0x23f34 @memcpy+114    : sb a2, 0(a3)               : MemWrite :  D=0x000000000000002f A=0x73e31  flags=(IsInteger|IsStore)
1082583: board.processor.cores.core: A0 T0 : 0x23f38 @memcpy+118    : bne a1, a5, -14            : IntAlu :   flags=(IsInteger|IsControl|IsDirectControl|IsCondControl)
1083249: board.processor.cores.core: A0 T0 : 0x23f2a @memcpy+104    : lbu a2, 0(a5)              : MemRead :  D=0x0000000000000074 A=0x7fffffffffffecf2  flags=(IsInteger|IsLoad)
1083582: board.processor.cores.core: A0 T0 : 0x23f2e @memcpy+108    : c_addi a5, 1               : IntAlu :  D=0x7fffffffffffecf3  flags=(IsInteger)
1083915: board.processor.cores.core: A0 T0 : 0x23f30 @memcpy+110    : add a3, a4, a5             : IntAlu :  D=0x0000000000073e32  flags=(IsInteger)
1084248: board.processor.cores.core: A0 T0 : 0x23f34 @memcpy+114    : sb a2, 0(a3)               : MemWrite :  D=0x0000000000000074 A=0x73e32  flags=(IsInteger|IsStore)
1084581: board.processor.cores.core: A0 T0 : 0x23f38 @memcpy+118    : bne a1, a5, -14            : IntAlu :   flags=(IsInteger|IsControl|IsDirectControl|IsCondControl)
1085247: board.processor.cores.core: A0 T0 : 0x23f2a @memcpy+104    : lbu a2, 0(a5)              : MemRead :  D=0x0000000000000065 A=0x7fffffffffffecf3  flags=(IsInteger|IsLoad)
1085580: board.processor.cores.core: A0 T0 : 0x23f2e @memcpy+108    : c_addi a5, 1               : IntAlu :  D=0x7fffffffffffecf4  flags=(IsInteger)
1085913: board.processor.cores.core: A0 T0 : 0x23f30 @memcpy+110    : add a3, a4, a5             : IntAlu :  D=0x0000000000073e33  flags=(IsInteger)
1086246: board.processor.cores.core: A0 T0 : 0x23f34 @memcpy+114    : sb a2, 0(a3)               : MemWrite :  D=0x0000000000000065 A=0x73e33  flags=(IsInteger|IsStore)
1086579: board.processor.cores.core: A0 T0 : 0x23f38 @memcpy+118    : bne a1, a5, -14            : IntAlu :   flags=(IsInteger|IsControl|IsDirectControl|IsCondControl)
1087245: board.processor.cores.core: A0 T0 : 0x23f2a @memcpy+104    : lbu a2, 0(a5)              : MemRead :  D=0x0000000000000073 A=0x7fffffffffffecf4  flags=(IsInteger|IsLoad)
1087578: board.processor.cores.core: A0 T0 : 0x23f2e @memcpy+108    : c_addi a5, 1               : IntAlu :  D=0x7fffffffffffecf5  flags=(IsInteger)
1087911: board.processor.cores.core: A0 T0 : 0x23f30 @memcpy+110    : add a3, a4, a5             : IntAlu :  D=0x0000000000073e34  flags=(IsInteger)
1088244: board.processor.cores.core: A0 T0 : 0x23f34 @memcpy+114    : sb a2, 0(a3)               : MemWrite :  D=0x0000000000000073 A=0x73e34  flags=(IsInteger|IsStore)
1088577: board.processor.cores.core: A0 T0 : 0x23f38 @memcpy+118    : bne a1, a5, -14            : IntAlu :   flags=(IsInteger|IsControl|IsDirectControl|IsCondControl)
1089243: board.processor.cores.core: A0 T0 : 0x23f2a @memcpy+104    : lbu a2, 0(a5)              : MemRead :  D=0x0000000000000074 A=0x7fffffffffffecf5  flags=(IsInteger|IsLoad)
1089576: board.processor.cores.core: A0 T0 : 0x23f2e @memcpy+108    : c_addi a5, 1               : IntAlu :  D=0x7fffffffffffecf6  flags=(IsInteger)
1089909: board.processor.cores.core: A0 T0 : 0x23f30 @memcpy+110    : add a3, a4, a5             : IntAlu :  D=0x0000000000073e35  flags=(IsInteger)
1090242: board.processor.cores.core: A0 T0 : 0x23f34 @memcpy+114    : sb a2, 0(a3)               : MemWrite :  D=0x0000000000000074 A=0x73e35  flags=(IsInteger|IsStore)
1090575: board.processor.cores.core: A0 T0 : 0x23f38 @memcpy+118    : bne a1, a5, -14            : IntAlu :   flags=(IsInteger|IsControl|IsDirectControl|IsCondControl)
1091241: board.processor.cores.core: A0 T0 : 0x23f2a @memcpy+104    : lbu a2, 0(a5)              : MemRead :  D=0x0000000000000073 A=0x7fffffffffffecf6  flags=(IsInteger|IsLoad)
1091574: board.processor.cores.core: A0 T0 : 0x23f2e @memcpy+108    : c_addi a5, 1               : IntAlu :  D=0x7fffffffffffecf7  flags=(IsInteger)
1091907: board.processor.cores.core: A0 T0 : 0x23f30 @memcpy+110    : add a3, a4, a5             : IntAlu :  D=0x0000000000073e36  flags=(IsInteger)
1092240: board.processor.cores.core: A0 T0 : 0x23f34 @memcpy+114    : sb a2, 0(a3)               : MemWrite :  D=0x0000000000000073 A=0x73e36  flags=(IsInteger|IsStore)
1092573: board.processor.cores.core: A0 T0 : 0x23f38 @memcpy+118    : bne a1, a5, -14            : IntAlu :   flags=(IsInteger|IsControl|IsDirectControl|IsCondControl)
1092906: board.processor.cores.core: A0 T0 : 0x23f3c @memcpy+122    : c_ldsp ra, 40(sp)          : MemRead :  D=0x0000000000040c14 A=0x7fffffffffffec88  flags=(IsInteger|IsLoad)
1093239: board.processor.cores.core: A0 T0 : 0x23f3e @memcpy+124    : c_ldsp s0, 32(sp)          : MemRead :  D=0x0000000000073dd0 A=0x7fffffffffffec80  flags=(IsInteger|IsLoad)
1093572: board.processor.cores.core: A0 T0 : 0x23f40 @memcpy+126    : c_ldsp s1, 24(sp)          : MemRead :  D=0x0000000000000067 A=0x7fffffffffffec78  flags=(IsInteger|IsLoad)
1093905: board.processor.cores.core: A0 T0 : 0x23f42 @memcpy+128    : c_ldsp s3, 8(sp)           : MemRead :  D=0x0000000000000000 A=0x7fffffffffffec68  flags=(IsInteger|IsLoad)
1094238: board.processor.cores.core: A0 T0 : 0x23f44 @memcpy+130    : c_mv a0, s2                : IntAlu :  D=0x0000000000073dd0  flags=(IsInteger)
1094571: board.processor.cores.core: A0 T0 : 0x23f46 @memcpy+132    : c_ldsp s2, 16(sp)          : MemRead :  D=0x7fffffffffffff18 A=0x7fffffffffffec70  flags=(IsInteger|IsLoad)
1094904: board.processor.cores.core: A0 T0 : 0x23f48 @memcpy+134    : c_addi16sp sp, 48          : IntAlu :  D=0x7fffffffffffec90  flags=(IsInteger)
1095237: board.processor.cores.core: A0 T0 : 0x23f4a @memcpy+136    : c_jr ra                    : IntAlu :   flags=(IsInteger|IsControl|IsIndirectControl|IsUncondControl|IsReturn)
1095570: board.processor.cores.core: A0 T0 : 0x40c14 @_dl_get_origin+250    : c_add a0, s1               : IntAlu :  D=0x0000000000073e37  flags=(IsInteger)
1096236: board.processor.cores.core: A0 T0 : 0x40c16 @_dl_get_origin+252    : sb ft0, 0(a0)              : MemWrite :  D=0x0000000000000000 A=0x73e37  flags=(IsInteger|IsStore)
1096569: board.processor.cores.core: A0 T0 : 0x40c1a @_dl_get_origin+256    : c_j -54                    : IntAlu :   flags=(IsControl|IsDirectControl|IsUncondControl)
1096902: board.processor.cores.core: A0 T0 : 0x40be4 @_dl_get_origin+202    : c_lui t0, 1                : IntAlu :  D=0x0000000000001000  flags=(IsInteger)
1097235: board.processor.cores.core: A0 T0 : 0x40be6 @_dl_get_origin+204    : c_addi t0, -16             : IntAlu :  D=0x0000000000000ff0  flags=(IsInteger)
1097568: board.processor.cores.core: A0 T0 : 0x40be8 @_dl_get_origin+206    : c_add sp, t0               : IntAlu :  D=0x7ffffffffffffc80  flags=(IsInteger)
1097901: board.processor.cores.core: A0 T0 : 0x40bea @_dl_get_origin+208    : c_ldsp ra, 40(sp)          : MemRead :  D=0x0000000000027890 A=0x7ffffffffffffca8  flags=(IsInteger|IsLoad)
1098234: board.processor.cores.core: A0 T0 : 0x40bec @_dl_get_origin+210    : c_mv a0, s0                : IntAlu :  D=0x0000000000073dd0  flags=(IsInteger)
1098567: board.processor.cores.core: A0 T0 : 0x40bee @_dl_get_origin+212    : c_ldsp s1, 24(sp)          : MemRead :  D=0x7fffffffffffff08 A=0x7ffffffffffffc98  flags=(IsInteger|IsLoad)
1098900: board.processor.cores.core: A0 T0 : 0x40bf0 @_dl_get_origin+214    : c_ldsp s0, 32(sp)          : MemRead :  D=0x0000000000000001 A=0x7ffffffffffffca0  flags=(IsInteger|IsLoad)
1099233: board.processor.cores.core: A0 T0 : 0x40bf2 @_dl_get_origin+216    : c_ldsp s2, 16(sp)          : MemRead :  D=0x7fffffffffffff18 A=0x7ffffffffffffc90  flags=(IsInteger|IsLoad)
1099566: board.processor.cores.core: A0 T0 : 0x40bf4 @_dl_get_origin+218    : c_addi16sp sp, 48          : IntAlu :  D=0x7ffffffffffffcb0  flags=(IsInteger)
1099899: board.processor.cores.core: A0 T0 : 0x40bf6 @_dl_get_origin+220    : c_jr ra                    : IntAlu :   flags=(IsInteger|IsControl|IsIndirectControl|IsUncondControl|IsReturn)
1100232: board.processor.cores.core: A0 T0 : 0x27890 @_dl_non_dynamic_init+32    : ld a5, -1160(gp)           : MemRead :  D=0x0000000000000007 A=0x70c40  flags=(IsInteger|IsLoad)
1100565: board.processor.cores.core: A0 T0 : 0x27894 @_dl_non_dynamic_init+36    : ld a4, -1152(gp)           : MemRead :  D=0x0000000000010040 A=0x70c48  flags=(IsInteger|IsLoad)
1100898: board.processor.cores.core: A0 T0 : 0x27898 @_dl_non_dynamic_init+40    : c_mv a3, a0                : IntAlu :  D=0x0000000000073dd0  flags=(IsInteger)
1101564: board.processor.cores.core: A0 T0 : 0x2789a @_dl_non_dynamic_init+42    : lui s4, 112                : IntAlu :  D=0x0000000000070000  flags=(IsInteger)
1102230: board.processor.cores.core: A0 T0 : 0x2789e @_dl_non_dynamic_init+46    : lui a0, 80                 : IntAlu :  D=0x0000000000050000  flags=(IsInteger)
1102896: board.processor.cores.core: A0 T0 : 0x278a2 @_dl_non_dynamic_init+50    : addi s0, s4, -416          : IntAlu :  D=0x000000000006fe60  flags=(IsInteger)
1103562: board.processor.cores.core: A0 T0 : 0x278a6 @_dl_non_dynamic_init+54    : addi a0, a0, -1464         : IntAlu :  D=0x000000000004fa48  flags=(IsInteger)
1104228: board.processor.cores.core: A0 T0 : 0x278aa @_dl_non_dynamic_init+58    : sh a5, 696(s0)             : MemWrite :  D=0x0000000000000007 A=0x70118  flags=(IsInteger|IsStore)
1104894: board.processor.cores.core: A0 T0 : 0x278ae @_dl_non_dynamic_init+62    : sd a3, 840(s0)             : MemWrite :  D=0x0000000000073dd0 A=0x701a8  flags=(IsInteger|IsStore)
1105560: board.processor.cores.core: A0 T0 : 0x278b2 @_dl_non_dynamic_init+66    : sd a4, 680(s0)             : MemWrite :  D=0x0000000000010040 A=0x70108  flags=(IsInteger|IsStore)
1106226: board.processor.cores.core: A0 T0 : 0x278b6 @_dl_non_dynamic_init+70    : jal ra, -79254             : IntAlu :  D=0x00000000000278ba  flags=(IsInteger|IsControl|IsDirectControl|IsUncondControl|IsCall)
1106559: board.processor.cores.core: A0 T0 : 0x14320 @getenv    : c_addi16sp sp, -64         : IntAlu :  D=0x7ffffffffffffc70  flags=(IsInteger)
1106892: board.processor.cores.core: A0 T0 : 0x14322 @getenv+2    : c_sdsp s1, 40(sp)          : MemWrite :  D=0x7fffffffffffff08 A=0x7ffffffffffffc98  flags=(IsInteger|IsStore)
1107225: board.processor.cores.core: A0 T0 : 0x14324 @getenv+4    : ld s1, -1232(gp)           : MemRead :  D=0x7fffffffffffff18 A=0x70bf8  flags=(IsInteger|IsLoad)
1107558: board.processor.cores.core: A0 T0 : 0x14328 @getenv+8    : c_sdsp ra, 56(sp)          : MemWrite :  D=0x00000000000278ba A=0x7ffffffffffffca8  flags=(IsInteger|IsStore)
1107891: board.processor.cores.core: A0 T0 : 0x1432a @getenv+10    : c_sdsp s0, 48(sp)          : MemWrite :  D=0x000000000006fe60 A=0x7ffffffffffffca0  flags=(IsInteger|IsStore)
1108224: board.processor.cores.core: A0 T0 : 0x1432c @getenv+12    : c_sdsp s2, 32(sp)          : MemWrite :  D=0x7fffffffffffff18 A=0x7ffffffffffffc90  flags=(IsInteger|IsStore)
1108557: board.processor.cores.core: A0 T0 : 0x1432e @getenv+14    : c_sdsp s3, 24(sp)          : MemWrite :  D=0x0000000000000000 A=0x7ffffffffffffc88  flags=(IsInteger|IsStore)
1108890: board.processor.cores.core: A0 T0 : 0x14330 @getenv+16    : c_sdsp s4, 16(sp)          : MemWrite :  D=0x0000000000070000 A=0x7ffffffffffffc80  flags=(IsInteger|IsStore)
1109223: board.processor.cores.core: A0 T0 : 0x14332 @getenv+18    : c_sdsp s5, 8(sp)           : MemWrite :  D=0x00000000ffffffff A=0x7ffffffffffffc78  flags=(IsInteger|IsStore)
1109556: board.processor.cores.core: A0 T0 : 0x14334 @getenv+20    : c_sdsp s6, 0(sp)           : MemWrite :  D=0x000000000000003a A=0x7ffffffffffffc70  flags=(IsInteger|IsStore)
1109889: board.processor.cores.core: A0 T0 : 0x14336 @getenv+22    : c_beqz s1, 184             : IntAlu :   flags=(IsInteger|IsControl|IsDirectControl|IsCondControl)
1110222: board.processor.cores.core: A0 T0 : 0x14338 @getenv+24    : lbu s3, 0(a0)              : MemRead :  D=0x000000000000004c A=0x4fa48  flags=(IsInteger|IsLoad)
1110555: board.processor.cores.core: A0 T0 : 0x1433c @getenv+28    : c_mv s4, a0                : IntAlu :  D=0x000000000004fa48  flags=(IsInteger)
1111221: board.processor.cores.core: A0 T0 : 0x1433e @getenv+30    : beq s3, ft0, 176           : IntAlu :   flags=(IsInteger|IsControl|IsDirectControl|IsCondControl)
1111887: board.processor.cores.core: A0 T0 : 0x14342 @getenv+34    : lbu s2, 1(a0)              : MemRead :  D=0x0000000000000044 A=0x4fa49  flags=(IsInteger|IsLoad)
1112553: board.processor.cores.core: A0 T0 : 0x14346 @getenv+38    : bne s2, ft0, 86            : IntAlu :   flags=(IsInteger|IsControl|IsDirectControl|IsCondControl)
1112886: board.processor.cores.core: A0 T0 : 0x1439c @getenv+124    : jal ra, 61060              : IntAlu :  D=0x00000000000143a0  flags=(IsInteger|IsControl|IsDirectControl|IsUncondControl|IsCall)
1113219: board.processor.cores.core: A0 T0 : 0x23220 @strlen    : andi a5, a0, 7             : IntAlu :  D=0x0000000000000000  flags=(IsInteger)
1113552: board.processor.cores.core: A0 T0 : 0x23224 @strlen+4    : c_beqz a5, 26              : IntAlu :   flags=(IsInteger|IsControl|IsDirectControl|IsCondControl)
1113885: board.processor.cores.core: A0 T0 : 0x2323e @strlen+30    : c_mv a5, a0                : IntAlu :  D=0x000000000004fa48  flags=(IsInteger)
1114218: board.processor.cores.core: A0 T0 : 0x23240 @strlen+32    : ld a6, -2024(gp)           : MemRead :  D=0xfefefefefefefeff A=0x708e0  flags=(IsInteger|IsLoad)
1114551: board.processor.cores.core: A0 T0 : 0x23244 @strlen+36    : ld a1, -2016(gp)           : MemRead :  D=0x8080808080808080 A=0x708e8  flags=(IsInteger|IsLoad)
1114884: board.processor.cores.core: A0 T0 : 0x23248 @strlen+40    : c_ld a3, 0(a5)             : MemRead :  D=0x004e5241575f444c A=0x4fa48  flags=(IsInteger|IsLoad)
1115217: board.processor.cores.core: A0 T0 : 0x2324a @strlen+42    : c_mv a2, a5                : IntAlu :  D=0x000000000004fa48  flags=(IsInteger)
1115550: board.processor.cores.core: A0 T0 : 0x2324c @strlen+44    : c_addi a5, 8               : IntAlu :  D=0x000000000004fa50  flags=(IsInteger)
1116216: board.processor.cores.core: A0 T0 : 0x2324e @strlen+46    : add a4, a3, a6             : IntAlu :  D=0xff4d5140565e434b  flags=(IsInteger)
1116882: board.processor.cores.core: A0 T0 : 0x23252 @strlen+50    : xori a3, a3, 18446744073709551615 : IntAlu :  D=0xffb1adbea8a0bbb3  flags=(IsInteger)
1117215: board.processor.cores.core: A0 T0 : 0x23256 @strlen+54    : c_and a4, a3               : IntAlu :  D=0xff01010000000303  flags=(IsInteger)
1117548: board.processor.cores.core: A0 T0 : 0x23258 @strlen+56    : c_and a4, a1               : IntAlu :  D=0x8000000000000000  flags=(IsInteger)
1117881: board.processor.cores.core: A0 T0 : 0x2325a @strlen+58    : c_beqz a4, -18             : IntAlu :   flags=(IsInteger|IsControl|IsDirectControl|IsCondControl)
1118214: board.processor.cores.core: A0 T0 : 0x2325c @strlen+60    : lbu a4, -8(a5)             : MemRead :  D=0x000000000000004c A=0x4fa48  flags=(IsInteger|IsLoad)
1118547: board.processor.cores.core: A0 T0 : 0x23260 @strlen+64    : c_beqz a4, 52              : IntAlu :   flags=(IsInteger|IsControl|IsDirectControl|IsCondControl)
1119213: board.processor.cores.core: A0 T0 : 0x23262 @strlen+66    : lbu a4, -7(a5)             : MemRead :  D=0x0000000000000044 A=0x4fa49  flags=(IsInteger|IsLoad)
1119546: board.processor.cores.core: A0 T0 : 0x23266 @strlen+70    : c_beqz a4, 52              : IntAlu :   flags=(IsInteger|IsControl|IsDirectControl|IsCondControl)
1119879: board.processor.cores.core: A0 T0 : 0x23268 @strlen+72    : lbu a4, -6(a5)             : MemRead :  D=0x000000000000005f A=0x4fa4a  flags=(IsInteger|IsLoad)
1120212: board.processor.cores.core: A0 T0 : 0x2326c @strlen+76    : c_beqz a4, 54              : IntAlu :   flags=(IsInteger|IsControl|IsDirectControl|IsCondControl)
1120878: board.processor.cores.core: A0 T0 : 0x2326e @strlen+78    : lbu a4, -5(a5)             : MemRead :  D=0x0000000000000057 A=0x4fa4b  flags=(IsInteger|IsLoad)
1121211: board.processor.cores.core: A0 T0 : 0x23272 @strlen+82    : c_beqz a4, 56              : IntAlu :   flags=(IsInteger|IsControl|IsDirectControl|IsCondControl)
1121544: board.processor.cores.core: A0 T0 : 0x23274 @strlen+84    : lbu a4, -4(a5)             : MemRead :  D=0x0000000000000041 A=0x4fa4c  flags=(IsInteger|IsLoad)
1121877: board.processor.cores.core: A0 T0 : 0x23278 @strlen+88    : c_beqz a4, 58              : IntAlu :   flags=(IsInteger|IsControl|IsDirectControl|IsCondControl)
1122543: board.processor.cores.core: A0 T0 : 0x2327a @strlen+90    : lbu a4, -3(a5)             : MemRead :  D=0x0000000000000052 A=0x4fa4d  flags=(IsInteger|IsLoad)
1122876: board.processor.cores.core: A0 T0 : 0x2327e @strlen+94    : c_beqz a4, 60              : IntAlu :   flags=(IsInteger|IsControl|IsDirectControl|IsCondControl)
1123209: board.processor.cores.core: A0 T0 : 0x23280 @strlen+96    : lbu a4, -2(a5)             : MemRead :  D=0x000000000000004e A=0x4fa4e  flags=(IsInteger|IsLoad)
1123542: board.processor.cores.core: A0 T0 : 0x23284 @strlen+100    : c_beqz a4, 62              : IntAlu :   flags=(IsInteger|IsControl|IsDirectControl|IsCondControl)
1124208: board.processor.cores.core: A0 T0 : 0x23286 @strlen+102    : lbu a4, -1(a5)             : MemRead :  D=0x0000000000000000 A=0x4fa4f  flags=(IsInteger|IsLoad)
1124541: board.processor.cores.core: A0 T0 : 0x2328a @strlen+106    : c_bnez a4, -66             : IntAlu :   flags=(IsInteger|IsControl|IsDirectControl|IsCondControl)
1124874: board.processor.cores.core: A0 T0 : 0x2328c @strlen+108    : c_sub a2, a0               : IntAlu :  D=0x0000000000000000  flags=(IsInteger)
1125540: board.processor.cores.core: A0 T0 : 0x2328e @strlen+110    : addi a0, a2, 7             : IntAlu :  D=0x0000000000000007  flags=(IsInteger)
1125873: board.processor.cores.core: A0 T0 : 0x23292 @strlen+114    : c_jr ra                    : IntAlu :   flags=(IsInteger|IsControl|IsIndirectControl|IsUncondControl|IsReturn)
1126206: board.processor.cores.core: A0 T0 : 0x143a0 @getenv+128    : c_ld s0, 0(s1)             : MemRead :  D=0x0000000000000000 A=0x7fffffffffffff18  flags=(IsInteger|IsLoad)
1126539: board.processor.cores.core: A0 T0 : 0x143a2 @getenv+130    : c_mv s5, a0                : IntAlu :  D=0x0000000000000007  flags=(IsInteger)
1126872: board.processor.cores.core: A0 T0 : 0x143a4 @getenv+132    : addi s6, a0, -2            : IntAlu :  D=0x0000000000000005  flags=(IsInteger)
1127205: board.processor.cores.core: A0 T0 : 0x143a8 @getenv+136    : c_addi s4, 2               : IntAlu :  D=0x000000000004fa4a  flags=(IsInteger)
1127538: board.processor.cores.core: A0 T0 : 0x143aa @getenv+138    : c_beqz s0, -36             : IntAlu :   flags=(IsInteger|IsControl|IsDirectControl|IsCondControl)
1127871: board.processor.cores.core: A0 T0 : 0x14386 @getenv+102    : c_ldsp ra, 56(sp)          : MemRead :  D=0x00000000000278ba A=0x7ffffffffffffca8  flags=(IsInteger|IsLoad)
1128204: board.processor.cores.core: A0 T0 : 0x14388 @getenv+104    : c_mv a0, s0                : IntAlu :  D=0x0000000000000000  flags=(IsInteger)
1128537: board.processor.cores.core: A0 T0 : 0x1438a @getenv+106    : c_ldsp s0, 48(sp)          : MemRead :  D=0x000000000006fe60 A=0x7ffffffffffffca0  flags=(IsInteger|IsLoad)
1128870: board.processor.cores.core: A0 T0 : 0x1438c @getenv+108    : c_ldsp s1, 40(sp)          : MemRead :  D=0x7fffffffffffff08 A=0x7ffffffffffffc98  flags=(IsInteger|IsLoad)
1129203: board.processor.cores.core: A0 T0 : 0x1438e @getenv+110    : c_ldsp s2, 32(sp)          : MemRead :  D=0x7fffffffffffff18 A=0x7ffffffffffffc90  flags=(IsInteger|IsLoad)
1129536: board.processor.cores.core: A0 T0 : 0x14390 @getenv+112    : c_ldsp s3, 24(sp)          : MemRead :  D=0x0000000000000000 A=0x7ffffffffffffc88  flags=(IsInteger|IsLoad)
1129869: board.processor.cores.core: A0 T0 : 0x14392 @getenv+114    : c_ldsp s4, 16(sp)          : MemRead :  D=0x0000000000070000 A=0x7ffffffffffffc80  flags=(IsInteger|IsLoad)
1130202: board.processor.cores.core: A0 T0 : 0x14394 @getenv+116    : c_ldsp s5, 8(sp)           : MemRead :  D=0x00000000ffffffff A=0x7ffffffffffffc78  flags=(IsInteger|IsLoad)
1130535: board.processor.cores.core: A0 T0 : 0x14396 @getenv+118    : c_ldsp s6, 0(sp)           : MemRead :  D=0x000000000000003a A=0x7ffffffffffffc70  flags=(IsInteger|IsLoad)
1130868: board.processor.cores.core: A0 T0 : 0x14398 @getenv+120    : c_addi16sp sp, 64          : IntAlu :  D=0x7ffffffffffffcb0  flags=(IsInteger)
1131201: board.processor.cores.core: A0 T0 : 0x1439a @getenv+122    : c_jr ra                    : IntAlu :   flags=(IsInteger|IsControl|IsIndirectControl|IsUncondControl|IsReturn)
1131534: board.processor.cores.core: A0 T0 : 0x278ba @_dl_non_dynamic_init+74    : c_li s1, 0                 : IntAlu :  D=0x0000000000000000  flags=(IsInteger)
1131867: board.processor.cores.core: A0 T0 : 0x278bc @_dl_non_dynamic_init+76    : c_li a5, 0                 : IntAlu :  D=0x0000000000000000  flags=(IsInteger)
1132200: board.processor.cores.core: A0 T0 : 0x278be @_dl_non_dynamic_init+78    : c_beqz a0, 10              : IntAlu :   flags=(IsInteger|IsControl|IsDirectControl|IsCondControl)
1132533: board.processor.cores.core: A0 T0 : 0x278c8 @_dl_non_dynamic_init+88    : ld a4, -1200(gp)           : MemRead :  D=0x0000000000000000 A=0x70c18  flags=(IsInteger|IsLoad)
1132866: board.processor.cores.core: A0 T0 : 0x278cc @_dl_non_dynamic_init+92    : sw a5, -1048(gp)           : MemWrite :  D=0x0000000000000000 A=0x70cb0  flags=(IsInteger|IsStore)
1133199: board.processor.cores.core: A0 T0 : 0x278d0 @_dl_non_dynamic_init+96    : beq a4, ft0, 1492          : IntAlu :   flags=(IsInteger|IsControl|IsDirectControl|IsCondControl)
1133532: board.processor.cores.core: A0 T0 : 0x27ea4 @_dl_non_dynamic_init+1588    : ld s7, -1208(gp)           : MemRead :  D=0x0000000000000000 A=0x70c10  flags=(IsInteger|IsLoad)
1133865: board.processor.cores.core: A0 T0 : 0x27ea8 @_dl_non_dynamic_init+1592    : bne s7, ft0, -1010         : IntAlu :   flags=(IsInteger|IsControl|IsDirectControl|IsCondControl)
1134198: board.processor.cores.core: A0 T0 : 0x27eac @_dl_non_dynamic_init+1596    : lui s7, 111                : IntAlu :  D=0x000000000006f000  flags=(IsInteger)
1134531: board.processor.cores.core: A0 T0 : 0x27eb0 @_dl_non_dynamic_init+1600    : addi s7, s7, -104          : IntAlu :  D=0x000000000006ef98  flags=(IsInteger)
1134864: board.processor.cores.core: A0 T0 : 0x27eb4 @_dl_non_dynamic_init+1604    : sd ft0, 8(s7)              : MemWrite :  D=0x0000000000000000 A=0x6efa0  flags=(IsInteger|IsStore)
1135197: board.processor.cores.core: A0 T0 : 0x27eb8 @_dl_non_dynamic_init+1608    : sd ft0, 16(s7)             : MemWrite :  D=0x0000000000000000 A=0x6efa8  flags=(IsInteger|IsStore)
1135530: board.processor.cores.core: A0 T0 : 0x27ebc @_dl_non_dynamic_init+1612    : sd ft0, 24(s7)             : MemWrite :  D=0x0000000000000000 A=0x6efb0  flags=(IsInteger|IsStore)
1135863: board.processor.cores.core: A0 T0 : 0x27ec0 @_dl_non_dynamic_init+1616    : c_li a5, 0                 : IntAlu :  D=0x0000000000000000  flags=(IsInteger)
1136196: board.processor.cores.core: A0 T0 : 0x27ec2 @_dl_non_dynamic_init+1618    : c_j -618                   : IntAlu :   flags=(IsControl|IsDirectControl|IsUncondControl)
1136529: board.processor.cores.core: A0 T0 : 0x27c58 @_dl_non_dynamic_init+1000    : lui s8, 80                 : IntAlu :  D=0x0000000000050000  flags=(IsInteger)
1136862: board.processor.cores.core: A0 T0 : 0x27c5c @_dl_non_dynamic_init+1004    : addi a0, s8, -1112         : IntAlu :  D=0x000000000004fba8  flags=(IsInteger)
1137195: board.processor.cores.core: A0 T0 : 0x27c60 @_dl_non_dynamic_init+1008    : sd a5, 32(s7)              : MemWrite :  D=0x0000000000000000 A=0x6efb8  flags=(IsInteger|IsStore)
1137528: board.processor.cores.core: A0 T0 : 0x27c64 @_dl_non_dynamic_init+1012    : jal ra, -80196             : IntAlu :  D=0x0000000000027c68  flags=(IsInteger|IsControl|IsDirectControl|IsUncondControl|IsCall)
1137861: board.processor.cores.core: A0 T0 : 0x14320 @getenv    : c_addi16sp sp, -64         : IntAlu :  D=0x7ffffffffffffc70  flags=(IsInteger)
1138194: board.processor.cores.core: A0 T0 : 0x14322 @getenv+2    : c_sdsp s1, 40(sp)          : MemWrite :  D=0x0000000000000000 A=0x7ffffffffffffc98  flags=(IsInteger|IsStore)
1138527: board.processor.cores.core: A0 T0 : 0x14324 @getenv+4    : ld s1, -1232(gp)           : MemRead :  D=0x7fffffffffffff18 A=0x70bf8  flags=(IsInteger|IsLoad)
1138860: board.processor.cores.core: A0 T0 : 0x14328 @getenv+8    : c_sdsp ra, 56(sp)          : MemWrite :  D=0x0000000000027c68 A=0x7ffffffffffffca8  flags=(IsInteger|IsStore)
1139193: board.processor.cores.core: A0 T0 : 0x1432a @getenv+10    : c_sdsp s0, 48(sp)          : MemWrite :  D=0x000000000006fe60 A=0x7ffffffffffffca0  flags=(IsInteger|IsStore)
1139526: board.processor.cores.core: A0 T0 : 0x1432c @getenv+12    : c_sdsp s2, 32(sp)          : MemWrite :  D=0x7fffffffffffff18 A=0x7ffffffffffffc90  flags=(IsInteger|IsStore)
1139859: board.processor.cores.core: A0 T0 : 0x1432e @getenv+14    : c_sdsp s3, 24(sp)          : MemWrite :  D=0x0000000000000000 A=0x7ffffffffffffc88  flags=(IsInteger|IsStore)
1140192: board.processor.cores.core: A0 T0 : 0x14330 @getenv+16    : c_sdsp s4, 16(sp)          : MemWrite :  D=0x0000000000070000 A=0x7ffffffffffffc80  flags=(IsInteger|IsStore)
1140525: board.processor.cores.core: A0 T0 : 0x14332 @getenv+18    : c_sdsp s5, 8(sp)           : MemWrite :  D=0x00000000ffffffff A=0x7ffffffffffffc78  flags=(IsInteger|IsStore)
1140858: board.processor.cores.core: A0 T0 : 0x14334 @getenv+20    : c_sdsp s6, 0(sp)           : MemWrite :  D=0x000000000000003a A=0x7ffffffffffffc70  flags=(IsInteger|IsStore)
1141191: board.processor.cores.core: A0 T0 : 0x14336 @getenv+22    : c_beqz s1, 184             : IntAlu :   flags=(IsInteger|IsControl|IsDirectControl|IsCondControl)
1141524: board.processor.cores.core: A0 T0 : 0x14338 @getenv+24    : lbu s3, 0(a0)              : MemRead :  D=0x000000000000004c A=0x4fba8  flags=(IsInteger|IsLoad)
1141857: board.processor.cores.core: A0 T0 : 0x1433c @getenv+28    : c_mv s4, a0                : IntAlu :  D=0x000000000004fba8  flags=(IsInteger)
1142523: board.processor.cores.core: A0 T0 : 0x1433e @getenv+30    : beq s3, ft0, 176           : IntAlu :   flags=(IsInteger|IsControl|IsDirectControl|IsCondControl)
1143189: board.processor.cores.core: A0 T0 : 0x14342 @getenv+34    : lbu s2, 1(a0)              : MemRead :  D=0x0000000000000044 A=0x4fba9  flags=(IsInteger|IsLoad)
1143855: board.processor.cores.core: A0 T0 : 0x14346 @getenv+38    : bne s2, ft0, 86            : IntAlu :   flags=(IsInteger|IsControl|IsDirectControl|IsCondControl)
1144188: board.processor.cores.core: A0 T0 : 0x1439c @getenv+124    : jal ra, 61060              : IntAlu :  D=0x00000000000143a0  flags=(IsInteger|IsControl|IsDirectControl|IsUncondControl|IsCall)
1144521: board.processor.cores.core: A0 T0 : 0x23220 @strlen    : andi a5, a0, 7             : IntAlu :  D=0x0000000000000000  flags=(IsInteger)
1144854: board.processor.cores.core: A0 T0 : 0x23224 @strlen+4    : c_beqz a5, 26              : IntAlu :   flags=(IsInteger|IsControl|IsDirectControl|IsCondControl)
1145187: board.processor.cores.core: A0 T0 : 0x2323e @strlen+30    : c_mv a5, a0                : IntAlu :  D=0x000000000004fba8  flags=(IsInteger)
1145520: board.processor.cores.core: A0 T0 : 0x23240 @strlen+32    : ld a6, -2024(gp)           : MemRead :  D=0xfefefefefefefeff A=0x708e0  flags=(IsInteger|IsLoad)
1145853: board.processor.cores.core: A0 T0 : 0x23244 @strlen+36    : ld a1, -2016(gp)           : MemRead :  D=0x8080808080808080 A=0x708e8  flags=(IsInteger|IsLoad)
1146186: board.processor.cores.core: A0 T0 : 0x23248 @strlen+40    : c_ld a3, 0(a5)             : MemRead :  D=0x415242494c5f444c A=0x4fba8  flags=(IsInteger|IsLoad)
1146519: board.processor.cores.core: A0 T0 : 0x2324a @strlen+42    : c_mv a2, a5                : IntAlu :  D=0x000000000004fba8  flags=(IsInteger)
1146852: board.processor.cores.core: A0 T0 : 0x2324c @strlen+44    : c_addi a5, 8               : IntAlu :  D=0x000000000004fbb0  flags=(IsInteger)
1147518: board.processor.cores.core: A0 T0 : 0x2324e @strlen+46    : add a4, a3, a6             : IntAlu :  D=0x405141484b5e434b  flags=(IsInteger)
1148184: board.processor.cores.core: A0 T0 : 0x23252 @strlen+50    : xori a3, a3, 18446744073709551615 : IntAlu :  D=0xbeadbdb6b3a0bbb3  flags=(IsInteger)
1148517: board.processor.cores.core: A0 T0 : 0x23256 @strlen+54    : c_and a4, a3               : IntAlu :  D=0x0001010003000303  flags=(IsInteger)
1148850: board.processor.cores.core: A0 T0 : 0x23258 @strlen+56    : c_and a4, a1               : IntAlu :  D=0x0000000000000000  flags=(IsInteger)
1149183: board.processor.cores.core: A0 T0 : 0x2325a @strlen+58    : c_beqz a4, -18             : IntAlu :   flags=(IsInteger|IsControl|IsDirectControl|IsCondControl)
1149516: board.processor.cores.core: A0 T0 : 0x23248 @strlen+40    : c_ld a3, 0(a5)             : MemRead :  D=0x00485441505f5952 A=0x4fbb0  flags=(IsInteger|IsLoad)
1149849: board.processor.cores.core: A0 T0 : 0x2324a @strlen+42    : c_mv a2, a5                : IntAlu :  D=0x000000000004fbb0  flags=(IsInteger)
1150182: board.processor.cores.core: A0 T0 : 0x2324c @strlen+44    : c_addi a5, 8               : IntAlu :  D=0x000000000004fbb8  flags=(IsInteger)
1150848: board.processor.cores.core: A0 T0 : 0x2324e @strlen+46    : add a4, a3, a6             : IntAlu :  D=0xff4753404f5e5851  flags=(IsInteger)
1151514: board.processor.cores.core: A0 T0 : 0x23252 @strlen+50    : xori a3, a3, 18446744073709551615 : IntAlu :  D=0xffb7abbeafa0a6ad  flags=(IsInteger)
1151847: board.processor.cores.core: A0 T0 : 0x23256 @strlen+54    : c_and a4, a3               : IntAlu :  D=0xff0703000f000001  flags=(IsInteger)
1152180: board.processor.cores.core: A0 T0 : 0x23258 @strlen+56    : c_and a4, a1               : IntAlu :  D=0x8000000000000000  flags=(IsInteger)
1152513: board.processor.cores.core: A0 T0 : 0x2325a @strlen+58    : c_beqz a4, -18             : IntAlu :   flags=(IsInteger|IsControl|IsDirectControl|IsCondControl)
1152846: board.processor.cores.core: A0 T0 : 0x2325c @strlen+60    : lbu a4, -8(a5)             : MemRead :  D=0x0000000000000052 A=0x4fbb0  flags=(IsInteger|IsLoad)
1153179: board.processor.cores.core: A0 T0 : 0x23260 @strlen+64    : c_beqz a4, 52              : IntAlu :   flags=(IsInteger|IsControl|IsDirectControl|IsCondControl)
1153845: board.processor.cores.core: A0 T0 : 0x23262 @strlen+66    : lbu a4, -7(a5)             : MemRead :  D=0x0000000000000059 A=0x4fbb1  flags=(IsInteger|IsLoad)
1154178: board.processor.cores.core: A0 T0 : 0x23266 @strlen+70    : c_beqz a4, 52              : IntAlu :   flags=(IsInteger|IsControl|IsDirectControl|IsCondControl)
1154511: board.processor.cores.core: A0 T0 : 0x23268 @strlen+72    : lbu a4, -6(a5)             : MemRead :  D=0x000000000000005f A=0x4fbb2  flags=(IsInteger|IsLoad)
1154844: board.processor.cores.core: A0 T0 : 0x2326c @strlen+76    : c_beqz a4, 54              : IntAlu :   flags=(IsInteger|IsControl|IsDirectControl|IsCondControl)
1155510: board.processor.cores.core: A0 T0 : 0x2326e @strlen+78    : lbu a4, -5(a5)             : MemRead :  D=0x0000000000000050 A=0x4fbb3  flags=(IsInteger|IsLoad)
1155843: board.processor.cores.core: A0 T0 : 0x23272 @strlen+82    : c_beqz a4, 56              : IntAlu :   flags=(IsInteger|IsControl|IsDirectControl|IsCondControl)
1156176: board.processor.cores.core: A0 T0 : 0x23274 @strlen+84    : lbu a4, -4(a5)             : MemRead :  D=0x0000000000000041 A=0x4fbb4  flags=(IsInteger|IsLoad)
1156509: board.processor.cores.core: A0 T0 : 0x23278 @strlen+88    : c_beqz a4, 58              : IntAlu :   flags=(IsInteger|IsControl|IsDirectControl|IsCondControl)
1157175: board.processor.cores.core: A0 T0 : 0x2327a @strlen+90    : lbu a4, -3(a5)             : MemRead :  D=0x0000000000000054 A=0x4fbb5  flags=(IsInteger|IsLoad)
1157508: board.processor.cores.core: A0 T0 : 0x2327e @strlen+94    : c_beqz a4, 60              : IntAlu :   flags=(IsInteger|IsControl|IsDirectControl|IsCondControl)
1157841: board.processor.cores.core: A0 T0 : 0x23280 @strlen+96    : lbu a4, -2(a5)             : MemRead :  D=0x0000000000000048 A=0x4fbb6  flags=(IsInteger|IsLoad)
1158174: board.processor.cores.core: A0 T0 : 0x23284 @strlen+100    : c_beqz a4, 62              : IntAlu :   flags=(IsInteger|IsControl|IsDirectControl|IsCondControl)
1158840: board.processor.cores.core: A0 T0 : 0x23286 @strlen+102    : lbu a4, -1(a5)             : MemRead :  D=0x0000000000000000 A=0x4fbb7  flags=(IsInteger|IsLoad)
1159173: board.processor.cores.core: A0 T0 : 0x2328a @strlen+106    : c_bnez a4, -66             : IntAlu :   flags=(IsInteger|IsControl|IsDirectControl|IsCondControl)
1159506: board.processor.cores.core: A0 T0 : 0x2328c @strlen+108    : c_sub a2, a0               : IntAlu :  D=0x0000000000000008  flags=(IsInteger)
1160172: board.processor.cores.core: A0 T0 : 0x2328e @strlen+110    : addi a0, a2, 7             : IntAlu :  D=0x000000000000000f  flags=(IsInteger)
1160505: board.processor.cores.core: A0 T0 : 0x23292 @strlen+114    : c_jr ra                    : IntAlu :   flags=(IsInteger|IsControl|IsIndirectControl|IsUncondControl|IsReturn)
1160838: board.processor.cores.core: A0 T0 : 0x143a0 @getenv+128    : c_ld s0, 0(s1)             : MemRead :  D=0x0000000000000000 A=0x7fffffffffffff18  flags=(IsInteger|IsLoad)
1161171: board.processor.cores.core: A0 T0 : 0x143a2 @getenv+130    : c_mv s5, a0                : IntAlu :  D=0x000000000000000f  flags=(IsInteger)
1161504: board.processor.cores.core: A0 T0 : 0x143a4 @getenv+132    : addi s6, a0, -2            : IntAlu :  D=0x000000000000000d  flags=(IsInteger)
1161837: board.processor.cores.core: A0 T0 : 0x143a8 @getenv+136    : c_addi s4, 2               : IntAlu :  D=0x000000000004fbaa  flags=(IsInteger)
1162170: board.processor.cores.core: A0 T0 : 0x143aa @getenv+138    : c_beqz s0, -36             : IntAlu :   flags=(IsInteger|IsControl|IsDirectControl|IsCondControl)
1162503: board.processor.cores.core: A0 T0 : 0x14386 @getenv+102    : c_ldsp ra, 56(sp)          : MemRead :  D=0x0000000000027c68 A=0x7ffffffffffffca8  flags=(IsInteger|IsLoad)
1162836: board.processor.cores.core: A0 T0 : 0x14388 @getenv+104    : c_mv a0, s0                : IntAlu :  D=0x0000000000000000  flags=(IsInteger)
1163169: board.processor.cores.core: A0 T0 : 0x1438a @getenv+106    : c_ldsp s0, 48(sp)          : MemRead :  D=0x000000000006fe60 A=0x7ffffffffffffca0  flags=(IsInteger|IsLoad)
1163502: board.processor.cores.core: A0 T0 : 0x1438c @getenv+108    : c_ldsp s1, 40(sp)          : MemRead :  D=0x0000000000000000 A=0x7ffffffffffffc98  flags=(IsInteger|IsLoad)
1163835: board.processor.cores.core: A0 T0 : 0x1438e @getenv+110    : c_ldsp s2, 32(sp)          : MemRead :  D=0x7fffffffffffff18 A=0x7ffffffffffffc90  flags=(IsInteger|IsLoad)
1164168: board.processor.cores.core: A0 T0 : 0x14390 @getenv+112    : c_ldsp s3, 24(sp)          : MemRead :  D=0x0000000000000000 A=0x7ffffffffffffc88  flags=(IsInteger|IsLoad)
1164501: board.processor.cores.core: A0 T0 : 0x14392 @getenv+114    : c_ldsp s4, 16(sp)          : MemRead :  D=0x0000000000070000 A=0x7ffffffffffffc80  flags=(IsInteger|IsLoad)
1164834: board.processor.cores.core: A0 T0 : 0x14394 @getenv+116    : c_ldsp s5, 8(sp)           : MemRead :  D=0x00000000ffffffff A=0x7ffffffffffffc78  flags=(IsInteger|IsLoad)
1165167: board.processor.cores.core: A0 T0 : 0x14396 @getenv+118    : c_ldsp s6, 0(sp)           : MemRead :  D=0x000000000000003a A=0x7ffffffffffffc70  flags=(IsInteger|IsLoad)
1165500: board.processor.cores.core: A0 T0 : 0x14398 @getenv+120    : c_addi16sp sp, 64          : IntAlu :  D=0x7ffffffffffffcb0  flags=(IsInteger)
1165833: board.processor.cores.core: A0 T0 : 0x1439a @getenv+122    : c_jr ra                    : IntAlu :   flags=(IsInteger|IsControl|IsIndirectControl|IsUncondControl|IsReturn)
1166166: board.processor.cores.core: A0 T0 : 0x27c68 @_dl_non_dynamic_init+1016    : c_li a3, 0                 : IntAlu :  D=0x0000000000000000  flags=(IsInteger)
1166499: board.processor.cores.core: A0 T0 : 0x27c6a @_dl_non_dynamic_init+1018    : c_li a2, 0                 : IntAlu :  D=0x0000000000000000  flags=(IsInteger)
1166832: board.processor.cores.core: A0 T0 : 0x27c6c @_dl_non_dynamic_init+1020    : addi a1, s8, -1112         : IntAlu :  D=0x000000000004fba8  flags=(IsInteger)
1167165: board.processor.cores.core: A0 T0 : 0x27c70 @_dl_non_dynamic_init+1024    : jal ra, 84752              : IntAlu :  D=0x0000000000027c74  flags=(IsInteger|IsControl|IsDirectControl|IsUncondControl|IsCall)
1167498: board.processor.cores.core: A0 T0 : 0x3c780 @_dl_init_paths    : c_addi16sp sp, -48         : IntAlu :  D=0x7ffffffffffffc80  flags=(IsInteger)
1167831: board.processor.cores.core: A0 T0 : 0x3c782 @_dl_init_paths+2    : c_sdsp s0, 32(sp)          : MemWrite :  D=0x000000000006fe60 A=0x7ffffffffffffca0  flags=(IsInteger|IsStore)
1168164: board.processor.cores.core: A0 T0 : 0x3c784 @_dl_init_paths+4    : c_sdsp s2, 16(sp)          : MemWrite :  D=0x7fffffffffffff18 A=0x7ffffffffffffc90  flags=(IsInteger|IsStore)
1168497: board.processor.cores.core: A0 T0 : 0x3c786 @_dl_init_paths+6    : c_sdsp s3, 8(sp)           : MemWrite :  D=0x0000000000000000 A=0x7ffffffffffffc88  flags=(IsInteger|IsStore)
1168830: board.processor.cores.core: A0 T0 : 0x3c788 @_dl_init_paths+8    : c_sdsp s4, 0(sp)           : MemWrite :  D=0x0000000000070000 A=0x7ffffffffffffc80  flags=(IsInteger|IsStore)
1169163: board.processor.cores.core: A0 T0 : 0x3c78a @_dl_init_paths+10    : c_sdsp ra, 40(sp)          : MemWrite :  D=0x0000000000027c74 A=0x7ffffffffffffca8  flags=(IsInteger|IsStore)
1169496: board.processor.cores.core: A0 T0 : 0x3c78c @_dl_init_paths+12    : c_sdsp s1, 24(sp)          : MemWrite :  D=0x0000000000000000 A=0x7ffffffffffffc98  flags=(IsInteger|IsStore)
1169829: board.processor.cores.core: A0 T0 : 0x3c78e @_dl_init_paths+14    : c_addi4spn s0, sp, 48      : IntAlu :  D=0x7ffffffffffffcb0  flags=(IsInteger)
1170162: board.processor.cores.core: A0 T0 : 0x3c790 @_dl_init_paths+16    : c_mv s4, a0                : IntAlu :  D=0x0000000000000000  flags=(IsInteger)
1170828: board.processor.cores.core: A0 T0 : 0x3c792 @_dl_init_paths+18    : lui s3, 111                : IntAlu :  D=0x000000000006f000  flags=(IsInteger)
1171161: board.processor.cores.core: A0 T0 : 0x3c796 @_dl_init_paths+22    : c_li a0, 24                : IntAlu :  D=0x0000000000000018  flags=(IsInteger)
1171494: board.processor.cores.core: A0 T0 : 0x3c798 @_dl_init_paths+24    : c_mv s2, a1                : IntAlu :  D=0x000000000004fba8  flags=(IsInteger)
1172160: board.processor.cores.core: A0 T0 : 0x3c79a @_dl_init_paths+26    : addi s3, s3, -40           : IntAlu :  D=0x000000000006efd8  flags=(IsInteger)
1172826: board.processor.cores.core: A0 T0 : 0x3c79e @_dl_init_paths+30    : jal ra, -109624            : IntAlu :  D=0x000000000003c7a2  flags=(IsInteger|IsControl|IsDirectControl|IsUncondControl|IsCall)
1173492: board.processor.cores.core: A0 T0 : 0x21b66 @__libc_malloc    : ld a5, -1824(gp)           : MemRead :  D=0x0000000000000000 A=0x709a8  flags=(IsInteger|IsLoad)
1174158: board.processor.cores.core: A0 T0 : 0x21b6a @__libc_malloc+4    : bne a5, ft0, 336           : IntAlu :   flags=(IsInteger|IsControl|IsDirectControl|IsCondControl)
1174491: board.processor.cores.core: A0 T0 : 0x21b6e @__libc_malloc+8    : c_addi sp, -32             : IntAlu :  D=0x7ffffffffffffc60  flags=(IsInteger)
1174824: board.processor.cores.core: A0 T0 : 0x21b70 @__libc_malloc+10    : c_sdsp s0, 16(sp)          : MemWrite :  D=0x7ffffffffffffcb0 A=0x7ffffffffffffc70  flags=(IsInteger|IsStore)
1175157: board.processor.cores.core: A0 T0 : 0x21b72 @__libc_malloc+12    : c_sdsp ra, 24(sp)          : MemWrite :  D=0x000000000003c7a2 A=0x7ffffffffffffc78  flags=(IsInteger|IsStore)
1175490: board.processor.cores.core: A0 T0 : 0x21b74 @__libc_malloc+14    : c_sdsp s1, 8(sp)           : MemWrite :  D=0x0000000000000000 A=0x7ffffffffffffc68  flags=(IsInteger|IsStore)
1175823: board.processor.cores.core: A0 T0 : 0x21b76 @__libc_malloc+16    : c_sdsp s2, 0(sp)           : MemWrite :  D=0x000000000004fba8 A=0x7ffffffffffffc60  flags=(IsInteger|IsStore)
1176156: board.processor.cores.core: A0 T0 : 0x21b78 @__libc_malloc+18    : c_mv s0, a0                : IntAlu :  D=0x0000000000000018  flags=(IsInteger)
1176822: board.processor.cores.core: A0 T0 : 0x21b7a @__libc_malloc+20    : blt a0, ft0, 290           : IntAlu :   flags=(IsInteger|IsControl|IsDirectControl|IsCondControl)
1177488: board.processor.cores.core: A0 T0 : 0x21b7e @__libc_malloc+24    : addi a5, a0, 23            : IntAlu :  D=0x000000000000002f  flags=(IsInteger)
1177821: board.processor.cores.core: A0 T0 : 0x21b82 @__libc_malloc+28    : c_li a4, 31                : IntAlu :  D=0x000000000000001f  flags=(IsInteger)
1178154: board.processor.cores.core: A0 T0 : 0x21b84 @__libc_malloc+30    : c_li s1, 0                 : IntAlu :  D=0x0000000000000000  flags=(IsInteger)
1178820: board.processor.cores.core: A0 T0 : 0x21b86 @__libc_malloc+32    : bltu a4, a5, 94            : IntAlu :   flags=(IsInteger|IsControl|IsDirectControl|IsCondControl)
1179153: board.processor.cores.core: A0 T0 : 0x21be4 @__libc_malloc+126    : c_andi a5, 18446744073709551600 : IntAlu :  D=0x0000000000000020  flags=(IsInteger)
1179486: board.processor.cores.core: A0 T0 : 0x21be6 @__libc_malloc+128    : c_addi a5, -17             : IntAlu :  D=0x000000000000000f  flags=(IsInteger)
1179819: board.processor.cores.core: A0 T0 : 0x21be8 @__libc_malloc+130    : srli s1, a5, 4             : IntAlu :  D=0x0000000000000000  flags=(IsInteger)
1180152: board.processor.cores.core: A0 T0 : 0x21bec @__libc_malloc+134    : c_j -98                    : IntAlu :   flags=(IsControl|IsDirectControl|IsUncondControl)
1180818: board.processor.cores.core: A0 T0 : 0x21b8a @__libc_malloc+36    : ld a5, 40(tp)              : MemRead :  D=0x0000000000073b40 A=0x737c8  flags=(IsInteger|IsLoad)
1181151: board.processor.cores.core: A0 T0 : 0x21b8e @__libc_malloc+40    : c_beqz a5, 96              : IntAlu :   flags=(IsInteger|IsControl|IsDirectControl|IsCondControl)
1181484: board.processor.cores.core: A0 T0 : 0x21b90 @__libc_malloc+42    : lui a4, 111                : IntAlu :  D=0x000000000006f000  flags=(IsInteger)
1181817: board.processor.cores.core: A0 T0 : 0x21b94 @__libc_malloc+46    : ld a4, 1448(a4)            : MemRead :  D=0x0000000000000040 A=0x6f5a8  flags=(IsInteger|IsLoad)
1182150: board.processor.cores.core: A0 T0 : 0x21b98 @__libc_malloc+50    : bltu s1, a4, 114           : IntAlu :   flags=(IsInteger|IsControl|IsDirectControl|IsCondControl)
1182816: board.processor.cores.core: A0 T0 : 0x21c0a @__libc_malloc+164    : slli a3, s1, 1             : IntAlu :  D=0x0000000000000000  flags=(IsInteger)
1183149: board.processor.cores.core: A0 T0 : 0x21c0e @__libc_malloc+168    : c_add a3, a5               : IntAlu :  D=0x0000000000073b40  flags=(IsInteger)
1183482: board.processor.cores.core: A0 T0 : 0x21c10 @__libc_malloc+170    : lhu a2, 0(a3)              : MemRead :  D=0x0000000000000000 A=0x73b40  flags=(IsInteger|IsLoad)
1183815: board.processor.cores.core: A0 T0 : 0x21c14 @__libc_malloc+174    : c_beqz a2, -120            : IntAlu :   flags=(IsInteger|IsControl|IsDirectControl|IsCondControl)
1184148: board.processor.cores.core: A0 T0 : 0x21b9c @__libc_malloc+54    : lw a5, -1952(tp)           : MemRead :  D=0x0000000000000000 A=0x73000  flags=(IsInteger|IsLoad)
1184481: board.processor.cores.core: A0 T0 : 0x21ba0 @__libc_malloc+58    : c_bnez a5, 166             : IntAlu :   flags=(IsInteger|IsControl|IsDirectControl|IsCondControl)
1185147: board.processor.cores.core: A0 T0 : 0x21ba2 @__libc_malloc+60    : lui s1, 111                : IntAlu :  D=0x000000000006f000  flags=(IsInteger)
1185480: board.processor.cores.core: A0 T0 : 0x21ba6 @__libc_malloc+64    : c_mv a1, s0                : IntAlu :  D=0x0000000000000018  flags=(IsInteger)
1185813: board.processor.cores.core: A0 T0 : 0x21ba8 @__libc_malloc+66    : addi a0, s1, 1480          : IntAlu :  D=0x000000000006f5c8  flags=(IsInteger)
1186146: board.processor.cores.core: A0 T0 : 0x21bac @__libc_malloc+70    : jal ra, -5252              : IntAlu :  D=0x0000000000021bb0  flags=(IsInteger|IsControl|IsDirectControl|IsUncondControl|IsCall)
1186479: board.processor.cores.core: A0 T0 : 0x20728 @_int_malloc    : c_addi16sp sp, -256        : IntAlu :  D=0x7ffffffffffffb60  flags=(IsInteger)
1186812: board.processor.cores.core: A0 T0 : 0x2072a @_int_malloc+2    : c_sdsp ra, 248(sp)         : MemWrite :  D=0x0000000000021bb0 A=0x7ffffffffffffc58  flags=(IsInteger|IsStore)
1187145: board.processor.cores.core: A0 T0 : 0x2072c @_int_malloc+4    : c_sdsp s0, 240(sp)         : MemWrite :  D=0x0000000000000018 A=0x7ffffffffffffc50  flags=(IsInteger|IsStore)
1187478: board.processor.cores.core: A0 T0 : 0x2072e @_int_malloc+6    : c_sdsp s1, 232(sp)         : MemWrite :  D=0x000000000006f000 A=0x7ffffffffffffc48  flags=(IsInteger|IsStore)
1187811: board.processor.cores.core: A0 T0 : 0x20730 @_int_malloc+8    : c_sdsp s2, 224(sp)         : MemWrite :  D=0x000000000004fba8 A=0x7ffffffffffffc40  flags=(IsInteger|IsStore)
1188144: board.processor.cores.core: A0 T0 : 0x20732 @_int_malloc+10    : c_sdsp s3, 216(sp)         : MemWrite :  D=0x000000000006efd8 A=0x7ffffffffffffc38  flags=(IsInteger|IsStore)
1188477: board.processor.cores.core: A0 T0 : 0x20734 @_int_malloc+12    : c_sdsp s4, 208(sp)         : MemWrite :  D=0x0000000000000000 A=0x7ffffffffffffc30  flags=(IsInteger|IsStore)
1188810: board.processor.cores.core: A0 T0 : 0x20736 @_int_malloc+14    : c_sdsp s5, 200(sp)         : MemWrite :  D=0x00000000ffffffff A=0x7ffffffffffffc28  flags=(IsInteger|IsStore)
1189143: board.processor.cores.core: A0 T0 : 0x20738 @_int_malloc+16    : c_sdsp s6, 192(sp)         : MemWrite :  D=0x000000000000003a A=0x7ffffffffffffc20  flags=(IsInteger|IsStore)
1189476: board.processor.cores.core: A0 T0 : 0x2073a @_int_malloc+18    : c_sdsp s7, 184(sp)         : MemWrite :  D=0x000000000006ef98 A=0x7ffffffffffffc18  flags=(IsInteger|IsStore)
1189809: board.processor.cores.core: A0 T0 : 0x2073c @_int_malloc+20    : c_sdsp s8, 176(sp)         : MemWrite :  D=0x0000000000050000 A=0x7ffffffffffffc10  flags=(IsInteger|IsStore)
1190142: board.processor.cores.core: A0 T0 : 0x2073e @_int_malloc+22    : c_sdsp s9, 168(sp)         : MemWrite :  D=0x0000000000000000 A=0x7ffffffffffffc08  flags=(IsInteger|IsStore)
1190475: board.processor.cores.core: A0 T0 : 0x20740 @_int_malloc+24    : c_sdsp s10, 160(sp)        : MemWrite :  D=0x0000000000000000 A=0x7ffffffffffffc00  flags=(IsInteger|IsStore)
1190808: board.processor.cores.core: A0 T0 : 0x20742 @_int_malloc+26    : c_sdsp s11, 152(sp)        : MemWrite :  D=0x0000000000000000 A=0x7ffffffffffffbf8  flags=(IsInteger|IsStore)
1191141: board.processor.cores.core: A0 T0 : 0x20744 @_int_malloc+28    : blt a1, ft0, 1160          : IntAlu :   flags=(IsInteger|IsControl|IsDirectControl|IsCondControl)
1191474: board.processor.cores.core: A0 T0 : 0x20748 @_int_malloc+32    : addi s0, a1, 23            : IntAlu :  D=0x000000000000002f  flags=(IsInteger)
1191807: board.processor.cores.core: A0 T0 : 0x2074c @_int_malloc+36    : c_li a5, 31                : IntAlu :  D=0x000000000000001f  flags=(IsInteger)
1192140: board.processor.cores.core: A0 T0 : 0x2074e @_int_malloc+38    : c_mv s2, a1                : IntAlu :  D=0x0000000000000018  flags=(IsInteger)
1192473: board.processor.cores.core: A0 T0 : 0x20750 @_int_malloc+40    : c_mv s1, a0                : IntAlu :  D=0x000000000006f5c8  flags=(IsInteger)
1193139: board.processor.cores.core: A0 T0 : 0x20752 @_int_malloc+42    : bltu a5, s0, 232           : IntAlu :   flags=(IsInteger|IsControl|IsDirectControl|IsCondControl)
1193472: board.processor.cores.core: A0 T0 : 0x2083a @_int_malloc+274    : c_andi s0, 18446744073709551600 : IntAlu :  D=0x0000000000000020  flags=(IsInteger)
1193805: board.processor.cores.core: A0 T0 : 0x2083c @_int_malloc+276    : beq a0, ft0, 1046          : IntAlu :   flags=(IsInteger|IsControl|IsDirectControl|IsCondControl)
1194138: board.processor.cores.core: A0 T0 : 0x20840 @_int_malloc+280    : ld a5, -1264(gp)           : MemRead :  D=0x0000000000000080 A=0x70bd8  flags=(IsInteger|IsLoad)
1194471: board.processor.cores.core: A0 T0 : 0x20844 @_int_malloc+284    : srliw a4, s0, 4            : IntAlu :  D=0x0000000000000002  flags=(IsInteger)
1194804: board.processor.cores.core: A0 T0 : 0x20848 @_int_malloc+288    : srliw s9, s0, 4            : IntAlu :  D=0x0000000000000002  flags=(IsInteger)
1195137: board.processor.cores.core: A0 T0 : 0x2084c @_int_malloc+292    : bgeu a5, s0, 446           : IntAlu :   flags=(IsInteger|IsControl|IsDirectControl|IsCondControl)
1195470: board.processor.cores.core: A0 T0 : 0x20a0a @_int_malloc+738    : c_addiw a4, -2             : IntAlu :  D=0x0000000000000000  flags=(IsInteger)
1195803: board.processor.cores.core: A0 T0 : 0x20a0c @_int_malloc+740    : slli a5, a4, 32            : IntAlu :  D=0x0000000000000000  flags=(IsInteger)
1196136: board.processor.cores.core: A0 T0 : 0x20a10 @_int_malloc+744    : srli a0, a5, 29            : IntAlu :  D=0x0000000000000000  flags=(IsInteger)
1196469: board.processor.cores.core: A0 T0 : 0x20a14 @_int_malloc+748    : slli a5, a4, 32            : IntAlu :  D=0x0000000000000000  flags=(IsInteger)
1196802: board.processor.cores.core: A0 T0 : 0x20a18 @_int_malloc+752    : srli a4, a5, 29            : IntAlu :  D=0x0000000000000000  flags=(IsInteger)
1197135: board.processor.cores.core: A0 T0 : 0x20a1c @_int_malloc+756    : c_add a4, s1               : IntAlu :  D=0x000000000006f5c8  flags=(IsInteger)
1197468: board.processor.cores.core: A0 T0 : 0x20a1e @_int_malloc+758    : c_ld a5, 16(a4)            : MemRead :  D=0x0000000000000000 A=0x6f5d8  flags=(IsInteger|IsLoad)
1197801: board.processor.cores.core: A0 T0 : 0x20a20 @_int_malloc+760    : c_addi a0, 16              : IntAlu :  D=0x0000000000000010  flags=(IsInteger)
1198467: board.processor.cores.core: A0 T0 : 0x20a22 @_int_malloc+762    : bne a5, ft0, -318          : IntAlu :   flags=(IsInteger|IsControl|IsDirectControl|IsCondControl)
1199133: board.processor.cores.core: A0 T0 : 0x20a26 @_int_malloc+766    : slli a5, s9, 4             : IntAlu :  D=0x0000000000000020  flags=(IsInteger)
1199799: board.processor.cores.core: A0 T0 : 0x20a2a @_int_malloc+770    : addi a5, a5, 96            : IntAlu :  D=0x0000000000000080  flags=(IsInteger)
1200132: board.processor.cores.core: A0 T0 : 0x20a2e @_int_malloc+774    : c_j -706                   : IntAlu :   flags=(IsControl|IsDirectControl|IsUncondControl)
1200465: board.processor.cores.core: A0 T0 : 0x2076c @_int_malloc+68    : c_add a5, s1               : IntAlu :  D=0x000000000006f648  flags=(IsInteger)
1201131: board.processor.cores.core: A0 T0 : 0x2076e @_int_malloc+70    : ld s3, 8(a5)               : MemRead :  D=0x000000000006f638 A=0x6f650  flags=(IsInteger|IsLoad)
1201797: board.processor.cores.core: A0 T0 : 0x20772 @_int_malloc+74    : addi a3, a5, -16           : IntAlu :  D=0x000000000006f638  flags=(IsInteger)
1202463: board.processor.cores.core: A0 T0 : 0x20776 @_int_malloc+78    : beq a3, s3, 698            : IntAlu :   flags=(IsInteger|IsControl|IsDirectControl|IsCondControl)
1202796: board.processor.cores.core: A0 T0 : 0x20a30 @_int_malloc+776    : srli t1, s0, 9             : IntAlu :  D=0x0000000000000000  flags=(IsInteger)
1203129: board.processor.cores.core: A0 T0 : 0x20a34 @_int_malloc+780    : addiw a5, t1, 91           : IntAlu :  D=0x000000000000005b  flags=(IsInteger)
1203462: board.processor.cores.core: A0 T0 : 0x20a38 @_int_malloc+784    : srli s10, s0, 6            : IntAlu :  D=0x0000000000000000  flags=(IsInteger)
1203795: board.processor.cores.core: A0 T0 : 0x20a3c @_int_malloc+788    : c_sdsp a5, 96(sp)          : MemWrite :  D=0x000000000000005b A=0x7ffffffffffffbc0  flags=(IsInteger|IsStore)
1204461: board.processor.cores.core: A0 T0 : 0x20a3e @_int_malloc+790    : addiw a5, s10, 48          : IntAlu :  D=0x0000000000000030  flags=(IsInteger)
1204794: board.processor.cores.core: A0 T0 : 0x20a42 @_int_malloc+794    : c_sdsp a5, 88(sp)          : MemWrite :  D=0x0000000000000030 A=0x7ffffffffffffbb8  flags=(IsInteger|IsStore)
1205127: board.processor.cores.core: A0 T0 : 0x20a44 @_int_malloc+796    : addi a5, ft0, 110          : IntAlu :  D=0x000000000000006e  flags=(IsInteger)
1205460: board.processor.cores.core: A0 T0 : 0x20a48 @_int_malloc+800    : c_sdsp a5, 136(sp)         : MemWrite :  D=0x000000000000006e A=0x7ffffffffffffbe8  flags=(IsInteger|IsStore)
1206126: board.processor.cores.core: A0 T0 : 0x20a4a @_int_malloc+802    : addi a5, ft0, 119          : IntAlu :  D=0x0000000000000077  flags=(IsInteger)
1206459: board.processor.cores.core: A0 T0 : 0x20a4e @_int_malloc+806    : c_sdsp a5, 112(sp)         : MemWrite :  D=0x0000000000000077 A=0x7ffffffffffffbd0  flags=(IsInteger|IsStore)
1206792: board.processor.cores.core: A0 T0 : 0x20a50 @_int_malloc+808    : addi a5, ft0, 124          : IntAlu :  D=0x000000000000007c  flags=(IsInteger)
1207125: board.processor.cores.core: A0 T0 : 0x20a54 @_int_malloc+812    : c_sdsp s9, 8(sp)           : MemWrite :  D=0x0000000000000002 A=0x7ffffffffffffb68  flags=(IsInteger|IsStore)
1207458: board.processor.cores.core: A0 T0 : 0x20a56 @_int_malloc+814    : c_sdsp a5, 120(sp)         : MemWrite :  D=0x000000000000007c A=0x7ffffffffffffbd8  flags=(IsInteger|IsStore)
1207791: board.processor.cores.core: A0 T0 : 0x20a58 @_int_malloc+816    : c_sdsp ft0, 104(sp)        : MemWrite :  D=0x0000000000000000 A=0x7ffffffffffffbc8  flags=(IsInteger|IsStore)
1208124: board.processor.cores.core: A0 T0 : 0x20a5a @_int_malloc+818    : c_sdsp ft0, 128(sp)        : MemWrite :  D=0x0000000000000000 A=0x7ffffffffffffbe0  flags=(IsInteger|IsStore)
1208457: board.processor.cores.core: A0 T0 : 0x20a5c @_int_malloc+820    : ld a5, 40(tp)              : MemRead :  D=0x0000000000073b40 A=0x737c8  flags=(IsInteger|IsLoad)
1208790: board.processor.cores.core: A0 T0 : 0x20a60 @_int_malloc+824    : addi s6, s0, -17           : IntAlu :  D=0x000000000000000f  flags=(IsInteger)
1209123: board.processor.cores.core: A0 T0 : 0x20a64 @_int_malloc+828    : srli s6, s6, 4             : IntAlu :  D=0x0000000000000000  flags=(IsInteger)
1209456: board.processor.cores.core: A0 T0 : 0x20a68 @_int_malloc+832    : c_li s5, 0                 : IntAlu :  D=0x0000000000000000  flags=(IsInteger)
1209789: board.processor.cores.core: A0 T0 : 0x20a6a @_int_malloc+834    : c_beqz a5, 22              : IntAlu :   flags=(IsInteger|IsControl|IsDirectControl|IsCondControl)
1210122: board.processor.cores.core: A0 T0 : 0x20a6c @_int_malloc+836    : lui a5, 111                : IntAlu :  D=0x000000000006f000  flags=(IsInteger)
1210455: board.processor.cores.core: A0 T0 : 0x20a70 @_int_malloc+840    : ld s5, 1448(a5)            : MemRead :  D=0x0000000000000040 A=0x6f5a8  flags=(IsInteger|IsLoad)
1210788: board.processor.cores.core: A0 T0 : 0x20a74 @_int_malloc+844    : sltu s5, s6, s5            : IntAlu :  D=0x0000000000000001  flags=(IsInteger)
1211121: board.processor.cores.core: A0 T0 : 0x20a78 @_int_malloc+848    : sub s5, ft0, s5            : IntAlu :  D=0xffffffffffffffff  flags=(IsInteger)
1211454: board.processor.cores.core: A0 T0 : 0x20a7c @_int_malloc+852    : and s5, s0, s5             : IntAlu :  D=0x0000000000000020  flags=(IsInteger)
1211787: board.processor.cores.core: A0 T0 : 0x20a80 @_int_malloc+856    : lui a5, 111                : IntAlu :  D=0x000000000006f000  flags=(IsInteger)
1212120: board.processor.cores.core: A0 T0 : 0x20a84 @_int_malloc+860    : c_lui s11, 1               : IntAlu :  D=0x0000000000001000  flags=(IsInteger)
1212786: board.processor.cores.core: A0 T0 : 0x20a86 @_int_malloc+862    : lui s7, 111                : IntAlu :  D=0x000000000006f000  flags=(IsInteger)
1213452: board.processor.cores.core: A0 T0 : 0x20a8a @_int_malloc+866    : addi a5, a5, 1480          : IntAlu :  D=0x000000000006f5c8  flags=(IsInteger)
1214118: board.processor.cores.core: A0 T0 : 0x20a8e @_int_malloc+870    : addi s8, s1, 96            : IntAlu :  D=0x000000000006f628  flags=(IsInteger)
1214451: board.processor.cores.core: A0 T0 : 0x20a92 @_int_malloc+874    : c_li t5, 0                 : IntAlu :  D=0x0000000000000000  flags=(IsInteger)
1214784: board.processor.cores.core: A0 T0 : 0x20a94 @_int_malloc+876    : addi s7, s7, 1368          : IntAlu :  D=0x000000000006f558  flags=(IsInteger)
1215117: board.processor.cores.core: A0 T0 : 0x20a98 @_int_malloc+880    : add a7, s1, s11            : IntAlu :  D=0x00000000000705c8  flags=(IsInteger)
1215450: board.processor.cores.core: A0 T0 : 0x20a9c @_int_malloc+884    : c_sdsp a5, 64(sp)          : MemWrite :  D=0x000000000006f5c8 A=0x7ffffffffffffba0  flags=(IsInteger|IsStore)
1215783: board.processor.cores.core: A0 T0 : 0x20a9e @_int_malloc+886    : c_ld a5, 120(s1)           : MemRead :  D=0x000000000006f628 A=0x6f640  flags=(IsInteger|IsLoad)
1216116: board.processor.cores.core: A0 T0 : 0x20aa0 @_int_malloc+888    : beq a5, s8, 582            : IntAlu :   flags=(IsInteger|IsControl|IsDirectControl|IsCondControl)
1216782: board.processor.cores.core: A0 T0 : 0x20ce6 @_int_malloc+1470    : addi a5, ft0, 1023         : IntAlu :  D=0x00000000000003ff  flags=(IsInteger)
1217448: board.processor.cores.core: A0 T0 : 0x20cea @_int_malloc+1474    : bgeu a5, s0, 34            : IntAlu :   flags=(IsInteger|IsControl|IsDirectControl|IsCondControl)
1217781: board.processor.cores.core: A0 T0 : 0x20d0c @_int_malloc+1508    : c_ldsp a3, 8(sp)           : MemRead :  D=0x0000000000000002 A=0x7ffffffffffffb68  flags=(IsInteger|IsLoad)
1218114: board.processor.cores.core: A0 T0 : 0x20d0e @_int_malloc+1510    : c_li a0, 4                 : IntAlu :  D=0x0000000000000004  flags=(IsInteger)
1218447: board.processor.cores.core: A0 T0 : 0x20d10 @_int_malloc+1512    : addiw a4, a3, 1            : IntAlu :  D=0x0000000000000003  flags=(IsInteger)
1218780: board.processor.cores.core: A0 T0 : 0x20d14 @_int_malloc+1516    : slliw a3, a3, 1            : IntAlu :  D=0x0000000000000004  flags=(IsInteger)
1219113: board.processor.cores.core: A0 T0 : 0x20d18 @_int_malloc+1520    : srliw a5, a4, 5            : IntAlu :  D=0x0000000000000000  flags=(IsInteger)
1219446: board.processor.cores.core: A0 T0 : 0x20d1c @_int_malloc+1524    : c_addiw a3, 14             : IntAlu :  D=0x0000000000000012  flags=(IsInteger)
1220112: board.processor.cores.core: A0 T0 : 0x20d1e @_int_malloc+1526    : addi a5, a5, 536           : IntAlu :  D=0x0000000000000218  flags=(IsInteger)
1220445: board.processor.cores.core: A0 T0 : 0x20d22 @_int_malloc+1530    : c_slli a3, 32              : IntAlu :  D=0x0000001200000000  flags=(IsInteger)
1220778: board.processor.cores.core: A0 T0 : 0x20d24 @_int_malloc+1532    : c_slli a5, 2               : IntAlu :  D=0x0000000000000860  flags=(IsInteger)
1221111: board.processor.cores.core: A0 T0 : 0x20d26 @_int_malloc+1534    : c_srli a3, 32              : IntAlu :  D=0x0000000000000012  flags=(IsInteger)
1221444: board.processor.cores.core: A0 T0 : 0x20d28 @_int_malloc+1536    : c_add a5, s1               : IntAlu :  D=0x000000000006fe28  flags=(IsInteger)
1221777: board.processor.cores.core: A0 T0 : 0x20d2a @_int_malloc+1538    : c_slli a3, 3               : IntAlu :  D=0x0000000000000090  flags=(IsInteger)
1222110: board.processor.cores.core: A0 T0 : 0x20d2c @_int_malloc+1540    : c_lw a2, 0(a5)             : MemRead :  D=0x0000000000000000 A=0x6fe28  flags=(IsInteger|IsLoad)
1222443: board.processor.cores.core: A0 T0 : 0x20d2e @_int_malloc+1542    : c_addi a3, -16             : IntAlu :  D=0x0000000000000080  flags=(IsInteger)
1222776: board.processor.cores.core: A0 T0 : 0x20d30 @_int_malloc+1544    : c_li a5, 1                 : IntAlu :  D=0x0000000000000001  flags=(IsInteger)
1223109: board.processor.cores.core: A0 T0 : 0x20d32 @_int_malloc+1546    : c_add a3, s1               : IntAlu :  D=0x000000000006f648  flags=(IsInteger)
1223442: board.processor.cores.core: A0 T0 : 0x20d34 @_int_malloc+1548    : srliw s3, a4, 5            : IntAlu :  D=0x0000000000000000  flags=(IsInteger)
1223775: board.processor.cores.core: A0 T0 : 0x20d38 @_int_malloc+1552    : sllw a5, a5, a4            : IntAlu :  D=0x0000000000000008  flags=(IsInteger)
1224108: board.processor.cores.core: A0 T0 : 0x20d3c @_int_malloc+1556    : bltu a2, a5, 162           : IntAlu :   flags=(IsInteger|IsControl|IsDirectControl|IsCondControl)
1224774: board.processor.cores.core: A0 T0 : 0x20dde @_int_malloc+1718    : addiw a5, s3, 1            : IntAlu :  D=0x0000000000000001  flags=(IsInteger)
1225440: board.processor.cores.core: A0 T0 : 0x20de2 @_int_malloc+1722    : addiw s3, a5, 0            : IntAlu :  D=0x0000000000000001  flags=(IsInteger)
1226106: board.processor.cores.core: A0 T0 : 0x20de6 @_int_malloc+1726    : bne s3, a0, -26            : IntAlu :   flags=(IsInteger|IsControl|IsDirectControl|IsCondControl)
1226439: board.processor.cores.core: A0 T0 : 0x20dcc @_int_malloc+1700    : c_slli a5, 32              : IntAlu :  D=0x0000000100000000  flags=(IsInteger)
1226772: board.processor.cores.core: A0 T0 : 0x20dce @_int_malloc+1702    : c_srli a5, 32              : IntAlu :  D=0x0000000000000001  flags=(IsInteger)
1227105: board.processor.cores.core: A0 T0 : 0x20dd0 @_int_malloc+1704    : addi a5, a5, 536           : IntAlu :  D=0x0000000000000219  flags=(IsInteger)
1227438: board.processor.cores.core: A0 T0 : 0x20dd4 @_int_malloc+1708    : c_slli a5, 2               : IntAlu :  D=0x0000000000000864  flags=(IsInteger)
1227771: board.processor.cores.core: A0 T0 : 0x20dd6 @_int_malloc+1710    : c_add a5, s1               : IntAlu :  D=0x000000000006fe2c  flags=(IsInteger)
1228104: board.processor.cores.core: A0 T0 : 0x20dd8 @_int_malloc+1712    : c_lw a2, 0(a5)             : MemRead :  D=0x0000000000000000 A=0x6fe2c  flags=(IsInteger|IsLoad)
1228770: board.processor.cores.core: A0 T0 : 0x20dda @_int_malloc+1714    : bne a2, ft0, 386           : IntAlu :   flags=(IsInteger|IsControl|IsDirectControl|IsCondControl)
1229436: board.processor.cores.core: A0 T0 : 0x20dde @_int_malloc+1718    : addiw a5, s3, 1            : IntAlu :  D=0x0000000000000002  flags=(IsInteger)
1230102: board.processor.cores.core: A0 T0 : 0x20de2 @_int_malloc+1722    : addiw s3, a5, 0            : IntAlu :  D=0x0000000000000002  flags=(IsInteger)
1230768: board.processor.cores.core: A0 T0 : 0x20de6 @_int_malloc+1726    : bne s3, a0, -26            : IntAlu :   flags=(IsInteger|IsControl|IsDirectControl|IsCondControl)
1231101: board.processor.cores.core: A0 T0 : 0x20dcc @_int_malloc+1700    : c_slli a5, 32              : IntAlu :  D=0x0000000200000000  flags=(IsInteger)
1231434: board.processor.cores.core: A0 T0 : 0x20dce @_int_malloc+1702    : c_srli a5, 32              : IntAlu :  D=0x0000000000000002  flags=(IsInteger)
1231767: board.processor.cores.core: A0 T0 : 0x20dd0 @_int_malloc+1704    : addi a5, a5, 536           : IntAlu :  D=0x000000000000021a  flags=(IsInteger)
1232100: board.processor.cores.core: A0 T0 : 0x20dd4 @_int_malloc+1708    : c_slli a5, 2               : IntAlu :  D=0x0000000000000868  flags=(IsInteger)
1232433: board.processor.cores.core: A0 T0 : 0x20dd6 @_int_malloc+1710    : c_add a5, s1               : IntAlu :  D=0x000000000006fe30  flags=(IsInteger)
1232766: board.processor.cores.core: A0 T0 : 0x20dd8 @_int_malloc+1712    : c_lw a2, 0(a5)             : MemRead :  D=0x0000000000000000 A=0x6fe30  flags=(IsInteger|IsLoad)
1233432: board.processor.cores.core: A0 T0 : 0x20dda @_int_malloc+1714    : bne a2, ft0, 386           : IntAlu :   flags=(IsInteger|IsControl|IsDirectControl|IsCondControl)
1234098: board.processor.cores.core: A0 T0 : 0x20dde @_int_malloc+1718    : addiw a5, s3, 1            : IntAlu :  D=0x0000000000000003  flags=(IsInteger)
1234764: board.processor.cores.core: A0 T0 : 0x20de2 @_int_malloc+1722    : addiw s3, a5, 0            : IntAlu :  D=0x0000000000000003  flags=(IsInteger)
1235430: board.processor.cores.core: A0 T0 : 0x20de6 @_int_malloc+1726    : bne s3, a0, -26            : IntAlu :   flags=(IsInteger|IsControl|IsDirectControl|IsCondControl)
1235763: board.processor.cores.core: A0 T0 : 0x20dcc @_int_malloc+1700    : c_slli a5, 32              : IntAlu :  D=0x0000000300000000  flags=(IsInteger)
1236096: board.processor.cores.core: A0 T0 : 0x20dce @_int_malloc+1702    : c_srli a5, 32              : IntAlu :  D=0x0000000000000003  flags=(IsInteger)
1236429: board.processor.cores.core: A0 T0 : 0x20dd0 @_int_malloc+1704    : addi a5, a5, 536           : IntAlu :  D=0x000000000000021b  flags=(IsInteger)
1236762: board.processor.cores.core: A0 T0 : 0x20dd4 @_int_malloc+1708    : c_slli a5, 2               : IntAlu :  D=0x000000000000086c  flags=(IsInteger)
1237095: board.processor.cores.core: A0 T0 : 0x20dd6 @_int_malloc+1710    : c_add a5, s1               : IntAlu :  D=0x000000000006fe34  flags=(IsInteger)
1237428: board.processor.cores.core: A0 T0 : 0x20dd8 @_int_malloc+1712    : c_lw a2, 0(a5)             : MemRead :  D=0x0000000000000000 A=0x6fe34  flags=(IsInteger|IsLoad)
1238094: board.processor.cores.core: A0 T0 : 0x20dda @_int_malloc+1714    : bne a2, ft0, 386           : IntAlu :   flags=(IsInteger|IsControl|IsDirectControl|IsCondControl)
1238760: board.processor.cores.core: A0 T0 : 0x20dde @_int_malloc+1718    : addiw a5, s3, 1            : IntAlu :  D=0x0000000000000004  flags=(IsInteger)
1239426: board.processor.cores.core: A0 T0 : 0x20de2 @_int_malloc+1722    : addiw s3, a5, 0            : IntAlu :  D=0x0000000000000004  flags=(IsInteger)
1240092: board.processor.cores.core: A0 T0 : 0x20de6 @_int_malloc+1726    : bne s3, a0, -26            : IntAlu :   flags=(IsInteger|IsControl|IsDirectControl|IsCondControl)
1240425: board.processor.cores.core: A0 T0 : 0x20dea @_int_malloc+1730    : c_ld a4, 96(s1)            : MemRead :  D=0x0000000000073e40 A=0x6f628  flags=(IsInteger|IsLoad)
1240758: board.processor.cores.core: A0 T0 : 0x20dec @_int_malloc+1732    : ld a3, -1912(a7)           : MemRead :  D=0x00000000000214d0 A=0x6fe50  flags=(IsInteger|IsLoad)
1241091: board.processor.cores.core: A0 T0 : 0x20df0 @_int_malloc+1736    : c_ld a5, 8(a4)             : MemRead :  D=0x00000000000211c1 A=0x73e48  flags=(IsInteger|IsLoad)
1241424: board.processor.cores.core: A0 T0 : 0x20df2 @_int_malloc+1738    : c_andi a5, 18446744073709551608 : IntAlu :  D=0x00000000000211c0  flags=(IsInteger)
1241757: board.processor.cores.core: A0 T0 : 0x20df4 @_int_malloc+1740    : bltu a3, a5, 552           : IntAlu :   flags=(IsInteger|IsControl|IsDirectControl|IsCondControl)
1242090: board.processor.cores.core: A0 T0 : 0x20df8 @_int_malloc+1744    : addi a3, s0, 32            : IntAlu :  D=0x0000000000000040  flags=(IsInteger)
1242423: board.processor.cores.core: A0 T0 : 0x20dfc @_int_malloc+1748    : bgeu a5, a3, 692           : IntAlu :   flags=(IsInteger|IsControl|IsDirectControl|IsCondControl)
1242756: board.processor.cores.core: A0 T0 : 0x210b0 @_int_malloc+2440    : lui a3, 111                : IntAlu :  D=0x000000000006f000  flags=(IsInteger)
1243089: board.processor.cores.core: A0 T0 : 0x210b4 @_int_malloc+2444    : addi a3, a3, 1480          : IntAlu :  D=0x000000000006f5c8  flags=(IsInteger)
1243422: board.processor.cores.core: A0 T0 : 0x210b8 @_int_malloc+2448    : sub a3, s1, a3             : IntAlu :  D=0x0000000000000000  flags=(IsInteger)
1243755: board.processor.cores.core: A0 T0 : 0x210bc @_int_malloc+2452    : sltu a3, ft0, a3           : IntAlu :  D=0x0000000000000000  flags=(IsInteger)
1244088: board.processor.cores.core: A0 T0 : 0x210c0 @_int_malloc+2456    : c_slli a3, 2               : IntAlu :  D=0x0000000000000000  flags=(IsInteger)
1244754: board.processor.cores.core: A0 T0 : 0x210c2 @_int_malloc+2458    : add a2, a4, s0             : IntAlu :  D=0x0000000000073e60  flags=(IsInteger)
1245087: board.processor.cores.core: A0 T0 : 0x210c6 @_int_malloc+2462    : c_or a3, s0                : IntAlu :  D=0x0000000000000020  flags=(IsInteger)
1245420: board.processor.cores.core: A0 T0 : 0x210c8 @_int_malloc+2464    : c_sd a2, 96(s1)            : MemWrite :  D=0x0000000000073e60 A=0x6f628  flags=(IsInteger|IsStore)
1246086: board.processor.cores.core: A0 T0 : 0x210ca @_int_malloc+2466    : ori a3, a3, 1              : IntAlu :  D=0x0000000000000021  flags=(IsInteger)
1246419: board.processor.cores.core: A0 T0 : 0x210ce @_int_malloc+2470    : c_sub a5, s0               : IntAlu :  D=0x00000000000211a0  flags=(IsInteger)
1246752: board.processor.cores.core: A0 T0 : 0x210d0 @_int_malloc+2472    : c_sd a3, 8(a4)             : MemWrite :  D=0x0000000000000021 A=0x73e48  flags=(IsInteger|IsStore)
1247418: board.processor.cores.core: A0 T0 : 0x210d2 @_int_malloc+2474    : ori a5, a5, 1              : IntAlu :  D=0x00000000000211a1  flags=(IsInteger)
1248084: board.processor.cores.core: A0 T0 : 0x210d6 @_int_malloc+2478    : addi s3, a4, 16            : IntAlu :  D=0x0000000000073e50  flags=(IsInteger)
1248417: board.processor.cores.core: A0 T0 : 0x210da @_int_malloc+2482    : c_sd a5, 8(a2)             : MemWrite :  D=0x00000000000211a1 A=0x73e68  flags=(IsInteger|IsStore)
1248750: board.processor.cores.core: A0 T0 : 0x210dc @_int_malloc+2484    : c_mv a1, s2                : IntAlu :  D=0x0000000000000018  flags=(IsInteger)
1249083: board.processor.cores.core: A0 T0 : 0x210de @_int_malloc+2486    : c_mv a0, s3                : IntAlu :  D=0x0000000000073e50  flags=(IsInteger)
1249416: board.processor.cores.core: A0 T0 : 0x210e0 @_int_malloc+2488    : jal ra, -9560              : IntAlu :  D=0x00000000000210e4  flags=(IsInteger|IsControl|IsDirectControl|IsUncondControl|IsCall)
1249749: board.processor.cores.core: A0 T0 : 0x1eb88 @alloc_perturb    : lw a5, -1284(gp)           : MemRead :  D=0x0000000000000000 A=0x70bc4  flags=(IsInteger|IsLoad)
1250082: board.processor.cores.core: A0 T0 : 0x1eb8c @alloc_perturb+4    : c_bnez a5, 4               : IntAlu :   flags=(IsInteger|IsControl|IsDirectControl|IsCondControl)
1250415: board.processor.cores.core: A0 T0 : 0x1eb8e @alloc_perturb+6    : c_jr ra                    : IntAlu :   flags=(IsInteger|IsControl|IsIndirectControl|IsUncondControl|IsReturn)
1250748: board.processor.cores.core: A0 T0 : 0x210e4 @_int_malloc+2492    : c_j -1288                  : IntAlu :   flags=(IsControl|IsDirectControl|IsUncondControl)
1251081: board.processor.cores.core: A0 T0 : 0x20bdc @_int_malloc+1204    : c_ldsp ra, 248(sp)         : MemRead :  D=0x0000000000021bb0 A=0x7ffffffffffffc58  flags=(IsInteger|IsLoad)
1251414: board.processor.cores.core: A0 T0 : 0x20bde @_int_malloc+1206    : c_ldsp s0, 240(sp)         : MemRead :  D=0x0000000000000018 A=0x7ffffffffffffc50  flags=(IsInteger|IsLoad)
1251747: board.processor.cores.core: A0 T0 : 0x20be0 @_int_malloc+1208    : c_ldsp s1, 232(sp)         : MemRead :  D=0x000000000006f000 A=0x7ffffffffffffc48  flags=(IsInteger|IsLoad)
1252080: board.processor.cores.core: A0 T0 : 0x20be2 @_int_malloc+1210    : c_ldsp s2, 224(sp)         : MemRead :  D=0x000000000004fba8 A=0x7ffffffffffffc40  flags=(IsInteger|IsLoad)
1252413: board.processor.cores.core: A0 T0 : 0x20be4 @_int_malloc+1212    : c_ldsp s4, 208(sp)         : MemRead :  D=0x0000000000000000 A=0x7ffffffffffffc30  flags=(IsInteger|IsLoad)
1252746: board.processor.cores.core: A0 T0 : 0x20be6 @_int_malloc+1214    : c_ldsp s5, 200(sp)         : MemRead :  D=0x00000000ffffffff A=0x7ffffffffffffc28  flags=(IsInteger|IsLoad)
1253079: board.processor.cores.core: A0 T0 : 0x20be8 @_int_malloc+1216    : c_ldsp s6, 192(sp)         : MemRead :  D=0x000000000000003a A=0x7ffffffffffffc20  flags=(IsInteger|IsLoad)
1253412: board.processor.cores.core: A0 T0 : 0x20bea @_int_malloc+1218    : c_ldsp s7, 184(sp)         : MemRead :  D=0x000000000006ef98 A=0x7ffffffffffffc18  flags=(IsInteger|IsLoad)
1253745: board.processor.cores.core: A0 T0 : 0x20bec @_int_malloc+1220    : c_ldsp s8, 176(sp)         : MemRead :  D=0x0000000000050000 A=0x7ffffffffffffc10  flags=(IsInteger|IsLoad)
1254078: board.processor.cores.core: A0 T0 : 0x20bee @_int_malloc+1222    : c_ldsp s9, 168(sp)         : MemRead :  D=0x0000000000000000 A=0x7ffffffffffffc08  flags=(IsInteger|IsLoad)
1254411: board.processor.cores.core: A0 T0 : 0x20bf0 @_int_malloc+1224    : c_ldsp s10, 160(sp)        : MemRead :  D=0x0000000000000000 A=0x7ffffffffffffc00  flags=(IsInteger|IsLoad)
1254744: board.processor.cores.core: A0 T0 : 0x20bf2 @_int_malloc+1226    : c_ldsp s11, 152(sp)        : MemRead :  D=0x0000000000000000 A=0x7ffffffffffffbf8  flags=(IsInteger|IsLoad)
1255077: board.processor.cores.core: A0 T0 : 0x20bf4 @_int_malloc+1228    : c_mv a0, s3                : IntAlu :  D=0x0000000000073e50  flags=(IsInteger)
1255410: board.processor.cores.core: A0 T0 : 0x20bf6 @_int_malloc+1230    : c_ldsp s3, 216(sp)         : MemRead :  D=0x000000000006efd8 A=0x7ffffffffffffc38  flags=(IsInteger|IsLoad)
1255743: board.processor.cores.core: A0 T0 : 0x20bf8 @_int_malloc+1232    : c_addi16sp sp, 256         : IntAlu :  D=0x7ffffffffffffc60  flags=(IsInteger)
1256076: board.processor.cores.core: A0 T0 : 0x20bfa @_int_malloc+1234    : c_jr ra                    : IntAlu :   flags=(IsInteger|IsControl|IsIndirectControl|IsUncondControl|IsReturn)
1256409: board.processor.cores.core: A0 T0 : 0x21bb0 @__libc_malloc+74    : c_mv a4, a0                : IntAlu :  D=0x0000000000073e50  flags=(IsInteger)
1256742: board.processor.cores.core: A0 T0 : 0x21bb2 @__libc_malloc+76    : c_beqz a0, 218             : IntAlu :   flags=(IsInteger|IsControl|IsDirectControl|IsCondControl)
1257075: board.processor.cores.core: A0 T0 : 0x21bb4 @__libc_malloc+78    : ld a5, -8(a0)              : MemRead :  D=0x0000000000000021 A=0x73e48  flags=(IsInteger|IsLoad)
1257408: board.processor.cores.core: A0 T0 : 0x21bb8 @__libc_malloc+82    : andi a3, a5, 2             : IntAlu :  D=0x0000000000000000  flags=(IsInteger)
1257741: board.processor.cores.core: A0 T0 : 0x21bbc @__libc_malloc+86    : c_bnez a3, 26              : IntAlu :   flags=(IsInteger|IsControl|IsDirectControl|IsCondControl)
1258074: board.processor.cores.core: A0 T0 : 0x21bbe @__libc_malloc+88    : c_andi a5, 4               : IntAlu :  D=0x0000000000000000  flags=(IsInteger)
1258407: board.processor.cores.core: A0 T0 : 0x21bc0 @__libc_malloc+90    : c_beqz a5, 22              : IntAlu :   flags=(IsInteger|IsControl|IsDirectControl|IsCondControl)
1258740: board.processor.cores.core: A0 T0 : 0x21bd6 @__libc_malloc+112    : c_ldsp ra, 24(sp)          : MemRead :  D=0x000000000003c7a2 A=0x7ffffffffffffc78  flags=(IsInteger|IsLoad)
1259073: board.processor.cores.core: A0 T0 : 0x21bd8 @__libc_malloc+114    : c_ldsp s0, 16(sp)          : MemRead :  D=0x7ffffffffffffcb0 A=0x7ffffffffffffc70  flags=(IsInteger|IsLoad)
1259406: board.processor.cores.core: A0 T0 : 0x21bda @__libc_malloc+116    : c_ldsp s1, 8(sp)           : MemRead :  D=0x0000000000000000 A=0x7ffffffffffffc68  flags=(IsInteger|IsLoad)
1259739: board.processor.cores.core: A0 T0 : 0x21bdc @__libc_malloc+118    : c_ldsp s2, 0(sp)           : MemRead :  D=0x000000000004fba8 A=0x7ffffffffffffc60  flags=(IsInteger|IsLoad)
1260072: board.processor.cores.core: A0 T0 : 0x21bde @__libc_malloc+120    : c_mv a0, a4                : IntAlu :  D=0x0000000000073e50  flags=(IsInteger)
1260405: board.processor.cores.core: A0 T0 : 0x21be0 @__libc_malloc+122    : c_addi16sp sp, 32          : IntAlu :  D=0x7ffffffffffffc80  flags=(IsInteger)
1260738: board.processor.cores.core: A0 T0 : 0x21be2 @__libc_malloc+124    : c_jr ra                    : IntAlu :   flags=(IsInteger|IsControl|IsIndirectControl|IsUncondControl|IsReturn)
1261404: board.processor.cores.core: A0 T0 : 0x3c7a2 @_dl_init_paths+34    : sd a0, 0(s3)               : MemWrite :  D=0x0000000000073e50 A=0x6efd8  flags=(IsInteger|IsStore)
1262070: board.processor.cores.core: A0 T0 : 0x3c7a6 @_dl_init_paths+38    : beq a0, ft0, 300           : IntAlu :   flags=(IsInteger|IsControl|IsDirectControl|IsCondControl)
1262403: board.processor.cores.core: A0 T0 : 0x3c7aa @_dl_init_paths+42    : c_mv s1, a0                : IntAlu :  D=0x0000000000073e50  flags=(IsInteger)
1262736: board.processor.cores.core: A0 T0 : 0x3c7ac @_dl_init_paths+44    : addi a0, ft0, 160          : IntAlu :  D=0x00000000000000a0  flags=(IsInteger)
1263069: board.processor.cores.core: A0 T0 : 0x3c7b0 @_dl_init_paths+48    : jal ra, -109642            : IntAlu :  D=0x000000000003c7b4  flags=(IsInteger|IsControl|IsDirectControl|IsUncondControl|IsCall)
1263735: board.processor.cores.core: A0 T0 : 0x21b66 @__libc_malloc    : ld a5, -1824(gp)           : MemRead :  D=0x0000000000000000 A=0x709a8  flags=(IsInteger|IsLoad)
1264401: board.processor.cores.core: A0 T0 : 0x21b6a @__libc_malloc+4    : bne a5, ft0, 336           : IntAlu :   flags=(IsInteger|IsControl|IsDirectControl|IsCondControl)
1264734: board.processor.cores.core: A0 T0 : 0x21b6e @__libc_malloc+8    : c_addi sp, -32             : IntAlu :  D=0x7ffffffffffffc60  flags=(IsInteger)
1265067: board.processor.cores.core: A0 T0 : 0x21b70 @__libc_malloc+10    : c_sdsp s0, 16(sp)          : MemWrite :  D=0x7ffffffffffffcb0 A=0x7ffffffffffffc70  flags=(IsInteger|IsStore)
1265400: board.processor.cores.core: A0 T0 : 0x21b72 @__libc_malloc+12    : c_sdsp ra, 24(sp)          : MemWrite :  D=0x000000000003c7b4 A=0x7ffffffffffffc78  flags=(IsInteger|IsStore)
1265733: board.processor.cores.core: A0 T0 : 0x21b74 @__libc_malloc+14    : c_sdsp s1, 8(sp)           : MemWrite :  D=0x0000000000073e50 A=0x7ffffffffffffc68  flags=(IsInteger|IsStore)
1266066: board.processor.cores.core: A0 T0 : 0x21b76 @__libc_malloc+16    : c_sdsp s2, 0(sp)           : MemWrite :  D=0x000000000004fba8 A=0x7ffffffffffffc60  flags=(IsInteger|IsStore)
1266399: board.processor.cores.core: A0 T0 : 0x21b78 @__libc_malloc+18    : c_mv s0, a0                : IntAlu :  D=0x00000000000000a0  flags=(IsInteger)
1267065: board.processor.cores.core: A0 T0 : 0x21b7a @__libc_malloc+20    : blt a0, ft0, 290           : IntAlu :   flags=(IsInteger|IsControl|IsDirectControl|IsCondControl)
1267731: board.processor.cores.core: A0 T0 : 0x21b7e @__libc_malloc+24    : addi a5, a0, 23            : IntAlu :  D=0x00000000000000b7  flags=(IsInteger)
1268064: board.processor.cores.core: A0 T0 : 0x21b82 @__libc_malloc+28    : c_li a4, 31                : IntAlu :  D=0x000000000000001f  flags=(IsInteger)
1268397: board.processor.cores.core: A0 T0 : 0x21b84 @__libc_malloc+30    : c_li s1, 0                 : IntAlu :  D=0x0000000000000000  flags=(IsInteger)
1269063: board.processor.cores.core: A0 T0 : 0x21b86 @__libc_malloc+32    : bltu a4, a5, 94            : IntAlu :   flags=(IsInteger|IsControl|IsDirectControl|IsCondControl)
1269396: board.processor.cores.core: A0 T0 : 0x21be4 @__libc_malloc+126    : c_andi a5, 18446744073709551600 : IntAlu :  D=0x00000000000000b0  flags=(IsInteger)
1269729: board.processor.cores.core: A0 T0 : 0x21be6 @__libc_malloc+128    : c_addi a5, -17             : IntAlu :  D=0x000000000000009f  flags=(IsInteger)
1270062: board.processor.cores.core: A0 T0 : 0x21be8 @__libc_malloc+130    : srli s1, a5, 4             : IntAlu :  D=0x0000000000000009  flags=(IsInteger)
1270395: board.processor.cores.core: A0 T0 : 0x21bec @__libc_malloc+134    : c_j -98                    : IntAlu :   flags=(IsControl|IsDirectControl|IsUncondControl)
1271061: board.processor.cores.core: A0 T0 : 0x21b8a @__libc_malloc+36    : ld a5, 40(tp)              : MemRead :  D=0x0000000000073b40 A=0x737c8  flags=(IsInteger|IsLoad)
1271394: board.processor.cores.core: A0 T0 : 0x21b8e @__libc_malloc+40    : c_beqz a5, 96              : IntAlu :   flags=(IsInteger|IsControl|IsDirectControl|IsCondControl)
1271727: board.processor.cores.core: A0 T0 : 0x21b90 @__libc_malloc+42    : lui a4, 111                : IntAlu :  D=0x000000000006f000  flags=(IsInteger)
1272060: board.processor.cores.core: A0 T0 : 0x21b94 @__libc_malloc+46    : ld a4, 1448(a4)            : MemRead :  D=0x0000000000000040 A=0x6f5a8  flags=(IsInteger|IsLoad)
1272393: board.processor.cores.core: A0 T0 : 0x21b98 @__libc_malloc+50    : bltu s1, a4, 114           : IntAlu :   flags=(IsInteger|IsControl|IsDirectControl|IsCondControl)
1273059: board.processor.cores.core: A0 T0 : 0x21c0a @__libc_malloc+164    : slli a3, s1, 1             : IntAlu :  D=0x0000000000000012  flags=(IsInteger)
1273392: board.processor.cores.core: A0 T0 : 0x21c0e @__libc_malloc+168    : c_add a3, a5               : IntAlu :  D=0x0000000000073b52  flags=(IsInteger)
1273725: board.processor.cores.core: A0 T0 : 0x21c10 @__libc_malloc+170    : lhu a2, 0(a3)              : MemRead :  D=0x0000000000000000 A=0x73b52  flags=(IsInteger|IsLoad)
1274058: board.processor.cores.core: A0 T0 : 0x21c14 @__libc_malloc+174    : c_beqz a2, -120            : IntAlu :   flags=(IsInteger|IsControl|IsDirectControl|IsCondControl)
1274391: board.processor.cores.core: A0 T0 : 0x21b9c @__libc_malloc+54    : lw a5, -1952(tp)           : MemRead :  D=0x0000000000000000 A=0x73000  flags=(IsInteger|IsLoad)
1274724: board.processor.cores.core: A0 T0 : 0x21ba0 @__libc_malloc+58    : c_bnez a5, 166             : IntAlu :   flags=(IsInteger|IsControl|IsDirectControl|IsCondControl)
1275390: board.processor.cores.core: A0 T0 : 0x21ba2 @__libc_malloc+60    : lui s1, 111                : IntAlu :  D=0x000000000006f000  flags=(IsInteger)
1275723: board.processor.cores.core: A0 T0 : 0x21ba6 @__libc_malloc+64    : c_mv a1, s0                : IntAlu :  D=0x00000000000000a0  flags=(IsInteger)
1276056: board.processor.cores.core: A0 T0 : 0x21ba8 @__libc_malloc+66    : addi a0, s1, 1480          : IntAlu :  D=0x000000000006f5c8  flags=(IsInteger)
1276389: board.processor.cores.core: A0 T0 : 0x21bac @__libc_malloc+70    : jal ra, -5252              : IntAlu :  D=0x0000000000021bb0  flags=(IsInteger|IsControl|IsDirectControl|IsUncondControl|IsCall)
1276722: board.processor.cores.core: A0 T0 : 0x20728 @_int_malloc    : c_addi16sp sp, -256        : IntAlu :  D=0x7ffffffffffffb60  flags=(IsInteger)
1277055: board.processor.cores.core: A0 T0 : 0x2072a @_int_malloc+2    : c_sdsp ra, 248(sp)         : MemWrite :  D=0x0000000000021bb0 A=0x7ffffffffffffc58  flags=(IsInteger|IsStore)
1277388: board.processor.cores.core: A0 T0 : 0x2072c @_int_malloc+4    : c_sdsp s0, 240(sp)         : MemWrite :  D=0x00000000000000a0 A=0x7ffffffffffffc50  flags=(IsInteger|IsStore)
1277721: board.processor.cores.core: A0 T0 : 0x2072e @_int_malloc+6    : c_sdsp s1, 232(sp)         : MemWrite :  D=0x000000000006f000 A=0x7ffffffffffffc48  flags=(IsInteger|IsStore)
1278054: board.processor.cores.core: A0 T0 : 0x20730 @_int_malloc+8    : c_sdsp s2, 224(sp)         : MemWrite :  D=0x000000000004fba8 A=0x7ffffffffffffc40  flags=(IsInteger|IsStore)
1278387: board.processor.cores.core: A0 T0 : 0x20732 @_int_malloc+10    : c_sdsp s3, 216(sp)         : MemWrite :  D=0x000000000006efd8 A=0x7ffffffffffffc38  flags=(IsInteger|IsStore)
1278720: board.processor.cores.core: A0 T0 : 0x20734 @_int_malloc+12    : c_sdsp s4, 208(sp)         : MemWrite :  D=0x0000000000000000 A=0x7ffffffffffffc30  flags=(IsInteger|IsStore)
1279053: board.processor.cores.core: A0 T0 : 0x20736 @_int_malloc+14    : c_sdsp s5, 200(sp)         : MemWrite :  D=0x00000000ffffffff A=0x7ffffffffffffc28  flags=(IsInteger|IsStore)
1279386: board.processor.cores.core: A0 T0 : 0x20738 @_int_malloc+16    : c_sdsp s6, 192(sp)         : MemWrite :  D=0x000000000000003a A=0x7ffffffffffffc20  flags=(IsInteger|IsStore)
1279719: board.processor.cores.core: A0 T0 : 0x2073a @_int_malloc+18    : c_sdsp s7, 184(sp)         : MemWrite :  D=0x000000000006ef98 A=0x7ffffffffffffc18  flags=(IsInteger|IsStore)
1280052: board.processor.cores.core: A0 T0 : 0x2073c @_int_malloc+20    : c_sdsp s8, 176(sp)         : MemWrite :  D=0x0000000000050000 A=0x7ffffffffffffc10  flags=(IsInteger|IsStore)
1280385: board.processor.cores.core: A0 T0 : 0x2073e @_int_malloc+22    : c_sdsp s9, 168(sp)         : MemWrite :  D=0x0000000000000000 A=0x7ffffffffffffc08  flags=(IsInteger|IsStore)
1280718: board.processor.cores.core: A0 T0 : 0x20740 @_int_malloc+24    : c_sdsp s10, 160(sp)        : MemWrite :  D=0x0000000000000000 A=0x7ffffffffffffc00  flags=(IsInteger|IsStore)
1281051: board.processor.cores.core: A0 T0 : 0x20742 @_int_malloc+26    : c_sdsp s11, 152(sp)        : MemWrite :  D=0x0000000000000000 A=0x7ffffffffffffbf8  flags=(IsInteger|IsStore)
1281384: board.processor.cores.core: A0 T0 : 0x20744 @_int_malloc+28    : blt a1, ft0, 1160          : IntAlu :   flags=(IsInteger|IsControl|IsDirectControl|IsCondControl)
1281717: board.processor.cores.core: A0 T0 : 0x20748 @_int_malloc+32    : addi s0, a1, 23            : IntAlu :  D=0x00000000000000b7  flags=(IsInteger)
1282050: board.processor.cores.core: A0 T0 : 0x2074c @_int_malloc+36    : c_li a5, 31                : IntAlu :  D=0x000000000000001f  flags=(IsInteger)
1282383: board.processor.cores.core: A0 T0 : 0x2074e @_int_malloc+38    : c_mv s2, a1                : IntAlu :  D=0x00000000000000a0  flags=(IsInteger)
1282716: board.processor.cores.core: A0 T0 : 0x20750 @_int_malloc+40    : c_mv s1, a0                : IntAlu :  D=0x000000000006f5c8  flags=(IsInteger)
1283382: board.processor.cores.core: A0 T0 : 0x20752 @_int_malloc+42    : bltu a5, s0, 232           : IntAlu :   flags=(IsInteger|IsControl|IsDirectControl|IsCondControl)
1283715: board.processor.cores.core: A0 T0 : 0x2083a @_int_malloc+274    : c_andi s0, 18446744073709551600 : IntAlu :  D=0x00000000000000b0  flags=(IsInteger)
1284048: board.processor.cores.core: A0 T0 : 0x2083c @_int_malloc+276    : beq a0, ft0, 1046          : IntAlu :   flags=(IsInteger|IsControl|IsDirectControl|IsCondControl)
1284381: board.processor.cores.core: A0 T0 : 0x20840 @_int_malloc+280    : ld a5, -1264(gp)           : MemRead :  D=0x0000000000000080 A=0x70bd8  flags=(IsInteger|IsLoad)
1284714: board.processor.cores.core: A0 T0 : 0x20844 @_int_malloc+284    : srliw a4, s0, 4            : IntAlu :  D=0x000000000000000b  flags=(IsInteger)
1285047: board.processor.cores.core: A0 T0 : 0x20848 @_int_malloc+288    : srliw s9, s0, 4            : IntAlu :  D=0x000000000000000b  flags=(IsInteger)
1285380: board.processor.cores.core: A0 T0 : 0x2084c @_int_malloc+292    : bgeu a5, s0, 446           : IntAlu :   flags=(IsInteger|IsControl|IsDirectControl|IsCondControl)
1285713: board.processor.cores.core: A0 T0 : 0x20850 @_int_malloc+296    : addi a5, ft0, 1023         : IntAlu :  D=0x00000000000003ff  flags=(IsInteger)
1286046: board.processor.cores.core: A0 T0 : 0x20854 @_int_malloc+300    : bgeu a5, s0, 1710          : IntAlu :   flags=(IsInteger|IsControl|IsDirectControl|IsCondControl)
1286712: board.processor.cores.core: A0 T0 : 0x20f02 @_int_malloc+2010    : addiw a5, a4, -1           : IntAlu :  D=0x000000000000000a  flags=(IsInteger)
1287378: board.processor.cores.core: A0 T0 : 0x20f06 @_int_malloc+2014    : slliw a5, a5, 1            : IntAlu :  D=0x0000000000000014  flags=(IsInteger)
1287711: board.processor.cores.core: A0 T0 : 0x20f0a @_int_malloc+2018    : c_slli a5, 32              : IntAlu :  D=0x0000001400000000  flags=(IsInteger)
1288044: board.processor.cores.core: A0 T0 : 0x20f0c @_int_malloc+2020    : c_srli a5, 32              : IntAlu :  D=0x0000000000000014  flags=(IsInteger)
1288377: board.processor.cores.core: A0 T0 : 0x20f0e @_int_malloc+2022    : c_addi a5, 14              : IntAlu :  D=0x0000000000000022  flags=(IsInteger)
1288710: board.processor.cores.core: A0 T0 : 0x20f10 @_int_malloc+2024    : c_slli a5, 3               : IntAlu :  D=0x0000000000000110  flags=(IsInteger)
1289376: board.processor.cores.core: A0 T0 : 0x20f12 @_int_malloc+2026    : jal ft0, -1958             : IntAlu :  D=0x0000000000020f16  flags=(IsInteger|IsControl|IsDirectControl|IsUncondControl)
1289709: board.processor.cores.core: A0 T0 : 0x2076c @_int_malloc+68    : c_add a5, s1               : IntAlu :  D=0x000000000006f6d8  flags=(IsInteger)
1290375: board.processor.cores.core: A0 T0 : 0x2076e @_int_malloc+70    : ld s3, 8(a5)               : MemRead :  D=0x000000000006f6c8 A=0x6f6e0  flags=(IsInteger|IsLoad)
1291041: board.processor.cores.core: A0 T0 : 0x20772 @_int_malloc+74    : addi a3, a5, -16           : IntAlu :  D=0x000000000006f6c8  flags=(IsInteger)
1291707: board.processor.cores.core: A0 T0 : 0x20776 @_int_malloc+78    : beq a3, s3, 698            : IntAlu :   flags=(IsInteger|IsControl|IsDirectControl|IsCondControl)
1292040: board.processor.cores.core: A0 T0 : 0x20a30 @_int_malloc+776    : srli t1, s0, 9             : IntAlu :  D=0x0000000000000000  flags=(IsInteger)
1292373: board.processor.cores.core: A0 T0 : 0x20a34 @_int_malloc+780    : addiw a5, t1, 91           : IntAlu :  D=0x000000000000005b  flags=(IsInteger)
1292706: board.processor.cores.core: A0 T0 : 0x20a38 @_int_malloc+784    : srli s10, s0, 6            : IntAlu :  D=0x0000000000000002  flags=(IsInteger)
1293039: board.processor.cores.core: A0 T0 : 0x20a3c @_int_malloc+788    : c_sdsp a5, 96(sp)          : MemWrite :  D=0x000000000000005b A=0x7ffffffffffffbc0  flags=(IsInteger|IsStore)
1293705: board.processor.cores.core: A0 T0 : 0x20a3e @_int_malloc+790    : addiw a5, s10, 48          : IntAlu :  D=0x0000000000000032  flags=(IsInteger)
1294038: board.processor.cores.core: A0 T0 : 0x20a42 @_int_malloc+794    : c_sdsp a5, 88(sp)          : MemWrite :  D=0x0000000000000032 A=0x7ffffffffffffbb8  flags=(IsInteger|IsStore)
1294371: board.processor.cores.core: A0 T0 : 0x20a44 @_int_malloc+796    : addi a5, ft0, 110          : IntAlu :  D=0x000000000000006e  flags=(IsInteger)
1294704: board.processor.cores.core: A0 T0 : 0x20a48 @_int_malloc+800    : c_sdsp a5, 136(sp)         : MemWrite :  D=0x000000000000006e A=0x7ffffffffffffbe8  flags=(IsInteger|IsStore)
1295370: board.processor.cores.core: A0 T0 : 0x20a4a @_int_malloc+802    : addi a5, ft0, 119          : IntAlu :  D=0x0000000000000077  flags=(IsInteger)
1295703: board.processor.cores.core: A0 T0 : 0x20a4e @_int_malloc+806    : c_sdsp a5, 112(sp)         : MemWrite :  D=0x0000000000000077 A=0x7ffffffffffffbd0  flags=(IsInteger|IsStore)
1296036: board.processor.cores.core: A0 T0 : 0x20a50 @_int_malloc+808    : addi a5, ft0, 124          : IntAlu :  D=0x000000000000007c  flags=(IsInteger)
1296369: board.processor.cores.core: A0 T0 : 0x20a54 @_int_malloc+812    : c_sdsp s9, 8(sp)           : MemWrite :  D=0x000000000000000b A=0x7ffffffffffffb68  flags=(IsInteger|IsStore)
1296702: board.processor.cores.core: A0 T0 : 0x20a56 @_int_malloc+814    : c_sdsp a5, 120(sp)         : MemWrite :  D=0x000000000000007c A=0x7ffffffffffffbd8  flags=(IsInteger|IsStore)
1297035: board.processor.cores.core: A0 T0 : 0x20a58 @_int_malloc+816    : c_sdsp ft0, 104(sp)        : MemWrite :  D=0x0000000000000000 A=0x7ffffffffffffbc8  flags=(IsInteger|IsStore)
1297368: board.processor.cores.core: A0 T0 : 0x20a5a @_int_malloc+818    : c_sdsp ft0, 128(sp)        : MemWrite :  D=0x0000000000000000 A=0x7ffffffffffffbe0  flags=(IsInteger|IsStore)
1297701: board.processor.cores.core: A0 T0 : 0x20a5c @_int_malloc+820    : ld a5, 40(tp)              : MemRead :  D=0x0000000000073b40 A=0x737c8  flags=(IsInteger|IsLoad)
1298034: board.processor.cores.core: A0 T0 : 0x20a60 @_int_malloc+824    : addi s6, s0, -17           : IntAlu :  D=0x000000000000009f  flags=(IsInteger)
1298367: board.processor.cores.core: A0 T0 : 0x20a64 @_int_malloc+828    : srli s6, s6, 4             : IntAlu :  D=0x0000000000000009  flags=(IsInteger)
1298700: board.processor.cores.core: A0 T0 : 0x20a68 @_int_malloc+832    : c_li s5, 0                 : IntAlu :  D=0x0000000000000000  flags=(IsInteger)
1299033: board.processor.cores.core: A0 T0 : 0x20a6a @_int_malloc+834    : c_beqz a5, 22              : IntAlu :   flags=(IsInteger|IsControl|IsDirectControl|IsCondControl)
1299366: board.processor.cores.core: A0 T0 : 0x20a6c @_int_malloc+836    : lui a5, 111                : IntAlu :  D=0x000000000006f000  flags=(IsInteger)
1299699: board.processor.cores.core: A0 T0 : 0x20a70 @_int_malloc+840    : ld s5, 1448(a5)            : MemRead :  D=0x0000000000000040 A=0x6f5a8  flags=(IsInteger|IsLoad)
1300032: board.processor.cores.core: A0 T0 : 0x20a74 @_int_malloc+844    : sltu s5, s6, s5            : IntAlu :  D=0x0000000000000001  flags=(IsInteger)
1300365: board.processor.cores.core: A0 T0 : 0x20a78 @_int_malloc+848    : sub s5, ft0, s5            : IntAlu :  D=0xffffffffffffffff  flags=(IsInteger)
1300698: board.processor.cores.core: A0 T0 : 0x20a7c @_int_malloc+852    : and s5, s0, s5             : IntAlu :  D=0x00000000000000b0  flags=(IsInteger)
1301031: board.processor.cores.core: A0 T0 : 0x20a80 @_int_malloc+856    : lui a5, 111                : IntAlu :  D=0x000000000006f000  flags=(IsInteger)
1301364: board.processor.cores.core: A0 T0 : 0x20a84 @_int_malloc+860    : c_lui s11, 1               : IntAlu :  D=0x0000000000001000  flags=(IsInteger)
1302030: board.processor.cores.core: A0 T0 : 0x20a86 @_int_malloc+862    : lui s7, 111                : IntAlu :  D=0x000000000006f000  flags=(IsInteger)
1302696: board.processor.cores.core: A0 T0 : 0x20a8a @_int_malloc+866    : addi a5, a5, 1480          : IntAlu :  D=0x000000000006f5c8  flags=(IsInteger)
1303362: board.processor.cores.core: A0 T0 : 0x20a8e @_int_malloc+870    : addi s8, s1, 96            : IntAlu :  D=0x000000000006f628  flags=(IsInteger)
1303695: board.processor.cores.core: A0 T0 : 0x20a92 @_int_malloc+874    : c_li t5, 0                 : IntAlu :  D=0x0000000000000000  flags=(IsInteger)
1304028: board.processor.cores.core: A0 T0 : 0x20a94 @_int_malloc+876    : addi s7, s7, 1368          : IntAlu :  D=0x000000000006f558  flags=(IsInteger)
1304361: board.processor.cores.core: A0 T0 : 0x20a98 @_int_malloc+880    : add a7, s1, s11            : IntAlu :  D=0x00000000000705c8  flags=(IsInteger)
1304694: board.processor.cores.core: A0 T0 : 0x20a9c @_int_malloc+884    : c_sdsp a5, 64(sp)          : MemWrite :  D=0x000000000006f5c8 A=0x7ffffffffffffba0  flags=(IsInteger|IsStore)
1305027: board.processor.cores.core: A0 T0 : 0x20a9e @_int_malloc+886    : c_ld a5, 120(s1)           : MemRead :  D=0x000000000006f628 A=0x6f640  flags=(IsInteger|IsLoad)
1305360: board.processor.cores.core: A0 T0 : 0x20aa0 @_int_malloc+888    : beq a5, s8, 582            : IntAlu :   flags=(IsInteger|IsControl|IsDirectControl|IsCondControl)
1306026: board.processor.cores.core: A0 T0 : 0x20ce6 @_int_malloc+1470    : addi a5, ft0, 1023         : IntAlu :  D=0x00000000000003ff  flags=(IsInteger)
1306692: board.processor.cores.core: A0 T0 : 0x20cea @_int_malloc+1474    : bgeu a5, s0, 34            : IntAlu :   flags=(IsInteger|IsControl|IsDirectControl|IsCondControl)
1307025: board.processor.cores.core: A0 T0 : 0x20d0c @_int_malloc+1508    : c_ldsp a3, 8(sp)           : MemRead :  D=0x000000000000000b A=0x7ffffffffffffb68  flags=(IsInteger|IsLoad)
1307358: board.processor.cores.core: A0 T0 : 0x20d0e @_int_malloc+1510    : c_li a0, 4                 : IntAlu :  D=0x0000000000000004  flags=(IsInteger)
1307691: board.processor.cores.core: A0 T0 : 0x20d10 @_int_malloc+1512    : addiw a4, a3, 1            : IntAlu :  D=0x000000000000000c  flags=(IsInteger)
1308024: board.processor.cores.core: A0 T0 : 0x20d14 @_int_malloc+1516    : slliw a3, a3, 1            : IntAlu :  D=0x0000000000000016  flags=(IsInteger)
1308357: board.processor.cores.core: A0 T0 : 0x20d18 @_int_malloc+1520    : srliw a5, a4, 5            : IntAlu :  D=0x0000000000000000  flags=(IsInteger)
1308690: board.processor.cores.core: A0 T0 : 0x20d1c @_int_malloc+1524    : c_addiw a3, 14             : IntAlu :  D=0x0000000000000024  flags=(IsInteger)
1309356: board.processor.cores.core: A0 T0 : 0x20d1e @_int_malloc+1526    : addi a5, a5, 536           : IntAlu :  D=0x0000000000000218  flags=(IsInteger)
1309689: board.processor.cores.core: A0 T0 : 0x20d22 @_int_malloc+1530    : c_slli a3, 32              : IntAlu :  D=0x0000002400000000  flags=(IsInteger)
1310022: board.processor.cores.core: A0 T0 : 0x20d24 @_int_malloc+1532    : c_slli a5, 2               : IntAlu :  D=0x0000000000000860  flags=(IsInteger)
1310355: board.processor.cores.core: A0 T0 : 0x20d26 @_int_malloc+1534    : c_srli a3, 32              : IntAlu :  D=0x0000000000000024  flags=(IsInteger)
1310688: board.processor.cores.core: A0 T0 : 0x20d28 @_int_malloc+1536    : c_add a5, s1               : IntAlu :  D=0x000000000006fe28  flags=(IsInteger)
1311021: board.processor.cores.core: A0 T0 : 0x20d2a @_int_malloc+1538    : c_slli a3, 3               : IntAlu :  D=0x0000000000000120  flags=(IsInteger)
1311354: board.processor.cores.core: A0 T0 : 0x20d2c @_int_malloc+1540    : c_lw a2, 0(a5)             : MemRead :  D=0x0000000000000000 A=0x6fe28  flags=(IsInteger|IsLoad)
1311687: board.processor.cores.core: A0 T0 : 0x20d2e @_int_malloc+1542    : c_addi a3, -16             : IntAlu :  D=0x0000000000000110  flags=(IsInteger)
1312020: board.processor.cores.core: A0 T0 : 0x20d30 @_int_malloc+1544    : c_li a5, 1                 : IntAlu :  D=0x0000000000000001  flags=(IsInteger)
1312353: board.processor.cores.core: A0 T0 : 0x20d32 @_int_malloc+1546    : c_add a3, s1               : IntAlu :  D=0x000000000006f6d8  flags=(IsInteger)
1312686: board.processor.cores.core: A0 T0 : 0x20d34 @_int_malloc+1548    : srliw s3, a4, 5            : IntAlu :  D=0x0000000000000000  flags=(IsInteger)
1313019: board.processor.cores.core: A0 T0 : 0x20d38 @_int_malloc+1552    : sllw a5, a5, a4            : IntAlu :  D=0x0000000000001000  flags=(IsInteger)
1313352: board.processor.cores.core: A0 T0 : 0x20d3c @_int_malloc+1556    : bltu a2, a5, 162           : IntAlu :   flags=(IsInteger|IsControl|IsDirectControl|IsCondControl)
1314018: board.processor.cores.core: A0 T0 : 0x20dde @_int_malloc+1718    : addiw a5, s3, 1            : IntAlu :  D=0x0000000000000001  flags=(IsInteger)
1314684: board.processor.cores.core: A0 T0 : 0x20de2 @_int_malloc+1722    : addiw s3, a5, 0            : IntAlu :  D=0x0000000000000001  flags=(IsInteger)
1315350: board.processor.cores.core: A0 T0 : 0x20de6 @_int_malloc+1726    : bne s3, a0, -26            : IntAlu :   flags=(IsInteger|IsControl|IsDirectControl|IsCondControl)
1315683: board.processor.cores.core: A0 T0 : 0x20dcc @_int_malloc+1700    : c_slli a5, 32              : IntAlu :  D=0x0000000100000000  flags=(IsInteger)
1316016: board.processor.cores.core: A0 T0 : 0x20dce @_int_malloc+1702    : c_srli a5, 32              : IntAlu :  D=0x0000000000000001  flags=(IsInteger)
1316349: board.processor.cores.core: A0 T0 : 0x20dd0 @_int_malloc+1704    : addi a5, a5, 536           : IntAlu :  D=0x0000000000000219  flags=(IsInteger)
1316682: board.processor.cores.core: A0 T0 : 0x20dd4 @_int_malloc+1708    : c_slli a5, 2               : IntAlu :  D=0x0000000000000864  flags=(IsInteger)
1317015: board.processor.cores.core: A0 T0 : 0x20dd6 @_int_malloc+1710    : c_add a5, s1               : IntAlu :  D=0x000000000006fe2c  flags=(IsInteger)
1317348: board.processor.cores.core: A0 T0 : 0x20dd8 @_int_malloc+1712    : c_lw a2, 0(a5)             : MemRead :  D=0x0000000000000000 A=0x6fe2c  flags=(IsInteger|IsLoad)
1318014: board.processor.cores.core: A0 T0 : 0x20dda @_int_malloc+1714    : bne a2, ft0, 386           : IntAlu :   flags=(IsInteger|IsControl|IsDirectControl|IsCondControl)
1318680: board.processor.cores.core: A0 T0 : 0x20dde @_int_malloc+1718    : addiw a5, s3, 1            : IntAlu :  D=0x0000000000000002  flags=(IsInteger)
1319346: board.processor.cores.core: A0 T0 : 0x20de2 @_int_malloc+1722    : addiw s3, a5, 0            : IntAlu :  D=0x0000000000000002  flags=(IsInteger)
1320012: board.processor.cores.core: A0 T0 : 0x20de6 @_int_malloc+1726    : bne s3, a0, -26            : IntAlu :   flags=(IsInteger|IsControl|IsDirectControl|IsCondControl)
1320345: board.processor.cores.core: A0 T0 : 0x20dcc @_int_malloc+1700    : c_slli a5, 32              : IntAlu :  D=0x0000000200000000  flags=(IsInteger)
1320678: board.processor.cores.core: A0 T0 : 0x20dce @_int_malloc+1702    : c_srli a5, 32              : IntAlu :  D=0x0000000000000002  flags=(IsInteger)
1321011: board.processor.cores.core: A0 T0 : 0x20dd0 @_int_malloc+1704    : addi a5, a5, 536           : IntAlu :  D=0x000000000000021a  flags=(IsInteger)
1321344: board.processor.cores.core: A0 T0 : 0x20dd4 @_int_malloc+1708    : c_slli a5, 2               : IntAlu :  D=0x0000000000000868  flags=(IsInteger)
1321677: board.processor.cores.core: A0 T0 : 0x20dd6 @_int_malloc+1710    : c_add a5, s1               : IntAlu :  D=0x000000000006fe30  flags=(IsInteger)
1322010: board.processor.cores.core: A0 T0 : 0x20dd8 @_int_malloc+1712    : c_lw a2, 0(a5)             : MemRead :  D=0x0000000000000000 A=0x6fe30  flags=(IsInteger|IsLoad)
1322676: board.processor.cores.core: A0 T0 : 0x20dda @_int_malloc+1714    : bne a2, ft0, 386           : IntAlu :   flags=(IsInteger|IsControl|IsDirectControl|IsCondControl)
1323342: board.processor.cores.core: A0 T0 : 0x20dde @_int_malloc+1718    : addiw a5, s3, 1            : IntAlu :  D=0x0000000000000003  flags=(IsInteger)
1324008: board.processor.cores.core: A0 T0 : 0x20de2 @_int_malloc+1722    : addiw s3, a5, 0            : IntAlu :  D=0x0000000000000003  flags=(IsInteger)
1324674: board.processor.cores.core: A0 T0 : 0x20de6 @_int_malloc+1726    : bne s3, a0, -26            : IntAlu :   flags=(IsInteger|IsControl|IsDirectControl|IsCondControl)
1325007: board.processor.cores.core: A0 T0 : 0x20dcc @_int_malloc+1700    : c_slli a5, 32              : IntAlu :  D=0x0000000300000000  flags=(IsInteger)
1325340: board.processor.cores.core: A0 T0 : 0x20dce @_int_malloc+1702    : c_srli a5, 32              : IntAlu :  D=0x0000000000000003  flags=(IsInteger)
1325673: board.processor.cores.core: A0 T0 : 0x20dd0 @_int_malloc+1704    : addi a5, a5, 536           : IntAlu :  D=0x000000000000021b  flags=(IsInteger)
1326006: board.processor.cores.core: A0 T0 : 0x20dd4 @_int_malloc+1708    : c_slli a5, 2               : IntAlu :  D=0x000000000000086c  flags=(IsInteger)
1326339: board.processor.cores.core: A0 T0 : 0x20dd6 @_int_malloc+1710    : c_add a5, s1               : IntAlu :  D=0x000000000006fe34  flags=(IsInteger)
1326672: board.processor.cores.core: A0 T0 : 0x20dd8 @_int_malloc+1712    : c_lw a2, 0(a5)             : MemRead :  D=0x0000000000000000 A=0x6fe34  flags=(IsInteger|IsLoad)
1327338: board.processor.cores.core: A0 T0 : 0x20dda @_int_malloc+1714    : bne a2, ft0, 386           : IntAlu :   flags=(IsInteger|IsControl|IsDirectControl|IsCondControl)
1328004: board.processor.cores.core: A0 T0 : 0x20dde @_int_malloc+1718    : addiw a5, s3, 1            : IntAlu :  D=0x0000000000000004  flags=(IsInteger)
1328670: board.processor.cores.core: A0 T0 : 0x20de2 @_int_malloc+1722    : addiw s3, a5, 0            : IntAlu :  D=0x0000000000000004  flags=(IsInteger)
1329336: board.processor.cores.core: A0 T0 : 0x20de6 @_int_malloc+1726    : bne s3, a0, -26            : IntAlu :   flags=(IsInteger|IsControl|IsDirectControl|IsCondControl)
1329669: board.processor.cores.core: A0 T0 : 0x20dea @_int_malloc+1730    : c_ld a4, 96(s1)            : MemRead :  D=0x0000000000073e60 A=0x6f628  flags=(IsInteger|IsLoad)
1330002: board.processor.cores.core: A0 T0 : 0x20dec @_int_malloc+1732    : ld a3, -1912(a7)           : MemRead :  D=0x00000000000214d0 A=0x6fe50  flags=(IsInteger|IsLoad)
1330335: board.processor.cores.core: A0 T0 : 0x20df0 @_int_malloc+1736    : c_ld a5, 8(a4)             : MemRead :  D=0x00000000000211a1 A=0x73e68  flags=(IsInteger|IsLoad)
1330668: board.processor.cores.core: A0 T0 : 0x20df2 @_int_malloc+1738    : c_andi a5, 18446744073709551608 : IntAlu :  D=0x00000000000211a0  flags=(IsInteger)
1331001: board.processor.cores.core: A0 T0 : 0x20df4 @_int_malloc+1740    : bltu a3, a5, 552           : IntAlu :   flags=(IsInteger|IsControl|IsDirectControl|IsCondControl)
1331334: board.processor.cores.core: A0 T0 : 0x20df8 @_int_malloc+1744    : addi a3, s0, 32            : IntAlu :  D=0x00000000000000d0  flags=(IsInteger)
1331667: board.processor.cores.core: A0 T0 : 0x20dfc @_int_malloc+1748    : bgeu a5, a3, 692           : IntAlu :   flags=(IsInteger|IsControl|IsDirectControl|IsCondControl)
1332000: board.processor.cores.core: A0 T0 : 0x210b0 @_int_malloc+2440    : lui a3, 111                : IntAlu :  D=0x000000000006f000  flags=(IsInteger)
1332333: board.processor.cores.core: A0 T0 : 0x210b4 @_int_malloc+2444    : addi a3, a3, 1480          : IntAlu :  D=0x000000000006f5c8  flags=(IsInteger)
1332666: board.processor.cores.core: A0 T0 : 0x210b8 @_int_malloc+2448    : sub a3, s1, a3             : IntAlu :  D=0x0000000000000000  flags=(IsInteger)
1332999: board.processor.cores.core: A0 T0 : 0x210bc @_int_malloc+2452    : sltu a3, ft0, a3           : IntAlu :  D=0x0000000000000000  flags=(IsInteger)
1333332: board.processor.cores.core: A0 T0 : 0x210c0 @_int_malloc+2456    : c_slli a3, 2               : IntAlu :  D=0x0000000000000000  flags=(IsInteger)
1333998: board.processor.cores.core: A0 T0 : 0x210c2 @_int_malloc+2458    : add a2, a4, s0             : IntAlu :  D=0x0000000000073f10  flags=(IsInteger)
1334331: board.processor.cores.core: A0 T0 : 0x210c6 @_int_malloc+2462    : c_or a3, s0                : IntAlu :  D=0x00000000000000b0  flags=(IsInteger)
1334664: board.processor.cores.core: A0 T0 : 0x210c8 @_int_malloc+2464    : c_sd a2, 96(s1)            : MemWrite :  D=0x0000000000073f10 A=0x6f628  flags=(IsInteger|IsStore)
1335330: board.processor.cores.core: A0 T0 : 0x210ca @_int_malloc+2466    : ori a3, a3, 1              : IntAlu :  D=0x00000000000000b1  flags=(IsInteger)
1335663: board.processor.cores.core: A0 T0 : 0x210ce @_int_malloc+2470    : c_sub a5, s0               : IntAlu :  D=0x00000000000210f0  flags=(IsInteger)
1335996: board.processor.cores.core: A0 T0 : 0x210d0 @_int_malloc+2472    : c_sd a3, 8(a4)             : MemWrite :  D=0x00000000000000b1 A=0x73e68  flags=(IsInteger|IsStore)
1336662: board.processor.cores.core: A0 T0 : 0x210d2 @_int_malloc+2474    : ori a5, a5, 1              : IntAlu :  D=0x00000000000210f1  flags=(IsInteger)
1337328: board.processor.cores.core: A0 T0 : 0x210d6 @_int_malloc+2478    : addi s3, a4, 16            : IntAlu :  D=0x0000000000073e70  flags=(IsInteger)
1337661: board.processor.cores.core: A0 T0 : 0x210da @_int_malloc+2482    : c_sd a5, 8(a2)             : MemWrite :  D=0x00000000000210f1 A=0x73f18  flags=(IsInteger|IsStore)
1337994: board.processor.cores.core: A0 T0 : 0x210dc @_int_malloc+2484    : c_mv a1, s2                : IntAlu :  D=0x00000000000000a0  flags=(IsInteger)
1338327: board.processor.cores.core: A0 T0 : 0x210de @_int_malloc+2486    : c_mv a0, s3                : IntAlu :  D=0x0000000000073e70  flags=(IsInteger)
1338660: board.processor.cores.core: A0 T0 : 0x210e0 @_int_malloc+2488    : jal ra, -9560              : IntAlu :  D=0x00000000000210e4  flags=(IsInteger|IsControl|IsDirectControl|IsUncondControl|IsCall)
1338993: board.processor.cores.core: A0 T0 : 0x1eb88 @alloc_perturb    : lw a5, -1284(gp)           : MemRead :  D=0x0000000000000000 A=0x70bc4  flags=(IsInteger|IsLoad)
1339326: board.processor.cores.core: A0 T0 : 0x1eb8c @alloc_perturb+4    : c_bnez a5, 4               : IntAlu :   flags=(IsInteger|IsControl|IsDirectControl|IsCondControl)
1339659: board.processor.cores.core: A0 T0 : 0x1eb8e @alloc_perturb+6    : c_jr ra                    : IntAlu :   flags=(IsInteger|IsControl|IsIndirectControl|IsUncondControl|IsReturn)
1339992: board.processor.cores.core: A0 T0 : 0x210e4 @_int_malloc+2492    : c_j -1288                  : IntAlu :   flags=(IsControl|IsDirectControl|IsUncondControl)
1340325: board.processor.cores.core: A0 T0 : 0x20bdc @_int_malloc+1204    : c_ldsp ra, 248(sp)         : MemRead :  D=0x0000000000021bb0 A=0x7ffffffffffffc58  flags=(IsInteger|IsLoad)
1340658: board.processor.cores.core: A0 T0 : 0x20bde @_int_malloc+1206    : c_ldsp s0, 240(sp)         : MemRead :  D=0x00000000000000a0 A=0x7ffffffffffffc50  flags=(IsInteger|IsLoad)
1340991: board.processor.cores.core: A0 T0 : 0x20be0 @_int_malloc+1208    : c_ldsp s1, 232(sp)         : MemRead :  D=0x000000000006f000 A=0x7ffffffffffffc48  flags=(IsInteger|IsLoad)
1341324: board.processor.cores.core: A0 T0 : 0x20be2 @_int_malloc+1210    : c_ldsp s2, 224(sp)         : MemRead :  D=0x000000000004fba8 A=0x7ffffffffffffc40  flags=(IsInteger|IsLoad)
1341657: board.processor.cores.core: A0 T0 : 0x20be4 @_int_malloc+1212    : c_ldsp s4, 208(sp)         : MemRead :  D=0x0000000000000000 A=0x7ffffffffffffc30  flags=(IsInteger|IsLoad)
1341990: board.processor.cores.core: A0 T0 : 0x20be6 @_int_malloc+1214    : c_ldsp s5, 200(sp)         : MemRead :  D=0x00000000ffffffff A=0x7ffffffffffffc28  flags=(IsInteger|IsLoad)
1342323: board.processor.cores.core: A0 T0 : 0x20be8 @_int_malloc+1216    : c_ldsp s6, 192(sp)         : MemRead :  D=0x000000000000003a A=0x7ffffffffffffc20  flags=(IsInteger|IsLoad)
1342656: board.processor.cores.core: A0 T0 : 0x20bea @_int_malloc+1218    : c_ldsp s7, 184(sp)         : MemRead :  D=0x000000000006ef98 A=0x7ffffffffffffc18  flags=(IsInteger|IsLoad)
1342989: board.processor.cores.core: A0 T0 : 0x20bec @_int_malloc+1220    : c_ldsp s8, 176(sp)         : MemRead :  D=0x0000000000050000 A=0x7ffffffffffffc10  flags=(IsInteger|IsLoad)
1343322: board.processor.cores.core: A0 T0 : 0x20bee @_int_malloc+1222    : c_ldsp s9, 168(sp)         : MemRead :  D=0x0000000000000000 A=0x7ffffffffffffc08  flags=(IsInteger|IsLoad)
1343655: board.processor.cores.core: A0 T0 : 0x20bf0 @_int_malloc+1224    : c_ldsp s10, 160(sp)        : MemRead :  D=0x0000000000000000 A=0x7ffffffffffffc00  flags=(IsInteger|IsLoad)
1343988: board.processor.cores.core: A0 T0 : 0x20bf2 @_int_malloc+1226    : c_ldsp s11, 152(sp)        : MemRead :  D=0x0000000000000000 A=0x7ffffffffffffbf8  flags=(IsInteger|IsLoad)
1344321: board.processor.cores.core: A0 T0 : 0x20bf4 @_int_malloc+1228    : c_mv a0, s3                : IntAlu :  D=0x0000000000073e70  flags=(IsInteger)
1344654: board.processor.cores.core: A0 T0 : 0x20bf6 @_int_malloc+1230    : c_ldsp s3, 216(sp)         : MemRead :  D=0x000000000006efd8 A=0x7ffffffffffffc38  flags=(IsInteger|IsLoad)
1344987: board.processor.cores.core: A0 T0 : 0x20bf8 @_int_malloc+1232    : c_addi16sp sp, 256         : IntAlu :  D=0x7ffffffffffffc60  flags=(IsInteger)
1345320: board.processor.cores.core: A0 T0 : 0x20bfa @_int_malloc+1234    : c_jr ra                    : IntAlu :   flags=(IsInteger|IsControl|IsIndirectControl|IsUncondControl|IsReturn)
1345653: board.processor.cores.core: A0 T0 : 0x21bb0 @__libc_malloc+74    : c_mv a4, a0                : IntAlu :  D=0x0000000000073e70  flags=(IsInteger)
1345986: board.processor.cores.core: A0 T0 : 0x21bb2 @__libc_malloc+76    : c_beqz a0, 218             : IntAlu :   flags=(IsInteger|IsControl|IsDirectControl|IsCondControl)
1346319: board.processor.cores.core: A0 T0 : 0x21bb4 @__libc_malloc+78    : ld a5, -8(a0)              : MemRead :  D=0x00000000000000b1 A=0x73e68  flags=(IsInteger|IsLoad)
1346652: board.processor.cores.core: A0 T0 : 0x21bb8 @__libc_malloc+82    : andi a3, a5, 2             : IntAlu :  D=0x0000000000000000  flags=(IsInteger)
1346985: board.processor.cores.core: A0 T0 : 0x21bbc @__libc_malloc+86    : c_bnez a3, 26              : IntAlu :   flags=(IsInteger|IsControl|IsDirectControl|IsCondControl)
1347318: board.processor.cores.core: A0 T0 : 0x21bbe @__libc_malloc+88    : c_andi a5, 4               : IntAlu :  D=0x0000000000000000  flags=(IsInteger)
1347651: board.processor.cores.core: A0 T0 : 0x21bc0 @__libc_malloc+90    : c_beqz a5, 22              : IntAlu :   flags=(IsInteger|IsControl|IsDirectControl|IsCondControl)
1347984: board.processor.cores.core: A0 T0 : 0x21bd6 @__libc_malloc+112    : c_ldsp ra, 24(sp)          : MemRead :  D=0x000000000003c7b4 A=0x7ffffffffffffc78  flags=(IsInteger|IsLoad)
1348317: board.processor.cores.core: A0 T0 : 0x21bd8 @__libc_malloc+114    : c_ldsp s0, 16(sp)          : MemRead :  D=0x7ffffffffffffcb0 A=0x7ffffffffffffc70  flags=(IsInteger|IsLoad)
1348650: board.processor.cores.core: A0 T0 : 0x21bda @__libc_malloc+116    : c_ldsp s1, 8(sp)           : MemRead :  D=0x0000000000073e50 A=0x7ffffffffffffc68  flags=(IsInteger|IsLoad)
1348983: board.processor.cores.core: A0 T0 : 0x21bdc @__libc_malloc+118    : c_ldsp s2, 0(sp)           : MemRead :  D=0x000000000004fba8 A=0x7ffffffffffffc60  flags=(IsInteger|IsLoad)
1349316: board.processor.cores.core: A0 T0 : 0x21bde @__libc_malloc+120    : c_mv a0, a4                : IntAlu :  D=0x0000000000073e70  flags=(IsInteger)
1349649: board.processor.cores.core: A0 T0 : 0x21be0 @__libc_malloc+122    : c_addi16sp sp, 32          : IntAlu :  D=0x7ffffffffffffc80  flags=(IsInteger)
1349982: board.processor.cores.core: A0 T0 : 0x21be2 @__libc_malloc+124    : c_jr ra                    : IntAlu :   flags=(IsInteger|IsControl|IsIndirectControl|IsUncondControl|IsReturn)
1350315: board.processor.cores.core: A0 T0 : 0x3c7b4 @_dl_init_paths+52    : c_sd a0, 0(s1)             : MemWrite :  D=0x0000000000073e70 A=0x73e50  flags=(IsInteger|IsStore)
1350648: board.processor.cores.core: A0 T0 : 0x3c7b6 @_dl_init_paths+54    : c_mv a5, a0                : IntAlu :  D=0x0000000000073e70  flags=(IsInteger)
1350981: board.processor.cores.core: A0 T0 : 0x3c7b8 @_dl_init_paths+56    : beq a0, ft0, 264           : IntAlu :   flags=(IsInteger|IsControl|IsDirectControl|IsCondControl)
1351314: board.processor.cores.core: A0 T0 : 0x3c7bc @_dl_init_paths+60    : lui a3, 98                 : IntAlu :  D=0x0000000000062000  flags=(IsInteger)
1351647: board.processor.cores.core: A0 T0 : 0x3c7c0 @_dl_init_paths+64    : addi a3, a3, 632           : IntAlu :  D=0x0000000000062278  flags=(IsInteger)
1351980: board.processor.cores.core: A0 T0 : 0x3c7c4 @_dl_init_paths+68    : lui a4, 98                 : IntAlu :  D=0x0000000000062000  flags=(IsInteger)
1352313: board.processor.cores.core: A0 T0 : 0x3c7c8 @_dl_init_paths+72    : addi a1, a0, 80            : IntAlu :  D=0x0000000000073ec0  flags=(IsInteger)
1352646: board.processor.cores.core: A0 T0 : 0x3c7cc @_dl_init_paths+76    : addi a4, a4, -744          : IntAlu :  D=0x0000000000061d18  flags=(IsInteger)
1352979: board.processor.cores.core: A0 T0 : 0x3c7d0 @_dl_init_paths+80    : c_li a2, 9                 : IntAlu :  D=0x0000000000000009  flags=(IsInteger)
1353645: board.processor.cores.core: A0 T0 : 0x3c7d2 @_dl_init_paths+82    : addi a0, a3, 6             : IntAlu :  D=0x000000000006227e  flags=(IsInteger)
1353978: board.processor.cores.core: A0 T0 : 0x3c7d6 @_dl_init_paths+86    : c_sd a3, 24(a5)            : MemWrite :  D=0x0000000000062278 A=0x73e88  flags=(IsInteger|IsStore)
1354311: board.processor.cores.core: A0 T0 : 0x3c7d8 @_dl_init_paths+88    : c_li a3, 5                 : IntAlu :  D=0x0000000000000005  flags=(IsInteger)
1354977: board.processor.cores.core: A0 T0 : 0x3c7da @_dl_init_paths+90    : sd a5, -1120(gp)           : MemWrite :  D=0x0000000000073e70 A=0x70c68  flags=(IsInteger|IsStore)
1355310: board.processor.cores.core: A0 T0 : 0x3c7de @_dl_init_paths+94    : c_sd a4, 8(a5)             : MemWrite :  D=0x0000000000061d18 A=0x73e78  flags=(IsInteger|IsStore)
1355643: board.processor.cores.core: A0 T0 : 0x3c7e0 @_dl_init_paths+96    : sd ft0, 16(a5)             : MemWrite :  D=0x0000000000000000 A=0x73e80  flags=(IsInteger|IsStore)
1355976: board.processor.cores.core: A0 T0 : 0x3c7e4 @_dl_init_paths+100    : c_sd a3, 32(a5)            : MemWrite :  D=0x0000000000000005 A=0x73e90  flags=(IsInteger|IsStore)
1356642: board.processor.cores.core: A0 T0 : 0x3c7e6 @_dl_init_paths+102    : sw ft0, 40(a5)             : MemWrite :  D=0x0000000000000000 A=0x73e98  flags=(IsInteger|IsStore)
1356975: board.processor.cores.core: A0 T0 : 0x3c7ea @_dl_init_paths+106    : c_sd a1, 0(a5)             : MemWrite :  D=0x0000000000073ec0 A=0x73e70  flags=(IsInteger|IsStore)
1357308: board.processor.cores.core: A0 T0 : 0x3c7ec @_dl_init_paths+108    : c_sd a4, 88(a5)            : MemWrite :  D=0x0000000000061d18 A=0x73ec8  flags=(IsInteger|IsStore)
1357974: board.processor.cores.core: A0 T0 : 0x3c7ee @_dl_init_paths+110    : sd ft0, 96(a5)             : MemWrite :  D=0x0000000000000000 A=0x73ed0  flags=(IsInteger|IsStore)
1358307: board.processor.cores.core: A0 T0 : 0x3c7f2 @_dl_init_paths+114    : c_sd a0, 104(a5)           : MemWrite :  D=0x000000000006227e A=0x73ed8  flags=(IsInteger|IsStore)
1358640: board.processor.cores.core: A0 T0 : 0x3c7f4 @_dl_init_paths+116    : c_sd a2, 112(a5)           : MemWrite :  D=0x0000000000000009 A=0x73ee0  flags=(IsInteger|IsStore)
1359306: board.processor.cores.core: A0 T0 : 0x3c7f6 @_dl_init_paths+118    : sw ft0, 120(a5)            : MemWrite :  D=0x0000000000000000 A=0x73ee8  flags=(IsInteger|IsStore)
1359972: board.processor.cores.core: A0 T0 : 0x3c7fa @_dl_init_paths+122    : sd ft0, 80(a5)             : MemWrite :  D=0x0000000000000000 A=0x73ec0  flags=(IsInteger|IsStore)
1360638: board.processor.cores.core: A0 T0 : 0x3c7fe @_dl_init_paths+126    : sw ft0, 8(s3)              : MemWrite :  D=0x0000000000000000 A=0x6efe0  flags=(IsInteger|IsStore)
1360971: board.processor.cores.core: A0 T0 : 0x3c802 @_dl_init_paths+130    : c_sd a1, 8(s1)             : MemWrite :  D=0x0000000000073ec0 A=0x73e58  flags=(IsInteger|IsStore)
1361304: board.processor.cores.core: A0 T0 : 0x3c804 @_dl_init_paths+132    : sd a2, -808(gp)            : MemWrite :  D=0x0000000000000009 A=0x70da0  flags=(IsInteger|IsStore)
1361637: board.processor.cores.core: A0 T0 : 0x3c808 @_dl_init_paths+136    : sd ft0, 16(s1)             : MemWrite :  D=0x0000000000000000 A=0x73e60  flags=(IsInteger|IsStore)
1361970: board.processor.cores.core: A0 T0 : 0x3c80c @_dl_init_paths+140    : beq s4, ft0, 10            : IntAlu :   flags=(IsInteger|IsControl|IsDirectControl|IsCondControl)
1362303: board.processor.cores.core: A0 T0 : 0x3c816 @_dl_init_paths+150    : c_li a5, -1                : IntAlu :  D=0xffffffffffffffff  flags=(IsInteger)
1362636: board.processor.cores.core: A0 T0 : 0x3c818 @_dl_init_paths+152    : sd a5, 16(s3)              : MemWrite :  D=0xffffffffffffffff A=0x6efe8  flags=(IsInteger|IsStore)
1362969: board.processor.cores.core: A0 T0 : 0x3c81c @_dl_init_paths+156    : addi sp, s0, -48           : IntAlu :  D=0x7ffffffffffffc80  flags=(IsInteger)
1363302: board.processor.cores.core: A0 T0 : 0x3c820 @_dl_init_paths+160    : c_ldsp ra, 40(sp)          : MemRead :  D=0x0000000000027c74 A=0x7ffffffffffffca8  flags=(IsInteger|IsLoad)
1363635: board.processor.cores.core: A0 T0 : 0x3c822 @_dl_init_paths+162    : c_ldsp s0, 32(sp)          : MemRead :  D=0x000000000006fe60 A=0x7ffffffffffffca0  flags=(IsInteger|IsLoad)
1363968: board.processor.cores.core: A0 T0 : 0x3c824 @_dl_init_paths+164    : c_ldsp s1, 24(sp)          : MemRead :  D=0x0000000000000000 A=0x7ffffffffffffc98  flags=(IsInteger|IsLoad)
1364301: board.processor.cores.core: A0 T0 : 0x3c826 @_dl_init_paths+166    : c_ldsp s2, 16(sp)          : MemRead :  D=0x7fffffffffffff18 A=0x7ffffffffffffc90  flags=(IsInteger|IsLoad)
1364634: board.processor.cores.core: A0 T0 : 0x3c828 @_dl_init_paths+168    : c_ldsp s3, 8(sp)           : MemRead :  D=0x0000000000000000 A=0x7ffffffffffffc88  flags=(IsInteger|IsLoad)
1364967: board.processor.cores.core: A0 T0 : 0x3c82a @_dl_init_paths+170    : c_ldsp s4, 0(sp)           : MemRead :  D=0x0000000000070000 A=0x7ffffffffffffc80  flags=(IsInteger|IsLoad)
1365300: board.processor.cores.core: A0 T0 : 0x3c82c @_dl_init_paths+172    : c_addi16sp sp, 48          : IntAlu :  D=0x7ffffffffffffcb0  flags=(IsInteger)
1365633: board.processor.cores.core: A0 T0 : 0x3c82e @_dl_init_paths+174    : c_jr ra                    : IntAlu :   flags=(IsInteger|IsControl|IsIndirectControl|IsUncondControl|IsReturn)
1365966: board.processor.cores.core: A0 T0 : 0x27c74 @_dl_non_dynamic_init+1028    : ld a4, -1120(gp)           : MemRead :  D=0x0000000000073e70 A=0x70c68  flags=(IsInteger|IsLoad)
1366299: board.processor.cores.core: A0 T0 : 0x27c78 @_dl_non_dynamic_init+1032    : lui a0, 80                 : IntAlu :  D=0x0000000000050000  flags=(IsInteger)
1366632: board.processor.cores.core: A0 T0 : 0x27c7c @_dl_non_dynamic_init+1036    : addi a0, a0, -1096         : IntAlu :  D=0x000000000004fbb8  flags=(IsInteger)
1366965: board.processor.cores.core: A0 T0 : 0x27c80 @_dl_non_dynamic_init+1040    : sd a4, -1128(gp)           : MemWrite :  D=0x0000000000073e70 A=0x70c60  flags=(IsInteger|IsStore)
1367298: board.processor.cores.core: A0 T0 : 0x27c84 @_dl_non_dynamic_init+1044    : jal ra, -80228             : IntAlu :  D=0x0000000000027c88  flags=(IsInteger|IsControl|IsDirectControl|IsUncondControl|IsCall)
1367631: board.processor.cores.core: A0 T0 : 0x14320 @getenv    : c_addi16sp sp, -64         : IntAlu :  D=0x7ffffffffffffc70  flags=(IsInteger)
1367964: board.processor.cores.core: A0 T0 : 0x14322 @getenv+2    : c_sdsp s1, 40(sp)          : MemWrite :  D=0x0000000000000000 A=0x7ffffffffffffc98  flags=(IsInteger|IsStore)
1368297: board.processor.cores.core: A0 T0 : 0x14324 @getenv+4    : ld s1, -1232(gp)           : MemRead :  D=0x7fffffffffffff18 A=0x70bf8  flags=(IsInteger|IsLoad)
1368630: board.processor.cores.core: A0 T0 : 0x14328 @getenv+8    : c_sdsp ra, 56(sp)          : MemWrite :  D=0x0000000000027c88 A=0x7ffffffffffffca8  flags=(IsInteger|IsStore)
1368963: board.processor.cores.core: A0 T0 : 0x1432a @getenv+10    : c_sdsp s0, 48(sp)          : MemWrite :  D=0x000000000006fe60 A=0x7ffffffffffffca0  flags=(IsInteger|IsStore)
1369296: board.processor.cores.core: A0 T0 : 0x1432c @getenv+12    : c_sdsp s2, 32(sp)          : MemWrite :  D=0x7fffffffffffff18 A=0x7ffffffffffffc90  flags=(IsInteger|IsStore)
1369629: board.processor.cores.core: A0 T0 : 0x1432e @getenv+14    : c_sdsp s3, 24(sp)          : MemWrite :  D=0x0000000000000000 A=0x7ffffffffffffc88  flags=(IsInteger|IsStore)
1369962: board.processor.cores.core: A0 T0 : 0x14330 @getenv+16    : c_sdsp s4, 16(sp)          : MemWrite :  D=0x0000000000070000 A=0x7ffffffffffffc80  flags=(IsInteger|IsStore)
1370295: board.processor.cores.core: A0 T0 : 0x14332 @getenv+18    : c_sdsp s5, 8(sp)           : MemWrite :  D=0x00000000ffffffff A=0x7ffffffffffffc78  flags=(IsInteger|IsStore)
1370628: board.processor.cores.core: A0 T0 : 0x14334 @getenv+20    : c_sdsp s6, 0(sp)           : MemWrite :  D=0x000000000000003a A=0x7ffffffffffffc70  flags=(IsInteger|IsStore)
1370961: board.processor.cores.core: A0 T0 : 0x14336 @getenv+22    : c_beqz s1, 184             : IntAlu :   flags=(IsInteger|IsControl|IsDirectControl|IsCondControl)
1371294: board.processor.cores.core: A0 T0 : 0x14338 @getenv+24    : lbu s3, 0(a0)              : MemRead :  D=0x000000000000004c A=0x4fbb8  flags=(IsInteger|IsLoad)
1371627: board.processor.cores.core: A0 T0 : 0x1433c @getenv+28    : c_mv s4, a0                : IntAlu :  D=0x000000000004fbb8  flags=(IsInteger)
1372293: board.processor.cores.core: A0 T0 : 0x1433e @getenv+30    : beq s3, ft0, 176           : IntAlu :   flags=(IsInteger|IsControl|IsDirectControl|IsCondControl)
1372959: board.processor.cores.core: A0 T0 : 0x14342 @getenv+34    : lbu s2, 1(a0)              : MemRead :  D=0x0000000000000044 A=0x4fbb9  flags=(IsInteger|IsLoad)
1373625: board.processor.cores.core: A0 T0 : 0x14346 @getenv+38    : bne s2, ft0, 86            : IntAlu :   flags=(IsInteger|IsControl|IsDirectControl|IsCondControl)
1373958: board.processor.cores.core: A0 T0 : 0x1439c @getenv+124    : jal ra, 61060              : IntAlu :  D=0x00000000000143a0  flags=(IsInteger|IsControl|IsDirectControl|IsUncondControl|IsCall)
1374291: board.processor.cores.core: A0 T0 : 0x23220 @strlen    : andi a5, a0, 7             : IntAlu :  D=0x0000000000000000  flags=(IsInteger)
1374624: board.processor.cores.core: A0 T0 : 0x23224 @strlen+4    : c_beqz a5, 26              : IntAlu :   flags=(IsInteger|IsControl|IsDirectControl|IsCondControl)
1374957: board.processor.cores.core: A0 T0 : 0x2323e @strlen+30    : c_mv a5, a0                : IntAlu :  D=0x000000000004fbb8  flags=(IsInteger)
1375290: board.processor.cores.core: A0 T0 : 0x23240 @strlen+32    : ld a6, -2024(gp)           : MemRead :  D=0xfefefefefefefeff A=0x708e0  flags=(IsInteger|IsLoad)
1375623: board.processor.cores.core: A0 T0 : 0x23244 @strlen+36    : ld a1, -2016(gp)           : MemRead :  D=0x8080808080808080 A=0x708e8  flags=(IsInteger|IsLoad)
1375956: board.processor.cores.core: A0 T0 : 0x23248 @strlen+40    : c_ld a3, 0(a5)             : MemRead :  D=0x5f444e49425f444c A=0x4fbb8  flags=(IsInteger|IsLoad)
1376289: board.processor.cores.core: A0 T0 : 0x2324a @strlen+42    : c_mv a2, a5                : IntAlu :  D=0x000000000004fbb8  flags=(IsInteger)
1376622: board.processor.cores.core: A0 T0 : 0x2324c @strlen+44    : c_addi a5, 8               : IntAlu :  D=0x000000000004fbc0  flags=(IsInteger)
1377288: board.processor.cores.core: A0 T0 : 0x2324e @strlen+46    : add a4, a3, a6             : IntAlu :  D=0x5e434d48415e434b  flags=(IsInteger)
1377954: board.processor.cores.core: A0 T0 : 0x23252 @strlen+50    : xori a3, a3, 18446744073709551615 : IntAlu :  D=0xa0bbb1b6bda0bbb3  flags=(IsInteger)
1378287: board.processor.cores.core: A0 T0 : 0x23256 @strlen+54    : c_and a4, a3               : IntAlu :  D=0x0003010001000303  flags=(IsInteger)
1378620: board.processor.cores.core: A0 T0 : 0x23258 @strlen+56    : c_and a4, a1               : IntAlu :  D=0x0000000000000000  flags=(IsInteger)
1378953: board.processor.cores.core: A0 T0 : 0x2325a @strlen+58    : c_beqz a4, -18             : IntAlu :   flags=(IsInteger|IsControl|IsDirectControl|IsCondControl)
1379286: board.processor.cores.core: A0 T0 : 0x23248 @strlen+40    : c_ld a3, 0(a5)             : MemRead :  D=0x0000000000574f4e A=0x4fbc0  flags=(IsInteger|IsLoad)
1379619: board.processor.cores.core: A0 T0 : 0x2324a @strlen+42    : c_mv a2, a5                : IntAlu :  D=0x000000000004fbc0  flags=(IsInteger)
1379952: board.processor.cores.core: A0 T0 : 0x2324c @strlen+44    : c_addi a5, 8               : IntAlu :  D=0x000000000004fbc8  flags=(IsInteger)
1380618: board.processor.cores.core: A0 T0 : 0x2324e @strlen+46    : add a4, a3, a6             : IntAlu :  D=0xfefefefeff564e4d  flags=(IsInteger)
1381284: board.processor.cores.core: A0 T0 : 0x23252 @strlen+50    : xori a3, a3, 18446744073709551615 : IntAlu :  D=0xffffffffffa8b0b1  flags=(IsInteger)
1381617: board.processor.cores.core: A0 T0 : 0x23256 @strlen+54    : c_and a4, a3               : IntAlu :  D=0xfefefefeff000001  flags=(IsInteger)
1381950: board.processor.cores.core: A0 T0 : 0x23258 @strlen+56    : c_and a4, a1               : IntAlu :  D=0x8080808080000000  flags=(IsInteger)
1382283: board.processor.cores.core: A0 T0 : 0x2325a @strlen+58    : c_beqz a4, -18             : IntAlu :   flags=(IsInteger|IsControl|IsDirectControl|IsCondControl)
1382616: board.processor.cores.core: A0 T0 : 0x2325c @strlen+60    : lbu a4, -8(a5)             : MemRead :  D=0x000000000000004e A=0x4fbc0  flags=(IsInteger|IsLoad)
1382949: board.processor.cores.core: A0 T0 : 0x23260 @strlen+64    : c_beqz a4, 52              : IntAlu :   flags=(IsInteger|IsControl|IsDirectControl|IsCondControl)
1383615: board.processor.cores.core: A0 T0 : 0x23262 @strlen+66    : lbu a4, -7(a5)             : MemRead :  D=0x000000000000004f A=0x4fbc1  flags=(IsInteger|IsLoad)
1383948: board.processor.cores.core: A0 T0 : 0x23266 @strlen+70    : c_beqz a4, 52              : IntAlu :   flags=(IsInteger|IsControl|IsDirectControl|IsCondControl)
1384281: board.processor.cores.core: A0 T0 : 0x23268 @strlen+72    : lbu a4, -6(a5)             : MemRead :  D=0x0000000000000057 A=0x4fbc2  flags=(IsInteger|IsLoad)
1384614: board.processor.cores.core: A0 T0 : 0x2326c @strlen+76    : c_beqz a4, 54              : IntAlu :   flags=(IsInteger|IsControl|IsDirectControl|IsCondControl)
1385280: board.processor.cores.core: A0 T0 : 0x2326e @strlen+78    : lbu a4, -5(a5)             : MemRead :  D=0x0000000000000000 A=0x4fbc3  flags=(IsInteger|IsLoad)
1385613: board.processor.cores.core: A0 T0 : 0x23272 @strlen+82    : c_beqz a4, 56              : IntAlu :   flags=(IsInteger|IsControl|IsDirectControl|IsCondControl)
1385946: board.processor.cores.core: A0 T0 : 0x232aa @strlen+138    : c_sub a2, a0               : IntAlu :  D=0x0000000000000008  flags=(IsInteger)
1386279: board.processor.cores.core: A0 T0 : 0x232ac @strlen+140    : addi a0, a2, 3             : IntAlu :  D=0x000000000000000b  flags=(IsInteger)
1386612: board.processor.cores.core: A0 T0 : 0x232b0 @strlen+144    : c_jr ra                    : IntAlu :   flags=(IsInteger|IsControl|IsIndirectControl|IsUncondControl|IsReturn)
1386945: board.processor.cores.core: A0 T0 : 0x143a0 @getenv+128    : c_ld s0, 0(s1)             : MemRead :  D=0x0000000000000000 A=0x7fffffffffffff18  flags=(IsInteger|IsLoad)
1387278: board.processor.cores.core: A0 T0 : 0x143a2 @getenv+130    : c_mv s5, a0                : IntAlu :  D=0x000000000000000b  flags=(IsInteger)
1387611: board.processor.cores.core: A0 T0 : 0x143a4 @getenv+132    : addi s6, a0, -2            : IntAlu :  D=0x0000000000000009  flags=(IsInteger)
1387944: board.processor.cores.core: A0 T0 : 0x143a8 @getenv+136    : c_addi s4, 2               : IntAlu :  D=0x000000000004fbba  flags=(IsInteger)
1388277: board.processor.cores.core: A0 T0 : 0x143aa @getenv+138    : c_beqz s0, -36             : IntAlu :   flags=(IsInteger|IsControl|IsDirectControl|IsCondControl)
1388610: board.processor.cores.core: A0 T0 : 0x14386 @getenv+102    : c_ldsp ra, 56(sp)          : MemRead :  D=0x0000000000027c88 A=0x7ffffffffffffca8  flags=(IsInteger|IsLoad)
1388943: board.processor.cores.core: A0 T0 : 0x14388 @getenv+104    : c_mv a0, s0                : IntAlu :  D=0x0000000000000000  flags=(IsInteger)
1389276: board.processor.cores.core: A0 T0 : 0x1438a @getenv+106    : c_ldsp s0, 48(sp)          : MemRead :  D=0x000000000006fe60 A=0x7ffffffffffffca0  flags=(IsInteger|IsLoad)
1389609: board.processor.cores.core: A0 T0 : 0x1438c @getenv+108    : c_ldsp s1, 40(sp)          : MemRead :  D=0x0000000000000000 A=0x7ffffffffffffc98  flags=(IsInteger|IsLoad)
1389942: board.processor.cores.core: A0 T0 : 0x1438e @getenv+110    : c_ldsp s2, 32(sp)          : MemRead :  D=0x7fffffffffffff18 A=0x7ffffffffffffc90  flags=(IsInteger|IsLoad)
1390275: board.processor.cores.core: A0 T0 : 0x14390 @getenv+112    : c_ldsp s3, 24(sp)          : MemRead :  D=0x0000000000000000 A=0x7ffffffffffffc88  flags=(IsInteger|IsLoad)
1390608: board.processor.cores.core: A0 T0 : 0x14392 @getenv+114    : c_ldsp s4, 16(sp)          : MemRead :  D=0x0000000000070000 A=0x7ffffffffffffc80  flags=(IsInteger|IsLoad)
1390941: board.processor.cores.core: A0 T0 : 0x14394 @getenv+116    : c_ldsp s5, 8(sp)           : MemRead :  D=0x00000000ffffffff A=0x7ffffffffffffc78  flags=(IsInteger|IsLoad)
1391274: board.processor.cores.core: A0 T0 : 0x14396 @getenv+118    : c_ldsp s6, 0(sp)           : MemRead :  D=0x000000000000003a A=0x7ffffffffffffc70  flags=(IsInteger|IsLoad)
1391607: board.processor.cores.core: A0 T0 : 0x14398 @getenv+120    : c_addi16sp sp, 64          : IntAlu :  D=0x7ffffffffffffcb0  flags=(IsInteger)
1391940: board.processor.cores.core: A0 T0 : 0x1439a @getenv+122    : c_jr ra                    : IntAlu :   flags=(IsInteger|IsControl|IsIndirectControl|IsUncondControl|IsReturn)
1392273: board.processor.cores.core: A0 T0 : 0x27c88 @_dl_non_dynamic_init+1048    : c_li a5, 1                 : IntAlu :  D=0x0000000000000001  flags=(IsInteger)
1392606: board.processor.cores.core: A0 T0 : 0x27c8a @_dl_non_dynamic_init+1050    : c_beqz a0, 10              : IntAlu :   flags=(IsInteger|IsControl|IsDirectControl|IsCondControl)
1392939: board.processor.cores.core: A0 T0 : 0x27c94 @_dl_non_dynamic_init+1060    : lui a0, 80                 : IntAlu :  D=0x0000000000050000  flags=(IsInteger)
1393272: board.processor.cores.core: A0 T0 : 0x27c98 @_dl_non_dynamic_init+1064    : addi a0, a0, -1080         : IntAlu :  D=0x000000000004fbc8  flags=(IsInteger)
1393605: board.processor.cores.core: A0 T0 : 0x27c9c @_dl_non_dynamic_init+1068    : sw a5, -1040(gp)           : MemWrite :  D=0x0000000000000001 A=0x70cb8  flags=(IsInteger|IsStore)
1393938: board.processor.cores.core: A0 T0 : 0x27ca0 @_dl_non_dynamic_init+1072    : jal ra, -80256             : IntAlu :  D=0x0000000000027ca4  flags=(IsInteger|IsControl|IsDirectControl|IsUncondControl|IsCall)
1394271: board.processor.cores.core: A0 T0 : 0x14320 @getenv    : c_addi16sp sp, -64         : IntAlu :  D=0x7ffffffffffffc70  flags=(IsInteger)
1394604: board.processor.cores.core: A0 T0 : 0x14322 @getenv+2    : c_sdsp s1, 40(sp)          : MemWrite :  D=0x0000000000000000 A=0x7ffffffffffffc98  flags=(IsInteger|IsStore)
1394937: board.processor.cores.core: A0 T0 : 0x14324 @getenv+4    : ld s1, -1232(gp)           : MemRead :  D=0x7fffffffffffff18 A=0x70bf8  flags=(IsInteger|IsLoad)
1395270: board.processor.cores.core: A0 T0 : 0x14328 @getenv+8    : c_sdsp ra, 56(sp)          : MemWrite :  D=0x0000000000027ca4 A=0x7ffffffffffffca8  flags=(IsInteger|IsStore)
1395603: board.processor.cores.core: A0 T0 : 0x1432a @getenv+10    : c_sdsp s0, 48(sp)          : MemWrite :  D=0x000000000006fe60 A=0x7ffffffffffffca0  flags=(IsInteger|IsStore)
1395936: board.processor.cores.core: A0 T0 : 0x1432c @getenv+12    : c_sdsp s2, 32(sp)          : MemWrite :  D=0x7fffffffffffff18 A=0x7ffffffffffffc90  flags=(IsInteger|IsStore)
1396269: board.processor.cores.core: A0 T0 : 0x1432e @getenv+14    : c_sdsp s3, 24(sp)          : MemWrite :  D=0x0000000000000000 A=0x7ffffffffffffc88  flags=(IsInteger|IsStore)
1396602: board.processor.cores.core: A0 T0 : 0x14330 @getenv+16    : c_sdsp s4, 16(sp)          : MemWrite :  D=0x0000000000070000 A=0x7ffffffffffffc80  flags=(IsInteger|IsStore)
1396935: board.processor.cores.core: A0 T0 : 0x14332 @getenv+18    : c_sdsp s5, 8(sp)           : MemWrite :  D=0x00000000ffffffff A=0x7ffffffffffffc78  flags=(IsInteger|IsStore)
1397268: board.processor.cores.core: A0 T0 : 0x14334 @getenv+20    : c_sdsp s6, 0(sp)           : MemWrite :  D=0x000000000000003a A=0x7ffffffffffffc70  flags=(IsInteger|IsStore)
1397601: board.processor.cores.core: A0 T0 : 0x14336 @getenv+22    : c_beqz s1, 184             : IntAlu :   flags=(IsInteger|IsControl|IsDirectControl|IsCondControl)
1397934: board.processor.cores.core: A0 T0 : 0x14338 @getenv+24    : lbu s3, 0(a0)              : MemRead :  D=0x000000000000004c A=0x4fbc8  flags=(IsInteger|IsLoad)
1398267: board.processor.cores.core: A0 T0 : 0x1433c @getenv+28    : c_mv s4, a0                : IntAlu :  D=0x000000000004fbc8  flags=(IsInteger)
1398933: board.processor.cores.core: A0 T0 : 0x1433e @getenv+30    : beq s3, ft0, 176           : IntAlu :   flags=(IsInteger|IsControl|IsDirectControl|IsCondControl)
1399599: board.processor.cores.core: A0 T0 : 0x14342 @getenv+34    : lbu s2, 1(a0)              : MemRead :  D=0x0000000000000044 A=0x4fbc9  flags=(IsInteger|IsLoad)
1400265: board.processor.cores.core: A0 T0 : 0x14346 @getenv+38    : bne s2, ft0, 86            : IntAlu :   flags=(IsInteger|IsControl|IsDirectControl|IsCondControl)
1400598: board.processor.cores.core: A0 T0 : 0x1439c @getenv+124    : jal ra, 61060              : IntAlu :  D=0x00000000000143a0  flags=(IsInteger|IsControl|IsDirectControl|IsUncondControl|IsCall)
1400931: board.processor.cores.core: A0 T0 : 0x23220 @strlen    : andi a5, a0, 7             : IntAlu :  D=0x0000000000000000  flags=(IsInteger)
1401264: board.processor.cores.core: A0 T0 : 0x23224 @strlen+4    : c_beqz a5, 26              : IntAlu :   flags=(IsInteger|IsControl|IsDirectControl|IsCondControl)
1401597: board.processor.cores.core: A0 T0 : 0x2323e @strlen+30    : c_mv a5, a0                : IntAlu :  D=0x000000000004fbc8  flags=(IsInteger)
1401930: board.processor.cores.core: A0 T0 : 0x23240 @strlen+32    : ld a6, -2024(gp)           : MemRead :  D=0xfefefefefefefeff A=0x708e0  flags=(IsInteger|IsLoad)
1402263: board.processor.cores.core: A0 T0 : 0x23244 @strlen+36    : ld a1, -2016(gp)           : MemRead :  D=0x8080808080808080 A=0x708e8  flags=(IsInteger|IsLoad)
1402596: board.processor.cores.core: A0 T0 : 0x23248 @strlen+40    : c_ld a3, 0(a5)             : MemRead :  D=0x5f444e49425f444c A=0x4fbc8  flags=(IsInteger|IsLoad)
1402929: board.processor.cores.core: A0 T0 : 0x2324a @strlen+42    : c_mv a2, a5                : IntAlu :  D=0x000000000004fbc8  flags=(IsInteger)
1403262: board.processor.cores.core: A0 T0 : 0x2324c @strlen+44    : c_addi a5, 8               : IntAlu :  D=0x000000000004fbd0  flags=(IsInteger)
1403928: board.processor.cores.core: A0 T0 : 0x2324e @strlen+46    : add a4, a3, a6             : IntAlu :  D=0x5e434d48415e434b  flags=(IsInteger)
1404594: board.processor.cores.core: A0 T0 : 0x23252 @strlen+50    : xori a3, a3, 18446744073709551615 : IntAlu :  D=0xa0bbb1b6bda0bbb3  flags=(IsInteger)
1404927: board.processor.cores.core: A0 T0 : 0x23256 @strlen+54    : c_and a4, a3               : IntAlu :  D=0x0003010001000303  flags=(IsInteger)
1405260: board.processor.cores.core: A0 T0 : 0x23258 @strlen+56    : c_and a4, a1               : IntAlu :  D=0x0000000000000000  flags=(IsInteger)
1405593: board.processor.cores.core: A0 T0 : 0x2325a @strlen+58    : c_beqz a4, -18             : IntAlu :   flags=(IsInteger|IsControl|IsDirectControl|IsCondControl)
1405926: board.processor.cores.core: A0 T0 : 0x23248 @strlen+40    : c_ld a3, 0(a5)             : MemRead :  D=0x0000000000544f4e A=0x4fbd0  flags=(IsInteger|IsLoad)
1406259: board.processor.cores.core: A0 T0 : 0x2324a @strlen+42    : c_mv a2, a5                : IntAlu :  D=0x000000000004fbd0  flags=(IsInteger)
1406592: board.processor.cores.core: A0 T0 : 0x2324c @strlen+44    : c_addi a5, 8               : IntAlu :  D=0x000000000004fbd8  flags=(IsInteger)
1407258: board.processor.cores.core: A0 T0 : 0x2324e @strlen+46    : add a4, a3, a6             : IntAlu :  D=0xfefefefeff534e4d  flags=(IsInteger)
1407924: board.processor.cores.core: A0 T0 : 0x23252 @strlen+50    : xori a3, a3, 18446744073709551615 : IntAlu :  D=0xffffffffffabb0b1  flags=(IsInteger)
1408257: board.processor.cores.core: A0 T0 : 0x23256 @strlen+54    : c_and a4, a3               : IntAlu :  D=0xfefefefeff030001  flags=(IsInteger)
1408590: board.processor.cores.core: A0 T0 : 0x23258 @strlen+56    : c_and a4, a1               : IntAlu :  D=0x8080808080000000  flags=(IsInteger)
1408923: board.processor.cores.core: A0 T0 : 0x2325a @strlen+58    : c_beqz a4, -18             : IntAlu :   flags=(IsInteger|IsControl|IsDirectControl|IsCondControl)
1409256: board.processor.cores.core: A0 T0 : 0x2325c @strlen+60    : lbu a4, -8(a5)             : MemRead :  D=0x000000000000004e A=0x4fbd0  flags=(IsInteger|IsLoad)
1409589: board.processor.cores.core: A0 T0 : 0x23260 @strlen+64    : c_beqz a4, 52              : IntAlu :   flags=(IsInteger|IsControl|IsDirectControl|IsCondControl)
1410255: board.processor.cores.core: A0 T0 : 0x23262 @strlen+66    : lbu a4, -7(a5)             : MemRead :  D=0x000000000000004f A=0x4fbd1  flags=(IsInteger|IsLoad)
1410588: board.processor.cores.core: A0 T0 : 0x23266 @strlen+70    : c_beqz a4, 52              : IntAlu :   flags=(IsInteger|IsControl|IsDirectControl|IsCondControl)
1410921: board.processor.cores.core: A0 T0 : 0x23268 @strlen+72    : lbu a4, -6(a5)             : MemRead :  D=0x0000000000000054 A=0x4fbd2  flags=(IsInteger|IsLoad)
1411254: board.processor.cores.core: A0 T0 : 0x2326c @strlen+76    : c_beqz a4, 54              : IntAlu :   flags=(IsInteger|IsControl|IsDirectControl|IsCondControl)
1411920: board.processor.cores.core: A0 T0 : 0x2326e @strlen+78    : lbu a4, -5(a5)             : MemRead :  D=0x0000000000000000 A=0x4fbd3  flags=(IsInteger|IsLoad)
1412253: board.processor.cores.core: A0 T0 : 0x23272 @strlen+82    : c_beqz a4, 56              : IntAlu :   flags=(IsInteger|IsControl|IsDirectControl|IsCondControl)
1412586: board.processor.cores.core: A0 T0 : 0x232aa @strlen+138    : c_sub a2, a0               : IntAlu :  D=0x0000000000000008  flags=(IsInteger)
1412919: board.processor.cores.core: A0 T0 : 0x232ac @strlen+140    : addi a0, a2, 3             : IntAlu :  D=0x000000000000000b  flags=(IsInteger)
1413252: board.processor.cores.core: A0 T0 : 0x232b0 @strlen+144    : c_jr ra                    : IntAlu :   flags=(IsInteger|IsControl|IsIndirectControl|IsUncondControl|IsReturn)
1413585: board.processor.cores.core: A0 T0 : 0x143a0 @getenv+128    : c_ld s0, 0(s1)             : MemRead :  D=0x0000000000000000 A=0x7fffffffffffff18  flags=(IsInteger|IsLoad)
1413918: board.processor.cores.core: A0 T0 : 0x143a2 @getenv+130    : c_mv s5, a0                : IntAlu :  D=0x000000000000000b  flags=(IsInteger)
1414251: board.processor.cores.core: A0 T0 : 0x143a4 @getenv+132    : addi s6, a0, -2            : IntAlu :  D=0x0000000000000009  flags=(IsInteger)
1414584: board.processor.cores.core: A0 T0 : 0x143a8 @getenv+136    : c_addi s4, 2               : IntAlu :  D=0x000000000004fbca  flags=(IsInteger)
1414917: board.processor.cores.core: A0 T0 : 0x143aa @getenv+138    : c_beqz s0, -36             : IntAlu :   flags=(IsInteger|IsControl|IsDirectControl|IsCondControl)
1415250: board.processor.cores.core: A0 T0 : 0x14386 @getenv+102    : c_ldsp ra, 56(sp)          : MemRead :  D=0x0000000000027ca4 A=0x7ffffffffffffca8  flags=(IsInteger|IsLoad)
1415583: board.processor.cores.core: A0 T0 : 0x14388 @getenv+104    : c_mv a0, s0                : IntAlu :  D=0x0000000000000000  flags=(IsInteger)
1415916: board.processor.cores.core: A0 T0 : 0x1438a @getenv+106    : c_ldsp s0, 48(sp)          : MemRead :  D=0x000000000006fe60 A=0x7ffffffffffffca0  flags=(IsInteger|IsLoad)
1416249: board.processor.cores.core: A0 T0 : 0x1438c @getenv+108    : c_ldsp s1, 40(sp)          : MemRead :  D=0x0000000000000000 A=0x7ffffffffffffc98  flags=(IsInteger|IsLoad)
1416582: board.processor.cores.core: A0 T0 : 0x1438e @getenv+110    : c_ldsp s2, 32(sp)          : MemRead :  D=0x7fffffffffffff18 A=0x7ffffffffffffc90  flags=(IsInteger|IsLoad)
1416915: board.processor.cores.core: A0 T0 : 0x14390 @getenv+112    : c_ldsp s3, 24(sp)          : MemRead :  D=0x0000000000000000 A=0x7ffffffffffffc88  flags=(IsInteger|IsLoad)
1417248: board.processor.cores.core: A0 T0 : 0x14392 @getenv+114    : c_ldsp s4, 16(sp)          : MemRead :  D=0x0000000000070000 A=0x7ffffffffffffc80  flags=(IsInteger|IsLoad)
1417581: board.processor.cores.core: A0 T0 : 0x14394 @getenv+116    : c_ldsp s5, 8(sp)           : MemRead :  D=0x00000000ffffffff A=0x7ffffffffffffc78  flags=(IsInteger|IsLoad)
1417914: board.processor.cores.core: A0 T0 : 0x14396 @getenv+118    : c_ldsp s6, 0(sp)           : MemRead :  D=0x000000000000003a A=0x7ffffffffffffc70  flags=(IsInteger|IsLoad)
1418247: board.processor.cores.core: A0 T0 : 0x14398 @getenv+120    : c_addi16sp sp, 64          : IntAlu :  D=0x7ffffffffffffcb0  flags=(IsInteger)
1418580: board.processor.cores.core: A0 T0 : 0x1439a @getenv+122    : c_jr ra                    : IntAlu :   flags=(IsInteger|IsControl|IsIndirectControl|IsUncondControl|IsReturn)
1418913: board.processor.cores.core: A0 T0 : 0x27ca4 @_dl_non_dynamic_init+1076    : c_li a5, 0                 : IntAlu :  D=0x0000000000000000  flags=(IsInteger)
1419246: board.processor.cores.core: A0 T0 : 0x27ca6 @_dl_non_dynamic_init+1078    : c_beqz a0, 10              : IntAlu :   flags=(IsInteger|IsControl|IsDirectControl|IsCondControl)
1419579: board.processor.cores.core: A0 T0 : 0x27cb0 @_dl_non_dynamic_init+1088    : lui a0, 80                 : IntAlu :  D=0x0000000000050000  flags=(IsInteger)
1419912: board.processor.cores.core: A0 T0 : 0x27cb4 @_dl_non_dynamic_init+1092    : addi a0, a0, -1064         : IntAlu :  D=0x000000000004fbd8  flags=(IsInteger)
1420245: board.processor.cores.core: A0 T0 : 0x27cb8 @_dl_non_dynamic_init+1096    : sw a5, -1096(gp)           : MemWrite :  D=0x0000000000000000 A=0x70c80  flags=(IsInteger|IsStore)
1420578: board.processor.cores.core: A0 T0 : 0x27cbc @_dl_non_dynamic_init+1100    : jal ra, -80284             : IntAlu :  D=0x0000000000027cc0  flags=(IsInteger|IsControl|IsDirectControl|IsUncondControl|IsCall)
1420911: board.processor.cores.core: A0 T0 : 0x14320 @getenv    : c_addi16sp sp, -64         : IntAlu :  D=0x7ffffffffffffc70  flags=(IsInteger)
1421244: board.processor.cores.core: A0 T0 : 0x14322 @getenv+2    : c_sdsp s1, 40(sp)          : MemWrite :  D=0x0000000000000000 A=0x7ffffffffffffc98  flags=(IsInteger|IsStore)
1421577: board.processor.cores.core: A0 T0 : 0x14324 @getenv+4    : ld s1, -1232(gp)           : MemRead :  D=0x7fffffffffffff18 A=0x70bf8  flags=(IsInteger|IsLoad)
1421910: board.processor.cores.core: A0 T0 : 0x14328 @getenv+8    : c_sdsp ra, 56(sp)          : MemWrite :  D=0x0000000000027cc0 A=0x7ffffffffffffca8  flags=(IsInteger|IsStore)
1422243: board.processor.cores.core: A0 T0 : 0x1432a @getenv+10    : c_sdsp s0, 48(sp)          : MemWrite :  D=0x000000000006fe60 A=0x7ffffffffffffca0  flags=(IsInteger|IsStore)
1422576: board.processor.cores.core: A0 T0 : 0x1432c @getenv+12    : c_sdsp s2, 32(sp)          : MemWrite :  D=0x7fffffffffffff18 A=0x7ffffffffffffc90  flags=(IsInteger|IsStore)
1422909: board.processor.cores.core: A0 T0 : 0x1432e @getenv+14    : c_sdsp s3, 24(sp)          : MemWrite :  D=0x0000000000000000 A=0x7ffffffffffffc88  flags=(IsInteger|IsStore)
1423242: board.processor.cores.core: A0 T0 : 0x14330 @getenv+16    : c_sdsp s4, 16(sp)          : MemWrite :  D=0x0000000000070000 A=0x7ffffffffffffc80  flags=(IsInteger|IsStore)
1423575: board.processor.cores.core: A0 T0 : 0x14332 @getenv+18    : c_sdsp s5, 8(sp)           : MemWrite :  D=0x00000000ffffffff A=0x7ffffffffffffc78  flags=(IsInteger|IsStore)
1423908: board.processor.cores.core: A0 T0 : 0x14334 @getenv+20    : c_sdsp s6, 0(sp)           : MemWrite :  D=0x000000000000003a A=0x7ffffffffffffc70  flags=(IsInteger|IsStore)
1424241: board.processor.cores.core: A0 T0 : 0x14336 @getenv+22    : c_beqz s1, 184             : IntAlu :   flags=(IsInteger|IsControl|IsDirectControl|IsCondControl)
1424574: board.processor.cores.core: A0 T0 : 0x14338 @getenv+24    : lbu s3, 0(a0)              : MemRead :  D=0x000000000000004c A=0x4fbd8  flags=(IsInteger|IsLoad)
1424907: board.processor.cores.core: A0 T0 : 0x1433c @getenv+28    : c_mv s4, a0                : IntAlu :  D=0x000000000004fbd8  flags=(IsInteger)
1425573: board.processor.cores.core: A0 T0 : 0x1433e @getenv+30    : beq s3, ft0, 176           : IntAlu :   flags=(IsInteger|IsControl|IsDirectControl|IsCondControl)
1426239: board.processor.cores.core: A0 T0 : 0x14342 @getenv+34    : lbu s2, 1(a0)              : MemRead :  D=0x0000000000000044 A=0x4fbd9  flags=(IsInteger|IsLoad)
1426905: board.processor.cores.core: A0 T0 : 0x14346 @getenv+38    : bne s2, ft0, 86            : IntAlu :   flags=(IsInteger|IsControl|IsDirectControl|IsCondControl)
1427238: board.processor.cores.core: A0 T0 : 0x1439c @getenv+124    : jal ra, 61060              : IntAlu :  D=0x00000000000143a0  flags=(IsInteger|IsControl|IsDirectControl|IsUncondControl|IsCall)
1427571: board.processor.cores.core: A0 T0 : 0x23220 @strlen    : andi a5, a0, 7             : IntAlu :  D=0x0000000000000000  flags=(IsInteger)
1427904: board.processor.cores.core: A0 T0 : 0x23224 @strlen+4    : c_beqz a5, 26              : IntAlu :   flags=(IsInteger|IsControl|IsDirectControl|IsCondControl)
1428237: board.processor.cores.core: A0 T0 : 0x2323e @strlen+30    : c_mv a5, a0                : IntAlu :  D=0x000000000004fbd8  flags=(IsInteger)
1428570: board.processor.cores.core: A0 T0 : 0x23240 @strlen+32    : ld a6, -2024(gp)           : MemRead :  D=0xfefefefefefefeff A=0x708e0  flags=(IsInteger|IsLoad)
1428903: board.processor.cores.core: A0 T0 : 0x23244 @strlen+36    : ld a1, -2016(gp)           : MemRead :  D=0x8080808080808080 A=0x708e8  flags=(IsInteger|IsLoad)
1429236: board.processor.cores.core: A0 T0 : 0x23248 @strlen+40    : c_ld a3, 0(a5)             : MemRead :  D=0x4d414e59445f444c A=0x4fbd8  flags=(IsInteger|IsLoad)
1429569: board.processor.cores.core: A0 T0 : 0x2324a @strlen+42    : c_mv a2, a5                : IntAlu :  D=0x000000000004fbd8  flags=(IsInteger)
1429902: board.processor.cores.core: A0 T0 : 0x2324c @strlen+44    : c_addi a5, 8               : IntAlu :  D=0x000000000004fbe0  flags=(IsInteger)
1430568: board.processor.cores.core: A0 T0 : 0x2324e @strlen+46    : add a4, a3, a6             : IntAlu :  D=0x4c404d58435e434b  flags=(IsInteger)
1431234: board.processor.cores.core: A0 T0 : 0x23252 @strlen+50    : xori a3, a3, 18446744073709551615 : IntAlu :  D=0xb2beb1a6bba0bbb3  flags=(IsInteger)
1431567: board.processor.cores.core: A0 T0 : 0x23256 @strlen+54    : c_and a4, a3               : IntAlu :  D=0x0000010003000303  flags=(IsInteger)
1431900: board.processor.cores.core: A0 T0 : 0x23258 @strlen+56    : c_and a4, a1               : IntAlu :  D=0x0000000000000000  flags=(IsInteger)
1432233: board.processor.cores.core: A0 T0 : 0x2325a @strlen+58    : c_beqz a4, -18             : IntAlu :   flags=(IsInteger|IsControl|IsDirectControl|IsCondControl)
1432566: board.processor.cores.core: A0 T0 : 0x23248 @strlen+40    : c_ld a3, 0(a5)             : MemRead :  D=0x004b4145575f4349 A=0x4fbe0  flags=(IsInteger|IsLoad)
1432899: board.processor.cores.core: A0 T0 : 0x2324a @strlen+42    : c_mv a2, a5                : IntAlu :  D=0x000000000004fbe0  flags=(IsInteger)
1433232: board.processor.cores.core: A0 T0 : 0x2324c @strlen+44    : c_addi a5, 8               : IntAlu :  D=0x000000000004fbe8  flags=(IsInteger)
1433898: board.processor.cores.core: A0 T0 : 0x2324e @strlen+46    : add a4, a3, a6             : IntAlu :  D=0xff4a4044565e4248  flags=(IsInteger)
1434564: board.processor.cores.core: A0 T0 : 0x23252 @strlen+50    : xori a3, a3, 18446744073709551615 : IntAlu :  D=0xffb4bebaa8a0bcb6  flags=(IsInteger)
1434897: board.processor.cores.core: A0 T0 : 0x23256 @strlen+54    : c_and a4, a3               : IntAlu :  D=0xff00000000000000  flags=(IsInteger)
1435230: board.processor.cores.core: A0 T0 : 0x23258 @strlen+56    : c_and a4, a1               : IntAlu :  D=0x8000000000000000  flags=(IsInteger)
1435563: board.processor.cores.core: A0 T0 : 0x2325a @strlen+58    : c_beqz a4, -18             : IntAlu :   flags=(IsInteger|IsControl|IsDirectControl|IsCondControl)
1435896: board.processor.cores.core: A0 T0 : 0x2325c @strlen+60    : lbu a4, -8(a5)             : MemRead :  D=0x0000000000000049 A=0x4fbe0  flags=(IsInteger|IsLoad)
1436229: board.processor.cores.core: A0 T0 : 0x23260 @strlen+64    : c_beqz a4, 52              : IntAlu :   flags=(IsInteger|IsControl|IsDirectControl|IsCondControl)
1436895: board.processor.cores.core: A0 T0 : 0x23262 @strlen+66    : lbu a4, -7(a5)             : MemRead :  D=0x0000000000000043 A=0x4fbe1  flags=(IsInteger|IsLoad)
1437228: board.processor.cores.core: A0 T0 : 0x23266 @strlen+70    : c_beqz a4, 52              : IntAlu :   flags=(IsInteger|IsControl|IsDirectControl|IsCondControl)
1437561: board.processor.cores.core: A0 T0 : 0x23268 @strlen+72    : lbu a4, -6(a5)             : MemRead :  D=0x000000000000005f A=0x4fbe2  flags=(IsInteger|IsLoad)
1437894: board.processor.cores.core: A0 T0 : 0x2326c @strlen+76    : c_beqz a4, 54              : IntAlu :   flags=(IsInteger|IsControl|IsDirectControl|IsCondControl)
1438560: board.processor.cores.core: A0 T0 : 0x2326e @strlen+78    : lbu a4, -5(a5)             : MemRead :  D=0x0000000000000057 A=0x4fbe3  flags=(IsInteger|IsLoad)
1438893: board.processor.cores.core: A0 T0 : 0x23272 @strlen+82    : c_beqz a4, 56              : IntAlu :   flags=(IsInteger|IsControl|IsDirectControl|IsCondControl)
1439226: board.processor.cores.core: A0 T0 : 0x23274 @strlen+84    : lbu a4, -4(a5)             : MemRead :  D=0x0000000000000045 A=0x4fbe4  flags=(IsInteger|IsLoad)
1439559: board.processor.cores.core: A0 T0 : 0x23278 @strlen+88    : c_beqz a4, 58              : IntAlu :   flags=(IsInteger|IsControl|IsDirectControl|IsCondControl)
1440225: board.processor.cores.core: A0 T0 : 0x2327a @strlen+90    : lbu a4, -3(a5)             : MemRead :  D=0x0000000000000041 A=0x4fbe5  flags=(IsInteger|IsLoad)
1440558: board.processor.cores.core: A0 T0 : 0x2327e @strlen+94    : c_beqz a4, 60              : IntAlu :   flags=(IsInteger|IsControl|IsDirectControl|IsCondControl)
1440891: board.processor.cores.core: A0 T0 : 0x23280 @strlen+96    : lbu a4, -2(a5)             : MemRead :  D=0x000000000000004b A=0x4fbe6  flags=(IsInteger|IsLoad)
1441224: board.processor.cores.core: A0 T0 : 0x23284 @strlen+100    : c_beqz a4, 62              : IntAlu :   flags=(IsInteger|IsControl|IsDirectControl|IsCondControl)
1441890: board.processor.cores.core: A0 T0 : 0x23286 @strlen+102    : lbu a4, -1(a5)             : MemRead :  D=0x0000000000000000 A=0x4fbe7  flags=(IsInteger|IsLoad)
1442223: board.processor.cores.core: A0 T0 : 0x2328a @strlen+106    : c_bnez a4, -66             : IntAlu :   flags=(IsInteger|IsControl|IsDirectControl|IsCondControl)
1442556: board.processor.cores.core: A0 T0 : 0x2328c @strlen+108    : c_sub a2, a0               : IntAlu :  D=0x0000000000000008  flags=(IsInteger)
1443222: board.processor.cores.core: A0 T0 : 0x2328e @strlen+110    : addi a0, a2, 7             : IntAlu :  D=0x000000000000000f  flags=(IsInteger)
1443555: board.processor.cores.core: A0 T0 : 0x23292 @strlen+114    : c_jr ra                    : IntAlu :   flags=(IsInteger|IsControl|IsIndirectControl|IsUncondControl|IsReturn)
1443888: board.processor.cores.core: A0 T0 : 0x143a0 @getenv+128    : c_ld s0, 0(s1)             : MemRead :  D=0x0000000000000000 A=0x7fffffffffffff18  flags=(IsInteger|IsLoad)
1444221: board.processor.cores.core: A0 T0 : 0x143a2 @getenv+130    : c_mv s5, a0                : IntAlu :  D=0x000000000000000f  flags=(IsInteger)
1444554: board.processor.cores.core: A0 T0 : 0x143a4 @getenv+132    : addi s6, a0, -2            : IntAlu :  D=0x000000000000000d  flags=(IsInteger)
1444887: board.processor.cores.core: A0 T0 : 0x143a8 @getenv+136    : c_addi s4, 2               : IntAlu :  D=0x000000000004fbda  flags=(IsInteger)
1445220: board.processor.cores.core: A0 T0 : 0x143aa @getenv+138    : c_beqz s0, -36             : IntAlu :   flags=(IsInteger|IsControl|IsDirectControl|IsCondControl)
1445553: board.processor.cores.core: A0 T0 : 0x14386 @getenv+102    : c_ldsp ra, 56(sp)          : MemRead :  D=0x0000000000027cc0 A=0x7ffffffffffffca8  flags=(IsInteger|IsLoad)
1445886: board.processor.cores.core: A0 T0 : 0x14388 @getenv+104    : c_mv a0, s0                : IntAlu :  D=0x0000000000000000  flags=(IsInteger)
1446219: board.processor.cores.core: A0 T0 : 0x1438a @getenv+106    : c_ldsp s0, 48(sp)          : MemRead :  D=0x000000000006fe60 A=0x7ffffffffffffca0  flags=(IsInteger|IsLoad)
1446552: board.processor.cores.core: A0 T0 : 0x1438c @getenv+108    : c_ldsp s1, 40(sp)          : MemRead :  D=0x0000000000000000 A=0x7ffffffffffffc98  flags=(IsInteger|IsLoad)
1446885: board.processor.cores.core: A0 T0 : 0x1438e @getenv+110    : c_ldsp s2, 32(sp)          : MemRead :  D=0x7fffffffffffff18 A=0x7ffffffffffffc90  flags=(IsInteger|IsLoad)
1447218: board.processor.cores.core: A0 T0 : 0x14390 @getenv+112    : c_ldsp s3, 24(sp)          : MemRead :  D=0x0000000000000000 A=0x7ffffffffffffc88  flags=(IsInteger|IsLoad)
1447551: board.processor.cores.core: A0 T0 : 0x14392 @getenv+114    : c_ldsp s4, 16(sp)          : MemRead :  D=0x0000000000070000 A=0x7ffffffffffffc80  flags=(IsInteger|IsLoad)
1447884: board.processor.cores.core: A0 T0 : 0x14394 @getenv+116    : c_ldsp s5, 8(sp)           : MemRead :  D=0x00000000ffffffff A=0x7ffffffffffffc78  flags=(IsInteger|IsLoad)
1448217: board.processor.cores.core: A0 T0 : 0x14396 @getenv+118    : c_ldsp s6, 0(sp)           : MemRead :  D=0x000000000000003a A=0x7ffffffffffffc70  flags=(IsInteger|IsLoad)
1448550: board.processor.cores.core: A0 T0 : 0x14398 @getenv+120    : c_addi16sp sp, 64          : IntAlu :  D=0x7ffffffffffffcb0  flags=(IsInteger)
1448883: board.processor.cores.core: A0 T0 : 0x1439a @getenv+122    : c_jr ra                    : IntAlu :   flags=(IsInteger|IsControl|IsIndirectControl|IsUncondControl|IsReturn)
1449216: board.processor.cores.core: A0 T0 : 0x27cc0 @_dl_non_dynamic_init+1104    : c_li a5, 1                 : IntAlu :  D=0x0000000000000001  flags=(IsInteger)
1449549: board.processor.cores.core: A0 T0 : 0x27cc2 @_dl_non_dynamic_init+1106    : c_beqz a0, 10              : IntAlu :   flags=(IsInteger|IsControl|IsDirectControl|IsCondControl)
1449882: board.processor.cores.core: A0 T0 : 0x27ccc @_dl_non_dynamic_init+1116    : lui a0, 80                 : IntAlu :  D=0x0000000000050000  flags=(IsInteger)
1450215: board.processor.cores.core: A0 T0 : 0x27cd0 @_dl_non_dynamic_init+1120    : addi a0, a0, -1048         : IntAlu :  D=0x000000000004fbe8  flags=(IsInteger)
1450548: board.processor.cores.core: A0 T0 : 0x27cd4 @_dl_non_dynamic_init+1124    : sw a5, -1044(gp)           : MemWrite :  D=0x0000000000000001 A=0x70cb4  flags=(IsInteger|IsStore)
1450881: board.processor.cores.core: A0 T0 : 0x27cd8 @_dl_non_dynamic_init+1128    : jal ra, -80312             : IntAlu :  D=0x0000000000027cdc  flags=(IsInteger|IsControl|IsDirectControl|IsUncondControl|IsCall)
1451214: board.processor.cores.core: A0 T0 : 0x14320 @getenv    : c_addi16sp sp, -64         : IntAlu :  D=0x7ffffffffffffc70  flags=(IsInteger)
1451547: board.processor.cores.core: A0 T0 : 0x14322 @getenv+2    : c_sdsp s1, 40(sp)          : MemWrite :  D=0x0000000000000000 A=0x7ffffffffffffc98  flags=(IsInteger|IsStore)
1451880: board.processor.cores.core: A0 T0 : 0x14324 @getenv+4    : ld s1, -1232(gp)           : MemRead :  D=0x7fffffffffffff18 A=0x70bf8  flags=(IsInteger|IsLoad)
1452213: board.processor.cores.core: A0 T0 : 0x14328 @getenv+8    : c_sdsp ra, 56(sp)          : MemWrite :  D=0x0000000000027cdc A=0x7ffffffffffffca8  flags=(IsInteger|IsStore)
1452546: board.processor.cores.core: A0 T0 : 0x1432a @getenv+10    : c_sdsp s0, 48(sp)          : MemWrite :  D=0x000000000006fe60 A=0x7ffffffffffffca0  flags=(IsInteger|IsStore)
1452879: board.processor.cores.core: A0 T0 : 0x1432c @getenv+12    : c_sdsp s2, 32(sp)          : MemWrite :  D=0x7fffffffffffff18 A=0x7ffffffffffffc90  flags=(IsInteger|IsStore)
1453212: board.processor.cores.core: A0 T0 : 0x1432e @getenv+14    : c_sdsp s3, 24(sp)          : MemWrite :  D=0x0000000000000000 A=0x7ffffffffffffc88  flags=(IsInteger|IsStore)
1453545: board.processor.cores.core: A0 T0 : 0x14330 @getenv+16    : c_sdsp s4, 16(sp)          : MemWrite :  D=0x0000000000070000 A=0x7ffffffffffffc80  flags=(IsInteger|IsStore)
1453878: board.processor.cores.core: A0 T0 : 0x14332 @getenv+18    : c_sdsp s5, 8(sp)           : MemWrite :  D=0x00000000ffffffff A=0x7ffffffffffffc78  flags=(IsInteger|IsStore)
1454211: board.processor.cores.core: A0 T0 : 0x14334 @getenv+20    : c_sdsp s6, 0(sp)           : MemWrite :  D=0x000000000000003a A=0x7ffffffffffffc70  flags=(IsInteger|IsStore)
1454544: board.processor.cores.core: A0 T0 : 0x14336 @getenv+22    : c_beqz s1, 184             : IntAlu :   flags=(IsInteger|IsControl|IsDirectControl|IsCondControl)
1454877: board.processor.cores.core: A0 T0 : 0x14338 @getenv+24    : lbu s3, 0(a0)              : MemRead :  D=0x000000000000004c A=0x4fbe8  flags=(IsInteger|IsLoad)
1455210: board.processor.cores.core: A0 T0 : 0x1433c @getenv+28    : c_mv s4, a0                : IntAlu :  D=0x000000000004fbe8  flags=(IsInteger)
1455876: board.processor.cores.core: A0 T0 : 0x1433e @getenv+30    : beq s3, ft0, 176           : IntAlu :   flags=(IsInteger|IsControl|IsDirectControl|IsCondControl)
1456542: board.processor.cores.core: A0 T0 : 0x14342 @getenv+34    : lbu s2, 1(a0)              : MemRead :  D=0x0000000000000044 A=0x4fbe9  flags=(IsInteger|IsLoad)
1457208: board.processor.cores.core: A0 T0 : 0x14346 @getenv+38    : bne s2, ft0, 86            : IntAlu :   flags=(IsInteger|IsControl|IsDirectControl|IsCondControl)
1457541: board.processor.cores.core: A0 T0 : 0x1439c @getenv+124    : jal ra, 61060              : IntAlu :  D=0x00000000000143a0  flags=(IsInteger|IsControl|IsDirectControl|IsUncondControl|IsCall)
1457874: board.processor.cores.core: A0 T0 : 0x23220 @strlen    : andi a5, a0, 7             : IntAlu :  D=0x0000000000000000  flags=(IsInteger)
1458207: board.processor.cores.core: A0 T0 : 0x23224 @strlen+4    : c_beqz a5, 26              : IntAlu :   flags=(IsInteger|IsControl|IsDirectControl|IsCondControl)
1458540: board.processor.cores.core: A0 T0 : 0x2323e @strlen+30    : c_mv a5, a0                : IntAlu :  D=0x000000000004fbe8  flags=(IsInteger)
1458873: board.processor.cores.core: A0 T0 : 0x23240 @strlen+32    : ld a6, -2024(gp)           : MemRead :  D=0xfefefefefefefeff A=0x708e0  flags=(IsInteger|IsLoad)
1459206: board.processor.cores.core: A0 T0 : 0x23244 @strlen+36    : ld a1, -2016(gp)           : MemRead :  D=0x8080808080808080 A=0x708e8  flags=(IsInteger|IsLoad)
1459539: board.processor.cores.core: A0 T0 : 0x23248 @strlen+40    : c_ld a3, 0(a5)             : MemRead :  D=0x49464f52505f444c A=0x4fbe8  flags=(IsInteger|IsLoad)
1459872: board.processor.cores.core: A0 T0 : 0x2324a @strlen+42    : c_mv a2, a5                : IntAlu :  D=0x000000000004fbe8  flags=(IsInteger)
1460205: board.processor.cores.core: A0 T0 : 0x2324c @strlen+44    : c_addi a5, 8               : IntAlu :  D=0x000000000004fbf0  flags=(IsInteger)
1460871: board.processor.cores.core: A0 T0 : 0x2324e @strlen+46    : add a4, a3, a6             : IntAlu :  D=0x48454e514f5e434b  flags=(IsInteger)
1461537: board.processor.cores.core: A0 T0 : 0x23252 @strlen+50    : xori a3, a3, 18446744073709551615 : IntAlu :  D=0xb6b9b0adafa0bbb3  flags=(IsInteger)
1461870: board.processor.cores.core: A0 T0 : 0x23256 @strlen+54    : c_and a4, a3               : IntAlu :  D=0x000100010f000303  flags=(IsInteger)
1462203: board.processor.cores.core: A0 T0 : 0x23258 @strlen+56    : c_and a4, a1               : IntAlu :  D=0x0000000000000000  flags=(IsInteger)
1462536: board.processor.cores.core: A0 T0 : 0x2325a @strlen+58    : c_beqz a4, -18             : IntAlu :   flags=(IsInteger|IsControl|IsDirectControl|IsCondControl)
1462869: board.processor.cores.core: A0 T0 : 0x23248 @strlen+40    : c_ld a3, 0(a5)             : MemRead :  D=0x555054554f5f454c A=0x4fbf0  flags=(IsInteger|IsLoad)
1463202: board.processor.cores.core: A0 T0 : 0x2324a @strlen+42    : c_mv a2, a5                : IntAlu :  D=0x000000000004fbf0  flags=(IsInteger)
1463535: board.processor.cores.core: A0 T0 : 0x2324c @strlen+44    : c_addi a5, 8               : IntAlu :  D=0x000000000004fbf8  flags=(IsInteger)
1464201: board.processor.cores.core: A0 T0 : 0x2324e @strlen+46    : add a4, a3, a6             : IntAlu :  D=0x544f53544e5e444b  flags=(IsInteger)
1464867: board.processor.cores.core: A0 T0 : 0x23252 @strlen+50    : xori a3, a3, 18446744073709551615 : IntAlu :  D=0xaaafabaab0a0bab3  flags=(IsInteger)
1465200: board.processor.cores.core: A0 T0 : 0x23256 @strlen+54    : c_and a4, a3               : IntAlu :  D=0x000f030000000003  flags=(IsInteger)
1465533: board.processor.cores.core: A0 T0 : 0x23258 @strlen+56    : c_and a4, a1               : IntAlu :  D=0x0000000000000000  flags=(IsInteger)
1465866: board.processor.cores.core: A0 T0 : 0x2325a @strlen+58    : c_beqz a4, -18             : IntAlu :   flags=(IsInteger|IsControl|IsDirectControl|IsCondControl)
1466199: board.processor.cores.core: A0 T0 : 0x23248 @strlen+40    : c_ld a3, 0(a5)             : MemRead :  D=0x0000000000000054 A=0x4fbf8  flags=(IsInteger|IsLoad)
1466532: board.processor.cores.core: A0 T0 : 0x2324a @strlen+42    : c_mv a2, a5                : IntAlu :  D=0x000000000004fbf8  flags=(IsInteger)
1466865: board.processor.cores.core: A0 T0 : 0x2324c @strlen+44    : c_addi a5, 8               : IntAlu :  D=0x000000000004fc00  flags=(IsInteger)
1467531: board.processor.cores.core: A0 T0 : 0x2324e @strlen+46    : add a4, a3, a6             : IntAlu :  D=0xfefefefefefeff53  flags=(IsInteger)
1468197: board.processor.cores.core: A0 T0 : 0x23252 @strlen+50    : xori a3, a3, 18446744073709551615 : IntAlu :  D=0xffffffffffffffab  flags=(IsInteger)
1468530: board.processor.cores.core: A0 T0 : 0x23256 @strlen+54    : c_and a4, a3               : IntAlu :  D=0xfefefefefefeff03  flags=(IsInteger)
1468863: board.processor.cores.core: A0 T0 : 0x23258 @strlen+56    : c_and a4, a1               : IntAlu :  D=0x8080808080808000  flags=(IsInteger)
1469196: board.processor.cores.core: A0 T0 : 0x2325a @strlen+58    : c_beqz a4, -18             : IntAlu :   flags=(IsInteger|IsControl|IsDirectControl|IsCondControl)
1469529: board.processor.cores.core: A0 T0 : 0x2325c @strlen+60    : lbu a4, -8(a5)             : MemRead :  D=0x0000000000000054 A=0x4fbf8  flags=(IsInteger|IsLoad)
1469862: board.processor.cores.core: A0 T0 : 0x23260 @strlen+64    : c_beqz a4, 52              : IntAlu :   flags=(IsInteger|IsControl|IsDirectControl|IsCondControl)
1470528: board.processor.cores.core: A0 T0 : 0x23262 @strlen+66    : lbu a4, -7(a5)             : MemRead :  D=0x0000000000000000 A=0x4fbf9  flags=(IsInteger|IsLoad)
1470861: board.processor.cores.core: A0 T0 : 0x23266 @strlen+70    : c_beqz a4, 52              : IntAlu :   flags=(IsInteger|IsControl|IsDirectControl|IsCondControl)
1471194: board.processor.cores.core: A0 T0 : 0x2329a @strlen+122    : c_sub a2, a0               : IntAlu :  D=0x0000000000000010  flags=(IsInteger)
1471527: board.processor.cores.core: A0 T0 : 0x2329c @strlen+124    : addi a0, a2, 1             : IntAlu :  D=0x0000000000000011  flags=(IsInteger)
1471860: board.processor.cores.core: A0 T0 : 0x232a0 @strlen+128    : c_jr ra                    : IntAlu :   flags=(IsInteger|IsControl|IsIndirectControl|IsUncondControl|IsReturn)
1472193: board.processor.cores.core: A0 T0 : 0x143a0 @getenv+128    : c_ld s0, 0(s1)             : MemRead :  D=0x0000000000000000 A=0x7fffffffffffff18  flags=(IsInteger|IsLoad)
1472526: board.processor.cores.core: A0 T0 : 0x143a2 @getenv+130    : c_mv s5, a0                : IntAlu :  D=0x0000000000000011  flags=(IsInteger)
1472859: board.processor.cores.core: A0 T0 : 0x143a4 @getenv+132    : addi s6, a0, -2            : IntAlu :  D=0x000000000000000f  flags=(IsInteger)
1473192: board.processor.cores.core: A0 T0 : 0x143a8 @getenv+136    : c_addi s4, 2               : IntAlu :  D=0x000000000004fbea  flags=(IsInteger)
1473525: board.processor.cores.core: A0 T0 : 0x143aa @getenv+138    : c_beqz s0, -36             : IntAlu :   flags=(IsInteger|IsControl|IsDirectControl|IsCondControl)
1473858: board.processor.cores.core: A0 T0 : 0x14386 @getenv+102    : c_ldsp ra, 56(sp)          : MemRead :  D=0x0000000000027cdc A=0x7ffffffffffffca8  flags=(IsInteger|IsLoad)
1474191: board.processor.cores.core: A0 T0 : 0x14388 @getenv+104    : c_mv a0, s0                : IntAlu :  D=0x0000000000000000  flags=(IsInteger)
1474524: board.processor.cores.core: A0 T0 : 0x1438a @getenv+106    : c_ldsp s0, 48(sp)          : MemRead :  D=0x000000000006fe60 A=0x7ffffffffffffca0  flags=(IsInteger|IsLoad)
1474857: board.processor.cores.core: A0 T0 : 0x1438c @getenv+108    : c_ldsp s1, 40(sp)          : MemRead :  D=0x0000000000000000 A=0x7ffffffffffffc98  flags=(IsInteger|IsLoad)
1475190: board.processor.cores.core: A0 T0 : 0x1438e @getenv+110    : c_ldsp s2, 32(sp)          : MemRead :  D=0x7fffffffffffff18 A=0x7ffffffffffffc90  flags=(IsInteger|IsLoad)
1475523: board.processor.cores.core: A0 T0 : 0x14390 @getenv+112    : c_ldsp s3, 24(sp)          : MemRead :  D=0x0000000000000000 A=0x7ffffffffffffc88  flags=(IsInteger|IsLoad)
1475856: board.processor.cores.core: A0 T0 : 0x14392 @getenv+114    : c_ldsp s4, 16(sp)          : MemRead :  D=0x0000000000070000 A=0x7ffffffffffffc80  flags=(IsInteger|IsLoad)
1476189: board.processor.cores.core: A0 T0 : 0x14394 @getenv+116    : c_ldsp s5, 8(sp)           : MemRead :  D=0x00000000ffffffff A=0x7ffffffffffffc78  flags=(IsInteger|IsLoad)
1476522: board.processor.cores.core: A0 T0 : 0x14396 @getenv+118    : c_ldsp s6, 0(sp)           : MemRead :  D=0x000000000000003a A=0x7ffffffffffffc70  flags=(IsInteger|IsLoad)
1476855: board.processor.cores.core: A0 T0 : 0x14398 @getenv+120    : c_addi16sp sp, 64          : IntAlu :  D=0x7ffffffffffffcb0  flags=(IsInteger)
1477188: board.processor.cores.core: A0 T0 : 0x1439a @getenv+122    : c_jr ra                    : IntAlu :   flags=(IsInteger|IsControl|IsIndirectControl|IsUncondControl|IsReturn)
1477521: board.processor.cores.core: A0 T0 : 0x27cdc @_dl_non_dynamic_init+1132    : sd a0, -1064(gp)           : MemWrite :  D=0x0000000000000000 A=0x70ca0  flags=(IsInteger|IsStore)
1477854: board.processor.cores.core: A0 T0 : 0x27ce0 @_dl_non_dynamic_init+1136    : c_beqz a0, 10              : IntAlu :   flags=(IsInteger|IsControl|IsDirectControl|IsCondControl)
1478520: board.processor.cores.core: A0 T0 : 0x27cea @_dl_non_dynamic_init+1146    : lui a5, 111                : IntAlu :  D=0x000000000006f000  flags=(IsInteger)
1479186: board.processor.cores.core: A0 T0 : 0x27cee @_dl_non_dynamic_init+1150    : lw a5, -48(a5)             : MemRead :  D=0x0000000000000000 A=0x6efd0  flags=(IsInteger|IsLoad)
1479852: board.processor.cores.core: A0 T0 : 0x27cf2 @_dl_non_dynamic_init+1154    : beq a5, ft0, 352           : IntAlu :   flags=(IsInteger|IsControl|IsDirectControl|IsCondControl)
1480518: board.processor.cores.core: A0 T0 : 0x27e52 @_dl_non_dynamic_init+1506    : lui a3, 80                 : IntAlu :  D=0x0000000000050000  flags=(IsInteger)
1481184: board.processor.cores.core: A0 T0 : 0x27e56 @_dl_non_dynamic_init+1510    : addi a3, a3, -1768         : IntAlu :  D=0x000000000004f918  flags=(IsInteger)
1481517: board.processor.cores.core: A0 T0 : 0x27e5a @_dl_non_dynamic_init+1514    : c_j -348                   : IntAlu :   flags=(IsControl|IsDirectControl|IsUncondControl)
1482183: board.processor.cores.core: A0 T0 : 0x27cfe @_dl_non_dynamic_init+1166    : sd a3, -1064(gp)           : MemWrite :  D=0x000000000004f918 A=0x70ca0  flags=(IsInteger|IsStore)
1482516: board.processor.cores.core: A0 T0 : 0x27d02 @_dl_non_dynamic_init+1170    : c_beqz a5, 40              : IntAlu :   flags=(IsInteger|IsControl|IsDirectControl|IsCondControl)
1483182: board.processor.cores.core: A0 T0 : 0x27d2a @_dl_non_dynamic_init+1210    : lui a0, 80                 : IntAlu :  D=0x0000000000050000  flags=(IsInteger)
1483848: board.processor.cores.core: A0 T0 : 0x27d2e @_dl_non_dynamic_init+1214    : addi a0, a0, -1024         : IntAlu :  D=0x000000000004fc00  flags=(IsInteger)
1484514: board.processor.cores.core: A0 T0 : 0x27d32 @_dl_non_dynamic_init+1218    : jal ra, -80402             : IntAlu :  D=0x0000000000027d36  flags=(IsInteger|IsControl|IsDirectControl|IsUncondControl|IsCall)
1484847: board.processor.cores.core: A0 T0 : 0x14320 @getenv    : c_addi16sp sp, -64         : IntAlu :  D=0x7ffffffffffffc70  flags=(IsInteger)
1485180: board.processor.cores.core: A0 T0 : 0x14322 @getenv+2    : c_sdsp s1, 40(sp)          : MemWrite :  D=0x0000000000000000 A=0x7ffffffffffffc98  flags=(IsInteger|IsStore)
1485513: board.processor.cores.core: A0 T0 : 0x14324 @getenv+4    : ld s1, -1232(gp)           : MemRead :  D=0x7fffffffffffff18 A=0x70bf8  flags=(IsInteger|IsLoad)
1485846: board.processor.cores.core: A0 T0 : 0x14328 @getenv+8    : c_sdsp ra, 56(sp)          : MemWrite :  D=0x0000000000027d36 A=0x7ffffffffffffca8  flags=(IsInteger|IsStore)
1486179: board.processor.cores.core: A0 T0 : 0x1432a @getenv+10    : c_sdsp s0, 48(sp)          : MemWrite :  D=0x000000000006fe60 A=0x7ffffffffffffca0  flags=(IsInteger|IsStore)
1486512: board.processor.cores.core: A0 T0 : 0x1432c @getenv+12    : c_sdsp s2, 32(sp)          : MemWrite :  D=0x7fffffffffffff18 A=0x7ffffffffffffc90  flags=(IsInteger|IsStore)
1486845: board.processor.cores.core: A0 T0 : 0x1432e @getenv+14    : c_sdsp s3, 24(sp)          : MemWrite :  D=0x0000000000000000 A=0x7ffffffffffffc88  flags=(IsInteger|IsStore)
1487178: board.processor.cores.core: A0 T0 : 0x14330 @getenv+16    : c_sdsp s4, 16(sp)          : MemWrite :  D=0x0000000000070000 A=0x7ffffffffffffc80  flags=(IsInteger|IsStore)
1487511: board.processor.cores.core: A0 T0 : 0x14332 @getenv+18    : c_sdsp s5, 8(sp)           : MemWrite :  D=0x00000000ffffffff A=0x7ffffffffffffc78  flags=(IsInteger|IsStore)
1487844: board.processor.cores.core: A0 T0 : 0x14334 @getenv+20    : c_sdsp s6, 0(sp)           : MemWrite :  D=0x000000000000003a A=0x7ffffffffffffc70  flags=(IsInteger|IsStore)
1488177: board.processor.cores.core: A0 T0 : 0x14336 @getenv+22    : c_beqz s1, 184             : IntAlu :   flags=(IsInteger|IsControl|IsDirectControl|IsCondControl)
1488510: board.processor.cores.core: A0 T0 : 0x14338 @getenv+24    : lbu s3, 0(a0)              : MemRead :  D=0x000000000000004c A=0x4fc00  flags=(IsInteger|IsLoad)
1488843: board.processor.cores.core: A0 T0 : 0x1433c @getenv+28    : c_mv s4, a0                : IntAlu :  D=0x000000000004fc00  flags=(IsInteger)
1489509: board.processor.cores.core: A0 T0 : 0x1433e @getenv+30    : beq s3, ft0, 176           : IntAlu :   flags=(IsInteger|IsControl|IsDirectControl|IsCondControl)
1490175: board.processor.cores.core: A0 T0 : 0x14342 @getenv+34    : lbu s2, 1(a0)              : MemRead :  D=0x0000000000000044 A=0x4fc01  flags=(IsInteger|IsLoad)
1490841: board.processor.cores.core: A0 T0 : 0x14346 @getenv+38    : bne s2, ft0, 86            : IntAlu :   flags=(IsInteger|IsControl|IsDirectControl|IsCondControl)
1491174: board.processor.cores.core: A0 T0 : 0x1439c @getenv+124    : jal ra, 61060              : IntAlu :  D=0x00000000000143a0  flags=(IsInteger|IsControl|IsDirectControl|IsUncondControl|IsCall)
1491507: board.processor.cores.core: A0 T0 : 0x23220 @strlen    : andi a5, a0, 7             : IntAlu :  D=0x0000000000000000  flags=(IsInteger)
1491840: board.processor.cores.core: A0 T0 : 0x23224 @strlen+4    : c_beqz a5, 26              : IntAlu :   flags=(IsInteger|IsControl|IsDirectControl|IsCondControl)
1492173: board.processor.cores.core: A0 T0 : 0x2323e @strlen+30    : c_mv a5, a0                : IntAlu :  D=0x000000000004fc00  flags=(IsInteger)
1492506: board.processor.cores.core: A0 T0 : 0x23240 @strlen+32    : ld a6, -2024(gp)           : MemRead :  D=0xfefefefefefefeff A=0x708e0  flags=(IsInteger|IsLoad)
1492839: board.processor.cores.core: A0 T0 : 0x23244 @strlen+36    : ld a1, -2016(gp)           : MemRead :  D=0x8080808080808080 A=0x708e8  flags=(IsInteger|IsLoad)
1493172: board.processor.cores.core: A0 T0 : 0x23248 @strlen+40    : c_ld a3, 0(a5)             : MemRead :  D=0x4d555353415f444c A=0x4fc00  flags=(IsInteger|IsLoad)
1493505: board.processor.cores.core: A0 T0 : 0x2324a @strlen+42    : c_mv a2, a5                : IntAlu :  D=0x000000000004fc00  flags=(IsInteger)
1493838: board.processor.cores.core: A0 T0 : 0x2324c @strlen+44    : c_addi a5, 8               : IntAlu :  D=0x000000000004fc08  flags=(IsInteger)
1494504: board.processor.cores.core: A0 T0 : 0x2324e @strlen+46    : add a4, a3, a6             : IntAlu :  D=0x4c545252405e434b  flags=(IsInteger)
1495170: board.processor.cores.core: A0 T0 : 0x23252 @strlen+50    : xori a3, a3, 18446744073709551615 : IntAlu :  D=0xb2aaacacbea0bbb3  flags=(IsInteger)
1495503: board.processor.cores.core: A0 T0 : 0x23256 @strlen+54    : c_and a4, a3               : IntAlu :  D=0x0000000000000303  flags=(IsInteger)
1495836: board.processor.cores.core: A0 T0 : 0x23258 @strlen+56    : c_and a4, a1               : IntAlu :  D=0x0000000000000000  flags=(IsInteger)
1496169: board.processor.cores.core: A0 T0 : 0x2325a @strlen+58    : c_beqz a4, -18             : IntAlu :   flags=(IsInteger|IsControl|IsDirectControl|IsCondControl)
1496502: board.processor.cores.core: A0 T0 : 0x23248 @strlen+40    : c_ld a3, 0(a5)             : MemRead :  D=0x4c454e52454b5f45 A=0x4fc08  flags=(IsInteger|IsLoad)
1496835: board.processor.cores.core: A0 T0 : 0x2324a @strlen+42    : c_mv a2, a5                : IntAlu :  D=0x000000000004fc08  flags=(IsInteger)
1497168: board.processor.cores.core: A0 T0 : 0x2324c @strlen+44    : c_addi a5, 8               : IntAlu :  D=0x000000000004fc10  flags=(IsInteger)
1497834: board.processor.cores.core: A0 T0 : 0x2324e @strlen+46    : add a4, a3, a6             : IntAlu :  D=0x4b444d51444a5e44  flags=(IsInteger)
1498500: board.processor.cores.core: A0 T0 : 0x23252 @strlen+50    : xori a3, a3, 18446744073709551615 : IntAlu :  D=0xb3bab1adbab4a0ba  flags=(IsInteger)
1498833: board.processor.cores.core: A0 T0 : 0x23256 @strlen+54    : c_and a4, a3               : IntAlu :  D=0x0300010100000000  flags=(IsInteger)
1499166: board.processor.cores.core: A0 T0 : 0x23258 @strlen+56    : c_and a4, a1               : IntAlu :  D=0x0000000000000000  flags=(IsInteger)
1499499: board.processor.cores.core: A0 T0 : 0x2325a @strlen+58    : c_beqz a4, -18             : IntAlu :   flags=(IsInteger|IsControl|IsDirectControl|IsCondControl)
1499832: board.processor.cores.core: A0 T0 : 0x23248 @strlen+40    : c_ld a3, 0(a5)             : MemRead :  D=0x0000000000000000 A=0x4fc10  flags=(IsInteger|IsLoad)
1500165: board.processor.cores.core: A0 T0 : 0x2324a @strlen+42    : c_mv a2, a5                : IntAlu :  D=0x000000000004fc10  flags=(IsInteger)
1500498: board.processor.cores.core: A0 T0 : 0x2324c @strlen+44    : c_addi a5, 8               : IntAlu :  D=0x000000000004fc18  flags=(IsInteger)
1501164: board.processor.cores.core: A0 T0 : 0x2324e @strlen+46    : add a4, a3, a6             : IntAlu :  D=0xfefefefefefefeff  flags=(IsInteger)
1501830: board.processor.cores.core: A0 T0 : 0x23252 @strlen+50    : xori a3, a3, 18446744073709551615 : IntAlu :  D=0xffffffffffffffff  flags=(IsInteger)
1502163: board.processor.cores.core: A0 T0 : 0x23256 @strlen+54    : c_and a4, a3               : IntAlu :  D=0xfefefefefefefeff  flags=(IsInteger)
1502496: board.processor.cores.core: A0 T0 : 0x23258 @strlen+56    : c_and a4, a1               : IntAlu :  D=0x8080808080808080  flags=(IsInteger)
1502829: board.processor.cores.core: A0 T0 : 0x2325a @strlen+58    : c_beqz a4, -18             : IntAlu :   flags=(IsInteger|IsControl|IsDirectControl|IsCondControl)
1503162: board.processor.cores.core: A0 T0 : 0x2325c @strlen+60    : lbu a4, -8(a5)             : MemRead :  D=0x0000000000000000 A=0x4fc10  flags=(IsInteger|IsLoad)
1503495: board.processor.cores.core: A0 T0 : 0x23260 @strlen+64    : c_beqz a4, 52              : IntAlu :   flags=(IsInteger|IsControl|IsDirectControl|IsCondControl)
1503828: board.processor.cores.core: A0 T0 : 0x23294 @strlen+116    : sub a0, a2, a0             : IntAlu :  D=0x0000000000000010  flags=(IsInteger)
1504161: board.processor.cores.core: A0 T0 : 0x23298 @strlen+120    : c_jr ra                    : IntAlu :   flags=(IsInteger|IsControl|IsIndirectControl|IsUncondControl|IsReturn)
1504494: board.processor.cores.core: A0 T0 : 0x143a0 @getenv+128    : c_ld s0, 0(s1)             : MemRead :  D=0x0000000000000000 A=0x7fffffffffffff18  flags=(IsInteger|IsLoad)
1504827: board.processor.cores.core: A0 T0 : 0x143a2 @getenv+130    : c_mv s5, a0                : IntAlu :  D=0x0000000000000010  flags=(IsInteger)
1505160: board.processor.cores.core: A0 T0 : 0x143a4 @getenv+132    : addi s6, a0, -2            : IntAlu :  D=0x000000000000000e  flags=(IsInteger)
1505493: board.processor.cores.core: A0 T0 : 0x143a8 @getenv+136    : c_addi s4, 2               : IntAlu :  D=0x000000000004fc02  flags=(IsInteger)
1505826: board.processor.cores.core: A0 T0 : 0x143aa @getenv+138    : c_beqz s0, -36             : IntAlu :   flags=(IsInteger|IsControl|IsDirectControl|IsCondControl)
1506159: board.processor.cores.core: A0 T0 : 0x14386 @getenv+102    : c_ldsp ra, 56(sp)          : MemRead :  D=0x0000000000027d36 A=0x7ffffffffffffca8  flags=(IsInteger|IsLoad)
1506492: board.processor.cores.core: A0 T0 : 0x14388 @getenv+104    : c_mv a0, s0                : IntAlu :  D=0x0000000000000000  flags=(IsInteger)
1506825: board.processor.cores.core: A0 T0 : 0x1438a @getenv+106    : c_ldsp s0, 48(sp)          : MemRead :  D=0x000000000006fe60 A=0x7ffffffffffffca0  flags=(IsInteger|IsLoad)
1507158: board.processor.cores.core: A0 T0 : 0x1438c @getenv+108    : c_ldsp s1, 40(sp)          : MemRead :  D=0x0000000000000000 A=0x7ffffffffffffc98  flags=(IsInteger|IsLoad)
1507491: board.processor.cores.core: A0 T0 : 0x1438e @getenv+110    : c_ldsp s2, 32(sp)          : MemRead :  D=0x7fffffffffffff18 A=0x7ffffffffffffc90  flags=(IsInteger|IsLoad)
1507824: board.processor.cores.core: A0 T0 : 0x14390 @getenv+112    : c_ldsp s3, 24(sp)          : MemRead :  D=0x0000000000000000 A=0x7ffffffffffffc88  flags=(IsInteger|IsLoad)
1508157: board.processor.cores.core: A0 T0 : 0x14392 @getenv+114    : c_ldsp s4, 16(sp)          : MemRead :  D=0x0000000000070000 A=0x7ffffffffffffc80  flags=(IsInteger|IsLoad)
1508490: board.processor.cores.core: A0 T0 : 0x14394 @getenv+116    : c_ldsp s5, 8(sp)           : MemRead :  D=0x00000000ffffffff A=0x7ffffffffffffc78  flags=(IsInteger|IsLoad)
1508823: board.processor.cores.core: A0 T0 : 0x14396 @getenv+118    : c_ldsp s6, 0(sp)           : MemRead :  D=0x000000000000003a A=0x7ffffffffffffc70  flags=(IsInteger|IsLoad)
1509156: board.processor.cores.core: A0 T0 : 0x14398 @getenv+120    : c_addi16sp sp, 64          : IntAlu :  D=0x7ffffffffffffcb0  flags=(IsInteger)
1509489: board.processor.cores.core: A0 T0 : 0x1439a @getenv+122    : c_jr ra                    : IntAlu :   flags=(IsInteger|IsControl|IsIndirectControl|IsUncondControl|IsReturn)
1509822: board.processor.cores.core: A0 T0 : 0x27d36 @_dl_non_dynamic_init+1222    : c_mv s10, a0               : IntAlu :  D=0x0000000000000000  flags=(IsInteger)
1510155: board.processor.cores.core: A0 T0 : 0x27d38 @_dl_non_dynamic_init+1224    : c_beqz a0, 68              : IntAlu :   flags=(IsInteger|IsControl|IsDirectControl|IsCondControl)
1510488: board.processor.cores.core: A0 T0 : 0x27d7c @_dl_non_dynamic_init+1292    : ld a0, -1024(gp)           : MemRead :  D=0x0000000000000000 A=0x70cc8  flags=(IsInteger|IsLoad)
1510821: board.processor.cores.core: A0 T0 : 0x27d80 @_dl_non_dynamic_init+1296    : c_beqz a0, 10              : IntAlu :   flags=(IsInteger|IsControl|IsDirectControl|IsCondControl)
1511487: board.processor.cores.core: A0 T0 : 0x27d8a @_dl_non_dynamic_init+1306    : ld a5, -1152(gp)           : MemRead :  D=0x0000000000010040 A=0x70c48  flags=(IsInteger|IsLoad)
1511820: board.processor.cores.core: A0 T0 : 0x27d8e @_dl_non_dynamic_init+1310    : c_beqz a5, 98              : IntAlu :   flags=(IsInteger|IsControl|IsDirectControl|IsCondControl)
1512153: board.processor.cores.core: A0 T0 : 0x27d90 @_dl_non_dynamic_init+1312    : ld a4, -1160(gp)           : MemRead :  D=0x0000000000000007 A=0x70c40  flags=(IsInteger|IsLoad)
1512486: board.processor.cores.core: A0 T0 : 0x27d94 @_dl_non_dynamic_init+1316    : slli a3, a4, 3             : IntAlu :  D=0x0000000000000038  flags=(IsInteger)
1512819: board.processor.cores.core: A0 T0 : 0x27d98 @_dl_non_dynamic_init+1320    : c_sub a3, a4               : IntAlu :  D=0x0000000000000031  flags=(IsInteger)
1513152: board.processor.cores.core: A0 T0 : 0x27d9a @_dl_non_dynamic_init+1322    : c_slli a3, 3               : IntAlu :  D=0x0000000000000188  flags=(IsInteger)
1513485: board.processor.cores.core: A0 T0 : 0x27d9c @_dl_non_dynamic_init+1324    : c_add a3, a5               : IntAlu :  D=0x00000000000101c8  flags=(IsInteger)
1514151: board.processor.cores.core: A0 T0 : 0x27d9e @_dl_non_dynamic_init+1326    : bgeu a5, a3, 82            : IntAlu :   flags=(IsInteger|IsControl|IsDirectControl|IsCondControl)
1514817: board.processor.cores.core: A0 T0 : 0x27da2 @_dl_non_dynamic_init+1330    : lui a2, 411470             : IntAlu :  D=0x000000006474e000  flags=(IsInteger)
1515483: board.processor.cores.core: A0 T0 : 0x27da6 @_dl_non_dynamic_init+1334    : addi a1, a2, 1361          : IntAlu :  D=0x000000006474e551  flags=(IsInteger)
1515816: board.processor.cores.core: A0 T0 : 0x27daa @_dl_non_dynamic_init+1338    : c_li a0, 0                 : IntAlu :  D=0x0000000000000000  flags=(IsInteger)
1516149: board.processor.cores.core: A0 T0 : 0x27dac @_dl_non_dynamic_init+1340    : c_li a6, 0                 : IntAlu :  D=0x0000000000000000  flags=(IsInteger)
1516815: board.processor.cores.core: A0 T0 : 0x27dae @_dl_non_dynamic_init+1342    : addi a2, a2, 1362          : IntAlu :  D=0x000000006474e552  flags=(IsInteger)
1517148: board.processor.cores.core: A0 T0 : 0x27db2 @_dl_non_dynamic_init+1346    : c_j 24                     : IntAlu :   flags=(IsControl|IsDirectControl|IsUncondControl)
1517481: board.processor.cores.core: A0 T0 : 0x27dca @_dl_non_dynamic_init+1370    : c_lw a4, 0(a5)             : MemRead :  D=0x0000000070000003 A=0x10040  flags=(IsInteger|IsLoad)
1517814: board.processor.cores.core: A0 T0 : 0x27dcc @_dl_non_dynamic_init+1372    : bne a4, a1, -24            : IntAlu :   flags=(IsInteger|IsControl|IsDirectControl|IsCondControl)
1518147: board.processor.cores.core: A0 T0 : 0x27db4 @_dl_non_dynamic_init+1348    : bne a4, a2, 14             : IntAlu :   flags=(IsInteger|IsControl|IsDirectControl|IsCondControl)
1518813: board.processor.cores.core: A0 T0 : 0x27dc2 @_dl_non_dynamic_init+1362    : addi a5, a5, 56            : IntAlu :  D=0x0000000000010078  flags=(IsInteger)
1519479: board.processor.cores.core: A0 T0 : 0x27dc6 @_dl_non_dynamic_init+1366    : bgeu a5, a3, 22            : IntAlu :   flags=(IsInteger|IsControl|IsDirectControl|IsCondControl)
1519812: board.processor.cores.core: A0 T0 : 0x27dca @_dl_non_dynamic_init+1370    : c_lw a4, 0(a5)             : MemRead :  D=0x0000000000000001 A=0x10078  flags=(IsInteger|IsLoad)
1520145: board.processor.cores.core: A0 T0 : 0x27dcc @_dl_non_dynamic_init+1372    : bne a4, a1, -24            : IntAlu :   flags=(IsInteger|IsControl|IsDirectControl|IsCondControl)
1520478: board.processor.cores.core: A0 T0 : 0x27db4 @_dl_non_dynamic_init+1348    : bne a4, a2, 14             : IntAlu :   flags=(IsInteger|IsControl|IsDirectControl|IsCondControl)
1521144: board.processor.cores.core: A0 T0 : 0x27dc2 @_dl_non_dynamic_init+1362    : addi a5, a5, 56            : IntAlu :  D=0x00000000000100b0  flags=(IsInteger)
1521810: board.processor.cores.core: A0 T0 : 0x27dc6 @_dl_non_dynamic_init+1366    : bgeu a5, a3, 22            : IntAlu :   flags=(IsInteger|IsControl|IsDirectControl|IsCondControl)
1522143: board.processor.cores.core: A0 T0 : 0x27dca @_dl_non_dynamic_init+1370    : c_lw a4, 0(a5)             : MemRead :  D=0x0000000000000001 A=0x100b0  flags=(IsInteger|IsLoad)
1522476: board.processor.cores.core: A0 T0 : 0x27dcc @_dl_non_dynamic_init+1372    : bne a4, a1, -24            : IntAlu :   flags=(IsInteger|IsControl|IsDirectControl|IsCondControl)
1522809: board.processor.cores.core: A0 T0 : 0x27db4 @_dl_non_dynamic_init+1348    : bne a4, a2, 14             : IntAlu :   flags=(IsInteger|IsControl|IsDirectControl|IsCondControl)
1523475: board.processor.cores.core: A0 T0 : 0x27dc2 @_dl_non_dynamic_init+1362    : addi a5, a5, 56            : IntAlu :  D=0x00000000000100e8  flags=(IsInteger)
1524141: board.processor.cores.core: A0 T0 : 0x27dc6 @_dl_non_dynamic_init+1366    : bgeu a5, a3, 22            : IntAlu :   flags=(IsInteger|IsControl|IsDirectControl|IsCondControl)
1524474: board.processor.cores.core: A0 T0 : 0x27dca @_dl_non_dynamic_init+1370    : c_lw a4, 0(a5)             : MemRead :  D=0x0000000000000004 A=0x100e8  flags=(IsInteger|IsLoad)
1524807: board.processor.cores.core: A0 T0 : 0x27dcc @_dl_non_dynamic_init+1372    : bne a4, a1, -24            : IntAlu :   flags=(IsInteger|IsControl|IsDirectControl|IsCondControl)
1525140: board.processor.cores.core: A0 T0 : 0x27db4 @_dl_non_dynamic_init+1348    : bne a4, a2, 14             : IntAlu :   flags=(IsInteger|IsControl|IsDirectControl|IsCondControl)
1525806: board.processor.cores.core: A0 T0 : 0x27dc2 @_dl_non_dynamic_init+1362    : addi a5, a5, 56            : IntAlu :  D=0x0000000000010120  flags=(IsInteger)
1526472: board.processor.cores.core: A0 T0 : 0x27dc6 @_dl_non_dynamic_init+1366    : bgeu a5, a3, 22            : IntAlu :   flags=(IsInteger|IsControl|IsDirectControl|IsCondControl)
1526805: board.processor.cores.core: A0 T0 : 0x27dca @_dl_non_dynamic_init+1370    : c_lw a4, 0(a5)             : MemRead :  D=0x0000000000000007 A=0x10120  flags=(IsInteger|IsLoad)
1527138: board.processor.cores.core: A0 T0 : 0x27dcc @_dl_non_dynamic_init+1372    : bne a4, a1, -24            : IntAlu :   flags=(IsInteger|IsControl|IsDirectControl|IsCondControl)
1527471: board.processor.cores.core: A0 T0 : 0x27db4 @_dl_non_dynamic_init+1348    : bne a4, a2, 14             : IntAlu :   flags=(IsInteger|IsControl|IsDirectControl|IsCondControl)
1528137: board.processor.cores.core: A0 T0 : 0x27dc2 @_dl_non_dynamic_init+1362    : addi a5, a5, 56            : IntAlu :  D=0x0000000000010158  flags=(IsInteger)
1528803: board.processor.cores.core: A0 T0 : 0x27dc6 @_dl_non_dynamic_init+1366    : bgeu a5, a3, 22            : IntAlu :   flags=(IsInteger|IsControl|IsDirectControl|IsCondControl)
1529136: board.processor.cores.core: A0 T0 : 0x27dca @_dl_non_dynamic_init+1370    : c_lw a4, 0(a5)             : MemRead :  D=0x000000006474e551 A=0x10158  flags=(IsInteger|IsLoad)
1529469: board.processor.cores.core: A0 T0 : 0x27dcc @_dl_non_dynamic_init+1372    : bne a4, a1, -24            : IntAlu :   flags=(IsInteger|IsControl|IsDirectControl|IsCondControl)
1529802: board.processor.cores.core: A0 T0 : 0x27dd0 @_dl_non_dynamic_init+1376    : c_lw s1, 4(a5)             : MemRead :  D=0x0000000000000006 A=0x1015c  flags=(IsInteger|IsLoad)
1530468: board.processor.cores.core: A0 T0 : 0x27dd2 @_dl_non_dynamic_init+1378    : addi a5, a5, 56            : IntAlu :  D=0x0000000000010190  flags=(IsInteger)
1530801: board.processor.cores.core: A0 T0 : 0x27dd6 @_dl_non_dynamic_init+1382    : c_li a6, 1                 : IntAlu :  D=0x0000000000000001  flags=(IsInteger)
1531134: board.processor.cores.core: A0 T0 : 0x27dd8 @_dl_non_dynamic_init+1384    : bltu a5, a3, -14           : IntAlu :   flags=(IsInteger|IsControl|IsDirectControl|IsCondControl)
1531467: board.processor.cores.core: A0 T0 : 0x27dca @_dl_non_dynamic_init+1370    : c_lw a4, 0(a5)             : MemRead :  D=0x000000006474e552 A=0x10190  flags=(IsInteger|IsLoad)
1531800: board.processor.cores.core: A0 T0 : 0x27dcc @_dl_non_dynamic_init+1372    : bne a4, a1, -24            : IntAlu :   flags=(IsInteger|IsControl|IsDirectControl|IsCondControl)
1532133: board.processor.cores.core: A0 T0 : 0x27db4 @_dl_non_dynamic_init+1348    : bne a4, a2, 14             : IntAlu :   flags=(IsInteger|IsControl|IsDirectControl|IsCondControl)
1532466: board.processor.cores.core: A0 T0 : 0x27db8 @_dl_non_dynamic_init+1352    : c_ld a4, 16(a5)            : MemRead :  D=0x000000000006e538 A=0x101a0  flags=(IsInteger|IsLoad)
1533132: board.processor.cores.core: A0 T0 : 0x27dba @_dl_non_dynamic_init+1354    : ld s6, 40(a5)              : MemRead :  D=0x0000000000000ac8 A=0x101b8  flags=(IsInteger|IsLoad)
1533465: board.processor.cores.core: A0 T0 : 0x27dbe @_dl_non_dynamic_init+1358    : c_li a0, 1                 : IntAlu :  D=0x0000000000000001  flags=(IsInteger)
1533798: board.processor.cores.core: A0 T0 : 0x27dc0 @_dl_non_dynamic_init+1360    : c_sdsp a4, 8(sp)           : MemWrite :  D=0x000000000006e538 A=0x7ffffffffffffcb8  flags=(IsInteger|IsStore)
1534464: board.processor.cores.core: A0 T0 : 0x27dc2 @_dl_non_dynamic_init+1362    : addi a5, a5, 56            : IntAlu :  D=0x00000000000101c8  flags=(IsInteger)
1535130: board.processor.cores.core: A0 T0 : 0x27dc6 @_dl_non_dynamic_init+1366    : bgeu a5, a3, 22            : IntAlu :   flags=(IsInteger|IsControl|IsDirectControl|IsCondControl)
1535463: board.processor.cores.core: A0 T0 : 0x27ddc @_dl_non_dynamic_init+1388    : c_beqz a0, 12              : IntAlu :   flags=(IsInteger|IsControl|IsDirectControl|IsCondControl)
1535796: board.processor.cores.core: A0 T0 : 0x27dde @_dl_non_dynamic_init+1390    : c_ldsp a5, 8(sp)           : MemRead :  D=0x000000000006e538 A=0x7ffffffffffffcb8  flags=(IsInteger|IsLoad)
1536129: board.processor.cores.core: A0 T0 : 0x27de0 @_dl_non_dynamic_init+1392    : sd s6, 1120(s0)            : MemWrite :  D=0x0000000000000ac8 A=0x702c0  flags=(IsInteger|IsStore)
1536462: board.processor.cores.core: A0 T0 : 0x27de4 @_dl_non_dynamic_init+1396    : sd a5, 1112(s0)            : MemWrite :  D=0x000000000006e538 A=0x702b8  flags=(IsInteger|IsStore)
1536795: board.processor.cores.core: A0 T0 : 0x27de8 @_dl_non_dynamic_init+1400    : beq a6, ft0, 8             : IntAlu :   flags=(IsInteger|IsControl|IsDirectControl|IsCondControl)
1537128: board.processor.cores.core: A0 T0 : 0x27dec @_dl_non_dynamic_init+1404    : sw s1, -1776(gp)           : MemWrite :  D=0x0000000000000006 A=0x709d8  flags=(IsInteger|IsStore)
1537461: board.processor.cores.core: A0 T0 : 0x27df0 @_dl_non_dynamic_init+1408    : ld a5, 1120(s0)            : MemRead :  D=0x0000000000000ac8 A=0x702c0  flags=(IsInteger|IsLoad)
1537794: board.processor.cores.core: A0 T0 : 0x27df4 @_dl_non_dynamic_init+1412    : c_bnez a5, 214             : IntAlu :   flags=(IsInteger|IsControl|IsDirectControl|IsCondControl)
1538127: board.processor.cores.core: A0 T0 : 0x27eca @_dl_non_dynamic_init+1626    : c_ldsp s0, 176(sp)         : MemRead :  D=0x0000000000000001 A=0x7ffffffffffffd60  flags=(IsInteger|IsLoad)
1538460: board.processor.cores.core: A0 T0 : 0x27ecc @_dl_non_dynamic_init+1628    : c_ldsp ra, 184(sp)         : MemRead :  D=0x0000000000028344 A=0x7ffffffffffffd68  flags=(IsInteger|IsLoad)
1538793: board.processor.cores.core: A0 T0 : 0x27ece @_dl_non_dynamic_init+1630    : c_ldsp s1, 168(sp)         : MemRead :  D=0x7fffffffffffff08 A=0x7ffffffffffffd58  flags=(IsInteger|IsLoad)
1539126: board.processor.cores.core: A0 T0 : 0x27ed0 @_dl_non_dynamic_init+1632    : c_ldsp s2, 160(sp)         : MemRead :  D=0x7fffffffffffff18 A=0x7ffffffffffffd50  flags=(IsInteger|IsLoad)
1539459: board.processor.cores.core: A0 T0 : 0x27ed2 @_dl_non_dynamic_init+1634    : c_ldsp s3, 152(sp)         : MemRead :  D=0x0000000000000000 A=0x7ffffffffffffd48  flags=(IsInteger|IsLoad)
1539792: board.processor.cores.core: A0 T0 : 0x27ed4 @_dl_non_dynamic_init+1636    : c_ldsp s5, 136(sp)         : MemRead :  D=0x00000000ffffffff A=0x7ffffffffffffd38  flags=(IsInteger|IsLoad)
1540125: board.processor.cores.core: A0 T0 : 0x27ed6 @_dl_non_dynamic_init+1638    : c_ldsp s6, 128(sp)         : MemRead :  D=0x000000000000003a A=0x7ffffffffffffd30  flags=(IsInteger|IsLoad)
1540458: board.processor.cores.core: A0 T0 : 0x27ed8 @_dl_non_dynamic_init+1640    : c_ldsp s7, 120(sp)         : MemRead :  D=0x0000000000000000 A=0x7ffffffffffffd28  flags=(IsInteger|IsLoad)
1540791: board.processor.cores.core: A0 T0 : 0x27eda @_dl_non_dynamic_init+1642    : c_ldsp s8, 112(sp)         : MemRead :  D=0x0000000000000000 A=0x7ffffffffffffd20  flags=(IsInteger|IsLoad)
1541124: board.processor.cores.core: A0 T0 : 0x27edc @_dl_non_dynamic_init+1644    : c_ldsp s9, 104(sp)         : MemRead :  D=0x0000000000000000 A=0x7ffffffffffffd18  flags=(IsInteger|IsLoad)
1541457: board.processor.cores.core: A0 T0 : 0x27ede @_dl_non_dynamic_init+1646    : c_ldsp s10, 96(sp)         : MemRead :  D=0x0000000000000000 A=0x7ffffffffffffd10  flags=(IsInteger|IsLoad)
1541790: board.processor.cores.core: A0 T0 : 0x27ee0 @_dl_non_dynamic_init+1648    : c_ldsp s11, 88(sp)         : MemRead :  D=0x0000000000000000 A=0x7ffffffffffffd08  flags=(IsInteger|IsLoad)
1542456: board.processor.cores.core: A0 T0 : 0x27ee2 @_dl_non_dynamic_init+1650    : addi a0, s4, -416          : IntAlu :  D=0x000000000006fe60  flags=(IsInteger)
1542789: board.processor.cores.core: A0 T0 : 0x27ee6 @_dl_non_dynamic_init+1654    : c_ldsp s4, 144(sp)         : MemRead :  D=0x00000000000103b0 A=0x7ffffffffffffd40  flags=(IsInteger|IsLoad)
1543122: board.processor.cores.core: A0 T0 : 0x27ee8 @_dl_non_dynamic_init+1656    : c_addi16sp sp, 192         : IntAlu :  D=0x7ffffffffffffd70  flags=(IsInteger)
1543788: board.processor.cores.core: A0 T0 : 0x27eea @_dl_non_dynamic_init+1658    : jal ft0, 94536             : IntAlu :  D=0x0000000000027eee  flags=(IsInteger|IsControl|IsDirectControl|IsUncondControl)
1544121: board.processor.cores.core: A0 T0 : 0x3f032 @_dl_protect_relro    : c_ld a5, 0(a0)             : MemRead :  D=0x0000000000000000 A=0x6fe60  flags=(IsInteger|IsLoad)
1544454: board.processor.cores.core: A0 T0 : 0x3f034 @_dl_protect_relro+2    : ld a3, 1112(a0)            : MemRead :  D=0x000000000006e538 A=0x702b8  flags=(IsInteger|IsLoad)
1544787: board.processor.cores.core: A0 T0 : 0x3f038 @_dl_protect_relro+6    : ld a1, 1120(a0)            : MemRead :  D=0x0000000000000ac8 A=0x702c0  flags=(IsInteger|IsLoad)
1545120: board.processor.cores.core: A0 T0 : 0x3f03c @_dl_protect_relro+10    : ld a4, -1760(gp)           : MemRead :  D=0x0000000000001000 A=0x709e8  flags=(IsInteger|IsLoad)
1545453: board.processor.cores.core: A0 T0 : 0x3f040 @_dl_protect_relro+14    : c_add a5, a3               : IntAlu :  D=0x000000000006e538  flags=(IsInteger)
1545786: board.processor.cores.core: A0 T0 : 0x3f042 @_dl_protect_relro+16    : c_addi sp, -16             : IntAlu :  D=0x7ffffffffffffd60  flags=(IsInteger)
1546119: board.processor.cores.core: A0 T0 : 0x3f044 @_dl_protect_relro+18    : sub a4, ft0, a4            : IntAlu :  D=0xfffffffffffff000  flags=(IsInteger)
1546452: board.processor.cores.core: A0 T0 : 0x3f048 @_dl_protect_relro+22    : c_add a1, a5               : IntAlu :  D=0x000000000006f000  flags=(IsInteger)
1546785: board.processor.cores.core: A0 T0 : 0x3f04a @_dl_protect_relro+24    : c_sdsp s0, 0(sp)           : MemWrite :  D=0x0000000000000001 A=0x7ffffffffffffd60  flags=(IsInteger|IsStore)
1547118: board.processor.cores.core: A0 T0 : 0x3f04c @_dl_protect_relro+26    : c_sdsp ra, 8(sp)           : MemWrite :  D=0x0000000000028344 A=0x7ffffffffffffd68  flags=(IsInteger|IsStore)
1547451: board.processor.cores.core: A0 T0 : 0x3f04e @_dl_protect_relro+28    : c_mv s0, a0                : IntAlu :  D=0x000000000006fe60  flags=(IsInteger)
1547784: board.processor.cores.core: A0 T0 : 0x3f050 @_dl_protect_relro+30    : c_and a1, a4               : IntAlu :  D=0x000000000006f000  flags=(IsInteger)
1548450: board.processor.cores.core: A0 T0 : 0x3f052 @_dl_protect_relro+32    : and a0, a5, a4             : IntAlu :  D=0x000000000006e000  flags=(IsInteger)
1549116: board.processor.cores.core: A0 T0 : 0x3f056 @_dl_protect_relro+36    : bne a0, a1, 12             : IntAlu :   flags=(IsInteger|IsControl|IsDirectControl|IsCondControl)
1549449: board.processor.cores.core: A0 T0 : 0x3f062 @_dl_protect_relro+48    : c_li a2, 1                 : IntAlu :  D=0x0000000000000001  flags=(IsInteger)
1549782: board.processor.cores.core: A0 T0 : 0x3f064 @_dl_protect_relro+50    : c_sub a1, a0               : IntAlu :  D=0x0000000000001000  flags=(IsInteger)
1550448: board.processor.cores.core: A0 T0 : 0x3f066 @_dl_protect_relro+52    : jal ra, -103746            : IntAlu :  D=0x000000000003f06a  flags=(IsInteger|IsControl|IsDirectControl|IsUncondControl|IsCall)
1550781: board.processor.cores.core: A0 T0 : 0x25b24 @mprotect    : addi a7, ft0, 226          : IntAlu :  D=0x00000000000000e2  flags=(IsInteger)
1551114: board.processor.cores.core: A0 T0 : 0x25b28 @mprotect+4    : ecall                      : No_OpClass :   flags=(IsSerializeAfter|IsNonSpeculative|IsSyscall)
1551447: board.processor.cores.core: A0 T0 : 0x25b2c @mprotect+8    : c_lui a7, 1048575          : IntAlu :  D=0xfffffffffffff000  flags=(IsInteger)
1552113: board.processor.cores.core: A0 T0 : 0x25b2e @mprotect+10    : bltu a7, a0, 6             : IntAlu :   flags=(IsInteger|IsControl|IsDirectControl|IsCondControl)
1552446: board.processor.cores.core: A0 T0 : 0x25b32 @mprotect+14    : c_jr ra                    : IntAlu :   flags=(IsInteger|IsControl|IsIndirectControl|IsUncondControl|IsReturn)
1553112: board.processor.cores.core: A0 T0 : 0x3f06a @_dl_protect_relro+56    : bge a0, ft0, -16           : IntAlu :   flags=(IsInteger|IsControl|IsDirectControl|IsCondControl)
1553445: board.processor.cores.core: A0 T0 : 0x3f05a @_dl_protect_relro+40    : c_ldsp ra, 8(sp)           : MemRead :  D=0x0000000000028344 A=0x7ffffffffffffd68  flags=(IsInteger|IsLoad)
1553778: board.processor.cores.core: A0 T0 : 0x3f05c @_dl_protect_relro+42    : c_ldsp s0, 0(sp)           : MemRead :  D=0x0000000000000001 A=0x7ffffffffffffd60  flags=(IsInteger|IsLoad)
1554111: board.processor.cores.core: A0 T0 : 0x3f05e @_dl_protect_relro+44    : c_addi sp, 16              : IntAlu :  D=0x7ffffffffffffd70  flags=(IsInteger)
1554444: board.processor.cores.core: A0 T0 : 0x3f060 @_dl_protect_relro+46    : c_jr ra                    : IntAlu :   flags=(IsInteger|IsControl|IsIndirectControl|IsUncondControl|IsReturn)
1554777: board.processor.cores.core: A0 T0 : 0x28344 @__libc_init_first+32    : c_mv a0, s0                : IntAlu :  D=0x0000000000000001  flags=(IsInteger)
1555110: board.processor.cores.core: A0 T0 : 0x28346 @__libc_init_first+34    : c_ldsp s0, 16(sp)          : MemRead :  D=0x0000000000010b6c A=0x7ffffffffffffd80  flags=(IsInteger|IsLoad)
1555443: board.processor.cores.core: A0 T0 : 0x28348 @__libc_init_first+36    : c_ldsp ra, 24(sp)          : MemRead :  D=0x0000000000010858 A=0x7ffffffffffffd88  flags=(IsInteger|IsLoad)
1555776: board.processor.cores.core: A0 T0 : 0x2834a @__libc_init_first+38    : c_mv a2, s2                : IntAlu :  D=0x7fffffffffffff18  flags=(IsInteger)
1556109: board.processor.cores.core: A0 T0 : 0x2834c @__libc_init_first+40    : c_mv a1, s1                : IntAlu :  D=0x7fffffffffffff08  flags=(IsInteger)
1556442: board.processor.cores.core: A0 T0 : 0x2834e @__libc_init_first+42    : c_ldsp s2, 0(sp)           : MemRead :  D=0x00000000000103b0 A=0x7ffffffffffffd70  flags=(IsInteger|IsLoad)
1556775: board.processor.cores.core: A0 T0 : 0x28350 @__libc_init_first+44    : c_ldsp s1, 8(sp)           : MemRead :  D=0x0000000000010bfc A=0x7ffffffffffffd78  flags=(IsInteger|IsLoad)
1557108: board.processor.cores.core: A0 T0 : 0x28352 @__libc_init_first+46    : c_addi16sp sp, 32          : IntAlu :  D=0x7ffffffffffffd90  flags=(IsInteger)
1557441: board.processor.cores.core: A0 T0 : 0x28354 @__libc_init_first+48    : jal ft0, -7060             : IntAlu :  D=0x0000000000028358  flags=(IsInteger|IsControl|IsDirectControl|IsUncondControl)
1557774: board.processor.cores.core: A0 T0 : 0x267c0 @__init_misc    : c_beqz a1, 52              : IntAlu :   flags=(IsInteger|IsControl|IsDirectControl|IsCondControl)
1558107: board.processor.cores.core: A0 T0 : 0x267c2 @__init_misc+2    : c_addi sp, -32             : IntAlu :  D=0x7ffffffffffffd70  flags=(IsInteger)
1558440: board.processor.cores.core: A0 T0 : 0x267c4 @__init_misc+4    : c_sdsp s1, 8(sp)           : MemWrite :  D=0x0000000000010bfc A=0x7ffffffffffffd78  flags=(IsInteger|IsStore)
1558773: board.processor.cores.core: A0 T0 : 0x267c6 @__init_misc+6    : c_ld s1, 0(a1)             : MemRead :  D=0x7fffffffffffffac A=0x7fffffffffffff08  flags=(IsInteger|IsLoad)
1559106: board.processor.cores.core: A0 T0 : 0x267c8 @__init_misc+8    : c_sdsp s0, 16(sp)          : MemWrite :  D=0x0000000000010b6c A=0x7ffffffffffffd80  flags=(IsInteger|IsStore)
1559439: board.processor.cores.core: A0 T0 : 0x267ca @__init_misc+10    : c_sdsp ra, 24(sp)          : MemWrite :  D=0x0000000000010858 A=0x7ffffffffffffd88  flags=(IsInteger|IsStore)
1559772: board.processor.cores.core: A0 T0 : 0x267cc @__init_misc+12    : c_mv s0, a1                : IntAlu :  D=0x7fffffffffffff08  flags=(IsInteger)
1560105: board.processor.cores.core: A0 T0 : 0x267ce @__init_misc+14    : c_beqz s1, 28              : IntAlu :   flags=(IsInteger|IsControl|IsDirectControl|IsCondControl)
1560438: board.processor.cores.core: A0 T0 : 0x267d0 @__init_misc+16    : addi a1, ft0, 47           : IntAlu :  D=0x000000000000002f  flags=(IsInteger)
1560771: board.processor.cores.core: A0 T0 : 0x267d4 @__init_misc+20    : c_mv a0, s1                : IntAlu :  D=0x7fffffffffffffac  flags=(IsInteger)
1561437: board.processor.cores.core: A0 T0 : 0x267d6 @__init_misc+22    : jal ra, 82004              : IntAlu :  D=0x00000000000267da  flags=(IsInteger|IsControl|IsDirectControl|IsUncondControl|IsCall)
1561770: board.processor.cores.core: A0 T0 : 0x3a82a @rindex    : c_addi sp, -32             : IntAlu :  D=0x7ffffffffffffd50  flags=(IsInteger)
1562103: board.processor.cores.core: A0 T0 : 0x3a82c @rindex+2    : c_sdsp s0, 16(sp)          : MemWrite :  D=0x7fffffffffffff08 A=0x7ffffffffffffd60  flags=(IsInteger|IsStore)
1562436: board.processor.cores.core: A0 T0 : 0x3a82e @rindex+4    : c_sdsp s1, 8(sp)           : MemWrite :  D=0x7fffffffffffffac A=0x7ffffffffffffd58  flags=(IsInteger|IsStore)
1562769: board.processor.cores.core: A0 T0 : 0x3a830 @rindex+6    : c_sdsp s2, 0(sp)           : MemWrite :  D=0x00000000000103b0 A=0x7ffffffffffffd50  flags=(IsInteger|IsStore)
1563102: board.processor.cores.core: A0 T0 : 0x3a832 @rindex+8    : c_sdsp ra, 24(sp)          : MemWrite :  D=0x00000000000267da A=0x7ffffffffffffd68  flags=(IsInteger|IsStore)
1563435: board.processor.cores.core: A0 T0 : 0x3a834 @rindex+10    : andi s1, a1, 255           : IntAlu :  D=0x000000000000002f  flags=(IsInteger)
1563768: board.processor.cores.core: A0 T0 : 0x3a838 @rindex+14    : c_mv s0, a0                : IntAlu :  D=0x7fffffffffffffac  flags=(IsInteger)
1564101: board.processor.cores.core: A0 T0 : 0x3a83a @rindex+16    : c_li s2, 0                 : IntAlu :  D=0x0000000000000000  flags=(IsInteger)
1564434: board.processor.cores.core: A0 T0 : 0x3a83c @rindex+18    : c_bnez s1, 10              : IntAlu :   flags=(IsInteger|IsControl|IsDirectControl|IsCondControl)
1564767: board.processor.cores.core: A0 T0 : 0x3a846 @rindex+28    : c_mv a0, s0                : IntAlu :  D=0x7fffffffffffffac  flags=(IsInteger)
1565100: board.processor.cores.core: A0 T0 : 0x3a848 @rindex+30    : c_mv a1, s1                : IntAlu :  D=0x000000000000002f  flags=(IsInteger)
1565766: board.processor.cores.core: A0 T0 : 0x3a84a @rindex+32    : jal ra, -96478             : IntAlu :  D=0x000000000003a84e  flags=(IsInteger|IsControl|IsDirectControl|IsUncondControl|IsCall)
1566099: board.processor.cores.core: A0 T0 : 0x22f6c @strchr    : andi a4, a0, 7             : IntAlu :  D=0x0000000000000004  flags=(IsInteger)
1566432: board.processor.cores.core: A0 T0 : 0x22f70 @strchr+4    : c_mv a5, a0                : IntAlu :  D=0x7fffffffffffffac  flags=(IsInteger)
1567098: board.processor.cores.core: A0 T0 : 0x22f72 @strchr+6    : andi a3, a1, 255           : IntAlu :  D=0x000000000000002f  flags=(IsInteger)
1567431: board.processor.cores.core: A0 T0 : 0x22f76 @strchr+10    : c_bnez a4, 14              : IntAlu :   flags=(IsInteger|IsControl|IsDirectControl|IsCondControl)
1567764: board.processor.cores.core: A0 T0 : 0x22f84 @strchr+24    : lbu a4, 0(a5)              : MemRead :  D=0x000000000000006d A=0x7fffffffffffffac  flags=(IsInteger|IsLoad)
1568097: board.processor.cores.core: A0 T0 : 0x22f88 @strchr+28    : bne a4, a3, -14            : IntAlu :   flags=(IsInteger|IsControl|IsDirectControl|IsCondControl)
1568430: board.processor.cores.core: A0 T0 : 0x22f7a @strchr+14    : c_addi a5, 1               : IntAlu :  D=0x7fffffffffffffad  flags=(IsInteger)
1568763: board.processor.cores.core: A0 T0 : 0x22f7c @strchr+16    : andi a2, a5, 7             : IntAlu :  D=0x0000000000000005  flags=(IsInteger)
1569096: board.processor.cores.core: A0 T0 : 0x22f80 @strchr+20    : c_beqz a4, 160             : IntAlu :   flags=(IsInteger|IsControl|IsDirectControl|IsCondControl)
1569429: board.processor.cores.core: A0 T0 : 0x22f82 @strchr+22    : c_beqz a2, 14              : IntAlu :   flags=(IsInteger|IsControl|IsDirectControl|IsCondControl)
1569762: board.processor.cores.core: A0 T0 : 0x22f84 @strchr+24    : lbu a4, 0(a5)              : MemRead :  D=0x0000000000000061 A=0x7fffffffffffffad  flags=(IsInteger|IsLoad)
1570095: board.processor.cores.core: A0 T0 : 0x22f88 @strchr+28    : bne a4, a3, -14            : IntAlu :   flags=(IsInteger|IsControl|IsDirectControl|IsCondControl)
1570428: board.processor.cores.core: A0 T0 : 0x22f7a @strchr+14    : c_addi a5, 1               : IntAlu :  D=0x7fffffffffffffae  flags=(IsInteger)
1570761: board.processor.cores.core: A0 T0 : 0x22f7c @strchr+16    : andi a2, a5, 7             : IntAlu :  D=0x0000000000000006  flags=(IsInteger)
1571094: board.processor.cores.core: A0 T0 : 0x22f80 @strchr+20    : c_beqz a4, 160             : IntAlu :   flags=(IsInteger|IsControl|IsDirectControl|IsCondControl)
1571427: board.processor.cores.core: A0 T0 : 0x22f82 @strchr+22    : c_beqz a2, 14              : IntAlu :   flags=(IsInteger|IsControl|IsDirectControl|IsCondControl)
1571760: board.processor.cores.core: A0 T0 : 0x22f84 @strchr+24    : lbu a4, 0(a5)              : MemRead :  D=0x0000000000000074 A=0x7fffffffffffffae  flags=(IsInteger|IsLoad)
1572093: board.processor.cores.core: A0 T0 : 0x22f88 @strchr+28    : bne a4, a3, -14            : IntAlu :   flags=(IsInteger|IsControl|IsDirectControl|IsCondControl)
1572426: board.processor.cores.core: A0 T0 : 0x22f7a @strchr+14    : c_addi a5, 1               : IntAlu :  D=0x7fffffffffffffaf  flags=(IsInteger)
1572759: board.processor.cores.core: A0 T0 : 0x22f7c @strchr+16    : andi a2, a5, 7             : IntAlu :  D=0x0000000000000007  flags=(IsInteger)
1573092: board.processor.cores.core: A0 T0 : 0x22f80 @strchr+20    : c_beqz a4, 160             : IntAlu :   flags=(IsInteger|IsControl|IsDirectControl|IsCondControl)
1573425: board.processor.cores.core: A0 T0 : 0x22f82 @strchr+22    : c_beqz a2, 14              : IntAlu :   flags=(IsInteger|IsControl|IsDirectControl|IsCondControl)
1573758: board.processor.cores.core: A0 T0 : 0x22f84 @strchr+24    : lbu a4, 0(a5)              : MemRead :  D=0x0000000000000065 A=0x7fffffffffffffaf  flags=(IsInteger|IsLoad)
1574091: board.processor.cores.core: A0 T0 : 0x22f88 @strchr+28    : bne a4, a3, -14            : IntAlu :   flags=(IsInteger|IsControl|IsDirectControl|IsCondControl)
1574424: board.processor.cores.core: A0 T0 : 0x22f7a @strchr+14    : c_addi a5, 1               : IntAlu :  D=0x7fffffffffffffb0  flags=(IsInteger)
1574757: board.processor.cores.core: A0 T0 : 0x22f7c @strchr+16    : andi a2, a5, 7             : IntAlu :  D=0x0000000000000000  flags=(IsInteger)
1575090: board.processor.cores.core: A0 T0 : 0x22f80 @strchr+20    : c_beqz a4, 160             : IntAlu :   flags=(IsInteger|IsControl|IsDirectControl|IsCondControl)
1575423: board.processor.cores.core: A0 T0 : 0x22f82 @strchr+22    : c_beqz a2, 14              : IntAlu :   flags=(IsInteger|IsControl|IsDirectControl|IsCondControl)
1575756: board.processor.cores.core: A0 T0 : 0x22f90 @strchr+36    : andi a1, a1, 255           : IntAlu :  D=0x000000000000002f  flags=(IsInteger)
1576089: board.processor.cores.core: A0 T0 : 0x22f94 @strchr+40    : slli a2, a1, 8             : IntAlu :  D=0x0000000000002f00  flags=(IsInteger)
1576422: board.processor.cores.core: A0 T0 : 0x22f98 @strchr+44    : c_or a2, a1                : IntAlu :  D=0x0000000000002f2f  flags=(IsInteger)
1577088: board.processor.cores.core: A0 T0 : 0x22f9a @strchr+46    : slli a4, a2, 16            : IntAlu :  D=0x000000002f2f0000  flags=(IsInteger)
1577421: board.processor.cores.core: A0 T0 : 0x22f9e @strchr+50    : c_or a4, a2                : IntAlu :  D=0x000000002f2f2f2f  flags=(IsInteger)
1577754: board.processor.cores.core: A0 T0 : 0x22fa0 @strchr+52    : ld a6, -2032(gp)           : MemRead :  D=0x7efefefefefefeff A=0x708d8  flags=(IsInteger|IsLoad)
1578087: board.processor.cores.core: A0 T0 : 0x22fa4 @strchr+56    : slli t1, a4, 32            : IntAlu :  D=0x2f2f2f2f00000000  flags=(IsInteger)
1578420: board.processor.cores.core: A0 T0 : 0x22fa8 @strchr+60    : or t1, t1, a4              : IntAlu :  D=0x2f2f2f2f2f2f2f2f  flags=(IsInteger)
1578753: board.processor.cores.core: A0 T0 : 0x22fac @strchr+64    : c_li t3, -1                : IntAlu :  D=0xffffffffffffffff  flags=(IsInteger)
1579086: board.processor.cores.core: A0 T0 : 0x22fae @strchr+66    : c_ld a1, 0(a5)             : MemRead :  D=0x65642f736c616972 A=0x7fffffffffffffb0  flags=(IsInteger|IsLoad)
1579419: board.processor.cores.core: A0 T0 : 0x22fb0 @strchr+68    : c_mv a0, a5                : IntAlu :  D=0x7fffffffffffffb0  flags=(IsInteger)
1579752: board.processor.cores.core: A0 T0 : 0x22fb2 @strchr+70    : c_addi a5, 8               : IntAlu :  D=0x7fffffffffffffb8  flags=(IsInteger)
1580085: board.processor.cores.core: A0 T0 : 0x22fb4 @strchr+72    : xor a7, t1, a1             : IntAlu :  D=0x4a4b005c434e465d  flags=(IsInteger)
1580418: board.processor.cores.core: A0 T0 : 0x22fb8 @strchr+76    : add a4, a1, a6             : IntAlu :  D=0xe4632e726b606871  flags=(IsInteger)
1580751: board.processor.cores.core: A0 T0 : 0x22fbc @strchr+80    : add a2, a7, a6             : IntAlu :  D=0xc949ff5b424d455c  flags=(IsInteger)
1581084: board.processor.cores.core: A0 T0 : 0x22fc0 @strchr+84    : c_xor a4, a1               : IntAlu :  D=0x8107010107010103  flags=(IsInteger)
1581750: board.processor.cores.core: A0 T0 : 0x22fc2 @strchr+86    : xor a2, a2, a7             : IntAlu :  D=0x8302ff0701030301  flags=(IsInteger)
1582083: board.processor.cores.core: A0 T0 : 0x22fc6 @strchr+90    : c_and a4, a2               : IntAlu :  D=0x8102010101010101  flags=(IsInteger)
1582416: board.processor.cores.core: A0 T0 : 0x22fc8 @strchr+92    : or a4, a4, a6              : IntAlu :  D=0xfffeffffffffffff  flags=(IsInteger)
1582749: board.processor.cores.core: A0 T0 : 0x22fcc @strchr+96    : beq a4, t3, -30            : IntAlu :   flags=(IsInteger|IsControl|IsDirectControl|IsCondControl)
1583082: board.processor.cores.core: A0 T0 : 0x22fd0 @strchr+100    : lbu a4, -8(a5)             : MemRead :  D=0x0000000000000072 A=0x7fffffffffffffb0  flags=(IsInteger|IsLoad)
1583415: board.processor.cores.core: A0 T0 : 0x22fd4 @strchr+104    : beq a4, a3, 78             : IntAlu :   flags=(IsInteger|IsControl|IsDirectControl|IsCondControl)
1583748: board.processor.cores.core: A0 T0 : 0x22fd8 @strchr+108    : c_beqz a4, 72              : IntAlu :   flags=(IsInteger|IsControl|IsDirectControl|IsCondControl)
1584414: board.processor.cores.core: A0 T0 : 0x22fda @strchr+110    : lbu a4, -7(a5)             : MemRead :  D=0x0000000000000069 A=0x7fffffffffffffb1  flags=(IsInteger|IsLoad)
1585080: board.processor.cores.core: A0 T0 : 0x22fde @strchr+114    : beq a4, a3, 70             : IntAlu :   flags=(IsInteger|IsControl|IsDirectControl|IsCondControl)
1585413: board.processor.cores.core: A0 T0 : 0x22fe2 @strchr+118    : c_beqz a4, 62              : IntAlu :   flags=(IsInteger|IsControl|IsDirectControl|IsCondControl)
1585746: board.processor.cores.core: A0 T0 : 0x22fe4 @strchr+120    : lbu a4, -6(a5)             : MemRead :  D=0x0000000000000061 A=0x7fffffffffffffb2  flags=(IsInteger|IsLoad)
1586079: board.processor.cores.core: A0 T0 : 0x22fe8 @strchr+124    : beq a4, a3, 64             : IntAlu :   flags=(IsInteger|IsControl|IsDirectControl|IsCondControl)
1586412: board.processor.cores.core: A0 T0 : 0x22fec @strchr+128    : c_beqz a4, 52              : IntAlu :   flags=(IsInteger|IsControl|IsDirectControl|IsCondControl)
1587078: board.processor.cores.core: A0 T0 : 0x22fee @strchr+130    : lbu a4, -5(a5)             : MemRead :  D=0x000000000000006c A=0x7fffffffffffffb3  flags=(IsInteger|IsLoad)
1587744: board.processor.cores.core: A0 T0 : 0x22ff2 @strchr+134    : beq a4, a3, 58             : IntAlu :   flags=(IsInteger|IsControl|IsDirectControl|IsCondControl)
1588077: board.processor.cores.core: A0 T0 : 0x22ff6 @strchr+138    : c_beqz a4, 42              : IntAlu :   flags=(IsInteger|IsControl|IsDirectControl|IsCondControl)
1588410: board.processor.cores.core: A0 T0 : 0x22ff8 @strchr+140    : lbu a4, -4(a5)             : MemRead :  D=0x0000000000000073 A=0x7fffffffffffffb4  flags=(IsInteger|IsLoad)
1588743: board.processor.cores.core: A0 T0 : 0x22ffc @strchr+144    : beq a4, a3, 52             : IntAlu :   flags=(IsInteger|IsControl|IsDirectControl|IsCondControl)
1589076: board.processor.cores.core: A0 T0 : 0x23000 @strchr+148    : c_beqz a4, 32              : IntAlu :   flags=(IsInteger|IsControl|IsDirectControl|IsCondControl)
1589742: board.processor.cores.core: A0 T0 : 0x23002 @strchr+150    : lbu a4, -3(a5)             : MemRead :  D=0x000000000000002f A=0x7fffffffffffffb5  flags=(IsInteger|IsLoad)
1590408: board.processor.cores.core: A0 T0 : 0x23006 @strchr+154    : beq a4, a3, 46             : IntAlu :   flags=(IsInteger|IsControl|IsDirectControl|IsCondControl)
1590741: board.processor.cores.core: A0 T0 : 0x23034 @strchr+200    : c_addi a0, 5               : IntAlu :  D=0x7fffffffffffffb5  flags=(IsInteger)
1591074: board.processor.cores.core: A0 T0 : 0x23036 @strchr+202    : c_jr ra                    : IntAlu :   flags=(IsInteger|IsControl|IsIndirectControl|IsUncondControl|IsReturn)
1591407: board.processor.cores.core: A0 T0 : 0x3a84e @rindex+36    : c_bnez a0, -14             : IntAlu :   flags=(IsInteger|IsControl|IsDirectControl|IsCondControl)
1591740: board.processor.cores.core: A0 T0 : 0x3a840 @rindex+22    : addi s0, a0, 1             : IntAlu :  D=0x7fffffffffffffb6  flags=(IsInteger)
1592073: board.processor.cores.core: A0 T0 : 0x3a844 @rindex+26    : c_mv s2, a0                : IntAlu :  D=0x7fffffffffffffb5  flags=(IsInteger)
1592406: board.processor.cores.core: A0 T0 : 0x3a846 @rindex+28    : c_mv a0, s0                : IntAlu :  D=0x7fffffffffffffb6  flags=(IsInteger)
1592739: board.processor.cores.core: A0 T0 : 0x3a848 @rindex+30    : c_mv a1, s1                : IntAlu :  D=0x000000000000002f  flags=(IsInteger)
1593405: board.processor.cores.core: A0 T0 : 0x3a84a @rindex+32    : jal ra, -96478             : IntAlu :  D=0x000000000003a84e  flags=(IsInteger|IsControl|IsDirectControl|IsUncondControl|IsCall)
1593738: board.processor.cores.core: A0 T0 : 0x22f6c @strchr    : andi a4, a0, 7             : IntAlu :  D=0x0000000000000006  flags=(IsInteger)
1594071: board.processor.cores.core: A0 T0 : 0x22f70 @strchr+4    : c_mv a5, a0                : IntAlu :  D=0x7fffffffffffffb6  flags=(IsInteger)
1594737: board.processor.cores.core: A0 T0 : 0x22f72 @strchr+6    : andi a3, a1, 255           : IntAlu :  D=0x000000000000002f  flags=(IsInteger)
1595070: board.processor.cores.core: A0 T0 : 0x22f76 @strchr+10    : c_bnez a4, 14              : IntAlu :   flags=(IsInteger|IsControl|IsDirectControl|IsCondControl)
1595403: board.processor.cores.core: A0 T0 : 0x22f84 @strchr+24    : lbu a4, 0(a5)              : MemRead :  D=0x0000000000000064 A=0x7fffffffffffffb6  flags=(IsInteger|IsLoad)
1595736: board.processor.cores.core: A0 T0 : 0x22f88 @strchr+28    : bne a4, a3, -14            : IntAlu :   flags=(IsInteger|IsControl|IsDirectControl|IsCondControl)
1596069: board.processor.cores.core: A0 T0 : 0x22f7a @strchr+14    : c_addi a5, 1               : IntAlu :  D=0x7fffffffffffffb7  flags=(IsInteger)
1596402: board.processor.cores.core: A0 T0 : 0x22f7c @strchr+16    : andi a2, a5, 7             : IntAlu :  D=0x0000000000000007  flags=(IsInteger)
1596735: board.processor.cores.core: A0 T0 : 0x22f80 @strchr+20    : c_beqz a4, 160             : IntAlu :   flags=(IsInteger|IsControl|IsDirectControl|IsCondControl)
1597068: board.processor.cores.core: A0 T0 : 0x22f82 @strchr+22    : c_beqz a2, 14              : IntAlu :   flags=(IsInteger|IsControl|IsDirectControl|IsCondControl)
1597401: board.processor.cores.core: A0 T0 : 0x22f84 @strchr+24    : lbu a4, 0(a5)              : MemRead :  D=0x0000000000000065 A=0x7fffffffffffffb7  flags=(IsInteger|IsLoad)
1597734: board.processor.cores.core: A0 T0 : 0x22f88 @strchr+28    : bne a4, a3, -14            : IntAlu :   flags=(IsInteger|IsControl|IsDirectControl|IsCondControl)
1598067: board.processor.cores.core: A0 T0 : 0x22f7a @strchr+14    : c_addi a5, 1               : IntAlu :  D=0x7fffffffffffffb8  flags=(IsInteger)
1598400: board.processor.cores.core: A0 T0 : 0x22f7c @strchr+16    : andi a2, a5, 7             : IntAlu :  D=0x0000000000000000  flags=(IsInteger)
1598733: board.processor.cores.core: A0 T0 : 0x22f80 @strchr+20    : c_beqz a4, 160             : IntAlu :   flags=(IsInteger|IsControl|IsDirectControl|IsCondControl)
1599066: board.processor.cores.core: A0 T0 : 0x22f82 @strchr+22    : c_beqz a2, 14              : IntAlu :   flags=(IsInteger|IsControl|IsDirectControl|IsCondControl)
1599399: board.processor.cores.core: A0 T0 : 0x22f90 @strchr+36    : andi a1, a1, 255           : IntAlu :  D=0x000000000000002f  flags=(IsInteger)
1599732: board.processor.cores.core: A0 T0 : 0x22f94 @strchr+40    : slli a2, a1, 8             : IntAlu :  D=0x0000000000002f00  flags=(IsInteger)
1600065: board.processor.cores.core: A0 T0 : 0x22f98 @strchr+44    : c_or a2, a1                : IntAlu :  D=0x0000000000002f2f  flags=(IsInteger)
1600731: board.processor.cores.core: A0 T0 : 0x22f9a @strchr+46    : slli a4, a2, 16            : IntAlu :  D=0x000000002f2f0000  flags=(IsInteger)
1601064: board.processor.cores.core: A0 T0 : 0x22f9e @strchr+50    : c_or a4, a2                : IntAlu :  D=0x000000002f2f2f2f  flags=(IsInteger)
1601397: board.processor.cores.core: A0 T0 : 0x22fa0 @strchr+52    : ld a6, -2032(gp)           : MemRead :  D=0x7efefefefefefeff A=0x708d8  flags=(IsInteger|IsLoad)
1601730: board.processor.cores.core: A0 T0 : 0x22fa4 @strchr+56    : slli t1, a4, 32            : IntAlu :  D=0x2f2f2f2f00000000  flags=(IsInteger)
1602063: board.processor.cores.core: A0 T0 : 0x22fa8 @strchr+60    : or t1, t1, a4              : IntAlu :  D=0x2f2f2f2f2f2f2f2f  flags=(IsInteger)
1602396: board.processor.cores.core: A0 T0 : 0x22fac @strchr+64    : c_li t3, -1                : IntAlu :  D=0xffffffffffffffff  flags=(IsInteger)
1602729: board.processor.cores.core: A0 T0 : 0x22fae @strchr+66    : c_ld a1, 0(a5)             : MemRead :  D=0x676e69706f6c6576 A=0x7fffffffffffffb8  flags=(IsInteger|IsLoad)
1603062: board.processor.cores.core: A0 T0 : 0x22fb0 @strchr+68    : c_mv a0, a5                : IntAlu :  D=0x7fffffffffffffb8  flags=(IsInteger)
1603395: board.processor.cores.core: A0 T0 : 0x22fb2 @strchr+70    : c_addi a5, 8               : IntAlu :  D=0x7fffffffffffffc0  flags=(IsInteger)
1603728: board.processor.cores.core: A0 T0 : 0x22fb4 @strchr+72    : xor a7, t1, a1             : IntAlu :  D=0x4841465f40434a59  flags=(IsInteger)
1604061: board.processor.cores.core: A0 T0 : 0x22fb8 @strchr+76    : add a4, a1, a6             : IntAlu :  D=0xe66d686f6e6b6475  flags=(IsInteger)
1604394: board.processor.cores.core: A0 T0 : 0x22fbc @strchr+80    : add a2, a7, a6             : IntAlu :  D=0xc740455e3f424958  flags=(IsInteger)
1604727: board.processor.cores.core: A0 T0 : 0x22fc0 @strchr+84    : c_xor a4, a1               : IntAlu :  D=0x8103011f01070103  flags=(IsInteger)
1605393: board.processor.cores.core: A0 T0 : 0x22fc2 @strchr+86    : xor a2, a2, a7             : IntAlu :  D=0x8f0103017f010301  flags=(IsInteger)
1605726: board.processor.cores.core: A0 T0 : 0x22fc6 @strchr+90    : c_and a4, a2               : IntAlu :  D=0x8101010101010101  flags=(IsInteger)
1606059: board.processor.cores.core: A0 T0 : 0x22fc8 @strchr+92    : or a4, a4, a6              : IntAlu :  D=0xffffffffffffffff  flags=(IsInteger)
1606392: board.processor.cores.core: A0 T0 : 0x22fcc @strchr+96    : beq a4, t3, -30            : IntAlu :   flags=(IsInteger|IsControl|IsDirectControl|IsCondControl)
1606725: board.processor.cores.core: A0 T0 : 0x22fae @strchr+66    : c_ld a1, 0(a5)             : MemRead :  D=0x6f6d2d356d65672d A=0x7fffffffffffffc0  flags=(IsInteger|IsLoad)
1607058: board.processor.cores.core: A0 T0 : 0x22fb0 @strchr+68    : c_mv a0, a5                : IntAlu :  D=0x7fffffffffffffc0  flags=(IsInteger)
1607391: board.processor.cores.core: A0 T0 : 0x22fb2 @strchr+70    : c_addi a5, 8               : IntAlu :  D=0x7fffffffffffffc8  flags=(IsInteger)
1607724: board.processor.cores.core: A0 T0 : 0x22fb4 @strchr+72    : xor a7, t1, a1             : IntAlu :  D=0x4042021a424a4802  flags=(IsInteger)
1608057: board.processor.cores.core: A0 T0 : 0x22fb8 @strchr+76    : add a4, a1, a6             : IntAlu :  D=0xee6c2c346c64662c  flags=(IsInteger)
1608390: board.processor.cores.core: A0 T0 : 0x22fbc @strchr+80    : add a2, a7, a6             : IntAlu :  D=0xbf41011941494701  flags=(IsInteger)
1608723: board.processor.cores.core: A0 T0 : 0x22fc0 @strchr+84    : c_xor a4, a1               : IntAlu :  D=0x8101010101010101  flags=(IsInteger)
1609389: board.processor.cores.core: A0 T0 : 0x22fc2 @strchr+86    : xor a2, a2, a7             : IntAlu :  D=0xff03030303030f03  flags=(IsInteger)
1609722: board.processor.cores.core: A0 T0 : 0x22fc6 @strchr+90    : c_and a4, a2               : IntAlu :  D=0x8101010101010101  flags=(IsInteger)
1610055: board.processor.cores.core: A0 T0 : 0x22fc8 @strchr+92    : or a4, a4, a6              : IntAlu :  D=0xffffffffffffffff  flags=(IsInteger)
1610388: board.processor.cores.core: A0 T0 : 0x22fcc @strchr+96    : beq a4, t3, -30            : IntAlu :   flags=(IsInteger|IsControl|IsDirectControl|IsCondControl)
1610721: board.processor.cores.core: A0 T0 : 0x22fae @strchr+66    : c_ld a1, 0(a5)             : MemRead :  D=0x7570632f736c6564 A=0x7fffffffffffffc8  flags=(IsInteger|IsLoad)
1611054: board.processor.cores.core: A0 T0 : 0x22fb0 @strchr+68    : c_mv a0, a5                : IntAlu :  D=0x7fffffffffffffc8  flags=(IsInteger)
1611387: board.processor.cores.core: A0 T0 : 0x22fb2 @strchr+70    : c_addi a5, 8               : IntAlu :  D=0x7fffffffffffffd0  flags=(IsInteger)
1611720: board.processor.cores.core: A0 T0 : 0x22fb4 @strchr+72    : xor a7, t1, a1             : IntAlu :  D=0x5a5f4c005c434a4b  flags=(IsInteger)
1612053: board.processor.cores.core: A0 T0 : 0x22fb8 @strchr+76    : add a4, a1, a6             : IntAlu :  D=0xf46f622e726b6463  flags=(IsInteger)
1612386: board.processor.cores.core: A0 T0 : 0x22fbc @strchr+80    : add a2, a7, a6             : IntAlu :  D=0xd95e4aff5b42494a  flags=(IsInteger)
1612719: board.processor.cores.core: A0 T0 : 0x22fc0 @strchr+84    : c_xor a4, a1               : IntAlu :  D=0x811f010101070107  flags=(IsInteger)
1613385: board.processor.cores.core: A0 T0 : 0x22fc2 @strchr+86    : xor a2, a2, a7             : IntAlu :  D=0x830106ff07010301  flags=(IsInteger)
1613718: board.processor.cores.core: A0 T0 : 0x22fc6 @strchr+90    : c_and a4, a2               : IntAlu :  D=0x8101000101010101  flags=(IsInteger)
1614051: board.processor.cores.core: A0 T0 : 0x22fc8 @strchr+92    : or a4, a4, a6              : IntAlu :  D=0xfffffeffffffffff  flags=(IsInteger)
1614384: board.processor.cores.core: A0 T0 : 0x22fcc @strchr+96    : beq a4, t3, -30            : IntAlu :   flags=(IsInteger|IsControl|IsDirectControl|IsCondControl)
1614717: board.processor.cores.core: A0 T0 : 0x22fd0 @strchr+100    : lbu a4, -8(a5)             : MemRead :  D=0x0000000000000064 A=0x7fffffffffffffc8  flags=(IsInteger|IsLoad)
1615050: board.processor.cores.core: A0 T0 : 0x22fd4 @strchr+104    : beq a4, a3, 78             : IntAlu :   flags=(IsInteger|IsControl|IsDirectControl|IsCondControl)
1615383: board.processor.cores.core: A0 T0 : 0x22fd8 @strchr+108    : c_beqz a4, 72              : IntAlu :   flags=(IsInteger|IsControl|IsDirectControl|IsCondControl)
1616049: board.processor.cores.core: A0 T0 : 0x22fda @strchr+110    : lbu a4, -7(a5)             : MemRead :  D=0x0000000000000065 A=0x7fffffffffffffc9  flags=(IsInteger|IsLoad)
1616715: board.processor.cores.core: A0 T0 : 0x22fde @strchr+114    : beq a4, a3, 70             : IntAlu :   flags=(IsInteger|IsControl|IsDirectControl|IsCondControl)
1617048: board.processor.cores.core: A0 T0 : 0x22fe2 @strchr+118    : c_beqz a4, 62              : IntAlu :   flags=(IsInteger|IsControl|IsDirectControl|IsCondControl)
1617381: board.processor.cores.core: A0 T0 : 0x22fe4 @strchr+120    : lbu a4, -6(a5)             : MemRead :  D=0x000000000000006c A=0x7fffffffffffffca  flags=(IsInteger|IsLoad)
1617714: board.processor.cores.core: A0 T0 : 0x22fe8 @strchr+124    : beq a4, a3, 64             : IntAlu :   flags=(IsInteger|IsControl|IsDirectControl|IsCondControl)
1618047: board.processor.cores.core: A0 T0 : 0x22fec @strchr+128    : c_beqz a4, 52              : IntAlu :   flags=(IsInteger|IsControl|IsDirectControl|IsCondControl)
1618713: board.processor.cores.core: A0 T0 : 0x22fee @strchr+130    : lbu a4, -5(a5)             : MemRead :  D=0x0000000000000073 A=0x7fffffffffffffcb  flags=(IsInteger|IsLoad)
1619379: board.processor.cores.core: A0 T0 : 0x22ff2 @strchr+134    : beq a4, a3, 58             : IntAlu :   flags=(IsInteger|IsControl|IsDirectControl|IsCondControl)
1619712: board.processor.cores.core: A0 T0 : 0x22ff6 @strchr+138    : c_beqz a4, 42              : IntAlu :   flags=(IsInteger|IsControl|IsDirectControl|IsCondControl)
1620045: board.processor.cores.core: A0 T0 : 0x22ff8 @strchr+140    : lbu a4, -4(a5)             : MemRead :  D=0x000000000000002f A=0x7fffffffffffffcc  flags=(IsInteger|IsLoad)
1620378: board.processor.cores.core: A0 T0 : 0x22ffc @strchr+144    : beq a4, a3, 52             : IntAlu :   flags=(IsInteger|IsControl|IsDirectControl|IsCondControl)
1620711: board.processor.cores.core: A0 T0 : 0x23030 @strchr+196    : c_addi a0, 4               : IntAlu :  D=0x7fffffffffffffcc  flags=(IsInteger)
1621044: board.processor.cores.core: A0 T0 : 0x23032 @strchr+198    : c_jr ra                    : IntAlu :   flags=(IsInteger|IsControl|IsIndirectControl|IsUncondControl|IsReturn)
1621377: board.processor.cores.core: A0 T0 : 0x3a84e @rindex+36    : c_bnez a0, -14             : IntAlu :   flags=(IsInteger|IsControl|IsDirectControl|IsCondControl)
1621710: board.processor.cores.core: A0 T0 : 0x3a840 @rindex+22    : addi s0, a0, 1             : IntAlu :  D=0x7fffffffffffffcd  flags=(IsInteger)
1622043: board.processor.cores.core: A0 T0 : 0x3a844 @rindex+26    : c_mv s2, a0                : IntAlu :  D=0x7fffffffffffffcc  flags=(IsInteger)
1622376: board.processor.cores.core: A0 T0 : 0x3a846 @rindex+28    : c_mv a0, s0                : IntAlu :  D=0x7fffffffffffffcd  flags=(IsInteger)
1622709: board.processor.cores.core: A0 T0 : 0x3a848 @rindex+30    : c_mv a1, s1                : IntAlu :  D=0x000000000000002f  flags=(IsInteger)
1623375: board.processor.cores.core: A0 T0 : 0x3a84a @rindex+32    : jal ra, -96478             : IntAlu :  D=0x000000000003a84e  flags=(IsInteger|IsControl|IsDirectControl|IsUncondControl|IsCall)
1623708: board.processor.cores.core: A0 T0 : 0x22f6c @strchr    : andi a4, a0, 7             : IntAlu :  D=0x0000000000000005  flags=(IsInteger)
1624041: board.processor.cores.core: A0 T0 : 0x22f70 @strchr+4    : c_mv a5, a0                : IntAlu :  D=0x7fffffffffffffcd  flags=(IsInteger)
1624707: board.processor.cores.core: A0 T0 : 0x22f72 @strchr+6    : andi a3, a1, 255           : IntAlu :  D=0x000000000000002f  flags=(IsInteger)
1625040: board.processor.cores.core: A0 T0 : 0x22f76 @strchr+10    : c_bnez a4, 14              : IntAlu :   flags=(IsInteger|IsControl|IsDirectControl|IsCondControl)
1625373: board.processor.cores.core: A0 T0 : 0x22f84 @strchr+24    : lbu a4, 0(a5)              : MemRead :  D=0x0000000000000063 A=0x7fffffffffffffcd  flags=(IsInteger|IsLoad)
1625706: board.processor.cores.core: A0 T0 : 0x22f88 @strchr+28    : bne a4, a3, -14            : IntAlu :   flags=(IsInteger|IsControl|IsDirectControl|IsCondControl)
1626039: board.processor.cores.core: A0 T0 : 0x22f7a @strchr+14    : c_addi a5, 1               : IntAlu :  D=0x7fffffffffffffce  flags=(IsInteger)
1626372: board.processor.cores.core: A0 T0 : 0x22f7c @strchr+16    : andi a2, a5, 7             : IntAlu :  D=0x0000000000000006  flags=(IsInteger)
1626705: board.processor.cores.core: A0 T0 : 0x22f80 @strchr+20    : c_beqz a4, 160             : IntAlu :   flags=(IsInteger|IsControl|IsDirectControl|IsCondControl)
1627038: board.processor.cores.core: A0 T0 : 0x22f82 @strchr+22    : c_beqz a2, 14              : IntAlu :   flags=(IsInteger|IsControl|IsDirectControl|IsCondControl)
1627371: board.processor.cores.core: A0 T0 : 0x22f84 @strchr+24    : lbu a4, 0(a5)              : MemRead :  D=0x0000000000000070 A=0x7fffffffffffffce  flags=(IsInteger|IsLoad)
1627704: board.processor.cores.core: A0 T0 : 0x22f88 @strchr+28    : bne a4, a3, -14            : IntAlu :   flags=(IsInteger|IsControl|IsDirectControl|IsCondControl)
1628037: board.processor.cores.core: A0 T0 : 0x22f7a @strchr+14    : c_addi a5, 1               : IntAlu :  D=0x7fffffffffffffcf  flags=(IsInteger)
1628370: board.processor.cores.core: A0 T0 : 0x22f7c @strchr+16    : andi a2, a5, 7             : IntAlu :  D=0x0000000000000007  flags=(IsInteger)
1628703: board.processor.cores.core: A0 T0 : 0x22f80 @strchr+20    : c_beqz a4, 160             : IntAlu :   flags=(IsInteger|IsControl|IsDirectControl|IsCondControl)
1629036: board.processor.cores.core: A0 T0 : 0x22f82 @strchr+22    : c_beqz a2, 14              : IntAlu :   flags=(IsInteger|IsControl|IsDirectControl|IsCondControl)
1629369: board.processor.cores.core: A0 T0 : 0x22f84 @strchr+24    : lbu a4, 0(a5)              : MemRead :  D=0x0000000000000075 A=0x7fffffffffffffcf  flags=(IsInteger|IsLoad)
1629702: board.processor.cores.core: A0 T0 : 0x22f88 @strchr+28    : bne a4, a3, -14            : IntAlu :   flags=(IsInteger|IsControl|IsDirectControl|IsCondControl)
1630035: board.processor.cores.core: A0 T0 : 0x22f7a @strchr+14    : c_addi a5, 1               : IntAlu :  D=0x7fffffffffffffd0  flags=(IsInteger)
1630368: board.processor.cores.core: A0 T0 : 0x22f7c @strchr+16    : andi a2, a5, 7             : IntAlu :  D=0x0000000000000000  flags=(IsInteger)
1630701: board.processor.cores.core: A0 T0 : 0x22f80 @strchr+20    : c_beqz a4, 160             : IntAlu :   flags=(IsInteger|IsControl|IsDirectControl|IsCondControl)
1631034: board.processor.cores.core: A0 T0 : 0x22f82 @strchr+22    : c_beqz a2, 14              : IntAlu :   flags=(IsInteger|IsControl|IsDirectControl|IsCondControl)
1631367: board.processor.cores.core: A0 T0 : 0x22f90 @strchr+36    : andi a1, a1, 255           : IntAlu :  D=0x000000000000002f  flags=(IsInteger)
1631700: board.processor.cores.core: A0 T0 : 0x22f94 @strchr+40    : slli a2, a1, 8             : IntAlu :  D=0x0000000000002f00  flags=(IsInteger)
1632033: board.processor.cores.core: A0 T0 : 0x22f98 @strchr+44    : c_or a2, a1                : IntAlu :  D=0x0000000000002f2f  flags=(IsInteger)
1632699: board.processor.cores.core: A0 T0 : 0x22f9a @strchr+46    : slli a4, a2, 16            : IntAlu :  D=0x000000002f2f0000  flags=(IsInteger)
1633032: board.processor.cores.core: A0 T0 : 0x22f9e @strchr+50    : c_or a4, a2                : IntAlu :  D=0x000000002f2f2f2f  flags=(IsInteger)
1633365: board.processor.cores.core: A0 T0 : 0x22fa0 @strchr+52    : ld a6, -2032(gp)           : MemRead :  D=0x7efefefefefefeff A=0x708d8  flags=(IsInteger|IsLoad)
1633698: board.processor.cores.core: A0 T0 : 0x22fa4 @strchr+56    : slli t1, a4, 32            : IntAlu :  D=0x2f2f2f2f00000000  flags=(IsInteger)
1634031: board.processor.cores.core: A0 T0 : 0x22fa8 @strchr+60    : or t1, t1, a4              : IntAlu :  D=0x2f2f2f2f2f2f2f2f  flags=(IsInteger)
1634364: board.processor.cores.core: A0 T0 : 0x22fac @strchr+64    : c_li t3, -1                : IntAlu :  D=0xffffffffffffffff  flags=(IsInteger)
1634697: board.processor.cores.core: A0 T0 : 0x22fae @strchr+66    : c_ld a1, 0(a5)             : MemRead :  D=0x63757274736e692d A=0x7fffffffffffffd0  flags=(IsInteger|IsLoad)
1635030: board.processor.cores.core: A0 T0 : 0x22fb0 @strchr+68    : c_mv a0, a5                : IntAlu :  D=0x7fffffffffffffd0  flags=(IsInteger)
1635363: board.processor.cores.core: A0 T0 : 0x22fb2 @strchr+70    : c_addi a5, 8               : IntAlu :  D=0x7fffffffffffffd8  flags=(IsInteger)
1635696: board.processor.cores.core: A0 T0 : 0x22fb4 @strchr+72    : xor a7, t1, a1             : IntAlu :  D=0x4c5a5d5b5c414602  flags=(IsInteger)
1636029: board.processor.cores.core: A0 T0 : 0x22fb8 @strchr+76    : add a4, a1, a6             : IntAlu :  D=0xe2747173726d682c  flags=(IsInteger)
1636362: board.processor.cores.core: A0 T0 : 0x22fbc @strchr+80    : add a2, a7, a6             : IntAlu :  D=0xcb595c5a5b404501  flags=(IsInteger)
1636695: board.processor.cores.core: A0 T0 : 0x22fc0 @strchr+84    : c_xor a4, a1               : IntAlu :  D=0x8101030701030101  flags=(IsInteger)
1637361: board.processor.cores.core: A0 T0 : 0x22fc2 @strchr+86    : xor a2, a2, a7             : IntAlu :  D=0x8703010107010303  flags=(IsInteger)
1637694: board.processor.cores.core: A0 T0 : 0x22fc6 @strchr+90    : c_and a4, a2               : IntAlu :  D=0x8101010101010101  flags=(IsInteger)
1638027: board.processor.cores.core: A0 T0 : 0x22fc8 @strchr+92    : or a4, a4, a6              : IntAlu :  D=0xffffffffffffffff  flags=(IsInteger)
1638360: board.processor.cores.core: A0 T0 : 0x22fcc @strchr+96    : beq a4, t3, -30            : IntAlu :   flags=(IsInteger|IsControl|IsDirectControl|IsCondControl)
1638693: board.processor.cores.core: A0 T0 : 0x22fae @strchr+66    : c_ld a1, 0(a5)             : MemRead :  D=0x65742f736e6f6974 A=0x7fffffffffffffd8  flags=(IsInteger|IsLoad)
1639026: board.processor.cores.core: A0 T0 : 0x22fb0 @strchr+68    : c_mv a0, a5                : IntAlu :  D=0x7fffffffffffffd8  flags=(IsInteger)
1639359: board.processor.cores.core: A0 T0 : 0x22fb2 @strchr+70    : c_addi a5, 8               : IntAlu :  D=0x7fffffffffffffe0  flags=(IsInteger)
1639692: board.processor.cores.core: A0 T0 : 0x22fb4 @strchr+72    : xor a7, t1, a1             : IntAlu :  D=0x4a5b005c4140465b  flags=(IsInteger)
1640025: board.processor.cores.core: A0 T0 : 0x22fb8 @strchr+76    : add a4, a1, a6             : IntAlu :  D=0xe4732e726d6e6873  flags=(IsInteger)
1640358: board.processor.cores.core: A0 T0 : 0x22fbc @strchr+80    : add a2, a7, a6             : IntAlu :  D=0xc959ff5b403f455a  flags=(IsInteger)
1640691: board.processor.cores.core: A0 T0 : 0x22fc0 @strchr+84    : c_xor a4, a1               : IntAlu :  D=0x8107010103010107  flags=(IsInteger)
1641357: board.processor.cores.core: A0 T0 : 0x22fc2 @strchr+86    : xor a2, a2, a7             : IntAlu :  D=0x8302ff07017f0301  flags=(IsInteger)
1641690: board.processor.cores.core: A0 T0 : 0x22fc6 @strchr+90    : c_and a4, a2               : IntAlu :  D=0x8102010101010101  flags=(IsInteger)
1642023: board.processor.cores.core: A0 T0 : 0x22fc8 @strchr+92    : or a4, a4, a6              : IntAlu :  D=0xfffeffffffffffff  flags=(IsInteger)
1642356: board.processor.cores.core: A0 T0 : 0x22fcc @strchr+96    : beq a4, t3, -30            : IntAlu :   flags=(IsInteger|IsControl|IsDirectControl|IsCondControl)
1642689: board.processor.cores.core: A0 T0 : 0x22fd0 @strchr+100    : lbu a4, -8(a5)             : MemRead :  D=0x0000000000000074 A=0x7fffffffffffffd8  flags=(IsInteger|IsLoad)
1643022: board.processor.cores.core: A0 T0 : 0x22fd4 @strchr+104    : beq a4, a3, 78             : IntAlu :   flags=(IsInteger|IsControl|IsDirectControl|IsCondControl)
1643355: board.processor.cores.core: A0 T0 : 0x22fd8 @strchr+108    : c_beqz a4, 72              : IntAlu :   flags=(IsInteger|IsControl|IsDirectControl|IsCondControl)
1644021: board.processor.cores.core: A0 T0 : 0x22fda @strchr+110    : lbu a4, -7(a5)             : MemRead :  D=0x0000000000000069 A=0x7fffffffffffffd9  flags=(IsInteger|IsLoad)
1644687: board.processor.cores.core: A0 T0 : 0x22fde @strchr+114    : beq a4, a3, 70             : IntAlu :   flags=(IsInteger|IsControl|IsDirectControl|IsCondControl)
1645020: board.processor.cores.core: A0 T0 : 0x22fe2 @strchr+118    : c_beqz a4, 62              : IntAlu :   flags=(IsInteger|IsControl|IsDirectControl|IsCondControl)
1645353: board.processor.cores.core: A0 T0 : 0x22fe4 @strchr+120    : lbu a4, -6(a5)             : MemRead :  D=0x000000000000006f A=0x7fffffffffffffda  flags=(IsInteger|IsLoad)
1645686: board.processor.cores.core: A0 T0 : 0x22fe8 @strchr+124    : beq a4, a3, 64             : IntAlu :   flags=(IsInteger|IsControl|IsDirectControl|IsCondControl)
1646019: board.processor.cores.core: A0 T0 : 0x22fec @strchr+128    : c_beqz a4, 52              : IntAlu :   flags=(IsInteger|IsControl|IsDirectControl|IsCondControl)
1646685: board.processor.cores.core: A0 T0 : 0x22fee @strchr+130    : lbu a4, -5(a5)             : MemRead :  D=0x000000000000006e A=0x7fffffffffffffdb  flags=(IsInteger|IsLoad)
1647351: board.processor.cores.core: A0 T0 : 0x22ff2 @strchr+134    : beq a4, a3, 58             : IntAlu :   flags=(IsInteger|IsControl|IsDirectControl|IsCondControl)
1647684: board.processor.cores.core: A0 T0 : 0x22ff6 @strchr+138    : c_beqz a4, 42              : IntAlu :   flags=(IsInteger|IsControl|IsDirectControl|IsCondControl)
1648017: board.processor.cores.core: A0 T0 : 0x22ff8 @strchr+140    : lbu a4, -4(a5)             : MemRead :  D=0x0000000000000073 A=0x7fffffffffffffdc  flags=(IsInteger|IsLoad)
1648350: board.processor.cores.core: A0 T0 : 0x22ffc @strchr+144    : beq a4, a3, 52             : IntAlu :   flags=(IsInteger|IsControl|IsDirectControl|IsCondControl)
1648683: board.processor.cores.core: A0 T0 : 0x23000 @strchr+148    : c_beqz a4, 32              : IntAlu :   flags=(IsInteger|IsControl|IsDirectControl|IsCondControl)
1649349: board.processor.cores.core: A0 T0 : 0x23002 @strchr+150    : lbu a4, -3(a5)             : MemRead :  D=0x000000000000002f A=0x7fffffffffffffdd  flags=(IsInteger|IsLoad)
1650015: board.processor.cores.core: A0 T0 : 0x23006 @strchr+154    : beq a4, a3, 46             : IntAlu :   flags=(IsInteger|IsControl|IsDirectControl|IsCondControl)
1650348: board.processor.cores.core: A0 T0 : 0x23034 @strchr+200    : c_addi a0, 5               : IntAlu :  D=0x7fffffffffffffdd  flags=(IsInteger)
1650681: board.processor.cores.core: A0 T0 : 0x23036 @strchr+202    : c_jr ra                    : IntAlu :   flags=(IsInteger|IsControl|IsIndirectControl|IsUncondControl|IsReturn)
1651014: board.processor.cores.core: A0 T0 : 0x3a84e @rindex+36    : c_bnez a0, -14             : IntAlu :   flags=(IsInteger|IsControl|IsDirectControl|IsCondControl)
1651347: board.processor.cores.core: A0 T0 : 0x3a840 @rindex+22    : addi s0, a0, 1             : IntAlu :  D=0x7fffffffffffffde  flags=(IsInteger)
1651680: board.processor.cores.core: A0 T0 : 0x3a844 @rindex+26    : c_mv s2, a0                : IntAlu :  D=0x7fffffffffffffdd  flags=(IsInteger)
1652013: board.processor.cores.core: A0 T0 : 0x3a846 @rindex+28    : c_mv a0, s0                : IntAlu :  D=0x7fffffffffffffde  flags=(IsInteger)
1652346: board.processor.cores.core: A0 T0 : 0x3a848 @rindex+30    : c_mv a1, s1                : IntAlu :  D=0x000000000000002f  flags=(IsInteger)
1653012: board.processor.cores.core: A0 T0 : 0x3a84a @rindex+32    : jal ra, -96478             : IntAlu :  D=0x000000000003a84e  flags=(IsInteger|IsControl|IsDirectControl|IsUncondControl|IsCall)
1653345: board.processor.cores.core: A0 T0 : 0x22f6c @strchr    : andi a4, a0, 7             : IntAlu :  D=0x0000000000000006  flags=(IsInteger)
1653678: board.processor.cores.core: A0 T0 : 0x22f70 @strchr+4    : c_mv a5, a0                : IntAlu :  D=0x7fffffffffffffde  flags=(IsInteger)
1654344: board.processor.cores.core: A0 T0 : 0x22f72 @strchr+6    : andi a3, a1, 255           : IntAlu :  D=0x000000000000002f  flags=(IsInteger)
1654677: board.processor.cores.core: A0 T0 : 0x22f76 @strchr+10    : c_bnez a4, 14              : IntAlu :   flags=(IsInteger|IsControl|IsDirectControl|IsCondControl)
1655010: board.processor.cores.core: A0 T0 : 0x22f84 @strchr+24    : lbu a4, 0(a5)              : MemRead :  D=0x0000000000000074 A=0x7fffffffffffffde  flags=(IsInteger|IsLoad)
1655343: board.processor.cores.core: A0 T0 : 0x22f88 @strchr+28    : bne a4, a3, -14            : IntAlu :   flags=(IsInteger|IsControl|IsDirectControl|IsCondControl)
1655676: board.processor.cores.core: A0 T0 : 0x22f7a @strchr+14    : c_addi a5, 1               : IntAlu :  D=0x7fffffffffffffdf  flags=(IsInteger)
1656009: board.processor.cores.core: A0 T0 : 0x22f7c @strchr+16    : andi a2, a5, 7             : IntAlu :  D=0x0000000000000007  flags=(IsInteger)
1656342: board.processor.cores.core: A0 T0 : 0x22f80 @strchr+20    : c_beqz a4, 160             : IntAlu :   flags=(IsInteger|IsControl|IsDirectControl|IsCondControl)
1656675: board.processor.cores.core: A0 T0 : 0x22f82 @strchr+22    : c_beqz a2, 14              : IntAlu :   flags=(IsInteger|IsControl|IsDirectControl|IsCondControl)
1657008: board.processor.cores.core: A0 T0 : 0x22f84 @strchr+24    : lbu a4, 0(a5)              : MemRead :  D=0x0000000000000065 A=0x7fffffffffffffdf  flags=(IsInteger|IsLoad)
1657341: board.processor.cores.core: A0 T0 : 0x22f88 @strchr+28    : bne a4, a3, -14            : IntAlu :   flags=(IsInteger|IsControl|IsDirectControl|IsCondControl)
1657674: board.processor.cores.core: A0 T0 : 0x22f7a @strchr+14    : c_addi a5, 1               : IntAlu :  D=0x7fffffffffffffe0  flags=(IsInteger)
1658007: board.processor.cores.core: A0 T0 : 0x22f7c @strchr+16    : andi a2, a5, 7             : IntAlu :  D=0x0000000000000000  flags=(IsInteger)
1658340: board.processor.cores.core: A0 T0 : 0x22f80 @strchr+20    : c_beqz a4, 160             : IntAlu :   flags=(IsInteger|IsControl|IsDirectControl|IsCondControl)
1658673: board.processor.cores.core: A0 T0 : 0x22f82 @strchr+22    : c_beqz a2, 14              : IntAlu :   flags=(IsInteger|IsControl|IsDirectControl|IsCondControl)
1659006: board.processor.cores.core: A0 T0 : 0x22f90 @strchr+36    : andi a1, a1, 255           : IntAlu :  D=0x000000000000002f  flags=(IsInteger)
1659339: board.processor.cores.core: A0 T0 : 0x22f94 @strchr+40    : slli a2, a1, 8             : IntAlu :  D=0x0000000000002f00  flags=(IsInteger)
1659672: board.processor.cores.core: A0 T0 : 0x22f98 @strchr+44    : c_or a2, a1                : IntAlu :  D=0x0000000000002f2f  flags=(IsInteger)
1660338: board.processor.cores.core: A0 T0 : 0x22f9a @strchr+46    : slli a4, a2, 16            : IntAlu :  D=0x000000002f2f0000  flags=(IsInteger)
1660671: board.processor.cores.core: A0 T0 : 0x22f9e @strchr+50    : c_or a4, a2                : IntAlu :  D=0x000000002f2f2f2f  flags=(IsInteger)
1661004: board.processor.cores.core: A0 T0 : 0x22fa0 @strchr+52    : ld a6, -2032(gp)           : MemRead :  D=0x7efefefefefefeff A=0x708d8  flags=(IsInteger|IsLoad)
1661337: board.processor.cores.core: A0 T0 : 0x22fa4 @strchr+56    : slli t1, a4, 32            : IntAlu :  D=0x2f2f2f2f00000000  flags=(IsInteger)
1661670: board.processor.cores.core: A0 T0 : 0x22fa8 @strchr+60    : or t1, t1, a4              : IntAlu :  D=0x2f2f2f2f2f2f2f2f  flags=(IsInteger)
1662003: board.processor.cores.core: A0 T0 : 0x22fac @strchr+64    : c_li t3, -1                : IntAlu :  D=0xffffffffffffffff  flags=(IsInteger)
1662336: board.processor.cores.core: A0 T0 : 0x22fae @strchr+66    : c_ld a1, 0(a5)             : MemRead :  D=0x316172732f737473 A=0x7fffffffffffffe0  flags=(IsInteger|IsLoad)
1662669: board.processor.cores.core: A0 T0 : 0x22fb0 @strchr+68    : c_mv a0, a5                : IntAlu :  D=0x7fffffffffffffe0  flags=(IsInteger)
1663002: board.processor.cores.core: A0 T0 : 0x22fb2 @strchr+70    : c_addi a5, 8               : IntAlu :  D=0x7fffffffffffffe8  flags=(IsInteger)
1663335: board.processor.cores.core: A0 T0 : 0x22fb4 @strchr+72    : xor a7, t1, a1             : IntAlu :  D=0x1e4e5d5c005c5b5c  flags=(IsInteger)
1663668: board.processor.cores.core: A0 T0 : 0x22fb8 @strchr+76    : add a4, a1, a6             : IntAlu :  D=0xb06071722e727372  flags=(IsInteger)
1664001: board.processor.cores.core: A0 T0 : 0x22fbc @strchr+80    : add a2, a7, a6             : IntAlu :  D=0x9d4d5c5aff5b5a5b  flags=(IsInteger)
1664334: board.processor.cores.core: A0 T0 : 0x22fc0 @strchr+84    : c_xor a4, a1               : IntAlu :  D=0x8101030101010701  flags=(IsInteger)
1665000: board.processor.cores.core: A0 T0 : 0x22fc2 @strchr+86    : xor a2, a2, a7             : IntAlu :  D=0x83030106ff070107  flags=(IsInteger)
1665333: board.processor.cores.core: A0 T0 : 0x22fc6 @strchr+90    : c_and a4, a2               : IntAlu :  D=0x8101010001010101  flags=(IsInteger)
1665666: board.processor.cores.core: A0 T0 : 0x22fc8 @strchr+92    : or a4, a4, a6              : IntAlu :  D=0xfffffffeffffffff  flags=(IsInteger)
1665999: board.processor.cores.core: A0 T0 : 0x22fcc @strchr+96    : beq a4, t3, -30            : IntAlu :   flags=(IsInteger|IsControl|IsDirectControl|IsCondControl)
1666332: board.processor.cores.core: A0 T0 : 0x22fd0 @strchr+100    : lbu a4, -8(a5)             : MemRead :  D=0x0000000000000073 A=0x7fffffffffffffe0  flags=(IsInteger|IsLoad)
1666665: board.processor.cores.core: A0 T0 : 0x22fd4 @strchr+104    : beq a4, a3, 78             : IntAlu :   flags=(IsInteger|IsControl|IsDirectControl|IsCondControl)
1666998: board.processor.cores.core: A0 T0 : 0x22fd8 @strchr+108    : c_beqz a4, 72              : IntAlu :   flags=(IsInteger|IsControl|IsDirectControl|IsCondControl)
1667664: board.processor.cores.core: A0 T0 : 0x22fda @strchr+110    : lbu a4, -7(a5)             : MemRead :  D=0x0000000000000074 A=0x7fffffffffffffe1  flags=(IsInteger|IsLoad)
1668330: board.processor.cores.core: A0 T0 : 0x22fde @strchr+114    : beq a4, a3, 70             : IntAlu :   flags=(IsInteger|IsControl|IsDirectControl|IsCondControl)
1668663: board.processor.cores.core: A0 T0 : 0x22fe2 @strchr+118    : c_beqz a4, 62              : IntAlu :   flags=(IsInteger|IsControl|IsDirectControl|IsCondControl)
1668996: board.processor.cores.core: A0 T0 : 0x22fe4 @strchr+120    : lbu a4, -6(a5)             : MemRead :  D=0x0000000000000073 A=0x7fffffffffffffe2  flags=(IsInteger|IsLoad)
1669329: board.processor.cores.core: A0 T0 : 0x22fe8 @strchr+124    : beq a4, a3, 64             : IntAlu :   flags=(IsInteger|IsControl|IsDirectControl|IsCondControl)
1669662: board.processor.cores.core: A0 T0 : 0x22fec @strchr+128    : c_beqz a4, 52              : IntAlu :   flags=(IsInteger|IsControl|IsDirectControl|IsCondControl)
1670328: board.processor.cores.core: A0 T0 : 0x22fee @strchr+130    : lbu a4, -5(a5)             : MemRead :  D=0x000000000000002f A=0x7fffffffffffffe3  flags=(IsInteger|IsLoad)
1670994: board.processor.cores.core: A0 T0 : 0x22ff2 @strchr+134    : beq a4, a3, 58             : IntAlu :   flags=(IsInteger|IsControl|IsDirectControl|IsCondControl)
1671327: board.processor.cores.core: A0 T0 : 0x2302c @strchr+192    : c_addi a0, 3               : IntAlu :  D=0x7fffffffffffffe3  flags=(IsInteger)
1671660: board.processor.cores.core: A0 T0 : 0x2302e @strchr+194    : c_jr ra                    : IntAlu :   flags=(IsInteger|IsControl|IsIndirectControl|IsUncondControl|IsReturn)
1671993: board.processor.cores.core: A0 T0 : 0x3a84e @rindex+36    : c_bnez a0, -14             : IntAlu :   flags=(IsInteger|IsControl|IsDirectControl|IsCondControl)
1672326: board.processor.cores.core: A0 T0 : 0x3a840 @rindex+22    : addi s0, a0, 1             : IntAlu :  D=0x7fffffffffffffe4  flags=(IsInteger)
1672659: board.processor.cores.core: A0 T0 : 0x3a844 @rindex+26    : c_mv s2, a0                : IntAlu :  D=0x7fffffffffffffe3  flags=(IsInteger)
1672992: board.processor.cores.core: A0 T0 : 0x3a846 @rindex+28    : c_mv a0, s0                : IntAlu :  D=0x7fffffffffffffe4  flags=(IsInteger)
1673325: board.processor.cores.core: A0 T0 : 0x3a848 @rindex+30    : c_mv a1, s1                : IntAlu :  D=0x000000000000002f  flags=(IsInteger)
1673991: board.processor.cores.core: A0 T0 : 0x3a84a @rindex+32    : jal ra, -96478             : IntAlu :  D=0x000000000003a84e  flags=(IsInteger|IsControl|IsDirectControl|IsUncondControl|IsCall)
1674324: board.processor.cores.core: A0 T0 : 0x22f6c @strchr    : andi a4, a0, 7             : IntAlu :  D=0x0000000000000004  flags=(IsInteger)
1674657: board.processor.cores.core: A0 T0 : 0x22f70 @strchr+4    : c_mv a5, a0                : IntAlu :  D=0x7fffffffffffffe4  flags=(IsInteger)
1675323: board.processor.cores.core: A0 T0 : 0x22f72 @strchr+6    : andi a3, a1, 255           : IntAlu :  D=0x000000000000002f  flags=(IsInteger)
1675656: board.processor.cores.core: A0 T0 : 0x22f76 @strchr+10    : c_bnez a4, 14              : IntAlu :   flags=(IsInteger|IsControl|IsDirectControl|IsCondControl)
1675989: board.processor.cores.core: A0 T0 : 0x22f84 @strchr+24    : lbu a4, 0(a5)              : MemRead :  D=0x0000000000000073 A=0x7fffffffffffffe4  flags=(IsInteger|IsLoad)
1676322: board.processor.cores.core: A0 T0 : 0x22f88 @strchr+28    : bne a4, a3, -14            : IntAlu :   flags=(IsInteger|IsControl|IsDirectControl|IsCondControl)
1676655: board.processor.cores.core: A0 T0 : 0x22f7a @strchr+14    : c_addi a5, 1               : IntAlu :  D=0x7fffffffffffffe5  flags=(IsInteger)
1676988: board.processor.cores.core: A0 T0 : 0x22f7c @strchr+16    : andi a2, a5, 7             : IntAlu :  D=0x0000000000000005  flags=(IsInteger)
1677321: board.processor.cores.core: A0 T0 : 0x22f80 @strchr+20    : c_beqz a4, 160             : IntAlu :   flags=(IsInteger|IsControl|IsDirectControl|IsCondControl)
1677654: board.processor.cores.core: A0 T0 : 0x22f82 @strchr+22    : c_beqz a2, 14              : IntAlu :   flags=(IsInteger|IsControl|IsDirectControl|IsCondControl)
1677987: board.processor.cores.core: A0 T0 : 0x22f84 @strchr+24    : lbu a4, 0(a5)              : MemRead :  D=0x0000000000000072 A=0x7fffffffffffffe5  flags=(IsInteger|IsLoad)
1678320: board.processor.cores.core: A0 T0 : 0x22f88 @strchr+28    : bne a4, a3, -14            : IntAlu :   flags=(IsInteger|IsControl|IsDirectControl|IsCondControl)
1678653: board.processor.cores.core: A0 T0 : 0x22f7a @strchr+14    : c_addi a5, 1               : IntAlu :  D=0x7fffffffffffffe6  flags=(IsInteger)
1678986: board.processor.cores.core: A0 T0 : 0x22f7c @strchr+16    : andi a2, a5, 7             : IntAlu :  D=0x0000000000000006  flags=(IsInteger)
1679319: board.processor.cores.core: A0 T0 : 0x22f80 @strchr+20    : c_beqz a4, 160             : IntAlu :   flags=(IsInteger|IsControl|IsDirectControl|IsCondControl)
1679652: board.processor.cores.core: A0 T0 : 0x22f82 @strchr+22    : c_beqz a2, 14              : IntAlu :   flags=(IsInteger|IsControl|IsDirectControl|IsCondControl)
1679985: board.processor.cores.core: A0 T0 : 0x22f84 @strchr+24    : lbu a4, 0(a5)              : MemRead :  D=0x0000000000000061 A=0x7fffffffffffffe6  flags=(IsInteger|IsLoad)
1680318: board.processor.cores.core: A0 T0 : 0x22f88 @strchr+28    : bne a4, a3, -14            : IntAlu :   flags=(IsInteger|IsControl|IsDirectControl|IsCondControl)
1680651: board.processor.cores.core: A0 T0 : 0x22f7a @strchr+14    : c_addi a5, 1               : IntAlu :  D=0x7fffffffffffffe7  flags=(IsInteger)
1680984: board.processor.cores.core: A0 T0 : 0x22f7c @strchr+16    : andi a2, a5, 7             : IntAlu :  D=0x0000000000000007  flags=(IsInteger)
1681317: board.processor.cores.core: A0 T0 : 0x22f80 @strchr+20    : c_beqz a4, 160             : IntAlu :   flags=(IsInteger|IsControl|IsDirectControl|IsCondControl)
1681650: board.processor.cores.core: A0 T0 : 0x22f82 @strchr+22    : c_beqz a2, 14              : IntAlu :   flags=(IsInteger|IsControl|IsDirectControl|IsCondControl)
1681983: board.processor.cores.core: A0 T0 : 0x22f84 @strchr+24    : lbu a4, 0(a5)              : MemRead :  D=0x0000000000000031 A=0x7fffffffffffffe7  flags=(IsInteger|IsLoad)
1682316: board.processor.cores.core: A0 T0 : 0x22f88 @strchr+28    : bne a4, a3, -14            : IntAlu :   flags=(IsInteger|IsControl|IsDirectControl|IsCondControl)
1682649: board.processor.cores.core: A0 T0 : 0x22f7a @strchr+14    : c_addi a5, 1               : IntAlu :  D=0x7fffffffffffffe8  flags=(IsInteger)
1682982: board.processor.cores.core: A0 T0 : 0x22f7c @strchr+16    : andi a2, a5, 7             : IntAlu :  D=0x0000000000000000  flags=(IsInteger)
1683315: board.processor.cores.core: A0 T0 : 0x22f80 @strchr+20    : c_beqz a4, 160             : IntAlu :   flags=(IsInteger|IsControl|IsDirectControl|IsCondControl)
1683648: board.processor.cores.core: A0 T0 : 0x22f82 @strchr+22    : c_beqz a2, 14              : IntAlu :   flags=(IsInteger|IsControl|IsDirectControl|IsCondControl)
1683981: board.processor.cores.core: A0 T0 : 0x22f90 @strchr+36    : andi a1, a1, 255           : IntAlu :  D=0x000000000000002f  flags=(IsInteger)
1684314: board.processor.cores.core: A0 T0 : 0x22f94 @strchr+40    : slli a2, a1, 8             : IntAlu :  D=0x0000000000002f00  flags=(IsInteger)
1684647: board.processor.cores.core: A0 T0 : 0x22f98 @strchr+44    : c_or a2, a1                : IntAlu :  D=0x0000000000002f2f  flags=(IsInteger)
1685313: board.processor.cores.core: A0 T0 : 0x22f9a @strchr+46    : slli a4, a2, 16            : IntAlu :  D=0x000000002f2f0000  flags=(IsInteger)
1685646: board.processor.cores.core: A0 T0 : 0x22f9e @strchr+50    : c_or a4, a2                : IntAlu :  D=0x000000002f2f2f2f  flags=(IsInteger)
1685979: board.processor.cores.core: A0 T0 : 0x22fa0 @strchr+52    : ld a6, -2032(gp)           : MemRead :  D=0x7efefefefefefeff A=0x708d8  flags=(IsInteger|IsLoad)
1686312: board.processor.cores.core: A0 T0 : 0x22fa4 @strchr+56    : slli t1, a4, 32            : IntAlu :  D=0x2f2f2f2f00000000  flags=(IsInteger)
1686645: board.processor.cores.core: A0 T0 : 0x22fa8 @strchr+60    : or t1, t1, a4              : IntAlu :  D=0x2f2f2f2f2f2f2f2f  flags=(IsInteger)
1686978: board.processor.cores.core: A0 T0 : 0x22fac @strchr+64    : c_li t3, -1                : IntAlu :  D=0xffffffffffffffff  flags=(IsInteger)
1687311: board.processor.cores.core: A0 T0 : 0x22fae @strchr+66    : c_ld a1, 0(a5)             : MemRead :  D=0xc900747365745f36 A=0x7fffffffffffffe8  flags=(IsInteger|IsLoad)
1687644: board.processor.cores.core: A0 T0 : 0x22fb0 @strchr+68    : c_mv a0, a5                : IntAlu :  D=0x7fffffffffffffe8  flags=(IsInteger)
1687977: board.processor.cores.core: A0 T0 : 0x22fb2 @strchr+70    : c_addi a5, 8               : IntAlu :  D=0x7ffffffffffffff0  flags=(IsInteger)
1688310: board.processor.cores.core: A0 T0 : 0x22fb4 @strchr+72    : xor a7, t1, a1             : IntAlu :  D=0xe62f5b5c4a5b7019  flags=(IsInteger)
1688643: board.processor.cores.core: A0 T0 : 0x22fb8 @strchr+76    : add a4, a1, a6             : IntAlu :  D=0x47ff737264735e35  flags=(IsInteger)
1688976: board.processor.cores.core: A0 T0 : 0x22fbc @strchr+80    : add a2, a7, a6             : IntAlu :  D=0x652e5a5b495a6f18  flags=(IsInteger)
1689309: board.processor.cores.core: A0 T0 : 0x22fc0 @strchr+84    : c_xor a4, a1               : IntAlu :  D=0x8eff070101070103  flags=(IsInteger)
1689975: board.processor.cores.core: A0 T0 : 0x22fc2 @strchr+86    : xor a2, a2, a7             : IntAlu :  D=0x8301010703011f01  flags=(IsInteger)
1690308: board.processor.cores.core: A0 T0 : 0x22fc6 @strchr+90    : c_and a4, a2               : IntAlu :  D=0x8201010101010101  flags=(IsInteger)
1690641: board.processor.cores.core: A0 T0 : 0x22fc8 @strchr+92    : or a4, a4, a6              : IntAlu :  D=0xfeffffffffffffff  flags=(IsInteger)
1690974: board.processor.cores.core: A0 T0 : 0x22fcc @strchr+96    : beq a4, t3, -30            : IntAlu :   flags=(IsInteger|IsControl|IsDirectControl|IsCondControl)
1691307: board.processor.cores.core: A0 T0 : 0x22fd0 @strchr+100    : lbu a4, -8(a5)             : MemRead :  D=0x0000000000000036 A=0x7fffffffffffffe8  flags=(IsInteger|IsLoad)
1691640: board.processor.cores.core: A0 T0 : 0x22fd4 @strchr+104    : beq a4, a3, 78             : IntAlu :   flags=(IsInteger|IsControl|IsDirectControl|IsCondControl)
1691973: board.processor.cores.core: A0 T0 : 0x22fd8 @strchr+108    : c_beqz a4, 72              : IntAlu :   flags=(IsInteger|IsControl|IsDirectControl|IsCondControl)
1692639: board.processor.cores.core: A0 T0 : 0x22fda @strchr+110    : lbu a4, -7(a5)             : MemRead :  D=0x000000000000005f A=0x7fffffffffffffe9  flags=(IsInteger|IsLoad)
1693305: board.processor.cores.core: A0 T0 : 0x22fde @strchr+114    : beq a4, a3, 70             : IntAlu :   flags=(IsInteger|IsControl|IsDirectControl|IsCondControl)
1693638: board.processor.cores.core: A0 T0 : 0x22fe2 @strchr+118    : c_beqz a4, 62              : IntAlu :   flags=(IsInteger|IsControl|IsDirectControl|IsCondControl)
1693971: board.processor.cores.core: A0 T0 : 0x22fe4 @strchr+120    : lbu a4, -6(a5)             : MemRead :  D=0x0000000000000074 A=0x7fffffffffffffea  flags=(IsInteger|IsLoad)
1694304: board.processor.cores.core: A0 T0 : 0x22fe8 @strchr+124    : beq a4, a3, 64             : IntAlu :   flags=(IsInteger|IsControl|IsDirectControl|IsCondControl)
1694637: board.processor.cores.core: A0 T0 : 0x22fec @strchr+128    : c_beqz a4, 52              : IntAlu :   flags=(IsInteger|IsControl|IsDirectControl|IsCondControl)
1695303: board.processor.cores.core: A0 T0 : 0x22fee @strchr+130    : lbu a4, -5(a5)             : MemRead :  D=0x0000000000000065 A=0x7fffffffffffffeb  flags=(IsInteger|IsLoad)
1695969: board.processor.cores.core: A0 T0 : 0x22ff2 @strchr+134    : beq a4, a3, 58             : IntAlu :   flags=(IsInteger|IsControl|IsDirectControl|IsCondControl)
1696302: board.processor.cores.core: A0 T0 : 0x22ff6 @strchr+138    : c_beqz a4, 42              : IntAlu :   flags=(IsInteger|IsControl|IsDirectControl|IsCondControl)
1696635: board.processor.cores.core: A0 T0 : 0x22ff8 @strchr+140    : lbu a4, -4(a5)             : MemRead :  D=0x0000000000000073 A=0x7fffffffffffffec  flags=(IsInteger|IsLoad)
1696968: board.processor.cores.core: A0 T0 : 0x22ffc @strchr+144    : beq a4, a3, 52             : IntAlu :   flags=(IsInteger|IsControl|IsDirectControl|IsCondControl)
1697301: board.processor.cores.core: A0 T0 : 0x23000 @strchr+148    : c_beqz a4, 32              : IntAlu :   flags=(IsInteger|IsControl|IsDirectControl|IsCondControl)
1697967: board.processor.cores.core: A0 T0 : 0x23002 @strchr+150    : lbu a4, -3(a5)             : MemRead :  D=0x0000000000000074 A=0x7fffffffffffffed  flags=(IsInteger|IsLoad)
1698633: board.processor.cores.core: A0 T0 : 0x23006 @strchr+154    : beq a4, a3, 46             : IntAlu :   flags=(IsInteger|IsControl|IsDirectControl|IsCondControl)
1698966: board.processor.cores.core: A0 T0 : 0x2300a @strchr+158    : c_beqz a4, 22              : IntAlu :   flags=(IsInteger|IsControl|IsDirectControl|IsCondControl)
1699299: board.processor.cores.core: A0 T0 : 0x2300c @strchr+160    : lbu a4, -2(a5)             : MemRead :  D=0x0000000000000000 A=0x7fffffffffffffee  flags=(IsInteger|IsLoad)
1699632: board.processor.cores.core: A0 T0 : 0x23010 @strchr+164    : beq a4, a3, 40             : IntAlu :   flags=(IsInteger|IsControl|IsDirectControl|IsCondControl)
1699965: board.processor.cores.core: A0 T0 : 0x23014 @strchr+168    : c_beqz a4, 12              : IntAlu :   flags=(IsInteger|IsControl|IsDirectControl|IsCondControl)
1700298: board.processor.cores.core: A0 T0 : 0x23020 @strchr+180    : c_li a0, 0                 : IntAlu :  D=0x0000000000000000  flags=(IsInteger)
1700631: board.processor.cores.core: A0 T0 : 0x23022 @strchr+182    : c_jr ra                    : IntAlu :   flags=(IsInteger|IsControl|IsIndirectControl|IsUncondControl|IsReturn)
1700964: board.processor.cores.core: A0 T0 : 0x3a84e @rindex+36    : c_bnez a0, -14             : IntAlu :   flags=(IsInteger|IsControl|IsDirectControl|IsCondControl)
1701297: board.processor.cores.core: A0 T0 : 0x3a850 @rindex+38    : c_ldsp ra, 24(sp)          : MemRead :  D=0x00000000000267da A=0x7ffffffffffffd68  flags=(IsInteger|IsLoad)
1701630: board.processor.cores.core: A0 T0 : 0x3a852 @rindex+40    : c_ldsp s0, 16(sp)          : MemRead :  D=0x7fffffffffffff08 A=0x7ffffffffffffd60  flags=(IsInteger|IsLoad)
1701963: board.processor.cores.core: A0 T0 : 0x3a854 @rindex+42    : c_ldsp s1, 8(sp)           : MemRead :  D=0x7fffffffffffffac A=0x7ffffffffffffd58  flags=(IsInteger|IsLoad)
1702296: board.processor.cores.core: A0 T0 : 0x3a856 @rindex+44    : c_mv a0, s2                : IntAlu :  D=0x7fffffffffffffe3  flags=(IsInteger)
1702629: board.processor.cores.core: A0 T0 : 0x3a858 @rindex+46    : c_ldsp s2, 0(sp)           : MemRead :  D=0x00000000000103b0 A=0x7ffffffffffffd50  flags=(IsInteger|IsLoad)
1702962: board.processor.cores.core: A0 T0 : 0x3a85a @rindex+48    : c_addi16sp sp, 32          : IntAlu :  D=0x7ffffffffffffd70  flags=(IsInteger)
1703295: board.processor.cores.core: A0 T0 : 0x3a85c @rindex+50    : c_jr ra                    : IntAlu :   flags=(IsInteger|IsControl|IsIndirectControl|IsUncondControl|IsReturn)
1703628: board.processor.cores.core: A0 T0 : 0x267da @__init_misc+26    : c_beqz a0, 6               : IntAlu :   flags=(IsInteger|IsControl|IsDirectControl|IsCondControl)
1703961: board.processor.cores.core: A0 T0 : 0x267dc @__init_misc+28    : addi s1, a0, 1             : IntAlu :  D=0x7fffffffffffffe4  flags=(IsInteger)
1704294: board.processor.cores.core: A0 T0 : 0x267e0 @__init_misc+32    : sd s1, -1800(gp)           : MemWrite :  D=0x7fffffffffffffe4 A=0x709c0  flags=(IsInteger|IsStore)
1704627: board.processor.cores.core: A0 T0 : 0x267e4 @__init_misc+36    : c_ld a4, 0(s0)             : MemRead :  D=0x7fffffffffffffac A=0x7fffffffffffff08  flags=(IsInteger|IsLoad)
1705293: board.processor.cores.core: A0 T0 : 0x267e6 @__init_misc+38    : sd a4, -1792(gp)           : MemWrite :  D=0x7fffffffffffffac A=0x709c8  flags=(IsInteger|IsStore)
1705626: board.processor.cores.core: A0 T0 : 0x267ea @__init_misc+42    : c_ldsp ra, 24(sp)          : MemRead :  D=0x0000000000010858 A=0x7ffffffffffffd88  flags=(IsInteger|IsLoad)
1705959: board.processor.cores.core: A0 T0 : 0x267ec @__init_misc+44    : c_ldsp s0, 16(sp)          : MemRead :  D=0x0000000000010b6c A=0x7ffffffffffffd80  flags=(IsInteger|IsLoad)
1706292: board.processor.cores.core: A0 T0 : 0x267ee @__init_misc+46    : c_ldsp s1, 8(sp)           : MemRead :  D=0x0000000000010bfc A=0x7ffffffffffffd78  flags=(IsInteger|IsLoad)
1706625: board.processor.cores.core: A0 T0 : 0x267f0 @__init_misc+48    : c_addi16sp sp, 32          : IntAlu :  D=0x7ffffffffffffd90  flags=(IsInteger)
1706958: board.processor.cores.core: A0 T0 : 0x267f2 @__init_misc+50    : c_jr ra                    : IntAlu :   flags=(IsInteger|IsControl|IsIndirectControl|IsUncondControl|IsReturn)
1707291: board.processor.cores.core: A0 T0 : 0x10858 @__libc_start_main+482    : c_beqz s1, 12              : IntAlu :   flags=(IsInteger|IsControl|IsDirectControl|IsCondControl)
1707624: board.processor.cores.core: A0 T0 : 0x1085a @__libc_start_main+484    : c_li a2, 0                 : IntAlu :  D=0x0000000000000000  flags=(IsInteger)
1707957: board.processor.cores.core: A0 T0 : 0x1085c @__libc_start_main+486    : c_li a1, 0                 : IntAlu :  D=0x0000000000000000  flags=(IsInteger)
1708290: board.processor.cores.core: A0 T0 : 0x1085e @__libc_start_main+488    : c_mv a0, s1                : IntAlu :  D=0x0000000000010bfc  flags=(IsInteger)
1708623: board.processor.cores.core: A0 T0 : 0x10860 @__libc_start_main+490    : jal ra, 16088              : IntAlu :  D=0x0000000000010864  flags=(IsInteger|IsControl|IsDirectControl|IsUncondControl|IsCall)
1708956: board.processor.cores.core: A0 T0 : 0x14738 @__cxa_atexit    : addi a3, gp, -1920         : IntAlu :  D=0x0000000000070948  flags=(IsInteger)
1709289: board.processor.cores.core: A0 T0 : 0x1473c @__cxa_atexit+4    : c_j -200                   : IntAlu :   flags=(IsControl|IsDirectControl|IsUncondControl)
1709622: board.processor.cores.core: A0 T0 : 0x14674 @__internal_atexit    : c_addi16sp sp, -64         : IntAlu :  D=0x7ffffffffffffd50  flags=(IsInteger)
1709955: board.processor.cores.core: A0 T0 : 0x14676 @__internal_atexit+2    : c_sdsp ra, 56(sp)          : MemWrite :  D=0x0000000000010864 A=0x7ffffffffffffd88  flags=(IsInteger|IsStore)
1710288: board.processor.cores.core: A0 T0 : 0x14678 @__internal_atexit+4    : c_sdsp s0, 48(sp)          : MemWrite :  D=0x0000000000010b6c A=0x7ffffffffffffd80  flags=(IsInteger|IsStore)
1710621: board.processor.cores.core: A0 T0 : 0x1467a @__internal_atexit+6    : c_sdsp s1, 40(sp)          : MemWrite :  D=0x0000000000010bfc A=0x7ffffffffffffd78  flags=(IsInteger|IsStore)
1710954: board.processor.cores.core: A0 T0 : 0x1467c @__internal_atexit+8    : c_sdsp s2, 32(sp)          : MemWrite :  D=0x00000000000103b0 A=0x7ffffffffffffd70  flags=(IsInteger|IsStore)
1711287: board.processor.cores.core: A0 T0 : 0x1467e @__internal_atexit+10    : c_sdsp s3, 24(sp)          : MemWrite :  D=0x0000000000000000 A=0x7ffffffffffffd68  flags=(IsInteger|IsStore)
1711620: board.processor.cores.core: A0 T0 : 0x14680 @__internal_atexit+12    : c_beqz a0, 152             : IntAlu :   flags=(IsInteger|IsControl|IsDirectControl|IsCondControl)
1711953: board.processor.cores.core: A0 T0 : 0x14682 @__internal_atexit+14    : c_mv s3, a1                : IntAlu :  D=0x0000000000000000  flags=(IsInteger)
1712286: board.processor.cores.core: A0 T0 : 0x14684 @__internal_atexit+16    : c_mv s1, a0                : IntAlu :  D=0x0000000000010bfc  flags=(IsInteger)
1712619: board.processor.cores.core: A0 T0 : 0x14686 @__internal_atexit+18    : c_mv s2, a2                : IntAlu :  D=0x0000000000000000  flags=(IsInteger)
1712952: board.processor.cores.core: A0 T0 : 0x14688 @__internal_atexit+20    : c_li a4, 1                 : IntAlu :  D=0x0000000000000001  flags=(IsInteger)
1713618: board.processor.cores.core: A0 T0 : 0x1468a @__internal_atexit+22    : addi a1, gp, -1368         : IntAlu :  D=0x0000000000070b70  flags=(IsInteger)
1714284: board.processor.cores.core: A0 T0 : 0x1468e @__internal_atexit+26    : lr_w a5, (a1)             
1714284: board.processor.cores.core: A0 T0 : 0x1468e @__internal_atexit+26. 0 : lr_w a5, (a1)              : MemRead :  D=0x0000000000000000 A=0x70b70  flags=(IsInteger|IsLoad|IsMicroop|IsLastMicroop|IsFirstMicroop)
1714617: board.processor.cores.core: A0 T0 : 0x14692 @__internal_atexit+30    : c_bnez a5, 8               : IntAlu :   flags=(IsInteger|IsControl|IsDirectControl|IsCondControl)
1714950: board.processor.cores.core: A0 T0 : 0x14694 @__internal_atexit+32    : sc_w_aq a2, a4, (a1)      
1714950: board.processor.cores.core: A0 T0 : 0x14694 @__internal_atexit+32. 0 : sc_w a2, a4, (a1)          : MemWrite :  D=0x0000000000000000 A=0x70b70  flags=(IsInteger|IsStore|IsStoreConditional|IsMicroop|IsDelayedCommit|IsFirstMicroop)
1715283: board.processor.cores.core: A0 T0 : 0x14694 @__internal_atexit+32. 1 : 0x1ce5a62f fence           : No_OpClass :   flags=(IsWriteBarrier|IsReadBarrier|IsMicroop|IsLastMicroop)
1715616: board.processor.cores.core: A0 T0 : 0x14698 @__internal_atexit+36    : c_bnez a2, -10             : IntAlu :   flags=(IsInteger|IsControl|IsDirectControl|IsCondControl)
1715949: board.processor.cores.core: A0 T0 : 0x1469a @__internal_atexit+38    : c_addiw a5, 0              : IntAlu :  D=0x0000000000000000  flags=(IsInteger)
1716282: board.processor.cores.core: A0 T0 : 0x1469c @__internal_atexit+40    : c_bnez a5, 64              : IntAlu :   flags=(IsInteger|IsControl|IsDirectControl|IsCondControl)
1716615: board.processor.cores.core: A0 T0 : 0x1469e @__internal_atexit+42    : c_mv a0, a3                : IntAlu :  D=0x0000000000070948  flags=(IsInteger)
1716948: board.processor.cores.core: A0 T0 : 0x146a0 @__internal_atexit+44    : jal ra, -234               : IntAlu :  D=0x00000000000146a4  flags=(IsInteger|IsControl|IsDirectControl|IsUncondControl|IsCall)
1717614: board.processor.cores.core: A0 T0 : 0x145b6 @__new_exitfn    : lbu a5, -1380(gp)          : MemRead :  D=0x0000000000000000 A=0x70b64  flags=(IsInteger|IsLoad)
1717947: board.processor.cores.core: A0 T0 : 0x145ba @__new_exitfn+4    : c_bnez a5, 182             : IntAlu :   flags=(IsInteger|IsControl|IsDirectControl|IsCondControl)
1718280: board.processor.cores.core: A0 T0 : 0x145bc @__new_exitfn+6    : c_addi sp, -32             : IntAlu :  D=0x7ffffffffffffd30  flags=(IsInteger)
1718613: board.processor.cores.core: A0 T0 : 0x145be @__new_exitfn+8    : c_sdsp s1, 8(sp)           : MemWrite :  D=0x0000000000010bfc A=0x7ffffffffffffd38  flags=(IsInteger|IsStore)
1718946: board.processor.cores.core: A0 T0 : 0x145c0 @__new_exitfn+10    : c_ld s1, 0(a0)             : MemRead :  D=0x0000000000071750 A=0x70948  flags=(IsInteger|IsLoad)
1719279: board.processor.cores.core: A0 T0 : 0x145c2 @__new_exitfn+12    : c_sdsp s0, 16(sp)          : MemWrite :  D=0x0000000000010b6c A=0x7ffffffffffffd40  flags=(IsInteger|IsStore)
1719612: board.processor.cores.core: A0 T0 : 0x145c4 @__new_exitfn+14    : c_sdsp ra, 24(sp)          : MemWrite :  D=0x00000000000146a4 A=0x7ffffffffffffd48  flags=(IsInteger|IsStore)
1719945: board.processor.cores.core: A0 T0 : 0x145c6 @__new_exitfn+16    : c_mv s0, a0                : IntAlu :  D=0x0000000000070948  flags=(IsInteger)
1720278: board.processor.cores.core: A0 T0 : 0x145c8 @__new_exitfn+18    : c_beqz s1, 136             : IntAlu :   flags=(IsInteger|IsControl|IsDirectControl|IsCondControl)
1720611: board.processor.cores.core: A0 T0 : 0x145ca @__new_exitfn+20    : c_mv a1, s1                : IntAlu :  D=0x0000000000071750  flags=(IsInteger)
1720944: board.processor.cores.core: A0 T0 : 0x145cc @__new_exitfn+22    : c_li a6, 0                 : IntAlu :  D=0x0000000000000000  flags=(IsInteger)
1721277: board.processor.cores.core: A0 T0 : 0x145ce @__new_exitfn+24    : c_ld a4, 8(a1)             : MemRead :  D=0x0000000000000000 A=0x71758  flags=(IsInteger|IsLoad)
1721610: board.processor.cores.core: A0 T0 : 0x145d0 @__new_exitfn+26    : slli a5, a4, 5             : IntAlu :  D=0x0000000000000000  flags=(IsInteger)
1721943: board.processor.cores.core: A0 T0 : 0x145d4 @__new_exitfn+30    : c_add a5, a1               : IntAlu :  D=0x0000000000071750  flags=(IsInteger)
1722276: board.processor.cores.core: A0 T0 : 0x145d6 @__new_exitfn+32    : c_beqz a4, 18              : IntAlu :   flags=(IsInteger|IsControl|IsDirectControl|IsCondControl)
1722609: board.processor.cores.core: A0 T0 : 0x145e8 @__new_exitfn+50    : c_ld a5, 0(a1)             : MemRead :  D=0x0000000000000000 A=0x71750  flags=(IsInteger|IsLoad)
1723275: board.processor.cores.core: A0 T0 : 0x145ea @__new_exitfn+52    : sd ft0, 8(a1)              : MemWrite :  D=0x0000000000000000 A=0x71758  flags=(IsInteger|IsStore)
1723608: board.processor.cores.core: A0 T0 : 0x145ee @__new_exitfn+56    : c_mv a6, a1                : IntAlu :  D=0x0000000000071750  flags=(IsInteger)
1723941: board.processor.cores.core: A0 T0 : 0x145f0 @__new_exitfn+58    : c_beqz a5, 74              : IntAlu :   flags=(IsInteger|IsControl|IsDirectControl|IsCondControl)
1724274: board.processor.cores.core: A0 T0 : 0x1463a @__new_exitfn+132    : c_li a5, 1                 : IntAlu :  D=0x0000000000000001  flags=(IsInteger)
1724607: board.processor.cores.core: A0 T0 : 0x1463c @__new_exitfn+134    : addi a0, a1, 16            : IntAlu :  D=0x0000000000071760  flags=(IsInteger)
1724940: board.processor.cores.core: A0 T0 : 0x14640 @__new_exitfn+138    : c_sd a5, 8(a1)             : MemWrite :  D=0x0000000000000001 A=0x71758  flags=(IsInteger|IsStore)
1725273: board.processor.cores.core: A0 T0 : 0x14642 @__new_exitfn+140    : c_j -56                    : IntAlu :   flags=(IsControl|IsDirectControl|IsUncondControl)
1725939: board.processor.cores.core: A0 T0 : 0x1460a @__new_exitfn+84    : ld a5, -1376(gp)           : MemRead :  D=0x0000000000000000 A=0x70b68  flags=(IsInteger|IsLoad)
1726272: board.processor.cores.core: A0 T0 : 0x1460e @__new_exitfn+88    : c_ldsp ra, 24(sp)          : MemRead :  D=0x00000000000146a4 A=0x7ffffffffffffd48  flags=(IsInteger|IsLoad)
1726605: board.processor.cores.core: A0 T0 : 0x14610 @__new_exitfn+90    : c_ldsp s0, 16(sp)          : MemRead :  D=0x0000000000010b6c A=0x7ffffffffffffd40  flags=(IsInteger|IsLoad)
1726938: board.processor.cores.core: A0 T0 : 0x14612 @__new_exitfn+92    : c_li a3, 1                 : IntAlu :  D=0x0000000000000001  flags=(IsInteger)
1727271: board.processor.cores.core: A0 T0 : 0x14614 @__new_exitfn+94    : c_sd a3, 0(a0)             : MemWrite :  D=0x0000000000000001 A=0x71760  flags=(IsInteger|IsStore)
1727604: board.processor.cores.core: A0 T0 : 0x14616 @__new_exitfn+96    : c_addi a5, 1               : IntAlu :  D=0x0000000000000001  flags=(IsInteger)
1727937: board.processor.cores.core: A0 T0 : 0x14618 @__new_exitfn+98    : sd a5, -1376(gp)           : MemWrite :  D=0x0000000000000001 A=0x70b68  flags=(IsInteger|IsStore)
1728270: board.processor.cores.core: A0 T0 : 0x1461c @__new_exitfn+102    : c_ldsp s1, 8(sp)           : MemRead :  D=0x0000000000010bfc A=0x7ffffffffffffd38  flags=(IsInteger|IsLoad)
1728603: board.processor.cores.core: A0 T0 : 0x1461e @__new_exitfn+104    : c_addi16sp sp, 32          : IntAlu :  D=0x7ffffffffffffd50  flags=(IsInteger)
1728936: board.processor.cores.core: A0 T0 : 0x14620 @__new_exitfn+106    : c_jr ra                    : IntAlu :   flags=(IsInteger|IsControl|IsIndirectControl|IsUncondControl|IsReturn)
1729269: board.processor.cores.core: A0 T0 : 0x146a4 @__internal_atexit+48    : c_beqz a0, 70              : IntAlu :   flags=(IsInteger|IsControl|IsDirectControl|IsCondControl)
1729602: board.processor.cores.core: A0 T0 : 0x146a6 @__internal_atexit+50    : c_li a5, 4                 : IntAlu :  D=0x0000000000000004  flags=(IsInteger)
1729935: board.processor.cores.core: A0 T0 : 0x146a8 @__internal_atexit+52    : c_sd a5, 0(a0)             : MemWrite :  D=0x0000000000000004 A=0x71760  flags=(IsInteger|IsStore)
1730268: board.processor.cores.core: A0 T0 : 0x146aa @__internal_atexit+54    : c_sd s1, 8(a0)             : MemWrite :  D=0x0000000000010bfc A=0x71768  flags=(IsInteger|IsStore)
1730601: board.processor.cores.core: A0 T0 : 0x146ac @__internal_atexit+56    : sd s3, 16(a0)              : MemWrite :  D=0x0000000000000000 A=0x71770  flags=(IsInteger|IsStore)
1730934: board.processor.cores.core: A0 T0 : 0x146b0 @__internal_atexit+60    : sd s2, 24(a0)              : MemWrite :  D=0x0000000000000000 A=0x71778  flags=(IsInteger|IsStore)
1731267: board.processor.cores.core: A0 T0 : 0x146b4 @__internal_atexit+64    : c_li a5, 0                 : IntAlu :  D=0x0000000000000000  flags=(IsInteger)
1731933: board.processor.cores.core: A0 T0 : 0x146b6 @__internal_atexit+66    : addi a4, gp, -1368         : IntAlu :  D=0x0000000000070b70  flags=(IsInteger)
1732599: board.processor.cores.core: A0 T0 : 0x146ba @__internal_atexit+70    : fence iorw, ow             : No_OpClass :   flags=(IsWriteBarrier|IsReadBarrier)
1733265: board.processor.cores.core: A0 T0 : 0x146be @__internal_atexit+74    : amoswap_w a5, a5, (a4)    
1733265: board.processor.cores.core: A0 T0 : 0x146be @__internal_atexit+74. 0 : amoswap_w[l] a5, a5, (a4)  : MemRead :  D=0x0000000000000001 A=0x70b70  flags=(IsInteger|IsAtomic|IsMicroop|IsLastMicroop|IsFirstMicroop)
1733598: board.processor.cores.core: A0 T0 : 0x146c2 @__internal_atexit+78    : c_addiw a5, 0              : IntAlu :  D=0x0000000000000001  flags=(IsInteger)
1733931: board.processor.cores.core: A0 T0 : 0x146c4 @__internal_atexit+80    : c_li a3, 1                 : IntAlu :  D=0x0000000000000001  flags=(IsInteger)
1734264: board.processor.cores.core: A0 T0 : 0x146c6 @__internal_atexit+82    : c_li a4, 0                 : IntAlu :  D=0x0000000000000000  flags=(IsInteger)
1734597: board.processor.cores.core: A0 T0 : 0x146c8 @__internal_atexit+84    : blt a3, a5, 58             : IntAlu :   flags=(IsInteger|IsControl|IsDirectControl|IsCondControl)
1734930: board.processor.cores.core: A0 T0 : 0x146cc @__internal_atexit+88    : c_ldsp ra, 56(sp)          : MemRead :  D=0x0000000000010864 A=0x7ffffffffffffd88  flags=(IsInteger|IsLoad)
1735263: board.processor.cores.core: A0 T0 : 0x146ce @__internal_atexit+90    : c_ldsp s0, 48(sp)          : MemRead :  D=0x0000000000010b6c A=0x7ffffffffffffd80  flags=(IsInteger|IsLoad)
1735596: board.processor.cores.core: A0 T0 : 0x146d0 @__internal_atexit+92    : c_ldsp s1, 40(sp)          : MemRead :  D=0x0000000000010bfc A=0x7ffffffffffffd78  flags=(IsInteger|IsLoad)
1735929: board.processor.cores.core: A0 T0 : 0x146d2 @__internal_atexit+94    : c_ldsp s2, 32(sp)          : MemRead :  D=0x00000000000103b0 A=0x7ffffffffffffd70  flags=(IsInteger|IsLoad)
1736262: board.processor.cores.core: A0 T0 : 0x146d4 @__internal_atexit+96    : c_ldsp s3, 24(sp)          : MemRead :  D=0x0000000000000000 A=0x7ffffffffffffd68  flags=(IsInteger|IsLoad)
1736595: board.processor.cores.core: A0 T0 : 0x146d6 @__internal_atexit+98    : c_mv a0, a4                : IntAlu :  D=0x0000000000000000  flags=(IsInteger)
1736928: board.processor.cores.core: A0 T0 : 0x146d8 @__internal_atexit+100    : c_addi16sp sp, 64          : IntAlu :  D=0x7ffffffffffffd90  flags=(IsInteger)
1737261: board.processor.cores.core: A0 T0 : 0x146da @__internal_atexit+102    : c_jr ra                    : IntAlu :   flags=(IsInteger|IsControl|IsIndirectControl|IsUncondControl|IsReturn)
1737594: board.processor.cores.core: A0 T0 : 0x10864 @__libc_start_main+494    : lui a5, 111                : IntAlu :  D=0x000000000006f000  flags=(IsInteger)
1737927: board.processor.cores.core: A0 T0 : 0x10868 @__libc_start_main+498    : lw a5, -48(a5)             : MemRead :  D=0x0000000000000000 A=0x6efd0  flags=(IsInteger|IsLoad)
1738260: board.processor.cores.core: A0 T0 : 0x1086c @__libc_start_main+502    : c_bnez a5, 118             : IntAlu :   flags=(IsInteger|IsControl|IsDirectControl|IsCondControl)
1738593: board.processor.cores.core: A0 T0 : 0x1086e @__libc_start_main+504    : c_beqz s0, 12              : IntAlu :   flags=(IsInteger|IsControl|IsDirectControl|IsCondControl)
1738926: board.processor.cores.core: A0 T0 : 0x10870 @__libc_start_main+506    : ld a2, -1232(gp)           : MemRead :  D=0x7fffffffffffff18 A=0x70bf8  flags=(IsInteger|IsLoad)
1739259: board.processor.cores.core: A0 T0 : 0x10874 @__libc_start_main+510    : c_ldsp a1, 16(sp)          : MemRead :  D=0x7fffffffffffff08 A=0x7ffffffffffffda0  flags=(IsInteger|IsLoad)
1739592: board.processor.cores.core: A0 T0 : 0x10876 @__libc_start_main+512    : c_ldsp a0, 8(sp)           : MemRead :  D=0x0000000000000001 A=0x7ffffffffffffd98  flags=(IsInteger|IsLoad)
1739925: board.processor.cores.core: A0 T0 : 0x10878 @__libc_start_main+514    : c_jalr s0                  : IntAlu :  D=0x000000000001087a  flags=(IsInteger|IsControl|IsIndirectControl|IsUncondControl|IsCall)
1740258: board.processor.cores.core: A0 T0 : 0x10b6c @__libc_csu_init    : c_addi16sp sp, -64         : IntAlu :  D=0x7ffffffffffffd50  flags=(IsInteger)
1740591: board.processor.cores.core: A0 T0 : 0x10b6e @__libc_csu_init+2    : c_sdsp s0, 48(sp)          : MemWrite :  D=0x0000000000010b6c A=0x7ffffffffffffd80  flags=(IsInteger|IsStore)
1740924: board.processor.cores.core: A0 T0 : 0x10b70 @__libc_csu_init+4    : c_sdsp s5, 8(sp)           : MemWrite :  D=0x00000000ffffffff A=0x7ffffffffffffd58  flags=(IsInteger|IsStore)
1741590: board.processor.cores.core: A0 T0 : 0x10b72 @__libc_csu_init+6    : lui s0, 110                : IntAlu :  D=0x000000000006e000  flags=(IsInteger)
1742256: board.processor.cores.core: A0 T0 : 0x10b76 @__libc_csu_init+10    : lui s5, 110                : IntAlu :  D=0x000000000006e000  flags=(IsInteger)
1742922: board.processor.cores.core: A0 T0 : 0x10b7a @__libc_csu_init+14    : addi a5, s0, 1368          : IntAlu :  D=0x000000000006e558  flags=(IsInteger)
1743588: board.processor.cores.core: A0 T0 : 0x10b7e @__libc_csu_init+18    : addi s5, s5, 1376          : IntAlu :  D=0x000000000006e560  flags=(IsInteger)
1744254: board.processor.cores.core: A0 T0 : 0x10b82 @__libc_csu_init+22    : sub s5, s5, a5             : IntAlu :  D=0x0000000000000008  flags=(IsInteger)
1744587: board.processor.cores.core: A0 T0 : 0x10b86 @__libc_csu_init+26    : c_sdsp s2, 32(sp)          : MemWrite :  D=0x00000000000103b0 A=0x7ffffffffffffd70  flags=(IsInteger|IsStore)
1744920: board.processor.cores.core: A0 T0 : 0x10b88 @__libc_csu_init+28    : c_sdsp s3, 24(sp)          : MemWrite :  D=0x0000000000000000 A=0x7ffffffffffffd68  flags=(IsInteger|IsStore)
1745253: board.processor.cores.core: A0 T0 : 0x10b8a @__libc_csu_init+30    : c_sdsp s4, 16(sp)          : MemWrite :  D=0x00000000000103b0 A=0x7ffffffffffffd60  flags=(IsInteger|IsStore)
1745586: board.processor.cores.core: A0 T0 : 0x10b8c @__libc_csu_init+32    : c_sdsp ra, 56(sp)          : MemWrite :  D=0x000000000001087a A=0x7ffffffffffffd88  flags=(IsInteger|IsStore)
1745919: board.processor.cores.core: A0 T0 : 0x10b8e @__libc_csu_init+34    : c_sdsp s1, 40(sp)          : MemWrite :  D=0x0000000000010bfc A=0x7ffffffffffffd78  flags=(IsInteger|IsStore)
1746252: board.processor.cores.core: A0 T0 : 0x10b90 @__libc_csu_init+36    : srai s5, s5, 3             : IntAlu :  D=0x0000000000000001  flags=(IsInteger)
1746585: board.processor.cores.core: A0 T0 : 0x10b94 @__libc_csu_init+40    : c_mv s2, a0                : IntAlu :  D=0x0000000000000001  flags=(IsInteger)
1746918: board.processor.cores.core: A0 T0 : 0x10b96 @__libc_csu_init+42    : c_mv s3, a1                : IntAlu :  D=0x7fffffffffffff08  flags=(IsInteger)
1747251: board.processor.cores.core: A0 T0 : 0x10b98 @__libc_csu_init+44    : c_mv s4, a2                : IntAlu :  D=0x7fffffffffffff18  flags=(IsInteger)
1747917: board.processor.cores.core: A0 T0 : 0x10b9a @__libc_csu_init+46    : beq s5, ft0, 28            : IntAlu :   flags=(IsInteger|IsControl|IsDirectControl|IsCondControl)
1748583: board.processor.cores.core: A0 T0 : 0x10b9e @__libc_csu_init+50    : addi s0, s0, 1368          : IntAlu :  D=0x000000000006e558  flags=(IsInteger)
1748916: board.processor.cores.core: A0 T0 : 0x10ba2 @__libc_csu_init+54    : c_li s1, 0                 : IntAlu :  D=0x0000000000000000  flags=(IsInteger)
1749249: board.processor.cores.core: A0 T0 : 0x10ba4 @__libc_csu_init+56    : c_ld a5, 0(s0)             : MemRead :  D=0x0000000000010556 A=0x6e558  flags=(IsInteger|IsLoad)
1749582: board.processor.cores.core: A0 T0 : 0x10ba6 @__libc_csu_init+58    : c_mv a2, s4                : IntAlu :  D=0x7fffffffffffff18  flags=(IsInteger)
1749915: board.processor.cores.core: A0 T0 : 0x10ba8 @__libc_csu_init+60    : c_mv a1, s3                : IntAlu :  D=0x7fffffffffffff08  flags=(IsInteger)
1750248: board.processor.cores.core: A0 T0 : 0x10baa @__libc_csu_init+62    : c_mv a0, s2                : IntAlu :  D=0x0000000000000001  flags=(IsInteger)
1750581: board.processor.cores.core: A0 T0 : 0x10bac @__libc_csu_init+64    : c_addi s1, 1               : IntAlu :  D=0x0000000000000001  flags=(IsInteger)
1750914: board.processor.cores.core: A0 T0 : 0x10bae @__libc_csu_init+66    : c_jalr a5                  : IntAlu :  D=0x0000000000010bb0  flags=(IsInteger|IsControl|IsIndirectControl|IsUncondControl|IsCall)
1751580: board.processor.cores.core: A0 T0 : 0x10556 @load_gp    : auipc gp, 97               : IntAlu :  D=0x0000000000071556  flags=(IsInteger)
1752246: board.processor.cores.core: A0 T0 : 0x1055a @load_gp+4    : addi gp, gp, -1166         : IntAlu :  D=0x00000000000710c8  flags=(IsInteger)
1752579: board.processor.cores.core: A0 T0 : 0x1055e @load_gp+8    : c_jr ra                    : IntAlu :   flags=(IsInteger|IsControl|IsIndirectControl|IsUncondControl|IsReturn)
1752912: board.processor.cores.core: A0 T0 : 0x10bb0 @__libc_csu_init+68    : c_addi s0, 8               : IntAlu :  D=0x000000000006e560  flags=(IsInteger)
1753578: board.processor.cores.core: A0 T0 : 0x10bb2 @__libc_csu_init+70    : bne s5, s1, -14            : IntAlu :   flags=(IsInteger|IsControl|IsDirectControl|IsCondControl)
1754244: board.processor.cores.core: A0 T0 : 0x10bb6 @__libc_csu_init+74    : lui s0, 110                : IntAlu :  D=0x000000000006e000  flags=(IsInteger)
1754910: board.processor.cores.core: A0 T0 : 0x10bba @__libc_csu_init+78    : lui s5, 110                : IntAlu :  D=0x000000000006e000  flags=(IsInteger)
1755576: board.processor.cores.core: A0 T0 : 0x10bbe @__libc_csu_init+82    : addi a5, s0, 1376          : IntAlu :  D=0x000000000006e560  flags=(IsInteger)
1756242: board.processor.cores.core: A0 T0 : 0x10bc2 @__libc_csu_init+86    : addi s5, s5, 1384          : IntAlu :  D=0x000000000006e568  flags=(IsInteger)
1756908: board.processor.cores.core: A0 T0 : 0x10bc6 @__libc_csu_init+90    : sub s5, s5, a5             : IntAlu :  D=0x0000000000000008  flags=(IsInteger)
1757574: board.processor.cores.core: A0 T0 : 0x10bca @__libc_csu_init+94    : srai s5, s5, 3             : IntAlu :  D=0x0000000000000001  flags=(IsInteger)
1758240: board.processor.cores.core: A0 T0 : 0x10bce @__libc_csu_init+98    : beq s5, ft0, 28            : IntAlu :   flags=(IsInteger|IsControl|IsDirectControl|IsCondControl)
1758906: board.processor.cores.core: A0 T0 : 0x10bd2 @__libc_csu_init+102    : addi s0, s0, 1376          : IntAlu :  D=0x000000000006e560  flags=(IsInteger)
1759239: board.processor.cores.core: A0 T0 : 0x10bd6 @__libc_csu_init+106    : c_li s1, 0                 : IntAlu :  D=0x0000000000000000  flags=(IsInteger)
1759572: board.processor.cores.core: A0 T0 : 0x10bd8 @__libc_csu_init+108    : c_ld a5, 0(s0)             : MemRead :  D=0x00000000000105e4 A=0x6e560  flags=(IsInteger|IsLoad)
1759905: board.processor.cores.core: A0 T0 : 0x10bda @__libc_csu_init+110    : c_mv a2, s4                : IntAlu :  D=0x7fffffffffffff18  flags=(IsInteger)
1760238: board.processor.cores.core: A0 T0 : 0x10bdc @__libc_csu_init+112    : c_mv a1, s3                : IntAlu :  D=0x7fffffffffffff08  flags=(IsInteger)
1760571: board.processor.cores.core: A0 T0 : 0x10bde @__libc_csu_init+114    : c_mv a0, s2                : IntAlu :  D=0x0000000000000001  flags=(IsInteger)
1760904: board.processor.cores.core: A0 T0 : 0x10be0 @__libc_csu_init+116    : c_addi s1, 1               : IntAlu :  D=0x0000000000000001  flags=(IsInteger)
1761237: board.processor.cores.core: A0 T0 : 0x10be2 @__libc_csu_init+118    : c_jalr a5                  : IntAlu :  D=0x0000000000010be4  flags=(IsInteger|IsControl|IsIndirectControl|IsUncondControl|IsCall)
1761570: board.processor.cores.core: A0 T0 : 0x105e4 @frame_dummy    : lui a5, 75                 : IntAlu :  D=0x000000000004b000  flags=(IsInteger)
1761903: board.processor.cores.core: A0 T0 : 0x105e8 @frame_dummy+4    : addi a5, a5, 708           : IntAlu :  D=0x000000000004b2c4  flags=(IsInteger)
1762236: board.processor.cores.core: A0 T0 : 0x105ec @frame_dummy+8    : c_beqz a5, 28              : IntAlu :   flags=(IsInteger|IsControl|IsDirectControl|IsCondControl)
1762902: board.processor.cores.core: A0 T0 : 0x105ee @frame_dummy+10    : lui a0, 106                : IntAlu :  D=0x000000000006a000  flags=(IsInteger)
1763235: board.processor.cores.core: A0 T0 : 0x105f2 @frame_dummy+14    : c_addi sp, -16             : IntAlu :  D=0x7ffffffffffffd40  flags=(IsInteger)
1763568: board.processor.cores.core: A0 T0 : 0x105f4 @frame_dummy+16    : addi a1, gp, -640          : IntAlu :  D=0x0000000000070e48  flags=(IsInteger)
1763901: board.processor.cores.core: A0 T0 : 0x105f8 @frame_dummy+20    : addi a0, a0, -472          : IntAlu :  D=0x0000000000069e28  flags=(IsInteger)
1764234: board.processor.cores.core: A0 T0 : 0x105fc @frame_dummy+24    : c_sdsp ra, 8(sp)           : MemWrite :  D=0x0000000000010be4 A=0x7ffffffffffffd48  flags=(IsInteger|IsStore)
1764900: board.processor.cores.core: A0 T0 : 0x105fe @frame_dummy+26    : jal ra, 240838             : IntAlu :  D=0x0000000000010602  flags=(IsInteger|IsControl|IsDirectControl|IsUncondControl|IsCall)
1765233: board.processor.cores.core: A0 T0 : 0x4b2c4 @__register_frame_info    : c_beqz a0, 126             : IntAlu :   flags=(IsInteger|IsControl|IsDirectControl|IsCondControl)
1765566: board.processor.cores.core: A0 T0 : 0x4b2c6 @__register_frame_info+2    : c_lw a5, 0(a0)             : MemRead :  D=0x000000000000002c A=0x69e28  flags=(IsInteger|IsLoad)
1765899: board.processor.cores.core: A0 T0 : 0x4b2c8 @__register_frame_info+4    : c_beqz a5, 122             : IntAlu :   flags=(IsInteger|IsControl|IsDirectControl|IsCondControl)
1766232: board.processor.cores.core: A0 T0 : 0x4b2ca @__register_frame_info+6    : c_li a5, -1                : IntAlu :  D=0xffffffffffffffff  flags=(IsInteger)
1766565: board.processor.cores.core: A0 T0 : 0x4b2cc @__register_frame_info+8    : c_addi sp, -32             : IntAlu :  D=0x7ffffffffffffd20  flags=(IsInteger)
1766898: board.processor.cores.core: A0 T0 : 0x4b2ce @__register_frame_info+10    : c_sd a5, 0(a1)             : MemWrite :  D=0xffffffffffffffff A=0x70e48  flags=(IsInteger|IsStore)
1767231: board.processor.cores.core: A0 T0 : 0x4b2d0 @__register_frame_info+12    : addi a5, ft0, 2040         : IntAlu :  D=0x00000000000007f8  flags=(IsInteger)
1767564: board.processor.cores.core: A0 T0 : 0x4b2d4 @__register_frame_info+16    : c_sdsp s0, 16(sp)          : MemWrite :  D=0x000000000006e560 A=0x7ffffffffffffd30  flags=(IsInteger|IsStore)
1767897: board.processor.cores.core: A0 T0 : 0x4b2d6 @__register_frame_info+18    : c_sdsp s1, 8(sp)           : MemWrite :  D=0x0000000000000001 A=0x7ffffffffffffd28  flags=(IsInteger|IsStore)
1768230: board.processor.cores.core: A0 T0 : 0x4b2d8 @__register_frame_info+20    : c_sdsp ra, 24(sp)          : MemWrite :  D=0x0000000000010602 A=0x7ffffffffffffd38  flags=(IsInteger|IsStore)
1768896: board.processor.cores.core: A0 T0 : 0x4b2da @__register_frame_info+22    : sd ft0, 8(a1)              : MemWrite :  D=0x0000000000000000 A=0x70e50  flags=(IsInteger|IsStore)
1769562: board.processor.cores.core: A0 T0 : 0x4b2de @__register_frame_info+26    : sd ft0, 16(a1)             : MemWrite :  D=0x0000000000000000 A=0x70e58  flags=(IsInteger|IsStore)
1769895: board.processor.cores.core: A0 T0 : 0x4b2e2 @__register_frame_info+30    : c_sd a0, 24(a1)            : MemWrite :  D=0x0000000000069e28 A=0x70e60  flags=(IsInteger|IsStore)
1770228: board.processor.cores.core: A0 T0 : 0x4b2e4 @__register_frame_info+32    : c_sd a5, 32(a1)            : MemWrite :  D=0x00000000000007f8 A=0x70e68  flags=(IsInteger|IsStore)
1770894: board.processor.cores.core: A0 T0 : 0x4b2e6 @__register_frame_info+34    : auipc s1, 37               : IntAlu :  D=0x00000000000702e6  flags=(IsInteger)
1771560: board.processor.cores.core: A0 T0 : 0x4b2ea @__register_frame_info+38    : ld s1, 1346(s1)            : MemRead :  D=0x0000000000000000 A=0x70828  flags=(IsInteger|IsLoad)
1771893: board.processor.cores.core: A0 T0 : 0x4b2ee @__register_frame_info+42    : c_mv s0, a1                : IntAlu :  D=0x0000000000070e48  flags=(IsInteger)
1772226: board.processor.cores.core: A0 T0 : 0x4b2f0 @__register_frame_info+44    : c_beqz s1, 20              : IntAlu :   flags=(IsInteger|IsControl|IsDirectControl|IsCondControl)
1772559: board.processor.cores.core: A0 T0 : 0x4b304 @__register_frame_info+64    : auipc a5, 39               : IntAlu :  D=0x0000000000072304  flags=(IsInteger)
1772892: board.processor.cores.core: A0 T0 : 0x4b308 @__register_frame_info+68    : addi a5, a5, -1220         : IntAlu :  D=0x0000000000071e40  flags=(IsInteger)
1773225: board.processor.cores.core: A0 T0 : 0x4b30c @__register_frame_info+72    : ld a3, 448(a5)             : MemRead :  D=0x0000000000000000 A=0x72000  flags=(IsInteger|IsLoad)
1773558: board.processor.cores.core: A0 T0 : 0x4b310 @__register_frame_info+76    : lw a4, 456(a5)             : MemRead :  D=0x0000000000000000 A=0x72008  flags=(IsInteger|IsLoad)
1773891: board.processor.cores.core: A0 T0 : 0x4b314 @__register_frame_info+80    : sd s0, 448(a5)             : MemWrite :  D=0x0000000000070e48 A=0x72000  flags=(IsInteger|IsStore)
1774224: board.processor.cores.core: A0 T0 : 0x4b318 @__register_frame_info+84    : c_sd a3, 40(s0)            : MemWrite :  D=0x0000000000000000 A=0x70e70  flags=(IsInteger|IsStore)
1774557: board.processor.cores.core: A0 T0 : 0x4b31a @__register_frame_info+86    : c_beqz a4, 42              : IntAlu :   flags=(IsInteger|IsControl|IsDirectControl|IsCondControl)
1774890: board.processor.cores.core: A0 T0 : 0x4b344 @__register_frame_info+128    : c_li a4, 1                 : IntAlu :  D=0x0000000000000001  flags=(IsInteger)
1775556: board.processor.cores.core: A0 T0 : 0x4b346 @__register_frame_info+130    : addi a5, a5, 456           : IntAlu :  D=0x0000000000072008  flags=(IsInteger)
1776222: board.processor.cores.core: A0 T0 : 0x4b34a @__register_frame_info+134    : amoswap_w zero, a4, (a5)  
1776222: board.processor.cores.core: A0 T0 : 0x4b34a @__register_frame_info+134. 0 : amoswap_w[l] ft0, a4, (a5) : MemRead :  D=0x0000000000000000 A=0x72008  flags=(IsInteger|IsAtomic|IsMicroop|IsLastMicroop|IsFirstMicroop)
1776555: board.processor.cores.core: A0 T0 : 0x4b34e @__register_frame_info+138    : c_bnez s1, -48             : IntAlu :   flags=(IsInteger|IsControl|IsDirectControl|IsCondControl)
1776888: board.processor.cores.core: A0 T0 : 0x4b350 @__register_frame_info+140    : c_j -24                    : IntAlu :   flags=(IsControl|IsDirectControl|IsUncondControl)
1777221: board.processor.cores.core: A0 T0 : 0x4b338 @__register_frame_info+116    : c_ldsp ra, 24(sp)          : MemRead :  D=0x0000000000010602 A=0x7ffffffffffffd38  flags=(IsInteger|IsLoad)
1777554: board.processor.cores.core: A0 T0 : 0x4b33a @__register_frame_info+118    : c_ldsp s0, 16(sp)          : MemRead :  D=0x000000000006e560 A=0x7ffffffffffffd30  flags=(IsInteger|IsLoad)
1777887: board.processor.cores.core: A0 T0 : 0x4b33c @__register_frame_info+120    : c_ldsp s1, 8(sp)           : MemRead :  D=0x0000000000000001 A=0x7ffffffffffffd28  flags=(IsInteger|IsLoad)
1778220: board.processor.cores.core: A0 T0 : 0x4b33e @__register_frame_info+122    : c_addi16sp sp, 32          : IntAlu :  D=0x7ffffffffffffd40  flags=(IsInteger)
1778553: board.processor.cores.core: A0 T0 : 0x4b340 @__register_frame_info+124    : c_jr ra                    : IntAlu :   flags=(IsInteger|IsControl|IsIndirectControl|IsUncondControl|IsReturn)
1778886: board.processor.cores.core: A0 T0 : 0x10602 @frame_dummy+30    : c_ldsp ra, 8(sp)           : MemRead :  D=0x0000000000010be4 A=0x7ffffffffffffd48  flags=(IsInteger|IsLoad)
1779219: board.processor.cores.core: A0 T0 : 0x10604 @frame_dummy+32    : c_addi sp, 16              : IntAlu :  D=0x7ffffffffffffd50  flags=(IsInteger)
1779552: board.processor.cores.core: A0 T0 : 0x10606 @frame_dummy+34    : c_j -130                   : IntAlu :   flags=(IsControl|IsDirectControl|IsUncondControl)
1779885: board.processor.cores.core: A0 T0 : 0x10584 @register_tm_clones    : lui a0, 112                : IntAlu :  D=0x0000000000070000  flags=(IsInteger)
1780218: board.processor.cores.core: A0 T0 : 0x10588 @register_tm_clones+4    : addi a5, a0, 2040          : IntAlu :  D=0x00000000000707f8  flags=(IsInteger)
1780551: board.processor.cores.core: A0 T0 : 0x1058c @register_tm_clones+8    : lui a4, 112                : IntAlu :  D=0x0000000000070000  flags=(IsInteger)
1780884: board.processor.cores.core: A0 T0 : 0x10590 @register_tm_clones+12    : addi a1, a4, 2040          : IntAlu :  D=0x00000000000707f8  flags=(IsInteger)
1781217: board.processor.cores.core: A0 T0 : 0x10594 @register_tm_clones+16    : c_sub a1, a5               : IntAlu :  D=0x0000000000000000  flags=(IsInteger)
1781883: board.processor.cores.core: A0 T0 : 0x10596 @register_tm_clones+18    : srai a5, a1, 3             : IntAlu :  D=0x0000000000000000  flags=(IsInteger)
1782216: board.processor.cores.core: A0 T0 : 0x1059a @register_tm_clones+22    : c_srli a1, 63              : IntAlu :  D=0x0000000000000000  flags=(IsInteger)
1782549: board.processor.cores.core: A0 T0 : 0x1059c @register_tm_clones+24    : c_add a1, a5               : IntAlu :  D=0x0000000000000000  flags=(IsInteger)
1782882: board.processor.cores.core: A0 T0 : 0x1059e @register_tm_clones+26    : c_srai a1, 1               : IntAlu :  D=0x0000000000000000  flags=(IsInteger)
1783215: board.processor.cores.core: A0 T0 : 0x105a0 @register_tm_clones+28    : c_beqz a1, 14              : IntAlu :   flags=(IsInteger|IsControl|IsDirectControl|IsCondControl)
1783548: board.processor.cores.core: A0 T0 : 0x105ae @register_tm_clones+42    : c_jr ra                    : IntAlu :   flags=(IsInteger|IsControl|IsIndirectControl|IsUncondControl|IsReturn)
1783881: board.processor.cores.core: A0 T0 : 0x10be4 @__libc_csu_init+120    : c_addi s0, 8               : IntAlu :  D=0x000000000006e568  flags=(IsInteger)
1784547: board.processor.cores.core: A0 T0 : 0x10be6 @__libc_csu_init+122    : bne s5, s1, -14            : IntAlu :   flags=(IsInteger|IsControl|IsDirectControl|IsCondControl)
1784880: board.processor.cores.core: A0 T0 : 0x10bea @__libc_csu_init+126    : c_ldsp ra, 56(sp)          : MemRead :  D=0x000000000001087a A=0x7ffffffffffffd88  flags=(IsInteger|IsLoad)
1785213: board.processor.cores.core: A0 T0 : 0x10bec @__libc_csu_init+128    : c_ldsp s0, 48(sp)          : MemRead :  D=0x0000000000010b6c A=0x7ffffffffffffd80  flags=(IsInteger|IsLoad)
1785546: board.processor.cores.core: A0 T0 : 0x10bee @__libc_csu_init+130    : c_ldsp s1, 40(sp)          : MemRead :  D=0x0000000000010bfc A=0x7ffffffffffffd78  flags=(IsInteger|IsLoad)
1785879: board.processor.cores.core: A0 T0 : 0x10bf0 @__libc_csu_init+132    : c_ldsp s2, 32(sp)          : MemRead :  D=0x00000000000103b0 A=0x7ffffffffffffd70  flags=(IsInteger|IsLoad)
1786212: board.processor.cores.core: A0 T0 : 0x10bf2 @__libc_csu_init+134    : c_ldsp s3, 24(sp)          : MemRead :  D=0x0000000000000000 A=0x7ffffffffffffd68  flags=(IsInteger|IsLoad)
1786545: board.processor.cores.core: A0 T0 : 0x10bf4 @__libc_csu_init+136    : c_ldsp s4, 16(sp)          : MemRead :  D=0x00000000000103b0 A=0x7ffffffffffffd60  flags=(IsInteger|IsLoad)
1786878: board.processor.cores.core: A0 T0 : 0x10bf6 @__libc_csu_init+138    : c_ldsp s5, 8(sp)           : MemRead :  D=0x00000000ffffffff A=0x7ffffffffffffd58  flags=(IsInteger|IsLoad)
1787211: board.processor.cores.core: A0 T0 : 0x10bf8 @__libc_csu_init+140    : c_addi16sp sp, 64          : IntAlu :  D=0x7ffffffffffffd90  flags=(IsInteger)
1787544: board.processor.cores.core: A0 T0 : 0x10bfa @__libc_csu_init+142    : c_jr ra                    : IntAlu :   flags=(IsInteger|IsControl|IsIndirectControl|IsUncondControl|IsReturn)
1787877: board.processor.cores.core: A0 T0 : 0x1087a @__libc_start_main+516    : c_li a1, 0                 : IntAlu :  D=0x0000000000000000  flags=(IsInteger)
1788210: board.processor.cores.core: A0 T0 : 0x1087c @__libc_start_main+518    : c_li a0, 0                 : IntAlu :  D=0x0000000000000000  flags=(IsInteger)
1788876: board.processor.cores.core: A0 T0 : 0x1087e @__libc_start_main+520    : jal ra, 90558              : IntAlu :  D=0x0000000000010882  flags=(IsInteger|IsControl|IsDirectControl|IsUncondControl|IsCall)
1789209: board.processor.cores.core: A0 T0 : 0x26a3c @_dl_debug_initialize    : c_mv a4, a0                : IntAlu :  D=0x0000000000000000  flags=(IsInteger)
1789542: board.processor.cores.core: A0 T0 : 0x26a3e @_dl_debug_initialize+2    : c_beqz a1, 72              : IntAlu :   flags=(IsInteger|IsControl|IsDirectControl|IsCondControl)
1790208: board.processor.cores.core: A0 T0 : 0x26a86 @_dl_debug_initialize+74    : lui a5, 114                : IntAlu :  D=0x0000000000072000  flags=(IsInteger)
1790874: board.processor.cores.core: A0 T0 : 0x26a8a @_dl_debug_initialize+78    : addi a0, a5, -1120         : IntAlu :  D=0x0000000000071ba0  flags=(IsInteger)
1791207: board.processor.cores.core: A0 T0 : 0x26a8e @_dl_debug_initialize+82    : c_ld a5, 8(a0)             : MemRead :  D=0x0000000000000000 A=0x71ba8  flags=(IsInteger|IsLoad)
1791540: board.processor.cores.core: A0 T0 : 0x26a90 @_dl_debug_initialize+84    : c_bnez a5, -52             : IntAlu :   flags=(IsInteger|IsControl|IsDirectControl|IsCondControl)
1791873: board.processor.cores.core: A0 T0 : 0x26a92 @_dl_debug_initialize+86    : c_li a5, 1                 : IntAlu :  D=0x0000000000000001  flags=(IsInteger)
1792206: board.processor.cores.core: A0 T0 : 0x26a94 @_dl_debug_initialize+88    : c_sw a5, 0(a0)             : MemWrite :  D=0x0000000000000001 A=0x71ba0  flags=(IsInteger|IsStore)
1792539: board.processor.cores.core: A0 T0 : 0x26a96 @_dl_debug_initialize+90    : c_bnez a4, -52             : IntAlu :   flags=(IsInteger|IsControl|IsDirectControl|IsCondControl)
1792872: board.processor.cores.core: A0 T0 : 0x26a98 @_dl_debug_initialize+92    : lui a5, 114                : IntAlu :  D=0x0000000000072000  flags=(IsInteger)
1793205: board.processor.cores.core: A0 T0 : 0x26a9c @_dl_debug_initialize+96    : ld a4, -1088(a5)           : MemRead :  D=0x0000000000000000 A=0x71bc0  flags=(IsInteger|IsLoad)
1793538: board.processor.cores.core: A0 T0 : 0x26aa0 @_dl_debug_initialize+100    : c_j -62                    : IntAlu :   flags=(IsControl|IsDirectControl|IsUncondControl)
1794204: board.processor.cores.core: A0 T0 : 0x26a62 @_dl_debug_initialize+38    : addi a5, ft0, 152          : IntAlu :  D=0x0000000000000098  flags=(IsInteger)
1794870: board.processor.cores.core: A0 T0 : 0x26a66 @_dl_debug_initialize+42    : mul a1, a1, a5             : IntMult :  D=0x0000000000000000  flags=(IsInteger)
1795536: board.processor.cores.core: A0 T0 : 0x26a6a @_dl_debug_initialize+46    : lui a5, 112                : IntAlu :  D=0x0000000000070000  flags=(IsInteger)
1796202: board.processor.cores.core: A0 T0 : 0x26a6e @_dl_debug_initialize+50    : addi a5, a5, 816           : IntAlu :  D=0x0000000000070330  flags=(IsInteger)
1796535: board.processor.cores.core: A0 T0 : 0x26a72 @_dl_debug_initialize+54    : c_sd a4, 32(a0)            : MemWrite :  D=0x0000000000000000 A=0x71bc0  flags=(IsInteger|IsStore)
1796868: board.processor.cores.core: A0 T0 : 0x26a74 @_dl_debug_initialize+56    : c_add a5, a1               : IntAlu :  D=0x0000000000070330  flags=(IsInteger)
1797201: board.processor.cores.core: A0 T0 : 0x26a76 @_dl_debug_initialize+58    : c_ld a4, 0(a5)             : MemRead :  D=0x000000000006fe60 A=0x70330  flags=(IsInteger|IsLoad)
1797534: board.processor.cores.core: A0 T0 : 0x26a78 @_dl_debug_initialize+60    : lui a5, 39                 : IntAlu :  D=0x0000000000027000  flags=(IsInteger)
1797867: board.processor.cores.core: A0 T0 : 0x26a7c @_dl_debug_initialize+64    : addi a5, a5, -1478         : IntAlu :  D=0x0000000000026a3a  flags=(IsInteger)
1798200: board.processor.cores.core: A0 T0 : 0x26a80 @_dl_debug_initialize+68    : c_sd a5, 16(a0)            : MemWrite :  D=0x0000000000026a3a A=0x71bb0  flags=(IsInteger|IsStore)
1798533: board.processor.cores.core: A0 T0 : 0x26a82 @_dl_debug_initialize+70    : c_sd a4, 8(a0)             : MemWrite :  D=0x000000000006fe60 A=0x71ba8  flags=(IsInteger|IsStore)
1798866: board.processor.cores.core: A0 T0 : 0x26a84 @_dl_debug_initialize+72    : c_jr ra                    : IntAlu :   flags=(IsInteger|IsControl|IsIndirectControl|IsUncondControl|IsReturn)
1799199: board.processor.cores.core: A0 T0 : 0x10882 @__libc_start_main+524    : c_addi4spn a0, sp, 40      : IntAlu :  D=0x7ffffffffffffdb8  flags=(IsInteger)
1799532: board.processor.cores.core: A0 T0 : 0x10884 @__libc_start_main+526    : jal ra, 13604              : IntAlu :  D=0x0000000000010888  flags=(IsInteger|IsControl|IsDirectControl|IsUncondControl|IsCall)
1799865: board.processor.cores.core: A0 T0 : 0x13da8 @_setjmp    : c_li a1, 0                 : IntAlu :  D=0x0000000000000000  flags=(IsInteger)
1800198: board.processor.cores.core: A0 T0 : 0x13daa @_setjmp+2    : c_j 6                      : IntAlu :   flags=(IsControl|IsDirectControl|IsUncondControl)
1800531: board.processor.cores.core: A0 T0 : 0x13db0 @__sigsetjmp    : sd ra, 0(a0)               : MemWrite :  D=0x0000000000010888 A=0x7ffffffffffffdb8  flags=(IsInteger|IsStore)
1800864: board.processor.cores.core: A0 T0 : 0x13db4 @__sigsetjmp+4    : c_sd s0, 8(a0)             : MemWrite :  D=0x0000000000010b6c A=0x7ffffffffffffdc0  flags=(IsInteger|IsStore)
1801197: board.processor.cores.core: A0 T0 : 0x13db6 @__sigsetjmp+6    : c_sd s1, 16(a0)            : MemWrite :  D=0x0000000000010bfc A=0x7ffffffffffffdc8  flags=(IsInteger|IsStore)
1801530: board.processor.cores.core: A0 T0 : 0x13db8 @__sigsetjmp+8    : sd s2, 24(a0)              : MemWrite :  D=0x00000000000103b0 A=0x7ffffffffffffdd0  flags=(IsInteger|IsStore)
1801863: board.processor.cores.core: A0 T0 : 0x13dbc @__sigsetjmp+12    : sd s3, 32(a0)              : MemWrite :  D=0x0000000000000000 A=0x7ffffffffffffdd8  flags=(IsInteger|IsStore)
1802196: board.processor.cores.core: A0 T0 : 0x13dc0 @__sigsetjmp+16    : sd s4, 40(a0)              : MemWrite :  D=0x00000000000103b0 A=0x7ffffffffffffde0  flags=(IsInteger|IsStore)
1802529: board.processor.cores.core: A0 T0 : 0x13dc4 @__sigsetjmp+20    : sd s5, 48(a0)              : MemWrite :  D=0x00000000ffffffff A=0x7ffffffffffffde8  flags=(IsInteger|IsStore)
1802862: board.processor.cores.core: A0 T0 : 0x13dc8 @__sigsetjmp+24    : sd s6, 56(a0)              : MemWrite :  D=0x000000000000003a A=0x7ffffffffffffdf0  flags=(IsInteger|IsStore)
1803195: board.processor.cores.core: A0 T0 : 0x13dcc @__sigsetjmp+28    : sd s7, 64(a0)              : MemWrite :  D=0x0000000000000000 A=0x7ffffffffffffdf8  flags=(IsInteger|IsStore)
1803528: board.processor.cores.core: A0 T0 : 0x13dd0 @__sigsetjmp+32    : sd s8, 72(a0)              : MemWrite :  D=0x0000000000000000 A=0x7ffffffffffffe00  flags=(IsInteger|IsStore)
1803861: board.processor.cores.core: A0 T0 : 0x13dd4 @__sigsetjmp+36    : sd s9, 80(a0)              : MemWrite :  D=0x0000000000000000 A=0x7ffffffffffffe08  flags=(IsInteger|IsStore)
1804194: board.processor.cores.core: A0 T0 : 0x13dd8 @__sigsetjmp+40    : sd s10, 88(a0)             : MemWrite :  D=0x0000000000000000 A=0x7ffffffffffffe10  flags=(IsInteger|IsStore)
1804527: board.processor.cores.core: A0 T0 : 0x13ddc @__sigsetjmp+44    : sd s11, 96(a0)             : MemWrite :  D=0x0000000000000000 A=0x7ffffffffffffe18  flags=(IsInteger|IsStore)
1804860: board.processor.cores.core: A0 T0 : 0x13de0 @__sigsetjmp+48    : sd sp, 104(a0)             : MemWrite :  D=0x7ffffffffffffd90 A=0x7ffffffffffffe20  flags=(IsInteger|IsStore)
1805193: board.processor.cores.core: A0 T0 : 0x13de4 @__sigsetjmp+52    : c_fsd fs0, 112(a0)         : FloatMemWrite :  D=0x0000000000000000 A=0x7ffffffffffffe28  flags=(IsInteger|IsFloating|IsStore)
1805526: board.processor.cores.core: A0 T0 : 0x13de6 @__sigsetjmp+54    : c_fsd fs1, 120(a0)         : FloatMemWrite :  D=0x0000000000000000 A=0x7ffffffffffffe30  flags=(IsInteger|IsFloating|IsStore)
1805859: board.processor.cores.core: A0 T0 : 0x13de8 @__sigsetjmp+56    : fsd fs2, 128(a0)           : FloatMemWrite :  D=0x0000000000000000 A=0x7ffffffffffffe38  flags=(IsInteger|IsFloating|IsStore)
1806192: board.processor.cores.core: A0 T0 : 0x13dec @__sigsetjmp+60    : fsd fs3, 136(a0)           : FloatMemWrite :  D=0x0000000000000000 A=0x7ffffffffffffe40  flags=(IsInteger|IsFloating|IsStore)
1806525: board.processor.cores.core: A0 T0 : 0x13df0 @__sigsetjmp+64    : fsd fs4, 144(a0)           : FloatMemWrite :  D=0x0000000000000000 A=0x7ffffffffffffe48  flags=(IsInteger|IsFloating|IsStore)
1806858: board.processor.cores.core: A0 T0 : 0x13df4 @__sigsetjmp+68    : fsd fs5, 152(a0)           : FloatMemWrite :  D=0x0000000000000000 A=0x7ffffffffffffe50  flags=(IsInteger|IsFloating|IsStore)
1807191: board.processor.cores.core: A0 T0 : 0x13df8 @__sigsetjmp+72    : fsd fs6, 160(a0)           : FloatMemWrite :  D=0x0000000000000000 A=0x7ffffffffffffe58  flags=(IsInteger|IsFloating|IsStore)
1807524: board.processor.cores.core: A0 T0 : 0x13dfc @__sigsetjmp+76    : fsd fs7, 168(a0)           : FloatMemWrite :  D=0x0000000000000000 A=0x7ffffffffffffe60  flags=(IsInteger|IsFloating|IsStore)
1807857: board.processor.cores.core: A0 T0 : 0x13e00 @__sigsetjmp+80    : fsd fs8, 176(a0)           : FloatMemWrite :  D=0x0000000000000000 A=0x7ffffffffffffe68  flags=(IsInteger|IsFloating|IsStore)
1808190: board.processor.cores.core: A0 T0 : 0x13e04 @__sigsetjmp+84    : fsd fs9, 184(a0)           : FloatMemWrite :  D=0x0000000000000000 A=0x7ffffffffffffe70  flags=(IsInteger|IsFloating|IsStore)
1808523: board.processor.cores.core: A0 T0 : 0x13e08 @__sigsetjmp+88    : fsd fs10, 192(a0)          : FloatMemWrite :  D=0x0000000000000000 A=0x7ffffffffffffe78  flags=(IsInteger|IsFloating|IsStore)
1808856: board.processor.cores.core: A0 T0 : 0x13e0c @__sigsetjmp+92    : fsd fs11, 200(a0)          : FloatMemWrite :  D=0x0000000000000000 A=0x7ffffffffffffe80  flags=(IsInteger|IsFloating|IsStore)
1809189: board.processor.cores.core: A0 T0 : 0x13e10 @__sigsetjmp+96    : jal ft0, 4                 : IntAlu :  D=0x0000000000013e14  flags=(IsInteger|IsControl|IsDirectControl|IsUncondControl)
1809522: board.processor.cores.core: A0 T0 : 0x13e14 @__sigjmp_save    : c_addi sp, -16             : IntAlu :  D=0x7ffffffffffffd80  flags=(IsInteger)
1809855: board.processor.cores.core: A0 T0 : 0x13e16 @__sigjmp_save+2    : c_sdsp s0, 0(sp)           : MemWrite :  D=0x0000000000010b6c A=0x7ffffffffffffd80  flags=(IsInteger|IsStore)
1810188: board.processor.cores.core: A0 T0 : 0x13e18 @__sigjmp_save+4    : c_sdsp ra, 8(sp)           : MemWrite :  D=0x0000000000010888 A=0x7ffffffffffffd88  flags=(IsInteger|IsStore)
1810521: board.processor.cores.core: A0 T0 : 0x13e1a @__sigjmp_save+6    : c_mv s0, a0                : IntAlu :  D=0x7ffffffffffffdb8  flags=(IsInteger)
1810854: board.processor.cores.core: A0 T0 : 0x13e1c @__sigjmp_save+8    : c_bnez a1, 16              : IntAlu :   flags=(IsInteger|IsControl|IsDirectControl|IsCondControl)
1811187: board.processor.cores.core: A0 T0 : 0x13e1e @__sigjmp_save+10    : c_ldsp ra, 8(sp)           : MemRead :  D=0x0000000000010888 A=0x7ffffffffffffd88  flags=(IsInteger|IsLoad)
1811520: board.processor.cores.core: A0 T0 : 0x13e20 @__sigjmp_save+12    : sw a1, 208(s0)             : MemWrite :  D=0x0000000000000000 A=0x7ffffffffffffe88  flags=(IsInteger|IsStore)
1811853: board.processor.cores.core: A0 T0 : 0x13e24 @__sigjmp_save+16    : c_ldsp s0, 0(sp)           : MemRead :  D=0x0000000000010b6c A=0x7ffffffffffffd80  flags=(IsInteger|IsLoad)
1812186: board.processor.cores.core: A0 T0 : 0x13e26 @__sigjmp_save+18    : c_li a0, 0                 : IntAlu :  D=0x0000000000000000  flags=(IsInteger)
1812519: board.processor.cores.core: A0 T0 : 0x13e28 @__sigjmp_save+20    : c_addi sp, 16              : IntAlu :  D=0x7ffffffffffffd90  flags=(IsInteger)
1812852: board.processor.cores.core: A0 T0 : 0x13e2a @__sigjmp_save+22    : c_jr ra                    : IntAlu :   flags=(IsInteger|IsControl|IsIndirectControl|IsUncondControl|IsReturn)
1813185: board.processor.cores.core: A0 T0 : 0x10888 @__libc_start_main+530    : c_bnez a0, 48              : IntAlu :   flags=(IsInteger|IsControl|IsDirectControl|IsCondControl)
1813851: board.processor.cores.core: A0 T0 : 0x1088a @__libc_start_main+532    : ld a3, -1696(tp)           : MemRead :  D=0x0000000000000000 A=0x73100  flags=(IsInteger|IsLoad)
1814517: board.processor.cores.core: A0 T0 : 0x1088e @__libc_start_main+536    : ld a4, -1704(tp)           : MemRead :  D=0x0000000000000000 A=0x730f8  flags=(IsInteger|IsLoad)
1815183: board.processor.cores.core: A0 T0 : 0x10892 @__libc_start_main+540    : ld a2, -1232(gp)           : MemRead :  D=0x7fffffffffffff18 A=0x70bf8  flags=(IsInteger|IsLoad)
1815516: board.processor.cores.core: A0 T0 : 0x10896 @__libc_start_main+544    : c_ldsp a1, 16(sp)          : MemRead :  D=0x7fffffffffffff08 A=0x7ffffffffffffda0  flags=(IsInteger|IsLoad)
1815849: board.processor.cores.core: A0 T0 : 0x10898 @__libc_start_main+546    : c_ldsp a0, 8(sp)           : MemRead :  D=0x0000000000000001 A=0x7ffffffffffffd98  flags=(IsInteger|IsLoad)
1816182: board.processor.cores.core: A0 T0 : 0x1089a @__libc_start_main+548    : c_ldsp a5, 24(sp)          : MemRead :  D=0x000000000001060a A=0x7ffffffffffffda8  flags=(IsInteger|IsLoad)
1816515: board.processor.cores.core: A0 T0 : 0x1089c @__libc_start_main+550    : c_sdsp a4, 264(sp)         : MemWrite :  D=0x0000000000000000 A=0x7ffffffffffffe98  flags=(IsInteger|IsStore)
1816848: board.processor.cores.core: A0 T0 : 0x1089e @__libc_start_main+552    : c_sdsp a3, 256(sp)         : MemWrite :  D=0x0000000000000000 A=0x7ffffffffffffe90  flags=(IsInteger|IsStore)
1817181: board.processor.cores.core: A0 T0 : 0x108a0 @__libc_start_main+554    : c_addi4spn a4, sp, 40      : IntAlu :  D=0x7ffffffffffffdb8  flags=(IsInteger)
1817847: board.processor.cores.core: A0 T0 : 0x108a2 @__libc_start_main+556    : sd a4, -1696(tp)           : MemWrite :  D=0x7ffffffffffffdb8 A=0x73100  flags=(IsInteger|IsStore)
1818180: board.processor.cores.core: A0 T0 : 0x108a6 @__libc_start_main+560    : c_jalr a5                  : IntAlu :  D=0x00000000000108a8  flags=(IsInteger|IsControl|IsIndirectControl|IsUncondControl|IsCall)
1818513: board.processor.cores.core: A0 T0 : 0x1060a @main    : c_addi16sp sp, -48         : IntAlu :  D=0x7ffffffffffffd60  flags=(IsInteger)
1818846: board.processor.cores.core: A0 T0 : 0x1060c @main+2    : c_sdsp ra, 40(sp)          : MemWrite :  D=0x00000000000108a8 A=0x7ffffffffffffd88  flags=(IsInteger|IsStore)
1819179: board.processor.cores.core: A0 T0 : 0x1060e @main+4    : c_sdsp s0, 32(sp)          : MemWrite :  D=0x0000000000010b6c A=0x7ffffffffffffd80  flags=(IsInteger|IsStore)
1819512: board.processor.cores.core: A0 T0 : 0x10610 @main+6    : c_addi4spn s0, sp, 48      : IntAlu :  D=0x7ffffffffffffd90  flags=(IsInteger)
1819845: board.processor.cores.core: A0 T0 : 0x10612 @main+8    : c_li a5, 1                 : IntAlu :  D=0x0000000000000001  flags=(IsInteger)
1820178: board.processor.cores.core: A0 T0 : 0x10614 @main+10    : sh a5, -18(s0)             : MemWrite :  D=0x0000000000000001 A=0x7ffffffffffffd7e  flags=(IsInteger|IsStore)
1820511: board.processor.cores.core: A0 T0 : 0x10618 @main+14    : lui a5, 76                 : IntAlu :  D=0x000000000004c000  flags=(IsInteger)
1820844: board.processor.cores.core: A0 T0 : 0x1061c @main+18    : ld a5, 1136(a5)            : MemRead :  D=0xfffefffefffefffe A=0x4c470  flags=(IsInteger|IsLoad)
1821177: board.processor.cores.core: A0 T0 : 0x10620 @main+22    : sd a5, -32(s0)             : MemWrite :  D=0xfffefffefffefffe A=0x7ffffffffffffd70  flags=(IsInteger|IsStore)
1821510: board.processor.cores.core: A0 T0 : 0x10624 @main+26    : sd ft0, -40(s0)            : MemWrite :  D=0x0000000000000000 A=0x7ffffffffffffd68  flags=(IsInteger|IsStore)
1821843: board.processor.cores.core: A0 T0 : 0x10628 @main+30    : lui a5, 76                 : IntAlu :  D=0x000000000004c000  flags=(IsInteger)
1822176: board.processor.cores.core: A0 T0 : 0x1062c @main+34    : addi a0, a5, 1040          : IntAlu :  D=0x000000000004c410  flags=(IsInteger)
1822509: board.processor.cores.core: A0 T0 : 0x10630 @main+38    : jal ra, 36720              : IntAlu :  D=0x0000000000010634  flags=(IsInteger|IsControl|IsDirectControl|IsUncondControl|IsCall)
1822842: board.processor.cores.core: A0 T0 : 0x195a0 @_IO_puts    : c_addi16sp sp, -48         : IntAlu :  D=0x7ffffffffffffd30  flags=(IsInteger)
1823175: board.processor.cores.core: A0 T0 : 0x195a2 @_IO_puts+2    : c_sdsp s3, 8(sp)           : MemWrite :  D=0x0000000000000000 A=0x7ffffffffffffd38  flags=(IsInteger|IsStore)
1823508: board.processor.cores.core: A0 T0 : 0x195a4 @_IO_puts+4    : c_sdsp s0, 32(sp)          : MemWrite :  D=0x7ffffffffffffd90 A=0x7ffffffffffffd50  flags=(IsInteger|IsStore)
1823841: board.processor.cores.core: A0 T0 : 0x195a6 @_IO_puts+6    : c_sdsp s1, 24(sp)          : MemWrite :  D=0x0000000000010bfc A=0x7ffffffffffffd48  flags=(IsInteger|IsStore)
1824174: board.processor.cores.core: A0 T0 : 0x195a8 @_IO_puts+8    : c_sdsp s2, 16(sp)          : MemWrite :  D=0x00000000000103b0 A=0x7ffffffffffffd40  flags=(IsInteger|IsStore)
1824507: board.processor.cores.core: A0 T0 : 0x195aa @_IO_puts+10    : c_sdsp ra, 40(sp)          : MemWrite :  D=0x0000000000010634 A=0x7ffffffffffffd58  flags=(IsInteger|IsStore)
1824840: board.processor.cores.core: A0 T0 : 0x195ac @_IO_puts+12    : c_sdsp s4, 0(sp)           : MemWrite :  D=0x00000000000103b0 A=0x7ffffffffffffd30  flags=(IsInteger|IsStore)
1825173: board.processor.cores.core: A0 T0 : 0x195ae @_IO_puts+14    : c_mv s2, a0                : IntAlu :  D=0x000000000004c410  flags=(IsInteger)
1825506: board.processor.cores.core: A0 T0 : 0x195b0 @_IO_puts+16    : jal ra, 40048              : IntAlu :  D=0x00000000000195b4  flags=(IsInteger|IsControl|IsDirectControl|IsUncondControl|IsCall)
1825839: board.processor.cores.core: A0 T0 : 0x23220 @strlen    : andi a5, a0, 7             : IntAlu :  D=0x0000000000000000  flags=(IsInteger)
1826172: board.processor.cores.core: A0 T0 : 0x23224 @strlen+4    : c_beqz a5, 26              : IntAlu :   flags=(IsInteger|IsControl|IsDirectControl|IsCondControl)
1826505: board.processor.cores.core: A0 T0 : 0x2323e @strlen+30    : c_mv a5, a0                : IntAlu :  D=0x000000000004c410  flags=(IsInteger)
1826838: board.processor.cores.core: A0 T0 : 0x23240 @strlen+32    : ld a6, -2024(gp)           : MemRead :  D=0xfefefefefefefeff A=0x708e0  flags=(IsInteger|IsLoad)
1827171: board.processor.cores.core: A0 T0 : 0x23244 @strlen+36    : ld a1, -2016(gp)           : MemRead :  D=0x8080808080808080 A=0x708e8  flags=(IsInteger|IsLoad)
1827504: board.processor.cores.core: A0 T0 : 0x23248 @strlen+40    : c_ld a3, 0(a5)             : MemRead :  D=0x5020562d43534952 A=0x4c410  flags=(IsInteger|IsLoad)
1827837: board.processor.cores.core: A0 T0 : 0x2324a @strlen+42    : c_mv a2, a5                : IntAlu :  D=0x000000000004c410  flags=(IsInteger)
1828170: board.processor.cores.core: A0 T0 : 0x2324c @strlen+44    : c_addi a5, 8               : IntAlu :  D=0x000000000004c418  flags=(IsInteger)
1828836: board.processor.cores.core: A0 T0 : 0x2324e @strlen+46    : add a4, a3, a6             : IntAlu :  D=0x4f1f552c42524851  flags=(IsInteger)
1829502: board.processor.cores.core: A0 T0 : 0x23252 @strlen+50    : xori a3, a3, 18446744073709551615 : IntAlu :  D=0xafdfa9d2bcacb6ad  flags=(IsInteger)
1829835: board.processor.cores.core: A0 T0 : 0x23256 @strlen+54    : c_and a4, a3               : IntAlu :  D=0x0f1f010000000001  flags=(IsInteger)
1830168: board.processor.cores.core: A0 T0 : 0x23258 @strlen+56    : c_and a4, a1               : IntAlu :  D=0x0000000000000000  flags=(IsInteger)
1830501: board.processor.cores.core: A0 T0 : 0x2325a @strlen+58    : c_beqz a4, -18             : IntAlu :   flags=(IsInteger|IsControl|IsDirectControl|IsCondControl)
1830834: board.processor.cores.core: A0 T0 : 0x23248 @strlen+40    : c_ld a3, 0(a5)             : MemRead :  D=0x52532064656b6361 A=0x4c418  flags=(IsInteger|IsLoad)
1831167: board.processor.cores.core: A0 T0 : 0x2324a @strlen+42    : c_mv a2, a5                : IntAlu :  D=0x000000000004c418  flags=(IsInteger)
1831500: board.processor.cores.core: A0 T0 : 0x2324c @strlen+44    : c_addi a5, 8               : IntAlu :  D=0x000000000004c420  flags=(IsInteger)
1832166: board.processor.cores.core: A0 T0 : 0x2324e @strlen+46    : add a4, a3, a6             : IntAlu :  D=0x51521f63646a6260  flags=(IsInteger)
1832832: board.processor.cores.core: A0 T0 : 0x23252 @strlen+50    : xori a3, a3, 18446744073709551615 : IntAlu :  D=0xadacdf9b9a949c9e  flags=(IsInteger)
1833165: board.processor.cores.core: A0 T0 : 0x23256 @strlen+54    : c_and a4, a3               : IntAlu :  D=0x01001f0300000000  flags=(IsInteger)
1833498: board.processor.cores.core: A0 T0 : 0x23258 @strlen+56    : c_and a4, a1               : IntAlu :  D=0x0000000000000000  flags=(IsInteger)
1833831: board.processor.cores.core: A0 T0 : 0x2325a @strlen+58    : c_beqz a4, -18             : IntAlu :   flags=(IsInteger|IsControl|IsDirectControl|IsCondControl)
1834164: board.processor.cores.core: A0 T0 : 0x23248 @strlen+40    : c_ld a3, 0(a5)             : MemRead :  D=0x7473657420363141 A=0x4c420  flags=(IsInteger|IsLoad)
1834497: board.processor.cores.core: A0 T0 : 0x2324a @strlen+42    : c_mv a2, a5                : IntAlu :  D=0x000000000004c420  flags=(IsInteger)
1834830: board.processor.cores.core: A0 T0 : 0x2324c @strlen+44    : c_addi a5, 8               : IntAlu :  D=0x000000000004c428  flags=(IsInteger)
1835496: board.processor.cores.core: A0 T0 : 0x2324e @strlen+46    : add a4, a3, a6             : IntAlu :  D=0x737264731f353040  flags=(IsInteger)
1836162: board.processor.cores.core: A0 T0 : 0x23252 @strlen+50    : xori a3, a3, 18446744073709551615 : IntAlu :  D=0x8b8c9a8bdfc9cebe  flags=(IsInteger)
1836495: board.processor.cores.core: A0 T0 : 0x23256 @strlen+54    : c_and a4, a3               : IntAlu :  D=0x030000031f010000  flags=(IsInteger)
1836828: board.processor.cores.core: A0 T0 : 0x23258 @strlen+56    : c_and a4, a1               : IntAlu :  D=0x0000000000000000  flags=(IsInteger)
1837161: board.processor.cores.core: A0 T0 : 0x2325a @strlen+58    : c_beqz a4, -18             : IntAlu :   flags=(IsInteger|IsControl|IsDirectControl|IsCondControl)
1837494: board.processor.cores.core: A0 T0 : 0x23248 @strlen+40    : c_ld a3, 0(a5)             : MemRead :  D=0x2074666968732820 A=0x4c428  flags=(IsInteger|IsLoad)
1837827: board.processor.cores.core: A0 T0 : 0x2324a @strlen+42    : c_mv a2, a5                : IntAlu :  D=0x000000000004c428  flags=(IsInteger)
1838160: board.processor.cores.core: A0 T0 : 0x2324c @strlen+44    : c_addi a5, 8               : IntAlu :  D=0x000000000004c430  flags=(IsInteger)
1838826: board.processor.cores.core: A0 T0 : 0x2324e @strlen+46    : add a4, a3, a6             : IntAlu :  D=0x1f7365686772271f  flags=(IsInteger)
1839492: board.processor.cores.core: A0 T0 : 0x23252 @strlen+50    : xori a3, a3, 18446744073709551615 : IntAlu :  D=0xdf8b9996978cd7df  flags=(IsInteger)
1839825: board.processor.cores.core: A0 T0 : 0x23256 @strlen+54    : c_and a4, a3               : IntAlu :  D=0x1f0301000700071f  flags=(IsInteger)
1840158: board.processor.cores.core: A0 T0 : 0x23258 @strlen+56    : c_and a4, a1               : IntAlu :  D=0x0000000000000000  flags=(IsInteger)
1840491: board.processor.cores.core: A0 T0 : 0x2325a @strlen+58    : c_beqz a4, -18             : IntAlu :   flags=(IsInteger|IsControl|IsDirectControl|IsCondControl)
1840824: board.processor.cores.core: A0 T0 : 0x23248 @strlen+40    : c_ld a3, 0(a5)             : MemRead :  D=0x6f66202931207962 A=0x4c430  flags=(IsInteger|IsLoad)
1841157: board.processor.cores.core: A0 T0 : 0x2324a @strlen+42    : c_mv a2, a5                : IntAlu :  D=0x000000000004c430  flags=(IsInteger)
1841490: board.processor.cores.core: A0 T0 : 0x2324c @strlen+44    : c_addi a5, 8               : IntAlu :  D=0x000000000004c438  flags=(IsInteger)
1842156: board.processor.cores.core: A0 T0 : 0x2324e @strlen+46    : add a4, a3, a6             : IntAlu :  D=0x6e651f28301f7861  flags=(IsInteger)
1842822: board.processor.cores.core: A0 T0 : 0x23252 @strlen+50    : xori a3, a3, 18446744073709551615 : IntAlu :  D=0x9099dfd6cedf869d  flags=(IsInteger)
1843155: board.processor.cores.core: A0 T0 : 0x23256 @strlen+54    : c_and a4, a3               : IntAlu :  D=0x00011f00001f0001  flags=(IsInteger)
1843488: board.processor.cores.core: A0 T0 : 0x23258 @strlen+56    : c_and a4, a1               : IntAlu :  D=0x0000000000000000  flags=(IsInteger)
1843821: board.processor.cores.core: A0 T0 : 0x2325a @strlen+58    : c_beqz a4, -18             : IntAlu :   flags=(IsInteger|IsControl|IsDirectControl|IsCondControl)
1844154: board.processor.cores.core: A0 T0 : 0x23248 @strlen+40    : c_ld a3, 0(a5)             : MemRead :  D=0x4546464678302072 A=0x4c438  flags=(IsInteger|IsLoad)
1844487: board.processor.cores.core: A0 T0 : 0x2324a @strlen+42    : c_mv a2, a5                : IntAlu :  D=0x000000000004c438  flags=(IsInteger)
1844820: board.processor.cores.core: A0 T0 : 0x2324c @strlen+44    : c_addi a5, 8               : IntAlu :  D=0x000000000004c440  flags=(IsInteger)
1845486: board.processor.cores.core: A0 T0 : 0x2324e @strlen+46    : add a4, a3, a6             : IntAlu :  D=0x44454545772f1f71  flags=(IsInteger)
1846152: board.processor.cores.core: A0 T0 : 0x23252 @strlen+50    : xori a3, a3, 18446744073709551615 : IntAlu :  D=0xbab9b9b987cfdf8d  flags=(IsInteger)
1846485: board.processor.cores.core: A0 T0 : 0x23256 @strlen+54    : c_and a4, a3               : IntAlu :  D=0x00010101070f1f01  flags=(IsInteger)
1846818: board.processor.cores.core: A0 T0 : 0x23258 @strlen+56    : c_and a4, a1               : IntAlu :  D=0x0000000000000000  flags=(IsInteger)
1847151: board.processor.cores.core: A0 T0 : 0x2325a @strlen+58    : c_beqz a4, -18             : IntAlu :   flags=(IsInteger|IsControl|IsDirectControl|IsCondControl)
1847484: board.processor.cores.core: A0 T0 : 0x23248 @strlen+40    : c_ld a3, 0(a5)             : MemRead :  D=0x4546464645464646 A=0x4c440  flags=(IsInteger|IsLoad)
1847817: board.processor.cores.core: A0 T0 : 0x2324a @strlen+42    : c_mv a2, a5                : IntAlu :  D=0x000000000004c440  flags=(IsInteger)
1848150: board.processor.cores.core: A0 T0 : 0x2324c @strlen+44    : c_addi a5, 8               : IntAlu :  D=0x000000000004c448  flags=(IsInteger)
1848816: board.processor.cores.core: A0 T0 : 0x2324e @strlen+46    : add a4, a3, a6             : IntAlu :  D=0x4445454544454545  flags=(IsInteger)
1849482: board.processor.cores.core: A0 T0 : 0x23252 @strlen+50    : xori a3, a3, 18446744073709551615 : IntAlu :  D=0xbab9b9b9bab9b9b9  flags=(IsInteger)
1849815: board.processor.cores.core: A0 T0 : 0x23256 @strlen+54    : c_and a4, a3               : IntAlu :  D=0x0001010100010101  flags=(IsInteger)
1850148: board.processor.cores.core: A0 T0 : 0x23258 @strlen+56    : c_and a4, a1               : IntAlu :  D=0x0000000000000000  flags=(IsInteger)
1850481: board.processor.cores.core: A0 T0 : 0x2325a @strlen+58    : c_beqz a4, -18             : IntAlu :   flags=(IsInteger|IsControl|IsDirectControl|IsCondControl)
1850814: board.processor.cores.core: A0 T0 : 0x23248 @strlen+40    : c_ld a3, 0(a5)             : MemRead :  D=0x0000002045464646 A=0x4c448  flags=(IsInteger|IsLoad)
1851147: board.processor.cores.core: A0 T0 : 0x2324a @strlen+42    : c_mv a2, a5                : IntAlu :  D=0x000000000004c448  flags=(IsInteger)
1851480: board.processor.cores.core: A0 T0 : 0x2324c @strlen+44    : c_addi a5, 8               : IntAlu :  D=0x000000000004c450  flags=(IsInteger)
1852146: board.processor.cores.core: A0 T0 : 0x2324e @strlen+46    : add a4, a3, a6             : IntAlu :  D=0xfefeff1f44454545  flags=(IsInteger)
1852812: board.processor.cores.core: A0 T0 : 0x23252 @strlen+50    : xori a3, a3, 18446744073709551615 : IntAlu :  D=0xffffffdfbab9b9b9  flags=(IsInteger)
1853145: board.processor.cores.core: A0 T0 : 0x23256 @strlen+54    : c_and a4, a3               : IntAlu :  D=0xfefeff1f00010101  flags=(IsInteger)
1853478: board.processor.cores.core: A0 T0 : 0x23258 @strlen+56    : c_and a4, a1               : IntAlu :  D=0x8080800000000000  flags=(IsInteger)
1853811: board.processor.cores.core: A0 T0 : 0x2325a @strlen+58    : c_beqz a4, -18             : IntAlu :   flags=(IsInteger|IsControl|IsDirectControl|IsCondControl)
1854144: board.processor.cores.core: A0 T0 : 0x2325c @strlen+60    : lbu a4, -8(a5)             : MemRead :  D=0x0000000000000046 A=0x4c448  flags=(IsInteger|IsLoad)
1854477: board.processor.cores.core: A0 T0 : 0x23260 @strlen+64    : c_beqz a4, 52              : IntAlu :   flags=(IsInteger|IsControl|IsDirectControl|IsCondControl)
1855143: board.processor.cores.core: A0 T0 : 0x23262 @strlen+66    : lbu a4, -7(a5)             : MemRead :  D=0x0000000000000046 A=0x4c449  flags=(IsInteger|IsLoad)
1855476: board.processor.cores.core: A0 T0 : 0x23266 @strlen+70    : c_beqz a4, 52              : IntAlu :   flags=(IsInteger|IsControl|IsDirectControl|IsCondControl)
1855809: board.processor.cores.core: A0 T0 : 0x23268 @strlen+72    : lbu a4, -6(a5)             : MemRead :  D=0x0000000000000046 A=0x4c44a  flags=(IsInteger|IsLoad)
1856142: board.processor.cores.core: A0 T0 : 0x2326c @strlen+76    : c_beqz a4, 54              : IntAlu :   flags=(IsInteger|IsControl|IsDirectControl|IsCondControl)
1856808: board.processor.cores.core: A0 T0 : 0x2326e @strlen+78    : lbu a4, -5(a5)             : MemRead :  D=0x0000000000000045 A=0x4c44b  flags=(IsInteger|IsLoad)
1857141: board.processor.cores.core: A0 T0 : 0x23272 @strlen+82    : c_beqz a4, 56              : IntAlu :   flags=(IsInteger|IsControl|IsDirectControl|IsCondControl)
1857474: board.processor.cores.core: A0 T0 : 0x23274 @strlen+84    : lbu a4, -4(a5)             : MemRead :  D=0x0000000000000020 A=0x4c44c  flags=(IsInteger|IsLoad)
1857807: board.processor.cores.core: A0 T0 : 0x23278 @strlen+88    : c_beqz a4, 58              : IntAlu :   flags=(IsInteger|IsControl|IsDirectControl|IsCondControl)
1858473: board.processor.cores.core: A0 T0 : 0x2327a @strlen+90    : lbu a4, -3(a5)             : MemRead :  D=0x0000000000000000 A=0x4c44d  flags=(IsInteger|IsLoad)
1858806: board.processor.cores.core: A0 T0 : 0x2327e @strlen+94    : c_beqz a4, 60              : IntAlu :   flags=(IsInteger|IsControl|IsDirectControl|IsCondControl)
1859139: board.processor.cores.core: A0 T0 : 0x232ba @strlen+154    : c_sub a2, a0               : IntAlu :  D=0x0000000000000038  flags=(IsInteger)
1859472: board.processor.cores.core: A0 T0 : 0x232bc @strlen+156    : addi a0, a2, 5             : IntAlu :  D=0x000000000000003d  flags=(IsInteger)
1859805: board.processor.cores.core: A0 T0 : 0x232c0 @strlen+160    : c_jr ra                    : IntAlu :   flags=(IsInteger|IsControl|IsIndirectControl|IsUncondControl|IsReturn)
1860138: board.processor.cores.core: A0 T0 : 0x195b4 @_IO_puts+20    : ld s1, -1880(gp)           : MemRead :  D=0x000000000006f1c8 A=0x70970  flags=(IsInteger|IsLoad)
1860471: board.processor.cores.core: A0 T0 : 0x195b8 @_IO_puts+24    : c_mv s0, a0                : IntAlu :  D=0x000000000000003d  flags=(IsInteger)
1860804: board.processor.cores.core: A0 T0 : 0x195ba @_IO_puts+26    : c_lw a5, 0(s1)             : MemRead :  D=0xfffffffffbad2084 A=0x6f1c8  flags=(IsInteger|IsLoad)
1861137: board.processor.cores.core: A0 T0 : 0x195bc @_IO_puts+28    : c_srli a5, 15              : IntAlu :  D=0x0001fffffffff75a  flags=(IsInteger)
1861470: board.processor.cores.core: A0 T0 : 0x195be @_IO_puts+30    : c_andi a5, 1               : IntAlu :  D=0x0000000000000000  flags=(IsInteger)
1861803: board.processor.cores.core: A0 T0 : 0x195c0 @_IO_puts+32    : c_bnez a5, 64              : IntAlu :   flags=(IsInteger|IsControl|IsDirectControl|IsCondControl)
1862136: board.processor.cores.core: A0 T0 : 0x195c2 @_IO_puts+34    : c_ld a5, 136(s1)           : MemRead :  D=0x0000000000071b80 A=0x6f250  flags=(IsInteger|IsLoad)
1862469: board.processor.cores.core: A0 T0 : 0x195c4 @_IO_puts+36    : addi s4, tp, -1952         : IntAlu :  D=0x0000000000073000  flags=(IsInteger)
1862802: board.processor.cores.core: A0 T0 : 0x195c8 @_IO_puts+40    : c_ld a4, 8(a5)             : MemRead :  D=0x0000000000000000 A=0x71b88  flags=(IsInteger|IsLoad)
1863468: board.processor.cores.core: A0 T0 : 0x195ca @_IO_puts+42    : beq a4, s4, 234            : IntAlu :   flags=(IsInteger|IsControl|IsDirectControl|IsCondControl)
1863801: board.processor.cores.core: A0 T0 : 0x195ce @_IO_puts+46    : c_li a3, 1                 : IntAlu :  D=0x0000000000000001  flags=(IsInteger)
1864134: board.processor.cores.core: A0 T0 : 0x195d0 @_IO_puts+48    : lr_w a4, (a5)             
1864134: board.processor.cores.core: A0 T0 : 0x195d0 @_IO_puts+48. 0 : lr_w a4, (a5)              : MemRead :  D=0x0000000000000000 A=0x71b80  flags=(IsInteger|IsLoad|IsMicroop|IsLastMicroop|IsFirstMicroop)
1864467: board.processor.cores.core: A0 T0 : 0x195d4 @_IO_puts+52    : c_bnez a4, 8               : IntAlu :   flags=(IsInteger|IsControl|IsDirectControl|IsCondControl)
1865133: board.processor.cores.core: A0 T0 : 0x195d6 @_IO_puts+54    : sc_w_aq a2, a3, (a5)      
1865133: board.processor.cores.core: A0 T0 : 0x195d6 @_IO_puts+54. 0 : sc_w a2, a3, (a5)          : MemWrite :  D=0x0000000000000000 A=0x71b80  flags=(IsInteger|IsStore|IsStoreConditional|IsMicroop|IsDelayedCommit|IsFirstMicroop)
1865466: board.processor.cores.core: A0 T0 : 0x195d6 @_IO_puts+54. 1 : 0x1cd7a62f fence           : No_OpClass :   flags=(IsWriteBarrier|IsReadBarrier|IsMicroop|IsLastMicroop)
1865799: board.processor.cores.core: A0 T0 : 0x195da @_IO_puts+58    : c_bnez a2, -10             : IntAlu :   flags=(IsInteger|IsControl|IsDirectControl|IsCondControl)
1866132: board.processor.cores.core: A0 T0 : 0x195dc @_IO_puts+60    : c_addiw a4, 0              : IntAlu :  D=0x0000000000000000  flags=(IsInteger)
1866465: board.processor.cores.core: A0 T0 : 0x195de @_IO_puts+62    : c_bnez a4, 244             : IntAlu :   flags=(IsInteger|IsControl|IsDirectControl|IsCondControl)
1866798: board.processor.cores.core: A0 T0 : 0x195e0 @_IO_puts+64    : c_ld a5, 136(s1)           : MemRead :  D=0x0000000000071b80 A=0x6f250  flags=(IsInteger|IsLoad)
1867464: board.processor.cores.core: A0 T0 : 0x195e2 @_IO_puts+66    : ld a0, -1880(gp)           : MemRead :  D=0x000000000006f1c8 A=0x70970  flags=(IsInteger|IsLoad)
1868130: board.processor.cores.core: A0 T0 : 0x195e6 @_IO_puts+70    : sd s4, 8(a5)               : MemWrite :  D=0x0000000000073000 A=0x71b88  flags=(IsInteger|IsStore)
1868463: board.processor.cores.core: A0 T0 : 0x195ea @_IO_puts+74    : c_lw a4, 4(a5)             : MemRead :  D=0x0000000000000000 A=0x71b84  flags=(IsInteger|IsLoad)
1868796: board.processor.cores.core: A0 T0 : 0x195ec @_IO_puts+76    : c_addiw a4, 1              : IntAlu :  D=0x0000000000000001  flags=(IsInteger)
1869129: board.processor.cores.core: A0 T0 : 0x195ee @_IO_puts+78    : c_sw a4, 4(a5)             : MemWrite :  D=0x0000000000000001 A=0x71b84  flags=(IsInteger|IsStore)
1869462: board.processor.cores.core: A0 T0 : 0x195f0 @_IO_puts+80    : lw a5, 192(a0)             : MemRead :  D=0x0000000000000000 A=0x6f288  flags=(IsInteger|IsLoad)
1869795: board.processor.cores.core: A0 T0 : 0x195f4 @_IO_puts+84    : c_beqz a5, 20              : IntAlu :   flags=(IsInteger|IsControl|IsDirectControl|IsCondControl)
1870128: board.processor.cores.core: A0 T0 : 0x19608 @_IO_puts+104    : c_li a5, -1                : IntAlu :  D=0xffffffffffffffff  flags=(IsInteger)
1870794: board.processor.cores.core: A0 T0 : 0x1960a @_IO_puts+106    : sw a5, 192(a0)             : MemWrite :  D=0x00000000ffffffff A=0x6f288  flags=(IsInteger|IsStore)
1871460: board.processor.cores.core: A0 T0 : 0x1960e @_IO_puts+110    : ld s4, 216(a0)             : MemRead :  D=0x0000000000069a08 A=0x6f2a0  flags=(IsInteger|IsLoad)
1872126: board.processor.cores.core: A0 T0 : 0x19612 @_IO_puts+114    : lui a5, 105                : IntAlu :  D=0x0000000000069000  flags=(IsInteger)
1872792: board.processor.cores.core: A0 T0 : 0x19616 @_IO_puts+118    : lui a4, 106                : IntAlu :  D=0x000000000006a000  flags=(IsInteger)
1873458: board.processor.cores.core: A0 T0 : 0x1961a @_IO_puts+122    : addi a5, a5, 1896          : IntAlu :  D=0x0000000000069768  flags=(IsInteger)
1874124: board.processor.cores.core: A0 T0 : 0x1961e @_IO_puts+126    : addi a4, a4, -520          : IntAlu :  D=0x0000000000069df8  flags=(IsInteger)
1874457: board.processor.cores.core: A0 T0 : 0x19622 @_IO_puts+130    : c_sub a4, a5               : IntAlu :  D=0x0000000000000690  flags=(IsInteger)
1874790: board.processor.cores.core: A0 T0 : 0x19624 @_IO_puts+132    : sub a5, s4, a5             : IntAlu :  D=0x00000000000002a0  flags=(IsInteger)
1875123: board.processor.cores.core: A0 T0 : 0x19628 @_IO_puts+136    : bgeu a5, a4, 144           : IntAlu :   flags=(IsInteger|IsControl|IsDirectControl|IsCondControl)
1875456: board.processor.cores.core: A0 T0 : 0x1962c @_IO_puts+140    : ld a5, 56(s4)              : MemRead :  D=0x000000000001bbda A=0x69a40  flags=(IsInteger|IsLoad)
1875789: board.processor.cores.core: A0 T0 : 0x19630 @_IO_puts+144    : c_mv a2, s0                : IntAlu :  D=0x000000000000003d  flags=(IsInteger)
1876122: board.processor.cores.core: A0 T0 : 0x19632 @_IO_puts+146    : c_mv a1, s2                : IntAlu :  D=0x000000000004c410  flags=(IsInteger)
1876455: board.processor.cores.core: A0 T0 : 0x19634 @_IO_puts+148    : c_jalr a5                  : IntAlu :  D=0x0000000000019636  flags=(IsInteger|IsControl|IsIndirectControl|IsUncondControl|IsCall)
1876788: board.processor.cores.core: A0 T0 : 0x1bbda @_IO_file_xsputn    : c_addi16sp sp, -64         : IntAlu :  D=0x7ffffffffffffcf0  flags=(IsInteger)
1877121: board.processor.cores.core: A0 T0 : 0x1bbdc @_IO_file_xsputn+2    : c_sdsp s3, 24(sp)          : MemWrite :  D=0x0000000000000000 A=0x7ffffffffffffd08  flags=(IsInteger|IsStore)
1877454: board.processor.cores.core: A0 T0 : 0x1bbde @_IO_file_xsputn+4    : c_sdsp ra, 56(sp)          : MemWrite :  D=0x0000000000019636 A=0x7ffffffffffffd28  flags=(IsInteger|IsStore)
1877787: board.processor.cores.core: A0 T0 : 0x1bbe0 @_IO_file_xsputn+6    : c_sdsp s0, 48(sp)          : MemWrite :  D=0x000000000000003d A=0x7ffffffffffffd20  flags=(IsInteger|IsStore)
1878120: board.processor.cores.core: A0 T0 : 0x1bbe2 @_IO_file_xsputn+8    : c_sdsp s1, 40(sp)          : MemWrite :  D=0x000000000006f1c8 A=0x7ffffffffffffd18  flags=(IsInteger|IsStore)
1878453: board.processor.cores.core: A0 T0 : 0x1bbe4 @_IO_file_xsputn+10    : c_sdsp s2, 32(sp)          : MemWrite :  D=0x000000000004c410 A=0x7ffffffffffffd10  flags=(IsInteger|IsStore)
1878786: board.processor.cores.core: A0 T0 : 0x1bbe6 @_IO_file_xsputn+12    : c_sdsp s4, 16(sp)          : MemWrite :  D=0x0000000000069a08 A=0x7ffffffffffffd00  flags=(IsInteger|IsStore)
1879119: board.processor.cores.core: A0 T0 : 0x1bbe8 @_IO_file_xsputn+14    : c_sdsp s5, 8(sp)           : MemWrite :  D=0x00000000ffffffff A=0x7ffffffffffffcf8  flags=(IsInteger|IsStore)
1879452: board.processor.cores.core: A0 T0 : 0x1bbea @_IO_file_xsputn+16    : c_li s3, 0                 : IntAlu :  D=0x0000000000000000  flags=(IsInteger)
1879785: board.processor.cores.core: A0 T0 : 0x1bbec @_IO_file_xsputn+18    : c_beqz a2, 70              : IntAlu :   flags=(IsInteger|IsControl|IsDirectControl|IsCondControl)
1880118: board.processor.cores.core: A0 T0 : 0x1bbee @_IO_file_xsputn+20    : c_ld a4, 0(a0)             : MemRead :  D=0x00000000fbad2084 A=0x6f1c8  flags=(IsInteger|IsLoad)
1880451: board.processor.cores.core: A0 T0 : 0x1bbf0 @_IO_file_xsputn+22    : c_lui a5, 1                : IntAlu :  D=0x0000000000001000  flags=(IsInteger)
1881117: board.processor.cores.core: A0 T0 : 0x1bbf2 @_IO_file_xsputn+24    : addi a5, a5, -1536         : IntAlu :  D=0x0000000000000a00  flags=(IsInteger)
1881450: board.processor.cores.core: A0 T0 : 0x1bbf6 @_IO_file_xsputn+28    : c_and a4, a5               : IntAlu :  D=0x0000000000000000  flags=(IsInteger)
1881783: board.processor.cores.core: A0 T0 : 0x1bbf8 @_IO_file_xsputn+30    : c_mv s0, a0                : IntAlu :  D=0x000000000006f1c8  flags=(IsInteger)
1882116: board.processor.cores.core: A0 T0 : 0x1bbfa @_IO_file_xsputn+32    : c_mv s4, a2                : IntAlu :  D=0x000000000000003d  flags=(IsInteger)
1882449: board.processor.cores.core: A0 T0 : 0x1bbfc @_IO_file_xsputn+34    : c_ld a0, 40(a0)            : MemRead :  D=0x0000000000000000 A=0x6f1f0  flags=(IsInteger|IsLoad)
1882782: board.processor.cores.core: A0 T0 : 0x1bbfe @_IO_file_xsputn+36    : c_mv s1, a1                : IntAlu :  D=0x000000000004c410  flags=(IsInteger)
1883115: board.processor.cores.core: A0 T0 : 0x1bc00 @_IO_file_xsputn+38    : beq a4, a5, 70             : IntAlu :   flags=(IsInteger|IsControl|IsDirectControl|IsCondControl)
1883448: board.processor.cores.core: A0 T0 : 0x1bc04 @_IO_file_xsputn+42    : c_ld a4, 48(s0)            : MemRead :  D=0x0000000000000000 A=0x6f1f8  flags=(IsInteger|IsLoad)
1884114: board.processor.cores.core: A0 T0 : 0x1bc06 @_IO_file_xsputn+44    : bgeu a0, a4, 106           : IntAlu :   flags=(IsInteger|IsControl|IsDirectControl|IsCondControl)
1884447: board.processor.cores.core: A0 T0 : 0x1bc70 @_IO_file_xsputn+150    : c_mv s2, s4                : IntAlu :  D=0x000000000000003d  flags=(IsInteger)
1885113: board.processor.cores.core: A0 T0 : 0x1bc72 @_IO_file_xsputn+152    : ld s3, 216(s0)             : MemRead :  D=0x0000000000069a08 A=0x6f2a0  flags=(IsInteger|IsLoad)
1885779: board.processor.cores.core: A0 T0 : 0x1bc76 @_IO_file_xsputn+156    : lui a5, 105                : IntAlu :  D=0x0000000000069000  flags=(IsInteger)
1886445: board.processor.cores.core: A0 T0 : 0x1bc7a @_IO_file_xsputn+160    : lui a4, 106                : IntAlu :  D=0x000000000006a000  flags=(IsInteger)
1887111: board.processor.cores.core: A0 T0 : 0x1bc7e @_IO_file_xsputn+164    : addi a5, a5, 1896          : IntAlu :  D=0x0000000000069768  flags=(IsInteger)
1887777: board.processor.cores.core: A0 T0 : 0x1bc82 @_IO_file_xsputn+168    : addi a4, a4, -520          : IntAlu :  D=0x0000000000069df8  flags=(IsInteger)
1888110: board.processor.cores.core: A0 T0 : 0x1bc86 @_IO_file_xsputn+172    : c_sub a4, a5               : IntAlu :  D=0x0000000000000690  flags=(IsInteger)
1888443: board.processor.cores.core: A0 T0 : 0x1bc88 @_IO_file_xsputn+174    : sub a5, s3, a5             : IntAlu :  D=0x00000000000002a0  flags=(IsInteger)
1888776: board.processor.cores.core: A0 T0 : 0x1bc8c @_IO_file_xsputn+178    : bgeu a5, a4, 116           : IntAlu :   flags=(IsInteger|IsControl|IsDirectControl|IsCondControl)
1889109: board.processor.cores.core: A0 T0 : 0x1bc90 @_IO_file_xsputn+182    : ld a5, 24(s3)              : MemRead :  D=0x000000000001c438 A=0x69a20  flags=(IsInteger|IsLoad)
1889442: board.processor.cores.core: A0 T0 : 0x1bc94 @_IO_file_xsputn+186    : c_li a1, -1                : IntAlu :  D=0xffffffffffffffff  flags=(IsInteger)
1889775: board.processor.cores.core: A0 T0 : 0x1bc96 @_IO_file_xsputn+188    : c_mv a0, s0                : IntAlu :  D=0x000000000006f1c8  flags=(IsInteger)
1890108: board.processor.cores.core: A0 T0 : 0x1bc98 @_IO_file_xsputn+190    : c_jalr a5                  : IntAlu :  D=0x000000000001bc9a  flags=(IsInteger|IsControl|IsIndirectControl|IsUncondControl|IsCall)
1890441: board.processor.cores.core: A0 T0 : 0x1c438 @_IO_new_file_overflow    : c_lw a5, 0(a0)             : MemRead :  D=0xfffffffffbad2084 A=0x6f1c8  flags=(IsInteger|IsLoad)
1890774: board.processor.cores.core: A0 T0 : 0x1c43a @_IO_new_file_overflow+2    : c_addi sp, -32             : IntAlu :  D=0x7ffffffffffffcd0  flags=(IsInteger)
1891107: board.processor.cores.core: A0 T0 : 0x1c43c @_IO_new_file_overflow+4    : c_sdsp s0, 16(sp)          : MemWrite :  D=0x000000000006f1c8 A=0x7ffffffffffffce0  flags=(IsInteger|IsStore)
1891440: board.processor.cores.core: A0 T0 : 0x1c43e @_IO_new_file_overflow+6    : c_sdsp ra, 24(sp)          : MemWrite :  D=0x000000000001bc9a A=0x7ffffffffffffce8  flags=(IsInteger|IsStore)
1891773: board.processor.cores.core: A0 T0 : 0x1c440 @_IO_new_file_overflow+8    : c_sdsp s1, 8(sp)           : MemWrite :  D=0x000000000004c410 A=0x7ffffffffffffcd8  flags=(IsInteger|IsStore)
1892106: board.processor.cores.core: A0 T0 : 0x1c442 @_IO_new_file_overflow+10    : c_sdsp s2, 0(sp)           : MemWrite :  D=0x000000000000003d A=0x7ffffffffffffcd0  flags=(IsInteger|IsStore)
1892439: board.processor.cores.core: A0 T0 : 0x1c444 @_IO_new_file_overflow+12    : andi a4, a5, 8             : IntAlu :  D=0x0000000000000000  flags=(IsInteger)
1892772: board.processor.cores.core: A0 T0 : 0x1c448 @_IO_new_file_overflow+16    : c_mv s0, a0                : IntAlu :  D=0x000000000006f1c8  flags=(IsInteger)
1893438: board.processor.cores.core: A0 T0 : 0x1c44a @_IO_new_file_overflow+18    : bne a4, ft0, 296           : IntAlu :   flags=(IsInteger|IsControl|IsDirectControl|IsCondControl)
1894104: board.processor.cores.core: A0 T0 : 0x1c44e @_IO_new_file_overflow+22    : srli a4, a5, 11            : IntAlu :  D=0x001fffffffff75a4  flags=(IsInteger)
1894437: board.processor.cores.core: A0 T0 : 0x1c452 @_IO_new_file_overflow+26    : c_andi a4, 1               : IntAlu :  D=0x0000000000000000  flags=(IsInteger)
1894770: board.processor.cores.core: A0 T0 : 0x1c454 @_IO_new_file_overflow+28    : c_ld a3, 32(a0)            : MemRead :  D=0x0000000000000000 A=0x6f1e8  flags=(IsInteger|IsLoad)
1895103: board.processor.cores.core: A0 T0 : 0x1c456 @_IO_new_file_overflow+30    : c_mv s1, a1                : IntAlu :  D=0xffffffffffffffff  flags=(IsInteger)
1895436: board.processor.cores.core: A0 T0 : 0x1c458 @_IO_new_file_overflow+32    : c_beqz a4, 64              : IntAlu :   flags=(IsInteger|IsControl|IsDirectControl|IsCondControl)
1895769: board.processor.cores.core: A0 T0 : 0x1c498 @_IO_new_file_overflow+96    : c_beqz a3, 158             : IntAlu :   flags=(IsInteger|IsControl|IsDirectControl|IsCondControl)
1896102: board.processor.cores.core: A0 T0 : 0x1c536 @_IO_new_file_overflow+254    : c_mv a0, s0                : IntAlu :  D=0x000000000006f1c8  flags=(IsInteger)
1896435: board.processor.cores.core: A0 T0 : 0x1c538 @_IO_new_file_overflow+256    : jal ra, 2410               : IntAlu :  D=0x000000000001c53c  flags=(IsInteger|IsControl|IsDirectControl|IsUncondControl|IsCall)
1896768: board.processor.cores.core: A0 T0 : 0x1cea2 @_IO_doallocbuf    : c_ld a5, 56(a0)            : MemRead :  D=0x0000000000000000 A=0x6f200  flags=(IsInteger|IsLoad)
1897101: board.processor.cores.core: A0 T0 : 0x1cea4 @_IO_doallocbuf+2    : c_beqz a5, 4               : IntAlu :   flags=(IsInteger|IsControl|IsDirectControl|IsCondControl)
1897434: board.processor.cores.core: A0 T0 : 0x1cea8 @_IO_doallocbuf+6    : c_lw a5, 0(a0)             : MemRead :  D=0xfffffffffbad2084 A=0x6f1c8  flags=(IsInteger|IsLoad)
1897767: board.processor.cores.core: A0 T0 : 0x1ceaa @_IO_doallocbuf+8    : c_addi sp, -32             : IntAlu :  D=0x7ffffffffffffcb0  flags=(IsInteger)
1898100: board.processor.cores.core: A0 T0 : 0x1ceac @_IO_doallocbuf+10    : c_sdsp s0, 16(sp)          : MemWrite :  D=0x000000000006f1c8 A=0x7ffffffffffffcc0  flags=(IsInteger|IsStore)
1898433: board.processor.cores.core: A0 T0 : 0x1ceae @_IO_doallocbuf+12    : c_sdsp ra, 24(sp)          : MemWrite :  D=0x000000000001c53c A=0x7ffffffffffffcc8  flags=(IsInteger|IsStore)
1898766: board.processor.cores.core: A0 T0 : 0x1ceb0 @_IO_doallocbuf+14    : c_sdsp s1, 8(sp)           : MemWrite :  D=0xffffffffffffffff A=0x7ffffffffffffcb8  flags=(IsInteger|IsStore)
1899099: board.processor.cores.core: A0 T0 : 0x1ceb2 @_IO_doallocbuf+16    : c_sdsp s2, 0(sp)           : MemWrite :  D=0x000000000000003d A=0x7ffffffffffffcb0  flags=(IsInteger|IsStore)
1899432: board.processor.cores.core: A0 T0 : 0x1ceb4 @_IO_doallocbuf+18    : andi a4, a5, 2             : IntAlu :  D=0x0000000000000000  flags=(IsInteger)
1899765: board.processor.cores.core: A0 T0 : 0x1ceb8 @_IO_doallocbuf+22    : c_mv s0, a0                : IntAlu :  D=0x000000000006f1c8  flags=(IsInteger)
1900098: board.processor.cores.core: A0 T0 : 0x1ceba @_IO_doallocbuf+24    : c_beqz a4, 10              : IntAlu :   flags=(IsInteger|IsControl|IsDirectControl|IsCondControl)
1900431: board.processor.cores.core: A0 T0 : 0x1cec4 @_IO_doallocbuf+34    : c_ld s1, 216(s0)           : MemRead :  D=0x0000000000069a08 A=0x6f2a0  flags=(IsInteger|IsLoad)
1901097: board.processor.cores.core: A0 T0 : 0x1cec6 @_IO_doallocbuf+36    : lui a5, 105                : IntAlu :  D=0x0000000000069000  flags=(IsInteger)
1901763: board.processor.cores.core: A0 T0 : 0x1ceca @_IO_doallocbuf+40    : lui a4, 106                : IntAlu :  D=0x000000000006a000  flags=(IsInteger)
1902429: board.processor.cores.core: A0 T0 : 0x1cece @_IO_doallocbuf+44    : addi a5, a5, 1896          : IntAlu :  D=0x0000000000069768  flags=(IsInteger)
1903095: board.processor.cores.core: A0 T0 : 0x1ced2 @_IO_doallocbuf+48    : addi a4, a4, -520          : IntAlu :  D=0x0000000000069df8  flags=(IsInteger)
1903428: board.processor.cores.core: A0 T0 : 0x1ced6 @_IO_doallocbuf+52    : c_sub a4, a5               : IntAlu :  D=0x0000000000000690  flags=(IsInteger)
1903761: board.processor.cores.core: A0 T0 : 0x1ced8 @_IO_doallocbuf+54    : sub a5, s1, a5             : IntAlu :  D=0x00000000000002a0  flags=(IsInteger)
1904094: board.processor.cores.core: A0 T0 : 0x1cedc @_IO_doallocbuf+58    : bgeu a5, a4, 78            : IntAlu :   flags=(IsInteger|IsControl|IsDirectControl|IsCondControl)
1904427: board.processor.cores.core: A0 T0 : 0x1cee0 @_IO_doallocbuf+62    : c_ld a5, 104(s1)           : MemRead :  D=0x00000000000392bc A=0x69a70  flags=(IsInteger|IsLoad)
1904760: board.processor.cores.core: A0 T0 : 0x1cee2 @_IO_doallocbuf+64    : c_mv a0, s0                : IntAlu :  D=0x000000000006f1c8  flags=(IsInteger)
1905093: board.processor.cores.core: A0 T0 : 0x1cee4 @_IO_doallocbuf+66    : c_jalr a5                  : IntAlu :  D=0x000000000001cee6  flags=(IsInteger|IsControl|IsIndirectControl|IsUncondControl|IsCall)
1905426: board.processor.cores.core: A0 T0 : 0x392bc @_IO_file_doallocate    : c_lw a5, 112(a0)           : MemRead :  D=0x0000000000000001 A=0x6f238  flags=(IsInteger|IsLoad)
1905759: board.processor.cores.core: A0 T0 : 0x392be @_IO_file_doallocate+2    : c_addi16sp sp, -160        : IntAlu :  D=0x7ffffffffffffc10  flags=(IsInteger)
1906092: board.processor.cores.core: A0 T0 : 0x392c0 @_IO_file_doallocate+4    : c_sdsp s0, 144(sp)         : MemWrite :  D=0x000000000006f1c8 A=0x7ffffffffffffca0  flags=(IsInteger|IsStore)
1906425: board.processor.cores.core: A0 T0 : 0x392c2 @_IO_file_doallocate+6    : c_sdsp ra, 152(sp)         : MemWrite :  D=0x000000000001cee6 A=0x7ffffffffffffca8  flags=(IsInteger|IsStore)
1906758: board.processor.cores.core: A0 T0 : 0x392c4 @_IO_file_doallocate+8    : c_sdsp s1, 136(sp)         : MemWrite :  D=0x0000000000069a08 A=0x7ffffffffffffc98  flags=(IsInteger|IsStore)
1907091: board.processor.cores.core: A0 T0 : 0x392c6 @_IO_file_doallocate+10    : c_sdsp s2, 128(sp)         : MemWrite :  D=0x000000000000003d A=0x7ffffffffffffc90  flags=(IsInteger|IsStore)
1907424: board.processor.cores.core: A0 T0 : 0x392c8 @_IO_file_doallocate+12    : c_mv s0, a0                : IntAlu :  D=0x000000000006f1c8  flags=(IsInteger)
1908090: board.processor.cores.core: A0 T0 : 0x392ca @_IO_file_doallocate+14    : blt a5, ft0, 106           : IntAlu :   flags=(IsInteger|IsControl|IsDirectControl|IsCondControl)
1908423: board.processor.cores.core: A0 T0 : 0x392ce @_IO_file_doallocate+18    : c_ld s1, 216(a0)           : MemRead :  D=0x0000000000069a08 A=0x6f2a0  flags=(IsInteger|IsLoad)
1908756: board.processor.cores.core: A0 T0 : 0x392d0 @_IO_file_doallocate+20    : lui a5, 105                : IntAlu :  D=0x0000000000069000  flags=(IsInteger)
1909089: board.processor.cores.core: A0 T0 : 0x392d4 @_IO_file_doallocate+24    : lui a4, 106                : IntAlu :  D=0x000000000006a000  flags=(IsInteger)
1909422: board.processor.cores.core: A0 T0 : 0x392d8 @_IO_file_doallocate+28    : addi a5, a5, 1896          : IntAlu :  D=0x0000000000069768  flags=(IsInteger)
1909755: board.processor.cores.core: A0 T0 : 0x392dc @_IO_file_doallocate+32    : addi a4, a4, -520          : IntAlu :  D=0x0000000000069df8  flags=(IsInteger)
1910088: board.processor.cores.core: A0 T0 : 0x392e0 @_IO_file_doallocate+36    : c_sub a4, a5               : IntAlu :  D=0x0000000000000690  flags=(IsInteger)
1910754: board.processor.cores.core: A0 T0 : 0x392e2 @_IO_file_doallocate+38    : sub a5, s1, a5             : IntAlu :  D=0x00000000000002a0  flags=(IsInteger)
1911420: board.processor.cores.core: A0 T0 : 0x392e6 @_IO_file_doallocate+42    : bgeu a5, a4, 186           : IntAlu :   flags=(IsInteger|IsControl|IsDirectControl|IsCondControl)
1911753: board.processor.cores.core: A0 T0 : 0x392ea @_IO_file_doallocate+46    : c_ld a5, 144(s1)           : MemRead :  D=0x000000000001b7d6 A=0x69a98  flags=(IsInteger|IsLoad)
1912086: board.processor.cores.core: A0 T0 : 0x392ec @_IO_file_doallocate+48    : c_mv a1, sp                : IntAlu :  D=0x7ffffffffffffc10  flags=(IsInteger)
1912419: board.processor.cores.core: A0 T0 : 0x392ee @_IO_file_doallocate+50    : c_mv a0, s0                : IntAlu :  D=0x000000000006f1c8  flags=(IsInteger)
1912752: board.processor.cores.core: A0 T0 : 0x392f0 @_IO_file_doallocate+52    : c_jalr a5                  : IntAlu :  D=0x00000000000392f2  flags=(IsInteger|IsControl|IsIndirectControl|IsUncondControl|IsCall)
1913085: board.processor.cores.core: A0 T0 : 0x1b7d6 @_IO_file_stat    : c_lw a0, 112(a0)           : MemRead :  D=0x0000000000000001 A=0x6f238  flags=(IsInteger|IsLoad)
1913418: board.processor.cores.core: A0 T0 : 0x1b7d8 @_IO_file_stat+2    : jal ft0, 39424             : IntAlu :  D=0x000000000001b7dc  flags=(IsInteger|IsControl|IsDirectControl|IsUncondControl)
1913751: board.processor.cores.core: A0 T0 : 0x251d8 @__fstat    : c_mv a2, a1                : IntAlu :  D=0x7ffffffffffffc10  flags=(IsInteger)
1914417: board.processor.cores.core: A0 T0 : 0x251da @__fstat+2    : lui a1, 98                 : IntAlu :  D=0x0000000000062000  flags=(IsInteger)
1914750: board.processor.cores.core: A0 T0 : 0x251de @__fstat+6    : c_lui a3, 1                : IntAlu :  D=0x0000000000001000  flags=(IsInteger)
1915083: board.processor.cores.core: A0 T0 : 0x251e0 @__fstat+8    : addi a1, a1, 552           : IntAlu :  D=0x0000000000062228  flags=(IsInteger)
1915416: board.processor.cores.core: A0 T0 : 0x251e4 @__fstat+12    : c_j 2                      : IntAlu :   flags=(IsControl|IsDirectControl|IsUncondControl)
1916082: board.processor.cores.core: A0 T0 : 0x251e6 @__GI___fstatat    : addi a7, ft0, 79           : IntAlu :  D=0x000000000000004f  flags=(IsInteger)
1916748: board.processor.cores.core: A0 T0 : 0x251ea @__GI___fstatat+4    : ecall                      : No_OpClass :   flags=(IsSerializeAfter|IsNonSpeculative|IsSyscall)
1917081: board.processor.cores.core: A0 T0 : 0x251ee @__GI___fstatat+8    : c_lui a5, 1048575          : IntAlu :  D=0xfffffffffffff000  flags=(IsInteger)
1917414: board.processor.cores.core: A0 T0 : 0x251f0 @__GI___fstatat+10    : addiw a4, a0, 0            : IntAlu :  D=0xfffffffffffffffe  flags=(IsInteger)
1917747: board.processor.cores.core: A0 T0 : 0x251f4 @__GI___fstatat+14    : bltu a5, a4, 8             : IntAlu :   flags=(IsInteger|IsControl|IsDirectControl|IsCondControl)
1918080: board.processor.cores.core: A0 T0 : 0x251fc @__GI___fstatat+22    : auipc a4, 75               : IntAlu :  D=0x00000000000701fc  flags=(IsInteger)
1918413: board.processor.cores.core: A0 T0 : 0x25200 @__GI___fstatat+26    : ld a4, 1644(a4)            : MemRead :  D=0x0000000000000020 A=0x70868  flags=(IsInteger|IsLoad)
1918746: board.processor.cores.core: A0 T0 : 0x25204 @__GI___fstatat+30    : subw a5, ft0, a0           : IntAlu :  D=0x0000000000000002  flags=(IsInteger)
1919079: board.processor.cores.core: A0 T0 : 0x25208 @__GI___fstatat+34    : c_li a0, -1                : IntAlu :  D=0xffffffffffffffff  flags=(IsInteger)
1919412: board.processor.cores.core: A0 T0 : 0x2520a @__GI___fstatat+36    : c_add a4, tp               : IntAlu :  D=0x00000000000737c0  flags=(IsInteger)
1919745: board.processor.cores.core: A0 T0 : 0x2520c @__GI___fstatat+38    : c_sw a5, 0(a4)             : MemWrite :  D=0x0000000000000002 A=0x737c0  flags=(IsInteger|IsStore)
1920078: board.processor.cores.core: A0 T0 : 0x2520e @__GI___fstatat+40    : c_jr ra                    : IntAlu :   flags=(IsInteger|IsControl|IsIndirectControl|IsUncondControl|IsReturn)
1920744: board.processor.cores.core: A0 T0 : 0x392f2 @_IO_file_doallocate+54    : blt a0, ft0, 66            : IntAlu :   flags=(IsInteger|IsControl|IsDirectControl|IsCondControl)
1921077: board.processor.cores.core: A0 T0 : 0x39334 @_IO_file_doallocate+120    : c_lui s1, 2                : IntAlu :  D=0x0000000000002000  flags=(IsInteger)
1921410: board.processor.cores.core: A0 T0 : 0x39336 @_IO_file_doallocate+122    : c_mv a0, s1                : IntAlu :  D=0x0000000000002000  flags=(IsInteger)
1921743: board.processor.cores.core: A0 T0 : 0x39338 @_IO_file_doallocate+124    : jal ra, -96210             : IntAlu :  D=0x000000000003933c  flags=(IsInteger|IsControl|IsDirectControl|IsUncondControl|IsCall)
1922409: board.processor.cores.core: A0 T0 : 0x21b66 @__libc_malloc    : ld a5, -1824(gp)           : MemRead :  D=0x0000000000000000 A=0x709a8  flags=(IsInteger|IsLoad)
1923075: board.processor.cores.core: A0 T0 : 0x21b6a @__libc_malloc+4    : bne a5, ft0, 336           : IntAlu :   flags=(IsInteger|IsControl|IsDirectControl|IsCondControl)
1923408: board.processor.cores.core: A0 T0 : 0x21b6e @__libc_malloc+8    : c_addi sp, -32             : IntAlu :  D=0x7ffffffffffffbf0  flags=(IsInteger)
1923741: board.processor.cores.core: A0 T0 : 0x21b70 @__libc_malloc+10    : c_sdsp s0, 16(sp)          : MemWrite :  D=0x000000000006f1c8 A=0x7ffffffffffffc00  flags=(IsInteger|IsStore)
1924074: board.processor.cores.core: A0 T0 : 0x21b72 @__libc_malloc+12    : c_sdsp ra, 24(sp)          : MemWrite :  D=0x000000000003933c A=0x7ffffffffffffc08  flags=(IsInteger|IsStore)
1924407: board.processor.cores.core: A0 T0 : 0x21b74 @__libc_malloc+14    : c_sdsp s1, 8(sp)           : MemWrite :  D=0x0000000000002000 A=0x7ffffffffffffbf8  flags=(IsInteger|IsStore)
1924740: board.processor.cores.core: A0 T0 : 0x21b76 @__libc_malloc+16    : c_sdsp s2, 0(sp)           : MemWrite :  D=0x000000000000003d A=0x7ffffffffffffbf0  flags=(IsInteger|IsStore)
1925073: board.processor.cores.core: A0 T0 : 0x21b78 @__libc_malloc+18    : c_mv s0, a0                : IntAlu :  D=0x0000000000002000  flags=(IsInteger)
1925739: board.processor.cores.core: A0 T0 : 0x21b7a @__libc_malloc+20    : blt a0, ft0, 290           : IntAlu :   flags=(IsInteger|IsControl|IsDirectControl|IsCondControl)
1926405: board.processor.cores.core: A0 T0 : 0x21b7e @__libc_malloc+24    : addi a5, a0, 23            : IntAlu :  D=0x0000000000002017  flags=(IsInteger)
1926738: board.processor.cores.core: A0 T0 : 0x21b82 @__libc_malloc+28    : c_li a4, 31                : IntAlu :  D=0x000000000000001f  flags=(IsInteger)
1927071: board.processor.cores.core: A0 T0 : 0x21b84 @__libc_malloc+30    : c_li s1, 0                 : IntAlu :  D=0x0000000000000000  flags=(IsInteger)
1927737: board.processor.cores.core: A0 T0 : 0x21b86 @__libc_malloc+32    : bltu a4, a5, 94            : IntAlu :   flags=(IsInteger|IsControl|IsDirectControl|IsCondControl)
1928070: board.processor.cores.core: A0 T0 : 0x21be4 @__libc_malloc+126    : c_andi a5, 18446744073709551600 : IntAlu :  D=0x0000000000002010  flags=(IsInteger)
1928403: board.processor.cores.core: A0 T0 : 0x21be6 @__libc_malloc+128    : c_addi a5, -17             : IntAlu :  D=0x0000000000001fff  flags=(IsInteger)
1928736: board.processor.cores.core: A0 T0 : 0x21be8 @__libc_malloc+130    : srli s1, a5, 4             : IntAlu :  D=0x00000000000001ff  flags=(IsInteger)
1929069: board.processor.cores.core: A0 T0 : 0x21bec @__libc_malloc+134    : c_j -98                    : IntAlu :   flags=(IsControl|IsDirectControl|IsUncondControl)
1929735: board.processor.cores.core: A0 T0 : 0x21b8a @__libc_malloc+36    : ld a5, 40(tp)              : MemRead :  D=0x0000000000073b40 A=0x737c8  flags=(IsInteger|IsLoad)
1930068: board.processor.cores.core: A0 T0 : 0x21b8e @__libc_malloc+40    : c_beqz a5, 96              : IntAlu :   flags=(IsInteger|IsControl|IsDirectControl|IsCondControl)
1930401: board.processor.cores.core: A0 T0 : 0x21b90 @__libc_malloc+42    : lui a4, 111                : IntAlu :  D=0x000000000006f000  flags=(IsInteger)
1930734: board.processor.cores.core: A0 T0 : 0x21b94 @__libc_malloc+46    : ld a4, 1448(a4)            : MemRead :  D=0x0000000000000040 A=0x6f5a8  flags=(IsInteger|IsLoad)
1931067: board.processor.cores.core: A0 T0 : 0x21b98 @__libc_malloc+50    : bltu s1, a4, 114           : IntAlu :   flags=(IsInteger|IsControl|IsDirectControl|IsCondControl)
1931400: board.processor.cores.core: A0 T0 : 0x21b9c @__libc_malloc+54    : lw a5, -1952(tp)           : MemRead :  D=0x0000000000000000 A=0x73000  flags=(IsInteger|IsLoad)
1931733: board.processor.cores.core: A0 T0 : 0x21ba0 @__libc_malloc+58    : c_bnez a5, 166             : IntAlu :   flags=(IsInteger|IsControl|IsDirectControl|IsCondControl)
1932399: board.processor.cores.core: A0 T0 : 0x21ba2 @__libc_malloc+60    : lui s1, 111                : IntAlu :  D=0x000000000006f000  flags=(IsInteger)
1932732: board.processor.cores.core: A0 T0 : 0x21ba6 @__libc_malloc+64    : c_mv a1, s0                : IntAlu :  D=0x0000000000002000  flags=(IsInteger)
1933065: board.processor.cores.core: A0 T0 : 0x21ba8 @__libc_malloc+66    : addi a0, s1, 1480          : IntAlu :  D=0x000000000006f5c8  flags=(IsInteger)
1933398: board.processor.cores.core: A0 T0 : 0x21bac @__libc_malloc+70    : jal ra, -5252              : IntAlu :  D=0x0000000000021bb0  flags=(IsInteger|IsControl|IsDirectControl|IsUncondControl|IsCall)
1933731: board.processor.cores.core: A0 T0 : 0x20728 @_int_malloc    : c_addi16sp sp, -256        : IntAlu :  D=0x7ffffffffffffaf0  flags=(IsInteger)
1934064: board.processor.cores.core: A0 T0 : 0x2072a @_int_malloc+2    : c_sdsp ra, 248(sp)         : MemWrite :  D=0x0000000000021bb0 A=0x7ffffffffffffbe8  flags=(IsInteger|IsStore)
1934397: board.processor.cores.core: A0 T0 : 0x2072c @_int_malloc+4    : c_sdsp s0, 240(sp)         : MemWrite :  D=0x0000000000002000 A=0x7ffffffffffffbe0  flags=(IsInteger|IsStore)
1934730: board.processor.cores.core: A0 T0 : 0x2072e @_int_malloc+6    : c_sdsp s1, 232(sp)         : MemWrite :  D=0x000000000006f000 A=0x7ffffffffffffbd8  flags=(IsInteger|IsStore)
1935063: board.processor.cores.core: A0 T0 : 0x20730 @_int_malloc+8    : c_sdsp s2, 224(sp)         : MemWrite :  D=0x000000000000003d A=0x7ffffffffffffbd0  flags=(IsInteger|IsStore)
1935396: board.processor.cores.core: A0 T0 : 0x20732 @_int_malloc+10    : c_sdsp s3, 216(sp)         : MemWrite :  D=0x0000000000069a08 A=0x7ffffffffffffbc8  flags=(IsInteger|IsStore)
1935729: board.processor.cores.core: A0 T0 : 0x20734 @_int_malloc+12    : c_sdsp s4, 208(sp)         : MemWrite :  D=0x000000000000003d A=0x7ffffffffffffbc0  flags=(IsInteger|IsStore)
1936062: board.processor.cores.core: A0 T0 : 0x20736 @_int_malloc+14    : c_sdsp s5, 200(sp)         : MemWrite :  D=0x00000000ffffffff A=0x7ffffffffffffbb8  flags=(IsInteger|IsStore)
1936395: board.processor.cores.core: A0 T0 : 0x20738 @_int_malloc+16    : c_sdsp s6, 192(sp)         : MemWrite :  D=0x000000000000003a A=0x7ffffffffffffbb0  flags=(IsInteger|IsStore)
1936728: board.processor.cores.core: A0 T0 : 0x2073a @_int_malloc+18    : c_sdsp s7, 184(sp)         : MemWrite :  D=0x0000000000000000 A=0x7ffffffffffffba8  flags=(IsInteger|IsStore)
1937061: board.processor.cores.core: A0 T0 : 0x2073c @_int_malloc+20    : c_sdsp s8, 176(sp)         : MemWrite :  D=0x0000000000000000 A=0x7ffffffffffffba0  flags=(IsInteger|IsStore)
1937394: board.processor.cores.core: A0 T0 : 0x2073e @_int_malloc+22    : c_sdsp s9, 168(sp)         : MemWrite :  D=0x0000000000000000 A=0x7ffffffffffffb98  flags=(IsInteger|IsStore)
1937727: board.processor.cores.core: A0 T0 : 0x20740 @_int_malloc+24    : c_sdsp s10, 160(sp)        : MemWrite :  D=0x0000000000000000 A=0x7ffffffffffffb90  flags=(IsInteger|IsStore)
1938060: board.processor.cores.core: A0 T0 : 0x20742 @_int_malloc+26    : c_sdsp s11, 152(sp)        : MemWrite :  D=0x0000000000000000 A=0x7ffffffffffffb88  flags=(IsInteger|IsStore)
1938393: board.processor.cores.core: A0 T0 : 0x20744 @_int_malloc+28    : blt a1, ft0, 1160          : IntAlu :   flags=(IsInteger|IsControl|IsDirectControl|IsCondControl)
1938726: board.processor.cores.core: A0 T0 : 0x20748 @_int_malloc+32    : addi s0, a1, 23            : IntAlu :  D=0x0000000000002017  flags=(IsInteger)
1939059: board.processor.cores.core: A0 T0 : 0x2074c @_int_malloc+36    : c_li a5, 31                : IntAlu :  D=0x000000000000001f  flags=(IsInteger)
1939392: board.processor.cores.core: A0 T0 : 0x2074e @_int_malloc+38    : c_mv s2, a1                : IntAlu :  D=0x0000000000002000  flags=(IsInteger)
1939725: board.processor.cores.core: A0 T0 : 0x20750 @_int_malloc+40    : c_mv s1, a0                : IntAlu :  D=0x000000000006f5c8  flags=(IsInteger)
1940391: board.processor.cores.core: A0 T0 : 0x20752 @_int_malloc+42    : bltu a5, s0, 232           : IntAlu :   flags=(IsInteger|IsControl|IsDirectControl|IsCondControl)
1940724: board.processor.cores.core: A0 T0 : 0x2083a @_int_malloc+274    : c_andi s0, 18446744073709551600 : IntAlu :  D=0x0000000000002010  flags=(IsInteger)
1941057: board.processor.cores.core: A0 T0 : 0x2083c @_int_malloc+276    : beq a0, ft0, 1046          : IntAlu :   flags=(IsInteger|IsControl|IsDirectControl|IsCondControl)
1941390: board.processor.cores.core: A0 T0 : 0x20840 @_int_malloc+280    : ld a5, -1264(gp)           : MemRead :  D=0x0000000000000080 A=0x70bd8  flags=(IsInteger|IsLoad)
1941723: board.processor.cores.core: A0 T0 : 0x20844 @_int_malloc+284    : srliw a4, s0, 4            : IntAlu :  D=0x0000000000000201  flags=(IsInteger)
1942056: board.processor.cores.core: A0 T0 : 0x20848 @_int_malloc+288    : srliw s9, s0, 4            : IntAlu :  D=0x0000000000000201  flags=(IsInteger)
1942389: board.processor.cores.core: A0 T0 : 0x2084c @_int_malloc+292    : bgeu a5, s0, 446           : IntAlu :   flags=(IsInteger|IsControl|IsDirectControl|IsCondControl)
1942722: board.processor.cores.core: A0 T0 : 0x20850 @_int_malloc+296    : addi a5, ft0, 1023         : IntAlu :  D=0x00000000000003ff  flags=(IsInteger)
1943055: board.processor.cores.core: A0 T0 : 0x20854 @_int_malloc+300    : bgeu a5, s0, 1710          : IntAlu :   flags=(IsInteger|IsControl|IsDirectControl|IsCondControl)
1943388: board.processor.cores.core: A0 T0 : 0x20858 @_int_malloc+304    : srli a3, s0, 12            : IntAlu :  D=0x0000000000000002  flags=(IsInteger)
1943721: board.processor.cores.core: A0 T0 : 0x2085c @_int_malloc+308    : c_sdsp a3, 128(sp)         : MemWrite :  D=0x0000000000000002 A=0x7ffffffffffffb70  flags=(IsInteger|IsStore)
1944387: board.processor.cores.core: A0 T0 : 0x2085e @_int_malloc+310    : srli a3, s0, 15            : IntAlu :  D=0x0000000000000000  flags=(IsInteger)
1945053: board.processor.cores.core: A0 T0 : 0x20862 @_int_malloc+314    : srli a5, s0, 18            : IntAlu :  D=0x0000000000000000  flags=(IsInteger)
1945386: board.processor.cores.core: A0 T0 : 0x20866 @_int_malloc+318    : c_li a4, 2                 : IntAlu :  D=0x0000000000000002  flags=(IsInteger)
1945719: board.processor.cores.core: A0 T0 : 0x20868 @_int_malloc+320    : c_sdsp a3, 104(sp)         : MemWrite :  D=0x0000000000000000 A=0x7ffffffffffffb58  flags=(IsInteger|IsStore)
1946385: board.processor.cores.core: A0 T0 : 0x2086a @_int_malloc+322    : srli s10, s0, 6            : IntAlu :  D=0x0000000000000080  flags=(IsInteger)
1947051: board.processor.cores.core: A0 T0 : 0x2086e @_int_malloc+326    : srli t1, s0, 9             : IntAlu :  D=0x0000000000000010  flags=(IsInteger)
1947717: board.processor.cores.core: A0 T0 : 0x20872 @_int_malloc+330    : bgeu a4, a5, 6             : IntAlu :   flags=(IsInteger|IsControl|IsDirectControl|IsCondControl)
1948050: board.processor.cores.core: A0 T0 : 0x20878 @_int_malloc+336    : srli a7, s0, 15            : IntAlu :  D=0x0000000000000000  flags=(IsInteger)
1948383: board.processor.cores.core: A0 T0 : 0x2087c @_int_malloc+340    : srli a0, s0, 12            : IntAlu :  D=0x0000000000000002  flags=(IsInteger)
1948716: board.processor.cores.core: A0 T0 : 0x20880 @_int_malloc+344    : addiw a3, s10, 48          : IntAlu :  D=0x00000000000000b0  flags=(IsInteger)
1949049: board.processor.cores.core: A0 T0 : 0x20884 @_int_malloc+348    : addiw t3, a5, 124          : IntAlu :  D=0x000000000000007c  flags=(IsInteger)
1949382: board.processor.cores.core: A0 T0 : 0x20888 @_int_malloc+352    : addiw a6, a7, 119          : IntAlu :  D=0x0000000000000077  flags=(IsInteger)
1949715: board.processor.cores.core: A0 T0 : 0x2088c @_int_malloc+356    : addiw a1, a0, 110          : IntAlu :  D=0x0000000000000070  flags=(IsInteger)
1950048: board.processor.cores.core: A0 T0 : 0x20890 @_int_malloc+360    : addiw a2, t1, 91           : IntAlu :  D=0x000000000000006b  flags=(IsInteger)
1950381: board.processor.cores.core: A0 T0 : 0x20894 @_int_malloc+364    : c_sdsp a3, 88(sp)          : MemWrite :  D=0x00000000000000b0 A=0x7ffffffffffffb48  flags=(IsInteger|IsStore)
1951047: board.processor.cores.core: A0 T0 : 0x20896 @_int_malloc+366    : addi a4, ft0, 48           : IntAlu :  D=0x0000000000000030  flags=(IsInteger)
1951380: board.processor.cores.core: A0 T0 : 0x2089a @_int_malloc+370    : c_sdsp t3, 120(sp)         : MemWrite :  D=0x000000000000007c A=0x7ffffffffffffb68  flags=(IsInteger|IsStore)
1951713: board.processor.cores.core: A0 T0 : 0x2089c @_int_malloc+372    : c_sdsp a6, 112(sp)         : MemWrite :  D=0x0000000000000077 A=0x7ffffffffffffb60  flags=(IsInteger|IsStore)
1952046: board.processor.cores.core: A0 T0 : 0x2089e @_int_malloc+374    : c_sdsp a1, 136(sp)         : MemWrite :  D=0x0000000000000070 A=0x7ffffffffffffb78  flags=(IsInteger|IsStore)
1952379: board.processor.cores.core: A0 T0 : 0x208a0 @_int_malloc+376    : c_sdsp a2, 96(sp)          : MemWrite :  D=0x000000000000006b A=0x7ffffffffffffb50  flags=(IsInteger|IsStore)
1952712: board.processor.cores.core: A0 T0 : 0x208a2 @_int_malloc+378    : c_sdsp a3, 8(sp)           : MemWrite :  D=0x00000000000000b0 A=0x7ffffffffffffaf8  flags=(IsInteger|IsStore)
1953045: board.processor.cores.core: A0 T0 : 0x208a4 @_int_malloc+380    : bgeu a4, s10, 20           : IntAlu :   flags=(IsInteger|IsControl|IsDirectControl|IsCondControl)
1953378: board.processor.cores.core: A0 T0 : 0x208a8 @_int_malloc+384    : c_li a5, 20                : IntAlu :  D=0x0000000000000014  flags=(IsInteger)
1953711: board.processor.cores.core: A0 T0 : 0x208aa @_int_malloc+386    : c_sdsp a2, 8(sp)           : MemWrite :  D=0x000000000000006b A=0x7ffffffffffffaf8  flags=(IsInteger|IsStore)
1954044: board.processor.cores.core: A0 T0 : 0x208ac @_int_malloc+388    : bgeu a5, t1, 12            : IntAlu :   flags=(IsInteger|IsControl|IsDirectControl|IsCondControl)
1954377: board.processor.cores.core: A0 T0 : 0x208b8 @_int_malloc+400    : c_lw a5, 8(s1)             : MemRead :  D=0x0000000000000000 A=0x6f5d0  flags=(IsInteger|IsLoad)
1955043: board.processor.cores.core: A0 T0 : 0x208ba @_int_malloc+402    : beq a5, ft0, 418           : IntAlu :   flags=(IsInteger|IsControl|IsDirectControl|IsCondControl)
1955376: board.processor.cores.core: A0 T0 : 0x20a5c @_int_malloc+820    : ld a5, 40(tp)              : MemRead :  D=0x0000000000073b40 A=0x737c8  flags=(IsInteger|IsLoad)
1955709: board.processor.cores.core: A0 T0 : 0x20a60 @_int_malloc+824    : addi s6, s0, -17           : IntAlu :  D=0x0000000000001fff  flags=(IsInteger)
1956042: board.processor.cores.core: A0 T0 : 0x20a64 @_int_malloc+828    : srli s6, s6, 4             : IntAlu :  D=0x00000000000001ff  flags=(IsInteger)
1956375: board.processor.cores.core: A0 T0 : 0x20a68 @_int_malloc+832    : c_li s5, 0                 : IntAlu :  D=0x0000000000000000  flags=(IsInteger)
1956708: board.processor.cores.core: A0 T0 : 0x20a6a @_int_malloc+834    : c_beqz a5, 22              : IntAlu :   flags=(IsInteger|IsControl|IsDirectControl|IsCondControl)
1957041: board.processor.cores.core: A0 T0 : 0x20a6c @_int_malloc+836    : lui a5, 111                : IntAlu :  D=0x000000000006f000  flags=(IsInteger)
1957374: board.processor.cores.core: A0 T0 : 0x20a70 @_int_malloc+840    : ld s5, 1448(a5)            : MemRead :  D=0x0000000000000040 A=0x6f5a8  flags=(IsInteger|IsLoad)
1957707: board.processor.cores.core: A0 T0 : 0x20a74 @_int_malloc+844    : sltu s5, s6, s5            : IntAlu :  D=0x0000000000000000  flags=(IsInteger)
1958040: board.processor.cores.core: A0 T0 : 0x20a78 @_int_malloc+848    : sub s5, ft0, s5            : IntAlu :  D=0x0000000000000000  flags=(IsInteger)
1958373: board.processor.cores.core: A0 T0 : 0x20a7c @_int_malloc+852    : and s5, s0, s5             : IntAlu :  D=0x0000000000000000  flags=(IsInteger)
1958706: board.processor.cores.core: A0 T0 : 0x20a80 @_int_malloc+856    : lui a5, 111                : IntAlu :  D=0x000000000006f000  flags=(IsInteger)
1959039: board.processor.cores.core: A0 T0 : 0x20a84 @_int_malloc+860    : c_lui s11, 1               : IntAlu :  D=0x0000000000001000  flags=(IsInteger)
1959705: board.processor.cores.core: A0 T0 : 0x20a86 @_int_malloc+862    : lui s7, 111                : IntAlu :  D=0x000000000006f000  flags=(IsInteger)
1960371: board.processor.cores.core: A0 T0 : 0x20a8a @_int_malloc+866    : addi a5, a5, 1480          : IntAlu :  D=0x000000000006f5c8  flags=(IsInteger)
1961037: board.processor.cores.core: A0 T0 : 0x20a8e @_int_malloc+870    : addi s8, s1, 96            : IntAlu :  D=0x000000000006f628  flags=(IsInteger)
1961370: board.processor.cores.core: A0 T0 : 0x20a92 @_int_malloc+874    : c_li t5, 0                 : IntAlu :  D=0x0000000000000000  flags=(IsInteger)
1961703: board.processor.cores.core: A0 T0 : 0x20a94 @_int_malloc+876    : addi s7, s7, 1368          : IntAlu :  D=0x000000000006f558  flags=(IsInteger)
1962036: board.processor.cores.core: A0 T0 : 0x20a98 @_int_malloc+880    : add a7, s1, s11            : IntAlu :  D=0x00000000000705c8  flags=(IsInteger)
1962369: board.processor.cores.core: A0 T0 : 0x20a9c @_int_malloc+884    : c_sdsp a5, 64(sp)          : MemWrite :  D=0x000000000006f5c8 A=0x7ffffffffffffb30  flags=(IsInteger|IsStore)
1962702: board.processor.cores.core: A0 T0 : 0x20a9e @_int_malloc+886    : c_ld a5, 120(s1)           : MemRead :  D=0x000000000006f628 A=0x6f640  flags=(IsInteger|IsLoad)
1963035: board.processor.cores.core: A0 T0 : 0x20aa0 @_int_malloc+888    : beq a5, s8, 582            : IntAlu :   flags=(IsInteger|IsControl|IsDirectControl|IsCondControl)
1963701: board.processor.cores.core: A0 T0 : 0x20ce6 @_int_malloc+1470    : addi a5, ft0, 1023         : IntAlu :  D=0x00000000000003ff  flags=(IsInteger)
1964367: board.processor.cores.core: A0 T0 : 0x20cea @_int_malloc+1474    : bgeu a5, s0, 34            : IntAlu :   flags=(IsInteger|IsControl|IsDirectControl|IsCondControl)
1964700: board.processor.cores.core: A0 T0 : 0x20cee @_int_malloc+1478    : c_ldsp a5, 8(sp)           : MemRead :  D=0x000000000000006b A=0x7ffffffffffffaf8  flags=(IsInteger|IsLoad)
1965033: board.processor.cores.core: A0 T0 : 0x20cf0 @_int_malloc+1480    : slliw a5, a5, 1            : IntAlu :  D=0x00000000000000d6  flags=(IsInteger)
1965366: board.processor.cores.core: A0 T0 : 0x20cf4 @_int_malloc+1484    : c_addiw a5, 12             : IntAlu :  D=0x00000000000000e2  flags=(IsInteger)
1965699: board.processor.cores.core: A0 T0 : 0x20cf6 @_int_malloc+1486    : c_slli a5, 32              : IntAlu :  D=0x000000e200000000  flags=(IsInteger)
1966032: board.processor.cores.core: A0 T0 : 0x20cf8 @_int_malloc+1488    : c_srli a5, 29              : IntAlu :  D=0x0000000000000710  flags=(IsInteger)
1966365: board.processor.cores.core: A0 T0 : 0x20cfa @_int_malloc+1490    : c_add a5, s1               : IntAlu :  D=0x000000000006fcd8  flags=(IsInteger)
1966698: board.processor.cores.core: A0 T0 : 0x20cfc @_int_malloc+1492    : c_ld a4, 0(a5)             : MemRead :  D=0x000000000006fcc8 A=0x6fcd8  flags=(IsInteger|IsLoad)
1967364: board.processor.cores.core: A0 T0 : 0x20cfe @_int_malloc+1494    : addi a3, a5, -16           : IntAlu :  D=0x000000000006fcc8  flags=(IsInteger)
1968030: board.processor.cores.core: A0 T0 : 0x20d02 @_int_malloc+1498    : beq a4, a3, 10             : IntAlu :   flags=(IsInteger|IsControl|IsDirectControl|IsCondControl)
1968363: board.processor.cores.core: A0 T0 : 0x20d0c @_int_malloc+1508    : c_ldsp a3, 8(sp)           : MemRead :  D=0x000000000000006b A=0x7ffffffffffffaf8  flags=(IsInteger|IsLoad)
1968696: board.processor.cores.core: A0 T0 : 0x20d0e @_int_malloc+1510    : c_li a0, 4                 : IntAlu :  D=0x0000000000000004  flags=(IsInteger)
1969029: board.processor.cores.core: A0 T0 : 0x20d10 @_int_malloc+1512    : addiw a4, a3, 1            : IntAlu :  D=0x000000000000006c  flags=(IsInteger)
1969362: board.processor.cores.core: A0 T0 : 0x20d14 @_int_malloc+1516    : slliw a3, a3, 1            : IntAlu :  D=0x00000000000000d6  flags=(IsInteger)
1969695: board.processor.cores.core: A0 T0 : 0x20d18 @_int_malloc+1520    : srliw a5, a4, 5            : IntAlu :  D=0x0000000000000003  flags=(IsInteger)
1970028: board.processor.cores.core: A0 T0 : 0x20d1c @_int_malloc+1524    : c_addiw a3, 14             : IntAlu :  D=0x00000000000000e4  flags=(IsInteger)
1970694: board.processor.cores.core: A0 T0 : 0x20d1e @_int_malloc+1526    : addi a5, a5, 536           : IntAlu :  D=0x000000000000021b  flags=(IsInteger)
1971027: board.processor.cores.core: A0 T0 : 0x20d22 @_int_malloc+1530    : c_slli a3, 32              : IntAlu :  D=0x000000e400000000  flags=(IsInteger)
1971360: board.processor.cores.core: A0 T0 : 0x20d24 @_int_malloc+1532    : c_slli a5, 2               : IntAlu :  D=0x000000000000086c  flags=(IsInteger)
1971693: board.processor.cores.core: A0 T0 : 0x20d26 @_int_malloc+1534    : c_srli a3, 32              : IntAlu :  D=0x00000000000000e4  flags=(IsInteger)
1972026: board.processor.cores.core: A0 T0 : 0x20d28 @_int_malloc+1536    : c_add a5, s1               : IntAlu :  D=0x000000000006fe34  flags=(IsInteger)
1972359: board.processor.cores.core: A0 T0 : 0x20d2a @_int_malloc+1538    : c_slli a3, 3               : IntAlu :  D=0x0000000000000720  flags=(IsInteger)
1972692: board.processor.cores.core: A0 T0 : 0x20d2c @_int_malloc+1540    : c_lw a2, 0(a5)             : MemRead :  D=0x0000000000000000 A=0x6fe34  flags=(IsInteger|IsLoad)
1973025: board.processor.cores.core: A0 T0 : 0x20d2e @_int_malloc+1542    : c_addi a3, -16             : IntAlu :  D=0x0000000000000710  flags=(IsInteger)
1973358: board.processor.cores.core: A0 T0 : 0x20d30 @_int_malloc+1544    : c_li a5, 1                 : IntAlu :  D=0x0000000000000001  flags=(IsInteger)
1973691: board.processor.cores.core: A0 T0 : 0x20d32 @_int_malloc+1546    : c_add a3, s1               : IntAlu :  D=0x000000000006fcd8  flags=(IsInteger)
1974024: board.processor.cores.core: A0 T0 : 0x20d34 @_int_malloc+1548    : srliw s3, a4, 5            : IntAlu :  D=0x0000000000000003  flags=(IsInteger)
1974357: board.processor.cores.core: A0 T0 : 0x20d38 @_int_malloc+1552    : sllw a5, a5, a4            : IntAlu :  D=0x0000000000001000  flags=(IsInteger)
1974690: board.processor.cores.core: A0 T0 : 0x20d3c @_int_malloc+1556    : bltu a2, a5, 162           : IntAlu :   flags=(IsInteger|IsControl|IsDirectControl|IsCondControl)
1975356: board.processor.cores.core: A0 T0 : 0x20dde @_int_malloc+1718    : addiw a5, s3, 1            : IntAlu :  D=0x0000000000000004  flags=(IsInteger)
1976022: board.processor.cores.core: A0 T0 : 0x20de2 @_int_malloc+1722    : addiw s3, a5, 0            : IntAlu :  D=0x0000000000000004  flags=(IsInteger)
1976688: board.processor.cores.core: A0 T0 : 0x20de6 @_int_malloc+1726    : bne s3, a0, -26            : IntAlu :   flags=(IsInteger|IsControl|IsDirectControl|IsCondControl)
1977021: board.processor.cores.core: A0 T0 : 0x20dea @_int_malloc+1730    : c_ld a4, 96(s1)            : MemRead :  D=0x0000000000073f10 A=0x6f628  flags=(IsInteger|IsLoad)
1977354: board.processor.cores.core: A0 T0 : 0x20dec @_int_malloc+1732    : ld a3, -1912(a7)           : MemRead :  D=0x00000000000214d0 A=0x6fe50  flags=(IsInteger|IsLoad)
1977687: board.processor.cores.core: A0 T0 : 0x20df0 @_int_malloc+1736    : c_ld a5, 8(a4)             : MemRead :  D=0x00000000000210f1 A=0x73f18  flags=(IsInteger|IsLoad)
1978020: board.processor.cores.core: A0 T0 : 0x20df2 @_int_malloc+1738    : c_andi a5, 18446744073709551608 : IntAlu :  D=0x00000000000210f0  flags=(IsInteger)
1978353: board.processor.cores.core: A0 T0 : 0x20df4 @_int_malloc+1740    : bltu a3, a5, 552           : IntAlu :   flags=(IsInteger|IsControl|IsDirectControl|IsCondControl)
1978686: board.processor.cores.core: A0 T0 : 0x20df8 @_int_malloc+1744    : addi a3, s0, 32            : IntAlu :  D=0x0000000000002030  flags=(IsInteger)
1979019: board.processor.cores.core: A0 T0 : 0x20dfc @_int_malloc+1748    : bgeu a5, a3, 692           : IntAlu :   flags=(IsInteger|IsControl|IsDirectControl|IsCondControl)
1979352: board.processor.cores.core: A0 T0 : 0x210b0 @_int_malloc+2440    : lui a3, 111                : IntAlu :  D=0x000000000006f000  flags=(IsInteger)
1979685: board.processor.cores.core: A0 T0 : 0x210b4 @_int_malloc+2444    : addi a3, a3, 1480          : IntAlu :  D=0x000000000006f5c8  flags=(IsInteger)
1980018: board.processor.cores.core: A0 T0 : 0x210b8 @_int_malloc+2448    : sub a3, s1, a3             : IntAlu :  D=0x0000000000000000  flags=(IsInteger)
1980351: board.processor.cores.core: A0 T0 : 0x210bc @_int_malloc+2452    : sltu a3, ft0, a3           : IntAlu :  D=0x0000000000000000  flags=(IsInteger)
1980684: board.processor.cores.core: A0 T0 : 0x210c0 @_int_malloc+2456    : c_slli a3, 2               : IntAlu :  D=0x0000000000000000  flags=(IsInteger)
1981350: board.processor.cores.core: A0 T0 : 0x210c2 @_int_malloc+2458    : add a2, a4, s0             : IntAlu :  D=0x0000000000075f20  flags=(IsInteger)
1981683: board.processor.cores.core: A0 T0 : 0x210c6 @_int_malloc+2462    : c_or a3, s0                : IntAlu :  D=0x0000000000002010  flags=(IsInteger)
1982016: board.processor.cores.core: A0 T0 : 0x210c8 @_int_malloc+2464    : c_sd a2, 96(s1)            : MemWrite :  D=0x0000000000075f20 A=0x6f628  flags=(IsInteger|IsStore)
1982682: board.processor.cores.core: A0 T0 : 0x210ca @_int_malloc+2466    : ori a3, a3, 1              : IntAlu :  D=0x0000000000002011  flags=(IsInteger)
1983015: board.processor.cores.core: A0 T0 : 0x210ce @_int_malloc+2470    : c_sub a5, s0               : IntAlu :  D=0x000000000001f0e0  flags=(IsInteger)
1983348: board.processor.cores.core: A0 T0 : 0x210d0 @_int_malloc+2472    : c_sd a3, 8(a4)             : MemWrite :  D=0x0000000000002011 A=0x73f18  flags=(IsInteger|IsStore)
1984014: board.processor.cores.core: A0 T0 : 0x210d2 @_int_malloc+2474    : ori a5, a5, 1              : IntAlu :  D=0x000000000001f0e1  flags=(IsInteger)
1984680: board.processor.cores.core: A0 T0 : 0x210d6 @_int_malloc+2478    : addi s3, a4, 16            : IntAlu :  D=0x0000000000073f20  flags=(IsInteger)
1985013: board.processor.cores.core: A0 T0 : 0x210da @_int_malloc+2482    : c_sd a5, 8(a2)             : MemWrite :  D=0x000000000001f0e1 A=0x75f28  flags=(IsInteger|IsStore)
1985346: board.processor.cores.core: A0 T0 : 0x210da @_int_malloc+2482    : c_sd a5, 8(a2)             : MemWrite :  D=0x000000000001f0e1 A=0x75f28  flags=(IsInteger|IsStore)
1985679: board.processor.cores.core: A0 T0 : 0x210dc @_int_malloc+2484    : c_mv a1, s2                : IntAlu :  D=0x0000000000002000  flags=(IsInteger)
1986012: board.processor.cores.core: A0 T0 : 0x210de @_int_malloc+2486    : c_mv a0, s3                : IntAlu :  D=0x0000000000073f20  flags=(IsInteger)
1986345: board.processor.cores.core: A0 T0 : 0x210e0 @_int_malloc+2488    : jal ra, -9560              : IntAlu :  D=0x00000000000210e4  flags=(IsInteger|IsControl|IsDirectControl|IsUncondControl|IsCall)
1986678: board.processor.cores.core: A0 T0 : 0x1eb88 @alloc_perturb    : lw a5, -1284(gp)           : MemRead :  D=0x0000000000000000 A=0x70bc4  flags=(IsInteger|IsLoad)
1987011: board.processor.cores.core: A0 T0 : 0x1eb8c @alloc_perturb+4    : c_bnez a5, 4               : IntAlu :   flags=(IsInteger|IsControl|IsDirectControl|IsCondControl)
1987344: board.processor.cores.core: A0 T0 : 0x1eb8e @alloc_perturb+6    : c_jr ra                    : IntAlu :   flags=(IsInteger|IsControl|IsIndirectControl|IsUncondControl|IsReturn)
1987677: board.processor.cores.core: A0 T0 : 0x210e4 @_int_malloc+2492    : c_j -1288                  : IntAlu :   flags=(IsControl|IsDirectControl|IsUncondControl)
1988010: board.processor.cores.core: A0 T0 : 0x20bdc @_int_malloc+1204    : c_ldsp ra, 248(sp)         : MemRead :  D=0x0000000000021bb0 A=0x7ffffffffffffbe8  flags=(IsInteger|IsLoad)
1988343: board.processor.cores.core: A0 T0 : 0x20bde @_int_malloc+1206    : c_ldsp s0, 240(sp)         : MemRead :  D=0x0000000000002000 A=0x7ffffffffffffbe0  flags=(IsInteger|IsLoad)
1988676: board.processor.cores.core: A0 T0 : 0x20be0 @_int_malloc+1208    : c_ldsp s1, 232(sp)         : MemRead :  D=0x000000000006f000 A=0x7ffffffffffffbd8  flags=(IsInteger|IsLoad)
1989009: board.processor.cores.core: A0 T0 : 0x20be2 @_int_malloc+1210    : c_ldsp s2, 224(sp)         : MemRead :  D=0x000000000000003d A=0x7ffffffffffffbd0  flags=(IsInteger|IsLoad)
1989342: board.processor.cores.core: A0 T0 : 0x20be4 @_int_malloc+1212    : c_ldsp s4, 208(sp)         : MemRead :  D=0x000000000000003d A=0x7ffffffffffffbc0  flags=(IsInteger|IsLoad)
1989675: board.processor.cores.core: A0 T0 : 0x20be6 @_int_malloc+1214    : c_ldsp s5, 200(sp)         : MemRead :  D=0x00000000ffffffff A=0x7ffffffffffffbb8  flags=(IsInteger|IsLoad)
1990008: board.processor.cores.core: A0 T0 : 0x20be8 @_int_malloc+1216    : c_ldsp s6, 192(sp)         : MemRead :  D=0x000000000000003a A=0x7ffffffffffffbb0  flags=(IsInteger|IsLoad)
1990341: board.processor.cores.core: A0 T0 : 0x20bea @_int_malloc+1218    : c_ldsp s7, 184(sp)         : MemRead :  D=0x0000000000000000 A=0x7ffffffffffffba8  flags=(IsInteger|IsLoad)
1990674: board.processor.cores.core: A0 T0 : 0x20bec @_int_malloc+1220    : c_ldsp s8, 176(sp)         : MemRead :  D=0x0000000000000000 A=0x7ffffffffffffba0  flags=(IsInteger|IsLoad)
1991007: board.processor.cores.core: A0 T0 : 0x20bee @_int_malloc+1222    : c_ldsp s9, 168(sp)         : MemRead :  D=0x0000000000000000 A=0x7ffffffffffffb98  flags=(IsInteger|IsLoad)
1991340: board.processor.cores.core: A0 T0 : 0x20bf0 @_int_malloc+1224    : c_ldsp s10, 160(sp)        : MemRead :  D=0x0000000000000000 A=0x7ffffffffffffb90  flags=(IsInteger|IsLoad)
1991673: board.processor.cores.core: A0 T0 : 0x20bf2 @_int_malloc+1226    : c_ldsp s11, 152(sp)        : MemRead :  D=0x0000000000000000 A=0x7ffffffffffffb88  flags=(IsInteger|IsLoad)
1992006: board.processor.cores.core: A0 T0 : 0x20bf4 @_int_malloc+1228    : c_mv a0, s3                : IntAlu :  D=0x0000000000073f20  flags=(IsInteger)
1992339: board.processor.cores.core: A0 T0 : 0x20bf6 @_int_malloc+1230    : c_ldsp s3, 216(sp)         : MemRead :  D=0x0000000000069a08 A=0x7ffffffffffffbc8  flags=(IsInteger|IsLoad)
1992672: board.processor.cores.core: A0 T0 : 0x20bf8 @_int_malloc+1232    : c_addi16sp sp, 256         : IntAlu :  D=0x7ffffffffffffbf0  flags=(IsInteger)
1993005: board.processor.cores.core: A0 T0 : 0x20bfa @_int_malloc+1234    : c_jr ra                    : IntAlu :   flags=(IsInteger|IsControl|IsIndirectControl|IsUncondControl|IsReturn)
1993338: board.processor.cores.core: A0 T0 : 0x21bb0 @__libc_malloc+74    : c_mv a4, a0                : IntAlu :  D=0x0000000000073f20  flags=(IsInteger)
1993671: board.processor.cores.core: A0 T0 : 0x21bb2 @__libc_malloc+76    : c_beqz a0, 218             : IntAlu :   flags=(IsInteger|IsControl|IsDirectControl|IsCondControl)
1994004: board.processor.cores.core: A0 T0 : 0x21bb4 @__libc_malloc+78    : ld a5, -8(a0)              : MemRead :  D=0x0000000000002011 A=0x73f18  flags=(IsInteger|IsLoad)
1994337: board.processor.cores.core: A0 T0 : 0x21bb8 @__libc_malloc+82    : andi a3, a5, 2             : IntAlu :  D=0x0000000000000000  flags=(IsInteger)
1994670: board.processor.cores.core: A0 T0 : 0x21bbc @__libc_malloc+86    : c_bnez a3, 26              : IntAlu :   flags=(IsInteger|IsControl|IsDirectControl|IsCondControl)
1995003: board.processor.cores.core: A0 T0 : 0x21bbe @__libc_malloc+88    : c_andi a5, 4               : IntAlu :  D=0x0000000000000000  flags=(IsInteger)
1995336: board.processor.cores.core: A0 T0 : 0x21bc0 @__libc_malloc+90    : c_beqz a5, 22              : IntAlu :   flags=(IsInteger|IsControl|IsDirectControl|IsCondControl)
1995669: board.processor.cores.core: A0 T0 : 0x21bd6 @__libc_malloc+112    : c_ldsp ra, 24(sp)          : MemRead :  D=0x000000000003933c A=0x7ffffffffffffc08  flags=(IsInteger|IsLoad)
1996002: board.processor.cores.core: A0 T0 : 0x21bd8 @__libc_malloc+114    : c_ldsp s0, 16(sp)          : MemRead :  D=0x000000000006f1c8 A=0x7ffffffffffffc00  flags=(IsInteger|IsLoad)
1996335: board.processor.cores.core: A0 T0 : 0x21bda @__libc_malloc+116    : c_ldsp s1, 8(sp)           : MemRead :  D=0x0000000000002000 A=0x7ffffffffffffbf8  flags=(IsInteger|IsLoad)
1996668: board.processor.cores.core: A0 T0 : 0x21bdc @__libc_malloc+118    : c_ldsp s2, 0(sp)           : MemRead :  D=0x000000000000003d A=0x7ffffffffffffbf0  flags=(IsInteger|IsLoad)
1997001: board.processor.cores.core: A0 T0 : 0x21bde @__libc_malloc+120    : c_mv a0, a4                : IntAlu :  D=0x0000000000073f20  flags=(IsInteger)
1997334: board.processor.cores.core: A0 T0 : 0x21be0 @__libc_malloc+122    : c_addi16sp sp, 32          : IntAlu :  D=0x7ffffffffffffc10  flags=(IsInteger)
1997667: board.processor.cores.core: A0 T0 : 0x21be2 @__libc_malloc+124    : c_jr ra                    : IntAlu :   flags=(IsInteger|IsControl|IsIndirectControl|IsUncondControl|IsReturn)
1998000: board.processor.cores.core: A0 T0 : 0x3933c @_IO_file_doallocate+128    : c_mv a1, a0                : IntAlu :  D=0x0000000000073f20  flags=(IsInteger)
1998333: board.processor.cores.core: A0 T0 : 0x3933e @_IO_file_doallocate+130    : c_bnez a0, -36             : IntAlu :   flags=(IsInteger|IsControl|IsDirectControl|IsCondControl)
1998999: board.processor.cores.core: A0 T0 : 0x3931a @_IO_file_doallocate+94    : add a2, a0, s1             : IntAlu :  D=0x0000000000075f20  flags=(IsInteger)
1999332: board.processor.cores.core: A0 T0 : 0x3931e @_IO_file_doallocate+98    : c_li a3, 1                 : IntAlu :  D=0x0000000000000001  flags=(IsInteger)
1999665: board.processor.cores.core: A0 T0 : 0x39320 @_IO_file_doallocate+100    : c_mv a0, s0                : IntAlu :  D=0x000000000006f1c8  flags=(IsInteger)
2000331: board.processor.cores.core: A0 T0 : 0x39322 @_IO_file_doallocate+102    : jal ra, -115914            : IntAlu :  D=0x0000000000039326  flags=(IsInteger|IsControl|IsDirectControl|IsUncondControl|IsCall)
2000664: board.processor.cores.core: A0 T0 : 0x1ce58 @_IO_setb    : c_addi16sp sp, -48         : IntAlu :  D=0x7ffffffffffffbe0  flags=(IsInteger)
2000997: board.processor.cores.core: A0 T0 : 0x1ce5a @_IO_setb+2    : c_sdsp s0, 32(sp)          : MemWrite :  D=0x000000000006f1c8 A=0x7ffffffffffffc00  flags=(IsInteger|IsStore)
2001330: board.processor.cores.core: A0 T0 : 0x1ce5c @_IO_setb+4    : c_mv s0, a0                : IntAlu :  D=0x000000000006f1c8  flags=(IsInteger)
2001663: board.processor.cores.core: A0 T0 : 0x1ce5e @_IO_setb+6    : c_ld a0, 56(a0)            : MemRead :  D=0x0000000000000000 A=0x6f200  flags=(IsInteger|IsLoad)
2001996: board.processor.cores.core: A0 T0 : 0x1ce60 @_IO_setb+8    : c_sdsp s1, 24(sp)          : MemWrite :  D=0x0000000000002000 A=0x7ffffffffffffbf8  flags=(IsInteger|IsStore)
2002329: board.processor.cores.core: A0 T0 : 0x1ce62 @_IO_setb+10    : c_sdsp s2, 16(sp)          : MemWrite :  D=0x000000000000003d A=0x7ffffffffffffbf0  flags=(IsInteger|IsStore)
2002662: board.processor.cores.core: A0 T0 : 0x1ce64 @_IO_setb+12    : c_sdsp s3, 8(sp)           : MemWrite :  D=0x0000000000069a08 A=0x7ffffffffffffbe8  flags=(IsInteger|IsStore)
2002995: board.processor.cores.core: A0 T0 : 0x1ce66 @_IO_setb+14    : c_sdsp ra, 40(sp)          : MemWrite :  D=0x0000000000039326 A=0x7ffffffffffffc08  flags=(IsInteger|IsStore)
2003328: board.processor.cores.core: A0 T0 : 0x1ce68 @_IO_setb+16    : c_lw a5, 0(s0)             : MemRead :  D=0xfffffffffbad2084 A=0x6f1c8  flags=(IsInteger|IsLoad)
2003661: board.processor.cores.core: A0 T0 : 0x1ce6a @_IO_setb+18    : c_mv s3, a1                : IntAlu :  D=0x0000000000073f20  flags=(IsInteger)
2003994: board.processor.cores.core: A0 T0 : 0x1ce6c @_IO_setb+20    : c_mv s2, a2                : IntAlu :  D=0x0000000000075f20  flags=(IsInteger)
2004327: board.processor.cores.core: A0 T0 : 0x1ce6e @_IO_setb+22    : c_mv s1, a3                : IntAlu :  D=0x0000000000000001  flags=(IsInteger)
2004660: board.processor.cores.core: A0 T0 : 0x1ce70 @_IO_setb+24    : c_beqz a0, 8               : IntAlu :   flags=(IsInteger|IsControl|IsDirectControl|IsCondControl)
2004993: board.processor.cores.core: A0 T0 : 0x1ce78 @_IO_setb+32    : sd s3, 56(s0)              : MemWrite :  D=0x0000000000073f20 A=0x6f200  flags=(IsInteger|IsStore)
2005326: board.processor.cores.core: A0 T0 : 0x1ce7c @_IO_setb+36    : sd s2, 64(s0)              : MemWrite :  D=0x0000000000075f20 A=0x6f208  flags=(IsInteger|IsStore)
2005659: board.processor.cores.core: A0 T0 : 0x1ce80 @_IO_setb+40    : ori a4, a5, 1              : IntAlu :  D=0xfffffffffbad2085  flags=(IsInteger)
2005992: board.processor.cores.core: A0 T0 : 0x1ce84 @_IO_setb+44    : c_beqz s1, 6               : IntAlu :   flags=(IsInteger|IsControl|IsDirectControl|IsCondControl)
2006658: board.processor.cores.core: A0 T0 : 0x1ce86 @_IO_setb+46    : andi a4, a5, 18446744073709551614 : IntAlu :  D=0xfffffffffbad2084  flags=(IsInteger)
2006991: board.processor.cores.core: A0 T0 : 0x1ce8a @_IO_setb+50    : c_ldsp ra, 40(sp)          : MemRead :  D=0x0000000000039326 A=0x7ffffffffffffc08  flags=(IsInteger|IsLoad)
2007324: board.processor.cores.core: A0 T0 : 0x1ce8c @_IO_setb+52    : c_sw a4, 0(s0)             : MemWrite :  D=0x00000000fbad2084 A=0x6f1c8  flags=(IsInteger|IsStore)
2007657: board.processor.cores.core: A0 T0 : 0x1ce8e @_IO_setb+54    : c_ldsp s0, 32(sp)          : MemRead :  D=0x000000000006f1c8 A=0x7ffffffffffffc00  flags=(IsInteger|IsLoad)
2007990: board.processor.cores.core: A0 T0 : 0x1ce90 @_IO_setb+56    : c_ldsp s1, 24(sp)          : MemRead :  D=0x0000000000002000 A=0x7ffffffffffffbf8  flags=(IsInteger|IsLoad)
2008323: board.processor.cores.core: A0 T0 : 0x1ce92 @_IO_setb+58    : c_ldsp s2, 16(sp)          : MemRead :  D=0x000000000000003d A=0x7ffffffffffffbf0  flags=(IsInteger|IsLoad)
2008656: board.processor.cores.core: A0 T0 : 0x1ce94 @_IO_setb+60    : c_ldsp s3, 8(sp)           : MemRead :  D=0x0000000000069a08 A=0x7ffffffffffffbe8  flags=(IsInteger|IsLoad)
2008989: board.processor.cores.core: A0 T0 : 0x1ce96 @_IO_setb+62    : c_addi16sp sp, 48          : IntAlu :  D=0x7ffffffffffffc10  flags=(IsInteger)
2009322: board.processor.cores.core: A0 T0 : 0x1ce98 @_IO_setb+64    : c_jr ra                    : IntAlu :   flags=(IsInteger|IsControl|IsIndirectControl|IsUncondControl|IsReturn)
2009655: board.processor.cores.core: A0 T0 : 0x39326 @_IO_file_doallocate+106    : c_ldsp ra, 152(sp)         : MemRead :  D=0x000000000001cee6 A=0x7ffffffffffffca8  flags=(IsInteger|IsLoad)
2009988: board.processor.cores.core: A0 T0 : 0x39328 @_IO_file_doallocate+108    : c_ldsp s0, 144(sp)         : MemRead :  D=0x000000000006f1c8 A=0x7ffffffffffffca0  flags=(IsInteger|IsLoad)
2010321: board.processor.cores.core: A0 T0 : 0x3932a @_IO_file_doallocate+110    : c_ldsp s1, 136(sp)         : MemRead :  D=0x0000000000069a08 A=0x7ffffffffffffc98  flags=(IsInteger|IsLoad)
2010654: board.processor.cores.core: A0 T0 : 0x3932c @_IO_file_doallocate+112    : c_ldsp s2, 128(sp)         : MemRead :  D=0x000000000000003d A=0x7ffffffffffffc90  flags=(IsInteger|IsLoad)
2010987: board.processor.cores.core: A0 T0 : 0x3932e @_IO_file_doallocate+114    : c_li a0, 1                 : IntAlu :  D=0x0000000000000001  flags=(IsInteger)
2011320: board.processor.cores.core: A0 T0 : 0x39330 @_IO_file_doallocate+116    : c_addi16sp sp, 160         : IntAlu :  D=0x7ffffffffffffcb0  flags=(IsInteger)
2011653: board.processor.cores.core: A0 T0 : 0x39332 @_IO_file_doallocate+118    : c_jr ra                    : IntAlu :   flags=(IsInteger|IsControl|IsIndirectControl|IsUncondControl|IsReturn)
2011986: board.processor.cores.core: A0 T0 : 0x1cee6 @_IO_doallocbuf+68    : c_li a5, -1                : IntAlu :  D=0xffffffffffffffff  flags=(IsInteger)
2012319: board.processor.cores.core: A0 T0 : 0x1cee8 @_IO_doallocbuf+70    : bne a0, a5, 36             : IntAlu :   flags=(IsInteger|IsControl|IsDirectControl|IsCondControl)
2012652: board.processor.cores.core: A0 T0 : 0x1cf0c @_IO_doallocbuf+106    : c_ldsp ra, 24(sp)          : MemRead :  D=0x000000000001c53c A=0x7ffffffffffffcc8  flags=(IsInteger|IsLoad)
2012985: board.processor.cores.core: A0 T0 : 0x1cf0e @_IO_doallocbuf+108    : c_ldsp s0, 16(sp)          : MemRead :  D=0x000000000006f1c8 A=0x7ffffffffffffcc0  flags=(IsInteger|IsLoad)
2013318: board.processor.cores.core: A0 T0 : 0x1cf10 @_IO_doallocbuf+110    : c_ldsp s1, 8(sp)           : MemRead :  D=0xffffffffffffffff A=0x7ffffffffffffcb8  flags=(IsInteger|IsLoad)
2013651: board.processor.cores.core: A0 T0 : 0x1cf12 @_IO_doallocbuf+112    : c_ldsp s2, 0(sp)           : MemRead :  D=0x000000000000003d A=0x7ffffffffffffcb0  flags=(IsInteger|IsLoad)
2013984: board.processor.cores.core: A0 T0 : 0x1cf14 @_IO_doallocbuf+114    : c_addi16sp sp, 32          : IntAlu :  D=0x7ffffffffffffcd0  flags=(IsInteger)
2014317: board.processor.cores.core: A0 T0 : 0x1cf16 @_IO_doallocbuf+116    : c_jr ra                    : IntAlu :   flags=(IsInteger|IsControl|IsIndirectControl|IsUncondControl|IsReturn)
2014650: board.processor.cores.core: A0 T0 : 0x1c53c @_IO_new_file_overflow+260    : c_ld a2, 56(s0)            : MemRead :  D=0x0000000000073f20 A=0x6f200  flags=(IsInteger|IsLoad)
2014983: board.processor.cores.core: A0 T0 : 0x1c53e @_IO_new_file_overflow+262    : c_lw a5, 0(s0)             : MemRead :  D=0xfffffffffbad2084 A=0x6f1c8  flags=(IsInteger|IsLoad)
2015316: board.processor.cores.core: A0 T0 : 0x1c540 @_IO_new_file_overflow+264    : c_sd a2, 24(s0)            : MemWrite :  D=0x0000000000073f20 A=0x6f1e0  flags=(IsInteger|IsStore)
2015649: board.processor.cores.core: A0 T0 : 0x1c542 @_IO_new_file_overflow+266    : c_sd a2, 8(s0)             : MemWrite :  D=0x0000000000073f20 A=0x6f1d0  flags=(IsInteger|IsStore)
2015982: board.processor.cores.core: A0 T0 : 0x1c544 @_IO_new_file_overflow+268    : c_sd a2, 16(s0)            : MemWrite :  D=0x0000000000073f20 A=0x6f1d8  flags=(IsInteger|IsStore)
2016315: board.processor.cores.core: A0 T0 : 0x1c546 @_IO_new_file_overflow+270    : c_j -170                   : IntAlu :   flags=(IsControl|IsDirectControl|IsUncondControl)
2016648: board.processor.cores.core: A0 T0 : 0x1c49c @_IO_new_file_overflow+100    : andi a4, a5, 256           : IntAlu :  D=0x0000000000000000  flags=(IsInteger)
2016981: board.processor.cores.core: A0 T0 : 0x1c4a0 @_IO_new_file_overflow+104    : c_bnez a4, 168             : IntAlu :   flags=(IsInteger|IsControl|IsDirectControl|IsCondControl)
2017314: board.processor.cores.core: A0 T0 : 0x1c4a2 @_IO_new_file_overflow+106    : c_ld a1, 64(s0)            : MemRead :  D=0x0000000000075f20 A=0x6f208  flags=(IsInteger|IsLoad)
2017647: board.processor.cores.core: A0 T0 : 0x1c4a4 @_IO_new_file_overflow+108    : beq a1, a2, 120            : IntAlu :   flags=(IsInteger|IsControl|IsDirectControl|IsCondControl)
2017980: board.processor.cores.core: A0 T0 : 0x1c4a8 @_IO_new_file_overflow+112    : c_ld a3, 16(s0)            : MemRead :  D=0x0000000000073f20 A=0x6f1d8  flags=(IsInteger|IsLoad)
2018313: board.processor.cores.core: A0 T0 : 0x1c4aa @_IO_new_file_overflow+114    : c_lui a4, 1                : IntAlu :  D=0x0000000000001000  flags=(IsInteger)
2018646: board.processor.cores.core: A0 T0 : 0x1c4ac @_IO_new_file_overflow+116    : addi a4, a4, -2048         : IntAlu :  D=0x0000000000000800  flags=(IsInteger)
2018979: board.processor.cores.core: A0 T0 : 0x1c4b0 @_IO_new_file_overflow+120    : lw a0, 192(s0)             : MemRead :  D=0xffffffffffffffff A=0x6f288  flags=(IsInteger|IsLoad)
2019312: board.processor.cores.core: A0 T0 : 0x1c4b4 @_IO_new_file_overflow+124    : c_or a4, a5                : IntAlu :  D=0xfffffffffbad2884  flags=(IsInteger)
2019645: board.processor.cores.core: A0 T0 : 0x1c4b6 @_IO_new_file_overflow+126    : c_sd a2, 40(s0)            : MemWrite :  D=0x0000000000073f20 A=0x6f1f0  flags=(IsInteger|IsStore)
2019978: board.processor.cores.core: A0 T0 : 0x1c4b8 @_IO_new_file_overflow+128    : c_sd a2, 32(s0)            : MemWrite :  D=0x0000000000073f20 A=0x6f1e8  flags=(IsInteger|IsStore)
2020311: board.processor.cores.core: A0 T0 : 0x1c4ba @_IO_new_file_overflow+130    : c_sd a1, 48(s0)            : MemWrite :  D=0x0000000000075f20 A=0x6f1f8  flags=(IsInteger|IsStore)
2020644: board.processor.cores.core: A0 T0 : 0x1c4bc @_IO_new_file_overflow+132    : c_sd a3, 8(s0)             : MemWrite :  D=0x0000000000073f20 A=0x6f1d0  flags=(IsInteger|IsStore)
2020977: board.processor.cores.core: A0 T0 : 0x1c4be @_IO_new_file_overflow+134    : c_sd a3, 24(s0)            : MemWrite :  D=0x0000000000073f20 A=0x6f1e0  flags=(IsInteger|IsStore)
2021310: board.processor.cores.core: A0 T0 : 0x1c4c0 @_IO_new_file_overflow+136    : c_sw a4, 0(s0)             : MemWrite :  D=0x00000000fbad2884 A=0x6f1c8  flags=(IsInteger|IsStore)
2021976: board.processor.cores.core: A0 T0 : 0x1c4c2 @_IO_new_file_overflow+138    : blt ft0, a0, -100          : IntAlu :   flags=(IsInteger|IsControl|IsDirectControl|IsCondControl)
2022642: board.processor.cores.core: A0 T0 : 0x1c4c6 @_IO_new_file_overflow+142    : andi a5, a5, 514           : IntAlu :  D=0x0000000000000000  flags=(IsInteger)
2022975: board.processor.cores.core: A0 T0 : 0x1c4ca @_IO_new_file_overflow+146    : c_beqz a5, -108            : IntAlu :   flags=(IsInteger|IsControl|IsDirectControl|IsCondControl)
2023308: board.processor.cores.core: A0 T0 : 0x1c45e @_IO_new_file_overflow+38    : c_li s2, -1                : IntAlu :  D=0xffffffffffffffff  flags=(IsInteger)
2023641: board.processor.cores.core: A0 T0 : 0x1c460 @_IO_new_file_overflow+40    : beq s1, s2, 116            : IntAlu :   flags=(IsInteger|IsControl|IsDirectControl|IsCondControl)
2023974: board.processor.cores.core: A0 T0 : 0x1c4d4 @_IO_new_file_overflow+156    : c_ld a1, 32(s0)            : MemRead :  D=0x0000000000073f20 A=0x6f1e8  flags=(IsInteger|IsLoad)
2024307: board.processor.cores.core: A0 T0 : 0x1c4d6 @_IO_new_file_overflow+158    : c_mv a0, s0                : IntAlu :  D=0x000000000006f1c8  flags=(IsInteger)
2024640: board.processor.cores.core: A0 T0 : 0x1c4d8 @_IO_new_file_overflow+160    : c_ldsp s0, 16(sp)          : MemRead :  D=0x000000000006f1c8 A=0x7ffffffffffffce0  flags=(IsInteger|IsLoad)
2024973: board.processor.cores.core: A0 T0 : 0x1c4da @_IO_new_file_overflow+162    : c_ldsp ra, 24(sp)          : MemRead :  D=0x000000000001bc9a A=0x7ffffffffffffce8  flags=(IsInteger|IsLoad)
2025306: board.processor.cores.core: A0 T0 : 0x1c4dc @_IO_new_file_overflow+164    : c_ldsp s1, 8(sp)           : MemRead :  D=0x000000000004c410 A=0x7ffffffffffffcd8  flags=(IsInteger|IsLoad)
2025639: board.processor.cores.core: A0 T0 : 0x1c4de @_IO_new_file_overflow+166    : c_ldsp s2, 0(sp)           : MemRead :  D=0x000000000000003d A=0x7ffffffffffffcd0  flags=(IsInteger|IsLoad)
2025972: board.processor.cores.core: A0 T0 : 0x1c4e0 @_IO_new_file_overflow+168    : c_sub a2, a1               : IntAlu :  D=0x0000000000000000  flags=(IsInteger)
2026305: board.processor.cores.core: A0 T0 : 0x1c4e2 @_IO_new_file_overflow+170    : c_addi16sp sp, 32          : IntAlu :  D=0x7ffffffffffffcf0  flags=(IsInteger)
2026638: board.processor.cores.core: A0 T0 : 0x1c4e4 @_IO_new_file_overflow+172    : c_j -1470                  : IntAlu :   flags=(IsControl|IsDirectControl|IsUncondControl)
2026971: board.processor.cores.core: A0 T0 : 0x1bf26 @_IO_do_write    : c_bnez a2, 6               : IntAlu :   flags=(IsInteger|IsControl|IsDirectControl|IsCondControl)
2027304: board.processor.cores.core: A0 T0 : 0x1bf28 @_IO_do_write+2    : c_li a0, 0                 : IntAlu :  D=0x0000000000000000  flags=(IsInteger)
2027637: board.processor.cores.core: A0 T0 : 0x1bf2a @_IO_do_write+4    : c_jr ra                    : IntAlu :   flags=(IsInteger|IsControl|IsIndirectControl|IsUncondControl|IsReturn)
2027970: board.processor.cores.core: A0 T0 : 0x1bc9a @_IO_file_xsputn+192    : c_li a5, -1                : IntAlu :  D=0xffffffffffffffff  flags=(IsInteger)
2028303: board.processor.cores.core: A0 T0 : 0x1bc9c @_IO_file_xsputn+194    : beq a0, a5, 84             : IntAlu :   flags=(IsInteger|IsControl|IsDirectControl|IsCondControl)
2028636: board.processor.cores.core: A0 T0 : 0x1bca0 @_IO_file_xsputn+198    : c_ld a5, 64(s0)            : MemRead :  D=0x0000000000075f20 A=0x6f208  flags=(IsInteger|IsLoad)
2028969: board.processor.cores.core: A0 T0 : 0x1bca2 @_IO_file_xsputn+200    : c_ld a3, 56(s0)            : MemRead :  D=0x0000000000073f20 A=0x6f200  flags=(IsInteger|IsLoad)
2029302: board.processor.cores.core: A0 T0 : 0x1bca4 @_IO_file_xsputn+202    : addi a4, ft0, 127          : IntAlu :  D=0x000000000000007f  flags=(IsInteger)
2029635: board.processor.cores.core: A0 T0 : 0x1bca8 @_IO_file_xsputn+206    : c_mv s5, s2                : IntAlu :  D=0x000000000000003d  flags=(IsInteger)
2029968: board.processor.cores.core: A0 T0 : 0x1bcaa @_IO_file_xsputn+208    : c_sub a5, a3               : IntAlu :  D=0x0000000000002000  flags=(IsInteger)
2030301: board.processor.cores.core: A0 T0 : 0x1bcac @_IO_file_xsputn+210    : bgeu a4, a5, 12            : IntAlu :   flags=(IsInteger|IsControl|IsDirectControl|IsCondControl)
2030634: board.processor.cores.core: A0 T0 : 0x1bcb0 @_IO_file_xsputn+214    : remu a5, s2, a5            : IntDiv :  D=0x000000000000003d  flags=(IsInteger)
2030967: board.processor.cores.core: A0 T0 : 0x1bcb4 @_IO_file_xsputn+218    : sub s5, s2, a5             : IntAlu :  D=0x0000000000000000  flags=(IsInteger)
2031300: board.processor.cores.core: A0 T0 : 0x1bcb8 @_IO_file_xsputn+222    : bne s5, ft0, 32            : IntAlu :   flags=(IsInteger|IsControl|IsDirectControl|IsCondControl)
2031633: board.processor.cores.core: A0 T0 : 0x1bcbc @_IO_file_xsputn+226    : c_mv s3, s4                : IntAlu :  D=0x000000000000003d  flags=(IsInteger)
2032299: board.processor.cores.core: A0 T0 : 0x1bcbe @_IO_file_xsputn+228    : beq s2, ft0, -140          : IntAlu :   flags=(IsInteger|IsControl|IsDirectControl|IsCondControl)
2032632: board.processor.cores.core: A0 T0 : 0x1bcc2 @_IO_file_xsputn+232    : c_mv a2, s2                : IntAlu :  D=0x000000000000003d  flags=(IsInteger)
2032965: board.processor.cores.core: A0 T0 : 0x1bcc4 @_IO_file_xsputn+234    : add a1, s1, s5             : IntAlu :  D=0x000000000004c410  flags=(IsInteger)
2033298: board.processor.cores.core: A0 T0 : 0x1bcc8 @_IO_file_xsputn+238    : c_mv a0, s0                : IntAlu :  D=0x000000000006f1c8  flags=(IsInteger)
2033964: board.processor.cores.core: A0 T0 : 0x1bcca @_IO_file_xsputn+240    : jal ra, 4792               : IntAlu :  D=0x000000000001bcce  flags=(IsInteger|IsControl|IsDirectControl|IsUncondControl|IsCall)
2034297: board.processor.cores.core: A0 T0 : 0x1cf82 @_IO_default_xsputn    : c_beqz a2, 214             : IntAlu :   flags=(IsInteger|IsControl|IsDirectControl|IsCondControl)
2034630: board.processor.cores.core: A0 T0 : 0x1cf84 @_IO_default_xsputn+2    : c_addi16sp sp, -80         : IntAlu :  D=0x7ffffffffffffca0  flags=(IsInteger)
2034963: board.processor.cores.core: A0 T0 : 0x1cf86 @_IO_default_xsputn+4    : c_sdsp s4, 32(sp)          : MemWrite :  D=0x000000000000003d A=0x7ffffffffffffcc0  flags=(IsInteger|IsStore)
2035296: board.processor.cores.core: A0 T0 : 0x1cf88 @_IO_default_xsputn+6    : c_sdsp s5, 24(sp)          : MemWrite :  D=0x0000000000000000 A=0x7ffffffffffffcb8  flags=(IsInteger|IsStore)
2035962: board.processor.cores.core: A0 T0 : 0x1cf8a @_IO_default_xsputn+8    : lui s4, 106                : IntAlu :  D=0x000000000006a000  flags=(IsInteger)
2036628: board.processor.cores.core: A0 T0 : 0x1cf8e @_IO_default_xsputn+12    : lui s5, 105                : IntAlu :  D=0x0000000000069000  flags=(IsInteger)
2037294: board.processor.cores.core: A0 T0 : 0x1cf92 @_IO_default_xsputn+16    : addi s5, s5, 1896          : IntAlu :  D=0x0000000000069768  flags=(IsInteger)
2037960: board.processor.cores.core: A0 T0 : 0x1cf96 @_IO_default_xsputn+20    : addi s4, s4, -520          : IntAlu :  D=0x0000000000069df8  flags=(IsInteger)
2038293: board.processor.cores.core: A0 T0 : 0x1cf9a @_IO_default_xsputn+24    : c_sdsp s0, 64(sp)          : MemWrite :  D=0x000000000006f1c8 A=0x7ffffffffffffce0  flags=(IsInteger|IsStore)
2038626: board.processor.cores.core: A0 T0 : 0x1cf9c @_IO_default_xsputn+26    : c_sdsp s2, 48(sp)          : MemWrite :  D=0x000000000000003d A=0x7ffffffffffffcd0  flags=(IsInteger|IsStore)
2038959: board.processor.cores.core: A0 T0 : 0x1cf9e @_IO_default_xsputn+28    : c_sdsp s3, 40(sp)          : MemWrite :  D=0x000000000000003d A=0x7ffffffffffffcc8  flags=(IsInteger|IsStore)
2039292: board.processor.cores.core: A0 T0 : 0x1cfa0 @_IO_default_xsputn+30    : c_sdsp s6, 16(sp)          : MemWrite :  D=0x000000000000003a A=0x7ffffffffffffcb0  flags=(IsInteger|IsStore)
2039625: board.processor.cores.core: A0 T0 : 0x1cfa2 @_IO_default_xsputn+32    : c_sdsp s7, 8(sp)           : MemWrite :  D=0x0000000000000000 A=0x7ffffffffffffca8  flags=(IsInteger|IsStore)
2039958: board.processor.cores.core: A0 T0 : 0x1cfa4 @_IO_default_xsputn+34    : c_sdsp s8, 0(sp)           : MemWrite :  D=0x0000000000000000 A=0x7ffffffffffffca0  flags=(IsInteger|IsStore)
2040291: board.processor.cores.core: A0 T0 : 0x1cfa6 @_IO_default_xsputn+36    : c_sdsp ra, 72(sp)          : MemWrite :  D=0x000000000001bcce A=0x7ffffffffffffce8  flags=(IsInteger|IsStore)
2040624: board.processor.cores.core: A0 T0 : 0x1cfa8 @_IO_default_xsputn+38    : c_sdsp s1, 56(sp)          : MemWrite :  D=0x000000000004c410 A=0x7ffffffffffffcd8  flags=(IsInteger|IsStore)
2040957: board.processor.cores.core: A0 T0 : 0x1cfaa @_IO_default_xsputn+40    : c_mv s6, a2                : IntAlu :  D=0x000000000000003d  flags=(IsInteger)
2041290: board.processor.cores.core: A0 T0 : 0x1cfac @_IO_default_xsputn+42    : c_mv s3, a0                : IntAlu :  D=0x000000000006f1c8  flags=(IsInteger)
2041623: board.processor.cores.core: A0 T0 : 0x1cfae @_IO_default_xsputn+44    : c_mv s0, a1                : IntAlu :  D=0x000000000004c410  flags=(IsInteger)
2041956: board.processor.cores.core: A0 T0 : 0x1cfb0 @_IO_default_xsputn+46    : c_mv s2, a2                : IntAlu :  D=0x000000000000003d  flags=(IsInteger)
2042289: board.processor.cores.core: A0 T0 : 0x1cfb2 @_IO_default_xsputn+48    : c_li s8, 20                : IntAlu :  D=0x0000000000000014  flags=(IsInteger)
2042622: board.processor.cores.core: A0 T0 : 0x1cfb4 @_IO_default_xsputn+50    : sub s4, s4, s5             : IntAlu :  D=0x0000000000000690  flags=(IsInteger)
2042955: board.processor.cores.core: A0 T0 : 0x1cfb8 @_IO_default_xsputn+54    : c_li s7, -1                : IntAlu :  D=0xffffffffffffffff  flags=(IsInteger)
2043621: board.processor.cores.core: A0 T0 : 0x1cfba @_IO_default_xsputn+56    : ld a0, 40(s3)              : MemRead :  D=0x0000000000073f20 A=0x6f1f0  flags=(IsInteger|IsLoad)
2044287: board.processor.cores.core: A0 T0 : 0x1cfbe @_IO_default_xsputn+60    : ld s1, 48(s3)              : MemRead :  D=0x0000000000075f20 A=0x6f1f8  flags=(IsInteger|IsLoad)
2044953: board.processor.cores.core: A0 T0 : 0x1cfc2 @_IO_default_xsputn+64    : bgeu a0, s1, 22            : IntAlu :   flags=(IsInteger|IsControl|IsDirectControl|IsCondControl)
2045286: board.processor.cores.core: A0 T0 : 0x1cfc6 @_IO_default_xsputn+68    : c_sub s1, a0               : IntAlu :  D=0x0000000000002000  flags=(IsInteger)
2045619: board.processor.cores.core: A0 T0 : 0x1cfc8 @_IO_default_xsputn+70    : bgeu s2, s1, 6             : IntAlu :   flags=(IsInteger|IsControl|IsDirectControl|IsCondControl)
2045952: board.processor.cores.core: A0 T0 : 0x1cfcc @_IO_default_xsputn+74    : c_mv s1, s2                : IntAlu :  D=0x000000000000003d  flags=(IsInteger)
2046618: board.processor.cores.core: A0 T0 : 0x1cfce @_IO_default_xsputn+76    : bltu s8, s1, 80            : IntAlu :   flags=(IsInteger|IsControl|IsDirectControl|IsCondControl)
2046951: board.processor.cores.core: A0 T0 : 0x1d01e @_IO_default_xsputn+156    : c_mv a1, s0                : IntAlu :  D=0x000000000004c410  flags=(IsInteger)
2047284: board.processor.cores.core: A0 T0 : 0x1d020 @_IO_default_xsputn+158    : c_mv a2, s1                : IntAlu :  D=0x000000000000003d  flags=(IsInteger)
2047950: board.processor.cores.core: A0 T0 : 0x1d022 @_IO_default_xsputn+160    : jal ra, 28320              : IntAlu :  D=0x000000000001d026  flags=(IsInteger|IsControl|IsDirectControl|IsUncondControl|IsCall)
2048283: board.processor.cores.core: A0 T0 : 0x23ec2 @memcpy    : c_addi16sp sp, -48         : IntAlu :  D=0x7ffffffffffffc70  flags=(IsInteger)
2048616: board.processor.cores.core: A0 T0 : 0x23ec4 @memcpy+2    : c_sdsp s0, 32(sp)          : MemWrite :  D=0x000000000004c410 A=0x7ffffffffffffc90  flags=(IsInteger|IsStore)
2048949: board.processor.cores.core: A0 T0 : 0x23ec6 @memcpy+4    : c_sdsp s2, 16(sp)          : MemWrite :  D=0x000000000000003d A=0x7ffffffffffffc80  flags=(IsInteger|IsStore)
2049282: board.processor.cores.core: A0 T0 : 0x23ec8 @memcpy+6    : c_sdsp ra, 40(sp)          : MemWrite :  D=0x000000000001d026 A=0x7ffffffffffffc98  flags=(IsInteger|IsStore)
2049615: board.processor.cores.core: A0 T0 : 0x23eca @memcpy+8    : c_sdsp s1, 24(sp)          : MemWrite :  D=0x000000000000003d A=0x7ffffffffffffc88  flags=(IsInteger|IsStore)
2049948: board.processor.cores.core: A0 T0 : 0x23ecc @memcpy+10    : c_sdsp s3, 8(sp)           : MemWrite :  D=0x000000000006f1c8 A=0x7ffffffffffffc78  flags=(IsInteger|IsStore)
2050281: board.processor.cores.core: A0 T0 : 0x23ece @memcpy+12    : c_li a5, 15                : IntAlu :  D=0x000000000000000f  flags=(IsInteger)
2050614: board.processor.cores.core: A0 T0 : 0x23ed0 @memcpy+14    : c_mv s2, a0                : IntAlu :  D=0x0000000000073f20  flags=(IsInteger)
2050947: board.processor.cores.core: A0 T0 : 0x23ed2 @memcpy+16    : c_mv a4, a0                : IntAlu :  D=0x0000000000073f20  flags=(IsInteger)
2051280: board.processor.cores.core: A0 T0 : 0x23ed4 @memcpy+18    : c_mv s0, a1                : IntAlu :  D=0x000000000004c410  flags=(IsInteger)
2051946: board.processor.cores.core: A0 T0 : 0x23ed6 @memcpy+20    : bgeu a5, a2, 72            : IntAlu :   flags=(IsInteger|IsControl|IsDirectControl|IsCondControl)
2052612: board.processor.cores.core: A0 T0 : 0x23eda @memcpy+24    : sub a0, ft0, a0            : IntAlu :  D=0xfffffffffff8c0e0  flags=(IsInteger)
2052945: board.processor.cores.core: A0 T0 : 0x23ede @memcpy+28    : c_andi a0, 7               : IntAlu :  D=0x0000000000000000  flags=(IsInteger)
2053278: board.processor.cores.core: A0 T0 : 0x23ee0 @memcpy+30    : sub s1, a2, a0             : IntAlu :  D=0x000000000000003d  flags=(IsInteger)
2053611: board.processor.cores.core: A0 T0 : 0x23ee4 @memcpy+34    : c_beqz a0, 110             : IntAlu :   flags=(IsInteger|IsControl|IsDirectControl|IsCondControl)
2053944: board.processor.cores.core: A0 T0 : 0x23f52 @memcpy+144    : c_mv s3, s2                : IntAlu :  D=0x0000000000073f20  flags=(IsInteger)
2054277: board.processor.cores.core: A0 T0 : 0x23f54 @memcpy+146    : c_j -84                    : IntAlu :   flags=(IsControl|IsDirectControl|IsUncondControl)
2054610: board.processor.cores.core: A0 T0 : 0x23f00 @memcpy+62    : andi a5, s0, 7             : IntAlu :  D=0x0000000000000000  flags=(IsInteger)
2054943: board.processor.cores.core: A0 T0 : 0x23f04 @memcpy+66    : srli a2, s1, 3             : IntAlu :  D=0x0000000000000007  flags=(IsInteger)
2055276: board.processor.cores.core: A0 T0 : 0x23f08 @memcpy+70    : c_mv a1, s0                : IntAlu :  D=0x000000000004c410  flags=(IsInteger)
2055609: board.processor.cores.core: A0 T0 : 0x23f0a @memcpy+72    : c_mv a0, s3                : IntAlu :  D=0x0000000000073f20  flags=(IsInteger)
2055942: board.processor.cores.core: A0 T0 : 0x23f0c @memcpy+74    : c_bnez a5, 64              : IntAlu :   flags=(IsInteger|IsControl|IsDirectControl|IsCondControl)
2056608: board.processor.cores.core: A0 T0 : 0x23f0e @memcpy+76    : jal ra, 72                 : IntAlu :  D=0x0000000000023f12  flags=(IsInteger|IsControl|IsDirectControl|IsUncondControl|IsCall)
2057274: board.processor.cores.core: A0 T0 : 0x23f56 @_wordcopy_fwd_aligned    : andi a5, a2, 7             : IntAlu :  D=0x0000000000000007  flags=(IsInteger)
2057940: board.processor.cores.core: A0 T0 : 0x23f5a @_wordcopy_fwd_aligned+4    : lui a4, 79                 : IntAlu :  D=0x000000000004f000  flags=(IsInteger)
2058273: board.processor.cores.core: A0 T0 : 0x23f5e @_wordcopy_fwd_aligned+8    : c_slli a5, 2               : IntAlu :  D=0x000000000000001c  flags=(IsInteger)
2058606: board.processor.cores.core: A0 T0 : 0x23f60 @_wordcopy_fwd_aligned+10    : addi a4, a4, -448          : IntAlu :  D=0x000000000004ee40  flags=(IsInteger)
2058939: board.processor.cores.core: A0 T0 : 0x23f64 @_wordcopy_fwd_aligned+14    : c_add a5, a4               : IntAlu :  D=0x000000000004ee5c  flags=(IsInteger)
2059272: board.processor.cores.core: A0 T0 : 0x23f66 @_wordcopy_fwd_aligned+16    : c_lw a5, 0(a5)             : MemRead :  D=0x0000000000023f6a A=0x4ee5c  flags=(IsInteger|IsLoad)
2059605: board.processor.cores.core: A0 T0 : 0x23f68 @_wordcopy_fwd_aligned+18    : c_jr a5                    : IntAlu :   flags=(IsInteger|IsControl|IsIndirectControl|IsUncondControl)
2059938: board.processor.cores.core: A0 T0 : 0x23f6a @_wordcopy_fwd_aligned+20    : c_ld a4, 0(a1)             : MemRead :  D=0x5020562d43534952 A=0x4c410  flags=(IsInteger|IsLoad)
2060271: board.processor.cores.core: A0 T0 : 0x23f6c @_wordcopy_fwd_aligned+22    : addi a5, a0, -16           : IntAlu :  D=0x0000000000073f10  flags=(IsInteger)
2060604: board.processor.cores.core: A0 T0 : 0x23f70 @_wordcopy_fwd_aligned+26    : c_addi a1, -8              : IntAlu :  D=0x000000000004c408  flags=(IsInteger)
2060937: board.processor.cores.core: A0 T0 : 0x23f72 @_wordcopy_fwd_aligned+28    : c_addi a2, 1               : IntAlu :  D=0x0000000000000008  flags=(IsInteger)
2061270: board.processor.cores.core: A0 T0 : 0x23f74 @_wordcopy_fwd_aligned+30    : ld a6, 16(a1)              : MemRead :  D=0x52532064656b6361 A=0x4c418  flags=(IsInteger|IsLoad)
2061603: board.processor.cores.core: A0 T0 : 0x23f78 @_wordcopy_fwd_aligned+34    : addi a3, a5, 24            : IntAlu :  D=0x0000000000073f28  flags=(IsInteger)
2061936: board.processor.cores.core: A0 T0 : 0x23f7c @_wordcopy_fwd_aligned+38    : c_sd a4, 0(a0)             : MemWrite :  D=0x5020562d43534952 A=0x73f20  flags=(IsInteger|IsStore)
2062269: board.processor.cores.core: A0 T0 : 0x23f7e @_wordcopy_fwd_aligned+40    : c_ld a4, 24(a1)            : MemRead :  D=0x7473657420363141 A=0x4c420  flags=(IsInteger|IsLoad)
2062602: board.processor.cores.core: A0 T0 : 0x23f80 @_wordcopy_fwd_aligned+42    : addi a0, a5, 32            : IntAlu :  D=0x0000000000073f30  flags=(IsInteger)
2062935: board.processor.cores.core: A0 T0 : 0x23f84 @_wordcopy_fwd_aligned+46    : sd a6, 0(a3)               : MemWrite :  D=0x52532064656b6361 A=0x73f28  flags=(IsInteger|IsStore)
2063268: board.processor.cores.core: A0 T0 : 0x23f88 @_wordcopy_fwd_aligned+50    : ld a6, 32(a1)              : MemRead :  D=0x2074666968732820 A=0x4c428  flags=(IsInteger|IsLoad)
2063601: board.processor.cores.core: A0 T0 : 0x23f8c @_wordcopy_fwd_aligned+54    : addi a3, a5, 40            : IntAlu :  D=0x0000000000073f38  flags=(IsInteger)
2063934: board.processor.cores.core: A0 T0 : 0x23f90 @_wordcopy_fwd_aligned+58    : c_sd a4, 0(a0)             : MemWrite :  D=0x7473657420363141 A=0x73f30  flags=(IsInteger|IsStore)
2064267: board.processor.cores.core: A0 T0 : 0x23f92 @_wordcopy_fwd_aligned+60    : c_ld a4, 40(a1)            : MemRead :  D=0x6f66202931207962 A=0x4c430  flags=(IsInteger|IsLoad)
2064600: board.processor.cores.core: A0 T0 : 0x23f94 @_wordcopy_fwd_aligned+62    : addi a0, a5, 48            : IntAlu :  D=0x0000000000073f40  flags=(IsInteger)
2064933: board.processor.cores.core: A0 T0 : 0x23f98 @_wordcopy_fwd_aligned+66    : sd a6, 0(a3)               : MemWrite :  D=0x2074666968732820 A=0x73f38  flags=(IsInteger|IsStore)
2065266: board.processor.cores.core: A0 T0 : 0x23f9c @_wordcopy_fwd_aligned+70    : ld a6, 48(a1)              : MemRead :  D=0x4546464678302072 A=0x4c438  flags=(IsInteger|IsLoad)
2065599: board.processor.cores.core: A0 T0 : 0x23fa0 @_wordcopy_fwd_aligned+74    : addi a3, a5, 56            : IntAlu :  D=0x0000000000073f48  flags=(IsInteger)
2065932: board.processor.cores.core: A0 T0 : 0x23fa4 @_wordcopy_fwd_aligned+78    : c_sd a4, 0(a0)             : MemWrite :  D=0x6f66202931207962 A=0x73f40  flags=(IsInteger|IsStore)
2066265: board.processor.cores.core: A0 T0 : 0x23fa6 @_wordcopy_fwd_aligned+80    : c_ld a4, 56(a1)            : MemRead :  D=0x4546464645464646 A=0x4c440  flags=(IsInteger|IsLoad)
2066598: board.processor.cores.core: A0 T0 : 0x23fa8 @_wordcopy_fwd_aligned+82    : addi a5, a5, 64            : IntAlu :  D=0x0000000000073f50  flags=(IsInteger)
2066931: board.processor.cores.core: A0 T0 : 0x23fac @_wordcopy_fwd_aligned+86    : sd a6, 0(a3)               : MemWrite :  D=0x4546464678302072 A=0x73f48  flags=(IsInteger|IsStore)
2067264: board.processor.cores.core: A0 T0 : 0x23fb0 @_wordcopy_fwd_aligned+90    : c_addi a2, -8              : IntAlu :  D=0x0000000000000000  flags=(IsInteger)
2067597: board.processor.cores.core: A0 T0 : 0x23fb2 @_wordcopy_fwd_aligned+92    : c_mv a0, a5                : IntAlu :  D=0x0000000000073f50  flags=(IsInteger)
2067930: board.processor.cores.core: A0 T0 : 0x23fb4 @_wordcopy_fwd_aligned+94    : addi a1, a1, 64            : IntAlu :  D=0x000000000004c448  flags=(IsInteger)
2068263: board.processor.cores.core: A0 T0 : 0x23fb8 @_wordcopy_fwd_aligned+98    : c_beqz a2, 24              : IntAlu :   flags=(IsInteger|IsControl|IsDirectControl|IsCondControl)
2068596: board.processor.cores.core: A0 T0 : 0x23fd0 @_wordcopy_fwd_aligned+122    : c_sd a4, 0(a0)             : MemWrite :  D=0x4546464645464646 A=0x73f50  flags=(IsInteger|IsStore)
2068929: board.processor.cores.core: A0 T0 : 0x23fd2 @_wordcopy_fwd_aligned+124    : c_jr ra                    : IntAlu :   flags=(IsInteger|IsControl|IsIndirectControl|IsUncondControl|IsReturn)
2069595: board.processor.cores.core: A0 T0 : 0x23f12 @memcpy+80    : andi a4, s1, 18446744073709551608 : IntAlu :  D=0x0000000000000038  flags=(IsInteger)
2069928: board.processor.cores.core: A0 T0 : 0x23f16 @memcpy+84    : c_add s0, a4               : IntAlu :  D=0x000000000004c448  flags=(IsInteger)
2070261: board.processor.cores.core: A0 T0 : 0x23f18 @memcpy+86    : andi a2, s1, 7             : IntAlu :  D=0x0000000000000005  flags=(IsInteger)
2070594: board.processor.cores.core: A0 T0 : 0x23f1c @memcpy+90    : c_add a4, s3               : IntAlu :  D=0x0000000000073f58  flags=(IsInteger)
2070927: board.processor.cores.core: A0 T0 : 0x23f1e @memcpy+92    : c_addi a4, -1              : IntAlu :  D=0x0000000000073f57  flags=(IsInteger)
2071260: board.processor.cores.core: A0 T0 : 0x23f20 @memcpy+94    : c_mv a5, s0                : IntAlu :  D=0x000000000004c448  flags=(IsInteger)
2071926: board.processor.cores.core: A0 T0 : 0x23f22 @memcpy+96    : add a1, a2, s0             : IntAlu :  D=0x000000000004c44d  flags=(IsInteger)
2072259: board.processor.cores.core: A0 T0 : 0x23f26 @memcpy+100    : c_sub a4, s0               : IntAlu :  D=0x0000000000027b0f  flags=(IsInteger)
2072592: board.processor.cores.core: A0 T0 : 0x23f28 @memcpy+102    : c_beqz a2, 20              : IntAlu :   flags=(IsInteger|IsControl|IsDirectControl|IsCondControl)
2073258: board.processor.cores.core: A0 T0 : 0x23f2a @memcpy+104    : lbu a2, 0(a5)              : MemRead :  D=0x0000000000000046 A=0x4c448  flags=(IsInteger|IsLoad)
2073591: board.processor.cores.core: A0 T0 : 0x23f2e @memcpy+108    : c_addi a5, 1               : IntAlu :  D=0x000000000004c449  flags=(IsInteger)
2073924: board.processor.cores.core: A0 T0 : 0x23f30 @memcpy+110    : add a3, a4, a5             : IntAlu :  D=0x0000000000073f58  flags=(IsInteger)
2074257: board.processor.cores.core: A0 T0 : 0x23f34 @memcpy+114    : sb a2, 0(a3)               : MemWrite :  D=0x0000000000000046 A=0x73f58  flags=(IsInteger|IsStore)
2074590: board.processor.cores.core: A0 T0 : 0x23f38 @memcpy+118    : bne a1, a5, -14            : IntAlu :   flags=(IsInteger|IsControl|IsDirectControl|IsCondControl)
2075256: board.processor.cores.core: A0 T0 : 0x23f2a @memcpy+104    : lbu a2, 0(a5)              : MemRead :  D=0x0000000000000046 A=0x4c449  flags=(IsInteger|IsLoad)
2075589: board.processor.cores.core: A0 T0 : 0x23f2e @memcpy+108    : c_addi a5, 1               : IntAlu :  D=0x000000000004c44a  flags=(IsInteger)
2075922: board.processor.cores.core: A0 T0 : 0x23f30 @memcpy+110    : add a3, a4, a5             : IntAlu :  D=0x0000000000073f59  flags=(IsInteger)
2076255: board.processor.cores.core: A0 T0 : 0x23f34 @memcpy+114    : sb a2, 0(a3)               : MemWrite :  D=0x0000000000000046 A=0x73f59  flags=(IsInteger|IsStore)
2076588: board.processor.cores.core: A0 T0 : 0x23f38 @memcpy+118    : bne a1, a5, -14            : IntAlu :   flags=(IsInteger|IsControl|IsDirectControl|IsCondControl)
2077254: board.processor.cores.core: A0 T0 : 0x23f2a @memcpy+104    : lbu a2, 0(a5)              : MemRead :  D=0x0000000000000046 A=0x4c44a  flags=(IsInteger|IsLoad)
2077587: board.processor.cores.core: A0 T0 : 0x23f2e @memcpy+108    : c_addi a5, 1               : IntAlu :  D=0x000000000004c44b  flags=(IsInteger)
2077920: board.processor.cores.core: A0 T0 : 0x23f30 @memcpy+110    : add a3, a4, a5             : IntAlu :  D=0x0000000000073f5a  flags=(IsInteger)
2078253: board.processor.cores.core: A0 T0 : 0x23f34 @memcpy+114    : sb a2, 0(a3)               : MemWrite :  D=0x0000000000000046 A=0x73f5a  flags=(IsInteger|IsStore)
2078586: board.processor.cores.core: A0 T0 : 0x23f38 @memcpy+118    : bne a1, a5, -14            : IntAlu :   flags=(IsInteger|IsControl|IsDirectControl|IsCondControl)
2079252: board.processor.cores.core: A0 T0 : 0x23f2a @memcpy+104    : lbu a2, 0(a5)              : MemRead :  D=0x0000000000000045 A=0x4c44b  flags=(IsInteger|IsLoad)
2079585: board.processor.cores.core: A0 T0 : 0x23f2e @memcpy+108    : c_addi a5, 1               : IntAlu :  D=0x000000000004c44c  flags=(IsInteger)
2079918: board.processor.cores.core: A0 T0 : 0x23f30 @memcpy+110    : add a3, a4, a5             : IntAlu :  D=0x0000000000073f5b  flags=(IsInteger)
2080251: board.processor.cores.core: A0 T0 : 0x23f34 @memcpy+114    : sb a2, 0(a3)               : MemWrite :  D=0x0000000000000045 A=0x73f5b  flags=(IsInteger|IsStore)
2080584: board.processor.cores.core: A0 T0 : 0x23f38 @memcpy+118    : bne a1, a5, -14            : IntAlu :   flags=(IsInteger|IsControl|IsDirectControl|IsCondControl)
2081250: board.processor.cores.core: A0 T0 : 0x23f2a @memcpy+104    : lbu a2, 0(a5)              : MemRead :  D=0x0000000000000020 A=0x4c44c  flags=(IsInteger|IsLoad)
2081583: board.processor.cores.core: A0 T0 : 0x23f2e @memcpy+108    : c_addi a5, 1               : IntAlu :  D=0x000000000004c44d  flags=(IsInteger)
2081916: board.processor.cores.core: A0 T0 : 0x23f30 @memcpy+110    : add a3, a4, a5             : IntAlu :  D=0x0000000000073f5c  flags=(IsInteger)
2082249: board.processor.cores.core: A0 T0 : 0x23f34 @memcpy+114    : sb a2, 0(a3)               : MemWrite :  D=0x0000000000000020 A=0x73f5c  flags=(IsInteger|IsStore)
2082582: board.processor.cores.core: A0 T0 : 0x23f38 @memcpy+118    : bne a1, a5, -14            : IntAlu :   flags=(IsInteger|IsControl|IsDirectControl|IsCondControl)
2082915: board.processor.cores.core: A0 T0 : 0x23f3c @memcpy+122    : c_ldsp ra, 40(sp)          : MemRead :  D=0x000000000001d026 A=0x7ffffffffffffc98  flags=(IsInteger|IsLoad)
2083248: board.processor.cores.core: A0 T0 : 0x23f3e @memcpy+124    : c_ldsp s0, 32(sp)          : MemRead :  D=0x000000000004c410 A=0x7ffffffffffffc90  flags=(IsInteger|IsLoad)
2083581: board.processor.cores.core: A0 T0 : 0x23f40 @memcpy+126    : c_ldsp s1, 24(sp)          : MemRead :  D=0x000000000000003d A=0x7ffffffffffffc88  flags=(IsInteger|IsLoad)
2083914: board.processor.cores.core: A0 T0 : 0x23f42 @memcpy+128    : c_ldsp s3, 8(sp)           : MemRead :  D=0x000000000006f1c8 A=0x7ffffffffffffc78  flags=(IsInteger|IsLoad)
2084247: board.processor.cores.core: A0 T0 : 0x23f44 @memcpy+130    : c_mv a0, s2                : IntAlu :  D=0x0000000000073f20  flags=(IsInteger)
2084580: board.processor.cores.core: A0 T0 : 0x23f46 @memcpy+132    : c_ldsp s2, 16(sp)          : MemRead :  D=0x000000000000003d A=0x7ffffffffffffc80  flags=(IsInteger|IsLoad)
2084913: board.processor.cores.core: A0 T0 : 0x23f48 @memcpy+134    : c_addi16sp sp, 48          : IntAlu :  D=0x7ffffffffffffca0  flags=(IsInteger)
2085246: board.processor.cores.core: A0 T0 : 0x23f4a @memcpy+136    : c_jr ra                    : IntAlu :   flags=(IsInteger|IsControl|IsIndirectControl|IsUncondControl|IsReturn)
2085579: board.processor.cores.core: A0 T0 : 0x1d026 @_IO_default_xsputn+164    : c_add a0, s1               : IntAlu :  D=0x0000000000073f5d  flags=(IsInteger)
2085912: board.processor.cores.core: A0 T0 : 0x1d028 @_IO_default_xsputn+166    : sd a0, 40(s3)              : MemWrite :  D=0x0000000000073f5d A=0x6f1f0  flags=(IsInteger|IsStore)
2086245: board.processor.cores.core: A0 T0 : 0x1d02c @_IO_default_xsputn+170    : c_add s0, s1               : IntAlu :  D=0x000000000004c44d  flags=(IsInteger)
2086911: board.processor.cores.core: A0 T0 : 0x1d02e @_IO_default_xsputn+172    : sub s2, s2, s1             : IntAlu :  D=0x0000000000000000  flags=(IsInteger)
2087244: board.processor.cores.core: A0 T0 : 0x1d032 @_IO_default_xsputn+176    : c_j -90                    : IntAlu :   flags=(IsControl|IsDirectControl|IsUncondControl)
2087577: board.processor.cores.core: A0 T0 : 0x1cfd8 @_IO_default_xsputn+86    : beq s2, ft0, 96            : IntAlu :   flags=(IsInteger|IsControl|IsDirectControl|IsCondControl)
2087910: board.processor.cores.core: A0 T0 : 0x1d038 @_IO_default_xsputn+182    : c_ldsp ra, 72(sp)          : MemRead :  D=0x000000000001bcce A=0x7ffffffffffffce8  flags=(IsInteger|IsLoad)
2088243: board.processor.cores.core: A0 T0 : 0x1d03a @_IO_default_xsputn+184    : c_ldsp s0, 64(sp)          : MemRead :  D=0x000000000006f1c8 A=0x7ffffffffffffce0  flags=(IsInteger|IsLoad)
2088576: board.processor.cores.core: A0 T0 : 0x1d03c @_IO_default_xsputn+186    : c_ldsp s1, 56(sp)          : MemRead :  D=0x000000000004c410 A=0x7ffffffffffffcd8  flags=(IsInteger|IsLoad)
2088909: board.processor.cores.core: A0 T0 : 0x1d03e @_IO_default_xsputn+188    : c_ldsp s2, 48(sp)          : MemRead :  D=0x000000000000003d A=0x7ffffffffffffcd0  flags=(IsInteger|IsLoad)
2089242: board.processor.cores.core: A0 T0 : 0x1d040 @_IO_default_xsputn+190    : c_ldsp s3, 40(sp)          : MemRead :  D=0x000000000000003d A=0x7ffffffffffffcc8  flags=(IsInteger|IsLoad)
2089575: board.processor.cores.core: A0 T0 : 0x1d042 @_IO_default_xsputn+192    : c_ldsp s4, 32(sp)          : MemRead :  D=0x000000000000003d A=0x7ffffffffffffcc0  flags=(IsInteger|IsLoad)
2089908: board.processor.cores.core: A0 T0 : 0x1d044 @_IO_default_xsputn+194    : c_ldsp s5, 24(sp)          : MemRead :  D=0x0000000000000000 A=0x7ffffffffffffcb8  flags=(IsInteger|IsLoad)
2090241: board.processor.cores.core: A0 T0 : 0x1d046 @_IO_default_xsputn+196    : c_ldsp s7, 8(sp)           : MemRead :  D=0x0000000000000000 A=0x7ffffffffffffca8  flags=(IsInteger|IsLoad)
2090574: board.processor.cores.core: A0 T0 : 0x1d048 @_IO_default_xsputn+198    : c_ldsp s8, 0(sp)           : MemRead :  D=0x0000000000000000 A=0x7ffffffffffffca0  flags=(IsInteger|IsLoad)
2090907: board.processor.cores.core: A0 T0 : 0x1d04a @_IO_default_xsputn+200    : c_mv a0, s6                : IntAlu :  D=0x000000000000003d  flags=(IsInteger)
2091240: board.processor.cores.core: A0 T0 : 0x1d04c @_IO_default_xsputn+202    : c_ldsp s6, 16(sp)          : MemRead :  D=0x000000000000003a A=0x7ffffffffffffcb0  flags=(IsInteger|IsLoad)
2091573: board.processor.cores.core: A0 T0 : 0x1d04e @_IO_default_xsputn+204    : c_addi16sp sp, 80          : IntAlu :  D=0x7ffffffffffffcf0  flags=(IsInteger)
2091906: board.processor.cores.core: A0 T0 : 0x1d050 @_IO_default_xsputn+206    : c_jr ra                    : IntAlu :   flags=(IsInteger|IsControl|IsIndirectControl|IsUncondControl|IsReturn)
2092572: board.processor.cores.core: A0 T0 : 0x1bcce @_IO_file_xsputn+244    : sub a0, a0, s2             : IntAlu :  D=0x0000000000000000  flags=(IsInteger)
2093238: board.processor.cores.core: A0 T0 : 0x1bcd2 @_IO_file_xsputn+248    : add s3, a0, s4             : IntAlu :  D=0x000000000000003d  flags=(IsInteger)
2093571: board.processor.cores.core: A0 T0 : 0x1bcd6 @_IO_file_xsputn+252    : c_j -164                   : IntAlu :   flags=(IsControl|IsDirectControl|IsUncondControl)
2093904: board.processor.cores.core: A0 T0 : 0x1bc32 @_IO_file_xsputn+88    : c_ldsp ra, 56(sp)          : MemRead :  D=0x0000000000019636 A=0x7ffffffffffffd28  flags=(IsInteger|IsLoad)
2094237: board.processor.cores.core: A0 T0 : 0x1bc34 @_IO_file_xsputn+90    : c_ldsp s0, 48(sp)          : MemRead :  D=0x000000000000003d A=0x7ffffffffffffd20  flags=(IsInteger|IsLoad)
2094570: board.processor.cores.core: A0 T0 : 0x1bc36 @_IO_file_xsputn+92    : c_ldsp s1, 40(sp)          : MemRead :  D=0x000000000006f1c8 A=0x7ffffffffffffd18  flags=(IsInteger|IsLoad)
2094903: board.processor.cores.core: A0 T0 : 0x1bc38 @_IO_file_xsputn+94    : c_ldsp s2, 32(sp)          : MemRead :  D=0x000000000004c410 A=0x7ffffffffffffd10  flags=(IsInteger|IsLoad)
2095236: board.processor.cores.core: A0 T0 : 0x1bc3a @_IO_file_xsputn+96    : c_ldsp s4, 16(sp)          : MemRead :  D=0x0000000000069a08 A=0x7ffffffffffffd00  flags=(IsInteger|IsLoad)
2095569: board.processor.cores.core: A0 T0 : 0x1bc3c @_IO_file_xsputn+98    : c_ldsp s5, 8(sp)           : MemRead :  D=0x00000000ffffffff A=0x7ffffffffffffcf8  flags=(IsInteger|IsLoad)
2095902: board.processor.cores.core: A0 T0 : 0x1bc3e @_IO_file_xsputn+100    : c_mv a0, s3                : IntAlu :  D=0x000000000000003d  flags=(IsInteger)
2096235: board.processor.cores.core: A0 T0 : 0x1bc40 @_IO_file_xsputn+102    : c_ldsp s3, 24(sp)          : MemRead :  D=0x0000000000000000 A=0x7ffffffffffffd08  flags=(IsInteger|IsLoad)
2096568: board.processor.cores.core: A0 T0 : 0x1bc42 @_IO_file_xsputn+104    : c_addi16sp sp, 64          : IntAlu :  D=0x7ffffffffffffd30  flags=(IsInteger)
2096901: board.processor.cores.core: A0 T0 : 0x1bc44 @_IO_file_xsputn+106    : c_jr ra                    : IntAlu :   flags=(IsInteger|IsControl|IsIndirectControl|IsUncondControl|IsReturn)
2097567: board.processor.cores.core: A0 T0 : 0x19636 @_IO_puts+150    : bne s0, a0, -58            : IntAlu :   flags=(IsInteger|IsControl|IsDirectControl|IsCondControl)
2098233: board.processor.cores.core: A0 T0 : 0x1963a @_IO_puts+154    : ld a0, -1880(gp)           : MemRead :  D=0x000000000006f1c8 A=0x70970  flags=(IsInteger|IsLoad)
2098566: board.processor.cores.core: A0 T0 : 0x1963e @_IO_puts+158    : c_ld a5, 40(a0)            : MemRead :  D=0x0000000000073f5d A=0x6f1f0  flags=(IsInteger|IsLoad)
2098899: board.processor.cores.core: A0 T0 : 0x19640 @_IO_puts+160    : c_ld a4, 48(a0)            : MemRead :  D=0x0000000000075f20 A=0x6f1f8  flags=(IsInteger|IsLoad)
2099565: board.processor.cores.core: A0 T0 : 0x19642 @_IO_puts+162    : bgeu a5, a4, 128           : IntAlu :   flags=(IsInteger|IsControl|IsDirectControl|IsCondControl)
2100231: board.processor.cores.core: A0 T0 : 0x19646 @_IO_puts+166    : addi a4, a5, 1             : IntAlu :  D=0x0000000000073f5e  flags=(IsInteger)
2100564: board.processor.cores.core: A0 T0 : 0x1964a @_IO_puts+170    : c_sd a4, 40(a0)            : MemWrite :  D=0x0000000000073f5e A=0x6f1f0  flags=(IsInteger|IsStore)
2100897: board.processor.cores.core: A0 T0 : 0x1964c @_IO_puts+172    : c_li a4, 10                : IntAlu :  D=0x000000000000000a  flags=(IsInteger)
2101563: board.processor.cores.core: A0 T0 : 0x1964e @_IO_puts+174    : sb a4, 0(a5)               : MemWrite :  D=0x000000000000000a A=0x73f5d  flags=(IsInteger|IsStore)
2102229: board.processor.cores.core: A0 T0 : 0x19652 @_IO_puts+178    : lui a5, 524288             : IntAlu :  D=0xffffffff80000000  flags=(IsInteger)
2102562: board.processor.cores.core: A0 T0 : 0x19656 @_IO_puts+182    : c_addi s0, 1               : IntAlu :  D=0x000000000000003e  flags=(IsInteger)
2102895: board.processor.cores.core: A0 T0 : 0x19658 @_IO_puts+184    : xori a5, a5, 18446744073709551615 : IntAlu :  D=0x000000007fffffff  flags=(IsInteger)
2103228: board.processor.cores.core: A0 T0 : 0x1965c @_IO_puts+188    : bltu a5, s0, 46            : IntAlu :   flags=(IsInteger|IsControl|IsDirectControl|IsCondControl)
2103561: board.processor.cores.core: A0 T0 : 0x19660 @_IO_puts+192    : c_addiw s0, 0              : IntAlu :  D=0x000000000000003e  flags=(IsInteger)
2103894: board.processor.cores.core: A0 T0 : 0x19662 @_IO_puts+194    : c_lw a5, 0(s1)             : MemRead :  D=0xfffffffffbad2884 A=0x6f1c8  flags=(IsInteger|IsLoad)
2104227: board.processor.cores.core: A0 T0 : 0x19664 @_IO_puts+196    : c_srli a5, 15              : IntAlu :  D=0x0001fffffffff75a  flags=(IsInteger)
2104560: board.processor.cores.core: A0 T0 : 0x19666 @_IO_puts+198    : c_andi a5, 1               : IntAlu :  D=0x0000000000000000  flags=(IsInteger)
2104893: board.processor.cores.core: A0 T0 : 0x19668 @_IO_puts+200    : c_bnez a5, 16              : IntAlu :   flags=(IsInteger|IsControl|IsDirectControl|IsCondControl)
2105226: board.processor.cores.core: A0 T0 : 0x1966a @_IO_puts+202    : c_ld a0, 136(s1)           : MemRead :  D=0x0000000000071b80 A=0x6f250  flags=(IsInteger|IsLoad)
2105559: board.processor.cores.core: A0 T0 : 0x1966c @_IO_puts+204    : c_lw a5, 4(a0)             : MemRead :  D=0x0000000000000001 A=0x71b84  flags=(IsInteger|IsLoad)
2106225: board.processor.cores.core: A0 T0 : 0x1966e @_IO_puts+206    : addiw a4, a5, -1           : IntAlu :  D=0x0000000000000000  flags=(IsInteger)
2106558: board.processor.cores.core: A0 T0 : 0x19672 @_IO_puts+210    : c_sw a4, 4(a0)             : MemWrite :  D=0x0000000000000000 A=0x71b84  flags=(IsInteger|IsStore)
2106891: board.processor.cores.core: A0 T0 : 0x19674 @_IO_puts+212    : c_mv a5, a4                : IntAlu :  D=0x0000000000000000  flags=(IsInteger)
2107224: board.processor.cores.core: A0 T0 : 0x19676 @_IO_puts+214    : c_beqz a4, 24              : IntAlu :   flags=(IsInteger|IsControl|IsDirectControl|IsCondControl)
2107890: board.processor.cores.core: A0 T0 : 0x1968e @_IO_puts+238    : sd ft0, 8(a0)              : MemWrite :  D=0x0000000000000000 A=0x71b88  flags=(IsInteger|IsStore)
2108556: board.processor.cores.core: A0 T0 : 0x19692 @_IO_puts+242    : fence iorw, ow             : No_OpClass :   flags=(IsWriteBarrier|IsReadBarrier)
2109222: board.processor.cores.core: A0 T0 : 0x19696 @_IO_puts+246    : amoswap_w a5, a5, (a0)    
2109222: board.processor.cores.core: A0 T0 : 0x19696 @_IO_puts+246. 0 : amoswap_w[l] a5, a5, (a0)  : MemRead :  D=0x0000000000000001 A=0x71b80  flags=(IsInteger|IsAtomic|IsMicroop|IsLastMicroop|IsFirstMicroop)
2109555: board.processor.cores.core: A0 T0 : 0x1969a @_IO_puts+250    : c_addiw a5, 0              : IntAlu :  D=0x0000000000000001  flags=(IsInteger)
2109888: board.processor.cores.core: A0 T0 : 0x1969c @_IO_puts+252    : c_li a4, 1                 : IntAlu :  D=0x0000000000000001  flags=(IsInteger)
2110554: board.processor.cores.core: A0 T0 : 0x1969e @_IO_puts+254    : bge a4, a5, -38            : IntAlu :   flags=(IsInteger|IsControl|IsDirectControl|IsCondControl)
2110887: board.processor.cores.core: A0 T0 : 0x19678 @_IO_puts+216    : c_ldsp ra, 40(sp)          : MemRead :  D=0x0000000000010634 A=0x7ffffffffffffd58  flags=(IsInteger|IsLoad)
2111220: board.processor.cores.core: A0 T0 : 0x1967a @_IO_puts+218    : c_mv a0, s0                : IntAlu :  D=0x000000000000003e  flags=(IsInteger)
2111553: board.processor.cores.core: A0 T0 : 0x1967c @_IO_puts+220    : c_ldsp s0, 32(sp)          : MemRead :  D=0x7ffffffffffffd90 A=0x7ffffffffffffd50  flags=(IsInteger|IsLoad)
2111886: board.processor.cores.core: A0 T0 : 0x1967e @_IO_puts+222    : c_ldsp s1, 24(sp)          : MemRead :  D=0x0000000000010bfc A=0x7ffffffffffffd48  flags=(IsInteger|IsLoad)
2112219: board.processor.cores.core: A0 T0 : 0x19680 @_IO_puts+224    : c_ldsp s2, 16(sp)          : MemRead :  D=0x00000000000103b0 A=0x7ffffffffffffd40  flags=(IsInteger|IsLoad)
2112552: board.processor.cores.core: A0 T0 : 0x19682 @_IO_puts+226    : c_ldsp s3, 8(sp)           : MemRead :  D=0x0000000000000000 A=0x7ffffffffffffd38  flags=(IsInteger|IsLoad)
2112885: board.processor.cores.core: A0 T0 : 0x19684 @_IO_puts+228    : c_ldsp s4, 0(sp)           : MemRead :  D=0x00000000000103b0 A=0x7ffffffffffffd30  flags=(IsInteger|IsLoad)
2113218: board.processor.cores.core: A0 T0 : 0x19686 @_IO_puts+230    : c_addi16sp sp, 48          : IntAlu :  D=0x7ffffffffffffd60  flags=(IsInteger)
2113551: board.processor.cores.core: A0 T0 : 0x19688 @_IO_puts+232    : c_jr ra                    : IntAlu :   flags=(IsInteger|IsControl|IsIndirectControl|IsUncondControl|IsReturn)
2113884: board.processor.cores.core: A0 T0 : 0x10634 @main+42    : ld a5, -32(s0)             : MemRead :  D=0xfffefffefffefffe A=0x7ffffffffffffd70  flags=(IsInteger|IsLoad)
2114217: board.processor.cores.core: A0 T0 : 0x10638 @main+46    : lhu a4, -18(s0)            : MemRead :  D=0x0000000000000001 A=0x7ffffffffffffd7e  flags=(IsInteger|IsLoad)
2114550: board.processor.cores.core: A0 T0 : 0x1063c @main+50    : sra16 a5, a5, a4           : IntAlu :  D=0xffffffffffffffff  flags=(IsInteger)
2114883: board.processor.cores.core: A0 T0 : 0x10640 @main+54    : sd a5, -40(s0)             : MemWrite :  D=0xffffffffffffffff A=0x7ffffffffffffd68  flags=(IsInteger|IsStore)
2115216: board.processor.cores.core: A0 T0 : 0x10644 @main+58    : ld a1, -40(s0)             : MemRead :  D=0xffffffffffffffff A=0x7ffffffffffffd68  flags=(IsInteger|IsLoad)
2115549: board.processor.cores.core: A0 T0 : 0x10648 @main+62    : lui a5, 76                 : IntAlu :  D=0x000000000004c000  flags=(IsInteger)
2115882: board.processor.cores.core: A0 T0 : 0x1064c @main+66    : addi a0, a5, 1104          : IntAlu :  D=0x000000000004c450  flags=(IsInteger)
2116215: board.processor.cores.core: A0 T0 : 0x10650 @main+70    : jal ra, 17888              : IntAlu :  D=0x0000000000010654  flags=(IsInteger|IsControl|IsDirectControl|IsUncondControl|IsCall)
2116548: board.processor.cores.core: A0 T0 : 0x14c30 @_IO_printf    : c_mv t3, a0                : IntAlu :  D=0x000000000004c450  flags=(IsInteger)
2116881: board.processor.cores.core: A0 T0 : 0x14c32 @_IO_printf+2    : c_addi16sp sp, -96         : IntAlu :  D=0x7ffffffffffffd00  flags=(IsInteger)
2117214: board.processor.cores.core: A0 T0 : 0x14c34 @_IO_printf+4    : ld a0, -1880(gp)           : MemRead :  D=0x000000000006f1c8 A=0x70970  flags=(IsInteger|IsLoad)
2117547: board.processor.cores.core: A0 T0 : 0x14c38 @_IO_printf+8    : addi t1, sp, 40            : IntAlu :  D=0x7ffffffffffffd28  flags=(IsInteger)
2117880: board.processor.cores.core: A0 T0 : 0x14c3c @_IO_printf+12    : c_sdsp a1, 40(sp)          : MemWrite :  D=0xffffffffffffffff A=0x7ffffffffffffd28  flags=(IsInteger|IsStore)
2118213: board.processor.cores.core: A0 T0 : 0x14c3e @_IO_printf+14    : c_sdsp a2, 48(sp)          : MemWrite :  D=0x0000000000000020 A=0x7ffffffffffffd30  flags=(IsInteger|IsStore)
2118546: board.processor.cores.core: A0 T0 : 0x14c40 @_IO_printf+16    : c_sdsp a3, 56(sp)          : MemWrite :  D=0x0000000000073f5c A=0x7ffffffffffffd38  flags=(IsInteger|IsStore)
2118879: board.processor.cores.core: A0 T0 : 0x14c42 @_IO_printf+18    : c_mv a2, t1                : IntAlu :  D=0x7ffffffffffffd28  flags=(IsInteger)
2119212: board.processor.cores.core: A0 T0 : 0x14c44 @_IO_printf+20    : c_li a3, 0                 : IntAlu :  D=0x0000000000000000  flags=(IsInteger)
2119545: board.processor.cores.core: A0 T0 : 0x14c46 @_IO_printf+22    : c_mv a1, t3                : IntAlu :  D=0x000000000004c450  flags=(IsInteger)
2119878: board.processor.cores.core: A0 T0 : 0x14c48 @_IO_printf+24    : c_sdsp ra, 24(sp)          : MemWrite :  D=0x0000000000010654 A=0x7ffffffffffffd18  flags=(IsInteger|IsStore)
2120211: board.processor.cores.core: A0 T0 : 0x14c4a @_IO_printf+26    : c_sdsp a4, 64(sp)          : MemWrite :  D=0x0000000000000001 A=0x7ffffffffffffd40  flags=(IsInteger|IsStore)
2120544: board.processor.cores.core: A0 T0 : 0x14c4c @_IO_printf+28    : c_sdsp a5, 72(sp)          : MemWrite :  D=0x000000000004c000 A=0x7ffffffffffffd48  flags=(IsInteger|IsStore)
2120877: board.processor.cores.core: A0 T0 : 0x14c4e @_IO_printf+30    : c_sdsp a6, 80(sp)          : MemWrite :  D=0x4546464678302072 A=0x7ffffffffffffd50  flags=(IsInteger|IsStore)
2121210: board.processor.cores.core: A0 T0 : 0x14c50 @_IO_printf+32    : c_sdsp a7, 88(sp)          : MemWrite :  D=0x00000000000705c8 A=0x7ffffffffffffd58  flags=(IsInteger|IsStore)
2121543: board.processor.cores.core: A0 T0 : 0x14c52 @_IO_printf+34    : c_sdsp t1, 8(sp)           : MemWrite :  D=0x7ffffffffffffd28 A=0x7ffffffffffffd08  flags=(IsInteger|IsStore)
2121876: board.processor.cores.core: A0 T0 : 0x14c54 @_IO_printf+36    : jal ra, 9758               : IntAlu :  D=0x0000000000014c58  flags=(IsInteger|IsControl|IsDirectControl|IsUncondControl|IsCall)
2122542: board.processor.cores.core: A0 T0 : 0x17272 @__vfprintf_internal    : auipc a4, 89               : IntAlu :  D=0x0000000000070272  flags=(IsInteger)
2123208: board.processor.cores.core: A0 T0 : 0x17276 @__vfprintf_internal+4    : ld a4, 1526(a4)            : MemRead :  D=0x0000000000000020 A=0x70868  flags=(IsInteger|IsLoad)
2123874: board.processor.cores.core: A0 T0 : 0x1727a @__vfprintf_internal+8    : addi sp, sp, -1424         : IntAlu :  D=0x7ffffffffffff770  flags=(IsInteger)
2124540: board.processor.cores.core: A0 T0 : 0x1727e @__vfprintf_internal+12    : lw a5, 192(a0)             : MemRead :  D=0xffffffffffffffff A=0x6f288  flags=(IsInteger|IsLoad)
2124873: board.processor.cores.core: A0 T0 : 0x17282 @__vfprintf_internal+16    : c_sdsp a4, 88(sp)          : MemWrite :  D=0x0000000000000020 A=0x7ffffffffffff7c8  flags=(IsInteger|IsStore)
2125206: board.processor.cores.core: A0 T0 : 0x17284 @__vfprintf_internal+18    : c_add a4, tp               : IntAlu :  D=0x00000000000737c0  flags=(IsInteger)
2125539: board.processor.cores.core: A0 T0 : 0x17286 @__vfprintf_internal+20    : c_lw a4, 0(a4)             : MemRead :  D=0x0000000000000002 A=0x737c0  flags=(IsInteger|IsLoad)
2125872: board.processor.cores.core: A0 T0 : 0x17288 @__vfprintf_internal+22    : sd s1, 1400(sp)            : MemWrite :  D=0x0000000000010bfc A=0x7ffffffffffffce8  flags=(IsInteger|IsStore)
2126205: board.processor.cores.core: A0 T0 : 0x1728c @__vfprintf_internal+26    : sd s3, 1384(sp)            : MemWrite :  D=0x0000000000000000 A=0x7ffffffffffffcd8  flags=(IsInteger|IsStore)
2126538: board.processor.cores.core: A0 T0 : 0x17290 @__vfprintf_internal+30    : sd s8, 1344(sp)            : MemWrite :  D=0x0000000000000000 A=0x7ffffffffffffcb0  flags=(IsInteger|IsStore)
2126871: board.processor.cores.core: A0 T0 : 0x17294 @__vfprintf_internal+34    : sd ra, 1416(sp)            : MemWrite :  D=0x0000000000014c58 A=0x7ffffffffffffcf8  flags=(IsInteger|IsStore)
2127204: board.processor.cores.core: A0 T0 : 0x17298 @__vfprintf_internal+38    : sd s0, 1408(sp)            : MemWrite :  D=0x7ffffffffffffd90 A=0x7ffffffffffffcf0  flags=(IsInteger|IsStore)
2127537: board.processor.cores.core: A0 T0 : 0x1729c @__vfprintf_internal+42    : sd s2, 1392(sp)            : MemWrite :  D=0x00000000000103b0 A=0x7ffffffffffffce0  flags=(IsInteger|IsStore)
2127870: board.processor.cores.core: A0 T0 : 0x172a0 @__vfprintf_internal+46    : sd s4, 1376(sp)            : MemWrite :  D=0x00000000000103b0 A=0x7ffffffffffffcd0  flags=(IsInteger|IsStore)
2128203: board.processor.cores.core: A0 T0 : 0x172a4 @__vfprintf_internal+50    : sd s5, 1368(sp)            : MemWrite :  D=0x00000000ffffffff A=0x7ffffffffffffcc8  flags=(IsInteger|IsStore)
2128536: board.processor.cores.core: A0 T0 : 0x172a8 @__vfprintf_internal+54    : sd s6, 1360(sp)            : MemWrite :  D=0x000000000000003a A=0x7ffffffffffffcc0  flags=(IsInteger|IsStore)
2128869: board.processor.cores.core: A0 T0 : 0x172ac @__vfprintf_internal+58    : sd s7, 1352(sp)            : MemWrite :  D=0x0000000000000000 A=0x7ffffffffffffcb8  flags=(IsInteger|IsStore)
2129202: board.processor.cores.core: A0 T0 : 0x172b0 @__vfprintf_internal+62    : sd s9, 1336(sp)            : MemWrite :  D=0x0000000000000000 A=0x7ffffffffffffca8  flags=(IsInteger|IsStore)
2129535: board.processor.cores.core: A0 T0 : 0x172b4 @__vfprintf_internal+66    : sd s10, 1328(sp)           : MemWrite :  D=0x0000000000000000 A=0x7ffffffffffffca0  flags=(IsInteger|IsStore)
2129868: board.processor.cores.core: A0 T0 : 0x172b8 @__vfprintf_internal+70    : sd s11, 1320(sp)           : MemWrite :  D=0x0000000000000000 A=0x7ffffffffffffc98  flags=(IsInteger|IsStore)
2130201: board.processor.cores.core: A0 T0 : 0x172bc @__vfprintf_internal+74    : c_sdsp a4, 80(sp)          : MemWrite :  D=0x0000000000000002 A=0x7ffffffffffff7c0  flags=(IsInteger|IsStore)
2130534: board.processor.cores.core: A0 T0 : 0x172be @__vfprintf_internal+76    : c_sdsp a3, 56(sp)          : MemWrite :  D=0x0000000000000000 A=0x7ffffffffffff7a8  flags=(IsInteger|IsStore)
2130867: board.processor.cores.core: A0 T0 : 0x172c0 @__vfprintf_internal+78    : c_mv s8, a0                : IntAlu :  D=0x000000000006f1c8  flags=(IsInteger)
2131200: board.processor.cores.core: A0 T0 : 0x172c2 @__vfprintf_internal+80    : c_mv s3, a1                : IntAlu :  D=0x000000000004c450  flags=(IsInteger)
2131533: board.processor.cores.core: A0 T0 : 0x172c4 @__vfprintf_internal+82    : c_mv s1, a2                : IntAlu :  D=0x7ffffffffffffd28  flags=(IsInteger)
2132199: board.processor.cores.core: A0 T0 : 0x172c6 @__vfprintf_internal+84    : bne a5, ft0, 426           : IntAlu :   flags=(IsInteger|IsControl|IsDirectControl|IsCondControl)
2132532: board.processor.cores.core: A0 T0 : 0x17470 @__vfprintf_internal+510    : c_li a4, -1                : IntAlu :  D=0xffffffffffffffff  flags=(IsInteger)
2133198: board.processor.cores.core: A0 T0 : 0x17472 @__vfprintf_internal+512    : beq a5, a4, -418           : IntAlu :   flags=(IsInteger|IsControl|IsDirectControl|IsCondControl)
2133531: board.processor.cores.core: A0 T0 : 0x172d0 @__vfprintf_internal+94    : lw s0, 0(s8)               : MemRead :  D=0xfffffffffbad2884 A=0x6f1c8  flags=(IsInteger|IsLoad)
2133864: board.processor.cores.core: A0 T0 : 0x172d4 @__vfprintf_internal+98    : andi a5, s0, 8             : IntAlu :  D=0x0000000000000000  flags=(IsInteger)
2134197: board.processor.cores.core: A0 T0 : 0x172d8 @__vfprintf_internal+102    : c_beqz a5, 6               : IntAlu :   flags=(IsInteger|IsControl|IsDirectControl|IsCondControl)
2134863: board.processor.cores.core: A0 T0 : 0x172de @__vfprintf_internal+108    : bne s3, ft0, 8             : IntAlu :   flags=(IsInteger|IsControl|IsDirectControl|IsCondControl)
2135529: board.processor.cores.core: A0 T0 : 0x172e6 @__vfprintf_internal+116    : andi s10, s0, 2            : IntAlu :  D=0x0000000000000000  flags=(IsInteger)
2136195: board.processor.cores.core: A0 T0 : 0x172ea @__vfprintf_internal+120    : bne s10, ft0, 2962         : IntAlu :   flags=(IsInteger|IsControl|IsDirectControl|IsCondControl)
2136861: board.processor.cores.core: A0 T0 : 0x172ee @__vfprintf_internal+124    : addi a1, ft0, 37           : IntAlu :  D=0x0000000000000025  flags=(IsInteger)
2137194: board.processor.cores.core: A0 T0 : 0x172f2 @__vfprintf_internal+128    : c_mv a0, s3                : IntAlu :  D=0x000000000004c450  flags=(IsInteger)
2137527: board.processor.cores.core: A0 T0 : 0x172f4 @__vfprintf_internal+130    : c_lui s2, 8                : IntAlu :  D=0x0000000000008000  flags=(IsInteger)
2137860: board.processor.cores.core: A0 T0 : 0x172f6 @__vfprintf_internal+132    : c_sdsp s1, 224(sp)         : MemWrite :  D=0x7ffffffffffffd28 A=0x7ffffffffffff850  flags=(IsInteger|IsStore)
2138193: board.processor.cores.core: A0 T0 : 0x172f8 @__vfprintf_internal+134    : and s0, s0, s2             : IntAlu :  D=0x0000000000000000  flags=(IsInteger)
2138526: board.processor.cores.core: A0 T0 : 0x172fc @__vfprintf_internal+138    : jal ra, 53210              : IntAlu :  D=0x0000000000017300  flags=(IsInteger|IsControl|IsDirectControl|IsUncondControl|IsCall)
2139192: board.processor.cores.core: A0 T0 : 0x242d6 @strchrnul    : andi a5, a0, 7             : IntAlu :  D=0x0000000000000000  flags=(IsInteger)
2139858: board.processor.cores.core: A0 T0 : 0x242da @strchrnul+4    : andi a4, a1, 255           : IntAlu :  D=0x0000000000000025  flags=(IsInteger)
2140191: board.processor.cores.core: A0 T0 : 0x242de @strchrnul+8    : c_bnez a5, 14              : IntAlu :   flags=(IsInteger|IsControl|IsDirectControl|IsCondControl)
2140524: board.processor.cores.core: A0 T0 : 0x242e0 @strchrnul+10    : c_j 22                     : IntAlu :   flags=(IsControl|IsDirectControl|IsUncondControl)
2141190: board.processor.cores.core: A0 T0 : 0x242f6 @strchrnul+32    : andi a1, a1, 255           : IntAlu :  D=0x0000000000000025  flags=(IsInteger)
2141856: board.processor.cores.core: A0 T0 : 0x242fa @strchrnul+36    : slli a3, a1, 8             : IntAlu :  D=0x0000000000002500  flags=(IsInteger)
2142189: board.processor.cores.core: A0 T0 : 0x242fe @strchrnul+40    : c_or a3, a1                : IntAlu :  D=0x0000000000002525  flags=(IsInteger)
2142522: board.processor.cores.core: A0 T0 : 0x24300 @strchrnul+42    : slli a5, a3, 16            : IntAlu :  D=0x0000000025250000  flags=(IsInteger)
2142855: board.processor.cores.core: A0 T0 : 0x24304 @strchrnul+46    : c_or a5, a3                : IntAlu :  D=0x0000000025252525  flags=(IsInteger)
2143521: board.processor.cores.core: A0 T0 : 0x24306 @strchrnul+48    : ld a1, -2032(gp)           : MemRead :  D=0x7efefefefefefeff A=0x708d8  flags=(IsInteger|IsLoad)
2144187: board.processor.cores.core: A0 T0 : 0x2430a @strchrnul+52    : slli a7, a5, 32            : IntAlu :  D=0x2525252500000000  flags=(IsInteger)
2144853: board.processor.cores.core: A0 T0 : 0x2430e @strchrnul+56    : or a7, a7, a5              : IntAlu :  D=0x2525252525252525  flags=(IsInteger)
2145186: board.processor.cores.core: A0 T0 : 0x24312 @strchrnul+60    : c_li t1, -1                : IntAlu :  D=0xffffffffffffffff  flags=(IsInteger)
2145519: board.processor.cores.core: A0 T0 : 0x24314 @strchrnul+62    : c_ld a2, 0(a0)             : MemRead :  D=0x692074757074754f A=0x4c450  flags=(IsInteger|IsLoad)
2145852: board.processor.cores.core: A0 T0 : 0x24316 @strchrnul+64    : c_mv t3, a0                : IntAlu :  D=0x000000000004c450  flags=(IsInteger)
2146185: board.processor.cores.core: A0 T0 : 0x24318 @strchrnul+66    : c_addi a0, 8               : IntAlu :  D=0x000000000004c458  flags=(IsInteger)
2146851: board.processor.cores.core: A0 T0 : 0x2431a @strchrnul+68    : xor a6, a7, a2             : IntAlu :  D=0x4c0551505551506a  flags=(IsInteger)
2147517: board.processor.cores.core: A0 T0 : 0x2431e @strchrnul+72    : add a5, a2, a1             : IntAlu :  D=0xe81f73746f73744e  flags=(IsInteger)
2148183: board.processor.cores.core: A0 T0 : 0x24322 @strchrnul+76    : add a3, a6, a1             : IntAlu :  D=0xcb04504f54504f69  flags=(IsInteger)
2148516: board.processor.cores.core: A0 T0 : 0x24326 @strchrnul+80    : c_xor a5, a2               : IntAlu :  D=0x813f07011f070101  flags=(IsInteger)
2148849: board.processor.cores.core: A0 T0 : 0x24328 @strchrnul+82    : xor a3, a3, a6             : IntAlu :  D=0x8701011f01011f03  flags=(IsInteger)
2149182: board.processor.cores.core: A0 T0 : 0x2432c @strchrnul+86    : c_and a5, a3               : IntAlu :  D=0x8101010101010101  flags=(IsInteger)
2149515: board.processor.cores.core: A0 T0 : 0x2432e @strchrnul+88    : c_or a5, a1                : IntAlu :  D=0xffffffffffffffff  flags=(IsInteger)
2149848: board.processor.cores.core: A0 T0 : 0x24330 @strchrnul+90    : beq a5, t1, -28            : IntAlu :   flags=(IsInteger|IsControl|IsDirectControl|IsCondControl)
2150181: board.processor.cores.core: A0 T0 : 0x24314 @strchrnul+62    : c_ld a2, 0(a0)             : MemRead :  D=0x000a20584c252073 A=0x4c458  flags=(IsInteger|IsLoad)
2150514: board.processor.cores.core: A0 T0 : 0x24316 @strchrnul+64    : c_mv t3, a0                : IntAlu :  D=0x000000000004c458  flags=(IsInteger)
2150847: board.processor.cores.core: A0 T0 : 0x24318 @strchrnul+66    : c_addi a0, 8               : IntAlu :  D=0x000000000004c460  flags=(IsInteger)
2151513: board.processor.cores.core: A0 T0 : 0x2431a @strchrnul+68    : xor a6, a7, a2             : IntAlu :  D=0x252f057d69000556  flags=(IsInteger)
2152179: board.processor.cores.core: A0 T0 : 0x2431e @strchrnul+72    : add a5, a2, a1             : IntAlu :  D=0x7f091f574b241f72  flags=(IsInteger)
2152845: board.processor.cores.core: A0 T0 : 0x24322 @strchrnul+76    : add a3, a6, a1             : IntAlu :  D=0xa42e047c67ff0455  flags=(IsInteger)
2153178: board.processor.cores.core: A0 T0 : 0x24326 @strchrnul+80    : c_xor a5, a2               : IntAlu :  D=0x7f033f0f07013f01  flags=(IsInteger)
2153511: board.processor.cores.core: A0 T0 : 0x24328 @strchrnul+82    : xor a3, a3, a6             : IntAlu :  D=0x810101010eff0103  flags=(IsInteger)
2153844: board.processor.cores.core: A0 T0 : 0x2432c @strchrnul+86    : c_and a5, a3               : IntAlu :  D=0x0101010106010101  flags=(IsInteger)
2154177: board.processor.cores.core: A0 T0 : 0x2432e @strchrnul+88    : c_or a5, a1                : IntAlu :  D=0x7ffffffffeffffff  flags=(IsInteger)
2154510: board.processor.cores.core: A0 T0 : 0x24330 @strchrnul+90    : beq a5, t1, -28            : IntAlu :   flags=(IsInteger|IsControl|IsDirectControl|IsCondControl)
2154843: board.processor.cores.core: A0 T0 : 0x24334 @strchrnul+94    : lbu a5, -8(a0)             : MemRead :  D=0x0000000000000073 A=0x4c458  flags=(IsInteger|IsLoad)
2155176: board.processor.cores.core: A0 T0 : 0x24338 @strchrnul+98    : beq a5, a4, 108            : IntAlu :   flags=(IsInteger|IsControl|IsDirectControl|IsCondControl)
2155509: board.processor.cores.core: A0 T0 : 0x2433c @strchrnul+102    : c_beqz a5, 104             : IntAlu :   flags=(IsInteger|IsControl|IsDirectControl|IsCondControl)
2156175: board.processor.cores.core: A0 T0 : 0x2433e @strchrnul+104    : lbu a5, -7(a0)             : MemRead :  D=0x0000000000000020 A=0x4c459  flags=(IsInteger|IsLoad)
2156841: board.processor.cores.core: A0 T0 : 0x24342 @strchrnul+108    : addi a3, a0, -7            : IntAlu :  D=0x000000000004c459  flags=(IsInteger)
2157507: board.processor.cores.core: A0 T0 : 0x24346 @strchrnul+112    : beq a5, a4, 90             : IntAlu :   flags=(IsInteger|IsControl|IsDirectControl|IsCondControl)
2157840: board.processor.cores.core: A0 T0 : 0x2434a @strchrnul+116    : c_beqz a5, 86              : IntAlu :   flags=(IsInteger|IsControl|IsDirectControl|IsCondControl)
2158173: board.processor.cores.core: A0 T0 : 0x2434c @strchrnul+118    : lbu a5, -6(a0)             : MemRead :  D=0x0000000000000025 A=0x4c45a  flags=(IsInteger|IsLoad)
2158506: board.processor.cores.core: A0 T0 : 0x24350 @strchrnul+122    : addi a3, a0, -6            : IntAlu :  D=0x000000000004c45a  flags=(IsInteger)
2158839: board.processor.cores.core: A0 T0 : 0x24354 @strchrnul+126    : beq a5, a4, 76             : IntAlu :   flags=(IsInteger|IsControl|IsDirectControl|IsCondControl)
2159172: board.processor.cores.core: A0 T0 : 0x243a0 @strchrnul+202    : c_mv a0, a3                : IntAlu :  D=0x000000000004c45a  flags=(IsInteger)
2159505: board.processor.cores.core: A0 T0 : 0x243a2 @strchrnul+204    : c_jr ra                    : IntAlu :   flags=(IsInteger|IsControl|IsIndirectControl|IsUncondControl|IsReturn)
2159838: board.processor.cores.core: A0 T0 : 0x17300 @__vfprintf_internal+142    : c_sdsp a0, 216(sp)         : MemWrite :  D=0x000000000004c45a A=0x7ffffffffffff848  flags=(IsInteger|IsStore)
2160171: board.processor.cores.core: A0 T0 : 0x17302 @__vfprintf_internal+144    : c_addiw s0, 0              : IntAlu :  D=0x0000000000000000  flags=(IsInteger)
2160504: board.processor.cores.core: A0 T0 : 0x17304 @__vfprintf_internal+146    : c_mv s7, a0                : IntAlu :  D=0x000000000004c45a  flags=(IsInteger)
2160837: board.processor.cores.core: A0 T0 : 0x17306 @__vfprintf_internal+148    : c_bnez s0, 92              : IntAlu :   flags=(IsInteger|IsControl|IsDirectControl|IsCondControl)
2161170: board.processor.cores.core: A0 T0 : 0x17308 @__vfprintf_internal+150    : addi a5, ft0, 0            : IntAlu :  D=0x0000000000000000  flags=(IsInteger)
2161503: board.processor.cores.core: A0 T0 : 0x1730c @__vfprintf_internal+154    : beq a5, ft0, 3040          : IntAlu :   flags=(IsInteger|IsControl|IsDirectControl|IsCondControl)
2161836: board.processor.cores.core: A0 T0 : 0x17eec @__vfprintf_internal+3194    : lui a5, 53                 : IntAlu :  D=0x0000000000035000  flags=(IsInteger)
2162169: board.processor.cores.core: A0 T0 : 0x17ef0 @__vfprintf_internal+3198    : addi a5, a5, 22            : IntAlu :  D=0x0000000000035016  flags=(IsInteger)
2162502: board.processor.cores.core: A0 T0 : 0x17ef4 @__vfprintf_internal+3202    : c_sdsp a5, 280(sp)         : MemWrite :  D=0x0000000000035016 A=0x7ffffffffffff888  flags=(IsInteger|IsStore)
2162835: board.processor.cores.core: A0 T0 : 0x17ef6 @__vfprintf_internal+3204    : c_sdsp s8, 288(sp)         : MemWrite :  D=0x000000000006f1c8 A=0x7ffffffffffff890  flags=(IsInteger|IsStore)
2163168: board.processor.cores.core: A0 T0 : 0x17ef8 @__vfprintf_internal+3206    : jal ft0, -3014             : IntAlu :  D=0x0000000000017efc  flags=(IsInteger|IsControl|IsDirectControl|IsUncondControl)
2163834: board.processor.cores.core: A0 T0 : 0x17332 @__vfprintf_internal+192    : ld a0, 136(s8)             : MemRead :  D=0x0000000000071b80 A=0x6f250  flags=(IsInteger|IsLoad)
2164500: board.processor.cores.core: A0 T0 : 0x17336 @__vfprintf_internal+196    : addi s0, tp, -1952         : IntAlu :  D=0x0000000000073000  flags=(IsInteger)
2164833: board.processor.cores.core: A0 T0 : 0x1733a @__vfprintf_internal+200    : c_ld a5, 8(a0)             : MemRead :  D=0x0000000000000000 A=0x71b88  flags=(IsInteger|IsLoad)
2165166: board.processor.cores.core: A0 T0 : 0x1733c @__vfprintf_internal+202    : beq a5, s0, 32             : IntAlu :   flags=(IsInteger|IsControl|IsDirectControl|IsCondControl)
2165499: board.processor.cores.core: A0 T0 : 0x17340 @__vfprintf_internal+206    : c_li a4, 1                 : IntAlu :  D=0x0000000000000001  flags=(IsInteger)
2166165: board.processor.cores.core: A0 T0 : 0x17342 @__vfprintf_internal+208    : lr_w a5, (a0)             
2166165: board.processor.cores.core: A0 T0 : 0x17342 @__vfprintf_internal+208. 0 : lr_w a5, (a0)              : MemRead :  D=0x0000000000000000 A=0x71b80  flags=(IsInteger|IsLoad|IsMicroop|IsLastMicroop|IsFirstMicroop)
2166498: board.processor.cores.core: A0 T0 : 0x17346 @__vfprintf_internal+212    : c_bnez a5, 8               : IntAlu :   flags=(IsInteger|IsControl|IsDirectControl|IsCondControl)
2166831: board.processor.cores.core: A0 T0 : 0x17348 @__vfprintf_internal+214    : sc_w_aq a3, a4, (a0)      
2166831: board.processor.cores.core: A0 T0 : 0x17348 @__vfprintf_internal+214. 0 : sc_w a3, a4, (a0)          : MemWrite :  D=0x0000000000000000 A=0x71b80  flags=(IsInteger|IsStore|IsStoreConditional|IsMicroop|IsDelayedCommit|IsFirstMicroop)
2167164: board.processor.cores.core: A0 T0 : 0x17348 @__vfprintf_internal+214. 1 : 0x1ce526af fence           : No_OpClass :   flags=(IsWriteBarrier|IsReadBarrier|IsMicroop|IsLastMicroop)
2167497: board.processor.cores.core: A0 T0 : 0x1734c @__vfprintf_internal+218    : c_bnez a3, -10             : IntAlu :   flags=(IsInteger|IsControl|IsDirectControl|IsCondControl)
2167830: board.processor.cores.core: A0 T0 : 0x1734e @__vfprintf_internal+220    : c_addiw a5, 0              : IntAlu :  D=0x0000000000000000  flags=(IsInteger)
2168163: board.processor.cores.core: A0 T0 : 0x17350 @__vfprintf_internal+222    : c_beqz a5, 6               : IntAlu :   flags=(IsInteger|IsControl|IsDirectControl|IsCondControl)
2168829: board.processor.cores.core: A0 T0 : 0x17356 @__vfprintf_internal+228    : ld a0, 136(s8)             : MemRead :  D=0x0000000000071b80 A=0x6f250  flags=(IsInteger|IsLoad)
2169162: board.processor.cores.core: A0 T0 : 0x1735a @__vfprintf_internal+232    : c_sd s0, 8(a0)             : MemWrite :  D=0x0000000000073000 A=0x71b88  flags=(IsInteger|IsStore)
2169495: board.processor.cores.core: A0 T0 : 0x1735c @__vfprintf_internal+234    : c_lw a5, 4(a0)             : MemRead :  D=0x0000000000000000 A=0x71b84  flags=(IsInteger|IsLoad)
2169828: board.processor.cores.core: A0 T0 : 0x1735e @__vfprintf_internal+236    : c_addiw a5, 1              : IntAlu :  D=0x0000000000000001  flags=(IsInteger)
2170161: board.processor.cores.core: A0 T0 : 0x17360 @__vfprintf_internal+238    : c_sw a5, 4(a0)             : MemWrite :  D=0x0000000000000001 A=0x71b84  flags=(IsInteger|IsStore)
2170827: board.processor.cores.core: A0 T0 : 0x17362 @__vfprintf_internal+240    : ld s0, 216(s8)             : MemRead :  D=0x0000000000069a08 A=0x6f2a0  flags=(IsInteger|IsLoad)
2171493: board.processor.cores.core: A0 T0 : 0x17366 @__vfprintf_internal+244    : lui s5, 105                : IntAlu :  D=0x0000000000069000  flags=(IsInteger)
2172159: board.processor.cores.core: A0 T0 : 0x1736a @__vfprintf_internal+248    : lui s2, 106                : IntAlu :  D=0x000000000006a000  flags=(IsInteger)
2172825: board.processor.cores.core: A0 T0 : 0x1736e @__vfprintf_internal+252    : addi a5, s5, 1896          : IntAlu :  D=0x0000000000069768  flags=(IsInteger)
2173491: board.processor.cores.core: A0 T0 : 0x17372 @__vfprintf_internal+256    : addi s2, s2, -520          : IntAlu :  D=0x0000000000069df8  flags=(IsInteger)
2174157: board.processor.cores.core: A0 T0 : 0x17376 @__vfprintf_internal+260    : addi s5, s5, 1896          : IntAlu :  D=0x0000000000069768  flags=(IsInteger)
2174823: board.processor.cores.core: A0 T0 : 0x1737a @__vfprintf_internal+264    : sub s2, s2, a5             : IntAlu :  D=0x0000000000000690  flags=(IsInteger)
2175489: board.processor.cores.core: A0 T0 : 0x1737e @__vfprintf_internal+268    : sub a5, s0, s5             : IntAlu :  D=0x00000000000002a0  flags=(IsInteger)
2176155: board.processor.cores.core: A0 T0 : 0x17382 @__vfprintf_internal+272    : sub s6, s7, s3             : IntAlu :  D=0x000000000000000a  flags=(IsInteger)
2176821: board.processor.cores.core: A0 T0 : 0x17386 @__vfprintf_internal+276    : bgeu a5, s2, 3182          : IntAlu :   flags=(IsInteger|IsControl|IsDirectControl|IsCondControl)
2177154: board.processor.cores.core: A0 T0 : 0x1738a @__vfprintf_internal+280    : c_ld a5, 56(s0)            : MemRead :  D=0x000000000001bbda A=0x69a40  flags=(IsInteger|IsLoad)
2177487: board.processor.cores.core: A0 T0 : 0x1738c @__vfprintf_internal+282    : c_mv a2, s6                : IntAlu :  D=0x000000000000000a  flags=(IsInteger)
2177820: board.processor.cores.core: A0 T0 : 0x1738e @__vfprintf_internal+284    : c_mv a1, s3                : IntAlu :  D=0x000000000004c450  flags=(IsInteger)
2178153: board.processor.cores.core: A0 T0 : 0x17390 @__vfprintf_internal+286    : c_mv a0, s8                : IntAlu :  D=0x000000000006f1c8  flags=(IsInteger)
2178486: board.processor.cores.core: A0 T0 : 0x17392 @__vfprintf_internal+288    : c_jalr a5                  : IntAlu :  D=0x0000000000017394  flags=(IsInteger|IsControl|IsIndirectControl|IsUncondControl|IsCall)
2178819: board.processor.cores.core: A0 T0 : 0x1bbda @_IO_file_xsputn    : c_addi16sp sp, -64         : IntAlu :  D=0x7ffffffffffff730  flags=(IsInteger)
2179152: board.processor.cores.core: A0 T0 : 0x1bbdc @_IO_file_xsputn+2    : c_sdsp s3, 24(sp)          : MemWrite :  D=0x000000000004c450 A=0x7ffffffffffff748  flags=(IsInteger|IsStore)
2179485: board.processor.cores.core: A0 T0 : 0x1bbde @_IO_file_xsputn+4    : c_sdsp ra, 56(sp)          : MemWrite :  D=0x0000000000017394 A=0x7ffffffffffff768  flags=(IsInteger|IsStore)
2179818: board.processor.cores.core: A0 T0 : 0x1bbe0 @_IO_file_xsputn+6    : c_sdsp s0, 48(sp)          : MemWrite :  D=0x0000000000069a08 A=0x7ffffffffffff760  flags=(IsInteger|IsStore)
2180151: board.processor.cores.core: A0 T0 : 0x1bbe2 @_IO_file_xsputn+8    : c_sdsp s1, 40(sp)          : MemWrite :  D=0x7ffffffffffffd28 A=0x7ffffffffffff758  flags=(IsInteger|IsStore)
2180484: board.processor.cores.core: A0 T0 : 0x1bbe4 @_IO_file_xsputn+10    : c_sdsp s2, 32(sp)          : MemWrite :  D=0x0000000000000690 A=0x7ffffffffffff750  flags=(IsInteger|IsStore)
2180817: board.processor.cores.core: A0 T0 : 0x1bbe6 @_IO_file_xsputn+12    : c_sdsp s4, 16(sp)          : MemWrite :  D=0x00000000000103b0 A=0x7ffffffffffff740  flags=(IsInteger|IsStore)
2181150: board.processor.cores.core: A0 T0 : 0x1bbe8 @_IO_file_xsputn+14    : c_sdsp s5, 8(sp)           : MemWrite :  D=0x0000000000069768 A=0x7ffffffffffff738  flags=(IsInteger|IsStore)
2181483: board.processor.cores.core: A0 T0 : 0x1bbea @_IO_file_xsputn+16    : c_li s3, 0                 : IntAlu :  D=0x0000000000000000  flags=(IsInteger)
2181816: board.processor.cores.core: A0 T0 : 0x1bbec @_IO_file_xsputn+18    : c_beqz a2, 70              : IntAlu :   flags=(IsInteger|IsControl|IsDirectControl|IsCondControl)
2182149: board.processor.cores.core: A0 T0 : 0x1bbee @_IO_file_xsputn+20    : c_ld a4, 0(a0)             : MemRead :  D=0x00000000fbad2884 A=0x6f1c8  flags=(IsInteger|IsLoad)
2182482: board.processor.cores.core: A0 T0 : 0x1bbf0 @_IO_file_xsputn+22    : c_lui a5, 1                : IntAlu :  D=0x0000000000001000  flags=(IsInteger)
2183148: board.processor.cores.core: A0 T0 : 0x1bbf2 @_IO_file_xsputn+24    : addi a5, a5, -1536         : IntAlu :  D=0x0000000000000a00  flags=(IsInteger)
2183481: board.processor.cores.core: A0 T0 : 0x1bbf6 @_IO_file_xsputn+28    : c_and a4, a5               : IntAlu :  D=0x0000000000000800  flags=(IsInteger)
2183814: board.processor.cores.core: A0 T0 : 0x1bbf8 @_IO_file_xsputn+30    : c_mv s0, a0                : IntAlu :  D=0x000000000006f1c8  flags=(IsInteger)
2184147: board.processor.cores.core: A0 T0 : 0x1bbfa @_IO_file_xsputn+32    : c_mv s4, a2                : IntAlu :  D=0x000000000000000a  flags=(IsInteger)
2184480: board.processor.cores.core: A0 T0 : 0x1bbfc @_IO_file_xsputn+34    : c_ld a0, 40(a0)            : MemRead :  D=0x0000000000073f5e A=0x6f1f0  flags=(IsInteger|IsLoad)
2184813: board.processor.cores.core: A0 T0 : 0x1bbfe @_IO_file_xsputn+36    : c_mv s1, a1                : IntAlu :  D=0x000000000004c450  flags=(IsInteger)
2185146: board.processor.cores.core: A0 T0 : 0x1bc00 @_IO_file_xsputn+38    : beq a4, a5, 70             : IntAlu :   flags=(IsInteger|IsControl|IsDirectControl|IsCondControl)
2185479: board.processor.cores.core: A0 T0 : 0x1bc04 @_IO_file_xsputn+42    : c_ld a4, 48(s0)            : MemRead :  D=0x0000000000075f20 A=0x6f1f8  flags=(IsInteger|IsLoad)
2186145: board.processor.cores.core: A0 T0 : 0x1bc06 @_IO_file_xsputn+44    : bgeu a0, a4, 106           : IntAlu :   flags=(IsInteger|IsControl|IsDirectControl|IsCondControl)
2186478: board.processor.cores.core: A0 T0 : 0x1bc0a @_IO_file_xsputn+48    : c_sub a4, a0               : IntAlu :  D=0x0000000000001fc2  flags=(IsInteger)
2186811: board.processor.cores.core: A0 T0 : 0x1bc0c @_IO_file_xsputn+50    : c_li s3, 0                 : IntAlu :  D=0x0000000000000000  flags=(IsInteger)
2187144: board.processor.cores.core: A0 T0 : 0x1bc0e @_IO_file_xsputn+52    : c_beqz a4, 98              : IntAlu :   flags=(IsInteger|IsControl|IsDirectControl|IsCondControl)
2187477: board.processor.cores.core: A0 T0 : 0x1bc10 @_IO_file_xsputn+54    : c_mv s2, s4                : IntAlu :  D=0x000000000000000a  flags=(IsInteger)
2188143: board.processor.cores.core: A0 T0 : 0x1bc12 @_IO_file_xsputn+56    : bltu a4, s4, 218           : IntAlu :   flags=(IsInteger|IsControl|IsDirectControl|IsCondControl)
2188476: board.processor.cores.core: A0 T0 : 0x1bc16 @_IO_file_xsputn+60    : c_mv a1, s1                : IntAlu :  D=0x000000000004c450  flags=(IsInteger)
2188809: board.processor.cores.core: A0 T0 : 0x1bc18 @_IO_file_xsputn+62    : c_mv a2, s2                : IntAlu :  D=0x000000000000000a  flags=(IsInteger)
2189475: board.processor.cores.core: A0 T0 : 0x1bc1a @_IO_file_xsputn+64    : jal ra, 33448              : IntAlu :  D=0x000000000001bc1e  flags=(IsInteger|IsControl|IsDirectControl|IsUncondControl|IsCall)
2189808: board.processor.cores.core: A0 T0 : 0x23ec2 @memcpy    : c_addi16sp sp, -48         : IntAlu :  D=0x7ffffffffffff700  flags=(IsInteger)
2190141: board.processor.cores.core: A0 T0 : 0x23ec4 @memcpy+2    : c_sdsp s0, 32(sp)          : MemWrite :  D=0x000000000006f1c8 A=0x7ffffffffffff720  flags=(IsInteger|IsStore)
2190474: board.processor.cores.core: A0 T0 : 0x23ec6 @memcpy+4    : c_sdsp s2, 16(sp)          : MemWrite :  D=0x000000000000000a A=0x7ffffffffffff710  flags=(IsInteger|IsStore)
2190807: board.processor.cores.core: A0 T0 : 0x23ec8 @memcpy+6    : c_sdsp ra, 40(sp)          : MemWrite :  D=0x000000000001bc1e A=0x7ffffffffffff728  flags=(IsInteger|IsStore)
2191140: board.processor.cores.core: A0 T0 : 0x23eca @memcpy+8    : c_sdsp s1, 24(sp)          : MemWrite :  D=0x000000000004c450 A=0x7ffffffffffff718  flags=(IsInteger|IsStore)
2191473: board.processor.cores.core: A0 T0 : 0x23ecc @memcpy+10    : c_sdsp s3, 8(sp)           : MemWrite :  D=0x0000000000000000 A=0x7ffffffffffff708  flags=(IsInteger|IsStore)
2191806: board.processor.cores.core: A0 T0 : 0x23ece @memcpy+12    : c_li a5, 15                : IntAlu :  D=0x000000000000000f  flags=(IsInteger)
2192139: board.processor.cores.core: A0 T0 : 0x23ed0 @memcpy+14    : c_mv s2, a0                : IntAlu :  D=0x0000000000073f5e  flags=(IsInteger)
2192472: board.processor.cores.core: A0 T0 : 0x23ed2 @memcpy+16    : c_mv a4, a0                : IntAlu :  D=0x0000000000073f5e  flags=(IsInteger)
2192805: board.processor.cores.core: A0 T0 : 0x23ed4 @memcpy+18    : c_mv s0, a1                : IntAlu :  D=0x000000000004c450  flags=(IsInteger)
2193471: board.processor.cores.core: A0 T0 : 0x23ed6 @memcpy+20    : bgeu a5, a2, 72            : IntAlu :   flags=(IsInteger|IsControl|IsDirectControl|IsCondControl)
2193804: board.processor.cores.core: A0 T0 : 0x23f1e @memcpy+92    : c_addi a4, -1              : IntAlu :  D=0x0000000000073f5d  flags=(IsInteger)
2194137: board.processor.cores.core: A0 T0 : 0x23f20 @memcpy+94    : c_mv a5, s0                : IntAlu :  D=0x000000000004c450  flags=(IsInteger)
2194803: board.processor.cores.core: A0 T0 : 0x23f22 @memcpy+96    : add a1, a2, s0             : IntAlu :  D=0x000000000004c45a  flags=(IsInteger)
2195136: board.processor.cores.core: A0 T0 : 0x23f26 @memcpy+100    : c_sub a4, s0               : IntAlu :  D=0x0000000000027b0d  flags=(IsInteger)
2195469: board.processor.cores.core: A0 T0 : 0x23f28 @memcpy+102    : c_beqz a2, 20              : IntAlu :   flags=(IsInteger|IsControl|IsDirectControl|IsCondControl)
2196135: board.processor.cores.core: A0 T0 : 0x23f2a @memcpy+104    : lbu a2, 0(a5)              : MemRead :  D=0x000000000000004f A=0x4c450  flags=(IsInteger|IsLoad)
2196468: board.processor.cores.core: A0 T0 : 0x23f2e @memcpy+108    : c_addi a5, 1               : IntAlu :  D=0x000000000004c451  flags=(IsInteger)
2196801: board.processor.cores.core: A0 T0 : 0x23f30 @memcpy+110    : add a3, a4, a5             : IntAlu :  D=0x0000000000073f5e  flags=(IsInteger)
2197134: board.processor.cores.core: A0 T0 : 0x23f34 @memcpy+114    : sb a2, 0(a3)               : MemWrite :  D=0x000000000000004f A=0x73f5e  flags=(IsInteger|IsStore)
2197467: board.processor.cores.core: A0 T0 : 0x23f38 @memcpy+118    : bne a1, a5, -14            : IntAlu :   flags=(IsInteger|IsControl|IsDirectControl|IsCondControl)
2198133: board.processor.cores.core: A0 T0 : 0x23f2a @memcpy+104    : lbu a2, 0(a5)              : MemRead :  D=0x0000000000000075 A=0x4c451  flags=(IsInteger|IsLoad)
2198466: board.processor.cores.core: A0 T0 : 0x23f2e @memcpy+108    : c_addi a5, 1               : IntAlu :  D=0x000000000004c452  flags=(IsInteger)
2198799: board.processor.cores.core: A0 T0 : 0x23f30 @memcpy+110    : add a3, a4, a5             : IntAlu :  D=0x0000000000073f5f  flags=(IsInteger)
2199132: board.processor.cores.core: A0 T0 : 0x23f34 @memcpy+114    : sb a2, 0(a3)               : MemWrite :  D=0x0000000000000075 A=0x73f5f  flags=(IsInteger|IsStore)
2199465: board.processor.cores.core: A0 T0 : 0x23f38 @memcpy+118    : bne a1, a5, -14            : IntAlu :   flags=(IsInteger|IsControl|IsDirectControl|IsCondControl)
2200131: board.processor.cores.core: A0 T0 : 0x23f2a @memcpy+104    : lbu a2, 0(a5)              : MemRead :  D=0x0000000000000074 A=0x4c452  flags=(IsInteger|IsLoad)
2200464: board.processor.cores.core: A0 T0 : 0x23f2e @memcpy+108    : c_addi a5, 1               : IntAlu :  D=0x000000000004c453  flags=(IsInteger)
2200797: board.processor.cores.core: A0 T0 : 0x23f30 @memcpy+110    : add a3, a4, a5             : IntAlu :  D=0x0000000000073f60  flags=(IsInteger)
2201130: board.processor.cores.core: A0 T0 : 0x23f34 @memcpy+114    : sb a2, 0(a3)               : MemWrite :  D=0x0000000000000074 A=0x73f60  flags=(IsInteger|IsStore)
2201463: board.processor.cores.core: A0 T0 : 0x23f38 @memcpy+118    : bne a1, a5, -14            : IntAlu :   flags=(IsInteger|IsControl|IsDirectControl|IsCondControl)
2202129: board.processor.cores.core: A0 T0 : 0x23f2a @memcpy+104    : lbu a2, 0(a5)              : MemRead :  D=0x0000000000000070 A=0x4c453  flags=(IsInteger|IsLoad)
2202462: board.processor.cores.core: A0 T0 : 0x23f2e @memcpy+108    : c_addi a5, 1               : IntAlu :  D=0x000000000004c454  flags=(IsInteger)
2202795: board.processor.cores.core: A0 T0 : 0x23f30 @memcpy+110    : add a3, a4, a5             : IntAlu :  D=0x0000000000073f61  flags=(IsInteger)
2203128: board.processor.cores.core: A0 T0 : 0x23f34 @memcpy+114    : sb a2, 0(a3)               : MemWrite :  D=0x0000000000000070 A=0x73f61  flags=(IsInteger|IsStore)
2203461: board.processor.cores.core: A0 T0 : 0x23f38 @memcpy+118    : bne a1, a5, -14            : IntAlu :   flags=(IsInteger|IsControl|IsDirectControl|IsCondControl)
2204127: board.processor.cores.core: A0 T0 : 0x23f2a @memcpy+104    : lbu a2, 0(a5)              : MemRead :  D=0x0000000000000075 A=0x4c454  flags=(IsInteger|IsLoad)
2204460: board.processor.cores.core: A0 T0 : 0x23f2e @memcpy+108    : c_addi a5, 1               : IntAlu :  D=0x000000000004c455  flags=(IsInteger)
2204793: board.processor.cores.core: A0 T0 : 0x23f30 @memcpy+110    : add a3, a4, a5             : IntAlu :  D=0x0000000000073f62  flags=(IsInteger)
2205126: board.processor.cores.core: A0 T0 : 0x23f34 @memcpy+114    : sb a2, 0(a3)               : MemWrite :  D=0x0000000000000075 A=0x73f62  flags=(IsInteger|IsStore)
2205459: board.processor.cores.core: A0 T0 : 0x23f38 @memcpy+118    : bne a1, a5, -14            : IntAlu :   flags=(IsInteger|IsControl|IsDirectControl|IsCondControl)
2206125: board.processor.cores.core: A0 T0 : 0x23f2a @memcpy+104    : lbu a2, 0(a5)              : MemRead :  D=0x0000000000000074 A=0x4c455  flags=(IsInteger|IsLoad)
2206458: board.processor.cores.core: A0 T0 : 0x23f2e @memcpy+108    : c_addi a5, 1               : IntAlu :  D=0x000000000004c456  flags=(IsInteger)
2206791: board.processor.cores.core: A0 T0 : 0x23f30 @memcpy+110    : add a3, a4, a5             : IntAlu :  D=0x0000000000073f63  flags=(IsInteger)
2207124: board.processor.cores.core: A0 T0 : 0x23f34 @memcpy+114    : sb a2, 0(a3)               : MemWrite :  D=0x0000000000000074 A=0x73f63  flags=(IsInteger|IsStore)
2207457: board.processor.cores.core: A0 T0 : 0x23f38 @memcpy+118    : bne a1, a5, -14            : IntAlu :   flags=(IsInteger|IsControl|IsDirectControl|IsCondControl)
2208123: board.processor.cores.core: A0 T0 : 0x23f2a @memcpy+104    : lbu a2, 0(a5)              : MemRead :  D=0x0000000000000020 A=0x4c456  flags=(IsInteger|IsLoad)
2208456: board.processor.cores.core: A0 T0 : 0x23f2e @memcpy+108    : c_addi a5, 1               : IntAlu :  D=0x000000000004c457  flags=(IsInteger)
2208789: board.processor.cores.core: A0 T0 : 0x23f30 @memcpy+110    : add a3, a4, a5             : IntAlu :  D=0x0000000000073f64  flags=(IsInteger)
2209122: board.processor.cores.core: A0 T0 : 0x23f34 @memcpy+114    : sb a2, 0(a3)               : MemWrite :  D=0x0000000000000020 A=0x73f64  flags=(IsInteger|IsStore)
2209455: board.processor.cores.core: A0 T0 : 0x23f38 @memcpy+118    : bne a1, a5, -14            : IntAlu :   flags=(IsInteger|IsControl|IsDirectControl|IsCondControl)
2210121: board.processor.cores.core: A0 T0 : 0x23f2a @memcpy+104    : lbu a2, 0(a5)              : MemRead :  D=0x0000000000000069 A=0x4c457  flags=(IsInteger|IsLoad)
2210454: board.processor.cores.core: A0 T0 : 0x23f2e @memcpy+108    : c_addi a5, 1               : IntAlu :  D=0x000000000004c458  flags=(IsInteger)
2210787: board.processor.cores.core: A0 T0 : 0x23f30 @memcpy+110    : add a3, a4, a5             : IntAlu :  D=0x0000000000073f65  flags=(IsInteger)
2211120: board.processor.cores.core: A0 T0 : 0x23f34 @memcpy+114    : sb a2, 0(a3)               : MemWrite :  D=0x0000000000000069 A=0x73f65  flags=(IsInteger|IsStore)
2211453: board.processor.cores.core: A0 T0 : 0x23f38 @memcpy+118    : bne a1, a5, -14            : IntAlu :   flags=(IsInteger|IsControl|IsDirectControl|IsCondControl)
2212119: board.processor.cores.core: A0 T0 : 0x23f2a @memcpy+104    : lbu a2, 0(a5)              : MemRead :  D=0x0000000000000073 A=0x4c458  flags=(IsInteger|IsLoad)
2212452: board.processor.cores.core: A0 T0 : 0x23f2e @memcpy+108    : c_addi a5, 1               : IntAlu :  D=0x000000000004c459  flags=(IsInteger)
2212785: board.processor.cores.core: A0 T0 : 0x23f30 @memcpy+110    : add a3, a4, a5             : IntAlu :  D=0x0000000000073f66  flags=(IsInteger)
2213118: board.processor.cores.core: A0 T0 : 0x23f34 @memcpy+114    : sb a2, 0(a3)               : MemWrite :  D=0x0000000000000073 A=0x73f66  flags=(IsInteger|IsStore)
2213451: board.processor.cores.core: A0 T0 : 0x23f38 @memcpy+118    : bne a1, a5, -14            : IntAlu :   flags=(IsInteger|IsControl|IsDirectControl|IsCondControl)
2214117: board.processor.cores.core: A0 T0 : 0x23f2a @memcpy+104    : lbu a2, 0(a5)              : MemRead :  D=0x0000000000000020 A=0x4c459  flags=(IsInteger|IsLoad)
2214450: board.processor.cores.core: A0 T0 : 0x23f2e @memcpy+108    : c_addi a5, 1               : IntAlu :  D=0x000000000004c45a  flags=(IsInteger)
2214783: board.processor.cores.core: A0 T0 : 0x23f30 @memcpy+110    : add a3, a4, a5             : IntAlu :  D=0x0000000000073f67  flags=(IsInteger)
2215116: board.processor.cores.core: A0 T0 : 0x23f34 @memcpy+114    : sb a2, 0(a3)               : MemWrite :  D=0x0000000000000020 A=0x73f67  flags=(IsInteger|IsStore)
2215449: board.processor.cores.core: A0 T0 : 0x23f38 @memcpy+118    : bne a1, a5, -14            : IntAlu :   flags=(IsInteger|IsControl|IsDirectControl|IsCondControl)
2215782: board.processor.cores.core: A0 T0 : 0x23f3c @memcpy+122    : c_ldsp ra, 40(sp)          : MemRead :  D=0x000000000001bc1e A=0x7ffffffffffff728  flags=(IsInteger|IsLoad)
2216115: board.processor.cores.core: A0 T0 : 0x23f3e @memcpy+124    : c_ldsp s0, 32(sp)          : MemRead :  D=0x000000000006f1c8 A=0x7ffffffffffff720  flags=(IsInteger|IsLoad)
2216448: board.processor.cores.core: A0 T0 : 0x23f40 @memcpy+126    : c_ldsp s1, 24(sp)          : MemRead :  D=0x000000000004c450 A=0x7ffffffffffff718  flags=(IsInteger|IsLoad)
2216781: board.processor.cores.core: A0 T0 : 0x23f42 @memcpy+128    : c_ldsp s3, 8(sp)           : MemRead :  D=0x0000000000000000 A=0x7ffffffffffff708  flags=(IsInteger|IsLoad)
2217114: board.processor.cores.core: A0 T0 : 0x23f44 @memcpy+130    : c_mv a0, s2                : IntAlu :  D=0x0000000000073f5e  flags=(IsInteger)
2217447: board.processor.cores.core: A0 T0 : 0x23f46 @memcpy+132    : c_ldsp s2, 16(sp)          : MemRead :  D=0x000000000000000a A=0x7ffffffffffff710  flags=(IsInteger|IsLoad)
2217780: board.processor.cores.core: A0 T0 : 0x23f48 @memcpy+134    : c_addi16sp sp, 48          : IntAlu :  D=0x7ffffffffffff730  flags=(IsInteger)
2218113: board.processor.cores.core: A0 T0 : 0x23f4a @memcpy+136    : c_jr ra                    : IntAlu :   flags=(IsInteger|IsControl|IsIndirectControl|IsUncondControl|IsReturn)
2218446: board.processor.cores.core: A0 T0 : 0x1bc1e @_IO_file_xsputn+68    : c_add a0, s2               : IntAlu :  D=0x0000000000073f68  flags=(IsInteger)
2218779: board.processor.cores.core: A0 T0 : 0x1bc20 @_IO_file_xsputn+70    : c_add s1, s2               : IntAlu :  D=0x000000000004c45a  flags=(IsInteger)
2219112: board.processor.cores.core: A0 T0 : 0x1bc22 @_IO_file_xsputn+72    : c_sd a0, 40(s0)            : MemWrite :  D=0x0000000000073f68 A=0x6f1f0  flags=(IsInteger|IsStore)
2219445: board.processor.cores.core: A0 T0 : 0x1bc24 @_IO_file_xsputn+74    : sub s2, s4, s2             : IntAlu :  D=0x0000000000000000  flags=(IsInteger)
2219778: board.processor.cores.core: A0 T0 : 0x1bc28 @_IO_file_xsputn+78    : c_add s3, s2               : IntAlu :  D=0x0000000000000000  flags=(IsInteger)
2220444: board.processor.cores.core: A0 T0 : 0x1bc2a @_IO_file_xsputn+80    : bne s3, ft0, 72            : IntAlu :   flags=(IsInteger|IsControl|IsDirectControl|IsCondControl)
2221110: board.processor.cores.core: A0 T0 : 0x1bc2e @_IO_file_xsputn+84    : sub s3, s4, s2             : IntAlu :  D=0x000000000000000a  flags=(IsInteger)
2221443: board.processor.cores.core: A0 T0 : 0x1bc32 @_IO_file_xsputn+88    : c_ldsp ra, 56(sp)          : MemRead :  D=0x0000000000017394 A=0x7ffffffffffff768  flags=(IsInteger|IsLoad)
2221776: board.processor.cores.core: A0 T0 : 0x1bc34 @_IO_file_xsputn+90    : c_ldsp s0, 48(sp)          : MemRead :  D=0x0000000000069a08 A=0x7ffffffffffff760  flags=(IsInteger|IsLoad)
2222109: board.processor.cores.core: A0 T0 : 0x1bc36 @_IO_file_xsputn+92    : c_ldsp s1, 40(sp)          : MemRead :  D=0x7ffffffffffffd28 A=0x7ffffffffffff758  flags=(IsInteger|IsLoad)
2222442: board.processor.cores.core: A0 T0 : 0x1bc38 @_IO_file_xsputn+94    : c_ldsp s2, 32(sp)          : MemRead :  D=0x0000000000000690 A=0x7ffffffffffff750  flags=(IsInteger|IsLoad)
2222775: board.processor.cores.core: A0 T0 : 0x1bc3a @_IO_file_xsputn+96    : c_ldsp s4, 16(sp)          : MemRead :  D=0x00000000000103b0 A=0x7ffffffffffff740  flags=(IsInteger|IsLoad)
2223108: board.processor.cores.core: A0 T0 : 0x1bc3c @_IO_file_xsputn+98    : c_ldsp s5, 8(sp)           : MemRead :  D=0x0000000000069768 A=0x7ffffffffffff738  flags=(IsInteger|IsLoad)
2223441: board.processor.cores.core: A0 T0 : 0x1bc3e @_IO_file_xsputn+100    : c_mv a0, s3                : IntAlu :  D=0x000000000000000a  flags=(IsInteger)
2223774: board.processor.cores.core: A0 T0 : 0x1bc40 @_IO_file_xsputn+102    : c_ldsp s3, 24(sp)          : MemRead :  D=0x000000000004c450 A=0x7ffffffffffff748  flags=(IsInteger|IsLoad)
2224107: board.processor.cores.core: A0 T0 : 0x1bc42 @_IO_file_xsputn+104    : c_addi16sp sp, 64          : IntAlu :  D=0x7ffffffffffff770  flags=(IsInteger)
2224440: board.processor.cores.core: A0 T0 : 0x1bc44 @_IO_file_xsputn+106    : c_jr ra                    : IntAlu :   flags=(IsInteger|IsControl|IsIndirectControl|IsUncondControl|IsReturn)
2224773: board.processor.cores.core: A0 T0 : 0x17394 @__vfprintf_internal+290    : bne s6, a0, 2328           : IntAlu :   flags=(IsInteger|IsControl|IsDirectControl|IsCondControl)
2225106: board.processor.cores.core: A0 T0 : 0x17398 @__vfprintf_internal+294    : addiw s0, s6, 0            : IntAlu :  D=0x000000000000000a  flags=(IsInteger)
2225439: board.processor.cores.core: A0 T0 : 0x1739c @__vfprintf_internal+298    : slti a6, s6, 0             : IntAlu :  D=0x0000000000000000  flags=(IsInteger)
2225772: board.processor.cores.core: A0 T0 : 0x173a0 @__vfprintf_internal+302    : beq s6, s0, 8              : IntAlu :   flags=(IsInteger|IsControl|IsDirectControl|IsCondControl)
2226105: board.processor.cores.core: A0 T0 : 0x173a8 @__vfprintf_internal+310    : c_addiw a6, 0              : IntAlu :  D=0x0000000000000000  flags=(IsInteger)
2226771: board.processor.cores.core: A0 T0 : 0x173aa @__vfprintf_internal+312    : bne a6, ft0, 1486          : IntAlu :   flags=(IsInteger|IsControl|IsDirectControl|IsCondControl)
2227437: board.processor.cores.core: A0 T0 : 0x173ae @__vfprintf_internal+316    : blt s0, ft0, 120           : IntAlu :   flags=(IsInteger|IsControl|IsDirectControl|IsCondControl)
2227770: board.processor.cores.core: A0 T0 : 0x173b2 @__vfprintf_internal+320    : c_ldsp a5, 216(sp)         : MemRead :  D=0x000000000004c45a A=0x7ffffffffffff848  flags=(IsInteger|IsLoad)
2228103: board.processor.cores.core: A0 T0 : 0x173b4 @__vfprintf_internal+322    : lbu a4, 0(a5)              : MemRead :  D=0x0000000000000025 A=0x4c45a  flags=(IsInteger|IsLoad)
2228436: board.processor.cores.core: A0 T0 : 0x173b8 @__vfprintf_internal+326    : c_beqz a4, 110             : IntAlu :   flags=(IsInteger|IsControl|IsDirectControl|IsCondControl)
2229102: board.processor.cores.core: A0 T0 : 0x173ba @__vfprintf_internal+328    : ld a4, -848(gp)            : MemRead :  D=0x0000000000000000 A=0x70d78  flags=(IsInteger|IsLoad)
2229435: board.processor.cores.core: A0 T0 : 0x173be @__vfprintf_internal+332    : c_sdsp a4, 176(sp)         : MemWrite :  D=0x0000000000000000 A=0x7ffffffffffff820  flags=(IsInteger|IsStore)
2229768: board.processor.cores.core: A0 T0 : 0x173c0 @__vfprintf_internal+334    : bne a4, ft0, 3960          : IntAlu :   flags=(IsInteger|IsControl|IsDirectControl|IsCondControl)
2230101: board.processor.cores.core: A0 T0 : 0x173c4 @__vfprintf_internal+338    : ld a4, -832(gp)            : MemRead :  D=0x0000000000000000 A=0x70d88  flags=(IsInteger|IsLoad)
2230434: board.processor.cores.core: A0 T0 : 0x173c8 @__vfprintf_internal+342    : bne a4, ft0, 3158          : IntAlu :   flags=(IsInteger|IsControl|IsDirectControl|IsCondControl)
2230767: board.processor.cores.core: A0 T0 : 0x173cc @__vfprintf_internal+346    : lui a4, 114                : IntAlu :  D=0x0000000000072000  flags=(IsInteger)
2231100: board.processor.cores.core: A0 T0 : 0x173d0 @__vfprintf_internal+350    : ld a4, 48(a4)              : MemRead :  D=0x0000000000000000 A=0x72030  flags=(IsInteger|IsLoad)
2231433: board.processor.cores.core: A0 T0 : 0x173d4 @__vfprintf_internal+354    : bne a4, ft0, 3146          : IntAlu :   flags=(IsInteger|IsControl|IsDirectControl|IsCondControl)
2231766: board.processor.cores.core: A0 T0 : 0x173d8 @__vfprintf_internal+358    : auipc a4, 89               : IntAlu :  D=0x00000000000703d8  flags=(IsInteger)
2232099: board.processor.cores.core: A0 T0 : 0x173dc @__vfprintf_internal+362    : ld a4, 1176(a4)            : MemRead :  D=0x0000000000000008 A=0x70870  flags=(IsInteger|IsLoad)
2232432: board.processor.cores.core: A0 T0 : 0x173e0 @__vfprintf_internal+366    : lui s6, 77                 : IntAlu :  D=0x000000000004d000  flags=(IsInteger)
2232765: board.processor.cores.core: A0 T0 : 0x173e4 @__vfprintf_internal+370    : c_sdsp ft0, 184(sp)        : MemWrite :  D=0x0000000000000000 A=0x7ffffffffffff828  flags=(IsInteger|IsStore)
2233098: board.processor.cores.core: A0 T0 : 0x173e6 @__vfprintf_internal+372    : c_sdsp a4, 192(sp)         : MemWrite :  D=0x0000000000000008 A=0x7ffffffffffff830  flags=(IsInteger|IsStore)
2233431: board.processor.cores.core: A0 T0 : 0x173e8 @__vfprintf_internal+374    : c_li a4, -1                : IntAlu :  D=0xffffffffffffffff  flags=(IsInteger)
2233764: board.processor.cores.core: A0 T0 : 0x173ea @__vfprintf_internal+376    : c_sdsp a4, 168(sp)         : MemWrite :  D=0xffffffffffffffff A=0x7ffffffffffff818  flags=(IsInteger|IsStore)
2234097: board.processor.cores.core: A0 T0 : 0x173ec @__vfprintf_internal+378    : c_lui a4, 23               : IntAlu :  D=0x0000000000017000  flags=(IsInteger)
2234763: board.processor.cores.core: A0 T0 : 0x173ee @__vfprintf_internal+380    : addi a4, a4, 1044          : IntAlu :  D=0x0000000000017414  flags=(IsInteger)
2235096: board.processor.cores.core: A0 T0 : 0x173f2 @__vfprintf_internal+384    : c_li s4, 0                 : IntAlu :  D=0x0000000000000000  flags=(IsInteger)
2235429: board.processor.cores.core: A0 T0 : 0x173f4 @__vfprintf_internal+386    : addi s6, s6, -416          : IntAlu :  D=0x000000000004ce60  flags=(IsInteger)
2235762: board.processor.cores.core: A0 T0 : 0x173f8 @__vfprintf_internal+390    : c_sdsp a4, 64(sp)          : MemWrite :  D=0x0000000000017414 A=0x7ffffffffffff7b0  flags=(IsInteger|IsStore)
2236428: board.processor.cores.core: A0 T0 : 0x173fa @__vfprintf_internal+392    : addi a4, a5, 1             : IntAlu :  D=0x000000000004c45b  flags=(IsInteger)
2236761: board.processor.cores.core: A0 T0 : 0x173fe @__vfprintf_internal+396    : c_sdsp a4, 216(sp)         : MemWrite :  D=0x000000000004c45b A=0x7ffffffffffff848  flags=(IsInteger|IsStore)
2237094: board.processor.cores.core: A0 T0 : 0x17400 @__vfprintf_internal+398    : lbu a5, 1(a5)              : MemRead :  D=0x000000000000004c A=0x4c45b  flags=(IsInteger|IsLoad)
2237427: board.processor.cores.core: A0 T0 : 0x17404 @__vfprintf_internal+402    : addi a3, ft0, 90           : IntAlu :  D=0x000000000000005a  flags=(IsInteger)
2237760: board.processor.cores.core: A0 T0 : 0x17408 @__vfprintf_internal+406    : addiw a4, a5, -32          : IntAlu :  D=0x000000000000002c  flags=(IsInteger)
2238093: board.processor.cores.core: A0 T0 : 0x1740c @__vfprintf_internal+410    : andi a2, a4, 255           : IntAlu :  D=0x000000000000002c  flags=(IsInteger)
2238426: board.processor.cores.core: A0 T0 : 0x17410 @__vfprintf_internal+414    : bgeu a3, a2, 176           : IntAlu :   flags=(IsInteger|IsControl|IsDirectControl|IsCondControl)
2238759: board.processor.cores.core: A0 T0 : 0x174c0 @__vfprintf_internal+590    : c_addiw a4, 0              : IntAlu :  D=0x000000000000002c  flags=(IsInteger)
2239092: board.processor.cores.core: A0 T0 : 0x174c2 @__vfprintf_internal+592    : c_add a4, s6               : IntAlu :  D=0x000000000004ce8c  flags=(IsInteger)
2239425: board.processor.cores.core: A0 T0 : 0x174c4 @__vfprintf_internal+594    : lbu a4, 240(a4)            : MemRead :  D=0x000000000000000c A=0x4cf7c  flags=(IsInteger|IsLoad)
2239758: board.processor.cores.core: A0 T0 : 0x174c8 @__vfprintf_internal+598    : c_li s11, 0                : IntAlu :  D=0x0000000000000000  flags=(IsInteger)
2240091: board.processor.cores.core: A0 T0 : 0x174ca @__vfprintf_internal+600    : c_li a6, 0                 : IntAlu :  D=0x0000000000000000  flags=(IsInteger)
2240424: board.processor.cores.core: A0 T0 : 0x174cc @__vfprintf_internal+602    : c_slli a4, 3               : IntAlu :  D=0x0000000000000060  flags=(IsInteger)
2240757: board.processor.cores.core: A0 T0 : 0x174ce @__vfprintf_internal+604    : c_add a4, s6               : IntAlu :  D=0x000000000004cec0  flags=(IsInteger)
2241090: board.processor.cores.core: A0 T0 : 0x174d0 @__vfprintf_internal+606    : ld a3, 336(a4)             : MemRead :  D=0x0000000000017ab4 A=0x4d010  flags=(IsInteger|IsLoad)
2241423: board.processor.cores.core: A0 T0 : 0x174d4 @__vfprintf_internal+610    : c_li t1, 0                 : IntAlu :  D=0x0000000000000000  flags=(IsInteger)
2241756: board.processor.cores.core: A0 T0 : 0x174d6 @__vfprintf_internal+612    : c_li t3, 0                 : IntAlu :  D=0x0000000000000000  flags=(IsInteger)
2242089: board.processor.cores.core: A0 T0 : 0x174d8 @__vfprintf_internal+614    : c_sdsp ft0, 72(sp)         : MemWrite :  D=0x0000000000000000 A=0x7ffffffffffff7b8  flags=(IsInteger|IsStore)
2242422: board.processor.cores.core: A0 T0 : 0x174da @__vfprintf_internal+616    : c_li a1, 0                 : IntAlu :  D=0x0000000000000000  flags=(IsInteger)
2242755: board.processor.cores.core: A0 T0 : 0x174dc @__vfprintf_internal+618    : c_li a4, 0                 : IntAlu :  D=0x0000000000000000  flags=(IsInteger)
2243088: board.processor.cores.core: A0 T0 : 0x174de @__vfprintf_internal+620    : c_li t5, 0                 : IntAlu :  D=0x0000000000000000  flags=(IsInteger)
2243421: board.processor.cores.core: A0 T0 : 0x174e0 @__vfprintf_internal+622    : c_li s9, 0                 : IntAlu :  D=0x0000000000000000  flags=(IsInteger)
2243754: board.processor.cores.core: A0 T0 : 0x174e2 @__vfprintf_internal+624    : c_li t6, 0                 : IntAlu :  D=0x0000000000000000  flags=(IsInteger)
2244087: board.processor.cores.core: A0 T0 : 0x174e4 @__vfprintf_internal+626    : c_sdsp ft0, 48(sp)         : MemWrite :  D=0x0000000000000000 A=0x7ffffffffffff7a0  flags=(IsInteger|IsStore)
2244753: board.processor.cores.core: A0 T0 : 0x174e6 @__vfprintf_internal+628    : addi t0, ft0, 32           : IntAlu :  D=0x0000000000000020  flags=(IsInteger)
2245086: board.processor.cores.core: A0 T0 : 0x174ea @__vfprintf_internal+632    : c_li a7, -1                : IntAlu :  D=0xffffffffffffffff  flags=(IsInteger)
2245419: board.processor.cores.core: A0 T0 : 0x174ec @__vfprintf_internal+634    : addi a2, ft0, 90           : IntAlu :  D=0x000000000000005a  flags=(IsInteger)
2245752: board.processor.cores.core: A0 T0 : 0x174f0 @__vfprintf_internal+638    : c_jr a3                    : IntAlu :   flags=(IsInteger|IsControl|IsIndirectControl|IsUncondControl)
2246085: board.processor.cores.core: A0 T0 : 0x17ab4 @__vfprintf_internal+2114    : c_ldsp a5, 216(sp)         : MemRead :  D=0x000000000004c45b A=0x7ffffffffffff848  flags=(IsInteger|IsLoad)
2246751: board.processor.cores.core: A0 T0 : 0x17ab6 @__vfprintf_internal+2116    : addi a3, a5, 1             : IntAlu :  D=0x000000000004c45c  flags=(IsInteger)
2247084: board.processor.cores.core: A0 T0 : 0x17aba @__vfprintf_internal+2120    : c_sdsp a3, 216(sp)         : MemWrite :  D=0x000000000004c45c A=0x7ffffffffffff848  flags=(IsInteger|IsStore)
2247417: board.processor.cores.core: A0 T0 : 0x17abc @__vfprintf_internal+2122    : lbu a5, 1(a5)              : MemRead :  D=0x0000000000000058 A=0x4c45c  flags=(IsInteger|IsLoad)
2247750: board.processor.cores.core: A0 T0 : 0x17ac0 @__vfprintf_internal+2126    : addiw a3, a5, -32          : IntAlu :  D=0x0000000000000038  flags=(IsInteger)
2248083: board.processor.cores.core: A0 T0 : 0x17ac4 @__vfprintf_internal+2130    : andi a1, a3, 255           : IntAlu :  D=0x0000000000000038  flags=(IsInteger)
2248416: board.processor.cores.core: A0 T0 : 0x17ac8 @__vfprintf_internal+2134    : bltu a2, a1, 1544          : IntAlu :   flags=(IsInteger|IsControl|IsDirectControl|IsCondControl)
2248749: board.processor.cores.core: A0 T0 : 0x17acc @__vfprintf_internal+2138    : c_addiw a3, 0              : IntAlu :  D=0x0000000000000038  flags=(IsInteger)
2249082: board.processor.cores.core: A0 T0 : 0x17ace @__vfprintf_internal+2140    : c_add a3, s6               : IntAlu :  D=0x000000000004ce98  flags=(IsInteger)
2249415: board.processor.cores.core: A0 T0 : 0x17ad0 @__vfprintf_internal+2142    : lbu a3, 240(a3)            : MemRead :  D=0x0000000000000012 A=0x4cf88  flags=(IsInteger|IsLoad)
2249748: board.processor.cores.core: A0 T0 : 0x17ad4 @__vfprintf_internal+2146    : c_li t3, 1                 : IntAlu :  D=0x0000000000000001  flags=(IsInteger)
2250081: board.processor.cores.core: A0 T0 : 0x17ad6 @__vfprintf_internal+2148    : c_li a1, 1                 : IntAlu :  D=0x0000000000000001  flags=(IsInteger)
2250414: board.processor.cores.core: A0 T0 : 0x17ad8 @__vfprintf_internal+2150    : c_slli a3, 3               : IntAlu :  D=0x0000000000000090  flags=(IsInteger)
2250747: board.processor.cores.core: A0 T0 : 0x17ada @__vfprintf_internal+2152    : c_add a3, s6               : IntAlu :  D=0x000000000004cef0  flags=(IsInteger)
2251080: board.processor.cores.core: A0 T0 : 0x17adc @__vfprintf_internal+2154    : ld a3, 1296(a3)            : MemRead :  D=0x0000000000017b0e A=0x4d400  flags=(IsInteger|IsLoad)
2251413: board.processor.cores.core: A0 T0 : 0x17ae0 @__vfprintf_internal+2158    : c_jr a3                    : IntAlu :   flags=(IsInteger|IsControl|IsIndirectControl|IsUncondControl)
2251746: board.processor.cores.core: A0 T0 : 0x17b0e @__vfprintf_internal+2204    : c_mv a3, s1                : IntAlu :  D=0x7ffffffffffffd28  flags=(IsInteger)
2252079: board.processor.cores.core: A0 T0 : 0x17b10 @__vfprintf_internal+2206    : c_li t2, 16                : IntAlu :  D=0x0000000000000010  flags=(IsInteger)
2252745: board.processor.cores.core: A0 T0 : 0x17b12 @__vfprintf_internal+2208    : beq t3, ft0, 264           : IntAlu :   flags=(IsInteger|IsControl|IsDirectControl|IsCondControl)
2253411: board.processor.cores.core: A0 T0 : 0x17b16 @__vfprintf_internal+2212    : ld t4, 0(a3)               : MemRead :  D=0xffffffffffffffff A=0x7ffffffffffffd28  flags=(IsInteger|IsLoad)
2253744: board.processor.cores.core: A0 T0 : 0x17b1a @__vfprintf_internal+2216    : c_addi s1, 8               : IntAlu :  D=0x7ffffffffffffd30  flags=(IsInteger)
2254077: board.processor.cores.core: A0 T0 : 0x17b1c @__vfprintf_internal+2218    : c_li t5, 0                 : IntAlu :  D=0x0000000000000000  flags=(IsInteger)
2254410: board.processor.cores.core: A0 T0 : 0x17b1e @__vfprintf_internal+2220    : c_li t6, 0                 : IntAlu :  D=0x0000000000000000  flags=(IsInteger)
2254743: board.processor.cores.core: A0 T0 : 0x17b20 @__vfprintf_internal+2222    : c_li t3, 0                 : IntAlu :  D=0x0000000000000000  flags=(IsInteger)
2255409: board.processor.cores.core: A0 T0 : 0x17b22 @__vfprintf_internal+2224    : bge a7, ft0, -708          : IntAlu :   flags=(IsInteger|IsControl|IsDirectControl|IsCondControl)
2255742: board.processor.cores.core: A0 T0 : 0x17b26 @__vfprintf_internal+2228    : c_li a7, 1                 : IntAlu :  D=0x0000000000000001  flags=(IsInteger)
2256075: board.processor.cores.core: A0 T0 : 0x17b28 @__vfprintf_internal+2230    : c_j 448                    : IntAlu :   flags=(IsControl|IsDirectControl|IsUncondControl)
2256408: board.processor.cores.core: A0 T0 : 0x17ce8 @__vfprintf_internal+2678    : addi a3, a5, -88           : IntAlu :  D=0x0000000000000000  flags=(IsInteger)
2256741: board.processor.cores.core: A0 T0 : 0x17cec @__vfprintf_internal+2682    : sltiu a3, a3, 1            : IntAlu :  D=0x0000000000000001  flags=(IsInteger)
2257074: board.processor.cores.core: A0 T0 : 0x17cf0 @__vfprintf_internal+2686    : c_mv a2, t2                : IntAlu :  D=0x0000000000000010  flags=(IsInteger)
2257407: board.processor.cores.core: A0 T0 : 0x17cf2 @__vfprintf_internal+2688    : c_mv a0, t4                : IntAlu :  D=0xffffffffffffffff  flags=(IsInteger)
2257740: board.processor.cores.core: A0 T0 : 0x17cf4 @__vfprintf_internal+2690    : addi a1, sp, 1312          : IntAlu :  D=0x7ffffffffffffc90  flags=(IsInteger)
2258073: board.processor.cores.core: A0 T0 : 0x17cf8 @__vfprintf_internal+2694    : c_sdsp a7, 160(sp)         : MemWrite :  D=0x0000000000000001 A=0x7ffffffffffff810  flags=(IsInteger|IsStore)
2258406: board.processor.cores.core: A0 T0 : 0x17cfa @__vfprintf_internal+2696    : c_sdsp t5, 152(sp)         : MemWrite :  D=0x0000000000000000 A=0x7ffffffffffff808  flags=(IsInteger|IsStore)
2258739: board.processor.cores.core: A0 T0 : 0x17cfc @__vfprintf_internal+2698    : c_sdsp t6, 144(sp)         : MemWrite :  D=0x0000000000000000 A=0x7ffffffffffff800  flags=(IsInteger|IsStore)
2259072: board.processor.cores.core: A0 T0 : 0x17cfe @__vfprintf_internal+2700    : c_sdsp a6, 136(sp)         : MemWrite :  D=0x0000000000000000 A=0x7ffffffffffff7f8  flags=(IsInteger|IsStore)
2259405: board.processor.cores.core: A0 T0 : 0x17d00 @__vfprintf_internal+2702    : c_sdsp a4, 128(sp)         : MemWrite :  D=0x0000000000000000 A=0x7ffffffffffff7f0  flags=(IsInteger|IsStore)
2259738: board.processor.cores.core: A0 T0 : 0x17d02 @__vfprintf_internal+2704    : c_sdsp t0, 120(sp)         : MemWrite :  D=0x0000000000000020 A=0x7ffffffffffff7e8  flags=(IsInteger|IsStore)
2260071: board.processor.cores.core: A0 T0 : 0x17d04 @__vfprintf_internal+2706    : c_sdsp t3, 112(sp)         : MemWrite :  D=0x0000000000000000 A=0x7ffffffffffff7e0  flags=(IsInteger|IsStore)
2260404: board.processor.cores.core: A0 T0 : 0x17d06 @__vfprintf_internal+2708    : c_sdsp a5, 104(sp)         : MemWrite :  D=0x0000000000000058 A=0x7ffffffffffff7d8  flags=(IsInteger|IsStore)
2260737: board.processor.cores.core: A0 T0 : 0x17d08 @__vfprintf_internal+2710    : c_sdsp t2, 96(sp)          : MemWrite :  D=0x0000000000000010 A=0x7ffffffffffff7d0  flags=(IsInteger|IsStore)
2261070: board.processor.cores.core: A0 T0 : 0x17d0a @__vfprintf_internal+2712    : c_sdsp t4, 72(sp)          : MemWrite :  D=0xffffffffffffffff A=0x7ffffffffffff7b8  flags=(IsInteger|IsStore)
2261403: board.processor.cores.core: A0 T0 : 0x17d0c @__vfprintf_internal+2714    : jal ra, 105922             : IntAlu :  D=0x0000000000017d10  flags=(IsInteger|IsControl|IsDirectControl|IsUncondControl|IsCall)
2261736: board.processor.cores.core: A0 T0 : 0x31ace @_itoa_word    : c_mv a5, a0                : IntAlu :  D=0xffffffffffffffff  flags=(IsInteger)
2262069: board.processor.cores.core: A0 T0 : 0x31ad0 @_itoa_word+2    : c_bnez a3, 144             : IntAlu :   flags=(IsInteger|IsControl|IsDirectControl|IsCondControl)
2262402: board.processor.cores.core: A0 T0 : 0x31b60 @_itoa_word+146    : lui a4, 95                 : IntAlu :  D=0x000000000005f000  flags=(IsInteger)
2262735: board.processor.cores.core: A0 T0 : 0x31b64 @_itoa_word+150    : c_li a3, 10                : IntAlu :  D=0x000000000000000a  flags=(IsInteger)
2263401: board.processor.cores.core: A0 T0 : 0x31b66 @_itoa_word+152    : addi a4, a4, 1920          : IntAlu :  D=0x000000000005f780  flags=(IsInteger)
2264067: board.processor.cores.core: A0 T0 : 0x31b6a @_itoa_word+156    : bne a2, a3, -138           : IntAlu :   flags=(IsInteger|IsControl|IsDirectControl|IsCondControl)
2264400: board.processor.cores.core: A0 T0 : 0x31ae0 @_itoa_word+18    : c_li a3, 16                : IntAlu :  D=0x0000000000000010  flags=(IsInteger)
2264733: board.processor.cores.core: A0 T0 : 0x31ae2 @_itoa_word+20    : c_li a0, 15                : IntAlu :  D=0x000000000000000f  flags=(IsInteger)
2265066: board.processor.cores.core: A0 T0 : 0x31ae4 @_itoa_word+22    : beq a2, a3, 46             : IntAlu :   flags=(IsInteger|IsControl|IsDirectControl|IsCondControl)
2265732: board.processor.cores.core: A0 T0 : 0x31b12 @_itoa_word+68    : andi a3, a5, 15            : IntAlu :  D=0x000000000000000f  flags=(IsInteger)
2266065: board.processor.cores.core: A0 T0 : 0x31b16 @_itoa_word+72    : c_add a3, a4               : IntAlu :  D=0x000000000005f78f  flags=(IsInteger)
2266398: board.processor.cores.core: A0 T0 : 0x31b18 @_itoa_word+74    : lbu a2, 0(a3)              : MemRead :  D=0x0000000000000046 A=0x5f78f  flags=(IsInteger|IsLoad)
2266731: board.processor.cores.core: A0 T0 : 0x31b1c @_itoa_word+78    : c_mv a3, a5                : IntAlu :  D=0xffffffffffffffff  flags=(IsInteger)
2267064: board.processor.cores.core: A0 T0 : 0x31b1e @_itoa_word+80    : c_addi a1, -1              : IntAlu :  D=0x7ffffffffffffc8f  flags=(IsInteger)
2267397: board.processor.cores.core: A0 T0 : 0x31b20 @_itoa_word+82    : sb a2, 0(a1)               : MemWrite :  D=0x0000000000000046 A=0x7ffffffffffffc8f  flags=(IsInteger|IsStore)
2267730: board.processor.cores.core: A0 T0 : 0x31b24 @_itoa_word+86    : c_srli a5, 4               : IntAlu :  D=0x0fffffffffffffff  flags=(IsInteger)
2268396: board.processor.cores.core: A0 T0 : 0x31b26 @_itoa_word+88    : bltu a0, a3, -20           : IntAlu :   flags=(IsInteger|IsControl|IsDirectControl|IsCondControl)
2269062: board.processor.cores.core: A0 T0 : 0x31b12 @_itoa_word+68    : andi a3, a5, 15            : IntAlu :  D=0x000000000000000f  flags=(IsInteger)
2269395: board.processor.cores.core: A0 T0 : 0x31b16 @_itoa_word+72    : c_add a3, a4               : IntAlu :  D=0x000000000005f78f  flags=(IsInteger)
2269728: board.processor.cores.core: A0 T0 : 0x31b18 @_itoa_word+74    : lbu a2, 0(a3)              : MemRead :  D=0x0000000000000046 A=0x5f78f  flags=(IsInteger|IsLoad)
2270061: board.processor.cores.core: A0 T0 : 0x31b1c @_itoa_word+78    : c_mv a3, a5                : IntAlu :  D=0x0fffffffffffffff  flags=(IsInteger)
2270394: board.processor.cores.core: A0 T0 : 0x31b1e @_itoa_word+80    : c_addi a1, -1              : IntAlu :  D=0x7ffffffffffffc8e  flags=(IsInteger)
2270727: board.processor.cores.core: A0 T0 : 0x31b20 @_itoa_word+82    : sb a2, 0(a1)               : MemWrite :  D=0x0000000000000046 A=0x7ffffffffffffc8e  flags=(IsInteger|IsStore)
2271060: board.processor.cores.core: A0 T0 : 0x31b24 @_itoa_word+86    : c_srli a5, 4               : IntAlu :  D=0x00ffffffffffffff  flags=(IsInteger)
2271726: board.processor.cores.core: A0 T0 : 0x31b26 @_itoa_word+88    : bltu a0, a3, -20           : IntAlu :   flags=(IsInteger|IsControl|IsDirectControl|IsCondControl)
2272392: board.processor.cores.core: A0 T0 : 0x31b12 @_itoa_word+68    : andi a3, a5, 15            : IntAlu :  D=0x000000000000000f  flags=(IsInteger)
2272725: board.processor.cores.core: A0 T0 : 0x31b16 @_itoa_word+72    : c_add a3, a4               : IntAlu :  D=0x000000000005f78f  flags=(IsInteger)
2273058: board.processor.cores.core: A0 T0 : 0x31b18 @_itoa_word+74    : lbu a2, 0(a3)              : MemRead :  D=0x0000000000000046 A=0x5f78f  flags=(IsInteger|IsLoad)
2273391: board.processor.cores.core: A0 T0 : 0x31b1c @_itoa_word+78    : c_mv a3, a5                : IntAlu :  D=0x00ffffffffffffff  flags=(IsInteger)
2273724: board.processor.cores.core: A0 T0 : 0x31b1e @_itoa_word+80    : c_addi a1, -1              : IntAlu :  D=0x7ffffffffffffc8d  flags=(IsInteger)
2274057: board.processor.cores.core: A0 T0 : 0x31b20 @_itoa_word+82    : sb a2, 0(a1)               : MemWrite :  D=0x0000000000000046 A=0x7ffffffffffffc8d  flags=(IsInteger|IsStore)
2274390: board.processor.cores.core: A0 T0 : 0x31b24 @_itoa_word+86    : c_srli a5, 4               : IntAlu :  D=0x000fffffffffffff  flags=(IsInteger)
2275056: board.processor.cores.core: A0 T0 : 0x31b26 @_itoa_word+88    : bltu a0, a3, -20           : IntAlu :   flags=(IsInteger|IsControl|IsDirectControl|IsCondControl)
2275722: board.processor.cores.core: A0 T0 : 0x31b12 @_itoa_word+68    : andi a3, a5, 15            : IntAlu :  D=0x000000000000000f  flags=(IsInteger)
2276055: board.processor.cores.core: A0 T0 : 0x31b16 @_itoa_word+72    : c_add a3, a4               : IntAlu :  D=0x000000000005f78f  flags=(IsInteger)
2276388: board.processor.cores.core: A0 T0 : 0x31b18 @_itoa_word+74    : lbu a2, 0(a3)              : MemRead :  D=0x0000000000000046 A=0x5f78f  flags=(IsInteger|IsLoad)
2276721: board.processor.cores.core: A0 T0 : 0x31b1c @_itoa_word+78    : c_mv a3, a5                : IntAlu :  D=0x000fffffffffffff  flags=(IsInteger)
2277054: board.processor.cores.core: A0 T0 : 0x31b1e @_itoa_word+80    : c_addi a1, -1              : IntAlu :  D=0x7ffffffffffffc8c  flags=(IsInteger)
2277387: board.processor.cores.core: A0 T0 : 0x31b20 @_itoa_word+82    : sb a2, 0(a1)               : MemWrite :  D=0x0000000000000046 A=0x7ffffffffffffc8c  flags=(IsInteger|IsStore)
2277720: board.processor.cores.core: A0 T0 : 0x31b24 @_itoa_word+86    : c_srli a5, 4               : IntAlu :  D=0x0000ffffffffffff  flags=(IsInteger)
2278386: board.processor.cores.core: A0 T0 : 0x31b26 @_itoa_word+88    : bltu a0, a3, -20           : IntAlu :   flags=(IsInteger|IsControl|IsDirectControl|IsCondControl)
2279052: board.processor.cores.core: A0 T0 : 0x31b12 @_itoa_word+68    : andi a3, a5, 15            : IntAlu :  D=0x000000000000000f  flags=(IsInteger)
2279385: board.processor.cores.core: A0 T0 : 0x31b16 @_itoa_word+72    : c_add a3, a4               : IntAlu :  D=0x000000000005f78f  flags=(IsInteger)
2279718: board.processor.cores.core: A0 T0 : 0x31b18 @_itoa_word+74    : lbu a2, 0(a3)              : MemRead :  D=0x0000000000000046 A=0x5f78f  flags=(IsInteger|IsLoad)
2280051: board.processor.cores.core: A0 T0 : 0x31b1c @_itoa_word+78    : c_mv a3, a5                : IntAlu :  D=0x0000ffffffffffff  flags=(IsInteger)
2280384: board.processor.cores.core: A0 T0 : 0x31b1e @_itoa_word+80    : c_addi a1, -1              : IntAlu :  D=0x7ffffffffffffc8b  flags=(IsInteger)
2280717: board.processor.cores.core: A0 T0 : 0x31b20 @_itoa_word+82    : sb a2, 0(a1)               : MemWrite :  D=0x0000000000000046 A=0x7ffffffffffffc8b  flags=(IsInteger|IsStore)
2281050: board.processor.cores.core: A0 T0 : 0x31b24 @_itoa_word+86    : c_srli a5, 4               : IntAlu :  D=0x00000fffffffffff  flags=(IsInteger)
2281716: board.processor.cores.core: A0 T0 : 0x31b26 @_itoa_word+88    : bltu a0, a3, -20           : IntAlu :   flags=(IsInteger|IsControl|IsDirectControl|IsCondControl)
2282382: board.processor.cores.core: A0 T0 : 0x31b12 @_itoa_word+68    : andi a3, a5, 15            : IntAlu :  D=0x000000000000000f  flags=(IsInteger)
2282715: board.processor.cores.core: A0 T0 : 0x31b16 @_itoa_word+72    : c_add a3, a4               : IntAlu :  D=0x000000000005f78f  flags=(IsInteger)
2283048: board.processor.cores.core: A0 T0 : 0x31b18 @_itoa_word+74    : lbu a2, 0(a3)              : MemRead :  D=0x0000000000000046 A=0x5f78f  flags=(IsInteger|IsLoad)
2283381: board.processor.cores.core: A0 T0 : 0x31b1c @_itoa_word+78    : c_mv a3, a5                : IntAlu :  D=0x00000fffffffffff  flags=(IsInteger)
2283714: board.processor.cores.core: A0 T0 : 0x31b1e @_itoa_word+80    : c_addi a1, -1              : IntAlu :  D=0x7ffffffffffffc8a  flags=(IsInteger)
2284047: board.processor.cores.core: A0 T0 : 0x31b20 @_itoa_word+82    : sb a2, 0(a1)               : MemWrite :  D=0x0000000000000046 A=0x7ffffffffffffc8a  flags=(IsInteger|IsStore)
2284380: board.processor.cores.core: A0 T0 : 0x31b24 @_itoa_word+86    : c_srli a5, 4               : IntAlu :  D=0x000000ffffffffff  flags=(IsInteger)
2285046: board.processor.cores.core: A0 T0 : 0x31b26 @_itoa_word+88    : bltu a0, a3, -20           : IntAlu :   flags=(IsInteger|IsControl|IsDirectControl|IsCondControl)
2285712: board.processor.cores.core: A0 T0 : 0x31b12 @_itoa_word+68    : andi a3, a5, 15            : IntAlu :  D=0x000000000000000f  flags=(IsInteger)
2286045: board.processor.cores.core: A0 T0 : 0x31b16 @_itoa_word+72    : c_add a3, a4               : IntAlu :  D=0x000000000005f78f  flags=(IsInteger)
2286378: board.processor.cores.core: A0 T0 : 0x31b18 @_itoa_word+74    : lbu a2, 0(a3)              : MemRead :  D=0x0000000000000046 A=0x5f78f  flags=(IsInteger|IsLoad)
2286711: board.processor.cores.core: A0 T0 : 0x31b1c @_itoa_word+78    : c_mv a3, a5                : IntAlu :  D=0x000000ffffffffff  flags=(IsInteger)
2287044: board.processor.cores.core: A0 T0 : 0x31b1e @_itoa_word+80    : c_addi a1, -1              : IntAlu :  D=0x7ffffffffffffc89  flags=(IsInteger)
2287377: board.processor.cores.core: A0 T0 : 0x31b20 @_itoa_word+82    : sb a2, 0(a1)               : MemWrite :  D=0x0000000000000046 A=0x7ffffffffffffc89  flags=(IsInteger|IsStore)
2287710: board.processor.cores.core: A0 T0 : 0x31b24 @_itoa_word+86    : c_srli a5, 4               : IntAlu :  D=0x0000000fffffffff  flags=(IsInteger)
2288376: board.processor.cores.core: A0 T0 : 0x31b26 @_itoa_word+88    : bltu a0, a3, -20           : IntAlu :   flags=(IsInteger|IsControl|IsDirectControl|IsCondControl)
2289042: board.processor.cores.core: A0 T0 : 0x31b12 @_itoa_word+68    : andi a3, a5, 15            : IntAlu :  D=0x000000000000000f  flags=(IsInteger)
2289375: board.processor.cores.core: A0 T0 : 0x31b16 @_itoa_word+72    : c_add a3, a4               : IntAlu :  D=0x000000000005f78f  flags=(IsInteger)
2289708: board.processor.cores.core: A0 T0 : 0x31b18 @_itoa_word+74    : lbu a2, 0(a3)              : MemRead :  D=0x0000000000000046 A=0x5f78f  flags=(IsInteger|IsLoad)
2290041: board.processor.cores.core: A0 T0 : 0x31b1c @_itoa_word+78    : c_mv a3, a5                : IntAlu :  D=0x0000000fffffffff  flags=(IsInteger)
2290374: board.processor.cores.core: A0 T0 : 0x31b1e @_itoa_word+80    : c_addi a1, -1              : IntAlu :  D=0x7ffffffffffffc88  flags=(IsInteger)
2290707: board.processor.cores.core: A0 T0 : 0x31b20 @_itoa_word+82    : sb a2, 0(a1)               : MemWrite :  D=0x0000000000000046 A=0x7ffffffffffffc88  flags=(IsInteger|IsStore)
2291040: board.processor.cores.core: A0 T0 : 0x31b24 @_itoa_word+86    : c_srli a5, 4               : IntAlu :  D=0x00000000ffffffff  flags=(IsInteger)
2291706: board.processor.cores.core: A0 T0 : 0x31b26 @_itoa_word+88    : bltu a0, a3, -20           : IntAlu :   flags=(IsInteger|IsControl|IsDirectControl|IsCondControl)
2292372: board.processor.cores.core: A0 T0 : 0x31b12 @_itoa_word+68    : andi a3, a5, 15            : IntAlu :  D=0x000000000000000f  flags=(IsInteger)
2292705: board.processor.cores.core: A0 T0 : 0x31b16 @_itoa_word+72    : c_add a3, a4               : IntAlu :  D=0x000000000005f78f  flags=(IsInteger)
2293038: board.processor.cores.core: A0 T0 : 0x31b18 @_itoa_word+74    : lbu a2, 0(a3)              : MemRead :  D=0x0000000000000046 A=0x5f78f  flags=(IsInteger|IsLoad)
2293371: board.processor.cores.core: A0 T0 : 0x31b1c @_itoa_word+78    : c_mv a3, a5                : IntAlu :  D=0x00000000ffffffff  flags=(IsInteger)
2293704: board.processor.cores.core: A0 T0 : 0x31b1e @_itoa_word+80    : c_addi a1, -1              : IntAlu :  D=0x7ffffffffffffc87  flags=(IsInteger)
2294037: board.processor.cores.core: A0 T0 : 0x31b20 @_itoa_word+82    : sb a2, 0(a1)               : MemWrite :  D=0x0000000000000046 A=0x7ffffffffffffc87  flags=(IsInteger|IsStore)
2294370: board.processor.cores.core: A0 T0 : 0x31b24 @_itoa_word+86    : c_srli a5, 4               : IntAlu :  D=0x000000000fffffff  flags=(IsInteger)
2295036: board.processor.cores.core: A0 T0 : 0x31b26 @_itoa_word+88    : bltu a0, a3, -20           : IntAlu :   flags=(IsInteger|IsControl|IsDirectControl|IsCondControl)
2295702: board.processor.cores.core: A0 T0 : 0x31b12 @_itoa_word+68    : andi a3, a5, 15            : IntAlu :  D=0x000000000000000f  flags=(IsInteger)
2296035: board.processor.cores.core: A0 T0 : 0x31b16 @_itoa_word+72    : c_add a3, a4               : IntAlu :  D=0x000000000005f78f  flags=(IsInteger)
2296368: board.processor.cores.core: A0 T0 : 0x31b18 @_itoa_word+74    : lbu a2, 0(a3)              : MemRead :  D=0x0000000000000046 A=0x5f78f  flags=(IsInteger|IsLoad)
2296701: board.processor.cores.core: A0 T0 : 0x31b1c @_itoa_word+78    : c_mv a3, a5                : IntAlu :  D=0x000000000fffffff  flags=(IsInteger)
2297034: board.processor.cores.core: A0 T0 : 0x31b1e @_itoa_word+80    : c_addi a1, -1              : IntAlu :  D=0x7ffffffffffffc86  flags=(IsInteger)
2297367: board.processor.cores.core: A0 T0 : 0x31b20 @_itoa_word+82    : sb a2, 0(a1)               : MemWrite :  D=0x0000000000000046 A=0x7ffffffffffffc86  flags=(IsInteger|IsStore)
2297700: board.processor.cores.core: A0 T0 : 0x31b24 @_itoa_word+86    : c_srli a5, 4               : IntAlu :  D=0x0000000000ffffff  flags=(IsInteger)
2298366: board.processor.cores.core: A0 T0 : 0x31b26 @_itoa_word+88    : bltu a0, a3, -20           : IntAlu :   flags=(IsInteger|IsControl|IsDirectControl|IsCondControl)
2299032: board.processor.cores.core: A0 T0 : 0x31b12 @_itoa_word+68    : andi a3, a5, 15            : IntAlu :  D=0x000000000000000f  flags=(IsInteger)
2299365: board.processor.cores.core: A0 T0 : 0x31b16 @_itoa_word+72    : c_add a3, a4               : IntAlu :  D=0x000000000005f78f  flags=(IsInteger)
2299698: board.processor.cores.core: A0 T0 : 0x31b18 @_itoa_word+74    : lbu a2, 0(a3)              : MemRead :  D=0x0000000000000046 A=0x5f78f  flags=(IsInteger|IsLoad)
2300031: board.processor.cores.core: A0 T0 : 0x31b1c @_itoa_word+78    : c_mv a3, a5                : IntAlu :  D=0x0000000000ffffff  flags=(IsInteger)
2300364: board.processor.cores.core: A0 T0 : 0x31b1e @_itoa_word+80    : c_addi a1, -1              : IntAlu :  D=0x7ffffffffffffc85  flags=(IsInteger)
2300697: board.processor.cores.core: A0 T0 : 0x31b20 @_itoa_word+82    : sb a2, 0(a1)               : MemWrite :  D=0x0000000000000046 A=0x7ffffffffffffc85  flags=(IsInteger|IsStore)
2301030: board.processor.cores.core: A0 T0 : 0x31b24 @_itoa_word+86    : c_srli a5, 4               : IntAlu :  D=0x00000000000fffff  flags=(IsInteger)
2301696: board.processor.cores.core: A0 T0 : 0x31b26 @_itoa_word+88    : bltu a0, a3, -20           : IntAlu :   flags=(IsInteger|IsControl|IsDirectControl|IsCondControl)
2302362: board.processor.cores.core: A0 T0 : 0x31b12 @_itoa_word+68    : andi a3, a5, 15            : IntAlu :  D=0x000000000000000f  flags=(IsInteger)
2302695: board.processor.cores.core: A0 T0 : 0x31b16 @_itoa_word+72    : c_add a3, a4               : IntAlu :  D=0x000000000005f78f  flags=(IsInteger)
2303028: board.processor.cores.core: A0 T0 : 0x31b18 @_itoa_word+74    : lbu a2, 0(a3)              : MemRead :  D=0x0000000000000046 A=0x5f78f  flags=(IsInteger|IsLoad)
2303361: board.processor.cores.core: A0 T0 : 0x31b1c @_itoa_word+78    : c_mv a3, a5                : IntAlu :  D=0x00000000000fffff  flags=(IsInteger)
2303694: board.processor.cores.core: A0 T0 : 0x31b1e @_itoa_word+80    : c_addi a1, -1              : IntAlu :  D=0x7ffffffffffffc84  flags=(IsInteger)
2304027: board.processor.cores.core: A0 T0 : 0x31b20 @_itoa_word+82    : sb a2, 0(a1)               : MemWrite :  D=0x0000000000000046 A=0x7ffffffffffffc84  flags=(IsInteger|IsStore)
2304360: board.processor.cores.core: A0 T0 : 0x31b24 @_itoa_word+86    : c_srli a5, 4               : IntAlu :  D=0x000000000000ffff  flags=(IsInteger)
2305026: board.processor.cores.core: A0 T0 : 0x31b26 @_itoa_word+88    : bltu a0, a3, -20           : IntAlu :   flags=(IsInteger|IsControl|IsDirectControl|IsCondControl)
2305692: board.processor.cores.core: A0 T0 : 0x31b12 @_itoa_word+68    : andi a3, a5, 15            : IntAlu :  D=0x000000000000000f  flags=(IsInteger)
2306025: board.processor.cores.core: A0 T0 : 0x31b16 @_itoa_word+72    : c_add a3, a4               : IntAlu :  D=0x000000000005f78f  flags=(IsInteger)
2306358: board.processor.cores.core: A0 T0 : 0x31b18 @_itoa_word+74    : lbu a2, 0(a3)              : MemRead :  D=0x0000000000000046 A=0x5f78f  flags=(IsInteger|IsLoad)
2306691: board.processor.cores.core: A0 T0 : 0x31b1c @_itoa_word+78    : c_mv a3, a5                : IntAlu :  D=0x000000000000ffff  flags=(IsInteger)
2307024: board.processor.cores.core: A0 T0 : 0x31b1e @_itoa_word+80    : c_addi a1, -1              : IntAlu :  D=0x7ffffffffffffc83  flags=(IsInteger)
2307357: board.processor.cores.core: A0 T0 : 0x31b20 @_itoa_word+82    : sb a2, 0(a1)               : MemWrite :  D=0x0000000000000046 A=0x7ffffffffffffc83  flags=(IsInteger|IsStore)
2307690: board.processor.cores.core: A0 T0 : 0x31b24 @_itoa_word+86    : c_srli a5, 4               : IntAlu :  D=0x0000000000000fff  flags=(IsInteger)
2308356: board.processor.cores.core: A0 T0 : 0x31b26 @_itoa_word+88    : bltu a0, a3, -20           : IntAlu :   flags=(IsInteger|IsControl|IsDirectControl|IsCondControl)
2309022: board.processor.cores.core: A0 T0 : 0x31b12 @_itoa_word+68    : andi a3, a5, 15            : IntAlu :  D=0x000000000000000f  flags=(IsInteger)
2309355: board.processor.cores.core: A0 T0 : 0x31b16 @_itoa_word+72    : c_add a3, a4               : IntAlu :  D=0x000000000005f78f  flags=(IsInteger)
2309688: board.processor.cores.core: A0 T0 : 0x31b18 @_itoa_word+74    : lbu a2, 0(a3)              : MemRead :  D=0x0000000000000046 A=0x5f78f  flags=(IsInteger|IsLoad)
2310021: board.processor.cores.core: A0 T0 : 0x31b1c @_itoa_word+78    : c_mv a3, a5                : IntAlu :  D=0x0000000000000fff  flags=(IsInteger)
2310354: board.processor.cores.core: A0 T0 : 0x31b1e @_itoa_word+80    : c_addi a1, -1              : IntAlu :  D=0x7ffffffffffffc82  flags=(IsInteger)
2310687: board.processor.cores.core: A0 T0 : 0x31b20 @_itoa_word+82    : sb a2, 0(a1)               : MemWrite :  D=0x0000000000000046 A=0x7ffffffffffffc82  flags=(IsInteger|IsStore)
2311020: board.processor.cores.core: A0 T0 : 0x31b24 @_itoa_word+86    : c_srli a5, 4               : IntAlu :  D=0x00000000000000ff  flags=(IsInteger)
2311686: board.processor.cores.core: A0 T0 : 0x31b26 @_itoa_word+88    : bltu a0, a3, -20           : IntAlu :   flags=(IsInteger|IsControl|IsDirectControl|IsCondControl)
2312352: board.processor.cores.core: A0 T0 : 0x31b12 @_itoa_word+68    : andi a3, a5, 15            : IntAlu :  D=0x000000000000000f  flags=(IsInteger)
2312685: board.processor.cores.core: A0 T0 : 0x31b16 @_itoa_word+72    : c_add a3, a4               : IntAlu :  D=0x000000000005f78f  flags=(IsInteger)
2313018: board.processor.cores.core: A0 T0 : 0x31b18 @_itoa_word+74    : lbu a2, 0(a3)              : MemRead :  D=0x0000000000000046 A=0x5f78f  flags=(IsInteger|IsLoad)
2313351: board.processor.cores.core: A0 T0 : 0x31b1c @_itoa_word+78    : c_mv a3, a5                : IntAlu :  D=0x00000000000000ff  flags=(IsInteger)
2313684: board.processor.cores.core: A0 T0 : 0x31b1e @_itoa_word+80    : c_addi a1, -1              : IntAlu :  D=0x7ffffffffffffc81  flags=(IsInteger)
2314017: board.processor.cores.core: A0 T0 : 0x31b20 @_itoa_word+82    : sb a2, 0(a1)               : MemWrite :  D=0x0000000000000046 A=0x7ffffffffffffc81  flags=(IsInteger|IsStore)
2314350: board.processor.cores.core: A0 T0 : 0x31b24 @_itoa_word+86    : c_srli a5, 4               : IntAlu :  D=0x000000000000000f  flags=(IsInteger)
2315016: board.processor.cores.core: A0 T0 : 0x31b26 @_itoa_word+88    : bltu a0, a3, -20           : IntAlu :   flags=(IsInteger|IsControl|IsDirectControl|IsCondControl)
2315682: board.processor.cores.core: A0 T0 : 0x31b12 @_itoa_word+68    : andi a3, a5, 15            : IntAlu :  D=0x000000000000000f  flags=(IsInteger)
2316015: board.processor.cores.core: A0 T0 : 0x31b16 @_itoa_word+72    : c_add a3, a4               : IntAlu :  D=0x000000000005f78f  flags=(IsInteger)
2316348: board.processor.cores.core: A0 T0 : 0x31b18 @_itoa_word+74    : lbu a2, 0(a3)              : MemRead :  D=0x0000000000000046 A=0x5f78f  flags=(IsInteger|IsLoad)
2316681: board.processor.cores.core: A0 T0 : 0x31b1c @_itoa_word+78    : c_mv a3, a5                : IntAlu :  D=0x000000000000000f  flags=(IsInteger)
2317014: board.processor.cores.core: A0 T0 : 0x31b1e @_itoa_word+80    : c_addi a1, -1              : IntAlu :  D=0x7ffffffffffffc80  flags=(IsInteger)
2317347: board.processor.cores.core: A0 T0 : 0x31b20 @_itoa_word+82    : sb a2, 0(a1)               : MemWrite :  D=0x0000000000000046 A=0x7ffffffffffffc80  flags=(IsInteger|IsStore)
2317680: board.processor.cores.core: A0 T0 : 0x31b24 @_itoa_word+86    : c_srli a5, 4               : IntAlu :  D=0x0000000000000000  flags=(IsInteger)
2318346: board.processor.cores.core: A0 T0 : 0x31b26 @_itoa_word+88    : bltu a0, a3, -20           : IntAlu :   flags=(IsInteger|IsControl|IsDirectControl|IsCondControl)
2318679: board.processor.cores.core: A0 T0 : 0x31b2a @_itoa_word+92    : c_mv a0, a1                : IntAlu :  D=0x7ffffffffffffc80  flags=(IsInteger)
2319012: board.processor.cores.core: A0 T0 : 0x31b2c @_itoa_word+94    : c_jr ra                    : IntAlu :   flags=(IsInteger|IsControl|IsIndirectControl|IsUncondControl|IsReturn)
2319345: board.processor.cores.core: A0 T0 : 0x17d10 @__vfprintf_internal+2718    : c_ldsp a4, 128(sp)         : MemRead :  D=0x0000000000000000 A=0x7ffffffffffff7f0  flags=(IsInteger|IsLoad)
2319678: board.processor.cores.core: A0 T0 : 0x17d12 @__vfprintf_internal+2720    : c_ldsp t4, 72(sp)          : MemRead :  D=0xffffffffffffffff A=0x7ffffffffffff7b8  flags=(IsInteger|IsLoad)
2320011: board.processor.cores.core: A0 T0 : 0x17d14 @__vfprintf_internal+2722    : c_ldsp t2, 96(sp)          : MemRead :  D=0x0000000000000010 A=0x7ffffffffffff7d0  flags=(IsInteger|IsLoad)
2320344: board.processor.cores.core: A0 T0 : 0x17d16 @__vfprintf_internal+2724    : c_ldsp a5, 104(sp)         : MemRead :  D=0x0000000000000058 A=0x7ffffffffffff7d8  flags=(IsInteger|IsLoad)
2320677: board.processor.cores.core: A0 T0 : 0x17d18 @__vfprintf_internal+2726    : c_ldsp t3, 112(sp)         : MemRead :  D=0x0000000000000000 A=0x7ffffffffffff7e0  flags=(IsInteger|IsLoad)
2321010: board.processor.cores.core: A0 T0 : 0x17d1a @__vfprintf_internal+2728    : c_ldsp t0, 120(sp)         : MemRead :  D=0x0000000000000020 A=0x7ffffffffffff7e8  flags=(IsInteger|IsLoad)
2321343: board.processor.cores.core: A0 T0 : 0x17d1c @__vfprintf_internal+2730    : c_ldsp a6, 136(sp)         : MemRead :  D=0x0000000000000000 A=0x7ffffffffffff7f8  flags=(IsInteger|IsLoad)
2321676: board.processor.cores.core: A0 T0 : 0x17d1e @__vfprintf_internal+2732    : c_ldsp t6, 144(sp)         : MemRead :  D=0x0000000000000000 A=0x7ffffffffffff800  flags=(IsInteger|IsLoad)
2322009: board.processor.cores.core: A0 T0 : 0x17d20 @__vfprintf_internal+2734    : c_ldsp t5, 152(sp)         : MemRead :  D=0x0000000000000000 A=0x7ffffffffffff808  flags=(IsInteger|IsLoad)
2322342: board.processor.cores.core: A0 T0 : 0x17d22 @__vfprintf_internal+2736    : c_ldsp a7, 160(sp)         : MemRead :  D=0x0000000000000001 A=0x7ffffffffffff810  flags=(IsInteger|IsLoad)
2322675: board.processor.cores.core: A0 T0 : 0x17d24 @__vfprintf_internal+2738    : c_mv a3, a0                : IntAlu :  D=0x7ffffffffffffc80  flags=(IsInteger)
2323008: board.processor.cores.core: A0 T0 : 0x17d26 @__vfprintf_internal+2740    : c_beqz a4, 60              : IntAlu :   flags=(IsInteger|IsControl|IsDirectControl|IsCondControl)
2323674: board.processor.cores.core: A0 T0 : 0x17d62 @__vfprintf_internal+2800    : beq s11, ft0, 10           : IntAlu :   flags=(IsInteger|IsControl|IsDirectControl|IsCondControl)
2324007: board.processor.cores.core: A0 T0 : 0x17d6c @__vfprintf_internal+2810    : addi a4, sp, 1312          : IntAlu :  D=0x7ffffffffffffc90  flags=(IsInteger)
2324340: board.processor.cores.core: A0 T0 : 0x17d70 @__vfprintf_internal+2814    : c_sub a4, a3               : IntAlu :  D=0x0000000000000010  flags=(IsInteger)
2325006: board.processor.cores.core: A0 T0 : 0x17d72 @__vfprintf_internal+2816    : bge a4, a7, 334            : IntAlu :   flags=(IsInteger|IsControl|IsDirectControl|IsCondControl)
2325339: board.processor.cores.core: A0 T0 : 0x17ec0 @__vfprintf_internal+3150    : beq t4, ft0, 1240          : IntAlu :   flags=(IsInteger|IsControl|IsDirectControl|IsCondControl)
2325672: board.processor.cores.core: A0 T0 : 0x17ec4 @__vfprintf_internal+3154    : c_ldsp a2, 48(sp)          : MemRead :  D=0x0000000000000000 A=0x7ffffffffffff7a0  flags=(IsInteger|IsLoad)
2326005: board.processor.cores.core: A0 T0 : 0x17ec6 @__vfprintf_internal+3156    : c_beqz a2, 8               : IntAlu :   flags=(IsInteger|IsControl|IsDirectControl|IsCondControl)
2326671: board.processor.cores.core: A0 T0 : 0x17ece @__vfprintf_internal+3164    : sub a2, a7, a4             : IntAlu :  D=0xfffffffffffffff1  flags=(IsInteger)
2327337: board.processor.cores.core: A0 T0 : 0x17ed2 @__vfprintf_internal+3168    : xori a1, a2, 18446744073709551615 : IntAlu :  D=0x000000000000000e  flags=(IsInteger)
2327670: board.processor.cores.core: A0 T0 : 0x17ed6 @__vfprintf_internal+3172    : c_srai a1, 63              : IntAlu :  D=0x0000000000000000  flags=(IsInteger)
2328003: board.processor.cores.core: A0 T0 : 0x17ed8 @__vfprintf_internal+3174    : c_and a2, a1               : IntAlu :  D=0x0000000000000000  flags=(IsInteger)
2328669: board.processor.cores.core: A0 T0 : 0x17eda @__vfprintf_internal+3176    : addiw a7, a2, 0            : IntAlu :  D=0x0000000000000000  flags=(IsInteger)
2329335: board.processor.cores.core: A0 T0 : 0x17ede @__vfprintf_internal+3180    : bne s9, ft0, -312          : IntAlu :   flags=(IsInteger|IsControl|IsDirectControl|IsCondControl)
2330001: board.processor.cores.core: A0 T0 : 0x17ee2 @__vfprintf_internal+3184    : subw a6, a6, a4            : IntAlu :  D=0xfffffffffffffff0  flags=(IsInteger)
2330667: board.processor.cores.core: A0 T0 : 0x17ee6 @__vfprintf_internal+3188    : subw s9, a6, a2            : IntAlu :  D=0xfffffffffffffff0  flags=(IsInteger)
2331000: board.processor.cores.core: A0 T0 : 0x17eea @__vfprintf_internal+3192    : c_j -340                   : IntAlu :   flags=(IsControl|IsDirectControl|IsUncondControl)
2331333: board.processor.cores.core: A0 T0 : 0x17d96 @__vfprintf_internal+2852    : c_ldsp a2, 48(sp)          : MemRead :  D=0x0000000000000000 A=0x7ffffffffffff7a0  flags=(IsInteger|IsLoad)
2331666: board.processor.cores.core: A0 T0 : 0x17d98 @__vfprintf_internal+2854    : beq a2, ft0, -1302         : IntAlu :   flags=(IsInteger|IsControl|IsDirectControl|IsCondControl)
2332332: board.processor.cores.core: A0 T0 : 0x17882 @__vfprintf_internal+1552    : or a2, t5, t6              : IntAlu :  D=0x0000000000000000  flags=(IsInteger)
2332998: board.processor.cores.core: A0 T0 : 0x17886 @__vfprintf_internal+1556    : or a2, t3, a2              : IntAlu :  D=0x0000000000000000  flags=(IsInteger)
2333664: board.processor.cores.core: A0 T0 : 0x1788a @__vfprintf_internal+1560    : beq a2, ft0, 1694          : IntAlu :   flags=(IsInteger|IsControl|IsDirectControl|IsCondControl)
2333997: board.processor.cores.core: A0 T0 : 0x17f28 @__vfprintf_internal+3254    : addi a2, ft0, 32           : IntAlu :  D=0x0000000000000020  flags=(IsInteger)
2334330: board.processor.cores.core: A0 T0 : 0x17f2c @__vfprintf_internal+3258    : bne t0, a2, -1638          : IntAlu :   flags=(IsInteger|IsControl|IsDirectControl|IsCondControl)
2334663: board.processor.cores.core: A0 T0 : 0x17f30 @__vfprintf_internal+3262    : bge ft0, s9, 2064          : IntAlu :   flags=(IsInteger|IsControl|IsDirectControl|IsCondControl)
2334996: board.processor.cores.core: A0 T0 : 0x18740 @__vfprintf_internal+5326    : c_li s9, 0                 : IntAlu :  D=0x0000000000000000  flags=(IsInteger)
2335662: board.processor.cores.core: A0 T0 : 0x18742 @__vfprintf_internal+5328    : jal ft0, -3708             : IntAlu :  D=0x0000000000018746  flags=(IsInteger|IsControl|IsDirectControl|IsUncondControl)
2336328: board.processor.cores.core: A0 T0 : 0x178c6 @__vfprintf_internal+1620    : beq t4, ft0, 14            : IntAlu :   flags=(IsInteger|IsControl|IsDirectControl|IsCondControl)
2336661: board.processor.cores.core: A0 T0 : 0x178ca @__vfprintf_internal+1624    : c_ldsp a2, 48(sp)          : MemRead :  D=0x0000000000000000 A=0x7ffffffffffff7a0  flags=(IsInteger|IsLoad)
2336994: board.processor.cores.core: A0 T0 : 0x178cc @__vfprintf_internal+1626    : c_beqz a2, 8               : IntAlu :   flags=(IsInteger|IsControl|IsDirectControl|IsCondControl)
2337327: board.processor.cores.core: A0 T0 : 0x178d4 @__vfprintf_internal+1634    : addw s9, s9, a7            : IntAlu :  D=0x0000000000000000  flags=(IsInteger)
2337660: board.processor.cores.core: A0 T0 : 0x178d8 @__vfprintf_internal+1638    : blt ft0, s9, 1738          : IntAlu :   flags=(IsInteger|IsControl|IsDirectControl|IsCondControl)
2337993: board.processor.cores.core: A0 T0 : 0x178dc @__vfprintf_internal+1642    : ld s9, 216(s8)             : MemRead :  D=0x0000000000069a08 A=0x6f2a0  flags=(IsInteger|IsLoad)
2338326: board.processor.cores.core: A0 T0 : 0x178e0 @__vfprintf_internal+1646    : sub a5, s9, s5             : IntAlu :  D=0x00000000000002a0  flags=(IsInteger)
2338659: board.processor.cores.core: A0 T0 : 0x178e4 @__vfprintf_internal+1650    : bgeu a5, s2, 2920          : IntAlu :   flags=(IsInteger|IsControl|IsDirectControl|IsCondControl)
2338992: board.processor.cores.core: A0 T0 : 0x178e8 @__vfprintf_internal+1654    : ld a5, 56(s9)              : MemRead :  D=0x000000000001bbda A=0x69a40  flags=(IsInteger|IsLoad)
2339325: board.processor.cores.core: A0 T0 : 0x178ec @__vfprintf_internal+1658    : c_mv a2, a4                : IntAlu :  D=0x0000000000000010  flags=(IsInteger)
2339658: board.processor.cores.core: A0 T0 : 0x178ee @__vfprintf_internal+1660    : c_mv a1, a3                : IntAlu :  D=0x7ffffffffffffc80  flags=(IsInteger)
2339991: board.processor.cores.core: A0 T0 : 0x178f0 @__vfprintf_internal+1662    : c_mv a0, s8                : IntAlu :  D=0x000000000006f1c8  flags=(IsInteger)
2340324: board.processor.cores.core: A0 T0 : 0x178f2 @__vfprintf_internal+1664    : c_sdsp a4, 48(sp)          : MemWrite :  D=0x0000000000000010 A=0x7ffffffffffff7a0  flags=(IsInteger|IsStore)
2340657: board.processor.cores.core: A0 T0 : 0x178f4 @__vfprintf_internal+1666    : c_jalr a5                  : IntAlu :  D=0x00000000000178f6  flags=(IsInteger|IsControl|IsIndirectControl|IsUncondControl|IsCall)
2340990: board.processor.cores.core: A0 T0 : 0x1bbda @_IO_file_xsputn    : c_addi16sp sp, -64         : IntAlu :  D=0x7ffffffffffff730  flags=(IsInteger)
2341323: board.processor.cores.core: A0 T0 : 0x1bbdc @_IO_file_xsputn+2    : c_sdsp s3, 24(sp)          : MemWrite :  D=0x000000000004c450 A=0x7ffffffffffff748  flags=(IsInteger|IsStore)
2341656: board.processor.cores.core: A0 T0 : 0x1bbde @_IO_file_xsputn+4    : c_sdsp ra, 56(sp)          : MemWrite :  D=0x00000000000178f6 A=0x7ffffffffffff768  flags=(IsInteger|IsStore)
2341989: board.processor.cores.core: A0 T0 : 0x1bbe0 @_IO_file_xsputn+6    : c_sdsp s0, 48(sp)          : MemWrite :  D=0x000000000000000a A=0x7ffffffffffff760  flags=(IsInteger|IsStore)
2342322: board.processor.cores.core: A0 T0 : 0x1bbe2 @_IO_file_xsputn+8    : c_sdsp s1, 40(sp)          : MemWrite :  D=0x7ffffffffffffd30 A=0x7ffffffffffff758  flags=(IsInteger|IsStore)
2342655: board.processor.cores.core: A0 T0 : 0x1bbe4 @_IO_file_xsputn+10    : c_sdsp s2, 32(sp)          : MemWrite :  D=0x0000000000000690 A=0x7ffffffffffff750  flags=(IsInteger|IsStore)
2342988: board.processor.cores.core: A0 T0 : 0x1bbe6 @_IO_file_xsputn+12    : c_sdsp s4, 16(sp)          : MemWrite :  D=0x0000000000000000 A=0x7ffffffffffff740  flags=(IsInteger|IsStore)
2343321: board.processor.cores.core: A0 T0 : 0x1bbe8 @_IO_file_xsputn+14    : c_sdsp s5, 8(sp)           : MemWrite :  D=0x0000000000069768 A=0x7ffffffffffff738  flags=(IsInteger|IsStore)
2343654: board.processor.cores.core: A0 T0 : 0x1bbea @_IO_file_xsputn+16    : c_li s3, 0                 : IntAlu :  D=0x0000000000000000  flags=(IsInteger)
2343987: board.processor.cores.core: A0 T0 : 0x1bbec @_IO_file_xsputn+18    : c_beqz a2, 70              : IntAlu :   flags=(IsInteger|IsControl|IsDirectControl|IsCondControl)
2344320: board.processor.cores.core: A0 T0 : 0x1bbee @_IO_file_xsputn+20    : c_ld a4, 0(a0)             : MemRead :  D=0x00000000fbad2884 A=0x6f1c8  flags=(IsInteger|IsLoad)
2344653: board.processor.cores.core: A0 T0 : 0x1bbf0 @_IO_file_xsputn+22    : c_lui a5, 1                : IntAlu :  D=0x0000000000001000  flags=(IsInteger)
2345319: board.processor.cores.core: A0 T0 : 0x1bbf2 @_IO_file_xsputn+24    : addi a5, a5, -1536         : IntAlu :  D=0x0000000000000a00  flags=(IsInteger)
2345652: board.processor.cores.core: A0 T0 : 0x1bbf6 @_IO_file_xsputn+28    : c_and a4, a5               : IntAlu :  D=0x0000000000000800  flags=(IsInteger)
2345985: board.processor.cores.core: A0 T0 : 0x1bbf8 @_IO_file_xsputn+30    : c_mv s0, a0                : IntAlu :  D=0x000000000006f1c8  flags=(IsInteger)
2346318: board.processor.cores.core: A0 T0 : 0x1bbfa @_IO_file_xsputn+32    : c_mv s4, a2                : IntAlu :  D=0x0000000000000010  flags=(IsInteger)
2346651: board.processor.cores.core: A0 T0 : 0x1bbfc @_IO_file_xsputn+34    : c_ld a0, 40(a0)            : MemRead :  D=0x0000000000073f68 A=0x6f1f0  flags=(IsInteger|IsLoad)
2346984: board.processor.cores.core: A0 T0 : 0x1bbfe @_IO_file_xsputn+36    : c_mv s1, a1                : IntAlu :  D=0x7ffffffffffffc80  flags=(IsInteger)
2347317: board.processor.cores.core: A0 T0 : 0x1bc00 @_IO_file_xsputn+38    : beq a4, a5, 70             : IntAlu :   flags=(IsInteger|IsControl|IsDirectControl|IsCondControl)
2347650: board.processor.cores.core: A0 T0 : 0x1bc04 @_IO_file_xsputn+42    : c_ld a4, 48(s0)            : MemRead :  D=0x0000000000075f20 A=0x6f1f8  flags=(IsInteger|IsLoad)
2348316: board.processor.cores.core: A0 T0 : 0x1bc06 @_IO_file_xsputn+44    : bgeu a0, a4, 106           : IntAlu :   flags=(IsInteger|IsControl|IsDirectControl|IsCondControl)
2348649: board.processor.cores.core: A0 T0 : 0x1bc0a @_IO_file_xsputn+48    : c_sub a4, a0               : IntAlu :  D=0x0000000000001fb8  flags=(IsInteger)
2348982: board.processor.cores.core: A0 T0 : 0x1bc0c @_IO_file_xsputn+50    : c_li s3, 0                 : IntAlu :  D=0x0000000000000000  flags=(IsInteger)
2349315: board.processor.cores.core: A0 T0 : 0x1bc0e @_IO_file_xsputn+52    : c_beqz a4, 98              : IntAlu :   flags=(IsInteger|IsControl|IsDirectControl|IsCondControl)
2349648: board.processor.cores.core: A0 T0 : 0x1bc10 @_IO_file_xsputn+54    : c_mv s2, s4                : IntAlu :  D=0x0000000000000010  flags=(IsInteger)
2350314: board.processor.cores.core: A0 T0 : 0x1bc12 @_IO_file_xsputn+56    : bltu a4, s4, 218           : IntAlu :   flags=(IsInteger|IsControl|IsDirectControl|IsCondControl)
2350647: board.processor.cores.core: A0 T0 : 0x1bc16 @_IO_file_xsputn+60    : c_mv a1, s1                : IntAlu :  D=0x7ffffffffffffc80  flags=(IsInteger)
2350980: board.processor.cores.core: A0 T0 : 0x1bc18 @_IO_file_xsputn+62    : c_mv a2, s2                : IntAlu :  D=0x0000000000000010  flags=(IsInteger)
2351646: board.processor.cores.core: A0 T0 : 0x1bc1a @_IO_file_xsputn+64    : jal ra, 33448              : IntAlu :  D=0x000000000001bc1e  flags=(IsInteger|IsControl|IsDirectControl|IsUncondControl|IsCall)
2351979: board.processor.cores.core: A0 T0 : 0x23ec2 @memcpy    : c_addi16sp sp, -48         : IntAlu :  D=0x7ffffffffffff700  flags=(IsInteger)
2352312: board.processor.cores.core: A0 T0 : 0x23ec4 @memcpy+2    : c_sdsp s0, 32(sp)          : MemWrite :  D=0x000000000006f1c8 A=0x7ffffffffffff720  flags=(IsInteger|IsStore)
2352645: board.processor.cores.core: A0 T0 : 0x23ec6 @memcpy+4    : c_sdsp s2, 16(sp)          : MemWrite :  D=0x0000000000000010 A=0x7ffffffffffff710  flags=(IsInteger|IsStore)
2352978: board.processor.cores.core: A0 T0 : 0x23ec8 @memcpy+6    : c_sdsp ra, 40(sp)          : MemWrite :  D=0x000000000001bc1e A=0x7ffffffffffff728  flags=(IsInteger|IsStore)
2353311: board.processor.cores.core: A0 T0 : 0x23eca @memcpy+8    : c_sdsp s1, 24(sp)          : MemWrite :  D=0x7ffffffffffffc80 A=0x7ffffffffffff718  flags=(IsInteger|IsStore)
2353644: board.processor.cores.core: A0 T0 : 0x23ecc @memcpy+10    : c_sdsp s3, 8(sp)           : MemWrite :  D=0x0000000000000000 A=0x7ffffffffffff708  flags=(IsInteger|IsStore)
2353977: board.processor.cores.core: A0 T0 : 0x23ece @memcpy+12    : c_li a5, 15                : IntAlu :  D=0x000000000000000f  flags=(IsInteger)
2354310: board.processor.cores.core: A0 T0 : 0x23ed0 @memcpy+14    : c_mv s2, a0                : IntAlu :  D=0x0000000000073f68  flags=(IsInteger)
2354643: board.processor.cores.core: A0 T0 : 0x23ed2 @memcpy+16    : c_mv a4, a0                : IntAlu :  D=0x0000000000073f68  flags=(IsInteger)
2354976: board.processor.cores.core: A0 T0 : 0x23ed4 @memcpy+18    : c_mv s0, a1                : IntAlu :  D=0x7ffffffffffffc80  flags=(IsInteger)
2355642: board.processor.cores.core: A0 T0 : 0x23ed6 @memcpy+20    : bgeu a5, a2, 72            : IntAlu :   flags=(IsInteger|IsControl|IsDirectControl|IsCondControl)
2356308: board.processor.cores.core: A0 T0 : 0x23eda @memcpy+24    : sub a0, ft0, a0            : IntAlu :  D=0xfffffffffff8c098  flags=(IsInteger)
2356641: board.processor.cores.core: A0 T0 : 0x23ede @memcpy+28    : c_andi a0, 7               : IntAlu :  D=0x0000000000000000  flags=(IsInteger)
2356974: board.processor.cores.core: A0 T0 : 0x23ee0 @memcpy+30    : sub s1, a2, a0             : IntAlu :  D=0x0000000000000010  flags=(IsInteger)
2357307: board.processor.cores.core: A0 T0 : 0x23ee4 @memcpy+34    : c_beqz a0, 110             : IntAlu :   flags=(IsInteger|IsControl|IsDirectControl|IsCondControl)
2357640: board.processor.cores.core: A0 T0 : 0x23f52 @memcpy+144    : c_mv s3, s2                : IntAlu :  D=0x0000000000073f68  flags=(IsInteger)
2357973: board.processor.cores.core: A0 T0 : 0x23f54 @memcpy+146    : c_j -84                    : IntAlu :   flags=(IsControl|IsDirectControl|IsUncondControl)
2358306: board.processor.cores.core: A0 T0 : 0x23f00 @memcpy+62    : andi a5, s0, 7             : IntAlu :  D=0x0000000000000000  flags=(IsInteger)
2358639: board.processor.cores.core: A0 T0 : 0x23f04 @memcpy+66    : srli a2, s1, 3             : IntAlu :  D=0x0000000000000002  flags=(IsInteger)
2358972: board.processor.cores.core: A0 T0 : 0x23f08 @memcpy+70    : c_mv a1, s0                : IntAlu :  D=0x7ffffffffffffc80  flags=(IsInteger)
2359305: board.processor.cores.core: A0 T0 : 0x23f0a @memcpy+72    : c_mv a0, s3                : IntAlu :  D=0x0000000000073f68  flags=(IsInteger)
2359638: board.processor.cores.core: A0 T0 : 0x23f0c @memcpy+74    : c_bnez a5, 64              : IntAlu :   flags=(IsInteger|IsControl|IsDirectControl|IsCondControl)
2360304: board.processor.cores.core: A0 T0 : 0x23f0e @memcpy+76    : jal ra, 72                 : IntAlu :  D=0x0000000000023f12  flags=(IsInteger|IsControl|IsDirectControl|IsUncondControl|IsCall)
2360970: board.processor.cores.core: A0 T0 : 0x23f56 @_wordcopy_fwd_aligned    : andi a5, a2, 7             : IntAlu :  D=0x0000000000000002  flags=(IsInteger)
2361636: board.processor.cores.core: A0 T0 : 0x23f5a @_wordcopy_fwd_aligned+4    : lui a4, 79                 : IntAlu :  D=0x000000000004f000  flags=(IsInteger)
2361969: board.processor.cores.core: A0 T0 : 0x23f5e @_wordcopy_fwd_aligned+8    : c_slli a5, 2               : IntAlu :  D=0x0000000000000008  flags=(IsInteger)
2362302: board.processor.cores.core: A0 T0 : 0x23f60 @_wordcopy_fwd_aligned+10    : addi a4, a4, -448          : IntAlu :  D=0x000000000004ee40  flags=(IsInteger)
2362635: board.processor.cores.core: A0 T0 : 0x23f64 @_wordcopy_fwd_aligned+14    : c_add a5, a4               : IntAlu :  D=0x000000000004ee48  flags=(IsInteger)
2362968: board.processor.cores.core: A0 T0 : 0x23f66 @_wordcopy_fwd_aligned+16    : c_lw a5, 0(a5)             : MemRead :  D=0x0000000000023fe0 A=0x4ee48  flags=(IsInteger|IsLoad)
2363301: board.processor.cores.core: A0 T0 : 0x23f68 @_wordcopy_fwd_aligned+18    : c_jr a5                    : IntAlu :   flags=(IsInteger|IsControl|IsIndirectControl|IsUncondControl)
2363634: board.processor.cores.core: A0 T0 : 0x23fe0 @_wordcopy_fwd_aligned+138    : ld a6, 0(a1)               : MemRead :  D=0x4646464646464646 A=0x7ffffffffffffc80  flags=(IsInteger|IsLoad)
2363967: board.processor.cores.core: A0 T0 : 0x23fe4 @_wordcopy_fwd_aligned+142    : c_mv a3, a0                : IntAlu :  D=0x0000000000073f68  flags=(IsInteger)
2364633: board.processor.cores.core: A0 T0 : 0x23fe6 @_wordcopy_fwd_aligned+144    : addi a1, a1, -48           : IntAlu :  D=0x7ffffffffffffc50  flags=(IsInteger)
2365299: board.processor.cores.core: A0 T0 : 0x23fea @_wordcopy_fwd_aligned+148    : addi a5, a0, -56           : IntAlu :  D=0x0000000000073f30  flags=(IsInteger)
2365632: board.processor.cores.core: A0 T0 : 0x23fee @_wordcopy_fwd_aligned+152    : c_addi a2, 6               : IntAlu :  D=0x0000000000000008  flags=(IsInteger)
2365965: board.processor.cores.core: A0 T0 : 0x23ff0 @_wordcopy_fwd_aligned+154    : c_j -74                    : IntAlu :   flags=(IsControl|IsDirectControl|IsUncondControl)
2366298: board.processor.cores.core: A0 T0 : 0x23fa6 @_wordcopy_fwd_aligned+80    : c_ld a4, 56(a1)            : MemRead :  D=0x4646464646464646 A=0x7ffffffffffffc88  flags=(IsInteger|IsLoad)
2366631: board.processor.cores.core: A0 T0 : 0x23fa8 @_wordcopy_fwd_aligned+82    : addi a5, a5, 64            : IntAlu :  D=0x0000000000073f70  flags=(IsInteger)
2366964: board.processor.cores.core: A0 T0 : 0x23fac @_wordcopy_fwd_aligned+86    : sd a6, 0(a3)               : MemWrite :  D=0x4646464646464646 A=0x73f68  flags=(IsInteger|IsStore)
2367297: board.processor.cores.core: A0 T0 : 0x23fb0 @_wordcopy_fwd_aligned+90    : c_addi a2, -8              : IntAlu :  D=0x0000000000000000  flags=(IsInteger)
2367630: board.processor.cores.core: A0 T0 : 0x23fb2 @_wordcopy_fwd_aligned+92    : c_mv a0, a5                : IntAlu :  D=0x0000000000073f70  flags=(IsInteger)
2367963: board.processor.cores.core: A0 T0 : 0x23fb4 @_wordcopy_fwd_aligned+94    : addi a1, a1, 64            : IntAlu :  D=0x7ffffffffffffc90  flags=(IsInteger)
2368296: board.processor.cores.core: A0 T0 : 0x23fb8 @_wordcopy_fwd_aligned+98    : c_beqz a2, 24              : IntAlu :   flags=(IsInteger|IsControl|IsDirectControl|IsCondControl)
2368629: board.processor.cores.core: A0 T0 : 0x23fd0 @_wordcopy_fwd_aligned+122    : c_sd a4, 0(a0)             : MemWrite :  D=0x4646464646464646 A=0x73f70  flags=(IsInteger|IsStore)
2368962: board.processor.cores.core: A0 T0 : 0x23fd2 @_wordcopy_fwd_aligned+124    : c_jr ra                    : IntAlu :   flags=(IsInteger|IsControl|IsIndirectControl|IsUncondControl|IsReturn)
2369628: board.processor.cores.core: A0 T0 : 0x23f12 @memcpy+80    : andi a4, s1, 18446744073709551608 : IntAlu :  D=0x0000000000000010  flags=(IsInteger)
2369961: board.processor.cores.core: A0 T0 : 0x23f16 @memcpy+84    : c_add s0, a4               : IntAlu :  D=0x7ffffffffffffc90  flags=(IsInteger)
2370294: board.processor.cores.core: A0 T0 : 0x23f18 @memcpy+86    : andi a2, s1, 7             : IntAlu :  D=0x0000000000000000  flags=(IsInteger)
2370627: board.processor.cores.core: A0 T0 : 0x23f1c @memcpy+90    : c_add a4, s3               : IntAlu :  D=0x0000000000073f78  flags=(IsInteger)
2370960: board.processor.cores.core: A0 T0 : 0x23f1e @memcpy+92    : c_addi a4, -1              : IntAlu :  D=0x0000000000073f77  flags=(IsInteger)
2371293: board.processor.cores.core: A0 T0 : 0x23f20 @memcpy+94    : c_mv a5, s0                : IntAlu :  D=0x7ffffffffffffc90  flags=(IsInteger)
2371959: board.processor.cores.core: A0 T0 : 0x23f22 @memcpy+96    : add a1, a2, s0             : IntAlu :  D=0x7ffffffffffffc90  flags=(IsInteger)
2372292: board.processor.cores.core: A0 T0 : 0x23f26 @memcpy+100    : c_sub a4, s0               : IntAlu :  D=0x80000000000742e7  flags=(IsInteger)
2372625: board.processor.cores.core: A0 T0 : 0x23f28 @memcpy+102    : c_beqz a2, 20              : IntAlu :   flags=(IsInteger|IsControl|IsDirectControl|IsCondControl)
2372958: board.processor.cores.core: A0 T0 : 0x23f3c @memcpy+122    : c_ldsp ra, 40(sp)          : MemRead :  D=0x000000000001bc1e A=0x7ffffffffffff728  flags=(IsInteger|IsLoad)
2373291: board.processor.cores.core: A0 T0 : 0x23f3e @memcpy+124    : c_ldsp s0, 32(sp)          : MemRead :  D=0x000000000006f1c8 A=0x7ffffffffffff720  flags=(IsInteger|IsLoad)
2373624: board.processor.cores.core: A0 T0 : 0x23f40 @memcpy+126    : c_ldsp s1, 24(sp)          : MemRead :  D=0x7ffffffffffffc80 A=0x7ffffffffffff718  flags=(IsInteger|IsLoad)
2373957: board.processor.cores.core: A0 T0 : 0x23f42 @memcpy+128    : c_ldsp s3, 8(sp)           : MemRead :  D=0x0000000000000000 A=0x7ffffffffffff708  flags=(IsInteger|IsLoad)
2374290: board.processor.cores.core: A0 T0 : 0x23f44 @memcpy+130    : c_mv a0, s2                : IntAlu :  D=0x0000000000073f68  flags=(IsInteger)
2374623: board.processor.cores.core: A0 T0 : 0x23f46 @memcpy+132    : c_ldsp s2, 16(sp)          : MemRead :  D=0x0000000000000010 A=0x7ffffffffffff710  flags=(IsInteger|IsLoad)
2374956: board.processor.cores.core: A0 T0 : 0x23f48 @memcpy+134    : c_addi16sp sp, 48          : IntAlu :  D=0x7ffffffffffff730  flags=(IsInteger)
2375289: board.processor.cores.core: A0 T0 : 0x23f4a @memcpy+136    : c_jr ra                    : IntAlu :   flags=(IsInteger|IsControl|IsIndirectControl|IsUncondControl|IsReturn)
2375622: board.processor.cores.core: A0 T0 : 0x1bc1e @_IO_file_xsputn+68    : c_add a0, s2               : IntAlu :  D=0x0000000000073f78  flags=(IsInteger)
2375955: board.processor.cores.core: A0 T0 : 0x1bc20 @_IO_file_xsputn+70    : c_add s1, s2               : IntAlu :  D=0x7ffffffffffffc90  flags=(IsInteger)
2376288: board.processor.cores.core: A0 T0 : 0x1bc22 @_IO_file_xsputn+72    : c_sd a0, 40(s0)            : MemWrite :  D=0x0000000000073f78 A=0x6f1f0  flags=(IsInteger|IsStore)
2376621: board.processor.cores.core: A0 T0 : 0x1bc24 @_IO_file_xsputn+74    : sub s2, s4, s2             : IntAlu :  D=0x0000000000000000  flags=(IsInteger)
2376954: board.processor.cores.core: A0 T0 : 0x1bc28 @_IO_file_xsputn+78    : c_add s3, s2               : IntAlu :  D=0x0000000000000000  flags=(IsInteger)
2377620: board.processor.cores.core: A0 T0 : 0x1bc2a @_IO_file_xsputn+80    : bne s3, ft0, 72            : IntAlu :   flags=(IsInteger|IsControl|IsDirectControl|IsCondControl)
2378286: board.processor.cores.core: A0 T0 : 0x1bc2e @_IO_file_xsputn+84    : sub s3, s4, s2             : IntAlu :  D=0x0000000000000010  flags=(IsInteger)
2378619: board.processor.cores.core: A0 T0 : 0x1bc32 @_IO_file_xsputn+88    : c_ldsp ra, 56(sp)          : MemRead :  D=0x00000000000178f6 A=0x7ffffffffffff768  flags=(IsInteger|IsLoad)
2378952: board.processor.cores.core: A0 T0 : 0x1bc34 @_IO_file_xsputn+90    : c_ldsp s0, 48(sp)          : MemRead :  D=0x000000000000000a A=0x7ffffffffffff760  flags=(IsInteger|IsLoad)
2379285: board.processor.cores.core: A0 T0 : 0x1bc36 @_IO_file_xsputn+92    : c_ldsp s1, 40(sp)          : MemRead :  D=0x7ffffffffffffd30 A=0x7ffffffffffff758  flags=(IsInteger|IsLoad)
2379618: board.processor.cores.core: A0 T0 : 0x1bc38 @_IO_file_xsputn+94    : c_ldsp s2, 32(sp)          : MemRead :  D=0x0000000000000690 A=0x7ffffffffffff750  flags=(IsInteger|IsLoad)
2379951: board.processor.cores.core: A0 T0 : 0x1bc3a @_IO_file_xsputn+96    : c_ldsp s4, 16(sp)          : MemRead :  D=0x0000000000000000 A=0x7ffffffffffff740  flags=(IsInteger|IsLoad)
2380284: board.processor.cores.core: A0 T0 : 0x1bc3c @_IO_file_xsputn+98    : c_ldsp s5, 8(sp)           : MemRead :  D=0x0000000000069768 A=0x7ffffffffffff738  flags=(IsInteger|IsLoad)
2380617: board.processor.cores.core: A0 T0 : 0x1bc3e @_IO_file_xsputn+100    : c_mv a0, s3                : IntAlu :  D=0x0000000000000010  flags=(IsInteger)
2380950: board.processor.cores.core: A0 T0 : 0x1bc40 @_IO_file_xsputn+102    : c_ldsp s3, 24(sp)          : MemRead :  D=0x000000000004c450 A=0x7ffffffffffff748  flags=(IsInteger|IsLoad)
2381283: board.processor.cores.core: A0 T0 : 0x1bc42 @_IO_file_xsputn+104    : c_addi16sp sp, 64          : IntAlu :  D=0x7ffffffffffff770  flags=(IsInteger)
2381616: board.processor.cores.core: A0 T0 : 0x1bc44 @_IO_file_xsputn+106    : c_jr ra                    : IntAlu :   flags=(IsInteger|IsControl|IsIndirectControl|IsUncondControl|IsReturn)
2381949: board.processor.cores.core: A0 T0 : 0x178f6 @__vfprintf_internal+1668    : c_ldsp a4, 48(sp)          : MemRead :  D=0x0000000000000010 A=0x7ffffffffffff7a0  flags=(IsInteger|IsLoad)
2382282: board.processor.cores.core: A0 T0 : 0x178f8 @__vfprintf_internal+1670    : bne a4, a0, 948            : IntAlu :   flags=(IsInteger|IsControl|IsDirectControl|IsCondControl)
2382615: board.processor.cores.core: A0 T0 : 0x178fc @__vfprintf_internal+1674    : add a5, s0, a4             : IntAlu :  D=0x000000000000001a  flags=(IsInteger)
2382948: board.processor.cores.core: A0 T0 : 0x17900 @__vfprintf_internal+1678    : c_li a3, 0                 : IntAlu :  D=0x0000000000000000  flags=(IsInteger)
2383614: board.processor.cores.core: A0 T0 : 0x17902 @__vfprintf_internal+1680    : blt a5, ft0, 3618          : IntAlu :   flags=(IsInteger|IsControl|IsDirectControl|IsCondControl)
2384280: board.processor.cores.core: A0 T0 : 0x17906 @__vfprintf_internal+1684    : bltu a5, a4, 3614          : IntAlu :   flags=(IsInteger|IsControl|IsDirectControl|IsCondControl)
2384946: board.processor.cores.core: A0 T0 : 0x1790a @__vfprintf_internal+1688    : addiw s0, a5, 0            : IntAlu :  D=0x000000000000001a  flags=(IsInteger)
2385612: board.processor.cores.core: A0 T0 : 0x1790e @__vfprintf_internal+1692    : bne a5, s0, 3618           : IntAlu :   flags=(IsInteger|IsControl|IsDirectControl|IsCondControl)
2385945: board.processor.cores.core: A0 T0 : 0x17912 @__vfprintf_internal+1696    : c_bnez a3, 102             : IntAlu :   flags=(IsInteger|IsControl|IsDirectControl|IsCondControl)
2386278: board.processor.cores.core: A0 T0 : 0x17914 @__vfprintf_internal+1698    : bge s0, ft0, -328          : IntAlu :   flags=(IsInteger|IsControl|IsDirectControl|IsCondControl)
2386611: board.processor.cores.core: A0 T0 : 0x177cc @__vfprintf_internal+1370    : c_ldsp a5, 216(sp)         : MemRead :  D=0x000000000004c45c A=0x7ffffffffffff848  flags=(IsInteger|IsLoad)
2387277: board.processor.cores.core: A0 T0 : 0x177ce @__vfprintf_internal+1372    : addi a1, ft0, 37           : IntAlu :  D=0x0000000000000025  flags=(IsInteger)
2387610: board.processor.cores.core: A0 T0 : 0x177d2 @__vfprintf_internal+1376    : c_addiw s4, 1              : IntAlu :  D=0x0000000000000001  flags=(IsInteger)
2387943: board.processor.cores.core: A0 T0 : 0x177d4 @__vfprintf_internal+1378    : addi s11, a5, 1            : IntAlu :  D=0x000000000004c45d  flags=(IsInteger)
2388276: board.processor.cores.core: A0 T0 : 0x177d8 @__vfprintf_internal+1382    : c_mv a0, s11               : IntAlu :  D=0x000000000004c45d  flags=(IsInteger)
2388609: board.processor.cores.core: A0 T0 : 0x177da @__vfprintf_internal+1384    : c_sdsp s11, 216(sp)        : MemWrite :  D=0x000000000004c45d A=0x7ffffffffffff848  flags=(IsInteger|IsStore)
2388942: board.processor.cores.core: A0 T0 : 0x177dc @__vfprintf_internal+1386    : jal ra, 51962              : IntAlu :  D=0x00000000000177e0  flags=(IsInteger|IsControl|IsDirectControl|IsUncondControl|IsCall)
2389608: board.processor.cores.core: A0 T0 : 0x242d6 @strchrnul    : andi a5, a0, 7             : IntAlu :  D=0x0000000000000005  flags=(IsInteger)
2390274: board.processor.cores.core: A0 T0 : 0x242da @strchrnul+4    : andi a4, a1, 255           : IntAlu :  D=0x0000000000000025  flags=(IsInteger)
2390607: board.processor.cores.core: A0 T0 : 0x242de @strchrnul+8    : c_bnez a5, 14              : IntAlu :   flags=(IsInteger|IsControl|IsDirectControl|IsCondControl)
2390940: board.processor.cores.core: A0 T0 : 0x242ec @strchrnul+22    : lbu a5, 0(a0)              : MemRead :  D=0x0000000000000020 A=0x4c45d  flags=(IsInteger|IsLoad)
2391273: board.processor.cores.core: A0 T0 : 0x242f0 @strchrnul+26    : bne a5, a4, -14            : IntAlu :   flags=(IsInteger|IsControl|IsDirectControl|IsCondControl)
2391606: board.processor.cores.core: A0 T0 : 0x242e2 @strchrnul+12    : c_beqz a5, 18              : IntAlu :   flags=(IsInteger|IsControl|IsDirectControl|IsCondControl)
2391939: board.processor.cores.core: A0 T0 : 0x242e4 @strchrnul+14    : c_addi a0, 1               : IntAlu :  D=0x000000000004c45e  flags=(IsInteger)
2392605: board.processor.cores.core: A0 T0 : 0x242e6 @strchrnul+16    : andi a5, a0, 7             : IntAlu :  D=0x0000000000000006  flags=(IsInteger)
2392938: board.processor.cores.core: A0 T0 : 0x242ea @strchrnul+20    : c_beqz a5, 12              : IntAlu :   flags=(IsInteger|IsControl|IsDirectControl|IsCondControl)
2393271: board.processor.cores.core: A0 T0 : 0x242ec @strchrnul+22    : lbu a5, 0(a0)              : MemRead :  D=0x000000000000000a A=0x4c45e  flags=(IsInteger|IsLoad)
2393604: board.processor.cores.core: A0 T0 : 0x242f0 @strchrnul+26    : bne a5, a4, -14            : IntAlu :   flags=(IsInteger|IsControl|IsDirectControl|IsCondControl)
2393937: board.processor.cores.core: A0 T0 : 0x242e2 @strchrnul+12    : c_beqz a5, 18              : IntAlu :   flags=(IsInteger|IsControl|IsDirectControl|IsCondControl)
2394270: board.processor.cores.core: A0 T0 : 0x242e4 @strchrnul+14    : c_addi a0, 1               : IntAlu :  D=0x000000000004c45f  flags=(IsInteger)
2394936: board.processor.cores.core: A0 T0 : 0x242e6 @strchrnul+16    : andi a5, a0, 7             : IntAlu :  D=0x0000000000000007  flags=(IsInteger)
2395269: board.processor.cores.core: A0 T0 : 0x242ea @strchrnul+20    : c_beqz a5, 12              : IntAlu :   flags=(IsInteger|IsControl|IsDirectControl|IsCondControl)
2395602: board.processor.cores.core: A0 T0 : 0x242ec @strchrnul+22    : lbu a5, 0(a0)              : MemRead :  D=0x0000000000000000 A=0x4c45f  flags=(IsInteger|IsLoad)
2395935: board.processor.cores.core: A0 T0 : 0x242f0 @strchrnul+26    : bne a5, a4, -14            : IntAlu :   flags=(IsInteger|IsControl|IsDirectControl|IsCondControl)
2396268: board.processor.cores.core: A0 T0 : 0x242e2 @strchrnul+12    : c_beqz a5, 18              : IntAlu :   flags=(IsInteger|IsControl|IsDirectControl|IsCondControl)
2396601: board.processor.cores.core: A0 T0 : 0x242f4 @strchrnul+30    : c_jr ra                    : IntAlu :   flags=(IsInteger|IsControl|IsIndirectControl|IsUncondControl|IsReturn)
2396934: board.processor.cores.core: A0 T0 : 0x177e0 @__vfprintf_internal+1390    : ld a4, 216(s8)             : MemRead :  D=0x0000000000069a08 A=0x6f2a0  flags=(IsInteger|IsLoad)
2397267: board.processor.cores.core: A0 T0 : 0x177e4 @__vfprintf_internal+1394    : c_sdsp a0, 216(sp)         : MemWrite :  D=0x000000000004c45f A=0x7ffffffffffff848  flags=(IsInteger|IsStore)
2397933: board.processor.cores.core: A0 T0 : 0x177e6 @__vfprintf_internal+1396    : sub s9, a0, s11            : IntAlu :  D=0x0000000000000002  flags=(IsInteger)
2398599: board.processor.cores.core: A0 T0 : 0x177ea @__vfprintf_internal+1400    : sub a3, a4, s5             : IntAlu :  D=0x00000000000002a0  flags=(IsInteger)
2399265: board.processor.cores.core: A0 T0 : 0x177ee @__vfprintf_internal+1404    : bgeu a3, s2, 1806          : IntAlu :   flags=(IsInteger|IsControl|IsDirectControl|IsCondControl)
2399598: board.processor.cores.core: A0 T0 : 0x177f2 @__vfprintf_internal+1408    : c_ld a4, 56(a4)            : MemRead :  D=0x000000000001bbda A=0x69a40  flags=(IsInteger|IsLoad)
2399931: board.processor.cores.core: A0 T0 : 0x177f4 @__vfprintf_internal+1410    : c_mv a2, s9                : IntAlu :  D=0x0000000000000002  flags=(IsInteger)
2400264: board.processor.cores.core: A0 T0 : 0x177f6 @__vfprintf_internal+1412    : c_mv a1, s11               : IntAlu :  D=0x000000000004c45d  flags=(IsInteger)
2400597: board.processor.cores.core: A0 T0 : 0x177f8 @__vfprintf_internal+1414    : c_mv a0, s8                : IntAlu :  D=0x000000000006f1c8  flags=(IsInteger)
2400930: board.processor.cores.core: A0 T0 : 0x177fa @__vfprintf_internal+1416    : c_jalr a4                  : IntAlu :  D=0x00000000000177fc  flags=(IsInteger|IsControl|IsIndirectControl|IsUncondControl|IsCall)
2401263: board.processor.cores.core: A0 T0 : 0x1bbda @_IO_file_xsputn    : c_addi16sp sp, -64         : IntAlu :  D=0x7ffffffffffff730  flags=(IsInteger)
2401596: board.processor.cores.core: A0 T0 : 0x1bbdc @_IO_file_xsputn+2    : c_sdsp s3, 24(sp)          : MemWrite :  D=0x000000000004c450 A=0x7ffffffffffff748  flags=(IsInteger|IsStore)
2401929: board.processor.cores.core: A0 T0 : 0x1bbde @_IO_file_xsputn+4    : c_sdsp ra, 56(sp)          : MemWrite :  D=0x00000000000177fc A=0x7ffffffffffff768  flags=(IsInteger|IsStore)
2402262: board.processor.cores.core: A0 T0 : 0x1bbe0 @_IO_file_xsputn+6    : c_sdsp s0, 48(sp)          : MemWrite :  D=0x000000000000001a A=0x7ffffffffffff760  flags=(IsInteger|IsStore)
2402595: board.processor.cores.core: A0 T0 : 0x1bbe2 @_IO_file_xsputn+8    : c_sdsp s1, 40(sp)          : MemWrite :  D=0x7ffffffffffffd30 A=0x7ffffffffffff758  flags=(IsInteger|IsStore)
2402928: board.processor.cores.core: A0 T0 : 0x1bbe4 @_IO_file_xsputn+10    : c_sdsp s2, 32(sp)          : MemWrite :  D=0x0000000000000690 A=0x7ffffffffffff750  flags=(IsInteger|IsStore)
2403261: board.processor.cores.core: A0 T0 : 0x1bbe6 @_IO_file_xsputn+12    : c_sdsp s4, 16(sp)          : MemWrite :  D=0x0000000000000001 A=0x7ffffffffffff740  flags=(IsInteger|IsStore)
2403594: board.processor.cores.core: A0 T0 : 0x1bbe8 @_IO_file_xsputn+14    : c_sdsp s5, 8(sp)           : MemWrite :  D=0x0000000000069768 A=0x7ffffffffffff738  flags=(IsInteger|IsStore)
2403927: board.processor.cores.core: A0 T0 : 0x1bbea @_IO_file_xsputn+16    : c_li s3, 0                 : IntAlu :  D=0x0000000000000000  flags=(IsInteger)
2404260: board.processor.cores.core: A0 T0 : 0x1bbec @_IO_file_xsputn+18    : c_beqz a2, 70              : IntAlu :   flags=(IsInteger|IsControl|IsDirectControl|IsCondControl)
2404593: board.processor.cores.core: A0 T0 : 0x1bbee @_IO_file_xsputn+20    : c_ld a4, 0(a0)             : MemRead :  D=0x00000000fbad2884 A=0x6f1c8  flags=(IsInteger|IsLoad)
2404926: board.processor.cores.core: A0 T0 : 0x1bbf0 @_IO_file_xsputn+22    : c_lui a5, 1                : IntAlu :  D=0x0000000000001000  flags=(IsInteger)
2405592: board.processor.cores.core: A0 T0 : 0x1bbf2 @_IO_file_xsputn+24    : addi a5, a5, -1536         : IntAlu :  D=0x0000000000000a00  flags=(IsInteger)
2405925: board.processor.cores.core: A0 T0 : 0x1bbf6 @_IO_file_xsputn+28    : c_and a4, a5               : IntAlu :  D=0x0000000000000800  flags=(IsInteger)
2406258: board.processor.cores.core: A0 T0 : 0x1bbf8 @_IO_file_xsputn+30    : c_mv s0, a0                : IntAlu :  D=0x000000000006f1c8  flags=(IsInteger)
2406591: board.processor.cores.core: A0 T0 : 0x1bbfa @_IO_file_xsputn+32    : c_mv s4, a2                : IntAlu :  D=0x0000000000000002  flags=(IsInteger)
2406924: board.processor.cores.core: A0 T0 : 0x1bbfc @_IO_file_xsputn+34    : c_ld a0, 40(a0)            : MemRead :  D=0x0000000000073f78 A=0x6f1f0  flags=(IsInteger|IsLoad)
2407257: board.processor.cores.core: A0 T0 : 0x1bbfe @_IO_file_xsputn+36    : c_mv s1, a1                : IntAlu :  D=0x000000000004c45d  flags=(IsInteger)
2407590: board.processor.cores.core: A0 T0 : 0x1bc00 @_IO_file_xsputn+38    : beq a4, a5, 70             : IntAlu :   flags=(IsInteger|IsControl|IsDirectControl|IsCondControl)
2407923: board.processor.cores.core: A0 T0 : 0x1bc04 @_IO_file_xsputn+42    : c_ld a4, 48(s0)            : MemRead :  D=0x0000000000075f20 A=0x6f1f8  flags=(IsInteger|IsLoad)
2408589: board.processor.cores.core: A0 T0 : 0x1bc06 @_IO_file_xsputn+44    : bgeu a0, a4, 106           : IntAlu :   flags=(IsInteger|IsControl|IsDirectControl|IsCondControl)
2408922: board.processor.cores.core: A0 T0 : 0x1bc0a @_IO_file_xsputn+48    : c_sub a4, a0               : IntAlu :  D=0x0000000000001fa8  flags=(IsInteger)
2409255: board.processor.cores.core: A0 T0 : 0x1bc0c @_IO_file_xsputn+50    : c_li s3, 0                 : IntAlu :  D=0x0000000000000000  flags=(IsInteger)
2409588: board.processor.cores.core: A0 T0 : 0x1bc0e @_IO_file_xsputn+52    : c_beqz a4, 98              : IntAlu :   flags=(IsInteger|IsControl|IsDirectControl|IsCondControl)
2409921: board.processor.cores.core: A0 T0 : 0x1bc10 @_IO_file_xsputn+54    : c_mv s2, s4                : IntAlu :  D=0x0000000000000002  flags=(IsInteger)
2410587: board.processor.cores.core: A0 T0 : 0x1bc12 @_IO_file_xsputn+56    : bltu a4, s4, 218           : IntAlu :   flags=(IsInteger|IsControl|IsDirectControl|IsCondControl)
2410920: board.processor.cores.core: A0 T0 : 0x1bc16 @_IO_file_xsputn+60    : c_mv a1, s1                : IntAlu :  D=0x000000000004c45d  flags=(IsInteger)
2411253: board.processor.cores.core: A0 T0 : 0x1bc18 @_IO_file_xsputn+62    : c_mv a2, s2                : IntAlu :  D=0x0000000000000002  flags=(IsInteger)
2411919: board.processor.cores.core: A0 T0 : 0x1bc1a @_IO_file_xsputn+64    : jal ra, 33448              : IntAlu :  D=0x000000000001bc1e  flags=(IsInteger|IsControl|IsDirectControl|IsUncondControl|IsCall)
2412252: board.processor.cores.core: A0 T0 : 0x23ec2 @memcpy    : c_addi16sp sp, -48         : IntAlu :  D=0x7ffffffffffff700  flags=(IsInteger)
2412585: board.processor.cores.core: A0 T0 : 0x23ec4 @memcpy+2    : c_sdsp s0, 32(sp)          : MemWrite :  D=0x000000000006f1c8 A=0x7ffffffffffff720  flags=(IsInteger|IsStore)
2412918: board.processor.cores.core: A0 T0 : 0x23ec6 @memcpy+4    : c_sdsp s2, 16(sp)          : MemWrite :  D=0x0000000000000002 A=0x7ffffffffffff710  flags=(IsInteger|IsStore)
2413251: board.processor.cores.core: A0 T0 : 0x23ec8 @memcpy+6    : c_sdsp ra, 40(sp)          : MemWrite :  D=0x000000000001bc1e A=0x7ffffffffffff728  flags=(IsInteger|IsStore)
2413584: board.processor.cores.core: A0 T0 : 0x23eca @memcpy+8    : c_sdsp s1, 24(sp)          : MemWrite :  D=0x000000000004c45d A=0x7ffffffffffff718  flags=(IsInteger|IsStore)
2413917: board.processor.cores.core: A0 T0 : 0x23ecc @memcpy+10    : c_sdsp s3, 8(sp)           : MemWrite :  D=0x0000000000000000 A=0x7ffffffffffff708  flags=(IsInteger|IsStore)
2414250: board.processor.cores.core: A0 T0 : 0x23ece @memcpy+12    : c_li a5, 15                : IntAlu :  D=0x000000000000000f  flags=(IsInteger)
2414583: board.processor.cores.core: A0 T0 : 0x23ed0 @memcpy+14    : c_mv s2, a0                : IntAlu :  D=0x0000000000073f78  flags=(IsInteger)
2414916: board.processor.cores.core: A0 T0 : 0x23ed2 @memcpy+16    : c_mv a4, a0                : IntAlu :  D=0x0000000000073f78  flags=(IsInteger)
2415249: board.processor.cores.core: A0 T0 : 0x23ed4 @memcpy+18    : c_mv s0, a1                : IntAlu :  D=0x000000000004c45d  flags=(IsInteger)
2415915: board.processor.cores.core: A0 T0 : 0x23ed6 @memcpy+20    : bgeu a5, a2, 72            : IntAlu :   flags=(IsInteger|IsControl|IsDirectControl|IsCondControl)
2416248: board.processor.cores.core: A0 T0 : 0x23f1e @memcpy+92    : c_addi a4, -1              : IntAlu :  D=0x0000000000073f77  flags=(IsInteger)
2416581: board.processor.cores.core: A0 T0 : 0x23f20 @memcpy+94    : c_mv a5, s0                : IntAlu :  D=0x000000000004c45d  flags=(IsInteger)
2417247: board.processor.cores.core: A0 T0 : 0x23f22 @memcpy+96    : add a1, a2, s0             : IntAlu :  D=0x000000000004c45f  flags=(IsInteger)
2417580: board.processor.cores.core: A0 T0 : 0x23f26 @memcpy+100    : c_sub a4, s0               : IntAlu :  D=0x0000000000027b1a  flags=(IsInteger)
2417913: board.processor.cores.core: A0 T0 : 0x23f28 @memcpy+102    : c_beqz a2, 20              : IntAlu :   flags=(IsInteger|IsControl|IsDirectControl|IsCondControl)
2418579: board.processor.cores.core: A0 T0 : 0x23f2a @memcpy+104    : lbu a2, 0(a5)              : MemRead :  D=0x0000000000000020 A=0x4c45d  flags=(IsInteger|IsLoad)
2418912: board.processor.cores.core: A0 T0 : 0x23f2e @memcpy+108    : c_addi a5, 1               : IntAlu :  D=0x000000000004c45e  flags=(IsInteger)
2419245: board.processor.cores.core: A0 T0 : 0x23f30 @memcpy+110    : add a3, a4, a5             : IntAlu :  D=0x0000000000073f78  flags=(IsInteger)
2419578: board.processor.cores.core: A0 T0 : 0x23f34 @memcpy+114    : sb a2, 0(a3)               : MemWrite :  D=0x0000000000000020 A=0x73f78  flags=(IsInteger|IsStore)
2419911: board.processor.cores.core: A0 T0 : 0x23f38 @memcpy+118    : bne a1, a5, -14            : IntAlu :   flags=(IsInteger|IsControl|IsDirectControl|IsCondControl)
2420577: board.processor.cores.core: A0 T0 : 0x23f2a @memcpy+104    : lbu a2, 0(a5)              : MemRead :  D=0x000000000000000a A=0x4c45e  flags=(IsInteger|IsLoad)
2420910: board.processor.cores.core: A0 T0 : 0x23f2e @memcpy+108    : c_addi a5, 1               : IntAlu :  D=0x000000000004c45f  flags=(IsInteger)
2421243: board.processor.cores.core: A0 T0 : 0x23f30 @memcpy+110    : add a3, a4, a5             : IntAlu :  D=0x0000000000073f79  flags=(IsInteger)
2421576: board.processor.cores.core: A0 T0 : 0x23f34 @memcpy+114    : sb a2, 0(a3)               : MemWrite :  D=0x000000000000000a A=0x73f79  flags=(IsInteger|IsStore)
2421909: board.processor.cores.core: A0 T0 : 0x23f38 @memcpy+118    : bne a1, a5, -14            : IntAlu :   flags=(IsInteger|IsControl|IsDirectControl|IsCondControl)
2422242: board.processor.cores.core: A0 T0 : 0x23f3c @memcpy+122    : c_ldsp ra, 40(sp)          : MemRead :  D=0x000000000001bc1e A=0x7ffffffffffff728  flags=(IsInteger|IsLoad)
2422575: board.processor.cores.core: A0 T0 : 0x23f3e @memcpy+124    : c_ldsp s0, 32(sp)          : MemRead :  D=0x000000000006f1c8 A=0x7ffffffffffff720  flags=(IsInteger|IsLoad)
2422908: board.processor.cores.core: A0 T0 : 0x23f40 @memcpy+126    : c_ldsp s1, 24(sp)          : MemRead :  D=0x000000000004c45d A=0x7ffffffffffff718  flags=(IsInteger|IsLoad)
2423241: board.processor.cores.core: A0 T0 : 0x23f42 @memcpy+128    : c_ldsp s3, 8(sp)           : MemRead :  D=0x0000000000000000 A=0x7ffffffffffff708  flags=(IsInteger|IsLoad)
2423574: board.processor.cores.core: A0 T0 : 0x23f44 @memcpy+130    : c_mv a0, s2                : IntAlu :  D=0x0000000000073f78  flags=(IsInteger)
2423907: board.processor.cores.core: A0 T0 : 0x23f46 @memcpy+132    : c_ldsp s2, 16(sp)          : MemRead :  D=0x0000000000000002 A=0x7ffffffffffff710  flags=(IsInteger|IsLoad)
2424240: board.processor.cores.core: A0 T0 : 0x23f48 @memcpy+134    : c_addi16sp sp, 48          : IntAlu :  D=0x7ffffffffffff730  flags=(IsInteger)
2424573: board.processor.cores.core: A0 T0 : 0x23f4a @memcpy+136    : c_jr ra                    : IntAlu :   flags=(IsInteger|IsControl|IsIndirectControl|IsUncondControl|IsReturn)
2424906: board.processor.cores.core: A0 T0 : 0x1bc1e @_IO_file_xsputn+68    : c_add a0, s2               : IntAlu :  D=0x0000000000073f7a  flags=(IsInteger)
2425239: board.processor.cores.core: A0 T0 : 0x1bc20 @_IO_file_xsputn+70    : c_add s1, s2               : IntAlu :  D=0x000000000004c45f  flags=(IsInteger)
2425572: board.processor.cores.core: A0 T0 : 0x1bc22 @_IO_file_xsputn+72    : c_sd a0, 40(s0)            : MemWrite :  D=0x0000000000073f7a A=0x6f1f0  flags=(IsInteger|IsStore)
2425905: board.processor.cores.core: A0 T0 : 0x1bc24 @_IO_file_xsputn+74    : sub s2, s4, s2             : IntAlu :  D=0x0000000000000000  flags=(IsInteger)
2426238: board.processor.cores.core: A0 T0 : 0x1bc28 @_IO_file_xsputn+78    : c_add s3, s2               : IntAlu :  D=0x0000000000000000  flags=(IsInteger)
2426904: board.processor.cores.core: A0 T0 : 0x1bc2a @_IO_file_xsputn+80    : bne s3, ft0, 72            : IntAlu :   flags=(IsInteger|IsControl|IsDirectControl|IsCondControl)
2427570: board.processor.cores.core: A0 T0 : 0x1bc2e @_IO_file_xsputn+84    : sub s3, s4, s2             : IntAlu :  D=0x0000000000000002  flags=(IsInteger)
2427903: board.processor.cores.core: A0 T0 : 0x1bc32 @_IO_file_xsputn+88    : c_ldsp ra, 56(sp)          : MemRead :  D=0x00000000000177fc A=0x7ffffffffffff768  flags=(IsInteger|IsLoad)
2428236: board.processor.cores.core: A0 T0 : 0x1bc34 @_IO_file_xsputn+90    : c_ldsp s0, 48(sp)          : MemRead :  D=0x000000000000001a A=0x7ffffffffffff760  flags=(IsInteger|IsLoad)
2428569: board.processor.cores.core: A0 T0 : 0x1bc36 @_IO_file_xsputn+92    : c_ldsp s1, 40(sp)          : MemRead :  D=0x7ffffffffffffd30 A=0x7ffffffffffff758  flags=(IsInteger|IsLoad)
2428902: board.processor.cores.core: A0 T0 : 0x1bc38 @_IO_file_xsputn+94    : c_ldsp s2, 32(sp)          : MemRead :  D=0x0000000000000690 A=0x7ffffffffffff750  flags=(IsInteger|IsLoad)
2429235: board.processor.cores.core: A0 T0 : 0x1bc3a @_IO_file_xsputn+96    : c_ldsp s4, 16(sp)          : MemRead :  D=0x0000000000000001 A=0x7ffffffffffff740  flags=(IsInteger|IsLoad)
2429568: board.processor.cores.core: A0 T0 : 0x1bc3c @_IO_file_xsputn+98    : c_ldsp s5, 8(sp)           : MemRead :  D=0x0000000000069768 A=0x7ffffffffffff738  flags=(IsInteger|IsLoad)
2429901: board.processor.cores.core: A0 T0 : 0x1bc3e @_IO_file_xsputn+100    : c_mv a0, s3                : IntAlu :  D=0x0000000000000002  flags=(IsInteger)
2430234: board.processor.cores.core: A0 T0 : 0x1bc40 @_IO_file_xsputn+102    : c_ldsp s3, 24(sp)          : MemRead :  D=0x000000000004c450 A=0x7ffffffffffff748  flags=(IsInteger|IsLoad)
2430567: board.processor.cores.core: A0 T0 : 0x1bc42 @_IO_file_xsputn+104    : c_addi16sp sp, 64          : IntAlu :  D=0x7ffffffffffff770  flags=(IsInteger)
2430900: board.processor.cores.core: A0 T0 : 0x1bc44 @_IO_file_xsputn+106    : c_jr ra                    : IntAlu :   flags=(IsInteger|IsControl|IsIndirectControl|IsUncondControl|IsReturn)
2431233: board.processor.cores.core: A0 T0 : 0x177fc @__vfprintf_internal+1418    : bne a0, s9, 1200           : IntAlu :   flags=(IsInteger|IsControl|IsDirectControl|IsCondControl)
2431566: board.processor.cores.core: A0 T0 : 0x17800 @__vfprintf_internal+1422    : add a5, s0, s9             : IntAlu :  D=0x000000000000001c  flags=(IsInteger)
2431899: board.processor.cores.core: A0 T0 : 0x17804 @__vfprintf_internal+1426    : c_li a4, 0                 : IntAlu :  D=0x0000000000000000  flags=(IsInteger)
2432565: board.processor.cores.core: A0 T0 : 0x17806 @__vfprintf_internal+1428    : blt a5, ft0, 3858          : IntAlu :   flags=(IsInteger|IsControl|IsDirectControl|IsCondControl)
2433231: board.processor.cores.core: A0 T0 : 0x1780a @__vfprintf_internal+1432    : bltu a5, s9, 3854          : IntAlu :   flags=(IsInteger|IsControl|IsDirectControl|IsCondControl)
2433897: board.processor.cores.core: A0 T0 : 0x1780e @__vfprintf_internal+1436    : addiw s0, a5, 0            : IntAlu :  D=0x000000000000001c  flags=(IsInteger)
2434563: board.processor.cores.core: A0 T0 : 0x17812 @__vfprintf_internal+1440    : bne a5, s0, 2684           : IntAlu :   flags=(IsInteger|IsControl|IsDirectControl|IsCondControl)
2435229: board.processor.cores.core: A0 T0 : 0x17816 @__vfprintf_internal+1444    : bne a4, ft0, 354           : IntAlu :   flags=(IsInteger|IsControl|IsDirectControl|IsCondControl)
2435895: board.processor.cores.core: A0 T0 : 0x1781a @__vfprintf_internal+1448    : blt s0, ft0, -1012         : IntAlu :   flags=(IsInteger|IsControl|IsDirectControl|IsCondControl)
2436228: board.processor.cores.core: A0 T0 : 0x1781e @__vfprintf_internal+1452    : c_ldsp a5, 216(sp)         : MemRead :  D=0x000000000004c45f A=0x7ffffffffffff848  flags=(IsInteger|IsLoad)
2436561: board.processor.cores.core: A0 T0 : 0x17820 @__vfprintf_internal+1454    : lbu a4, 0(a5)              : MemRead :  D=0x0000000000000000 A=0x4c45f  flags=(IsInteger|IsLoad)
2436894: board.processor.cores.core: A0 T0 : 0x17824 @__vfprintf_internal+1458    : bne a4, ft0, -1066         : IntAlu :   flags=(IsInteger|IsControl|IsDirectControl|IsCondControl)
2437227: board.processor.cores.core: A0 T0 : 0x17828 @__vfprintf_internal+1462    : c_j -1026                  : IntAlu :   flags=(IsControl|IsDirectControl|IsUncondControl)
2437893: board.processor.cores.core: A0 T0 : 0x17426 @__vfprintf_internal+436    : lw a5, 0(s8)               : MemRead :  D=0xfffffffffbad2884 A=0x6f1c8  flags=(IsInteger|IsLoad)
2438226: board.processor.cores.core: A0 T0 : 0x1742a @__vfprintf_internal+440    : c_srli a5, 15              : IntAlu :  D=0x0001fffffffff75a  flags=(IsInteger)
2438559: board.processor.cores.core: A0 T0 : 0x1742c @__vfprintf_internal+442    : c_andi a5, 1               : IntAlu :  D=0x0000000000000000  flags=(IsInteger)
2438892: board.processor.cores.core: A0 T0 : 0x1742e @__vfprintf_internal+444    : c_beqz a5, 76              : IntAlu :   flags=(IsInteger|IsControl|IsDirectControl|IsCondControl)
2439558: board.processor.cores.core: A0 T0 : 0x1747a @__vfprintf_internal+520    : ld a0, 136(s8)             : MemRead :  D=0x0000000000071b80 A=0x6f250  flags=(IsInteger|IsLoad)
2439891: board.processor.cores.core: A0 T0 : 0x1747e @__vfprintf_internal+524    : c_lw a5, 4(a0)             : MemRead :  D=0x0000000000000001 A=0x71b84  flags=(IsInteger|IsLoad)
2440224: board.processor.cores.core: A0 T0 : 0x17480 @__vfprintf_internal+526    : addiw a4, a5, -1           : IntAlu :  D=0x0000000000000000  flags=(IsInteger)
2440557: board.processor.cores.core: A0 T0 : 0x17484 @__vfprintf_internal+530    : c_sw a4, 4(a0)             : MemWrite :  D=0x0000000000000000 A=0x71b84  flags=(IsInteger|IsStore)
2440890: board.processor.cores.core: A0 T0 : 0x17486 @__vfprintf_internal+532    : c_mv a5, a4                : IntAlu :  D=0x0000000000000000  flags=(IsInteger)
2441223: board.processor.cores.core: A0 T0 : 0x17488 @__vfprintf_internal+534    : c_bnez a4, -88             : IntAlu :   flags=(IsInteger|IsControl|IsDirectControl|IsCondControl)
2441889: board.processor.cores.core: A0 T0 : 0x1748a @__vfprintf_internal+536    : sd ft0, 8(a0)              : MemWrite :  D=0x0000000000000000 A=0x71b88  flags=(IsInteger|IsStore)
2442555: board.processor.cores.core: A0 T0 : 0x1748e @__vfprintf_internal+540    : fence iorw, ow             : No_OpClass :   flags=(IsWriteBarrier|IsReadBarrier)
2443221: board.processor.cores.core: A0 T0 : 0x17492 @__vfprintf_internal+544    : amoswap_w a5, a5, (a0)    
2443221: board.processor.cores.core: A0 T0 : 0x17492 @__vfprintf_internal+544. 0 : amoswap_w[l] a5, a5, (a0)  : MemRead :  D=0x0000000000000001 A=0x71b80  flags=(IsInteger|IsAtomic|IsMicroop|IsLastMicroop|IsFirstMicroop)
2443554: board.processor.cores.core: A0 T0 : 0x17496 @__vfprintf_internal+548    : c_addiw a5, 0              : IntAlu :  D=0x0000000000000001  flags=(IsInteger)
2443887: board.processor.cores.core: A0 T0 : 0x17498 @__vfprintf_internal+550    : c_li a4, 1                 : IntAlu :  D=0x0000000000000001  flags=(IsInteger)
2444553: board.processor.cores.core: A0 T0 : 0x1749a @__vfprintf_internal+552    : bge a4, a5, -106           : IntAlu :   flags=(IsInteger|IsControl|IsDirectControl|IsCondControl)
2444886: board.processor.cores.core: A0 T0 : 0x17430 @__vfprintf_internal+446    : bne s10, ft0, 130          : IntAlu :   flags=(IsInteger|IsControl|IsDirectControl|IsCondControl)
2445219: board.processor.cores.core: A0 T0 : 0x17434 @__vfprintf_internal+450    : ld ra, 1416(sp)            : MemRead :  D=0x0000000000014c58 A=0x7ffffffffffffcf8  flags=(IsInteger|IsLoad)
2445552: board.processor.cores.core: A0 T0 : 0x17438 @__vfprintf_internal+454    : c_mv a0, s0                : IntAlu :  D=0x000000000000001c  flags=(IsInteger)
2446218: board.processor.cores.core: A0 T0 : 0x1743a @__vfprintf_internal+456    : ld s0, 1408(sp)            : MemRead :  D=0x7ffffffffffffd90 A=0x7ffffffffffffcf0  flags=(IsInteger|IsLoad)
2446884: board.processor.cores.core: A0 T0 : 0x1743e @__vfprintf_internal+460    : ld s1, 1400(sp)            : MemRead :  D=0x0000000000010bfc A=0x7ffffffffffffce8  flags=(IsInteger|IsLoad)
2447550: board.processor.cores.core: A0 T0 : 0x17442 @__vfprintf_internal+464    : ld s2, 1392(sp)            : MemRead :  D=0x00000000000103b0 A=0x7ffffffffffffce0  flags=(IsInteger|IsLoad)
2448216: board.processor.cores.core: A0 T0 : 0x17446 @__vfprintf_internal+468    : ld s3, 1384(sp)            : MemRead :  D=0x0000000000000000 A=0x7ffffffffffffcd8  flags=(IsInteger|IsLoad)
2448882: board.processor.cores.core: A0 T0 : 0x1744a @__vfprintf_internal+472    : ld s4, 1376(sp)            : MemRead :  D=0x00000000000103b0 A=0x7ffffffffffffcd0  flags=(IsInteger|IsLoad)
2449548: board.processor.cores.core: A0 T0 : 0x1744e @__vfprintf_internal+476    : ld s5, 1368(sp)            : MemRead :  D=0x00000000ffffffff A=0x7ffffffffffffcc8  flags=(IsInteger|IsLoad)
2450214: board.processor.cores.core: A0 T0 : 0x17452 @__vfprintf_internal+480    : ld s6, 1360(sp)            : MemRead :  D=0x000000000000003a A=0x7ffffffffffffcc0  flags=(IsInteger|IsLoad)
2450880: board.processor.cores.core: A0 T0 : 0x17456 @__vfprintf_internal+484    : ld s7, 1352(sp)            : MemRead :  D=0x0000000000000000 A=0x7ffffffffffffcb8  flags=(IsInteger|IsLoad)
2451546: board.processor.cores.core: A0 T0 : 0x1745a @__vfprintf_internal+488    : ld s8, 1344(sp)            : MemRead :  D=0x0000000000000000 A=0x7ffffffffffffcb0  flags=(IsInteger|IsLoad)
2452212: board.processor.cores.core: A0 T0 : 0x1745e @__vfprintf_internal+492    : ld s9, 1336(sp)            : MemRead :  D=0x0000000000000000 A=0x7ffffffffffffca8  flags=(IsInteger|IsLoad)
2452878: board.processor.cores.core: A0 T0 : 0x17462 @__vfprintf_internal+496    : ld s10, 1328(sp)           : MemRead :  D=0x0000000000000000 A=0x7ffffffffffffca0  flags=(IsInteger|IsLoad)
2453544: board.processor.cores.core: A0 T0 : 0x17466 @__vfprintf_internal+500    : ld s11, 1320(sp)           : MemRead :  D=0x0000000000000000 A=0x7ffffffffffffc98  flags=(IsInteger|IsLoad)
2454210: board.processor.cores.core: A0 T0 : 0x1746a @__vfprintf_internal+504    : addi sp, sp, 1424          : IntAlu :  D=0x7ffffffffffffd00  flags=(IsInteger)
2454543: board.processor.cores.core: A0 T0 : 0x1746e @__vfprintf_internal+508    : c_jr ra                    : IntAlu :   flags=(IsInteger|IsControl|IsIndirectControl|IsUncondControl|IsReturn)
2454876: board.processor.cores.core: A0 T0 : 0x14c58 @_IO_printf+40    : c_ldsp ra, 24(sp)          : MemRead :  D=0x0000000000010654 A=0x7ffffffffffffd18  flags=(IsInteger|IsLoad)
2455209: board.processor.cores.core: A0 T0 : 0x14c5a @_IO_printf+42    : c_addi16sp sp, 96          : IntAlu :  D=0x7ffffffffffffd60  flags=(IsInteger)
2455542: board.processor.cores.core: A0 T0 : 0x14c5c @_IO_printf+44    : c_jr ra                    : IntAlu :   flags=(IsInteger|IsControl|IsIndirectControl|IsUncondControl|IsReturn)
2455875: board.processor.cores.core: A0 T0 : 0x10654 @main+74    : ld a4, -40(s0)             : MemRead :  D=0xffffffffffffffff A=0x7ffffffffffffd68  flags=(IsInteger|IsLoad)
2456208: board.processor.cores.core: A0 T0 : 0x10658 @main+78    : c_li a5, -1                : IntAlu :  D=0xffffffffffffffff  flags=(IsInteger)
2456874: board.processor.cores.core: A0 T0 : 0x1065a @main+80    : bne a4, a5, 16             : IntAlu :   flags=(IsInteger|IsControl|IsDirectControl|IsCondControl)
2457540: board.processor.cores.core: A0 T0 : 0x1065e @main+84    : lui a5, 76                 : IntAlu :  D=0x000000000004c000  flags=(IsInteger)
2458206: board.processor.cores.core: A0 T0 : 0x10662 @main+88    : addi a0, a5, 1120          : IntAlu :  D=0x000000000004c460  flags=(IsInteger)
2458872: board.processor.cores.core: A0 T0 : 0x10666 @main+92    : jal ra, 36666              : IntAlu :  D=0x000000000001066a  flags=(IsInteger|IsControl|IsDirectControl|IsUncondControl|IsCall)
2459205: board.processor.cores.core: A0 T0 : 0x195a0 @_IO_puts    : c_addi16sp sp, -48         : IntAlu :  D=0x7ffffffffffffd30  flags=(IsInteger)
2459538: board.processor.cores.core: A0 T0 : 0x195a2 @_IO_puts+2    : c_sdsp s3, 8(sp)           : MemWrite :  D=0x0000000000000000 A=0x7ffffffffffffd38  flags=(IsInteger|IsStore)
2459871: board.processor.cores.core: A0 T0 : 0x195a4 @_IO_puts+4    : c_sdsp s0, 32(sp)          : MemWrite :  D=0x7ffffffffffffd90 A=0x7ffffffffffffd50  flags=(IsInteger|IsStore)
2460204: board.processor.cores.core: A0 T0 : 0x195a6 @_IO_puts+6    : c_sdsp s1, 24(sp)          : MemWrite :  D=0x0000000000010bfc A=0x7ffffffffffffd48  flags=(IsInteger|IsStore)
2460537: board.processor.cores.core: A0 T0 : 0x195a8 @_IO_puts+8    : c_sdsp s2, 16(sp)          : MemWrite :  D=0x00000000000103b0 A=0x7ffffffffffffd40  flags=(IsInteger|IsStore)
2460870: board.processor.cores.core: A0 T0 : 0x195aa @_IO_puts+10    : c_sdsp ra, 40(sp)          : MemWrite :  D=0x000000000001066a A=0x7ffffffffffffd58  flags=(IsInteger|IsStore)
2461203: board.processor.cores.core: A0 T0 : 0x195ac @_IO_puts+12    : c_sdsp s4, 0(sp)           : MemWrite :  D=0x00000000000103b0 A=0x7ffffffffffffd30  flags=(IsInteger|IsStore)
2461536: board.processor.cores.core: A0 T0 : 0x195ae @_IO_puts+14    : c_mv s2, a0                : IntAlu :  D=0x000000000004c460  flags=(IsInteger)
2461869: board.processor.cores.core: A0 T0 : 0x195b0 @_IO_puts+16    : jal ra, 40048              : IntAlu :  D=0x00000000000195b4  flags=(IsInteger|IsControl|IsDirectControl|IsUncondControl|IsCall)
2462202: board.processor.cores.core: A0 T0 : 0x23220 @strlen    : andi a5, a0, 7             : IntAlu :  D=0x0000000000000000  flags=(IsInteger)
2462535: board.processor.cores.core: A0 T0 : 0x23224 @strlen+4    : c_beqz a5, 26              : IntAlu :   flags=(IsInteger|IsControl|IsDirectControl|IsCondControl)
2462868: board.processor.cores.core: A0 T0 : 0x2323e @strlen+30    : c_mv a5, a0                : IntAlu :  D=0x000000000004c460  flags=(IsInteger)
2463201: board.processor.cores.core: A0 T0 : 0x23240 @strlen+32    : ld a6, -2024(gp)           : MemRead :  D=0xfefefefefefefeff A=0x708e0  flags=(IsInteger|IsLoad)
2463534: board.processor.cores.core: A0 T0 : 0x23244 @strlen+36    : ld a1, -2016(gp)           : MemRead :  D=0x8080808080808080 A=0x708e8  flags=(IsInteger|IsLoad)
2463867: board.processor.cores.core: A0 T0 : 0x23248 @strlen+40    : c_ld a3, 0(a5)             : MemRead :  D=0x7361502074736554 A=0x4c460  flags=(IsInteger|IsLoad)
2464200: board.processor.cores.core: A0 T0 : 0x2324a @strlen+42    : c_mv a2, a5                : IntAlu :  D=0x000000000004c460  flags=(IsInteger)
2464533: board.processor.cores.core: A0 T0 : 0x2324c @strlen+44    : c_addi a5, 8               : IntAlu :  D=0x000000000004c468  flags=(IsInteger)
2465199: board.processor.cores.core: A0 T0 : 0x2324e @strlen+46    : add a4, a3, a6             : IntAlu :  D=0x72604f1f73726453  flags=(IsInteger)
2465865: board.processor.cores.core: A0 T0 : 0x23252 @strlen+50    : xori a3, a3, 18446744073709551615 : IntAlu :  D=0x8c9eafdf8b8c9aab  flags=(IsInteger)
2466198: board.processor.cores.core: A0 T0 : 0x23256 @strlen+54    : c_and a4, a3               : IntAlu :  D=0x00000f1f03000003  flags=(IsInteger)
2466531: board.processor.cores.core: A0 T0 : 0x23258 @strlen+56    : c_and a4, a1               : IntAlu :  D=0x0000000000000000  flags=(IsInteger)
2466864: board.processor.cores.core: A0 T0 : 0x2325a @strlen+58    : c_beqz a4, -18             : IntAlu :   flags=(IsInteger|IsControl|IsDirectControl|IsCondControl)
2467197: board.processor.cores.core: A0 T0 : 0x23248 @strlen+40    : c_ld a3, 0(a5)             : MemRead :  D=0x0000002021646573 A=0x4c468  flags=(IsInteger|IsLoad)
2467530: board.processor.cores.core: A0 T0 : 0x2324a @strlen+42    : c_mv a2, a5                : IntAlu :  D=0x000000000004c468  flags=(IsInteger)
2467863: board.processor.cores.core: A0 T0 : 0x2324c @strlen+44    : c_addi a5, 8               : IntAlu :  D=0x000000000004c470  flags=(IsInteger)
2468529: board.processor.cores.core: A0 T0 : 0x2324e @strlen+46    : add a4, a3, a6             : IntAlu :  D=0xfefeff1f20636472  flags=(IsInteger)
2469195: board.processor.cores.core: A0 T0 : 0x23252 @strlen+50    : xori a3, a3, 18446744073709551615 : IntAlu :  D=0xffffffdfde9b9a8c  flags=(IsInteger)
2469528: board.processor.cores.core: A0 T0 : 0x23256 @strlen+54    : c_and a4, a3               : IntAlu :  D=0xfefeff1f00030000  flags=(IsInteger)
2469861: board.processor.cores.core: A0 T0 : 0x23258 @strlen+56    : c_and a4, a1               : IntAlu :  D=0x8080800000000000  flags=(IsInteger)
2470194: board.processor.cores.core: A0 T0 : 0x2325a @strlen+58    : c_beqz a4, -18             : IntAlu :   flags=(IsInteger|IsControl|IsDirectControl|IsCondControl)
2470527: board.processor.cores.core: A0 T0 : 0x2325c @strlen+60    : lbu a4, -8(a5)             : MemRead :  D=0x0000000000000073 A=0x4c468  flags=(IsInteger|IsLoad)
2470860: board.processor.cores.core: A0 T0 : 0x23260 @strlen+64    : c_beqz a4, 52              : IntAlu :   flags=(IsInteger|IsControl|IsDirectControl|IsCondControl)
2471526: board.processor.cores.core: A0 T0 : 0x23262 @strlen+66    : lbu a4, -7(a5)             : MemRead :  D=0x0000000000000065 A=0x4c469  flags=(IsInteger|IsLoad)
2471859: board.processor.cores.core: A0 T0 : 0x23266 @strlen+70    : c_beqz a4, 52              : IntAlu :   flags=(IsInteger|IsControl|IsDirectControl|IsCondControl)
2472192: board.processor.cores.core: A0 T0 : 0x23268 @strlen+72    : lbu a4, -6(a5)             : MemRead :  D=0x0000000000000064 A=0x4c46a  flags=(IsInteger|IsLoad)
2472525: board.processor.cores.core: A0 T0 : 0x2326c @strlen+76    : c_beqz a4, 54              : IntAlu :   flags=(IsInteger|IsControl|IsDirectControl|IsCondControl)
2473191: board.processor.cores.core: A0 T0 : 0x2326e @strlen+78    : lbu a4, -5(a5)             : MemRead :  D=0x0000000000000021 A=0x4c46b  flags=(IsInteger|IsLoad)
2473524: board.processor.cores.core: A0 T0 : 0x23272 @strlen+82    : c_beqz a4, 56              : IntAlu :   flags=(IsInteger|IsControl|IsDirectControl|IsCondControl)
2473857: board.processor.cores.core: A0 T0 : 0x23274 @strlen+84    : lbu a4, -4(a5)             : MemRead :  D=0x0000000000000020 A=0x4c46c  flags=(IsInteger|IsLoad)
2474190: board.processor.cores.core: A0 T0 : 0x23278 @strlen+88    : c_beqz a4, 58              : IntAlu :   flags=(IsInteger|IsControl|IsDirectControl|IsCondControl)
2474856: board.processor.cores.core: A0 T0 : 0x2327a @strlen+90    : lbu a4, -3(a5)             : MemRead :  D=0x0000000000000000 A=0x4c46d  flags=(IsInteger|IsLoad)
2475189: board.processor.cores.core: A0 T0 : 0x2327e @strlen+94    : c_beqz a4, 60              : IntAlu :   flags=(IsInteger|IsControl|IsDirectControl|IsCondControl)
2475522: board.processor.cores.core: A0 T0 : 0x232ba @strlen+154    : c_sub a2, a0               : IntAlu :  D=0x0000000000000008  flags=(IsInteger)
2475855: board.processor.cores.core: A0 T0 : 0x232bc @strlen+156    : addi a0, a2, 5             : IntAlu :  D=0x000000000000000d  flags=(IsInteger)
2476188: board.processor.cores.core: A0 T0 : 0x232c0 @strlen+160    : c_jr ra                    : IntAlu :   flags=(IsInteger|IsControl|IsIndirectControl|IsUncondControl|IsReturn)
2476521: board.processor.cores.core: A0 T0 : 0x195b4 @_IO_puts+20    : ld s1, -1880(gp)           : MemRead :  D=0x000000000006f1c8 A=0x70970  flags=(IsInteger|IsLoad)
2476854: board.processor.cores.core: A0 T0 : 0x195b8 @_IO_puts+24    : c_mv s0, a0                : IntAlu :  D=0x000000000000000d  flags=(IsInteger)
2477187: board.processor.cores.core: A0 T0 : 0x195ba @_IO_puts+26    : c_lw a5, 0(s1)             : MemRead :  D=0xfffffffffbad2884 A=0x6f1c8  flags=(IsInteger|IsLoad)
2477520: board.processor.cores.core: A0 T0 : 0x195bc @_IO_puts+28    : c_srli a5, 15              : IntAlu :  D=0x0001fffffffff75a  flags=(IsInteger)
2477853: board.processor.cores.core: A0 T0 : 0x195be @_IO_puts+30    : c_andi a5, 1               : IntAlu :  D=0x0000000000000000  flags=(IsInteger)
2478186: board.processor.cores.core: A0 T0 : 0x195c0 @_IO_puts+32    : c_bnez a5, 64              : IntAlu :   flags=(IsInteger|IsControl|IsDirectControl|IsCondControl)
2478519: board.processor.cores.core: A0 T0 : 0x195c2 @_IO_puts+34    : c_ld a5, 136(s1)           : MemRead :  D=0x0000000000071b80 A=0x6f250  flags=(IsInteger|IsLoad)
2478852: board.processor.cores.core: A0 T0 : 0x195c4 @_IO_puts+36    : addi s4, tp, -1952         : IntAlu :  D=0x0000000000073000  flags=(IsInteger)
2479185: board.processor.cores.core: A0 T0 : 0x195c8 @_IO_puts+40    : c_ld a4, 8(a5)             : MemRead :  D=0x0000000000000000 A=0x71b88  flags=(IsInteger|IsLoad)
2479851: board.processor.cores.core: A0 T0 : 0x195ca @_IO_puts+42    : beq a4, s4, 234            : IntAlu :   flags=(IsInteger|IsControl|IsDirectControl|IsCondControl)
2480184: board.processor.cores.core: A0 T0 : 0x195ce @_IO_puts+46    : c_li a3, 1                 : IntAlu :  D=0x0000000000000001  flags=(IsInteger)
2480517: board.processor.cores.core: A0 T0 : 0x195d0 @_IO_puts+48    : lr_w a4, (a5)             
2480517: board.processor.cores.core: A0 T0 : 0x195d0 @_IO_puts+48. 0 : lr_w a4, (a5)              : MemRead :  D=0x0000000000000000 A=0x71b80  flags=(IsInteger|IsLoad|IsMicroop|IsLastMicroop|IsFirstMicroop)
2480850: board.processor.cores.core: A0 T0 : 0x195d4 @_IO_puts+52    : c_bnez a4, 8               : IntAlu :   flags=(IsInteger|IsControl|IsDirectControl|IsCondControl)
2481516: board.processor.cores.core: A0 T0 : 0x195d6 @_IO_puts+54    : sc_w_aq a2, a3, (a5)      
2481516: board.processor.cores.core: A0 T0 : 0x195d6 @_IO_puts+54. 0 : sc_w a2, a3, (a5)          : MemWrite :  D=0x0000000000000000 A=0x71b80  flags=(IsInteger|IsStore|IsStoreConditional|IsMicroop|IsDelayedCommit|IsFirstMicroop)
2481849: board.processor.cores.core: A0 T0 : 0x195d6 @_IO_puts+54. 1 : 0x1cd7a62f fence           : No_OpClass :   flags=(IsWriteBarrier|IsReadBarrier|IsMicroop|IsLastMicroop)
2482182: board.processor.cores.core: A0 T0 : 0x195da @_IO_puts+58    : c_bnez a2, -10             : IntAlu :   flags=(IsInteger|IsControl|IsDirectControl|IsCondControl)
2482515: board.processor.cores.core: A0 T0 : 0x195dc @_IO_puts+60    : c_addiw a4, 0              : IntAlu :  D=0x0000000000000000  flags=(IsInteger)
2482848: board.processor.cores.core: A0 T0 : 0x195de @_IO_puts+62    : c_bnez a4, 244             : IntAlu :   flags=(IsInteger|IsControl|IsDirectControl|IsCondControl)
2483181: board.processor.cores.core: A0 T0 : 0x195e0 @_IO_puts+64    : c_ld a5, 136(s1)           : MemRead :  D=0x0000000000071b80 A=0x6f250  flags=(IsInteger|IsLoad)
2483847: board.processor.cores.core: A0 T0 : 0x195e2 @_IO_puts+66    : ld a0, -1880(gp)           : MemRead :  D=0x000000000006f1c8 A=0x70970  flags=(IsInteger|IsLoad)
2484513: board.processor.cores.core: A0 T0 : 0x195e6 @_IO_puts+70    : sd s4, 8(a5)               : MemWrite :  D=0x0000000000073000 A=0x71b88  flags=(IsInteger|IsStore)
2484846: board.processor.cores.core: A0 T0 : 0x195ea @_IO_puts+74    : c_lw a4, 4(a5)             : MemRead :  D=0x0000000000000000 A=0x71b84  flags=(IsInteger|IsLoad)
2485179: board.processor.cores.core: A0 T0 : 0x195ec @_IO_puts+76    : c_addiw a4, 1              : IntAlu :  D=0x0000000000000001  flags=(IsInteger)
2485512: board.processor.cores.core: A0 T0 : 0x195ee @_IO_puts+78    : c_sw a4, 4(a5)             : MemWrite :  D=0x0000000000000001 A=0x71b84  flags=(IsInteger|IsStore)
2485845: board.processor.cores.core: A0 T0 : 0x195f0 @_IO_puts+80    : lw a5, 192(a0)             : MemRead :  D=0xffffffffffffffff A=0x6f288  flags=(IsInteger|IsLoad)
2486178: board.processor.cores.core: A0 T0 : 0x195f4 @_IO_puts+84    : c_beqz a5, 20              : IntAlu :   flags=(IsInteger|IsControl|IsDirectControl|IsCondControl)
2486511: board.processor.cores.core: A0 T0 : 0x195f6 @_IO_puts+86    : c_li a4, -1                : IntAlu :  D=0xffffffffffffffff  flags=(IsInteger)
2486844: board.processor.cores.core: A0 T0 : 0x195f8 @_IO_puts+88    : beq a5, a4, 22             : IntAlu :   flags=(IsInteger|IsControl|IsDirectControl|IsCondControl)
2487510: board.processor.cores.core: A0 T0 : 0x1960e @_IO_puts+110    : ld s4, 216(a0)             : MemRead :  D=0x0000000000069a08 A=0x6f2a0  flags=(IsInteger|IsLoad)
2488176: board.processor.cores.core: A0 T0 : 0x19612 @_IO_puts+114    : lui a5, 105                : IntAlu :  D=0x0000000000069000  flags=(IsInteger)
2488842: board.processor.cores.core: A0 T0 : 0x19616 @_IO_puts+118    : lui a4, 106                : IntAlu :  D=0x000000000006a000  flags=(IsInteger)
2489508: board.processor.cores.core: A0 T0 : 0x1961a @_IO_puts+122    : addi a5, a5, 1896          : IntAlu :  D=0x0000000000069768  flags=(IsInteger)
2490174: board.processor.cores.core: A0 T0 : 0x1961e @_IO_puts+126    : addi a4, a4, -520          : IntAlu :  D=0x0000000000069df8  flags=(IsInteger)
2490507: board.processor.cores.core: A0 T0 : 0x19622 @_IO_puts+130    : c_sub a4, a5               : IntAlu :  D=0x0000000000000690  flags=(IsInteger)
2490840: board.processor.cores.core: A0 T0 : 0x19624 @_IO_puts+132    : sub a5, s4, a5             : IntAlu :  D=0x00000000000002a0  flags=(IsInteger)
2491173: board.processor.cores.core: A0 T0 : 0x19628 @_IO_puts+136    : bgeu a5, a4, 144           : IntAlu :   flags=(IsInteger|IsControl|IsDirectControl|IsCondControl)
2491506: board.processor.cores.core: A0 T0 : 0x1962c @_IO_puts+140    : ld a5, 56(s4)              : MemRead :  D=0x000000000001bbda A=0x69a40  flags=(IsInteger|IsLoad)
2491839: board.processor.cores.core: A0 T0 : 0x19630 @_IO_puts+144    : c_mv a2, s0                : IntAlu :  D=0x000000000000000d  flags=(IsInteger)
2492172: board.processor.cores.core: A0 T0 : 0x19632 @_IO_puts+146    : c_mv a1, s2                : IntAlu :  D=0x000000000004c460  flags=(IsInteger)
2492505: board.processor.cores.core: A0 T0 : 0x19634 @_IO_puts+148    : c_jalr a5                  : IntAlu :  D=0x0000000000019636  flags=(IsInteger|IsControl|IsIndirectControl|IsUncondControl|IsCall)
2492838: board.processor.cores.core: A0 T0 : 0x1bbda @_IO_file_xsputn    : c_addi16sp sp, -64         : IntAlu :  D=0x7ffffffffffffcf0  flags=(IsInteger)
2493171: board.processor.cores.core: A0 T0 : 0x1bbdc @_IO_file_xsputn+2    : c_sdsp s3, 24(sp)          : MemWrite :  D=0x0000000000000000 A=0x7ffffffffffffd08  flags=(IsInteger|IsStore)
2493504: board.processor.cores.core: A0 T0 : 0x1bbde @_IO_file_xsputn+4    : c_sdsp ra, 56(sp)          : MemWrite :  D=0x0000000000019636 A=0x7ffffffffffffd28  flags=(IsInteger|IsStore)
2493837: board.processor.cores.core: A0 T0 : 0x1bbe0 @_IO_file_xsputn+6    : c_sdsp s0, 48(sp)          : MemWrite :  D=0x000000000000000d A=0x7ffffffffffffd20  flags=(IsInteger|IsStore)
2494170: board.processor.cores.core: A0 T0 : 0x1bbe2 @_IO_file_xsputn+8    : c_sdsp s1, 40(sp)          : MemWrite :  D=0x000000000006f1c8 A=0x7ffffffffffffd18  flags=(IsInteger|IsStore)
2494503: board.processor.cores.core: A0 T0 : 0x1bbe4 @_IO_file_xsputn+10    : c_sdsp s2, 32(sp)          : MemWrite :  D=0x000000000004c460 A=0x7ffffffffffffd10  flags=(IsInteger|IsStore)
2494836: board.processor.cores.core: A0 T0 : 0x1bbe6 @_IO_file_xsputn+12    : c_sdsp s4, 16(sp)          : MemWrite :  D=0x0000000000069a08 A=0x7ffffffffffffd00  flags=(IsInteger|IsStore)
2495169: board.processor.cores.core: A0 T0 : 0x1bbe8 @_IO_file_xsputn+14    : c_sdsp s5, 8(sp)           : MemWrite :  D=0x00000000ffffffff A=0x7ffffffffffffcf8  flags=(IsInteger|IsStore)
2495502: board.processor.cores.core: A0 T0 : 0x1bbea @_IO_file_xsputn+16    : c_li s3, 0                 : IntAlu :  D=0x0000000000000000  flags=(IsInteger)
2495835: board.processor.cores.core: A0 T0 : 0x1bbec @_IO_file_xsputn+18    : c_beqz a2, 70              : IntAlu :   flags=(IsInteger|IsControl|IsDirectControl|IsCondControl)
2496168: board.processor.cores.core: A0 T0 : 0x1bbee @_IO_file_xsputn+20    : c_ld a4, 0(a0)             : MemRead :  D=0x00000000fbad2884 A=0x6f1c8  flags=(IsInteger|IsLoad)
2496501: board.processor.cores.core: A0 T0 : 0x1bbf0 @_IO_file_xsputn+22    : c_lui a5, 1                : IntAlu :  D=0x0000000000001000  flags=(IsInteger)
2497167: board.processor.cores.core: A0 T0 : 0x1bbf2 @_IO_file_xsputn+24    : addi a5, a5, -1536         : IntAlu :  D=0x0000000000000a00  flags=(IsInteger)
2497500: board.processor.cores.core: A0 T0 : 0x1bbf6 @_IO_file_xsputn+28    : c_and a4, a5               : IntAlu :  D=0x0000000000000800  flags=(IsInteger)
2497833: board.processor.cores.core: A0 T0 : 0x1bbf8 @_IO_file_xsputn+30    : c_mv s0, a0                : IntAlu :  D=0x000000000006f1c8  flags=(IsInteger)
2498166: board.processor.cores.core: A0 T0 : 0x1bbfa @_IO_file_xsputn+32    : c_mv s4, a2                : IntAlu :  D=0x000000000000000d  flags=(IsInteger)
2498499: board.processor.cores.core: A0 T0 : 0x1bbfc @_IO_file_xsputn+34    : c_ld a0, 40(a0)            : MemRead :  D=0x0000000000073f7a A=0x6f1f0  flags=(IsInteger|IsLoad)
2498832: board.processor.cores.core: A0 T0 : 0x1bbfe @_IO_file_xsputn+36    : c_mv s1, a1                : IntAlu :  D=0x000000000004c460  flags=(IsInteger)
2499165: board.processor.cores.core: A0 T0 : 0x1bc00 @_IO_file_xsputn+38    : beq a4, a5, 70             : IntAlu :   flags=(IsInteger|IsControl|IsDirectControl|IsCondControl)
2499498: board.processor.cores.core: A0 T0 : 0x1bc04 @_IO_file_xsputn+42    : c_ld a4, 48(s0)            : MemRead :  D=0x0000000000075f20 A=0x6f1f8  flags=(IsInteger|IsLoad)
2500164: board.processor.cores.core: A0 T0 : 0x1bc06 @_IO_file_xsputn+44    : bgeu a0, a4, 106           : IntAlu :   flags=(IsInteger|IsControl|IsDirectControl|IsCondControl)
2500497: board.processor.cores.core: A0 T0 : 0x1bc0a @_IO_file_xsputn+48    : c_sub a4, a0               : IntAlu :  D=0x0000000000001fa6  flags=(IsInteger)
2500830: board.processor.cores.core: A0 T0 : 0x1bc0c @_IO_file_xsputn+50    : c_li s3, 0                 : IntAlu :  D=0x0000000000000000  flags=(IsInteger)
2501163: board.processor.cores.core: A0 T0 : 0x1bc0e @_IO_file_xsputn+52    : c_beqz a4, 98              : IntAlu :   flags=(IsInteger|IsControl|IsDirectControl|IsCondControl)
2501496: board.processor.cores.core: A0 T0 : 0x1bc10 @_IO_file_xsputn+54    : c_mv s2, s4                : IntAlu :  D=0x000000000000000d  flags=(IsInteger)
2502162: board.processor.cores.core: A0 T0 : 0x1bc12 @_IO_file_xsputn+56    : bltu a4, s4, 218           : IntAlu :   flags=(IsInteger|IsControl|IsDirectControl|IsCondControl)
2502495: board.processor.cores.core: A0 T0 : 0x1bc16 @_IO_file_xsputn+60    : c_mv a1, s1                : IntAlu :  D=0x000000000004c460  flags=(IsInteger)
2502828: board.processor.cores.core: A0 T0 : 0x1bc18 @_IO_file_xsputn+62    : c_mv a2, s2                : IntAlu :  D=0x000000000000000d  flags=(IsInteger)
2503494: board.processor.cores.core: A0 T0 : 0x1bc1a @_IO_file_xsputn+64    : jal ra, 33448              : IntAlu :  D=0x000000000001bc1e  flags=(IsInteger|IsControl|IsDirectControl|IsUncondControl|IsCall)
2503827: board.processor.cores.core: A0 T0 : 0x23ec2 @memcpy    : c_addi16sp sp, -48         : IntAlu :  D=0x7ffffffffffffcc0  flags=(IsInteger)
2504160: board.processor.cores.core: A0 T0 : 0x23ec4 @memcpy+2    : c_sdsp s0, 32(sp)          : MemWrite :  D=0x000000000006f1c8 A=0x7ffffffffffffce0  flags=(IsInteger|IsStore)
2504493: board.processor.cores.core: A0 T0 : 0x23ec6 @memcpy+4    : c_sdsp s2, 16(sp)          : MemWrite :  D=0x000000000000000d A=0x7ffffffffffffcd0  flags=(IsInteger|IsStore)
2504826: board.processor.cores.core: A0 T0 : 0x23ec8 @memcpy+6    : c_sdsp ra, 40(sp)          : MemWrite :  D=0x000000000001bc1e A=0x7ffffffffffffce8  flags=(IsInteger|IsStore)
2505159: board.processor.cores.core: A0 T0 : 0x23eca @memcpy+8    : c_sdsp s1, 24(sp)          : MemWrite :  D=0x000000000004c460 A=0x7ffffffffffffcd8  flags=(IsInteger|IsStore)
2505492: board.processor.cores.core: A0 T0 : 0x23ecc @memcpy+10    : c_sdsp s3, 8(sp)           : MemWrite :  D=0x0000000000000000 A=0x7ffffffffffffcc8  flags=(IsInteger|IsStore)
2505825: board.processor.cores.core: A0 T0 : 0x23ece @memcpy+12    : c_li a5, 15                : IntAlu :  D=0x000000000000000f  flags=(IsInteger)
2506158: board.processor.cores.core: A0 T0 : 0x23ed0 @memcpy+14    : c_mv s2, a0                : IntAlu :  D=0x0000000000073f7a  flags=(IsInteger)
2506491: board.processor.cores.core: A0 T0 : 0x23ed2 @memcpy+16    : c_mv a4, a0                : IntAlu :  D=0x0000000000073f7a  flags=(IsInteger)
2506824: board.processor.cores.core: A0 T0 : 0x23ed4 @memcpy+18    : c_mv s0, a1                : IntAlu :  D=0x000000000004c460  flags=(IsInteger)
2507490: board.processor.cores.core: A0 T0 : 0x23ed6 @memcpy+20    : bgeu a5, a2, 72            : IntAlu :   flags=(IsInteger|IsControl|IsDirectControl|IsCondControl)
2507823: board.processor.cores.core: A0 T0 : 0x23f1e @memcpy+92    : c_addi a4, -1              : IntAlu :  D=0x0000000000073f79  flags=(IsInteger)
2508156: board.processor.cores.core: A0 T0 : 0x23f20 @memcpy+94    : c_mv a5, s0                : IntAlu :  D=0x000000000004c460  flags=(IsInteger)
2508822: board.processor.cores.core: A0 T0 : 0x23f22 @memcpy+96    : add a1, a2, s0             : IntAlu :  D=0x000000000004c46d  flags=(IsInteger)
2509155: board.processor.cores.core: A0 T0 : 0x23f26 @memcpy+100    : c_sub a4, s0               : IntAlu :  D=0x0000000000027b19  flags=(IsInteger)
2509488: board.processor.cores.core: A0 T0 : 0x23f28 @memcpy+102    : c_beqz a2, 20              : IntAlu :   flags=(IsInteger|IsControl|IsDirectControl|IsCondControl)
2510154: board.processor.cores.core: A0 T0 : 0x23f2a @memcpy+104    : lbu a2, 0(a5)              : MemRead :  D=0x0000000000000054 A=0x4c460  flags=(IsInteger|IsLoad)
2510487: board.processor.cores.core: A0 T0 : 0x23f2e @memcpy+108    : c_addi a5, 1               : IntAlu :  D=0x000000000004c461  flags=(IsInteger)
2510820: board.processor.cores.core: A0 T0 : 0x23f30 @memcpy+110    : add a3, a4, a5             : IntAlu :  D=0x0000000000073f7a  flags=(IsInteger)
2511153: board.processor.cores.core: A0 T0 : 0x23f34 @memcpy+114    : sb a2, 0(a3)               : MemWrite :  D=0x0000000000000054 A=0x73f7a  flags=(IsInteger|IsStore)
2511486: board.processor.cores.core: A0 T0 : 0x23f38 @memcpy+118    : bne a1, a5, -14            : IntAlu :   flags=(IsInteger|IsControl|IsDirectControl|IsCondControl)
2512152: board.processor.cores.core: A0 T0 : 0x23f2a @memcpy+104    : lbu a2, 0(a5)              : MemRead :  D=0x0000000000000065 A=0x4c461  flags=(IsInteger|IsLoad)
2512485: board.processor.cores.core: A0 T0 : 0x23f2e @memcpy+108    : c_addi a5, 1               : IntAlu :  D=0x000000000004c462  flags=(IsInteger)
2512818: board.processor.cores.core: A0 T0 : 0x23f30 @memcpy+110    : add a3, a4, a5             : IntAlu :  D=0x0000000000073f7b  flags=(IsInteger)
2513151: board.processor.cores.core: A0 T0 : 0x23f34 @memcpy+114    : sb a2, 0(a3)               : MemWrite :  D=0x0000000000000065 A=0x73f7b  flags=(IsInteger|IsStore)
2513484: board.processor.cores.core: A0 T0 : 0x23f38 @memcpy+118    : bne a1, a5, -14            : IntAlu :   flags=(IsInteger|IsControl|IsDirectControl|IsCondControl)
2514150: board.processor.cores.core: A0 T0 : 0x23f2a @memcpy+104    : lbu a2, 0(a5)              : MemRead :  D=0x0000000000000073 A=0x4c462  flags=(IsInteger|IsLoad)
2514483: board.processor.cores.core: A0 T0 : 0x23f2e @memcpy+108    : c_addi a5, 1               : IntAlu :  D=0x000000000004c463  flags=(IsInteger)
2514816: board.processor.cores.core: A0 T0 : 0x23f30 @memcpy+110    : add a3, a4, a5             : IntAlu :  D=0x0000000000073f7c  flags=(IsInteger)
2515149: board.processor.cores.core: A0 T0 : 0x23f34 @memcpy+114    : sb a2, 0(a3)               : MemWrite :  D=0x0000000000000073 A=0x73f7c  flags=(IsInteger|IsStore)
2515482: board.processor.cores.core: A0 T0 : 0x23f38 @memcpy+118    : bne a1, a5, -14            : IntAlu :   flags=(IsInteger|IsControl|IsDirectControl|IsCondControl)
2516148: board.processor.cores.core: A0 T0 : 0x23f2a @memcpy+104    : lbu a2, 0(a5)              : MemRead :  D=0x0000000000000074 A=0x4c463  flags=(IsInteger|IsLoad)
2516481: board.processor.cores.core: A0 T0 : 0x23f2e @memcpy+108    : c_addi a5, 1               : IntAlu :  D=0x000000000004c464  flags=(IsInteger)
2516814: board.processor.cores.core: A0 T0 : 0x23f30 @memcpy+110    : add a3, a4, a5             : IntAlu :  D=0x0000000000073f7d  flags=(IsInteger)
2517147: board.processor.cores.core: A0 T0 : 0x23f34 @memcpy+114    : sb a2, 0(a3)               : MemWrite :  D=0x0000000000000074 A=0x73f7d  flags=(IsInteger|IsStore)
2517480: board.processor.cores.core: A0 T0 : 0x23f38 @memcpy+118    : bne a1, a5, -14            : IntAlu :   flags=(IsInteger|IsControl|IsDirectControl|IsCondControl)
2518146: board.processor.cores.core: A0 T0 : 0x23f2a @memcpy+104    : lbu a2, 0(a5)              : MemRead :  D=0x0000000000000020 A=0x4c464  flags=(IsInteger|IsLoad)
2518479: board.processor.cores.core: A0 T0 : 0x23f2e @memcpy+108    : c_addi a5, 1               : IntAlu :  D=0x000000000004c465  flags=(IsInteger)
2518812: board.processor.cores.core: A0 T0 : 0x23f30 @memcpy+110    : add a3, a4, a5             : IntAlu :  D=0x0000000000073f7e  flags=(IsInteger)
2519145: board.processor.cores.core: A0 T0 : 0x23f34 @memcpy+114    : sb a2, 0(a3)               : MemWrite :  D=0x0000000000000020 A=0x73f7e  flags=(IsInteger|IsStore)
2519478: board.processor.cores.core: A0 T0 : 0x23f38 @memcpy+118    : bne a1, a5, -14            : IntAlu :   flags=(IsInteger|IsControl|IsDirectControl|IsCondControl)
2520144: board.processor.cores.core: A0 T0 : 0x23f2a @memcpy+104    : lbu a2, 0(a5)              : MemRead :  D=0x0000000000000050 A=0x4c465  flags=(IsInteger|IsLoad)
2520477: board.processor.cores.core: A0 T0 : 0x23f2e @memcpy+108    : c_addi a5, 1               : IntAlu :  D=0x000000000004c466  flags=(IsInteger)
2520810: board.processor.cores.core: A0 T0 : 0x23f30 @memcpy+110    : add a3, a4, a5             : IntAlu :  D=0x0000000000073f7f  flags=(IsInteger)
2521143: board.processor.cores.core: A0 T0 : 0x23f34 @memcpy+114    : sb a2, 0(a3)               : MemWrite :  D=0x0000000000000050 A=0x73f7f  flags=(IsInteger|IsStore)
2521476: board.processor.cores.core: A0 T0 : 0x23f38 @memcpy+118    : bne a1, a5, -14            : IntAlu :   flags=(IsInteger|IsControl|IsDirectControl|IsCondControl)
2522142: board.processor.cores.core: A0 T0 : 0x23f2a @memcpy+104    : lbu a2, 0(a5)              : MemRead :  D=0x0000000000000061 A=0x4c466  flags=(IsInteger|IsLoad)
2522475: board.processor.cores.core: A0 T0 : 0x23f2e @memcpy+108    : c_addi a5, 1               : IntAlu :  D=0x000000000004c467  flags=(IsInteger)
2522808: board.processor.cores.core: A0 T0 : 0x23f30 @memcpy+110    : add a3, a4, a5             : IntAlu :  D=0x0000000000073f80  flags=(IsInteger)
2523141: board.processor.cores.core: A0 T0 : 0x23f34 @memcpy+114    : sb a2, 0(a3)               : MemWrite :  D=0x0000000000000061 A=0x73f80  flags=(IsInteger|IsStore)
2523474: board.processor.cores.core: A0 T0 : 0x23f38 @memcpy+118    : bne a1, a5, -14            : IntAlu :   flags=(IsInteger|IsControl|IsDirectControl|IsCondControl)
2524140: board.processor.cores.core: A0 T0 : 0x23f2a @memcpy+104    : lbu a2, 0(a5)              : MemRead :  D=0x0000000000000073 A=0x4c467  flags=(IsInteger|IsLoad)
2524473: board.processor.cores.core: A0 T0 : 0x23f2e @memcpy+108    : c_addi a5, 1               : IntAlu :  D=0x000000000004c468  flags=(IsInteger)
2524806: board.processor.cores.core: A0 T0 : 0x23f30 @memcpy+110    : add a3, a4, a5             : IntAlu :  D=0x0000000000073f81  flags=(IsInteger)
2525139: board.processor.cores.core: A0 T0 : 0x23f34 @memcpy+114    : sb a2, 0(a3)               : MemWrite :  D=0x0000000000000073 A=0x73f81  flags=(IsInteger|IsStore)
2525472: board.processor.cores.core: A0 T0 : 0x23f38 @memcpy+118    : bne a1, a5, -14            : IntAlu :   flags=(IsInteger|IsControl|IsDirectControl|IsCondControl)
2526138: board.processor.cores.core: A0 T0 : 0x23f2a @memcpy+104    : lbu a2, 0(a5)              : MemRead :  D=0x0000000000000073 A=0x4c468  flags=(IsInteger|IsLoad)
2526471: board.processor.cores.core: A0 T0 : 0x23f2e @memcpy+108    : c_addi a5, 1               : IntAlu :  D=0x000000000004c469  flags=(IsInteger)
2526804: board.processor.cores.core: A0 T0 : 0x23f30 @memcpy+110    : add a3, a4, a5             : IntAlu :  D=0x0000000000073f82  flags=(IsInteger)
2527137: board.processor.cores.core: A0 T0 : 0x23f34 @memcpy+114    : sb a2, 0(a3)               : MemWrite :  D=0x0000000000000073 A=0x73f82  flags=(IsInteger|IsStore)
2527470: board.processor.cores.core: A0 T0 : 0x23f38 @memcpy+118    : bne a1, a5, -14            : IntAlu :   flags=(IsInteger|IsControl|IsDirectControl|IsCondControl)
2528136: board.processor.cores.core: A0 T0 : 0x23f2a @memcpy+104    : lbu a2, 0(a5)              : MemRead :  D=0x0000000000000065 A=0x4c469  flags=(IsInteger|IsLoad)
2528469: board.processor.cores.core: A0 T0 : 0x23f2e @memcpy+108    : c_addi a5, 1               : IntAlu :  D=0x000000000004c46a  flags=(IsInteger)
2528802: board.processor.cores.core: A0 T0 : 0x23f30 @memcpy+110    : add a3, a4, a5             : IntAlu :  D=0x0000000000073f83  flags=(IsInteger)
2529135: board.processor.cores.core: A0 T0 : 0x23f34 @memcpy+114    : sb a2, 0(a3)               : MemWrite :  D=0x0000000000000065 A=0x73f83  flags=(IsInteger|IsStore)
2529468: board.processor.cores.core: A0 T0 : 0x23f38 @memcpy+118    : bne a1, a5, -14            : IntAlu :   flags=(IsInteger|IsControl|IsDirectControl|IsCondControl)
2530134: board.processor.cores.core: A0 T0 : 0x23f2a @memcpy+104    : lbu a2, 0(a5)              : MemRead :  D=0x0000000000000064 A=0x4c46a  flags=(IsInteger|IsLoad)
2530467: board.processor.cores.core: A0 T0 : 0x23f2e @memcpy+108    : c_addi a5, 1               : IntAlu :  D=0x000000000004c46b  flags=(IsInteger)
2530800: board.processor.cores.core: A0 T0 : 0x23f30 @memcpy+110    : add a3, a4, a5             : IntAlu :  D=0x0000000000073f84  flags=(IsInteger)
2531133: board.processor.cores.core: A0 T0 : 0x23f34 @memcpy+114    : sb a2, 0(a3)               : MemWrite :  D=0x0000000000000064 A=0x73f84  flags=(IsInteger|IsStore)
2531466: board.processor.cores.core: A0 T0 : 0x23f38 @memcpy+118    : bne a1, a5, -14            : IntAlu :   flags=(IsInteger|IsControl|IsDirectControl|IsCondControl)
2532132: board.processor.cores.core: A0 T0 : 0x23f2a @memcpy+104    : lbu a2, 0(a5)              : MemRead :  D=0x0000000000000021 A=0x4c46b  flags=(IsInteger|IsLoad)
2532465: board.processor.cores.core: A0 T0 : 0x23f2e @memcpy+108    : c_addi a5, 1               : IntAlu :  D=0x000000000004c46c  flags=(IsInteger)
2532798: board.processor.cores.core: A0 T0 : 0x23f30 @memcpy+110    : add a3, a4, a5             : IntAlu :  D=0x0000000000073f85  flags=(IsInteger)
2533131: board.processor.cores.core: A0 T0 : 0x23f34 @memcpy+114    : sb a2, 0(a3)               : MemWrite :  D=0x0000000000000021 A=0x73f85  flags=(IsInteger|IsStore)
2533464: board.processor.cores.core: A0 T0 : 0x23f38 @memcpy+118    : bne a1, a5, -14            : IntAlu :   flags=(IsInteger|IsControl|IsDirectControl|IsCondControl)
2534130: board.processor.cores.core: A0 T0 : 0x23f2a @memcpy+104    : lbu a2, 0(a5)              : MemRead :  D=0x0000000000000020 A=0x4c46c  flags=(IsInteger|IsLoad)
2534463: board.processor.cores.core: A0 T0 : 0x23f2e @memcpy+108    : c_addi a5, 1               : IntAlu :  D=0x000000000004c46d  flags=(IsInteger)
2534796: board.processor.cores.core: A0 T0 : 0x23f30 @memcpy+110    : add a3, a4, a5             : IntAlu :  D=0x0000000000073f86  flags=(IsInteger)
2535129: board.processor.cores.core: A0 T0 : 0x23f34 @memcpy+114    : sb a2, 0(a3)               : MemWrite :  D=0x0000000000000020 A=0x73f86  flags=(IsInteger|IsStore)
2535462: board.processor.cores.core: A0 T0 : 0x23f38 @memcpy+118    : bne a1, a5, -14            : IntAlu :   flags=(IsInteger|IsControl|IsDirectControl|IsCondControl)
2535795: board.processor.cores.core: A0 T0 : 0x23f3c @memcpy+122    : c_ldsp ra, 40(sp)          : MemRead :  D=0x000000000001bc1e A=0x7ffffffffffffce8  flags=(IsInteger|IsLoad)
2536128: board.processor.cores.core: A0 T0 : 0x23f3e @memcpy+124    : c_ldsp s0, 32(sp)          : MemRead :  D=0x000000000006f1c8 A=0x7ffffffffffffce0  flags=(IsInteger|IsLoad)
2536461: board.processor.cores.core: A0 T0 : 0x23f40 @memcpy+126    : c_ldsp s1, 24(sp)          : MemRead :  D=0x000000000004c460 A=0x7ffffffffffffcd8  flags=(IsInteger|IsLoad)
2536794: board.processor.cores.core: A0 T0 : 0x23f42 @memcpy+128    : c_ldsp s3, 8(sp)           : MemRead :  D=0x0000000000000000 A=0x7ffffffffffffcc8  flags=(IsInteger|IsLoad)
2537127: board.processor.cores.core: A0 T0 : 0x23f44 @memcpy+130    : c_mv a0, s2                : IntAlu :  D=0x0000000000073f7a  flags=(IsInteger)
2537460: board.processor.cores.core: A0 T0 : 0x23f46 @memcpy+132    : c_ldsp s2, 16(sp)          : MemRead :  D=0x000000000000000d A=0x7ffffffffffffcd0  flags=(IsInteger|IsLoad)
2537793: board.processor.cores.core: A0 T0 : 0x23f48 @memcpy+134    : c_addi16sp sp, 48          : IntAlu :  D=0x7ffffffffffffcf0  flags=(IsInteger)
2538126: board.processor.cores.core: A0 T0 : 0x23f4a @memcpy+136    : c_jr ra                    : IntAlu :   flags=(IsInteger|IsControl|IsIndirectControl|IsUncondControl|IsReturn)
2538459: board.processor.cores.core: A0 T0 : 0x1bc1e @_IO_file_xsputn+68    : c_add a0, s2               : IntAlu :  D=0x0000000000073f87  flags=(IsInteger)
2538792: board.processor.cores.core: A0 T0 : 0x1bc20 @_IO_file_xsputn+70    : c_add s1, s2               : IntAlu :  D=0x000000000004c46d  flags=(IsInteger)
2539125: board.processor.cores.core: A0 T0 : 0x1bc22 @_IO_file_xsputn+72    : c_sd a0, 40(s0)            : MemWrite :  D=0x0000000000073f87 A=0x6f1f0  flags=(IsInteger|IsStore)
2539458: board.processor.cores.core: A0 T0 : 0x1bc24 @_IO_file_xsputn+74    : sub s2, s4, s2             : IntAlu :  D=0x0000000000000000  flags=(IsInteger)
2539791: board.processor.cores.core: A0 T0 : 0x1bc28 @_IO_file_xsputn+78    : c_add s3, s2               : IntAlu :  D=0x0000000000000000  flags=(IsInteger)
2540457: board.processor.cores.core: A0 T0 : 0x1bc2a @_IO_file_xsputn+80    : bne s3, ft0, 72            : IntAlu :   flags=(IsInteger|IsControl|IsDirectControl|IsCondControl)
2541123: board.processor.cores.core: A0 T0 : 0x1bc2e @_IO_file_xsputn+84    : sub s3, s4, s2             : IntAlu :  D=0x000000000000000d  flags=(IsInteger)
2541456: board.processor.cores.core: A0 T0 : 0x1bc32 @_IO_file_xsputn+88    : c_ldsp ra, 56(sp)          : MemRead :  D=0x0000000000019636 A=0x7ffffffffffffd28  flags=(IsInteger|IsLoad)
2541789: board.processor.cores.core: A0 T0 : 0x1bc34 @_IO_file_xsputn+90    : c_ldsp s0, 48(sp)          : MemRead :  D=0x000000000000000d A=0x7ffffffffffffd20  flags=(IsInteger|IsLoad)
2542122: board.processor.cores.core: A0 T0 : 0x1bc36 @_IO_file_xsputn+92    : c_ldsp s1, 40(sp)          : MemRead :  D=0x000000000006f1c8 A=0x7ffffffffffffd18  flags=(IsInteger|IsLoad)
2542455: board.processor.cores.core: A0 T0 : 0x1bc38 @_IO_file_xsputn+94    : c_ldsp s2, 32(sp)          : MemRead :  D=0x000000000004c460 A=0x7ffffffffffffd10  flags=(IsInteger|IsLoad)
2542788: board.processor.cores.core: A0 T0 : 0x1bc3a @_IO_file_xsputn+96    : c_ldsp s4, 16(sp)          : MemRead :  D=0x0000000000069a08 A=0x7ffffffffffffd00  flags=(IsInteger|IsLoad)
2543121: board.processor.cores.core: A0 T0 : 0x1bc3c @_IO_file_xsputn+98    : c_ldsp s5, 8(sp)           : MemRead :  D=0x00000000ffffffff A=0x7ffffffffffffcf8  flags=(IsInteger|IsLoad)
2543454: board.processor.cores.core: A0 T0 : 0x1bc3e @_IO_file_xsputn+100    : c_mv a0, s3                : IntAlu :  D=0x000000000000000d  flags=(IsInteger)
2543787: board.processor.cores.core: A0 T0 : 0x1bc40 @_IO_file_xsputn+102    : c_ldsp s3, 24(sp)          : MemRead :  D=0x0000000000000000 A=0x7ffffffffffffd08  flags=(IsInteger|IsLoad)
2544120: board.processor.cores.core: A0 T0 : 0x1bc42 @_IO_file_xsputn+104    : c_addi16sp sp, 64          : IntAlu :  D=0x7ffffffffffffd30  flags=(IsInteger)
2544453: board.processor.cores.core: A0 T0 : 0x1bc44 @_IO_file_xsputn+106    : c_jr ra                    : IntAlu :   flags=(IsInteger|IsControl|IsIndirectControl|IsUncondControl|IsReturn)
2545119: board.processor.cores.core: A0 T0 : 0x19636 @_IO_puts+150    : bne s0, a0, -58            : IntAlu :   flags=(IsInteger|IsControl|IsDirectControl|IsCondControl)
2545785: board.processor.cores.core: A0 T0 : 0x1963a @_IO_puts+154    : ld a0, -1880(gp)           : MemRead :  D=0x000000000006f1c8 A=0x70970  flags=(IsInteger|IsLoad)
2546118: board.processor.cores.core: A0 T0 : 0x1963e @_IO_puts+158    : c_ld a5, 40(a0)            : MemRead :  D=0x0000000000073f87 A=0x6f1f0  flags=(IsInteger|IsLoad)
2546451: board.processor.cores.core: A0 T0 : 0x19640 @_IO_puts+160    : c_ld a4, 48(a0)            : MemRead :  D=0x0000000000075f20 A=0x6f1f8  flags=(IsInteger|IsLoad)
2547117: board.processor.cores.core: A0 T0 : 0x19642 @_IO_puts+162    : bgeu a5, a4, 128           : IntAlu :   flags=(IsInteger|IsControl|IsDirectControl|IsCondControl)
2547783: board.processor.cores.core: A0 T0 : 0x19646 @_IO_puts+166    : addi a4, a5, 1             : IntAlu :  D=0x0000000000073f88  flags=(IsInteger)
2548116: board.processor.cores.core: A0 T0 : 0x1964a @_IO_puts+170    : c_sd a4, 40(a0)            : MemWrite :  D=0x0000000000073f88 A=0x6f1f0  flags=(IsInteger|IsStore)
2548449: board.processor.cores.core: A0 T0 : 0x1964c @_IO_puts+172    : c_li a4, 10                : IntAlu :  D=0x000000000000000a  flags=(IsInteger)
2549115: board.processor.cores.core: A0 T0 : 0x1964e @_IO_puts+174    : sb a4, 0(a5)               : MemWrite :  D=0x000000000000000a A=0x73f87  flags=(IsInteger|IsStore)
2549781: board.processor.cores.core: A0 T0 : 0x19652 @_IO_puts+178    : lui a5, 524288             : IntAlu :  D=0xffffffff80000000  flags=(IsInteger)
2550114: board.processor.cores.core: A0 T0 : 0x19656 @_IO_puts+182    : c_addi s0, 1               : IntAlu :  D=0x000000000000000e  flags=(IsInteger)
2550447: board.processor.cores.core: A0 T0 : 0x19658 @_IO_puts+184    : xori a5, a5, 18446744073709551615 : IntAlu :  D=0x000000007fffffff  flags=(IsInteger)
2550780: board.processor.cores.core: A0 T0 : 0x1965c @_IO_puts+188    : bltu a5, s0, 46            : IntAlu :   flags=(IsInteger|IsControl|IsDirectControl|IsCondControl)
2551113: board.processor.cores.core: A0 T0 : 0x19660 @_IO_puts+192    : c_addiw s0, 0              : IntAlu :  D=0x000000000000000e  flags=(IsInteger)
2551446: board.processor.cores.core: A0 T0 : 0x19662 @_IO_puts+194    : c_lw a5, 0(s1)             : MemRead :  D=0xfffffffffbad2884 A=0x6f1c8  flags=(IsInteger|IsLoad)
2551779: board.processor.cores.core: A0 T0 : 0x19664 @_IO_puts+196    : c_srli a5, 15              : IntAlu :  D=0x0001fffffffff75a  flags=(IsInteger)
2552112: board.processor.cores.core: A0 T0 : 0x19666 @_IO_puts+198    : c_andi a5, 1               : IntAlu :  D=0x0000000000000000  flags=(IsInteger)
2552445: board.processor.cores.core: A0 T0 : 0x19668 @_IO_puts+200    : c_bnez a5, 16              : IntAlu :   flags=(IsInteger|IsControl|IsDirectControl|IsCondControl)
2552778: board.processor.cores.core: A0 T0 : 0x1966a @_IO_puts+202    : c_ld a0, 136(s1)           : MemRead :  D=0x0000000000071b80 A=0x6f250  flags=(IsInteger|IsLoad)
2553111: board.processor.cores.core: A0 T0 : 0x1966c @_IO_puts+204    : c_lw a5, 4(a0)             : MemRead :  D=0x0000000000000001 A=0x71b84  flags=(IsInteger|IsLoad)
2553777: board.processor.cores.core: A0 T0 : 0x1966e @_IO_puts+206    : addiw a4, a5, -1           : IntAlu :  D=0x0000000000000000  flags=(IsInteger)
2554110: board.processor.cores.core: A0 T0 : 0x19672 @_IO_puts+210    : c_sw a4, 4(a0)             : MemWrite :  D=0x0000000000000000 A=0x71b84  flags=(IsInteger|IsStore)
2554443: board.processor.cores.core: A0 T0 : 0x19674 @_IO_puts+212    : c_mv a5, a4                : IntAlu :  D=0x0000000000000000  flags=(IsInteger)
2554776: board.processor.cores.core: A0 T0 : 0x19676 @_IO_puts+214    : c_beqz a4, 24              : IntAlu :   flags=(IsInteger|IsControl|IsDirectControl|IsCondControl)
2555442: board.processor.cores.core: A0 T0 : 0x1968e @_IO_puts+238    : sd ft0, 8(a0)              : MemWrite :  D=0x0000000000000000 A=0x71b88  flags=(IsInteger|IsStore)
2556108: board.processor.cores.core: A0 T0 : 0x19692 @_IO_puts+242    : fence iorw, ow             : No_OpClass :   flags=(IsWriteBarrier|IsReadBarrier)
2556774: board.processor.cores.core: A0 T0 : 0x19696 @_IO_puts+246    : amoswap_w a5, a5, (a0)    
2556774: board.processor.cores.core: A0 T0 : 0x19696 @_IO_puts+246. 0 : amoswap_w[l] a5, a5, (a0)  : MemRead :  D=0x0000000000000001 A=0x71b80  flags=(IsInteger|IsAtomic|IsMicroop|IsLastMicroop|IsFirstMicroop)
2557107: board.processor.cores.core: A0 T0 : 0x1969a @_IO_puts+250    : c_addiw a5, 0              : IntAlu :  D=0x0000000000000001  flags=(IsInteger)
2557440: board.processor.cores.core: A0 T0 : 0x1969c @_IO_puts+252    : c_li a4, 1                 : IntAlu :  D=0x0000000000000001  flags=(IsInteger)
2558106: board.processor.cores.core: A0 T0 : 0x1969e @_IO_puts+254    : bge a4, a5, -38            : IntAlu :   flags=(IsInteger|IsControl|IsDirectControl|IsCondControl)
2558439: board.processor.cores.core: A0 T0 : 0x19678 @_IO_puts+216    : c_ldsp ra, 40(sp)          : MemRead :  D=0x000000000001066a A=0x7ffffffffffffd58  flags=(IsInteger|IsLoad)
2558772: board.processor.cores.core: A0 T0 : 0x1967a @_IO_puts+218    : c_mv a0, s0                : IntAlu :  D=0x000000000000000e  flags=(IsInteger)
2559105: board.processor.cores.core: A0 T0 : 0x1967c @_IO_puts+220    : c_ldsp s0, 32(sp)          : MemRead :  D=0x7ffffffffffffd90 A=0x7ffffffffffffd50  flags=(IsInteger|IsLoad)
2559438: board.processor.cores.core: A0 T0 : 0x1967e @_IO_puts+222    : c_ldsp s1, 24(sp)          : MemRead :  D=0x0000000000010bfc A=0x7ffffffffffffd48  flags=(IsInteger|IsLoad)
2559771: board.processor.cores.core: A0 T0 : 0x19680 @_IO_puts+224    : c_ldsp s2, 16(sp)          : MemRead :  D=0x00000000000103b0 A=0x7ffffffffffffd40  flags=(IsInteger|IsLoad)
2560104: board.processor.cores.core: A0 T0 : 0x19682 @_IO_puts+226    : c_ldsp s3, 8(sp)           : MemRead :  D=0x0000000000000000 A=0x7ffffffffffffd38  flags=(IsInteger|IsLoad)
2560437: board.processor.cores.core: A0 T0 : 0x19684 @_IO_puts+228    : c_ldsp s4, 0(sp)           : MemRead :  D=0x00000000000103b0 A=0x7ffffffffffffd30  flags=(IsInteger|IsLoad)
2560770: board.processor.cores.core: A0 T0 : 0x19686 @_IO_puts+230    : c_addi16sp sp, 48          : IntAlu :  D=0x7ffffffffffffd60  flags=(IsInteger)
2561103: board.processor.cores.core: A0 T0 : 0x19688 @_IO_puts+232    : c_jr ra                    : IntAlu :   flags=(IsInteger|IsControl|IsIndirectControl|IsUncondControl|IsReturn)
2561436: board.processor.cores.core: A0 T0 : 0x1066a @main+96    : c_li a5, 0                 : IntAlu :  D=0x0000000000000000  flags=(IsInteger)
2561769: board.processor.cores.core: A0 T0 : 0x1066c @main+98    : c_mv a0, a5                : IntAlu :  D=0x0000000000000000  flags=(IsInteger)
2562102: board.processor.cores.core: A0 T0 : 0x1066e @main+100    : c_ldsp ra, 40(sp)          : MemRead :  D=0x00000000000108a8 A=0x7ffffffffffffd88  flags=(IsInteger|IsLoad)
2562435: board.processor.cores.core: A0 T0 : 0x10670 @main+102    : c_ldsp s0, 32(sp)          : MemRead :  D=0x0000000000010b6c A=0x7ffffffffffffd80  flags=(IsInteger|IsLoad)
2562768: board.processor.cores.core: A0 T0 : 0x10672 @main+104    : c_addi16sp sp, 48          : IntAlu :  D=0x7ffffffffffffd90  flags=(IsInteger)
2563101: board.processor.cores.core: A0 T0 : 0x10674 @main+106    : c_jr ra                    : IntAlu :   flags=(IsInteger|IsControl|IsIndirectControl|IsUncondControl|IsReturn)
2563434: board.processor.cores.core: A0 T0 : 0x108a8 @__libc_start_main+562    : jal ra, 15614              : IntAlu :  D=0x00000000000108ac  flags=(IsInteger|IsControl|IsDirectControl|IsUncondControl|IsCall)
2563767: board.processor.cores.core: A0 T0 : 0x145a6 @exit    : c_addi sp, -16             : IntAlu :  D=0x7ffffffffffffd80  flags=(IsInteger)
2564100: board.processor.cores.core: A0 T0 : 0x145a8 @exit+2    : c_li a3, 1                 : IntAlu :  D=0x0000000000000001  flags=(IsInteger)
2564433: board.processor.cores.core: A0 T0 : 0x145aa @exit+4    : c_li a2, 1                 : IntAlu :  D=0x0000000000000001  flags=(IsInteger)
2564766: board.processor.cores.core: A0 T0 : 0x145ac @exit+6    : addi a1, gp, -1920         : IntAlu :  D=0x0000000000070948  flags=(IsInteger)
2565099: board.processor.cores.core: A0 T0 : 0x145b0 @exit+10    : c_sdsp ra, 8(sp)           : MemWrite :  D=0x00000000000108ac A=0x7ffffffffffffd88  flags=(IsInteger|IsStore)
2565765: board.processor.cores.core: A0 T0 : 0x145b2 @exit+12    : jal ra, -448               : IntAlu :  D=0x00000000000145b6  flags=(IsInteger|IsControl|IsDirectControl|IsUncondControl|IsCall)
2566098: board.processor.cores.core: A0 T0 : 0x143f2 @__run_exit_handlers    : c_addi16sp sp, -128        : IntAlu :  D=0x7ffffffffffffd00  flags=(IsInteger)
2566431: board.processor.cores.core: A0 T0 : 0x143f4 @__run_exit_handlers+2    : c_sdsp s6, 64(sp)          : MemWrite :  D=0x000000000000003a A=0x7ffffffffffffd40  flags=(IsInteger|IsStore)
2566764: board.processor.cores.core: A0 T0 : 0x143f6 @__run_exit_handlers+4    : c_sdsp s7, 56(sp)          : MemWrite :  D=0x0000000000000000 A=0x7ffffffffffffd38  flags=(IsInteger|IsStore)
2567097: board.processor.cores.core: A0 T0 : 0x143f8 @__run_exit_handlers+6    : c_sdsp ra, 120(sp)         : MemWrite :  D=0x00000000000145b6 A=0x7ffffffffffffd78  flags=(IsInteger|IsStore)
2567430: board.processor.cores.core: A0 T0 : 0x143fa @__run_exit_handlers+8    : c_sdsp s0, 112(sp)         : MemWrite :  D=0x0000000000010b6c A=0x7ffffffffffffd70  flags=(IsInteger|IsStore)
2567763: board.processor.cores.core: A0 T0 : 0x143fc @__run_exit_handlers+10    : c_sdsp s1, 104(sp)         : MemWrite :  D=0x0000000000010bfc A=0x7ffffffffffffd68  flags=(IsInteger|IsStore)
2568096: board.processor.cores.core: A0 T0 : 0x143fe @__run_exit_handlers+12    : c_sdsp s2, 96(sp)          : MemWrite :  D=0x00000000000103b0 A=0x7ffffffffffffd60  flags=(IsInteger|IsStore)
2568429: board.processor.cores.core: A0 T0 : 0x14400 @__run_exit_handlers+14    : c_sdsp s3, 88(sp)          : MemWrite :  D=0x0000000000000000 A=0x7ffffffffffffd58  flags=(IsInteger|IsStore)
2568762: board.processor.cores.core: A0 T0 : 0x14402 @__run_exit_handlers+16    : c_sdsp s4, 80(sp)          : MemWrite :  D=0x00000000000103b0 A=0x7ffffffffffffd50  flags=(IsInteger|IsStore)
2569095: board.processor.cores.core: A0 T0 : 0x14404 @__run_exit_handlers+18    : c_sdsp s5, 72(sp)          : MemWrite :  D=0x00000000ffffffff A=0x7ffffffffffffd48  flags=(IsInteger|IsStore)
2569428: board.processor.cores.core: A0 T0 : 0x14406 @__run_exit_handlers+20    : c_sdsp s8, 48(sp)          : MemWrite :  D=0x0000000000000000 A=0x7ffffffffffffd30  flags=(IsInteger|IsStore)
2569761: board.processor.cores.core: A0 T0 : 0x14408 @__run_exit_handlers+22    : c_sdsp s9, 40(sp)          : MemWrite :  D=0x0000000000000000 A=0x7ffffffffffffd28  flags=(IsInteger|IsStore)
2570094: board.processor.cores.core: A0 T0 : 0x1440a @__run_exit_handlers+24    : c_sdsp s10, 32(sp)         : MemWrite :  D=0x0000000000000000 A=0x7ffffffffffffd20  flags=(IsInteger|IsStore)
2570427: board.processor.cores.core: A0 T0 : 0x1440c @__run_exit_handlers+26    : c_sdsp s11, 24(sp)         : MemWrite :  D=0x0000000000000000 A=0x7ffffffffffffd18  flags=(IsInteger|IsStore)
2571093: board.processor.cores.core: A0 T0 : 0x1440e @__run_exit_handlers+28    : addi a5, ft0, 0            : IntAlu :  D=0x0000000000000000  flags=(IsInteger)
2571426: board.processor.cores.core: A0 T0 : 0x14412 @__run_exit_handlers+32    : c_sdsp a2, 8(sp)           : MemWrite :  D=0x0000000000000001 A=0x7ffffffffffffd08  flags=(IsInteger|IsStore)
2571759: board.processor.cores.core: A0 T0 : 0x14414 @__run_exit_handlers+34    : c_mv s6, a0                : IntAlu :  D=0x0000000000000000  flags=(IsInteger)
2572092: board.processor.cores.core: A0 T0 : 0x14416 @__run_exit_handlers+36    : c_mv s7, a1                : IntAlu :  D=0x0000000000070948  flags=(IsInteger)
2572425: board.processor.cores.core: A0 T0 : 0x14418 @__run_exit_handlers+38    : c_beqz a5, 6               : IntAlu :   flags=(IsInteger|IsControl|IsDirectControl|IsCondControl)
2572758: board.processor.cores.core: A0 T0 : 0x1441e @__run_exit_handlers+44    : c_li s4, 0                 : IntAlu :  D=0x0000000000000000  flags=(IsInteger)
2573091: board.processor.cores.core: A0 T0 : 0x14420 @__run_exit_handlers+46    : c_li s3, 1                 : IntAlu :  D=0x0000000000000001  flags=(IsInteger)
2573424: board.processor.cores.core: A0 T0 : 0x14422 @__run_exit_handlers+48    : c_li a4, 1                 : IntAlu :  D=0x0000000000000001  flags=(IsInteger)
2573757: board.processor.cores.core: A0 T0 : 0x14424 @__run_exit_handlers+50    : addi a2, gp, -1368         : IntAlu :  D=0x0000000000070b70  flags=(IsInteger)
2574090: board.processor.cores.core: A0 T0 : 0x14428 @__run_exit_handlers+54    : lr_w a5, (a2)             
2574090: board.processor.cores.core: A0 T0 : 0x14428 @__run_exit_handlers+54. 0 : lr_w a5, (a2)              : MemRead :  D=0x0000000000000000 A=0x70b70  flags=(IsInteger|IsLoad|IsMicroop|IsLastMicroop|IsFirstMicroop)
2574423: board.processor.cores.core: A0 T0 : 0x1442c @__run_exit_handlers+58    : c_bnez a5, 8               : IntAlu :   flags=(IsInteger|IsControl|IsDirectControl|IsCondControl)
2575089: board.processor.cores.core: A0 T0 : 0x1442e @__run_exit_handlers+60    : sc_w_aq a3, a4, (a2)      
2575089: board.processor.cores.core: A0 T0 : 0x1442e @__run_exit_handlers+60. 0 : sc_w a3, a4, (a2)          : MemWrite :  D=0x0000000000000000 A=0x70b70  flags=(IsInteger|IsStore|IsStoreConditional|IsMicroop|IsDelayedCommit|IsFirstMicroop)
2575422: board.processor.cores.core: A0 T0 : 0x1442e @__run_exit_handlers+60. 1 : 0x1ce626af fence           : No_OpClass :   flags=(IsWriteBarrier|IsReadBarrier|IsMicroop|IsLastMicroop)
2575755: board.processor.cores.core: A0 T0 : 0x14432 @__run_exit_handlers+64    : c_bnez a3, -10             : IntAlu :   flags=(IsInteger|IsControl|IsDirectControl|IsCondControl)
2576088: board.processor.cores.core: A0 T0 : 0x14434 @__run_exit_handlers+66    : c_addiw a5, 0              : IntAlu :  D=0x0000000000000000  flags=(IsInteger)
2576754: board.processor.cores.core: A0 T0 : 0x14436 @__run_exit_handlers+68    : bne a5, ft0, 326           : IntAlu :   flags=(IsInteger|IsControl|IsDirectControl|IsCondControl)
2577420: board.processor.cores.core: A0 T0 : 0x1443a @__run_exit_handlers+72    : ld s10, 0(s7)              : MemRead :  D=0x0000000000071750 A=0x70948  flags=(IsInteger|IsLoad)
2578086: board.processor.cores.core: A0 T0 : 0x1443e @__run_exit_handlers+76    : beq s10, ft0, 152          : IntAlu :   flags=(IsInteger|IsControl|IsDirectControl|IsCondControl)
2578419: board.processor.cores.core: A0 T0 : 0x14442 @__run_exit_handlers+80    : c_li s5, 3                 : IntAlu :  D=0x0000000000000003  flags=(IsInteger)
2578752: board.processor.cores.core: A0 T0 : 0x14444 @__run_exit_handlers+82    : c_li s2, 4                 : IntAlu :  D=0x0000000000000004  flags=(IsInteger)
2579085: board.processor.cores.core: A0 T0 : 0x14446 @__run_exit_handlers+84    : c_li s1, 2                 : IntAlu :  D=0x0000000000000002  flags=(IsInteger)
2579418: board.processor.cores.core: A0 T0 : 0x14448 @__run_exit_handlers+86    : c_li s0, 1                 : IntAlu :  D=0x0000000000000001  flags=(IsInteger)
2579751: board.processor.cores.core: A0 T0 : 0x1444a @__run_exit_handlers+88    : c_j 34                     : IntAlu :   flags=(IsControl|IsDirectControl|IsUncondControl)
2580084: board.processor.cores.core: A0 T0 : 0x1446c @__run_exit_handlers+122    : ld a5, 8(s10)              : MemRead :  D=0x0000000000000001 A=0x71758  flags=(IsInteger|IsLoad)
2580417: board.processor.cores.core: A0 T0 : 0x14470 @__run_exit_handlers+126    : c_beqz a5, 210             : IntAlu :   flags=(IsInteger|IsControl|IsDirectControl|IsCondControl)
2581083: board.processor.cores.core: A0 T0 : 0x14472 @__run_exit_handlers+128    : ld s8, -1376(gp)           : MemRead :  D=0x0000000000000001 A=0x70b68  flags=(IsInteger|IsLoad)
2581416: board.processor.cores.core: A0 T0 : 0x14476 @__run_exit_handlers+132    : c_addi a5, -1              : IntAlu :  D=0x0000000000000000  flags=(IsInteger)
2581749: board.processor.cores.core: A0 T0 : 0x14478 @__run_exit_handlers+134    : sd a5, 8(s10)              : MemWrite :  D=0x0000000000000000 A=0x71758  flags=(IsInteger|IsStore)
2582082: board.processor.cores.core: A0 T0 : 0x1447c @__run_exit_handlers+138    : c_mv a4, s4                : IntAlu :  D=0x0000000000000000  flags=(IsInteger)
2582748: board.processor.cores.core: A0 T0 : 0x1447e @__run_exit_handlers+140    : addi a3, gp, -1368         : IntAlu :  D=0x0000000000070b70  flags=(IsInteger)
2583414: board.processor.cores.core: A0 T0 : 0x14482 @__run_exit_handlers+144    : fence iorw, ow             : No_OpClass :   flags=(IsWriteBarrier|IsReadBarrier)
2584080: board.processor.cores.core: A0 T0 : 0x14486 @__run_exit_handlers+148    : amoswap_w a4, a4, (a3)    
2584080: board.processor.cores.core: A0 T0 : 0x14486 @__run_exit_handlers+148. 0 : amoswap_w[l] a4, a4, (a3)  : MemRead :  D=0x0000000000000001 A=0x70b70  flags=(IsInteger|IsAtomic|IsMicroop|IsLastMicroop|IsFirstMicroop)
2584413: board.processor.cores.core: A0 T0 : 0x1448a @__run_exit_handlers+152    : c_addiw a4, 0              : IntAlu :  D=0x0000000000000001  flags=(IsInteger)
2584746: board.processor.cores.core: A0 T0 : 0x1448c @__run_exit_handlers+154    : blt s3, a4, 160            : IntAlu :   flags=(IsInteger|IsControl|IsDirectControl|IsCondControl)
2585079: board.processor.cores.core: A0 T0 : 0x14490 @__run_exit_handlers+158    : c_slli a5, 5               : IntAlu :  D=0x0000000000000000  flags=(IsInteger)
2585412: board.processor.cores.core: A0 T0 : 0x14492 @__run_exit_handlers+160    : c_add a5, s10              : IntAlu :  D=0x0000000000071750  flags=(IsInteger)
2585745: board.processor.cores.core: A0 T0 : 0x14494 @__run_exit_handlers+162    : c_ld a4, 16(a5)            : MemRead :  D=0x0000000000000004 A=0x71760  flags=(IsInteger|IsLoad)
2586411: board.processor.cores.core: A0 T0 : 0x14496 @__run_exit_handlers+164    : beq a4, s5, 134            : IntAlu :   flags=(IsInteger|IsControl|IsDirectControl|IsCondControl)
2587077: board.processor.cores.core: A0 T0 : 0x1449a @__run_exit_handlers+168    : bne a4, s2, -78            : IntAlu :   flags=(IsInteger|IsControl|IsDirectControl|IsCondControl)
2587410: board.processor.cores.core: A0 T0 : 0x1449e @__run_exit_handlers+172    : c_ld a4, 24(a5)            : MemRead :  D=0x0000000000010bfc A=0x71768  flags=(IsInteger|IsLoad)
2587743: board.processor.cores.core: A0 T0 : 0x144a0 @__run_exit_handlers+174    : c_ld a0, 32(a5)            : MemRead :  D=0x0000000000000000 A=0x71770  flags=(IsInteger|IsLoad)
2588409: board.processor.cores.core: A0 T0 : 0x144a2 @__run_exit_handlers+176    : sd ft0, 16(a5)             : MemWrite :  D=0x0000000000000000 A=0x71760  flags=(IsInteger|IsStore)
2588742: board.processor.cores.core: A0 T0 : 0x144a6 @__run_exit_handlers+180    : c_mv a1, s6                : IntAlu :  D=0x0000000000000000  flags=(IsInteger)
2589075: board.processor.cores.core: A0 T0 : 0x144a8 @__run_exit_handlers+182    : c_jalr a4                  : IntAlu :  D=0x00000000000144aa  flags=(IsInteger|IsControl|IsIndirectControl|IsUncondControl|IsCall)
2589408: board.processor.cores.core: A0 T0 : 0x10bfc @__libc_csu_fini    : c_addi sp, -32             : IntAlu :  D=0x7ffffffffffffce0  flags=(IsInteger)
2589741: board.processor.cores.core: A0 T0 : 0x10bfe @__libc_csu_fini+2    : c_sdsp s0, 16(sp)          : MemWrite :  D=0x0000000000000001 A=0x7ffffffffffffcf0  flags=(IsInteger|IsStore)
2590074: board.processor.cores.core: A0 T0 : 0x10c00 @__libc_csu_fini+4    : lui a5, 110                : IntAlu :  D=0x000000000006e000  flags=(IsInteger)
2590407: board.processor.cores.core: A0 T0 : 0x10c04 @__libc_csu_fini+8    : lui s0, 110                : IntAlu :  D=0x000000000006e000  flags=(IsInteger)
2590740: board.processor.cores.core: A0 T0 : 0x10c08 @__libc_csu_fini+12    : addi a5, a5, 1384          : IntAlu :  D=0x000000000006e568  flags=(IsInteger)
2591073: board.processor.cores.core: A0 T0 : 0x10c0c @__libc_csu_fini+16    : addi s0, s0, 1400          : IntAlu :  D=0x000000000006e578  flags=(IsInteger)
2591406: board.processor.cores.core: A0 T0 : 0x10c10 @__libc_csu_fini+20    : c_sub s0, a5               : IntAlu :  D=0x0000000000000010  flags=(IsInteger)
2591739: board.processor.cores.core: A0 T0 : 0x10c12 @__libc_csu_fini+22    : c_sdsp s1, 8(sp)           : MemWrite :  D=0x0000000000000002 A=0x7ffffffffffffce8  flags=(IsInteger|IsStore)
2592072: board.processor.cores.core: A0 T0 : 0x10c14 @__libc_csu_fini+24    : c_sdsp ra, 24(sp)          : MemWrite :  D=0x00000000000144aa A=0x7ffffffffffffcf8  flags=(IsInteger|IsStore)
2592738: board.processor.cores.core: A0 T0 : 0x10c16 @__libc_csu_fini+26    : srai s1, s0, 3             : IntAlu :  D=0x0000000000000002  flags=(IsInteger)
2593071: board.processor.cores.core: A0 T0 : 0x10c1a @__libc_csu_fini+30    : c_beqz s1, 16              : IntAlu :   flags=(IsInteger|IsControl|IsDirectControl|IsCondControl)
2593404: board.processor.cores.core: A0 T0 : 0x10c1c @__libc_csu_fini+32    : c_addi s0, -8              : IntAlu :  D=0x0000000000000008  flags=(IsInteger)
2593737: board.processor.cores.core: A0 T0 : 0x10c1e @__libc_csu_fini+34    : c_add s0, a5               : IntAlu :  D=0x000000000006e570  flags=(IsInteger)
2594070: board.processor.cores.core: A0 T0 : 0x10c20 @__libc_csu_fini+36    : c_ld a5, 0(s0)             : MemRead :  D=0x00000000000104ec A=0x6e570  flags=(IsInteger|IsLoad)
2594403: board.processor.cores.core: A0 T0 : 0x10c22 @__libc_csu_fini+38    : c_addi s1, -1              : IntAlu :  D=0x0000000000000001  flags=(IsInteger)
2594736: board.processor.cores.core: A0 T0 : 0x10c24 @__libc_csu_fini+40    : c_addi s0, -8              : IntAlu :  D=0x000000000006e568  flags=(IsInteger)
2595069: board.processor.cores.core: A0 T0 : 0x10c26 @__libc_csu_fini+42    : c_jalr a5                  : IntAlu :  D=0x0000000000010c28  flags=(IsInteger|IsControl|IsIndirectControl|IsUncondControl|IsCall)
2595402: board.processor.cores.core: A0 T0 : 0x104ec @fini    : c_addi sp, -32             : IntAlu :  D=0x7ffffffffffffcc0  flags=(IsInteger)
2595735: board.processor.cores.core: A0 T0 : 0x104ee @fini+2    : c_sdsp s0, 16(sp)          : MemWrite :  D=0x000000000006e568 A=0x7ffffffffffffcd0  flags=(IsInteger|IsStore)
2596068: board.processor.cores.core: A0 T0 : 0x104f0 @fini+4    : lui s0, 114                : IntAlu :  D=0x0000000000072000  flags=(IsInteger)
2596401: board.processor.cores.core: A0 T0 : 0x104f4 @fini+8    : addi s0, s0, -736          : IntAlu :  D=0x0000000000071d20  flags=(IsInteger)
2596734: board.processor.cores.core: A0 T0 : 0x104f8 @fini+12    : c_sdsp s1, 8(sp)           : MemWrite :  D=0x0000000000000001 A=0x7ffffffffffffcc8  flags=(IsInteger|IsStore)
2597067: board.processor.cores.core: A0 T0 : 0x104fa @fini+14    : c_ld s1, 24(s0)            : MemRead :  D=0x0000000000000000 A=0x71d38  flags=(IsInteger|IsLoad)
2597400: board.processor.cores.core: A0 T0 : 0x104fc @fini+16    : c_sdsp ra, 24(sp)          : MemWrite :  D=0x0000000000010c28 A=0x7ffffffffffffcd8  flags=(IsInteger|IsStore)
2597733: board.processor.cores.core: A0 T0 : 0x104fe @fini+18    : c_beqz s1, 18              : IntAlu :   flags=(IsInteger|IsControl|IsDirectControl|IsCondControl)
2598066: board.processor.cores.core: A0 T0 : 0x10510 @fini+36    : c_ldsp ra, 24(sp)          : MemRead :  D=0x0000000000010c28 A=0x7ffffffffffffcd8  flags=(IsInteger|IsLoad)
2598399: board.processor.cores.core: A0 T0 : 0x10512 @fini+38    : c_ldsp s0, 16(sp)          : MemRead :  D=0x000000000006e568 A=0x7ffffffffffffcd0  flags=(IsInteger|IsLoad)
2598732: board.processor.cores.core: A0 T0 : 0x10514 @fini+40    : c_ldsp s1, 8(sp)           : MemRead :  D=0x0000000000000001 A=0x7ffffffffffffcc8  flags=(IsInteger|IsLoad)
2599065: board.processor.cores.core: A0 T0 : 0x10516 @fini+42    : c_addi16sp sp, 32          : IntAlu :  D=0x7ffffffffffffce0  flags=(IsInteger)
2599398: board.processor.cores.core: A0 T0 : 0x10518 @fini+44    : c_jr ra                    : IntAlu :   flags=(IsInteger|IsControl|IsIndirectControl|IsUncondControl|IsReturn)
2599731: board.processor.cores.core: A0 T0 : 0x10c28 @__libc_csu_fini+44    : c_bnez s1, -8              : IntAlu :   flags=(IsInteger|IsControl|IsDirectControl|IsCondControl)
2600064: board.processor.cores.core: A0 T0 : 0x10c20 @__libc_csu_fini+36    : c_ld a5, 0(s0)             : MemRead :  D=0x00000000000105b0 A=0x6e568  flags=(IsInteger|IsLoad)
2600397: board.processor.cores.core: A0 T0 : 0x10c22 @__libc_csu_fini+38    : c_addi s1, -1              : IntAlu :  D=0x0000000000000000  flags=(IsInteger)
2600730: board.processor.cores.core: A0 T0 : 0x10c24 @__libc_csu_fini+40    : c_addi s0, -8              : IntAlu :  D=0x000000000006e560  flags=(IsInteger)
2601063: board.processor.cores.core: A0 T0 : 0x10c26 @__libc_csu_fini+42    : c_jalr a5                  : IntAlu :  D=0x0000000000010c28  flags=(IsInteger|IsControl|IsIndirectControl|IsUncondControl|IsCall)
2601396: board.processor.cores.core: A0 T0 : 0x105b0 @__do_global_dtors_aux    : c_addi sp, -16             : IntAlu :  D=0x7ffffffffffffcd0  flags=(IsInteger)
2601729: board.processor.cores.core: A0 T0 : 0x105b2 @__do_global_dtors_aux+2    : c_sdsp s0, 0(sp)           : MemWrite :  D=0x000000000006e560 A=0x7ffffffffffffcd0  flags=(IsInteger|IsStore)
2602062: board.processor.cores.core: A0 T0 : 0x105b4 @__do_global_dtors_aux+4    : lbu a5, -648(gp)           : MemRead :  D=0x0000000000000000 A=0x70e40  flags=(IsInteger|IsLoad)
2602395: board.processor.cores.core: A0 T0 : 0x105b8 @__do_global_dtors_aux+8    : c_sdsp ra, 8(sp)           : MemWrite :  D=0x0000000000010c28 A=0x7ffffffffffffcd8  flags=(IsInteger|IsStore)
2602728: board.processor.cores.core: A0 T0 : 0x105ba @__do_global_dtors_aux+10    : c_bnez a5, 34              : IntAlu :   flags=(IsInteger|IsControl|IsDirectControl|IsCondControl)
2603061: board.processor.cores.core: A0 T0 : 0x105bc @__do_global_dtors_aux+12    : jal ra, -90                : IntAlu :  D=0x00000000000105c0  flags=(IsInteger|IsControl|IsDirectControl|IsUncondControl|IsCall)
2603727: board.processor.cores.core: A0 T0 : 0x10562 @deregister_tm_clones    : lui a0, 112                : IntAlu :  D=0x0000000000070000  flags=(IsInteger)
2604393: board.processor.cores.core: A0 T0 : 0x10566 @deregister_tm_clones+4    : lui a4, 112                : IntAlu :  D=0x0000000000070000  flags=(IsInteger)
2605059: board.processor.cores.core: A0 T0 : 0x1056a @deregister_tm_clones+8    : addi a5, a0, 2040          : IntAlu :  D=0x00000000000707f8  flags=(IsInteger)
2605725: board.processor.cores.core: A0 T0 : 0x1056e @deregister_tm_clones+12    : addi a4, a4, 2040          : IntAlu :  D=0x00000000000707f8  flags=(IsInteger)
2606391: board.processor.cores.core: A0 T0 : 0x10572 @deregister_tm_clones+16    : beq a4, a5, 16             : IntAlu :   flags=(IsInteger|IsControl|IsDirectControl|IsCondControl)
2606724: board.processor.cores.core: A0 T0 : 0x10582 @deregister_tm_clones+32    : c_jr ra                    : IntAlu :   flags=(IsInteger|IsControl|IsIndirectControl|IsUncondControl|IsReturn)
2607057: board.processor.cores.core: A0 T0 : 0x105c0 @__do_global_dtors_aux+16    : lui a5, 75                 : IntAlu :  D=0x000000000004b000  flags=(IsInteger)
2607390: board.processor.cores.core: A0 T0 : 0x105c4 @__do_global_dtors_aux+20    : addi a5, a5, 1516          : IntAlu :  D=0x000000000004b5ec  flags=(IsInteger)
2607723: board.processor.cores.core: A0 T0 : 0x105c8 @__do_global_dtors_aux+24    : c_beqz a5, 14              : IntAlu :   flags=(IsInteger|IsControl|IsDirectControl|IsCondControl)
2608389: board.processor.cores.core: A0 T0 : 0x105ca @__do_global_dtors_aux+26    : lui a0, 106                : IntAlu :  D=0x000000000006a000  flags=(IsInteger)
2609055: board.processor.cores.core: A0 T0 : 0x105ce @__do_global_dtors_aux+30    : addi a0, a0, -472          : IntAlu :  D=0x0000000000069e28  flags=(IsInteger)
2609721: board.processor.cores.core: A0 T0 : 0x105d2 @__do_global_dtors_aux+34    : jal ra, 241690             : IntAlu :  D=0x00000000000105d6  flags=(IsInteger|IsControl|IsDirectControl|IsUncondControl|IsCall)
2610054: board.processor.cores.core: A0 T0 : 0x4b5ec @__deregister_frame_info    : c_j -226                   : IntAlu :   flags=(IsControl|IsDirectControl|IsUncondControl)
2610387: board.processor.cores.core: A0 T0 : 0x4b50a @__deregister_frame_info_bases    : c_addi sp, -32             : IntAlu :  D=0x7ffffffffffffcb0  flags=(IsInteger)
2610720: board.processor.cores.core: A0 T0 : 0x4b50c @__deregister_frame_info_bases+2    : c_sdsp ra, 24(sp)          : MemWrite :  D=0x00000000000105d6 A=0x7ffffffffffffcc8  flags=(IsInteger|IsStore)
2611053: board.processor.cores.core: A0 T0 : 0x4b50e @__deregister_frame_info_bases+4    : c_sdsp s0, 16(sp)          : MemWrite :  D=0x000000000006e560 A=0x7ffffffffffffcc0  flags=(IsInteger|IsStore)
2611386: board.processor.cores.core: A0 T0 : 0x4b510 @__deregister_frame_info_bases+6    : c_sdsp s1, 8(sp)           : MemWrite :  D=0x0000000000000000 A=0x7ffffffffffffcb8  flags=(IsInteger|IsStore)
2611719: board.processor.cores.core: A0 T0 : 0x4b512 @__deregister_frame_info_bases+8    : c_sdsp s2, 0(sp)           : MemWrite :  D=0x0000000000000004 A=0x7ffffffffffffcb0  flags=(IsInteger|IsStore)
2612052: board.processor.cores.core: A0 T0 : 0x4b514 @__deregister_frame_info_bases+10    : c_beqz a0, 164             : IntAlu :   flags=(IsInteger|IsControl|IsDirectControl|IsCondControl)
2612385: board.processor.cores.core: A0 T0 : 0x4b516 @__deregister_frame_info_bases+12    : c_lw a5, 0(a0)             : MemRead :  D=0x000000000000002c A=0x69e28  flags=(IsInteger|IsLoad)
2612718: board.processor.cores.core: A0 T0 : 0x4b518 @__deregister_frame_info_bases+14    : c_mv s1, a0                : IntAlu :  D=0x0000000000069e28  flags=(IsInteger)
2613051: board.processor.cores.core: A0 T0 : 0x4b51a @__deregister_frame_info_bases+16    : c_beqz a5, 158             : IntAlu :   flags=(IsInteger|IsControl|IsDirectControl|IsCondControl)
2613384: board.processor.cores.core: A0 T0 : 0x4b51c @__deregister_frame_info_bases+18    : auipc s2, 37               : IntAlu :  D=0x000000000007051c  flags=(IsInteger)
2613717: board.processor.cores.core: A0 T0 : 0x4b520 @__deregister_frame_info_bases+22    : ld s2, 780(s2)             : MemRead :  D=0x0000000000000000 A=0x70828  flags=(IsInteger|IsLoad)
2614050: board.processor.cores.core: A0 T0 : 0x4b524 @__deregister_frame_info_bases+26    : beq s2, ft0, 22            : IntAlu :   flags=(IsInteger|IsControl|IsDirectControl|IsCondControl)
2614716: board.processor.cores.core: A0 T0 : 0x4b53a @__deregister_frame_info_bases+48    : auipc a2, 39               : IntAlu :  D=0x000000000007253a  flags=(IsInteger)
2615382: board.processor.cores.core: A0 T0 : 0x4b53e @__deregister_frame_info_bases+52    : addi a2, a2, -1786         : IntAlu :  D=0x0000000000071e40  flags=(IsInteger)
2616048: board.processor.cores.core: A0 T0 : 0x4b542 @__deregister_frame_info_bases+56    : ld a5, 448(a2)             : MemRead :  D=0x0000000000070e48 A=0x72000  flags=(IsInteger|IsLoad)
2616381: board.processor.cores.core: A0 T0 : 0x4b546 @__deregister_frame_info_bases+60    : c_beqz a5, 66              : IntAlu :   flags=(IsInteger|IsControl|IsDirectControl|IsCondControl)
2616714: board.processor.cores.core: A0 T0 : 0x4b548 @__deregister_frame_info_bases+62    : auipc a3, 39               : IntAlu :  D=0x0000000000072548  flags=(IsInteger)
2617047: board.processor.cores.core: A0 T0 : 0x4b54c @__deregister_frame_info_bases+66    : addi a3, a3, -1352         : IntAlu :  D=0x0000000000072000  flags=(IsInteger)
2617380: board.processor.cores.core: A0 T0 : 0x4b550 @__deregister_frame_info_bases+70    : c_j 8                      : IntAlu :   flags=(IsControl|IsDirectControl|IsUncondControl)
2617713: board.processor.cores.core: A0 T0 : 0x4b558 @__deregister_frame_info_bases+78    : c_ld a4, 24(a5)            : MemRead :  D=0x0000000000069e28 A=0x70e60  flags=(IsInteger|IsLoad)
2618046: board.processor.cores.core: A0 T0 : 0x4b55a @__deregister_frame_info_bases+80    : c_mv s0, a5                : IntAlu :  D=0x0000000000070e48  flags=(IsInteger)
2618379: board.processor.cores.core: A0 T0 : 0x4b55c @__deregister_frame_info_bases+82    : c_ld a5, 40(a5)            : MemRead :  D=0x0000000000000000 A=0x70e70  flags=(IsInteger|IsLoad)
2619045: board.processor.cores.core: A0 T0 : 0x4b55e @__deregister_frame_info_bases+84    : bne s1, a4, -12            : IntAlu :   flags=(IsInteger|IsControl|IsDirectControl|IsCondControl)
2619378: board.processor.cores.core: A0 T0 : 0x4b562 @__deregister_frame_info_bases+88    : c_sd a5, 0(a3)             : MemWrite :  D=0x0000000000000000 A=0x72000  flags=(IsInteger|IsStore)
2619711: board.processor.cores.core: A0 T0 : 0x4b564 @__deregister_frame_info_bases+90    : beq s2, ft0, 22            : IntAlu :   flags=(IsInteger|IsControl|IsDirectControl|IsCondControl)
2620044: board.processor.cores.core: A0 T0 : 0x4b57a @__deregister_frame_info_bases+112    : c_ldsp ra, 24(sp)          : MemRead :  D=0x00000000000105d6 A=0x7ffffffffffffcc8  flags=(IsInteger|IsLoad)
2620377: board.processor.cores.core: A0 T0 : 0x4b57c @__deregister_frame_info_bases+114    : c_mv a0, s0                : IntAlu :  D=0x0000000000070e48  flags=(IsInteger)
2620710: board.processor.cores.core: A0 T0 : 0x4b57e @__deregister_frame_info_bases+116    : c_ldsp s0, 16(sp)          : MemRead :  D=0x000000000006e560 A=0x7ffffffffffffcc0  flags=(IsInteger|IsLoad)
2621043: board.processor.cores.core: A0 T0 : 0x4b580 @__deregister_frame_info_bases+118    : c_ldsp s1, 8(sp)           : MemRead :  D=0x0000000000000000 A=0x7ffffffffffffcb8  flags=(IsInteger|IsLoad)
2621376: board.processor.cores.core: A0 T0 : 0x4b582 @__deregister_frame_info_bases+120    : c_ldsp s2, 0(sp)           : MemRead :  D=0x0000000000000004 A=0x7ffffffffffffcb0  flags=(IsInteger|IsLoad)
2621709: board.processor.cores.core: A0 T0 : 0x4b584 @__deregister_frame_info_bases+122    : c_addi16sp sp, 32          : IntAlu :  D=0x7ffffffffffffcd0  flags=(IsInteger)
2622042: board.processor.cores.core: A0 T0 : 0x4b586 @__deregister_frame_info_bases+124    : c_jr ra                    : IntAlu :   flags=(IsInteger|IsControl|IsIndirectControl|IsUncondControl|IsReturn)
2622375: board.processor.cores.core: A0 T0 : 0x105d6 @__do_global_dtors_aux+38    : c_li a5, 1                 : IntAlu :  D=0x0000000000000001  flags=(IsInteger)
2622708: board.processor.cores.core: A0 T0 : 0x105d8 @__do_global_dtors_aux+40    : sb a5, -648(gp)            : MemWrite :  D=0x0000000000000001 A=0x70e40  flags=(IsInteger|IsStore)
2623041: board.processor.cores.core: A0 T0 : 0x105dc @__do_global_dtors_aux+44    : c_ldsp ra, 8(sp)           : MemRead :  D=0x0000000000010c28 A=0x7ffffffffffffcd8  flags=(IsInteger|IsLoad)
2623374: board.processor.cores.core: A0 T0 : 0x105de @__do_global_dtors_aux+46    : c_ldsp s0, 0(sp)           : MemRead :  D=0x000000000006e560 A=0x7ffffffffffffcd0  flags=(IsInteger|IsLoad)
2623707: board.processor.cores.core: A0 T0 : 0x105e0 @__do_global_dtors_aux+48    : c_addi sp, 16              : IntAlu :  D=0x7ffffffffffffce0  flags=(IsInteger)
2624040: board.processor.cores.core: A0 T0 : 0x105e2 @__do_global_dtors_aux+50    : c_jr ra                    : IntAlu :   flags=(IsInteger|IsControl|IsIndirectControl|IsUncondControl|IsReturn)
2624373: board.processor.cores.core: A0 T0 : 0x10c28 @__libc_csu_fini+44    : c_bnez s1, -8              : IntAlu :   flags=(IsInteger|IsControl|IsDirectControl|IsCondControl)
2624706: board.processor.cores.core: A0 T0 : 0x10c2a @__libc_csu_fini+46    : c_ldsp ra, 24(sp)          : MemRead :  D=0x00000000000144aa A=0x7ffffffffffffcf8  flags=(IsInteger|IsLoad)
2625039: board.processor.cores.core: A0 T0 : 0x10c2c @__libc_csu_fini+48    : c_ldsp s0, 16(sp)          : MemRead :  D=0x0000000000000001 A=0x7ffffffffffffcf0  flags=(IsInteger|IsLoad)
2625372: board.processor.cores.core: A0 T0 : 0x10c2e @__libc_csu_fini+50    : c_ldsp s1, 8(sp)           : MemRead :  D=0x0000000000000002 A=0x7ffffffffffffce8  flags=(IsInteger|IsLoad)
2625705: board.processor.cores.core: A0 T0 : 0x10c30 @__libc_csu_fini+52    : c_addi16sp sp, 32          : IntAlu :  D=0x7ffffffffffffd00  flags=(IsInteger)
2626038: board.processor.cores.core: A0 T0 : 0x10c32 @__libc_csu_fini+54    : c_jr ra                    : IntAlu :   flags=(IsInteger|IsControl|IsIndirectControl|IsUncondControl|IsReturn)
2626704: board.processor.cores.core: A0 T0 : 0x144aa @__run_exit_handlers+184    : addi a3, gp, -1368         : IntAlu :  D=0x0000000000070b70  flags=(IsInteger)
2627370: board.processor.cores.core: A0 T0 : 0x144ae @__run_exit_handlers+188    : lr_w a5, (a3)             
2627370: board.processor.cores.core: A0 T0 : 0x144ae @__run_exit_handlers+188. 0 : lr_w a5, (a3)              : MemRead :  D=0x0000000000000000 A=0x70b70  flags=(IsInteger|IsLoad|IsMicroop|IsLastMicroop|IsFirstMicroop)
2627703: board.processor.cores.core: A0 T0 : 0x144b2 @__run_exit_handlers+192    : c_bnez a5, 8               : IntAlu :   flags=(IsInteger|IsControl|IsDirectControl|IsCondControl)
2628036: board.processor.cores.core: A0 T0 : 0x144b4 @__run_exit_handlers+194    : sc_w_aq a4, s0, (a3)      
2628036: board.processor.cores.core: A0 T0 : 0x144b4 @__run_exit_handlers+194. 0 : sc_w a4, s0, (a3)          : MemWrite :  D=0x0000000000000000 A=0x70b70  flags=(IsInteger|IsStore|IsStoreConditional|IsMicroop|IsDelayedCommit|IsFirstMicroop)
2628369: board.processor.cores.core: A0 T0 : 0x144b4 @__run_exit_handlers+194. 1 : 0x1c86a72f fence           : No_OpClass :   flags=(IsWriteBarrier|IsReadBarrier|IsMicroop|IsLastMicroop)
2628702: board.processor.cores.core: A0 T0 : 0x144b8 @__run_exit_handlers+198    : c_bnez a4, -10             : IntAlu :   flags=(IsInteger|IsControl|IsDirectControl|IsCondControl)
2629035: board.processor.cores.core: A0 T0 : 0x144ba @__run_exit_handlers+200    : c_addiw a5, 0              : IntAlu :  D=0x0000000000000000  flags=(IsInteger)
2629368: board.processor.cores.core: A0 T0 : 0x144bc @__run_exit_handlers+202    : c_beqz a5, -88             : IntAlu :   flags=(IsInteger|IsControl|IsDirectControl|IsCondControl)
2629701: board.processor.cores.core: A0 T0 : 0x14464 @__run_exit_handlers+114    : ld a5, -1376(gp)           : MemRead :  D=0x0000000000000001 A=0x70b68  flags=(IsInteger|IsLoad)
2630034: board.processor.cores.core: A0 T0 : 0x14468 @__run_exit_handlers+118    : bne a5, s8, 102            : IntAlu :   flags=(IsInteger|IsControl|IsDirectControl|IsCondControl)
2630367: board.processor.cores.core: A0 T0 : 0x1446c @__run_exit_handlers+122    : ld a5, 8(s10)              : MemRead :  D=0x0000000000000000 A=0x71758  flags=(IsInteger|IsLoad)
2630700: board.processor.cores.core: A0 T0 : 0x14470 @__run_exit_handlers+126    : c_beqz a5, 210             : IntAlu :   flags=(IsInteger|IsControl|IsDirectControl|IsCondControl)
2631366: board.processor.cores.core: A0 T0 : 0x14542 @__run_exit_handlers+336    : ld a5, 0(s10)              : MemRead :  D=0x0000000000000000 A=0x71750  flags=(IsInteger|IsLoad)
2632032: board.processor.cores.core: A0 T0 : 0x14546 @__run_exit_handlers+340    : sd a5, 0(s7)               : MemWrite :  D=0x0000000000000000 A=0x70948  flags=(IsInteger|IsStore)
2632365: board.processor.cores.core: A0 T0 : 0x1454a @__run_exit_handlers+344    : c_beqz a5, 8               : IntAlu :   flags=(IsInteger|IsControl|IsDirectControl|IsCondControl)
2632698: board.processor.cores.core: A0 T0 : 0x14552 @__run_exit_handlers+352    : c_mv a5, s4                : IntAlu :  D=0x0000000000000000  flags=(IsInteger)
2633031: board.processor.cores.core: A0 T0 : 0x14554 @__run_exit_handlers+354    : addi a4, gp, -1368         : IntAlu :  D=0x0000000000070b70  flags=(IsInteger)
2633364: board.processor.cores.core: A0 T0 : 0x14558 @__run_exit_handlers+358    : fence iorw, ow             : No_OpClass :   flags=(IsWriteBarrier|IsReadBarrier)
2633697: board.processor.cores.core: A0 T0 : 0x1455c @__run_exit_handlers+362    : amoswap_w a5, a5, (a4)    
2633697: board.processor.cores.core: A0 T0 : 0x1455c @__run_exit_handlers+362. 0 : amoswap_w[l] a5, a5, (a4)  : MemRead :  D=0x0000000000000001 A=0x70b70  flags=(IsInteger|IsAtomic|IsMicroop|IsLastMicroop|IsFirstMicroop)
2634030: board.processor.cores.core: A0 T0 : 0x14560 @__run_exit_handlers+366    : c_addiw a5, 0              : IntAlu :  D=0x0000000000000001  flags=(IsInteger)
2634696: board.processor.cores.core: A0 T0 : 0x14562 @__run_exit_handlers+368    : bge s3, a5, -320           : IntAlu :   flags=(IsInteger|IsControl|IsDirectControl|IsCondControl)
2635029: board.processor.cores.core: A0 T0 : 0x14422 @__run_exit_handlers+48    : c_li a4, 1                 : IntAlu :  D=0x0000000000000001  flags=(IsInteger)
2635362: board.processor.cores.core: A0 T0 : 0x14424 @__run_exit_handlers+50    : addi a2, gp, -1368         : IntAlu :  D=0x0000000000070b70  flags=(IsInteger)
2635695: board.processor.cores.core: A0 T0 : 0x14428 @__run_exit_handlers+54    : lr_w a5, (a2)             
2635695: board.processor.cores.core: A0 T0 : 0x14428 @__run_exit_handlers+54. 0 : lr_w a5, (a2)              : MemRead :  D=0x0000000000000000 A=0x70b70  flags=(IsInteger|IsLoad|IsMicroop|IsLastMicroop|IsFirstMicroop)
2636028: board.processor.cores.core: A0 T0 : 0x1442c @__run_exit_handlers+58    : c_bnez a5, 8               : IntAlu :   flags=(IsInteger|IsControl|IsDirectControl|IsCondControl)
2636694: board.processor.cores.core: A0 T0 : 0x1442e @__run_exit_handlers+60    : sc_w_aq a3, a4, (a2)      
2636694: board.processor.cores.core: A0 T0 : 0x1442e @__run_exit_handlers+60. 0 : sc_w a3, a4, (a2)          : MemWrite :  D=0x0000000000000000 A=0x70b70  flags=(IsInteger|IsStore|IsStoreConditional|IsMicroop|IsDelayedCommit|IsFirstMicroop)
2637027: board.processor.cores.core: A0 T0 : 0x1442e @__run_exit_handlers+60. 1 : 0x1ce626af fence           : No_OpClass :   flags=(IsWriteBarrier|IsReadBarrier|IsMicroop|IsLastMicroop)
2637360: board.processor.cores.core: A0 T0 : 0x14432 @__run_exit_handlers+64    : c_bnez a3, -10             : IntAlu :   flags=(IsInteger|IsControl|IsDirectControl|IsCondControl)
2637693: board.processor.cores.core: A0 T0 : 0x14434 @__run_exit_handlers+66    : c_addiw a5, 0              : IntAlu :  D=0x0000000000000000  flags=(IsInteger)
2638359: board.processor.cores.core: A0 T0 : 0x14436 @__run_exit_handlers+68    : bne a5, ft0, 326           : IntAlu :   flags=(IsInteger|IsControl|IsDirectControl|IsCondControl)
2639025: board.processor.cores.core: A0 T0 : 0x1443a @__run_exit_handlers+72    : ld s10, 0(s7)              : MemRead :  D=0x0000000000000000 A=0x70948  flags=(IsInteger|IsLoad)
2639691: board.processor.cores.core: A0 T0 : 0x1443e @__run_exit_handlers+76    : beq s10, ft0, 152          : IntAlu :   flags=(IsInteger|IsControl|IsDirectControl|IsCondControl)
2640024: board.processor.cores.core: A0 T0 : 0x144d6 @__run_exit_handlers+228    : c_li a4, 1                 : IntAlu :  D=0x0000000000000001  flags=(IsInteger)
2640357: board.processor.cores.core: A0 T0 : 0x144d8 @__run_exit_handlers+230    : sb a4, -1380(gp)           : MemWrite :  D=0x0000000000000001 A=0x70b64  flags=(IsInteger|IsStore)
2640690: board.processor.cores.core: A0 T0 : 0x144dc @__run_exit_handlers+234    : addi a3, gp, -1368         : IntAlu :  D=0x0000000000070b70  flags=(IsInteger)
2641023: board.processor.cores.core: A0 T0 : 0x144e0 @__run_exit_handlers+238    : c_li a5, 0                 : IntAlu :  D=0x0000000000000000  flags=(IsInteger)
2641689: board.processor.cores.core: A0 T0 : 0x144e2 @__run_exit_handlers+240    : fence iorw, ow             : No_OpClass :   flags=(IsWriteBarrier|IsReadBarrier)
2642355: board.processor.cores.core: A0 T0 : 0x144e6 @__run_exit_handlers+244    : amoswap_w a5, a5, (a3)    
2642355: board.processor.cores.core: A0 T0 : 0x144e6 @__run_exit_handlers+244. 0 : amoswap_w[l] a5, a5, (a3)  : MemRead :  D=0x0000000000000001 A=0x70b70  flags=(IsInteger|IsAtomic|IsMicroop|IsLastMicroop|IsFirstMicroop)
2642688: board.processor.cores.core: A0 T0 : 0x144ea @__run_exit_handlers+248    : c_addiw a5, 0              : IntAlu :  D=0x0000000000000001  flags=(IsInteger)
2643021: board.processor.cores.core: A0 T0 : 0x144ec @__run_exit_handlers+250    : blt a4, a5, 164            : IntAlu :   flags=(IsInteger|IsControl|IsDirectControl|IsCondControl)
2643354: board.processor.cores.core: A0 T0 : 0x144f0 @__run_exit_handlers+254    : c_ldsp a5, 8(sp)           : MemRead :  D=0x0000000000000001 A=0x7ffffffffffffd08  flags=(IsInteger|IsLoad)
2643687: board.processor.cores.core: A0 T0 : 0x144f2 @__run_exit_handlers+256    : c_beqz a5, 36              : IntAlu :   flags=(IsInteger|IsControl|IsDirectControl|IsCondControl)
2644020: board.processor.cores.core: A0 T0 : 0x144f4 @__run_exit_handlers+258    : lui s0, 106                : IntAlu :  D=0x000000000006a000  flags=(IsInteger)
2644353: board.processor.cores.core: A0 T0 : 0x144f8 @__run_exit_handlers+262    : lui s1, 106                : IntAlu :  D=0x000000000006a000  flags=(IsInteger)
2644686: board.processor.cores.core: A0 T0 : 0x144fc @__run_exit_handlers+266    : addi a5, s0, -520          : IntAlu :  D=0x0000000000069df8  flags=(IsInteger)
2645019: board.processor.cores.core: A0 T0 : 0x14500 @__run_exit_handlers+270    : addi s1, s1, -512          : IntAlu :  D=0x0000000000069e00  flags=(IsInteger)
2645352: board.processor.cores.core: A0 T0 : 0x14504 @__run_exit_handlers+274    : bgeu a5, s1, 18            : IntAlu :   flags=(IsInteger|IsControl|IsDirectControl|IsCondControl)
2645685: board.processor.cores.core: A0 T0 : 0x14508 @__run_exit_handlers+278    : addi s0, s0, -520          : IntAlu :  D=0x0000000000069df8  flags=(IsInteger)
2646018: board.processor.cores.core: A0 T0 : 0x1450c @__run_exit_handlers+282    : c_ld a5, 0(s0)             : MemRead :  D=0x000000000001d7b8 A=0x69df8  flags=(IsInteger|IsLoad)
2646351: board.processor.cores.core: A0 T0 : 0x1450e @__run_exit_handlers+284    : c_addi s0, 8               : IntAlu :  D=0x0000000000069e00  flags=(IsInteger)
2646684: board.processor.cores.core: A0 T0 : 0x14510 @__run_exit_handlers+286    : c_jalr a5                  : IntAlu :  D=0x0000000000014512  flags=(IsInteger|IsControl|IsIndirectControl|IsUncondControl|IsCall)
2647017: board.processor.cores.core: A0 T0 : 0x1d7b8 @_IO_cleanup    : c_addi16sp sp, -144        : IntAlu :  D=0x7ffffffffffffc70  flags=(IsInteger)
2647350: board.processor.cores.core: A0 T0 : 0x1d7ba @_IO_cleanup+2    : c_sdsp s3, 104(sp)         : MemWrite :  D=0x0000000000000001 A=0x7ffffffffffffcd8  flags=(IsInteger|IsStore)
2647683: board.processor.cores.core: A0 T0 : 0x1d7bc @_IO_cleanup+4    : c_li a0, 0                 : IntAlu :  D=0x0000000000000000  flags=(IsInteger)
2648016: board.processor.cores.core: A0 T0 : 0x1d7be @_IO_cleanup+6    : c_sdsp s5, 88(sp)          : MemWrite :  D=0x0000000000000003 A=0x7ffffffffffffcc8  flags=(IsInteger|IsStore)
2648349: board.processor.cores.core: A0 T0 : 0x1d7c0 @_IO_cleanup+8    : c_sdsp ra, 136(sp)         : MemWrite :  D=0x0000000000014512 A=0x7ffffffffffffcf8  flags=(IsInteger|IsStore)
2648682: board.processor.cores.core: A0 T0 : 0x1d7c2 @_IO_cleanup+10    : c_sdsp s0, 128(sp)         : MemWrite :  D=0x0000000000069e00 A=0x7ffffffffffffcf0  flags=(IsInteger|IsStore)
2649015: board.processor.cores.core: A0 T0 : 0x1d7c4 @_IO_cleanup+12    : c_sdsp s1, 120(sp)         : MemWrite :  D=0x0000000000069e00 A=0x7ffffffffffffce8  flags=(IsInteger|IsStore)
2649348: board.processor.cores.core: A0 T0 : 0x1d7c6 @_IO_cleanup+14    : c_sdsp s2, 112(sp)         : MemWrite :  D=0x0000000000000004 A=0x7ffffffffffffce0  flags=(IsInteger|IsStore)
2649681: board.processor.cores.core: A0 T0 : 0x1d7c8 @_IO_cleanup+16    : c_sdsp s4, 96(sp)          : MemWrite :  D=0x0000000000000000 A=0x7ffffffffffffcd0  flags=(IsInteger|IsStore)
2650014: board.processor.cores.core: A0 T0 : 0x1d7ca @_IO_cleanup+18    : c_sdsp s6, 80(sp)          : MemWrite :  D=0x0000000000000000 A=0x7ffffffffffffcc0  flags=(IsInteger|IsStore)
2650347: board.processor.cores.core: A0 T0 : 0x1d7cc @_IO_cleanup+20    : c_sdsp s7, 72(sp)          : MemWrite :  D=0x0000000000070948 A=0x7ffffffffffffcb8  flags=(IsInteger|IsStore)
2650680: board.processor.cores.core: A0 T0 : 0x1d7ce @_IO_cleanup+22    : c_sdsp s8, 64(sp)          : MemWrite :  D=0x0000000000000001 A=0x7ffffffffffffcb0  flags=(IsInteger|IsStore)
2651013: board.processor.cores.core: A0 T0 : 0x1d7d0 @_IO_cleanup+24    : c_sdsp s9, 56(sp)          : MemWrite :  D=0x0000000000000000 A=0x7ffffffffffffca8  flags=(IsInteger|IsStore)
2651346: board.processor.cores.core: A0 T0 : 0x1d7d2 @_IO_cleanup+26    : c_sdsp s10, 48(sp)         : MemWrite :  D=0x0000000000000000 A=0x7ffffffffffffca0  flags=(IsInteger|IsStore)
2651679: board.processor.cores.core: A0 T0 : 0x1d7d4 @_IO_cleanup+28    : c_sdsp s11, 40(sp)         : MemWrite :  D=0x0000000000000000 A=0x7ffffffffffffc98  flags=(IsInteger|IsStore)
2652345: board.processor.cores.core: A0 T0 : 0x1d7d6 @_IO_cleanup+30    : addi s3, ft0, 0            : IntAlu :  D=0x0000000000000000  flags=(IsInteger)
2653011: board.processor.cores.core: A0 T0 : 0x1d7da @_IO_cleanup+34    : jal ra, -526               : IntAlu :  D=0x000000000001d7de  flags=(IsInteger|IsControl|IsDirectControl|IsUncondControl|IsCall)
2653344: board.processor.cores.core: A0 T0 : 0x1d5cc @_IO_flush_all_lockp    : c_addi16sp sp, -160        : IntAlu :  D=0x7ffffffffffffbd0  flags=(IsInteger)
2653677: board.processor.cores.core: A0 T0 : 0x1d5ce @_IO_flush_all_lockp+2    : c_sdsp s3, 120(sp)         : MemWrite :  D=0x0000000000000000 A=0x7ffffffffffffc48  flags=(IsInteger|IsStore)
2654010: board.processor.cores.core: A0 T0 : 0x1d5d0 @_IO_flush_all_lockp+4    : c_sdsp s8, 80(sp)          : MemWrite :  D=0x0000000000000001 A=0x7ffffffffffffc20  flags=(IsInteger|IsStore)
2654343: board.processor.cores.core: A0 T0 : 0x1d5d2 @_IO_flush_all_lockp+6    : c_sdsp ra, 152(sp)         : MemWrite :  D=0x000000000001d7de A=0x7ffffffffffffc68  flags=(IsInteger|IsStore)
2654676: board.processor.cores.core: A0 T0 : 0x1d5d4 @_IO_flush_all_lockp+8    : c_sdsp s0, 144(sp)         : MemWrite :  D=0x0000000000069e00 A=0x7ffffffffffffc60  flags=(IsInteger|IsStore)
2655009: board.processor.cores.core: A0 T0 : 0x1d5d6 @_IO_flush_all_lockp+10    : c_sdsp s1, 136(sp)         : MemWrite :  D=0x0000000000069e00 A=0x7ffffffffffffc58  flags=(IsInteger|IsStore)
2655342: board.processor.cores.core: A0 T0 : 0x1d5d8 @_IO_flush_all_lockp+12    : c_sdsp s2, 128(sp)         : MemWrite :  D=0x0000000000000004 A=0x7ffffffffffffc50  flags=(IsInteger|IsStore)
2655675: board.processor.cores.core: A0 T0 : 0x1d5da @_IO_flush_all_lockp+14    : c_sdsp s4, 112(sp)         : MemWrite :  D=0x0000000000000000 A=0x7ffffffffffffc40  flags=(IsInteger|IsStore)
2656008: board.processor.cores.core: A0 T0 : 0x1d5dc @_IO_flush_all_lockp+16    : c_sdsp s5, 104(sp)         : MemWrite :  D=0x0000000000000003 A=0x7ffffffffffffc38  flags=(IsInteger|IsStore)
2656341: board.processor.cores.core: A0 T0 : 0x1d5de @_IO_flush_all_lockp+18    : c_sdsp s6, 96(sp)          : MemWrite :  D=0x0000000000000000 A=0x7ffffffffffffc30  flags=(IsInteger|IsStore)
2656674: board.processor.cores.core: A0 T0 : 0x1d5e0 @_IO_flush_all_lockp+20    : c_sdsp s7, 88(sp)          : MemWrite :  D=0x0000000000070948 A=0x7ffffffffffffc28  flags=(IsInteger|IsStore)
2657007: board.processor.cores.core: A0 T0 : 0x1d5e2 @_IO_flush_all_lockp+22    : c_sdsp s9, 72(sp)          : MemWrite :  D=0x0000000000000000 A=0x7ffffffffffffc18  flags=(IsInteger|IsStore)
2657340: board.processor.cores.core: A0 T0 : 0x1d5e4 @_IO_flush_all_lockp+24    : c_sdsp s10, 64(sp)         : MemWrite :  D=0x0000000000000000 A=0x7ffffffffffffc10  flags=(IsInteger|IsStore)
2657673: board.processor.cores.core: A0 T0 : 0x1d5e6 @_IO_flush_all_lockp+26    : c_sdsp s11, 56(sp)         : MemWrite :  D=0x0000000000000000 A=0x7ffffffffffffc08  flags=(IsInteger|IsStore)
2658006: board.processor.cores.core: A0 T0 : 0x1d5e8 @_IO_flush_all_lockp+28    : addi s3, ft0, 0            : IntAlu :  D=0x0000000000000000  flags=(IsInteger)
2658339: board.processor.cores.core: A0 T0 : 0x1d5ec @_IO_flush_all_lockp+32    : c_mv s8, a0                : IntAlu :  D=0x0000000000000000  flags=(IsInteger)
2659005: board.processor.cores.core: A0 T0 : 0x1d5ee @_IO_flush_all_lockp+34    : beq s3, ft0, 422           : IntAlu :   flags=(IsInteger|IsControl|IsDirectControl|IsCondControl)
2659338: board.processor.cores.core: A0 T0 : 0x1d794 @_IO_flush_all_lockp+456    : c_lui a5, 28               : IntAlu :  D=0x000000000001c000  flags=(IsInteger)
2660004: board.processor.cores.core: A0 T0 : 0x1d796 @_IO_flush_all_lockp+458    : addi a5, a5, 1578          : IntAlu :  D=0x000000000001c62a  flags=(IsInteger)
2660337: board.processor.cores.core: A0 T0 : 0x1d79a @_IO_flush_all_lockp+462    : c_sdsp a5, 16(sp)          : MemWrite :  D=0x000000000001c62a A=0x7ffffffffffffbe0  flags=(IsInteger|IsStore)
2660670: board.processor.cores.core: A0 T0 : 0x1d79c @_IO_flush_all_lockp+464    : c_sdsp ft0, 24(sp)         : MemWrite :  D=0x0000000000000000 A=0x7ffffffffffffbe8  flags=(IsInteger|IsStore)
2661003: board.processor.cores.core: A0 T0 : 0x1d79e @_IO_flush_all_lockp+466    : c_j -410                   : IntAlu :   flags=(IsControl|IsDirectControl|IsUncondControl)
2661336: board.processor.cores.core: A0 T0 : 0x1d604 @_IO_flush_all_lockp+56    : lui s6, 114                : IntAlu :  D=0x0000000000072000  flags=(IsInteger)
2661669: board.processor.cores.core: A0 T0 : 0x1d608 @_IO_flush_all_lockp+60    : addi s11, s6, -1184        : IntAlu :  D=0x0000000000071b60  flags=(IsInteger)
2662002: board.processor.cores.core: A0 T0 : 0x1d60c @_IO_flush_all_lockp+64    : ld a5, 8(s11)              : MemRead :  D=0x0000000000000000 A=0x71b68  flags=(IsInteger|IsLoad)
2662335: board.processor.cores.core: A0 T0 : 0x1d610 @_IO_flush_all_lockp+68    : addi s0, tp, -1952         : IntAlu :  D=0x0000000000073000  flags=(IsInteger)
2662668: board.processor.cores.core: A0 T0 : 0x1d614 @_IO_flush_all_lockp+72    : beq a5, s0, 28             : IntAlu :   flags=(IsInteger|IsControl|IsDirectControl|IsCondControl)
2663001: board.processor.cores.core: A0 T0 : 0x1d618 @_IO_flush_all_lockp+76    : c_li a4, 1                 : IntAlu :  D=0x0000000000000001  flags=(IsInteger)
2663667: board.processor.cores.core: A0 T0 : 0x1d61a @_IO_flush_all_lockp+78    : lr_w a5, (s11)            
2663667: board.processor.cores.core: A0 T0 : 0x1d61a @_IO_flush_all_lockp+78. 0 : lr_w a5, (s11)             : MemRead :  D=0x0000000000000000 A=0x71b60  flags=(IsInteger|IsLoad|IsMicroop|IsLastMicroop|IsFirstMicroop)
2664000: board.processor.cores.core: A0 T0 : 0x1d61e @_IO_flush_all_lockp+82    : c_bnez a5, 8               : IntAlu :   flags=(IsInteger|IsControl|IsDirectControl|IsCondControl)
2664333: board.processor.cores.core: A0 T0 : 0x1d620 @_IO_flush_all_lockp+84    : sc_w_aq a3, a4, (s11)     
2664333: board.processor.cores.core: A0 T0 : 0x1d620 @_IO_flush_all_lockp+84. 0 : sc_w a3, a4, (s11)         : MemWrite :  D=0x0000000000000000 A=0x71b60  flags=(IsInteger|IsStore|IsStoreConditional|IsMicroop|IsDelayedCommit|IsFirstMicroop)
2664666: board.processor.cores.core: A0 T0 : 0x1d620 @_IO_flush_all_lockp+84. 1 : 0x1ceda6af fence           : No_OpClass :   flags=(IsWriteBarrier|IsReadBarrier|IsMicroop|IsLastMicroop)
2664999: board.processor.cores.core: A0 T0 : 0x1d624 @_IO_flush_all_lockp+88    : c_bnez a3, -10             : IntAlu :   flags=(IsInteger|IsControl|IsDirectControl|IsCondControl)
2665332: board.processor.cores.core: A0 T0 : 0x1d626 @_IO_flush_all_lockp+90    : c_addiw a5, 0              : IntAlu :  D=0x0000000000000000  flags=(IsInteger)
2665665: board.processor.cores.core: A0 T0 : 0x1d628 @_IO_flush_all_lockp+92    : bne a5, ft0, 376           : IntAlu :   flags=(IsInteger|IsControl|IsDirectControl|IsCondControl)
2665998: board.processor.cores.core: A0 T0 : 0x1d62c @_IO_flush_all_lockp+96    : sd s0, 8(s11)              : MemWrite :  D=0x0000000000073000 A=0x71b68  flags=(IsInteger|IsStore)
2666331: board.processor.cores.core: A0 T0 : 0x1d630 @_IO_flush_all_lockp+100    : lw a3, 4(s11)              : MemRead :  D=0x0000000000000000 A=0x71b64  flags=(IsInteger|IsLoad)
2666664: board.processor.cores.core: A0 T0 : 0x1d634 @_IO_flush_all_lockp+104    : ld s0, -1896(gp)           : MemRead :  D=0x000000000006f000 A=0x70960  flags=(IsInteger|IsLoad)
2666997: board.processor.cores.core: A0 T0 : 0x1d638 @_IO_flush_all_lockp+108    : addiw a4, a3, 1            : IntAlu :  D=0x0000000000000001  flags=(IsInteger)
2667330: board.processor.cores.core: A0 T0 : 0x1d63c @_IO_flush_all_lockp+112    : sw a4, 4(s11)              : MemWrite :  D=0x0000000000000001 A=0x71b64  flags=(IsInteger|IsStore)
2667663: board.processor.cores.core: A0 T0 : 0x1d640 @_IO_flush_all_lockp+116    : beq s0, ft0, 372           : IntAlu :   flags=(IsInteger|IsControl|IsDirectControl|IsCondControl)
2667996: board.processor.cores.core: A0 T0 : 0x1d644 @_IO_flush_all_lockp+120    : lui s1, 106                : IntAlu :  D=0x000000000006a000  flags=(IsInteger)
2668329: board.processor.cores.core: A0 T0 : 0x1d648 @_IO_flush_all_lockp+124    : lui s2, 105                : IntAlu :  D=0x0000000000069000  flags=(IsInteger)
2668662: board.processor.cores.core: A0 T0 : 0x1d64c @_IO_flush_all_lockp+128    : addi s2, s2, 1896          : IntAlu :  D=0x0000000000069768  flags=(IsInteger)
2668995: board.processor.cores.core: A0 T0 : 0x1d650 @_IO_flush_all_lockp+132    : addi s1, s1, -520          : IntAlu :  D=0x0000000000069df8  flags=(IsInteger)
2669328: board.processor.cores.core: A0 T0 : 0x1d654 @_IO_flush_all_lockp+136    : c_li s4, 0                 : IntAlu :  D=0x0000000000000000  flags=(IsInteger)
2669661: board.processor.cores.core: A0 T0 : 0x1d656 @_IO_flush_all_lockp+138    : c_lui s10, 8               : IntAlu :  D=0x0000000000008000  flags=(IsInteger)
2669994: board.processor.cores.core: A0 T0 : 0x1d658 @_IO_flush_all_lockp+140    : c_li s5, 1                 : IntAlu :  D=0x0000000000000001  flags=(IsInteger)
2670660: board.processor.cores.core: A0 T0 : 0x1d65a @_IO_flush_all_lockp+142    : sub s1, s1, s2             : IntAlu :  D=0x0000000000000690  flags=(IsInteger)
2670993: board.processor.cores.core: A0 T0 : 0x1d65e @_IO_flush_all_lockp+146    : c_li s7, 1                 : IntAlu :  D=0x0000000000000001  flags=(IsInteger)
2671326: board.processor.cores.core: A0 T0 : 0x1d660 @_IO_flush_all_lockp+148    : sd s0, -1344(gp)           : MemWrite :  D=0x000000000006f000 A=0x70b88  flags=(IsInteger|IsStore)
2671659: board.processor.cores.core: A0 T0 : 0x1d664 @_IO_flush_all_lockp+152    : beq s8, ft0, 54            : IntAlu :   flags=(IsInteger|IsControl|IsDirectControl|IsCondControl)
2672325: board.processor.cores.core: A0 T0 : 0x1d69a @_IO_flush_all_lockp+206    : lw a5, 192(s0)             : MemRead :  D=0x0000000000000000 A=0x6f0c0  flags=(IsInteger|IsLoad)
2672991: board.processor.cores.core: A0 T0 : 0x1d69e @_IO_flush_all_lockp+210    : bge ft0, a5, 140           : IntAlu :   flags=(IsInteger|IsControl|IsDirectControl|IsCondControl)
2673324: board.processor.cores.core: A0 T0 : 0x1d72a @_IO_flush_all_lockp+350    : c_ld a4, 40(s0)            : MemRead :  D=0x0000000000000000 A=0x6f028  flags=(IsInteger|IsLoad)
2673657: board.processor.cores.core: A0 T0 : 0x1d72c @_IO_flush_all_lockp+352    : c_ld a5, 32(s0)            : MemRead :  D=0x0000000000000000 A=0x6f020  flags=(IsInteger|IsLoad)
2674323: board.processor.cores.core: A0 T0 : 0x1d72e @_IO_flush_all_lockp+354    : bgeu a5, a4, -106          : IntAlu :   flags=(IsInteger|IsControl|IsDirectControl|IsCondControl)
2674656: board.processor.cores.core: A0 T0 : 0x1d6c4 @_IO_flush_all_lockp+248    : beq s8, ft0, 28            : IntAlu :   flags=(IsInteger|IsControl|IsDirectControl|IsCondControl)
2674989: board.processor.cores.core: A0 T0 : 0x1d6e0 @_IO_flush_all_lockp+276    : c_ld s0, 104(s0)           : MemRead :  D=0x000000000006f1c8 A=0x6f068  flags=(IsInteger|IsLoad)
2675655: board.processor.cores.core: A0 T0 : 0x1d6e2 @_IO_flush_all_lockp+278    : sd ft0, -1344(gp)          : MemWrite :  D=0x0000000000000000 A=0x70b88  flags=(IsInteger|IsStore)
2675988: board.processor.cores.core: A0 T0 : 0x1d6e6 @_IO_flush_all_lockp+282    : c_bnez s0, -134            : IntAlu :   flags=(IsInteger|IsControl|IsDirectControl|IsCondControl)
2676321: board.processor.cores.core: A0 T0 : 0x1d660 @_IO_flush_all_lockp+148    : sd s0, -1344(gp)           : MemWrite :  D=0x000000000006f1c8 A=0x70b88  flags=(IsInteger|IsStore)
2676654: board.processor.cores.core: A0 T0 : 0x1d664 @_IO_flush_all_lockp+152    : beq s8, ft0, 54            : IntAlu :   flags=(IsInteger|IsControl|IsDirectControl|IsCondControl)
2677320: board.processor.cores.core: A0 T0 : 0x1d69a @_IO_flush_all_lockp+206    : lw a5, 192(s0)             : MemRead :  D=0xffffffffffffffff A=0x6f288  flags=(IsInteger|IsLoad)
2677986: board.processor.cores.core: A0 T0 : 0x1d69e @_IO_flush_all_lockp+210    : bge ft0, a5, 140           : IntAlu :   flags=(IsInteger|IsControl|IsDirectControl|IsCondControl)
2678319: board.processor.cores.core: A0 T0 : 0x1d72a @_IO_flush_all_lockp+350    : c_ld a4, 40(s0)            : MemRead :  D=0x0000000000073f88 A=0x6f1f0  flags=(IsInteger|IsLoad)
2678652: board.processor.cores.core: A0 T0 : 0x1d72c @_IO_flush_all_lockp+352    : c_ld a5, 32(s0)            : MemRead :  D=0x0000000000073f20 A=0x6f1e8  flags=(IsInteger|IsLoad)
2679318: board.processor.cores.core: A0 T0 : 0x1d72e @_IO_flush_all_lockp+354    : bgeu a5, a4, -106          : IntAlu :   flags=(IsInteger|IsControl|IsDirectControl|IsCondControl)
2679651: board.processor.cores.core: A0 T0 : 0x1d732 @_IO_flush_all_lockp+358    : c_ld a5, 216(s0)           : MemRead :  D=0x0000000000069a08 A=0x6f2a0  flags=(IsInteger|IsLoad)
2679984: board.processor.cores.core: A0 T0 : 0x1d734 @_IO_flush_all_lockp+360    : sub a4, a5, s2             : IntAlu :  D=0x00000000000002a0  flags=(IsInteger)
2680317: board.processor.cores.core: A0 T0 : 0x1d738 @_IO_flush_all_lockp+364    : bltu a4, s1, -130          : IntAlu :   flags=(IsInteger|IsControl|IsDirectControl|IsCondControl)
2680650: board.processor.cores.core: A0 T0 : 0x1d6b6 @_IO_flush_all_lockp+234    : c_ld a5, 24(a5)            : MemRead :  D=0x000000000001c438 A=0x69a20  flags=(IsInteger|IsLoad)
2680983: board.processor.cores.core: A0 T0 : 0x1d6b8 @_IO_flush_all_lockp+236    : c_li a1, -1                : IntAlu :  D=0xffffffffffffffff  flags=(IsInteger)
2681316: board.processor.cores.core: A0 T0 : 0x1d6ba @_IO_flush_all_lockp+238    : c_mv a0, s0                : IntAlu :  D=0x000000000006f1c8  flags=(IsInteger)
2681649: board.processor.cores.core: A0 T0 : 0x1d6bc @_IO_flush_all_lockp+240    : c_jalr a5                  : IntAlu :  D=0x000000000001d6be  flags=(IsInteger|IsControl|IsIndirectControl|IsUncondControl|IsCall)
2681982: board.processor.cores.core: A0 T0 : 0x1c438 @_IO_new_file_overflow    : c_lw a5, 0(a0)             : MemRead :  D=0xfffffffffbad2884 A=0x6f1c8  flags=(IsInteger|IsLoad)
2682315: board.processor.cores.core: A0 T0 : 0x1c43a @_IO_new_file_overflow+2    : c_addi sp, -32             : IntAlu :  D=0x7ffffffffffffbb0  flags=(IsInteger)
2682648: board.processor.cores.core: A0 T0 : 0x1c43c @_IO_new_file_overflow+4    : c_sdsp s0, 16(sp)          : MemWrite :  D=0x000000000006f1c8 A=0x7ffffffffffffbc0  flags=(IsInteger|IsStore)
2682981: board.processor.cores.core: A0 T0 : 0x1c43e @_IO_new_file_overflow+6    : c_sdsp ra, 24(sp)          : MemWrite :  D=0x000000000001d6be A=0x7ffffffffffffbc8  flags=(IsInteger|IsStore)
2683314: board.processor.cores.core: A0 T0 : 0x1c440 @_IO_new_file_overflow+8    : c_sdsp s1, 8(sp)           : MemWrite :  D=0x0000000000000690 A=0x7ffffffffffffbb8  flags=(IsInteger|IsStore)
2683647: board.processor.cores.core: A0 T0 : 0x1c442 @_IO_new_file_overflow+10    : c_sdsp s2, 0(sp)           : MemWrite :  D=0x0000000000069768 A=0x7ffffffffffffbb0  flags=(IsInteger|IsStore)
2683980: board.processor.cores.core: A0 T0 : 0x1c444 @_IO_new_file_overflow+12    : andi a4, a5, 8             : IntAlu :  D=0x0000000000000000  flags=(IsInteger)
2684313: board.processor.cores.core: A0 T0 : 0x1c448 @_IO_new_file_overflow+16    : c_mv s0, a0                : IntAlu :  D=0x000000000006f1c8  flags=(IsInteger)
2684979: board.processor.cores.core: A0 T0 : 0x1c44a @_IO_new_file_overflow+18    : bne a4, ft0, 296           : IntAlu :   flags=(IsInteger|IsControl|IsDirectControl|IsCondControl)
2685645: board.processor.cores.core: A0 T0 : 0x1c44e @_IO_new_file_overflow+22    : srli a4, a5, 11            : IntAlu :  D=0x001fffffffff75a5  flags=(IsInteger)
2685978: board.processor.cores.core: A0 T0 : 0x1c452 @_IO_new_file_overflow+26    : c_andi a4, 1               : IntAlu :  D=0x0000000000000001  flags=(IsInteger)
2686311: board.processor.cores.core: A0 T0 : 0x1c454 @_IO_new_file_overflow+28    : c_ld a3, 32(a0)            : MemRead :  D=0x0000000000073f20 A=0x6f1e8  flags=(IsInteger|IsLoad)
2686644: board.processor.cores.core: A0 T0 : 0x1c456 @_IO_new_file_overflow+30    : c_mv s1, a1                : IntAlu :  D=0xffffffffffffffff  flags=(IsInteger)
2686977: board.processor.cores.core: A0 T0 : 0x1c458 @_IO_new_file_overflow+32    : c_beqz a4, 64              : IntAlu :   flags=(IsInteger|IsControl|IsDirectControl|IsCondControl)
2687310: board.processor.cores.core: A0 T0 : 0x1c45a @_IO_new_file_overflow+34    : c_beqz a3, 220             : IntAlu :   flags=(IsInteger|IsControl|IsDirectControl|IsCondControl)
2687643: board.processor.cores.core: A0 T0 : 0x1c45c @_IO_new_file_overflow+36    : c_ld a2, 40(a0)            : MemRead :  D=0x0000000000073f88 A=0x6f1f0  flags=(IsInteger|IsLoad)
2687976: board.processor.cores.core: A0 T0 : 0x1c45e @_IO_new_file_overflow+38    : c_li s2, -1                : IntAlu :  D=0xffffffffffffffff  flags=(IsInteger)
2688309: board.processor.cores.core: A0 T0 : 0x1c460 @_IO_new_file_overflow+40    : beq s1, s2, 116            : IntAlu :   flags=(IsInteger|IsControl|IsDirectControl|IsCondControl)
2688642: board.processor.cores.core: A0 T0 : 0x1c4d4 @_IO_new_file_overflow+156    : c_ld a1, 32(s0)            : MemRead :  D=0x0000000000073f20 A=0x6f1e8  flags=(IsInteger|IsLoad)
2688975: board.processor.cores.core: A0 T0 : 0x1c4d6 @_IO_new_file_overflow+158    : c_mv a0, s0                : IntAlu :  D=0x000000000006f1c8  flags=(IsInteger)
2689308: board.processor.cores.core: A0 T0 : 0x1c4d8 @_IO_new_file_overflow+160    : c_ldsp s0, 16(sp)          : MemRead :  D=0x000000000006f1c8 A=0x7ffffffffffffbc0  flags=(IsInteger|IsLoad)
2689641: board.processor.cores.core: A0 T0 : 0x1c4da @_IO_new_file_overflow+162    : c_ldsp ra, 24(sp)          : MemRead :  D=0x000000000001d6be A=0x7ffffffffffffbc8  flags=(IsInteger|IsLoad)
2689974: board.processor.cores.core: A0 T0 : 0x1c4dc @_IO_new_file_overflow+164    : c_ldsp s1, 8(sp)           : MemRead :  D=0x0000000000000690 A=0x7ffffffffffffbb8  flags=(IsInteger|IsLoad)
2690307: board.processor.cores.core: A0 T0 : 0x1c4de @_IO_new_file_overflow+166    : c_ldsp s2, 0(sp)           : MemRead :  D=0x0000000000069768 A=0x7ffffffffffffbb0  flags=(IsInteger|IsLoad)
2690640: board.processor.cores.core: A0 T0 : 0x1c4e0 @_IO_new_file_overflow+168    : c_sub a2, a1               : IntAlu :  D=0x0000000000000068  flags=(IsInteger)
2690973: board.processor.cores.core: A0 T0 : 0x1c4e2 @_IO_new_file_overflow+170    : c_addi16sp sp, 32          : IntAlu :  D=0x7ffffffffffffbd0  flags=(IsInteger)
2691306: board.processor.cores.core: A0 T0 : 0x1c4e4 @_IO_new_file_overflow+172    : c_j -1470                  : IntAlu :   flags=(IsControl|IsDirectControl|IsUncondControl)
2691639: board.processor.cores.core: A0 T0 : 0x1bf26 @_IO_do_write    : c_bnez a2, 6               : IntAlu :   flags=(IsInteger|IsControl|IsDirectControl|IsCondControl)
2691972: board.processor.cores.core: A0 T0 : 0x1bf2c @_IO_do_write+6    : c_addi sp, -16             : IntAlu :  D=0x7ffffffffffffbc0  flags=(IsInteger)
2692305: board.processor.cores.core: A0 T0 : 0x1bf2e @_IO_do_write+8    : c_sdsp s0, 0(sp)           : MemWrite :  D=0x000000000006f1c8 A=0x7ffffffffffffbc0  flags=(IsInteger|IsStore)
2692638: board.processor.cores.core: A0 T0 : 0x1bf30 @_IO_do_write+10    : c_sdsp ra, 8(sp)           : MemWrite :  D=0x000000000001d6be A=0x7ffffffffffffbc8  flags=(IsInteger|IsStore)
2692971: board.processor.cores.core: A0 T0 : 0x1bf32 @_IO_do_write+12    : c_mv s0, a2                : IntAlu :  D=0x0000000000000068  flags=(IsInteger)
2693304: board.processor.cores.core: A0 T0 : 0x1bf34 @_IO_do_write+14    : jal ra, -4500              : IntAlu :  D=0x000000000001bf38  flags=(IsInteger|IsControl|IsDirectControl|IsUncondControl|IsCall)
2693637: board.processor.cores.core: A0 T0 : 0x1ada0 @new_do_write    : c_lw a5, 0(a0)             : MemRead :  D=0xfffffffffbad2884 A=0x6f1c8  flags=(IsInteger|IsLoad)
2693970: board.processor.cores.core: A0 T0 : 0x1ada2 @new_do_write+2    : c_addi16sp sp, -64         : IntAlu :  D=0x7ffffffffffffb80  flags=(IsInteger)
2694303: board.processor.cores.core: A0 T0 : 0x1ada4 @new_do_write+4    : c_sdsp s1, 40(sp)          : MemWrite :  D=0x0000000000000690 A=0x7ffffffffffffba8  flags=(IsInteger|IsStore)
2694636: board.processor.cores.core: A0 T0 : 0x1ada6 @new_do_write+6    : c_sdsp s2, 32(sp)          : MemWrite :  D=0x0000000000069768 A=0x7ffffffffffffba0  flags=(IsInteger|IsStore)
2694969: board.processor.cores.core: A0 T0 : 0x1ada8 @new_do_write+8    : c_srli a5, 12              : IntAlu :  D=0x000fffffffffbad2  flags=(IsInteger)
2695635: board.processor.cores.core: A0 T0 : 0x1adaa @new_do_write+10    : lui s1, 105                : IntAlu :  D=0x0000000000069000  flags=(IsInteger)
2696301: board.processor.cores.core: A0 T0 : 0x1adae @new_do_write+14    : lui s2, 106                : IntAlu :  D=0x000000000006a000  flags=(IsInteger)
2696634: board.processor.cores.core: A0 T0 : 0x1adb2 @new_do_write+18    : c_sdsp s0, 48(sp)          : MemWrite :  D=0x0000000000000068 A=0x7ffffffffffffbb0  flags=(IsInteger|IsStore)
2696967: board.processor.cores.core: A0 T0 : 0x1adb4 @new_do_write+20    : c_sdsp s3, 24(sp)          : MemWrite :  D=0x0000000000000000 A=0x7ffffffffffffb98  flags=(IsInteger|IsStore)
2697300: board.processor.cores.core: A0 T0 : 0x1adb6 @new_do_write+22    : c_sdsp s4, 16(sp)          : MemWrite :  D=0x0000000000000000 A=0x7ffffffffffffb90  flags=(IsInteger|IsStore)
2697633: board.processor.cores.core: A0 T0 : 0x1adb8 @new_do_write+24    : c_sdsp s5, 8(sp)           : MemWrite :  D=0x0000000000000001 A=0x7ffffffffffffb88  flags=(IsInteger|IsStore)
2698299: board.processor.cores.core: A0 T0 : 0x1adba @new_do_write+26    : addi s1, s1, 1896          : IntAlu :  D=0x0000000000069768  flags=(IsInteger)
2698965: board.processor.cores.core: A0 T0 : 0x1adbe @new_do_write+30    : addi s2, s2, -520          : IntAlu :  D=0x0000000000069df8  flags=(IsInteger)
2699298: board.processor.cores.core: A0 T0 : 0x1adc2 @new_do_write+34    : c_sdsp ra, 56(sp)          : MemWrite :  D=0x000000000001bf38 A=0x7ffffffffffffbb8  flags=(IsInteger|IsStore)
2699631: board.processor.cores.core: A0 T0 : 0x1adc4 @new_do_write+36    : c_andi a5, 1               : IntAlu :  D=0x0000000000000000  flags=(IsInteger)
2700297: board.processor.cores.core: A0 T0 : 0x1adc6 @new_do_write+38    : ld s3, 216(a0)             : MemRead :  D=0x0000000000069a08 A=0x6f2a0  flags=(IsInteger|IsLoad)
2700630: board.processor.cores.core: A0 T0 : 0x1adca @new_do_write+42    : c_mv s0, a0                : IntAlu :  D=0x000000000006f1c8  flags=(IsInteger)
2700963: board.processor.cores.core: A0 T0 : 0x1adcc @new_do_write+44    : c_mv s4, a1                : IntAlu :  D=0x0000000000073f20  flags=(IsInteger)
2701296: board.processor.cores.core: A0 T0 : 0x1adce @new_do_write+46    : c_mv s5, a2                : IntAlu :  D=0x0000000000000068  flags=(IsInteger)
2701629: board.processor.cores.core: A0 T0 : 0x1add0 @new_do_write+48    : sub s2, s2, s1             : IntAlu :  D=0x0000000000000690  flags=(IsInteger)
2701962: board.processor.cores.core: A0 T0 : 0x1add4 @new_do_write+52    : c_beqz a5, 92              : IntAlu :   flags=(IsInteger|IsControl|IsDirectControl|IsCondControl)
2702295: board.processor.cores.core: A0 T0 : 0x1ae30 @new_do_write+144    : c_ld a5, 16(a0)            : MemRead :  D=0x0000000000073f20 A=0x6f1d8  flags=(IsInteger|IsLoad)
2702628: board.processor.cores.core: A0 T0 : 0x1ae32 @new_do_write+146    : c_ld a1, 32(a0)            : MemRead :  D=0x0000000000073f20 A=0x6f1e8  flags=(IsInteger|IsLoad)
2702961: board.processor.cores.core: A0 T0 : 0x1ae34 @new_do_write+148    : beq a5, a1, -90            : IntAlu :   flags=(IsInteger|IsControl|IsDirectControl|IsCondControl)
2703627: board.processor.cores.core: A0 T0 : 0x1adda @new_do_write+58    : sub s1, s3, s1             : IntAlu :  D=0x00000000000002a0  flags=(IsInteger)
2704293: board.processor.cores.core: A0 T0 : 0x1adde @new_do_write+62    : bgeu s1, s2, 168           : IntAlu :   flags=(IsInteger|IsControl|IsDirectControl|IsCondControl)
2704959: board.processor.cores.core: A0 T0 : 0x1ade2 @new_do_write+66    : ld a5, 120(s3)             : MemRead :  D=0x000000000001b7dc A=0x69a80  flags=(IsInteger|IsLoad)
2705292: board.processor.cores.core: A0 T0 : 0x1ade6 @new_do_write+70    : c_mv a2, s5                : IntAlu :  D=0x0000000000000068  flags=(IsInteger)
2705625: board.processor.cores.core: A0 T0 : 0x1ade8 @new_do_write+72    : c_mv a1, s4                : IntAlu :  D=0x0000000000073f20  flags=(IsInteger)
2705958: board.processor.cores.core: A0 T0 : 0x1adea @new_do_write+74    : c_mv a0, s0                : IntAlu :  D=0x000000000006f1c8  flags=(IsInteger)
2706291: board.processor.cores.core: A0 T0 : 0x1adec @new_do_write+76    : c_jalr a5                  : IntAlu :  D=0x000000000001adee  flags=(IsInteger|IsControl|IsIndirectControl|IsUncondControl|IsCall)
2706624: board.processor.cores.core: A0 T0 : 0x1b7dc @_IO_new_file_write    : c_addi16sp sp, -48         : IntAlu :  D=0x7ffffffffffffb50  flags=(IsInteger)
2706957: board.processor.cores.core: A0 T0 : 0x1b7de @_IO_new_file_write+2    : c_sdsp s2, 16(sp)          : MemWrite :  D=0x0000000000000690 A=0x7ffffffffffffb60  flags=(IsInteger|IsStore)
2707290: board.processor.cores.core: A0 T0 : 0x1b7e0 @_IO_new_file_write+4    : c_sdsp ra, 40(sp)          : MemWrite :  D=0x000000000001adee A=0x7ffffffffffffb78  flags=(IsInteger|IsStore)
2707623: board.processor.cores.core: A0 T0 : 0x1b7e2 @_IO_new_file_write+6    : c_sdsp s0, 32(sp)          : MemWrite :  D=0x000000000006f1c8 A=0x7ffffffffffffb70  flags=(IsInteger|IsStore)
2707956: board.processor.cores.core: A0 T0 : 0x1b7e4 @_IO_new_file_write+8    : c_sdsp s1, 24(sp)          : MemWrite :  D=0x00000000000002a0 A=0x7ffffffffffffb68  flags=(IsInteger|IsStore)
2708289: board.processor.cores.core: A0 T0 : 0x1b7e6 @_IO_new_file_write+10    : c_sdsp s3, 8(sp)           : MemWrite :  D=0x0000000000069a08 A=0x7ffffffffffffb58  flags=(IsInteger|IsStore)
2708622: board.processor.cores.core: A0 T0 : 0x1b7e8 @_IO_new_file_write+12    : c_mv s2, a0                : IntAlu :  D=0x000000000006f1c8  flags=(IsInteger)
2709288: board.processor.cores.core: A0 T0 : 0x1b7ea @_IO_new_file_write+14    : bge ft0, a2, 100           : IntAlu :   flags=(IsInteger|IsControl|IsDirectControl|IsCondControl)
2709621: board.processor.cores.core: A0 T0 : 0x1b7ee @_IO_new_file_write+18    : c_mv s3, a2                : IntAlu :  D=0x0000000000000068  flags=(IsInteger)
2709954: board.processor.cores.core: A0 T0 : 0x1b7f0 @_IO_new_file_write+20    : c_mv s1, a1                : IntAlu :  D=0x0000000000073f20  flags=(IsInteger)
2710287: board.processor.cores.core: A0 T0 : 0x1b7f2 @_IO_new_file_write+22    : c_mv s0, a2                : IntAlu :  D=0x0000000000000068  flags=(IsInteger)
2710620: board.processor.cores.core: A0 T0 : 0x1b7f4 @_IO_new_file_write+24    : lw a5, 116(s2)             : MemRead :  D=0x0000000000000000 A=0x6f23c  flags=(IsInteger|IsLoad)
2710953: board.processor.cores.core: A0 T0 : 0x1b7f8 @_IO_new_file_write+28    : lw a0, 112(s2)             : MemRead :  D=0x0000000000000001 A=0x6f238  flags=(IsInteger|IsLoad)
2711286: board.processor.cores.core: A0 T0 : 0x1b7fc @_IO_new_file_write+32    : c_mv a2, s0                : IntAlu :  D=0x0000000000000068  flags=(IsInteger)
2711619: board.processor.cores.core: A0 T0 : 0x1b7fe @_IO_new_file_write+34    : c_andi a5, 2               : IntAlu :  D=0x0000000000000000  flags=(IsInteger)
2711952: board.processor.cores.core: A0 T0 : 0x1b800 @_IO_new_file_write+36    : c_mv a1, s1                : IntAlu :  D=0x0000000000073f20  flags=(IsInteger)
2712285: board.processor.cores.core: A0 T0 : 0x1b802 @_IO_new_file_write+38    : c_bnez a5, 50              : IntAlu :   flags=(IsInteger|IsControl|IsDirectControl|IsCondControl)
2712618: board.processor.cores.core: A0 T0 : 0x1b804 @_IO_new_file_write+40    : jal ra, 39766              : IntAlu :  D=0x000000000001b808  flags=(IsInteger|IsControl|IsDirectControl|IsUncondControl|IsCall)
2713284: board.processor.cores.core: A0 T0 : 0x2535a @__libc_write    : lw a5, -1952(tp)           : MemRead :  D=0x0000000000000000 A=0x73000  flags=(IsInteger|IsLoad)
2713617: board.processor.cores.core: A0 T0 : 0x2535e @__libc_write+4    : c_addi sp, -32             : IntAlu :  D=0x7ffffffffffffb30  flags=(IsInteger)
2713950: board.processor.cores.core: A0 T0 : 0x25360 @__libc_write+6    : c_sdsp ra, 24(sp)          : MemWrite :  D=0x000000000001b808 A=0x7ffffffffffffb48  flags=(IsInteger|IsStore)
2714283: board.processor.cores.core: A0 T0 : 0x25362 @__libc_write+8    : c_sdsp s0, 16(sp)          : MemWrite :  D=0x0000000000000068 A=0x7ffffffffffffb40  flags=(IsInteger|IsStore)
2714616: board.processor.cores.core: A0 T0 : 0x25364 @__libc_write+10    : c_sdsp s1, 8(sp)           : MemWrite :  D=0x0000000000073f20 A=0x7ffffffffffffb38  flags=(IsInteger|IsStore)
2714949: board.processor.cores.core: A0 T0 : 0x25366 @__libc_write+12    : c_sdsp s2, 0(sp)           : MemWrite :  D=0x000000000006f1c8 A=0x7ffffffffffffb30  flags=(IsInteger|IsStore)
2715282: board.processor.cores.core: A0 T0 : 0x25368 @__libc_write+14    : c_bnez a5, 32              : IntAlu :   flags=(IsInteger|IsControl|IsDirectControl|IsCondControl)
2715948: board.processor.cores.core: A0 T0 : 0x2536a @__libc_write+16    : addi a7, ft0, 64           : IntAlu :  D=0x0000000000000040  flags=(IsInteger)
2716614: board.processor.cores.core: A0 T0 : 0x2536e @__libc_write+20    : ecall                      : No_OpClass :   flags=(IsSerializeAfter|IsNonSpeculative|IsSyscall)
2716947: board.processor.cores.core: A0 T0 : 0x25372 @__libc_write+24    : c_lui a5, 1048575          : IntAlu :  D=0xfffffffffffff000  flags=(IsInteger)
2717280: board.processor.cores.core: A0 T0 : 0x25374 @__libc_write+26    : c_mv s0, a0                : IntAlu :  D=0x0000000000000068  flags=(IsInteger)
2717946: board.processor.cores.core: A0 T0 : 0x25376 @__libc_write+28    : bltu a5, a0, 72            : IntAlu :   flags=(IsInteger|IsControl|IsDirectControl|IsCondControl)
2718279: board.processor.cores.core: A0 T0 : 0x2537a @__libc_write+32    : c_ldsp ra, 24(sp)          : MemRead :  D=0x000000000001b808 A=0x7ffffffffffffb48  flags=(IsInteger|IsLoad)
2718612: board.processor.cores.core: A0 T0 : 0x2537c @__libc_write+34    : c_mv a0, s0                : IntAlu :  D=0x0000000000000068  flags=(IsInteger)
2718945: board.processor.cores.core: A0 T0 : 0x2537e @__libc_write+36    : c_ldsp s0, 16(sp)          : MemRead :  D=0x0000000000000068 A=0x7ffffffffffffb40  flags=(IsInteger|IsLoad)
2719278: board.processor.cores.core: A0 T0 : 0x25380 @__libc_write+38    : c_ldsp s1, 8(sp)           : MemRead :  D=0x0000000000073f20 A=0x7ffffffffffffb38  flags=(IsInteger|IsLoad)
2719611: board.processor.cores.core: A0 T0 : 0x25382 @__libc_write+40    : c_ldsp s2, 0(sp)           : MemRead :  D=0x000000000006f1c8 A=0x7ffffffffffffb30  flags=(IsInteger|IsLoad)
2719944: board.processor.cores.core: A0 T0 : 0x25384 @__libc_write+42    : c_addi16sp sp, 32          : IntAlu :  D=0x7ffffffffffffb50  flags=(IsInteger)
2720277: board.processor.cores.core: A0 T0 : 0x25386 @__libc_write+44    : c_jr ra                    : IntAlu :   flags=(IsInteger|IsControl|IsIndirectControl|IsUncondControl|IsReturn)
2720610: board.processor.cores.core: A0 T0 : 0x1b808 @_IO_new_file_write+44    : blt a0, ft0, 52            : IntAlu :   flags=(IsInteger|IsControl|IsDirectControl|IsCondControl)
2720943: board.processor.cores.core: A0 T0 : 0x1b80c @_IO_new_file_write+48    : c_sub s0, a0               : IntAlu :  D=0x0000000000000000  flags=(IsInteger)
2721276: board.processor.cores.core: A0 T0 : 0x1b80e @_IO_new_file_write+50    : c_add s1, a0               : IntAlu :  D=0x0000000000073f88  flags=(IsInteger)
2721609: board.processor.cores.core: A0 T0 : 0x1b810 @_IO_new_file_write+52    : blt ft0, s0, -28           : IntAlu :   flags=(IsInteger|IsControl|IsDirectControl|IsCondControl)
2721942: board.processor.cores.core: A0 T0 : 0x1b814 @_IO_new_file_write+56    : sub a0, s3, s0             : IntAlu :  D=0x0000000000000068  flags=(IsInteger)
2722275: board.processor.cores.core: A0 T0 : 0x1b818 @_IO_new_file_write+60    : ld a5, 144(s2)             : MemRead :  D=0xffffffffffffffff A=0x6f258  flags=(IsInteger|IsLoad)
2722608: board.processor.cores.core: A0 T0 : 0x1b81c @_IO_new_file_write+64    : blt a5, ft0, 10            : IntAlu :   flags=(IsInteger|IsControl|IsDirectControl|IsCondControl)
2722941: board.processor.cores.core: A0 T0 : 0x1b826 @_IO_new_file_write+74    : c_ldsp ra, 40(sp)          : MemRead :  D=0x000000000001adee A=0x7ffffffffffffb78  flags=(IsInteger|IsLoad)
2723274: board.processor.cores.core: A0 T0 : 0x1b828 @_IO_new_file_write+76    : c_ldsp s0, 32(sp)          : MemRead :  D=0x000000000006f1c8 A=0x7ffffffffffffb70  flags=(IsInteger|IsLoad)
2723607: board.processor.cores.core: A0 T0 : 0x1b82a @_IO_new_file_write+78    : c_ldsp s1, 24(sp)          : MemRead :  D=0x00000000000002a0 A=0x7ffffffffffffb68  flags=(IsInteger|IsLoad)
2723940: board.processor.cores.core: A0 T0 : 0x1b82c @_IO_new_file_write+80    : c_ldsp s2, 16(sp)          : MemRead :  D=0x0000000000000690 A=0x7ffffffffffffb60  flags=(IsInteger|IsLoad)
2724273: board.processor.cores.core: A0 T0 : 0x1b82e @_IO_new_file_write+82    : c_ldsp s3, 8(sp)           : MemRead :  D=0x0000000000069a08 A=0x7ffffffffffffb58  flags=(IsInteger|IsLoad)
2724606: board.processor.cores.core: A0 T0 : 0x1b830 @_IO_new_file_write+84    : c_addi16sp sp, 48          : IntAlu :  D=0x7ffffffffffffb80  flags=(IsInteger)
2724939: board.processor.cores.core: A0 T0 : 0x1b832 @_IO_new_file_write+86    : c_jr ra                    : IntAlu :   flags=(IsInteger|IsControl|IsIndirectControl|IsUncondControl|IsReturn)
2725605: board.processor.cores.core: A0 T0 : 0x1adee @new_do_write+78    : lhu a5, 128(s0)            : MemRead :  D=0x0000000000000000 A=0x6f248  flags=(IsInteger|IsLoad)
2725938: board.processor.cores.core: A0 T0 : 0x1adf2 @new_do_write+82    : c_mv s3, a0                : IntAlu :  D=0x0000000000000068  flags=(IsInteger)
2726271: board.processor.cores.core: A0 T0 : 0x1adf4 @new_do_write+84    : c_beqz a5, 4               : IntAlu :   flags=(IsInteger|IsControl|IsDirectControl|IsCondControl)
2726604: board.processor.cores.core: A0 T0 : 0x1adf8 @new_do_write+88    : c_ld a5, 56(s0)            : MemRead :  D=0x0000000000073f20 A=0x6f200  flags=(IsInteger|IsLoad)
2727270: board.processor.cores.core: A0 T0 : 0x1adfa @new_do_write+90    : lw a4, 192(s0)             : MemRead :  D=0xffffffffffffffff A=0x6f288  flags=(IsInteger|IsLoad)
2727603: board.processor.cores.core: A0 T0 : 0x1adfe @new_do_write+94    : c_sd a5, 24(s0)            : MemWrite :  D=0x0000000000073f20 A=0x6f1e0  flags=(IsInteger|IsStore)
2727936: board.processor.cores.core: A0 T0 : 0x1ae00 @new_do_write+96    : c_sd a5, 8(s0)             : MemWrite :  D=0x0000000000073f20 A=0x6f1d0  flags=(IsInteger|IsStore)
2728269: board.processor.cores.core: A0 T0 : 0x1ae02 @new_do_write+98    : c_sd a5, 16(s0)            : MemWrite :  D=0x0000000000073f20 A=0x6f1d8  flags=(IsInteger|IsStore)
2728602: board.processor.cores.core: A0 T0 : 0x1ae04 @new_do_write+100    : c_sd a5, 40(s0)            : MemWrite :  D=0x0000000000073f20 A=0x6f1f0  flags=(IsInteger|IsStore)
2728935: board.processor.cores.core: A0 T0 : 0x1ae06 @new_do_write+102    : c_sd a5, 32(s0)            : MemWrite :  D=0x0000000000073f20 A=0x6f1e8  flags=(IsInteger|IsStore)
2729268: board.processor.cores.core: A0 T0 : 0x1ae08 @new_do_write+104    : bge ft0, a4, 28            : IntAlu :   flags=(IsInteger|IsControl|IsDirectControl|IsCondControl)
2729601: board.processor.cores.core: A0 T0 : 0x1ae24 @new_do_write+132    : c_lw a4, 0(s0)             : MemRead :  D=0xfffffffffbad2884 A=0x6f1c8  flags=(IsInteger|IsLoad)
2730267: board.processor.cores.core: A0 T0 : 0x1ae26 @new_do_write+134    : andi a4, a4, 514           : IntAlu :  D=0x0000000000000000  flags=(IsInteger)
2730600: board.processor.cores.core: A0 T0 : 0x1ae2a @new_do_write+138    : c_bnez a4, -28             : IntAlu :   flags=(IsInteger|IsControl|IsDirectControl|IsCondControl)
2730933: board.processor.cores.core: A0 T0 : 0x1ae2c @new_do_write+140    : c_ld a5, 64(s0)            : MemRead :  D=0x0000000000075f20 A=0x6f208  flags=(IsInteger|IsLoad)
2731266: board.processor.cores.core: A0 T0 : 0x1ae2e @new_do_write+142    : c_j -32                    : IntAlu :   flags=(IsControl|IsDirectControl|IsUncondControl)
2731599: board.processor.cores.core: A0 T0 : 0x1ae0e @new_do_write+110    : c_sd a5, 48(s0)            : MemWrite :  D=0x0000000000075f20 A=0x6f1f8  flags=(IsInteger|IsStore)
2731932: board.processor.cores.core: A0 T0 : 0x1ae10 @new_do_write+112    : c_ldsp ra, 56(sp)          : MemRead :  D=0x000000000001bf38 A=0x7ffffffffffffbb8  flags=(IsInteger|IsLoad)
2732265: board.processor.cores.core: A0 T0 : 0x1ae12 @new_do_write+114    : c_ldsp s0, 48(sp)          : MemRead :  D=0x0000000000000068 A=0x7ffffffffffffbb0  flags=(IsInteger|IsLoad)
2732598: board.processor.cores.core: A0 T0 : 0x1ae14 @new_do_write+116    : c_ldsp s1, 40(sp)          : MemRead :  D=0x0000000000000690 A=0x7ffffffffffffba8  flags=(IsInteger|IsLoad)
2732931: board.processor.cores.core: A0 T0 : 0x1ae16 @new_do_write+118    : c_ldsp s2, 32(sp)          : MemRead :  D=0x0000000000069768 A=0x7ffffffffffffba0  flags=(IsInteger|IsLoad)
2733264: board.processor.cores.core: A0 T0 : 0x1ae18 @new_do_write+120    : c_ldsp s4, 16(sp)          : MemRead :  D=0x0000000000000000 A=0x7ffffffffffffb90  flags=(IsInteger|IsLoad)
2733597: board.processor.cores.core: A0 T0 : 0x1ae1a @new_do_write+122    : c_ldsp s5, 8(sp)           : MemRead :  D=0x0000000000000001 A=0x7ffffffffffffb88  flags=(IsInteger|IsLoad)
2733930: board.processor.cores.core: A0 T0 : 0x1ae1c @new_do_write+124    : c_mv a0, s3                : IntAlu :  D=0x0000000000000068  flags=(IsInteger)
2734263: board.processor.cores.core: A0 T0 : 0x1ae1e @new_do_write+126    : c_ldsp s3, 24(sp)          : MemRead :  D=0x0000000000000000 A=0x7ffffffffffffb98  flags=(IsInteger|IsLoad)
2734596: board.processor.cores.core: A0 T0 : 0x1ae20 @new_do_write+128    : c_addi16sp sp, 64          : IntAlu :  D=0x7ffffffffffffbc0  flags=(IsInteger)
2734929: board.processor.cores.core: A0 T0 : 0x1ae22 @new_do_write+130    : c_jr ra                    : IntAlu :   flags=(IsInteger|IsControl|IsIndirectControl|IsUncondControl|IsReturn)
2735262: board.processor.cores.core: A0 T0 : 0x1bf38 @_IO_do_write+18    : c_ldsp ra, 8(sp)           : MemRead :  D=0x000000000001d6be A=0x7ffffffffffffbc8  flags=(IsInteger|IsLoad)
2735928: board.processor.cores.core: A0 T0 : 0x1bf3a @_IO_do_write+20    : sub a0, s0, a0             : IntAlu :  D=0x0000000000000000  flags=(IsInteger)
2736261: board.processor.cores.core: A0 T0 : 0x1bf3e @_IO_do_write+24    : c_ldsp s0, 0(sp)           : MemRead :  D=0x000000000006f1c8 A=0x7ffffffffffffbc0  flags=(IsInteger|IsLoad)
2736594: board.processor.cores.core: A0 T0 : 0x1bf40 @_IO_do_write+26    : sltu a0, ft0, a0           : IntAlu :  D=0x0000000000000000  flags=(IsInteger)
2736927: board.processor.cores.core: A0 T0 : 0x1bf44 @_IO_do_write+30    : sub a0, ft0, a0            : IntAlu :  D=0x0000000000000000  flags=(IsInteger)
2737260: board.processor.cores.core: A0 T0 : 0x1bf48 @_IO_do_write+34    : c_addi sp, 16              : IntAlu :  D=0x7ffffffffffffbd0  flags=(IsInteger)
2737593: board.processor.cores.core: A0 T0 : 0x1bf4a @_IO_do_write+36    : c_jr ra                    : IntAlu :   flags=(IsInteger|IsControl|IsIndirectControl|IsUncondControl|IsReturn)
2737926: board.processor.cores.core: A0 T0 : 0x1d6be @_IO_flush_all_lockp+242    : c_li a5, -1                : IntAlu :  D=0xffffffffffffffff  flags=(IsInteger)
2738259: board.processor.cores.core: A0 T0 : 0x1d6c0 @_IO_flush_all_lockp+244    : beq a0, a5, 102            : IntAlu :   flags=(IsInteger|IsControl|IsDirectControl|IsCondControl)
2738592: board.processor.cores.core: A0 T0 : 0x1d6c4 @_IO_flush_all_lockp+248    : beq s8, ft0, 28            : IntAlu :   flags=(IsInteger|IsControl|IsDirectControl|IsCondControl)
2738925: board.processor.cores.core: A0 T0 : 0x1d6e0 @_IO_flush_all_lockp+276    : c_ld s0, 104(s0)           : MemRead :  D=0x000000000006f390 A=0x6f230  flags=(IsInteger|IsLoad)
2739591: board.processor.cores.core: A0 T0 : 0x1d6e2 @_IO_flush_all_lockp+278    : sd ft0, -1344(gp)          : MemWrite :  D=0x0000000000000000 A=0x70b88  flags=(IsInteger|IsStore)
2739924: board.processor.cores.core: A0 T0 : 0x1d6e6 @_IO_flush_all_lockp+282    : c_bnez s0, -134            : IntAlu :   flags=(IsInteger|IsControl|IsDirectControl|IsCondControl)
2740257: board.processor.cores.core: A0 T0 : 0x1d660 @_IO_flush_all_lockp+148    : sd s0, -1344(gp)           : MemWrite :  D=0x000000000006f390 A=0x70b88  flags=(IsInteger|IsStore)
2740590: board.processor.cores.core: A0 T0 : 0x1d664 @_IO_flush_all_lockp+152    : beq s8, ft0, 54            : IntAlu :   flags=(IsInteger|IsControl|IsDirectControl|IsCondControl)
2741256: board.processor.cores.core: A0 T0 : 0x1d69a @_IO_flush_all_lockp+206    : lw a5, 192(s0)             : MemRead :  D=0x0000000000000000 A=0x6f450  flags=(IsInteger|IsLoad)
2741922: board.processor.cores.core: A0 T0 : 0x1d69e @_IO_flush_all_lockp+210    : bge ft0, a5, 140           : IntAlu :   flags=(IsInteger|IsControl|IsDirectControl|IsCondControl)
2742255: board.processor.cores.core: A0 T0 : 0x1d72a @_IO_flush_all_lockp+350    : c_ld a4, 40(s0)            : MemRead :  D=0x0000000000000000 A=0x6f3b8  flags=(IsInteger|IsLoad)
2742588: board.processor.cores.core: A0 T0 : 0x1d72c @_IO_flush_all_lockp+352    : c_ld a5, 32(s0)            : MemRead :  D=0x0000000000000000 A=0x6f3b0  flags=(IsInteger|IsLoad)
2743254: board.processor.cores.core: A0 T0 : 0x1d72e @_IO_flush_all_lockp+354    : bgeu a5, a4, -106          : IntAlu :   flags=(IsInteger|IsControl|IsDirectControl|IsCondControl)
2743587: board.processor.cores.core: A0 T0 : 0x1d6c4 @_IO_flush_all_lockp+248    : beq s8, ft0, 28            : IntAlu :   flags=(IsInteger|IsControl|IsDirectControl|IsCondControl)
2743920: board.processor.cores.core: A0 T0 : 0x1d6e0 @_IO_flush_all_lockp+276    : c_ld s0, 104(s0)           : MemRead :  D=0x0000000000000000 A=0x6f3f8  flags=(IsInteger|IsLoad)
2744586: board.processor.cores.core: A0 T0 : 0x1d6e2 @_IO_flush_all_lockp+278    : sd ft0, -1344(gp)          : MemWrite :  D=0x0000000000000000 A=0x70b88  flags=(IsInteger|IsStore)
2744919: board.processor.cores.core: A0 T0 : 0x1d6e6 @_IO_flush_all_lockp+282    : c_bnez s0, -134            : IntAlu :   flags=(IsInteger|IsControl|IsDirectControl|IsCondControl)
2745252: board.processor.cores.core: A0 T0 : 0x1d6e8 @_IO_flush_all_lockp+284    : lw a5, 4(s11)              : MemRead :  D=0x0000000000000001 A=0x71b64  flags=(IsInteger|IsLoad)
2745585: board.processor.cores.core: A0 T0 : 0x1d6ec @_IO_flush_all_lockp+288    : addiw a3, a5, -1           : IntAlu :  D=0x0000000000000000  flags=(IsInteger)
2745918: board.processor.cores.core: A0 T0 : 0x1d6f0 @_IO_flush_all_lockp+292    : sw a3, 4(s11)              : MemWrite :  D=0x0000000000000000 A=0x71b64  flags=(IsInteger|IsStore)
2746251: board.processor.cores.core: A0 T0 : 0x1d6f4 @_IO_flush_all_lockp+296    : c_beqz a3, 118             : IntAlu :   flags=(IsInteger|IsControl|IsDirectControl|IsCondControl)
2746917: board.processor.cores.core: A0 T0 : 0x1d76a @_IO_flush_all_lockp+414    : sd ft0, 8(s11)             : MemWrite :  D=0x0000000000000000 A=0x71b68  flags=(IsInteger|IsStore)
2747250: board.processor.cores.core: A0 T0 : 0x1d76e @_IO_flush_all_lockp+418    : c_mv a5, a3                : IntAlu :  D=0x0000000000000000  flags=(IsInteger)
2747583: board.processor.cores.core: A0 T0 : 0x1d770 @_IO_flush_all_lockp+420    : fence iorw, ow             : No_OpClass :   flags=(IsWriteBarrier|IsReadBarrier)
2747916: board.processor.cores.core: A0 T0 : 0x1d774 @_IO_flush_all_lockp+424    : amoswap_w a5, a5, (s11)   
2747916: board.processor.cores.core: A0 T0 : 0x1d774 @_IO_flush_all_lockp+424. 0 : amoswap_w[l] a5, a5, (s11) : MemRead :  D=0x0000000000000001 A=0x71b60  flags=(IsInteger|IsAtomic|IsMicroop|IsLastMicroop|IsFirstMicroop)
2748249: board.processor.cores.core: A0 T0 : 0x1d778 @_IO_flush_all_lockp+428    : c_addiw a5, 0              : IntAlu :  D=0x0000000000000001  flags=(IsInteger)
2748582: board.processor.cores.core: A0 T0 : 0x1d77a @_IO_flush_all_lockp+430    : c_li a4, 1                 : IntAlu :  D=0x0000000000000001  flags=(IsInteger)
2748915: board.processor.cores.core: A0 T0 : 0x1d77c @_IO_flush_all_lockp+432    : bge a4, a5, -134           : IntAlu :   flags=(IsInteger|IsControl|IsDirectControl|IsCondControl)
2749581: board.processor.cores.core: A0 T0 : 0x1d6f6 @_IO_flush_all_lockp+298    : beq s3, ft0, 16            : IntAlu :   flags=(IsInteger|IsControl|IsDirectControl|IsCondControl)
2749914: board.processor.cores.core: A0 T0 : 0x1d706 @_IO_flush_all_lockp+314    : c_ldsp ra, 152(sp)         : MemRead :  D=0x000000000001d7de A=0x7ffffffffffffc68  flags=(IsInteger|IsLoad)
2750247: board.processor.cores.core: A0 T0 : 0x1d708 @_IO_flush_all_lockp+316    : c_ldsp s0, 144(sp)         : MemRead :  D=0x0000000000069e00 A=0x7ffffffffffffc60  flags=(IsInteger|IsLoad)
2750580: board.processor.cores.core: A0 T0 : 0x1d70a @_IO_flush_all_lockp+318    : c_ldsp s1, 136(sp)         : MemRead :  D=0x0000000000069e00 A=0x7ffffffffffffc58  flags=(IsInteger|IsLoad)
2750913: board.processor.cores.core: A0 T0 : 0x1d70c @_IO_flush_all_lockp+320    : c_ldsp s2, 128(sp)         : MemRead :  D=0x0000000000000004 A=0x7ffffffffffffc50  flags=(IsInteger|IsLoad)
2751246: board.processor.cores.core: A0 T0 : 0x1d70e @_IO_flush_all_lockp+322    : c_ldsp s3, 120(sp)         : MemRead :  D=0x0000000000000000 A=0x7ffffffffffffc48  flags=(IsInteger|IsLoad)
2751579: board.processor.cores.core: A0 T0 : 0x1d710 @_IO_flush_all_lockp+324    : c_ldsp s5, 104(sp)         : MemRead :  D=0x0000000000000003 A=0x7ffffffffffffc38  flags=(IsInteger|IsLoad)
2751912: board.processor.cores.core: A0 T0 : 0x1d712 @_IO_flush_all_lockp+326    : c_ldsp s6, 96(sp)          : MemRead :  D=0x0000000000000000 A=0x7ffffffffffffc30  flags=(IsInteger|IsLoad)
2752245: board.processor.cores.core: A0 T0 : 0x1d714 @_IO_flush_all_lockp+328    : c_ldsp s7, 88(sp)          : MemRead :  D=0x0000000000070948 A=0x7ffffffffffffc28  flags=(IsInteger|IsLoad)
2752578: board.processor.cores.core: A0 T0 : 0x1d716 @_IO_flush_all_lockp+330    : c_ldsp s8, 80(sp)          : MemRead :  D=0x0000000000000001 A=0x7ffffffffffffc20  flags=(IsInteger|IsLoad)
2752911: board.processor.cores.core: A0 T0 : 0x1d718 @_IO_flush_all_lockp+332    : c_ldsp s9, 72(sp)          : MemRead :  D=0x0000000000000000 A=0x7ffffffffffffc18  flags=(IsInteger|IsLoad)
2753244: board.processor.cores.core: A0 T0 : 0x1d71a @_IO_flush_all_lockp+334    : c_ldsp s10, 64(sp)         : MemRead :  D=0x0000000000000000 A=0x7ffffffffffffc10  flags=(IsInteger|IsLoad)
2753577: board.processor.cores.core: A0 T0 : 0x1d71c @_IO_flush_all_lockp+336    : c_ldsp s11, 56(sp)         : MemRead :  D=0x0000000000000000 A=0x7ffffffffffffc08  flags=(IsInteger|IsLoad)
2753910: board.processor.cores.core: A0 T0 : 0x1d71e @_IO_flush_all_lockp+338    : c_mv a0, s4                : IntAlu :  D=0x0000000000000000  flags=(IsInteger)
2754243: board.processor.cores.core: A0 T0 : 0x1d720 @_IO_flush_all_lockp+340    : c_ldsp s4, 112(sp)         : MemRead :  D=0x0000000000000000 A=0x7ffffffffffffc40  flags=(IsInteger|IsLoad)
2754576: board.processor.cores.core: A0 T0 : 0x1d722 @_IO_flush_all_lockp+342    : c_addi16sp sp, 160         : IntAlu :  D=0x7ffffffffffffc70  flags=(IsInteger)
2754909: board.processor.cores.core: A0 T0 : 0x1d724 @_IO_flush_all_lockp+344    : c_jr ra                    : IntAlu :   flags=(IsInteger|IsControl|IsIndirectControl|IsUncondControl|IsReturn)
2755242: board.processor.cores.core: A0 T0 : 0x1d7de @_IO_cleanup+38    : c_mv s5, a0                : IntAlu :  D=0x0000000000000000  flags=(IsInteger)
2755575: board.processor.cores.core: A0 T0 : 0x1d7e0 @_IO_cleanup+40    : beq s3, ft0, 482           : IntAlu :   flags=(IsInteger|IsControl|IsDirectControl|IsCondControl)
2755908: board.processor.cores.core: A0 T0 : 0x1d9c2 @_IO_cleanup+522    : c_lui a5, 28               : IntAlu :  D=0x000000000001c000  flags=(IsInteger)
2756241: board.processor.cores.core: A0 T0 : 0x1d9c4 @_IO_cleanup+524    : addi a5, a5, 1578          : IntAlu :  D=0x000000000001c62a  flags=(IsInteger)
2756574: board.processor.cores.core: A0 T0 : 0x1d9c8 @_IO_cleanup+528    : c_sdsp a5, 0(sp)           : MemWrite :  D=0x000000000001c62a A=0x7ffffffffffffc70  flags=(IsInteger|IsStore)
2756907: board.processor.cores.core: A0 T0 : 0x1d9ca @_IO_cleanup+530    : c_sdsp ft0, 8(sp)          : MemWrite :  D=0x0000000000000000 A=0x7ffffffffffffc78  flags=(IsInteger|IsStore)
2757240: board.processor.cores.core: A0 T0 : 0x1d9cc @_IO_cleanup+532    : c_j -470                   : IntAlu :   flags=(IsControl|IsDirectControl|IsUncondControl)
2757906: board.processor.cores.core: A0 T0 : 0x1d7f6 @_IO_cleanup+62    : lui s6, 114                : IntAlu :  D=0x0000000000072000  flags=(IsInteger)
2758572: board.processor.cores.core: A0 T0 : 0x1d7fa @_IO_cleanup+66    : addi s10, s6, -1184        : IntAlu :  D=0x0000000000071b60  flags=(IsInteger)
2759238: board.processor.cores.core: A0 T0 : 0x1d7fe @_IO_cleanup+70    : ld a5, 8(s10)              : MemRead :  D=0x0000000000000000 A=0x71b68  flags=(IsInteger|IsLoad)
2759904: board.processor.cores.core: A0 T0 : 0x1d802 @_IO_cleanup+74    : addi s0, tp, -1952         : IntAlu :  D=0x0000000000073000  flags=(IsInteger)
2760570: board.processor.cores.core: A0 T0 : 0x1d806 @_IO_cleanup+78    : beq s0, a5, 28             : IntAlu :   flags=(IsInteger|IsControl|IsDirectControl|IsCondControl)
2760903: board.processor.cores.core: A0 T0 : 0x1d80a @_IO_cleanup+82    : c_li a4, 1                 : IntAlu :  D=0x0000000000000001  flags=(IsInteger)
2761236: board.processor.cores.core: A0 T0 : 0x1d80c @_IO_cleanup+84    : lr_w a5, (s10)            
2761236: board.processor.cores.core: A0 T0 : 0x1d80c @_IO_cleanup+84. 0 : lr_w a5, (s10)             : MemRead :  D=0x0000000000000000 A=0x71b60  flags=(IsInteger|IsLoad|IsMicroop|IsLastMicroop|IsFirstMicroop)
2761569: board.processor.cores.core: A0 T0 : 0x1d810 @_IO_cleanup+88    : c_bnez a5, 8               : IntAlu :   flags=(IsInteger|IsControl|IsDirectControl|IsCondControl)
2762235: board.processor.cores.core: A0 T0 : 0x1d812 @_IO_cleanup+90    : sc_w_aq a3, a4, (s10)     
2762235: board.processor.cores.core: A0 T0 : 0x1d812 @_IO_cleanup+90. 0 : sc_w a3, a4, (s10)         : MemWrite :  D=0x0000000000000000 A=0x71b60  flags=(IsInteger|IsStore|IsStoreConditional|IsMicroop|IsDelayedCommit|IsFirstMicroop)
2762568: board.processor.cores.core: A0 T0 : 0x1d812 @_IO_cleanup+90. 1 : 0x1ced26af fence           : No_OpClass :   flags=(IsWriteBarrier|IsReadBarrier|IsMicroop|IsLastMicroop)
2762901: board.processor.cores.core: A0 T0 : 0x1d816 @_IO_cleanup+94    : c_bnez a3, -10             : IntAlu :   flags=(IsInteger|IsControl|IsDirectControl|IsCondControl)
2763234: board.processor.cores.core: A0 T0 : 0x1d818 @_IO_cleanup+96    : c_addiw a5, 0              : IntAlu :  D=0x0000000000000000  flags=(IsInteger)
2763900: board.processor.cores.core: A0 T0 : 0x1d81a @_IO_cleanup+98    : bne a5, ft0, 436           : IntAlu :   flags=(IsInteger|IsControl|IsDirectControl|IsCondControl)
2764566: board.processor.cores.core: A0 T0 : 0x1d81e @_IO_cleanup+102    : sd s0, 8(s10)              : MemWrite :  D=0x0000000000073000 A=0x71b68  flags=(IsInteger|IsStore)
2765232: board.processor.cores.core: A0 T0 : 0x1d822 @_IO_cleanup+106    : lw a3, 4(s10)              : MemRead :  D=0x0000000000000000 A=0x71b64  flags=(IsInteger|IsLoad)
2765898: board.processor.cores.core: A0 T0 : 0x1d826 @_IO_cleanup+110    : ld s0, -1896(gp)           : MemRead :  D=0x000000000006f000 A=0x70960  flags=(IsInteger|IsLoad)
2766564: board.processor.cores.core: A0 T0 : 0x1d82a @_IO_cleanup+114    : addiw a4, a3, 1            : IntAlu :  D=0x0000000000000001  flags=(IsInteger)
2767230: board.processor.cores.core: A0 T0 : 0x1d82e @_IO_cleanup+118    : sw a4, 4(s10)              : MemWrite :  D=0x0000000000000001 A=0x71b64  flags=(IsInteger|IsStore)
2767563: board.processor.cores.core: A0 T0 : 0x1d832 @_IO_cleanup+122    : c_beqz s0, 204             : IntAlu :   flags=(IsInteger|IsControl|IsDirectControl|IsCondControl)
2767896: board.processor.cores.core: A0 T0 : 0x1d834 @_IO_cleanup+124    : lui s2, 106                : IntAlu :  D=0x000000000006a000  flags=(IsInteger)
2768229: board.processor.cores.core: A0 T0 : 0x1d838 @_IO_cleanup+128    : lui s4, 105                : IntAlu :  D=0x0000000000069000  flags=(IsInteger)
2768562: board.processor.cores.core: A0 T0 : 0x1d83c @_IO_cleanup+132    : addi s4, s4, 1896          : IntAlu :  D=0x0000000000069768  flags=(IsInteger)
2768895: board.processor.cores.core: A0 T0 : 0x1d840 @_IO_cleanup+136    : addi s2, s2, -520          : IntAlu :  D=0x0000000000069df8  flags=(IsInteger)
2769228: board.processor.cores.core: A0 T0 : 0x1d844 @_IO_cleanup+140    : sub s2, s2, s4             : IntAlu :  D=0x0000000000000690  flags=(IsInteger)
2769561: board.processor.cores.core: A0 T0 : 0x1d848 @_IO_cleanup+144    : c_li s7, 2                 : IntAlu :  D=0x0000000000000002  flags=(IsInteger)
2769894: board.processor.cores.core: A0 T0 : 0x1d84a @_IO_cleanup+146    : c_j 12                     : IntAlu :   flags=(IsControl|IsDirectControl|IsUncondControl)
2770227: board.processor.cores.core: A0 T0 : 0x1d856 @_IO_cleanup+158    : c_lw s1, 0(s0)             : MemRead :  D=0xfffffffffbad2086 A=0x6f000  flags=(IsInteger|IsLoad)
2770560: board.processor.cores.core: A0 T0 : 0x1d858 @_IO_cleanup+160    : c_andi s1, 2               : IntAlu :  D=0x0000000000000002  flags=(IsInteger)
2770893: board.processor.cores.core: A0 T0 : 0x1d85a @_IO_cleanup+162    : c_bnez s1, -14             : IntAlu :   flags=(IsInteger|IsControl|IsDirectControl|IsCondControl)
2771226: board.processor.cores.core: A0 T0 : 0x1d84c @_IO_cleanup+148    : c_li a5, -1                : IntAlu :  D=0xffffffffffffffff  flags=(IsInteger)
2771892: board.processor.cores.core: A0 T0 : 0x1d84e @_IO_cleanup+150    : sw a5, 192(s0)             : MemWrite :  D=0x00000000ffffffff A=0x6f0c0  flags=(IsInteger|IsStore)
2772225: board.processor.cores.core: A0 T0 : 0x1d852 @_IO_cleanup+154    : c_ld s0, 104(s0)           : MemRead :  D=0x000000000006f1c8 A=0x6f068  flags=(IsInteger|IsLoad)
2772558: board.processor.cores.core: A0 T0 : 0x1d854 @_IO_cleanup+156    : c_beqz s0, 162             : IntAlu :   flags=(IsInteger|IsControl|IsDirectControl|IsCondControl)
2772891: board.processor.cores.core: A0 T0 : 0x1d856 @_IO_cleanup+158    : c_lw s1, 0(s0)             : MemRead :  D=0xfffffffffbad2884 A=0x6f1c8  flags=(IsInteger|IsLoad)
2773224: board.processor.cores.core: A0 T0 : 0x1d858 @_IO_cleanup+160    : c_andi s1, 2               : IntAlu :  D=0x0000000000000000  flags=(IsInteger)
2773557: board.processor.cores.core: A0 T0 : 0x1d85a @_IO_cleanup+162    : c_bnez s1, -14             : IntAlu :   flags=(IsInteger|IsControl|IsDirectControl|IsCondControl)
2773890: board.processor.cores.core: A0 T0 : 0x1d85c @_IO_cleanup+164    : lw a5, 192(s0)             : MemRead :  D=0xffffffffffffffff A=0x6f288  flags=(IsInteger|IsLoad)
2774223: board.processor.cores.core: A0 T0 : 0x1d860 @_IO_cleanup+168    : c_beqz a5, -20             : IntAlu :   flags=(IsInteger|IsControl|IsDirectControl|IsCondControl)
2774556: board.processor.cores.core: A0 T0 : 0x1d862 @_IO_cleanup+170    : c_ld a5, 136(s0)           : MemRead :  D=0x0000000000071b80 A=0x6f250  flags=(IsInteger|IsLoad)
2774889: board.processor.cores.core: A0 T0 : 0x1d864 @_IO_cleanup+172    : c_beqz a5, 40              : IntAlu :   flags=(IsInteger|IsControl|IsDirectControl|IsCondControl)
2775222: board.processor.cores.core: A0 T0 : 0x1d866 @_IO_cleanup+174    : c_ld a3, 8(a5)             : MemRead :  D=0x0000000000000000 A=0x71b88  flags=(IsInteger|IsLoad)
2775555: board.processor.cores.core: A0 T0 : 0x1d868 @_IO_cleanup+176    : addi a4, tp, -1952         : IntAlu :  D=0x0000000000073000  flags=(IsInteger)
2775888: board.processor.cores.core: A0 T0 : 0x1d86c @_IO_cleanup+180    : beq a3, a4, 366            : IntAlu :   flags=(IsInteger|IsControl|IsDirectControl|IsCondControl)
2776221: board.processor.cores.core: A0 T0 : 0x1d870 @_IO_cleanup+184    : c_li s11, 1                : IntAlu :  D=0x0000000000000001  flags=(IsInteger)
2776887: board.processor.cores.core: A0 T0 : 0x1d872 @_IO_cleanup+186    : lr_w a3, (a5)             
2776887: board.processor.cores.core: A0 T0 : 0x1d872 @_IO_cleanup+186. 0 : lr_w a3, (a5)              : MemRead :  D=0x0000000000000000 A=0x71b80  flags=(IsInteger|IsLoad|IsMicroop|IsLastMicroop|IsFirstMicroop)
2777220: board.processor.cores.core: A0 T0 : 0x1d876 @_IO_cleanup+190    : c_bnez a3, 8               : IntAlu :   flags=(IsInteger|IsControl|IsDirectControl|IsCondControl)
2777553: board.processor.cores.core: A0 T0 : 0x1d878 @_IO_cleanup+192    : sc_w_aq a2, s11, (a5)     
2777553: board.processor.cores.core: A0 T0 : 0x1d878 @_IO_cleanup+192. 0 : sc_w a2, s11, (a5)         : MemWrite :  D=0x0000000000000000 A=0x71b80  flags=(IsInteger|IsStore|IsStoreConditional|IsMicroop|IsDelayedCommit|IsFirstMicroop)
2777886: board.processor.cores.core: A0 T0 : 0x1d878 @_IO_cleanup+192. 1 : 0x1db7a62f fence           : No_OpClass :   flags=(IsWriteBarrier|IsReadBarrier|IsMicroop|IsLastMicroop)
2778219: board.processor.cores.core: A0 T0 : 0x1d87c @_IO_cleanup+196    : c_bnez a2, -10             : IntAlu :   flags=(IsInteger|IsControl|IsDirectControl|IsCondControl)
2778885: board.processor.cores.core: A0 T0 : 0x1d87e @_IO_cleanup+198    : addiw a5, a3, 0            : IntAlu :  D=0x0000000000000000  flags=(IsInteger)
2779218: board.processor.cores.core: A0 T0 : 0x1d882 @_IO_cleanup+202    : c_bnez a5, 178             : IntAlu :   flags=(IsInteger|IsControl|IsDirectControl|IsCondControl)
2779551: board.processor.cores.core: A0 T0 : 0x1d884 @_IO_cleanup+204    : c_ld a5, 136(s0)           : MemRead :  D=0x0000000000071b80 A=0x6f250  flags=(IsInteger|IsLoad)
2779884: board.processor.cores.core: A0 T0 : 0x1d886 @_IO_cleanup+206    : c_sd a4, 8(a5)             : MemWrite :  D=0x0000000000073000 A=0x71b88  flags=(IsInteger|IsStore)
2780217: board.processor.cores.core: A0 T0 : 0x1d888 @_IO_cleanup+208    : c_li a4, 1                 : IntAlu :  D=0x0000000000000001  flags=(IsInteger)
2780550: board.processor.cores.core: A0 T0 : 0x1d88a @_IO_cleanup+210    : c_sw a4, 4(a5)             : MemWrite :  D=0x0000000000000001 A=0x71b84  flags=(IsInteger|IsStore)
2780883: board.processor.cores.core: A0 T0 : 0x1d88c @_IO_cleanup+212    : lbu a5, -1352(gp)          : MemRead :  D=0x0000000000000000 A=0x70b80  flags=(IsInteger|IsLoad)
2781216: board.processor.cores.core: A0 T0 : 0x1d890 @_IO_cleanup+216    : c_bnez a5, 12              : IntAlu :   flags=(IsInteger|IsControl|IsDirectControl|IsCondControl)
2781549: board.processor.cores.core: A0 T0 : 0x1d892 @_IO_cleanup+218    : c_lw a5, 0(s0)             : MemRead :  D=0xfffffffffbad2884 A=0x6f1c8  flags=(IsInteger|IsLoad)
2781882: board.processor.cores.core: A0 T0 : 0x1d894 @_IO_cleanup+220    : andi a4, a5, 1             : IntAlu :  D=0x0000000000000000  flags=(IsInteger)
2782215: board.processor.cores.core: A0 T0 : 0x1d898 @_IO_cleanup+224    : beq a4, ft0, 260           : IntAlu :   flags=(IsInteger|IsControl|IsDirectControl|IsCondControl)
2782548: board.processor.cores.core: A0 T0 : 0x1d99c @_IO_cleanup+484    : ld a3, -1360(gp)           : MemRead :  D=0x0000000000000000 A=0x70b78  flags=(IsInteger|IsLoad)
2782881: board.processor.cores.core: A0 T0 : 0x1d9a0 @_IO_cleanup+488    : c_ld a4, 56(s0)            : MemRead :  D=0x0000000000073f20 A=0x6f200  flags=(IsInteger|IsLoad)
2783547: board.processor.cores.core: A0 T0 : 0x1d9a2 @_IO_cleanup+490    : ld s11, 216(s0)            : MemRead :  D=0x0000000000069a08 A=0x6f2a0  flags=(IsInteger|IsLoad)
2784213: board.processor.cores.core: A0 T0 : 0x1d9a6 @_IO_cleanup+494    : ori a5, a5, 1              : IntAlu :  D=0xfffffffffbad2885  flags=(IsInteger)
2784546: board.processor.cores.core: A0 T0 : 0x1d9aa @_IO_cleanup+498    : c_sw a5, 0(s0)             : MemWrite :  D=0x00000000fbad2885 A=0x6f1c8  flags=(IsInteger|IsStore)
2784879: board.processor.cores.core: A0 T0 : 0x1d9ac @_IO_cleanup+500    : c_sd a3, 168(s0)           : MemWrite :  D=0x0000000000000000 A=0x6f270  flags=(IsInteger|IsStore)
2785545: board.processor.cores.core: A0 T0 : 0x1d9ae @_IO_cleanup+502    : sd s0, -1360(gp)           : MemWrite :  D=0x000000000006f1c8 A=0x70b78  flags=(IsInteger|IsStore)
2785878: board.processor.cores.core: A0 T0 : 0x1d9b2 @_IO_cleanup+506    : c_sd a4, 176(s0)           : MemWrite :  D=0x0000000000073f20 A=0x6f278  flags=(IsInteger|IsStore)
2786211: board.processor.cores.core: A0 T0 : 0x1d9b4 @_IO_cleanup+508    : sub a5, s11, s4            : IntAlu :  D=0x00000000000002a0  flags=(IsInteger)
2786544: board.processor.cores.core: A0 T0 : 0x1d9b8 @_IO_cleanup+512    : bltu a5, s2, -272          : IntAlu :   flags=(IsInteger|IsControl|IsDirectControl|IsCondControl)
2786877: board.processor.cores.core: A0 T0 : 0x1d8a8 @_IO_cleanup+240    : ld a5, 88(s11)             : MemRead :  D=0x000000000001ad7a A=0x69a60  flags=(IsInteger|IsLoad)
2787210: board.processor.cores.core: A0 T0 : 0x1d8ac @_IO_cleanup+244    : c_li a2, 0                 : IntAlu :  D=0x0000000000000000  flags=(IsInteger)
2787543: board.processor.cores.core: A0 T0 : 0x1d8ae @_IO_cleanup+246    : c_li a1, 0                 : IntAlu :  D=0x0000000000000000  flags=(IsInteger)
2787876: board.processor.cores.core: A0 T0 : 0x1d8b0 @_IO_cleanup+248    : c_mv a0, s0                : IntAlu :  D=0x000000000006f1c8  flags=(IsInteger)
2788209: board.processor.cores.core: A0 T0 : 0x1d8b2 @_IO_cleanup+250    : c_jalr a5                  : IntAlu :  D=0x000000000001d8b4  flags=(IsInteger|IsControl|IsIndirectControl|IsUncondControl|IsCall)
2788542: board.processor.cores.core: A0 T0 : 0x1ad7a @_IO_new_file_setbuf    : c_addi sp, -16             : IntAlu :  D=0x7ffffffffffffc60  flags=(IsInteger)
2788875: board.processor.cores.core: A0 T0 : 0x1ad7c @_IO_new_file_setbuf+2    : c_sdsp s0, 0(sp)           : MemWrite :  D=0x000000000006f1c8 A=0x7ffffffffffffc60  flags=(IsInteger|IsStore)
2789208: board.processor.cores.core: A0 T0 : 0x1ad7e @_IO_new_file_setbuf+4    : c_sdsp ra, 8(sp)           : MemWrite :  D=0x000000000001d8b4 A=0x7ffffffffffffc68  flags=(IsInteger|IsStore)
2789541: board.processor.cores.core: A0 T0 : 0x1ad80 @_IO_new_file_setbuf+6    : c_mv s0, a0                : IntAlu :  D=0x000000000006f1c8  flags=(IsInteger)
2790207: board.processor.cores.core: A0 T0 : 0x1ad82 @_IO_new_file_setbuf+8    : jal ra, 9144               : IntAlu :  D=0x000000000001ad86  flags=(IsInteger|IsControl|IsDirectControl|IsUncondControl|IsCall)
2790540: board.processor.cores.core: A0 T0 : 0x1d13a @_IO_default_setbuf    : c_addi16sp sp, -48         : IntAlu :  D=0x7ffffffffffffc30  flags=(IsInteger)
2790873: board.processor.cores.core: A0 T0 : 0x1d13c @_IO_default_setbuf+2    : c_sdsp s3, 8(sp)           : MemWrite :  D=0x0000000000000000 A=0x7ffffffffffffc38  flags=(IsInteger|IsStore)
2791539: board.processor.cores.core: A0 T0 : 0x1d13e @_IO_default_setbuf+4    : ld s3, 216(a0)             : MemRead :  D=0x0000000000069a08 A=0x6f2a0  flags=(IsInteger|IsLoad)
2792205: board.processor.cores.core: A0 T0 : 0x1d142 @_IO_default_setbuf+8    : lui a5, 105                : IntAlu :  D=0x0000000000069000  flags=(IsInteger)
2792871: board.processor.cores.core: A0 T0 : 0x1d146 @_IO_default_setbuf+12    : lui a4, 106                : IntAlu :  D=0x000000000006a000  flags=(IsInteger)
2793537: board.processor.cores.core: A0 T0 : 0x1d14a @_IO_default_setbuf+16    : addi a5, a5, 1896          : IntAlu :  D=0x0000000000069768  flags=(IsInteger)
2794203: board.processor.cores.core: A0 T0 : 0x1d14e @_IO_default_setbuf+20    : addi a4, a4, -520          : IntAlu :  D=0x0000000000069df8  flags=(IsInteger)
2794536: board.processor.cores.core: A0 T0 : 0x1d152 @_IO_default_setbuf+24    : c_sdsp s0, 32(sp)          : MemWrite :  D=0x000000000006f1c8 A=0x7ffffffffffffc50  flags=(IsInteger|IsStore)
2794869: board.processor.cores.core: A0 T0 : 0x1d154 @_IO_default_setbuf+26    : c_sdsp s1, 24(sp)          : MemWrite :  D=0x0000000000000000 A=0x7ffffffffffffc48  flags=(IsInteger|IsStore)
2795202: board.processor.cores.core: A0 T0 : 0x1d156 @_IO_default_setbuf+28    : c_sdsp s2, 16(sp)          : MemWrite :  D=0x0000000000000690 A=0x7ffffffffffffc40  flags=(IsInteger|IsStore)
2795535: board.processor.cores.core: A0 T0 : 0x1d158 @_IO_default_setbuf+30    : c_sub a4, a5               : IntAlu :  D=0x0000000000000690  flags=(IsInteger)
2795868: board.processor.cores.core: A0 T0 : 0x1d15a @_IO_default_setbuf+32    : c_sdsp ra, 40(sp)          : MemWrite :  D=0x000000000001ad86 A=0x7ffffffffffffc58  flags=(IsInteger|IsStore)
2796201: board.processor.cores.core: A0 T0 : 0x1d15c @_IO_default_setbuf+34    : sub a5, s3, a5             : IntAlu :  D=0x00000000000002a0  flags=(IsInteger)
2796534: board.processor.cores.core: A0 T0 : 0x1d160 @_IO_default_setbuf+38    : c_mv s0, a0                : IntAlu :  D=0x000000000006f1c8  flags=(IsInteger)
2796867: board.processor.cores.core: A0 T0 : 0x1d162 @_IO_default_setbuf+40    : c_mv s2, a1                : IntAlu :  D=0x0000000000000000  flags=(IsInteger)
2797200: board.processor.cores.core: A0 T0 : 0x1d164 @_IO_default_setbuf+42    : c_mv s1, a2                : IntAlu :  D=0x0000000000000000  flags=(IsInteger)
2797866: board.processor.cores.core: A0 T0 : 0x1d166 @_IO_default_setbuf+44    : bgeu a5, a4, 122           : IntAlu :   flags=(IsInteger|IsControl|IsDirectControl|IsCondControl)
2798532: board.processor.cores.core: A0 T0 : 0x1d16a @_IO_default_setbuf+48    : ld a5, 96(s3)              : MemRead :  D=0x000000000001c58a A=0x69a68  flags=(IsInteger|IsLoad)
2798865: board.processor.cores.core: A0 T0 : 0x1d16e @_IO_default_setbuf+52    : c_mv a0, s0                : IntAlu :  D=0x000000000006f1c8  flags=(IsInteger)
2799198: board.processor.cores.core: A0 T0 : 0x1d170 @_IO_default_setbuf+54    : c_jalr a5                  : IntAlu :  D=0x000000000001d172  flags=(IsInteger|IsControl|IsIndirectControl|IsUncondControl|IsCall)
2799531: board.processor.cores.core: A0 T0 : 0x1c58a @_IO_new_file_sync    : c_ld a2, 40(a0)            : MemRead :  D=0x0000000000073f20 A=0x6f1f0  flags=(IsInteger|IsLoad)
2799864: board.processor.cores.core: A0 T0 : 0x1c58c @_IO_new_file_sync+2    : c_ld a1, 32(a0)            : MemRead :  D=0x0000000000073f20 A=0x6f1e8  flags=(IsInteger|IsLoad)
2800197: board.processor.cores.core: A0 T0 : 0x1c58e @_IO_new_file_sync+4    : c_addi16sp sp, -48         : IntAlu :  D=0x7ffffffffffffc00  flags=(IsInteger)
2800530: board.processor.cores.core: A0 T0 : 0x1c590 @_IO_new_file_sync+6    : c_sdsp s0, 32(sp)          : MemWrite :  D=0x000000000006f1c8 A=0x7ffffffffffffc20  flags=(IsInteger|IsStore)
2800863: board.processor.cores.core: A0 T0 : 0x1c592 @_IO_new_file_sync+8    : c_sdsp ra, 40(sp)          : MemWrite :  D=0x000000000001d172 A=0x7ffffffffffffc28  flags=(IsInteger|IsStore)
2801196: board.processor.cores.core: A0 T0 : 0x1c594 @_IO_new_file_sync+10    : c_sdsp s1, 24(sp)          : MemWrite :  D=0x0000000000000000 A=0x7ffffffffffffc18  flags=(IsInteger|IsStore)
2801529: board.processor.cores.core: A0 T0 : 0x1c596 @_IO_new_file_sync+12    : c_mv s0, a0                : IntAlu :  D=0x000000000006f1c8  flags=(IsInteger)
2801862: board.processor.cores.core: A0 T0 : 0x1c598 @_IO_new_file_sync+14    : bgeu a1, a2, 28            : IntAlu :   flags=(IsInteger|IsControl|IsDirectControl|IsCondControl)
2802195: board.processor.cores.core: A0 T0 : 0x1c5b4 @_IO_new_file_sync+42    : c_ld a4, 8(s0)             : MemRead :  D=0x0000000000073f20 A=0x6f1d0  flags=(IsInteger|IsLoad)
2802528: board.processor.cores.core: A0 T0 : 0x1c5b6 @_IO_new_file_sync+44    : c_ld a5, 16(s0)            : MemRead :  D=0x0000000000073f20 A=0x6f1d8  flags=(IsInteger|IsLoad)
2802861: board.processor.cores.core: A0 T0 : 0x1c5b8 @_IO_new_file_sync+46    : sub a1, a4, a5             : IntAlu :  D=0x0000000000000000  flags=(IsInteger)
2803194: board.processor.cores.core: A0 T0 : 0x1c5bc @_IO_new_file_sync+50    : beq a4, a5, 50             : IntAlu :   flags=(IsInteger|IsControl|IsDirectControl|IsCondControl)
2803527: board.processor.cores.core: A0 T0 : 0x1c5ee @_IO_new_file_sync+100    : c_li a5, -1                : IntAlu :  D=0xffffffffffffffff  flags=(IsInteger)
2803860: board.processor.cores.core: A0 T0 : 0x1c5f0 @_IO_new_file_sync+102    : c_sd a5, 144(s0)           : MemWrite :  D=0xffffffffffffffff A=0x6f258  flags=(IsInteger|IsStore)
2804193: board.processor.cores.core: A0 T0 : 0x1c5f2 @_IO_new_file_sync+104    : c_li a0, 0                 : IntAlu :  D=0x0000000000000000  flags=(IsInteger)
2804526: board.processor.cores.core: A0 T0 : 0x1c5f4 @_IO_new_file_sync+106    : c_ldsp ra, 40(sp)          : MemRead :  D=0x000000000001d172 A=0x7ffffffffffffc28  flags=(IsInteger|IsLoad)
2804859: board.processor.cores.core: A0 T0 : 0x1c5f6 @_IO_new_file_sync+108    : c_ldsp s0, 32(sp)          : MemRead :  D=0x000000000006f1c8 A=0x7ffffffffffffc20  flags=(IsInteger|IsLoad)
2805192: board.processor.cores.core: A0 T0 : 0x1c5f8 @_IO_new_file_sync+110    : c_ldsp s1, 24(sp)          : MemRead :  D=0x0000000000000000 A=0x7ffffffffffffc18  flags=(IsInteger|IsLoad)
2805525: board.processor.cores.core: A0 T0 : 0x1c5fa @_IO_new_file_sync+112    : c_addi16sp sp, 48          : IntAlu :  D=0x7ffffffffffffc30  flags=(IsInteger)
2805858: board.processor.cores.core: A0 T0 : 0x1c5fc @_IO_new_file_sync+114    : c_jr ra                    : IntAlu :   flags=(IsInteger|IsControl|IsIndirectControl|IsUncondControl|IsReturn)
2806191: board.processor.cores.core: A0 T0 : 0x1d172 @_IO_default_setbuf+56    : c_li a5, -1                : IntAlu :  D=0xffffffffffffffff  flags=(IsInteger)
2806524: board.processor.cores.core: A0 T0 : 0x1d174 @_IO_default_setbuf+58    : beq a0, a5, 114            : IntAlu :   flags=(IsInteger|IsControl|IsDirectControl|IsCondControl)
2806857: board.processor.cores.core: A0 T0 : 0x1d178 @_IO_default_setbuf+62    : c_lw a4, 0(s0)             : MemRead :  D=0xfffffffffbad2885 A=0x6f1c8  flags=(IsInteger|IsLoad)
2807190: board.processor.cores.core: A0 T0 : 0x1d17a @_IO_default_setbuf+64    : c_ld a0, 56(s0)            : MemRead :  D=0x0000000000073f20 A=0x6f200  flags=(IsInteger|IsLoad)
2807523: board.processor.cores.core: A0 T0 : 0x1d17c @_IO_default_setbuf+66    : beq s2, ft0, 6             : IntAlu :   flags=(IsInteger|IsControl|IsDirectControl|IsCondControl)
2808189: board.processor.cores.core: A0 T0 : 0x1d182 @_IO_default_setbuf+72    : ori a5, a4, 2              : IntAlu :  D=0xfffffffffbad2887  flags=(IsInteger)
2808522: board.processor.cores.core: A0 T0 : 0x1d186 @_IO_default_setbuf+76    : c_sw a5, 0(s0)             : MemWrite :  D=0x00000000fbad2887 A=0x6f1c8  flags=(IsInteger|IsStore)
2808855: board.processor.cores.core: A0 T0 : 0x1d188 @_IO_default_setbuf+78    : addi s2, s0, 131           : IntAlu :  D=0x000000000006f24b  flags=(IsInteger)
2809188: board.processor.cores.core: A0 T0 : 0x1d18c @_IO_default_setbuf+82    : addi s1, s0, 132           : IntAlu :  D=0x000000000006f24c  flags=(IsInteger)
2809521: board.processor.cores.core: A0 T0 : 0x1d190 @_IO_default_setbuf+86    : c_beqz a0, 6               : IntAlu :   flags=(IsInteger|IsControl|IsDirectControl|IsCondControl)
2809854: board.processor.cores.core: A0 T0 : 0x1d192 @_IO_default_setbuf+88    : c_andi a4, 1               : IntAlu :  D=0x0000000000000001  flags=(IsInteger)
2810187: board.processor.cores.core: A0 T0 : 0x1d194 @_IO_default_setbuf+90    : c_beqz a4, 68              : IntAlu :   flags=(IsInteger|IsControl|IsDirectControl|IsCondControl)
2810853: board.processor.cores.core: A0 T0 : 0x1d196 @_IO_default_setbuf+92    : ori a5, a5, 1              : IntAlu :  D=0xfffffffffbad2887  flags=(IsInteger)
2811519: board.processor.cores.core: A0 T0 : 0x1d19a @_IO_default_setbuf+96    : sd s2, 56(s0)              : MemWrite :  D=0x000000000006f24b A=0x6f200  flags=(IsInteger|IsStore)
2811852: board.processor.cores.core: A0 T0 : 0x1d19e @_IO_default_setbuf+100    : c_sd s1, 64(s0)            : MemWrite :  D=0x000000000006f24c A=0x6f208  flags=(IsInteger|IsStore)
2812185: board.processor.cores.core: A0 T0 : 0x1d1a0 @_IO_default_setbuf+102    : c_sw a5, 0(s0)             : MemWrite :  D=0x00000000fbad2887 A=0x6f1c8  flags=(IsInteger|IsStore)
2812851: board.processor.cores.core: A0 T0 : 0x1d1a2 @_IO_default_setbuf+104    : sd ft0, 48(s0)             : MemWrite :  D=0x0000000000000000 A=0x6f1f8  flags=(IsInteger|IsStore)
2813517: board.processor.cores.core: A0 T0 : 0x1d1a6 @_IO_default_setbuf+108    : sd ft0, 40(s0)             : MemWrite :  D=0x0000000000000000 A=0x6f1f0  flags=(IsInteger|IsStore)
2814183: board.processor.cores.core: A0 T0 : 0x1d1aa @_IO_default_setbuf+112    : sd ft0, 32(s0)             : MemWrite :  D=0x0000000000000000 A=0x6f1e8  flags=(IsInteger|IsStore)
2814849: board.processor.cores.core: A0 T0 : 0x1d1ae @_IO_default_setbuf+116    : sd ft0, 16(s0)             : MemWrite :  D=0x0000000000000000 A=0x6f1d8  flags=(IsInteger|IsStore)
2815515: board.processor.cores.core: A0 T0 : 0x1d1b2 @_IO_default_setbuf+120    : sd ft0, 8(s0)              : MemWrite :  D=0x0000000000000000 A=0x6f1d0  flags=(IsInteger|IsStore)
2816181: board.processor.cores.core: A0 T0 : 0x1d1b6 @_IO_default_setbuf+124    : sd ft0, 24(s0)             : MemWrite :  D=0x0000000000000000 A=0x6f1e0  flags=(IsInteger|IsStore)
2816514: board.processor.cores.core: A0 T0 : 0x1d1ba @_IO_default_setbuf+128    : c_mv a0, s0                : IntAlu :  D=0x000000000006f1c8  flags=(IsInteger)
2816847: board.processor.cores.core: A0 T0 : 0x1d1bc @_IO_default_setbuf+130    : c_ldsp ra, 40(sp)          : MemRead :  D=0x000000000001ad86 A=0x7ffffffffffffc58  flags=(IsInteger|IsLoad)
2817180: board.processor.cores.core: A0 T0 : 0x1d1be @_IO_default_setbuf+132    : c_ldsp s0, 32(sp)          : MemRead :  D=0x000000000006f1c8 A=0x7ffffffffffffc50  flags=(IsInteger|IsLoad)
2817513: board.processor.cores.core: A0 T0 : 0x1d1c0 @_IO_default_setbuf+134    : c_ldsp s1, 24(sp)          : MemRead :  D=0x0000000000000000 A=0x7ffffffffffffc48  flags=(IsInteger|IsLoad)
2817846: board.processor.cores.core: A0 T0 : 0x1d1c2 @_IO_default_setbuf+136    : c_ldsp s2, 16(sp)          : MemRead :  D=0x0000000000000690 A=0x7ffffffffffffc40  flags=(IsInteger|IsLoad)
2818179: board.processor.cores.core: A0 T0 : 0x1d1c4 @_IO_default_setbuf+138    : c_ldsp s3, 8(sp)           : MemRead :  D=0x0000000000000000 A=0x7ffffffffffffc38  flags=(IsInteger|IsLoad)
2818512: board.processor.cores.core: A0 T0 : 0x1d1c6 @_IO_default_setbuf+140    : c_addi16sp sp, 48          : IntAlu :  D=0x7ffffffffffffc60  flags=(IsInteger)
2818845: board.processor.cores.core: A0 T0 : 0x1d1c8 @_IO_default_setbuf+142    : c_jr ra                    : IntAlu :   flags=(IsInteger|IsControl|IsIndirectControl|IsUncondControl|IsReturn)
2819178: board.processor.cores.core: A0 T0 : 0x1ad86 @_IO_new_file_setbuf+12    : c_beqz a0, 18              : IntAlu :   flags=(IsInteger|IsControl|IsDirectControl|IsCondControl)
2819511: board.processor.cores.core: A0 T0 : 0x1ad88 @_IO_new_file_setbuf+14    : c_ld a5, 56(s0)            : MemRead :  D=0x000000000006f24b A=0x6f200  flags=(IsInteger|IsLoad)
2819844: board.processor.cores.core: A0 T0 : 0x1ad8a @_IO_new_file_setbuf+16    : c_mv a0, s0                : IntAlu :  D=0x000000000006f1c8  flags=(IsInteger)
2820177: board.processor.cores.core: A0 T0 : 0x1ad8c @_IO_new_file_setbuf+18    : c_sd a5, 48(s0)            : MemWrite :  D=0x000000000006f24b A=0x6f1f8  flags=(IsInteger|IsStore)
2820510: board.processor.cores.core: A0 T0 : 0x1ad8e @_IO_new_file_setbuf+20    : c_sd a5, 40(s0)            : MemWrite :  D=0x000000000006f24b A=0x6f1f0  flags=(IsInteger|IsStore)
2820843: board.processor.cores.core: A0 T0 : 0x1ad90 @_IO_new_file_setbuf+22    : c_sd a5, 32(s0)            : MemWrite :  D=0x000000000006f24b A=0x6f1e8  flags=(IsInteger|IsStore)
2821176: board.processor.cores.core: A0 T0 : 0x1ad92 @_IO_new_file_setbuf+24    : c_sd a5, 24(s0)            : MemWrite :  D=0x000000000006f24b A=0x6f1e0  flags=(IsInteger|IsStore)
2821509: board.processor.cores.core: A0 T0 : 0x1ad94 @_IO_new_file_setbuf+26    : c_sd a5, 8(s0)             : MemWrite :  D=0x000000000006f24b A=0x6f1d0  flags=(IsInteger|IsStore)
2821842: board.processor.cores.core: A0 T0 : 0x1ad96 @_IO_new_file_setbuf+28    : c_sd a5, 16(s0)            : MemWrite :  D=0x000000000006f24b A=0x6f1d8  flags=(IsInteger|IsStore)
2822175: board.processor.cores.core: A0 T0 : 0x1ad98 @_IO_new_file_setbuf+30    : c_ldsp ra, 8(sp)           : MemRead :  D=0x000000000001d8b4 A=0x7ffffffffffffc68  flags=(IsInteger|IsLoad)
2822508: board.processor.cores.core: A0 T0 : 0x1ad9a @_IO_new_file_setbuf+32    : c_ldsp s0, 0(sp)           : MemRead :  D=0x000000000006f1c8 A=0x7ffffffffffffc60  flags=(IsInteger|IsLoad)
2822841: board.processor.cores.core: A0 T0 : 0x1ad9c @_IO_new_file_setbuf+34    : c_addi sp, 16              : IntAlu :  D=0x7ffffffffffffc70  flags=(IsInteger)
2823174: board.processor.cores.core: A0 T0 : 0x1ad9e @_IO_new_file_setbuf+36    : c_jr ra                    : IntAlu :   flags=(IsInteger|IsControl|IsIndirectControl|IsUncondControl|IsReturn)
2823507: board.processor.cores.core: A0 T0 : 0x1d8b4 @_IO_cleanup+252    : lw a5, 192(s0)             : MemRead :  D=0xffffffffffffffff A=0x6f288  flags=(IsInteger|IsLoad)
2823840: board.processor.cores.core: A0 T0 : 0x1d8b8 @_IO_cleanup+256    : blt ft0, a5, 172           : IntAlu :   flags=(IsInteger|IsControl|IsDirectControl|IsCondControl)
2824173: board.processor.cores.core: A0 T0 : 0x1d8bc @_IO_cleanup+260    : beq s1, s7, -112           : IntAlu :   flags=(IsInteger|IsControl|IsDirectControl|IsCondControl)
2824506: board.processor.cores.core: A0 T0 : 0x1d8c0 @_IO_cleanup+264    : c_ld a0, 136(s0)           : MemRead :  D=0x0000000000071b80 A=0x6f250  flags=(IsInteger|IsLoad)
2824839: board.processor.cores.core: A0 T0 : 0x1d8c2 @_IO_cleanup+266    : c_beqz a0, -118            : IntAlu :   flags=(IsInteger|IsControl|IsDirectControl|IsCondControl)
2825172: board.processor.cores.core: A0 T0 : 0x1d8c4 @_IO_cleanup+268    : c_lw a5, 4(a0)             : MemRead :  D=0x0000000000000001 A=0x71b84  flags=(IsInteger|IsLoad)
2825838: board.processor.cores.core: A0 T0 : 0x1d8c6 @_IO_cleanup+270    : addiw a4, a5, -1           : IntAlu :  D=0x0000000000000000  flags=(IsInteger)
2826171: board.processor.cores.core: A0 T0 : 0x1d8ca @_IO_cleanup+274    : c_sw a4, 4(a0)             : MemWrite :  D=0x0000000000000000 A=0x71b84  flags=(IsInteger|IsStore)
2826504: board.processor.cores.core: A0 T0 : 0x1d8cc @_IO_cleanup+276    : c_mv a5, a4                : IntAlu :  D=0x0000000000000000  flags=(IsInteger)
2826837: board.processor.cores.core: A0 T0 : 0x1d8ce @_IO_cleanup+278    : c_bnez a4, -130            : IntAlu :   flags=(IsInteger|IsControl|IsDirectControl|IsCondControl)
2827170: board.processor.cores.core: A0 T0 : 0x1d8d0 @_IO_cleanup+280    : sd ft0, 8(a0)              : MemWrite :  D=0x0000000000000000 A=0x71b88  flags=(IsInteger|IsStore)
2827503: board.processor.cores.core: A0 T0 : 0x1d8d4 @_IO_cleanup+284    : fence iorw, ow             : No_OpClass :   flags=(IsWriteBarrier|IsReadBarrier)
2827836: board.processor.cores.core: A0 T0 : 0x1d8d8 @_IO_cleanup+288    : amoswap_w a5, a5, (a0)    
2827836: board.processor.cores.core: A0 T0 : 0x1d8d8 @_IO_cleanup+288. 0 : amoswap_w[l] a5, a5, (a0)  : MemRead :  D=0x0000000000000001 A=0x71b80  flags=(IsInteger|IsAtomic|IsMicroop|IsLastMicroop|IsFirstMicroop)
2828169: board.processor.cores.core: A0 T0 : 0x1d8dc @_IO_cleanup+292    : c_addiw a5, 0              : IntAlu :  D=0x0000000000000001  flags=(IsInteger)
2828502: board.processor.cores.core: A0 T0 : 0x1d8de @_IO_cleanup+294    : c_li a4, 1                 : IntAlu :  D=0x0000000000000001  flags=(IsInteger)
2828835: board.processor.cores.core: A0 T0 : 0x1d8e0 @_IO_cleanup+296    : bge a4, a5, -148           : IntAlu :   flags=(IsInteger|IsControl|IsDirectControl|IsCondControl)
2829168: board.processor.cores.core: A0 T0 : 0x1d84c @_IO_cleanup+148    : c_li a5, -1                : IntAlu :  D=0xffffffffffffffff  flags=(IsInteger)
2829834: board.processor.cores.core: A0 T0 : 0x1d84e @_IO_cleanup+150    : sw a5, 192(s0)             : MemWrite :  D=0x00000000ffffffff A=0x6f288  flags=(IsInteger|IsStore)
2830167: board.processor.cores.core: A0 T0 : 0x1d852 @_IO_cleanup+154    : c_ld s0, 104(s0)           : MemRead :  D=0x000000000006f390 A=0x6f230  flags=(IsInteger|IsLoad)
2830500: board.processor.cores.core: A0 T0 : 0x1d854 @_IO_cleanup+156    : c_beqz s0, 162             : IntAlu :   flags=(IsInteger|IsControl|IsDirectControl|IsCondControl)
2830833: board.processor.cores.core: A0 T0 : 0x1d856 @_IO_cleanup+158    : c_lw s1, 0(s0)             : MemRead :  D=0xfffffffffbad2088 A=0x6f390  flags=(IsInteger|IsLoad)
2831166: board.processor.cores.core: A0 T0 : 0x1d858 @_IO_cleanup+160    : c_andi s1, 2               : IntAlu :  D=0x0000000000000000  flags=(IsInteger)
2831499: board.processor.cores.core: A0 T0 : 0x1d85a @_IO_cleanup+162    : c_bnez s1, -14             : IntAlu :   flags=(IsInteger|IsControl|IsDirectControl|IsCondControl)
2831832: board.processor.cores.core: A0 T0 : 0x1d85c @_IO_cleanup+164    : lw a5, 192(s0)             : MemRead :  D=0x0000000000000000 A=0x6f450  flags=(IsInteger|IsLoad)
2832165: board.processor.cores.core: A0 T0 : 0x1d860 @_IO_cleanup+168    : c_beqz a5, -20             : IntAlu :   flags=(IsInteger|IsControl|IsDirectControl|IsCondControl)
2832498: board.processor.cores.core: A0 T0 : 0x1d84c @_IO_cleanup+148    : c_li a5, -1                : IntAlu :  D=0xffffffffffffffff  flags=(IsInteger)
2833164: board.processor.cores.core: A0 T0 : 0x1d84e @_IO_cleanup+150    : sw a5, 192(s0)             : MemWrite :  D=0x00000000ffffffff A=0x6f450  flags=(IsInteger|IsStore)
2833497: board.processor.cores.core: A0 T0 : 0x1d852 @_IO_cleanup+154    : c_ld s0, 104(s0)           : MemRead :  D=0x0000000000000000 A=0x6f3f8  flags=(IsInteger|IsLoad)
2833830: board.processor.cores.core: A0 T0 : 0x1d854 @_IO_cleanup+156    : c_beqz s0, 162             : IntAlu :   flags=(IsInteger|IsControl|IsDirectControl|IsCondControl)
2834496: board.processor.cores.core: A0 T0 : 0x1d8f6 @_IO_cleanup+318    : lw a5, 4(s10)              : MemRead :  D=0x0000000000000001 A=0x71b64  flags=(IsInteger|IsLoad)
2835162: board.processor.cores.core: A0 T0 : 0x1d8fa @_IO_cleanup+322    : addiw a3, a5, -1           : IntAlu :  D=0x0000000000000000  flags=(IsInteger)
2835828: board.processor.cores.core: A0 T0 : 0x1d8fe @_IO_cleanup+326    : sw a3, 4(s10)              : MemWrite :  D=0x0000000000000000 A=0x71b64  flags=(IsInteger|IsStore)
2836161: board.processor.cores.core: A0 T0 : 0x1d902 @_IO_cleanup+330    : c_beqz a3, 112             : IntAlu :   flags=(IsInteger|IsControl|IsDirectControl|IsCondControl)
2836827: board.processor.cores.core: A0 T0 : 0x1d972 @_IO_cleanup+442    : sd ft0, 8(s10)             : MemWrite :  D=0x0000000000000000 A=0x71b68  flags=(IsInteger|IsStore)
2837160: board.processor.cores.core: A0 T0 : 0x1d976 @_IO_cleanup+446    : c_mv a5, a3                : IntAlu :  D=0x0000000000000000  flags=(IsInteger)
2837493: board.processor.cores.core: A0 T0 : 0x1d978 @_IO_cleanup+448    : fence iorw, ow             : No_OpClass :   flags=(IsWriteBarrier|IsReadBarrier)
2837826: board.processor.cores.core: A0 T0 : 0x1d97c @_IO_cleanup+452    : amoswap_w a5, a5, (s10)   
2837826: board.processor.cores.core: A0 T0 : 0x1d97c @_IO_cleanup+452. 0 : amoswap_w[l] a5, a5, (s10) : MemRead :  D=0x0000000000000001 A=0x71b60  flags=(IsInteger|IsAtomic|IsMicroop|IsLastMicroop|IsFirstMicroop)
2838159: board.processor.cores.core: A0 T0 : 0x1d980 @_IO_cleanup+456    : c_addiw a5, 0              : IntAlu :  D=0x0000000000000001  flags=(IsInteger)
2838492: board.processor.cores.core: A0 T0 : 0x1d982 @_IO_cleanup+458    : c_li a4, 1                 : IntAlu :  D=0x0000000000000001  flags=(IsInteger)
2838825: board.processor.cores.core: A0 T0 : 0x1d984 @_IO_cleanup+460    : bge a4, a5, -128           : IntAlu :   flags=(IsInteger|IsControl|IsDirectControl|IsCondControl)
2839158: board.processor.cores.core: A0 T0 : 0x1d904 @_IO_cleanup+332    : beq s3, ft0, 16            : IntAlu :   flags=(IsInteger|IsControl|IsDirectControl|IsCondControl)
2839491: board.processor.cores.core: A0 T0 : 0x1d914 @_IO_cleanup+348    : c_ldsp ra, 136(sp)         : MemRead :  D=0x0000000000014512 A=0x7ffffffffffffcf8  flags=(IsInteger|IsLoad)
2839824: board.processor.cores.core: A0 T0 : 0x1d916 @_IO_cleanup+350    : c_ldsp s0, 128(sp)         : MemRead :  D=0x0000000000069e00 A=0x7ffffffffffffcf0  flags=(IsInteger|IsLoad)
2840157: board.processor.cores.core: A0 T0 : 0x1d918 @_IO_cleanup+352    : c_ldsp s1, 120(sp)         : MemRead :  D=0x0000000000069e00 A=0x7ffffffffffffce8  flags=(IsInteger|IsLoad)
2840490: board.processor.cores.core: A0 T0 : 0x1d91a @_IO_cleanup+354    : c_ldsp s2, 112(sp)         : MemRead :  D=0x0000000000000004 A=0x7ffffffffffffce0  flags=(IsInteger|IsLoad)
2840823: board.processor.cores.core: A0 T0 : 0x1d91c @_IO_cleanup+356    : c_ldsp s3, 104(sp)         : MemRead :  D=0x0000000000000001 A=0x7ffffffffffffcd8  flags=(IsInteger|IsLoad)
2841156: board.processor.cores.core: A0 T0 : 0x1d91e @_IO_cleanup+358    : c_ldsp s4, 96(sp)          : MemRead :  D=0x0000000000000000 A=0x7ffffffffffffcd0  flags=(IsInteger|IsLoad)
2841489: board.processor.cores.core: A0 T0 : 0x1d920 @_IO_cleanup+360    : c_ldsp s6, 80(sp)          : MemRead :  D=0x0000000000000000 A=0x7ffffffffffffcc0  flags=(IsInteger|IsLoad)
2841822: board.processor.cores.core: A0 T0 : 0x1d922 @_IO_cleanup+362    : c_ldsp s7, 72(sp)          : MemRead :  D=0x0000000000070948 A=0x7ffffffffffffcb8  flags=(IsInteger|IsLoad)
2842155: board.processor.cores.core: A0 T0 : 0x1d924 @_IO_cleanup+364    : c_ldsp s8, 64(sp)          : MemRead :  D=0x0000000000000001 A=0x7ffffffffffffcb0  flags=(IsInteger|IsLoad)
2842488: board.processor.cores.core: A0 T0 : 0x1d926 @_IO_cleanup+366    : c_ldsp s9, 56(sp)          : MemRead :  D=0x0000000000000000 A=0x7ffffffffffffca8  flags=(IsInteger|IsLoad)
2842821: board.processor.cores.core: A0 T0 : 0x1d928 @_IO_cleanup+368    : c_ldsp s10, 48(sp)         : MemRead :  D=0x0000000000000000 A=0x7ffffffffffffca0  flags=(IsInteger|IsLoad)
2843154: board.processor.cores.core: A0 T0 : 0x1d92a @_IO_cleanup+370    : c_ldsp s11, 40(sp)         : MemRead :  D=0x0000000000000000 A=0x7ffffffffffffc98  flags=(IsInteger|IsLoad)
2843487: board.processor.cores.core: A0 T0 : 0x1d92c @_IO_cleanup+372    : c_mv a0, s5                : IntAlu :  D=0x0000000000000000  flags=(IsInteger)
2843820: board.processor.cores.core: A0 T0 : 0x1d92e @_IO_cleanup+374    : c_ldsp s5, 88(sp)          : MemRead :  D=0x0000000000000003 A=0x7ffffffffffffcc8  flags=(IsInteger|IsLoad)
2844153: board.processor.cores.core: A0 T0 : 0x1d930 @_IO_cleanup+376    : c_addi16sp sp, 144         : IntAlu :  D=0x7ffffffffffffd00  flags=(IsInteger)
2844486: board.processor.cores.core: A0 T0 : 0x1d932 @_IO_cleanup+378    : c_jr ra                    : IntAlu :   flags=(IsInteger|IsControl|IsIndirectControl|IsUncondControl|IsReturn)
2845152: board.processor.cores.core: A0 T0 : 0x14512 @__run_exit_handlers+288    : bltu s0, s1, -6            : IntAlu :   flags=(IsInteger|IsControl|IsDirectControl|IsCondControl)
2845485: board.processor.cores.core: A0 T0 : 0x14516 @__run_exit_handlers+292    : c_mv a0, s6                : IntAlu :  D=0x0000000000000000  flags=(IsInteger)
2845818: board.processor.cores.core: A0 T0 : 0x14518 @__run_exit_handlers+294    : jal ra, 67600              : IntAlu :  D=0x000000000001451c  flags=(IsInteger|IsControl|IsDirectControl|IsUncondControl|IsCall)
2846151: board.processor.cores.core: A0 T0 : 0x24d28 @_exit    : c_mv a4, a0                : IntAlu :  D=0x0000000000000000  flags=(IsInteger)
2846817: board.processor.cores.core: A0 T0 : 0x24d2a @_exit+2    : addi a7, ft0, 94           : IntAlu :  D=0x000000000000005e  flags=(IsInteger)
2847483: board.processor.cores.core: A0 T0 : 0x24d2e @_exit+6    : ecall                      : No_OpClass :   flags=(IsSerializeAfter|IsNonSpeculative|IsSyscall)
